args Namespace(config='configs/config_l.json', dataset='dataset/IFTTT/msr_data.pkl', load_model=None, mode='train', output='model/ifttt/width-3/', width='3')
configure: {'max_word_id': 4000, 'bidirectional': True, 'cell_type': 'gru', 'decoder': 'attention', 'embedding_size': 160, 'keep_prob': 0.45, 'memory_size': 25, 'num_layers': 1, 'num_units': 160, 'use_embedding': True, 'epoches': 15, 'batch_size': 32, 'init': {'name': 'random_uniform_initializer', 'scale': 0.1}, 'lr_scheduler': {'decay_steps': 5000, 'init_lr': 0.002, 'decay_rate': 0.9, 'staircase': True}, 'max_grad_norm': 1, 'optimizer': 'AdamOptimizer'}
# path 8580
model/ifttt/width-3/IFTTT-w-3.pkl
load_from_json content
The bucket size: [25]
the graph width list : [1, 3, 1, 1, 1, 1]
it 1 train 0.3245   dev 0.2791   intelligible 0.3394   intelligible_hm 0.1652   save acc: 0.3394 T: 2019-12-07T23:03 
it 2 train 0.4110   dev 0.3230   intelligible 0.4102   intelligible_hm 0.1474   save acc: 0.4102 T: 2019-12-07T23:05 
it 3 train 0.4572   dev 0.3408   intelligible 0.4337   intelligible_hm 0.1416   save acc: 0.4337 T: 2019-12-07T23:07 
it 4 train 0.4926   dev 0.3431   intelligible 0.4352   intelligible_hm 0.1412   save acc: 0.4352 T: 2019-12-07T23:09 
it 5 train 0.5240   dev 0.3427   intelligible 0.4405   intelligible_hm 0.1399   
it 6 train 0.5430   dev 0.3450   intelligible 0.4402   intelligible_hm 0.1400   save acc: 0.4402 T: 2019-12-07T23:13 
it 7 train 0.5641   dev 0.3462   intelligible 0.4398   intelligible_hm 0.1401   save acc: 0.4398 T: 2019-12-07T23:16 
it 8 train 0.5776   dev 0.3436   intelligible 0.4333   intelligible_hm 0.1417   
it 9 train 0.5895   dev 0.3415   intelligible 0.4337   intelligible_hm 0.1416   
it 10 train 0.5962   dev 0.3479   intelligible 0.4356   intelligible_hm 0.1411   save acc: 0.4356 T: 2019-12-07T23:22 
it 11 train 0.6052   dev 0.3438   intelligible 0.4292   intelligible_hm 0.1427   
it 12 train 0.6104   dev 0.3445   intelligible 0.4348   intelligible_hm 0.1413   
it 13 train 0.6148   dev 0.3412   intelligible 0.4364   intelligible_hm 0.1409   
it 14 train 0.6194   dev 0.3427   intelligible 0.4367   intelligible_hm 0.1408   
it 15 train 0.6213   dev 0.3450   intelligible 0.4348   intelligible_hm 0.1413   
it 16 train 0.6233   dev 0.3443   intelligible 0.4333   intelligible_hm 0.1417   
