args Namespace(config='configs/config_l.json', dataset='dataset/IFTTT/msr_data.pkl', load_model=None, mode='train', output='model/ifttt/width-39/', width='39')
configure: {'max_word_id': 4000, 'bidirectional': True, 'cell_type': 'gru', 'decoder': 'attention', 'embedding_size': 160, 'keep_prob': 0.45, 'memory_size': 25, 'num_units': 160, 'use_embedding': True, 'epoches': 15, 'batch_size': 32, 'init': {'name': 'random_uniform_initializer', 'scale': 0.1}, 'lr_scheduler': {'decay_steps': 5000, 'init_lr': 0.002, 'decay_rate': 0.9, 'staircase': True}, 'max_grad_norm': 1, 'optimizer': 'AdamOptimizer'}
# path 8549
model/ifttt/width-39/dataset-w-39.pkl
load raw and dump to file
numArcLayers: 5
1 1 39
layer 1 incoming edges: 111
choose: News & information
split the incoming edges: 111 13 98
the value pair of raw_data is: 492
split the outgoings edges: 443 60 386 446
add node: MDDNode(1,u_6) MDDNode(1,u_7), remove node: MDDNode(1,u_1)
1 2 39
layer 1 incoming edges: 98
choose: Photo & video
split the incoming edges: 98 9 89
the value pair of raw_data is: 492
split the outgoings edges: 386 35 351 386
add node: MDDNode(1,u_8) MDDNode(1,u_9), remove node: MDDNode(1,u_7)
1 3 39
layer 1 incoming edges: 89
choose: Social networks
split the incoming edges: 89 7 82
the value pair of raw_data is: 492
split the outgoings edges: 351 55 296 351
add node: MDDNode(1,u_10) MDDNode(1,u_11), remove node: MDDNode(1,u_9)
1 4 39
layer 1 incoming edges: 82
choose: Others
split the incoming edges: 82 7 75
the value pair of raw_data is: 492
split the outgoings edges: 296 21 280 301
add node: MDDNode(1,u_12) MDDNode(1,u_13), remove node: MDDNode(1,u_11)
1 5 39
layer 1 incoming edges: 75
choose: Bookmarking
split the incoming edges: 75 6 69
the value pair of raw_data is: 492
split the outgoings edges: 280 12 268 280
add node: MDDNode(1,u_14) MDDNode(1,u_15), remove node: MDDNode(1,u_13)
1 6 39
layer 1 incoming edges: 69
choose: Shopping
split the incoming edges: 69 6 63
the value pair of raw_data is: 492
split the outgoings edges: 268 23 245 268
add node: MDDNode(1,u_16) MDDNode(1,u_17), remove node: MDDNode(1,u_15)
1 7 39
layer 1 incoming edges: 63
choose: Security & monitoring systems
split the incoming edges: 63 5 58
the value pair of raw_data is: 492
split the outgoings edges: 245 18 228 246
add node: MDDNode(1,u_18) MDDNode(1,u_19), remove node: MDDNode(1,u_17)
1 8 39
layer 1 incoming edges: 58
choose: Mobile devices & accessories
split the incoming edges: 58 4 54
the value pair of raw_data is: 492
split the outgoings edges: 228 12 216 228
add node: MDDNode(1,u_20) MDDNode(1,u_21), remove node: MDDNode(1,u_19)
1 9 39
layer 1 incoming edges: 54
choose: Health & fitness
split the incoming edges: 54 4 50
the value pair of raw_data is: 492
split the outgoings edges: 216 26 191 217
add node: MDDNode(1,u_22) MDDNode(1,u_23), remove node: MDDNode(1,u_21)
1 10 39
layer 1 incoming edges: 50
choose: Finance & payments
split the incoming edges: 50 4 46
the value pair of raw_data is: 492
split the outgoings edges: 191 17 174 191
add node: MDDNode(1,u_24) MDDNode(1,u_25), remove node: MDDNode(1,u_23)
1 11 39
layer 1 incoming edges: 46
choose: Email
split the incoming edges: 46 3 43
the value pair of raw_data is: 492
split the outgoings edges: 174 10 164 174
add node: MDDNode(1,u_26) MDDNode(1,u_27), remove node: MDDNode(1,u_25)
1 12 39
layer 1 incoming edges: 43
choose: Smart hubs & systems
split the incoming edges: 43 3 40
the value pair of raw_data is: 492
split the outgoings edges: 164 20 150 170
add node: MDDNode(1,u_28) MDDNode(1,u_29), remove node: MDDNode(1,u_27)
1 13 39
layer 1 incoming edges: 40
choose: Environment control & monitoring
split the incoming edges: 40 3 37
the value pair of raw_data is: 492
split the outgoings edges: 150 9 143 152
add node: MDDNode(1,u_30) MDDNode(1,u_31), remove node: MDDNode(1,u_29)
1 14 39
layer 1 incoming edges: 37
choose: Power monitoring & management
split the incoming edges: 37 3 34
the value pair of raw_data is: 492
split the outgoings edges: 143 11 134 145
add node: MDDNode(1,u_32) MDDNode(1,u_33), remove node: MDDNode(1,u_31)
1 15 39
layer 1 incoming edges: 34
choose: Gardening
split the incoming edges: 34 3 31
the value pair of raw_data is: 492
split the outgoings edges: 134 9 125 134
add node: MDDNode(1,u_34) MDDNode(1,u_35), remove node: MDDNode(1,u_33)
1 16 39
layer 1 incoming edges: 31
choose: Blogging
split the incoming edges: 31 3 28
the value pair of raw_data is: 492
split the outgoings edges: 125 13 112 125
add node: MDDNode(1,u_36) MDDNode(1,u_37), remove node: MDDNode(1,u_35)
1 17 39
layer 1 incoming edges: 28
choose: Weather
split the incoming edges: 28 3 25
the value pair of raw_data is: 492
split the outgoings edges: 112 30 82 112
add node: MDDNode(1,u_38) MDDNode(1,u_39), remove node: MDDNode(1,u_37)
1 18 39
layer 1 incoming edges: 25
choose: Notifications
split the incoming edges: 25 3 22
the value pair of raw_data is: 492
split the outgoings edges: 82 4 78 82
add node: MDDNode(1,u_40) MDDNode(1,u_41), remove node: MDDNode(1,u_39)
1 19 39
layer 1 incoming edges: 22
choose: Communication
split the incoming edges: 22 2 20
the value pair of raw_data is: 492
split the outgoings edges: 78 12 66 78
add node: MDDNode(1,u_42) MDDNode(1,u_43), remove node: MDDNode(1,u_41)
1 20 39
layer 1 incoming edges: 20
choose: Appliances
split the incoming edges: 20 2 18
the value pair of raw_data is: 492
split the outgoings edges: 66 2 64 66
add node: MDDNode(1,u_44) MDDNode(1,u_45), remove node: MDDNode(1,u_43)
1 21 39
layer 1 incoming edges: 18
choose: DIY electronics
split the incoming edges: 18 2 16
the value pair of raw_data is: 492
split the outgoings edges: 64 2 62 64
add node: MDDNode(1,u_46) MDDNode(1,u_47), remove node: MDDNode(1,u_45)
1 22 39
layer 1 incoming edges: 16
choose: Connected car
split the incoming edges: 16 2 14
the value pair of raw_data is: 492
split the outgoings edges: 62 10 52 62
add node: MDDNode(1,u_48) MDDNode(1,u_49), remove node: MDDNode(1,u_47)
1 23 39
layer 1 incoming edges: 14
choose: Calendars & scheduling
split the incoming edges: 14 2 12
the value pair of raw_data is: 492
split the outgoings edges: 52 8 44 52
add node: MDDNode(1,u_50) MDDNode(1,u_51), remove node: MDDNode(1,u_49)
1 24 39
layer 1 incoming edges: 13
only split: [MDDArc('space', MDDNode(0, 's'), MDDNode(1, 'u_6'))]
split the incoming edges: 13 1 12
the value pair of raw_data is: 492
split the outgoings edges: 60 8 52 60
add node: MDDNode(1,u_52) MDDNode(1,u_53), remove node: MDDNode(1,u_6)
1 25 39
layer 1 incoming edges: 12
choose: Contacts
split the incoming edges: 12 2 10
the value pair of raw_data is: 492
split the outgoings edges: 44 3 41 44
add node: MDDNode(1,u_54) MDDNode(1,u_55), remove node: MDDNode(1,u_51)
1 26 39
layer 1 incoming edges: 12
only split: [MDDArc('appzapp', MDDNode(0, 's'), MDDNode(1, 'u_53'))]
split the incoming edges: 12 1 11
the value pair of raw_data is: 492
split the outgoings edges: 52 6 46 52
add node: MDDNode(1,u_56) MDDNode(1,u_57), remove node: MDDNode(1,u_53)
1 27 39
layer 1 incoming edges: 11
only split: [MDDArc('digg', MDDNode(0, 's'), MDDNode(1, 'u_57'))]
split the incoming edges: 11 1 10
the value pair of raw_data is: 492
split the outgoings edges: 46 8 38 46
add node: MDDNode(1,u_58) MDDNode(1,u_59), remove node: MDDNode(1,u_57)
1 28 39
layer 1 incoming edges: 10
choose: Task management & to-dos
split the incoming edges: 10 2 8
the value pair of raw_data is: 492
split the outgoings edges: 41 11 30 41
add node: MDDNode(1,u_60) MDDNode(1,u_61), remove node: MDDNode(1,u_55)
1 29 39
layer 1 incoming edges: 10
only split: [MDDArc('newsblur', MDDNode(0, 's'), MDDNode(1, 'u_59'))]
split the incoming edges: 10 1 9
the value pair of raw_data is: 492
split the outgoings edges: 38 4 34 38
add node: MDDNode(1,u_62) MDDNode(1,u_63), remove node: MDDNode(1,u_59)
1 30 39
layer 1 incoming edges: 9
only split: [MDDArc('giphy', MDDNode(0, 's'), MDDNode(1, 'u_8'))]
split the incoming edges: 9 1 8
the value pair of raw_data is: 492
split the outgoings edges: 35 3 32 35
add node: MDDNode(1,u_64) MDDNode(1,u_65), remove node: MDDNode(1,u_8)
1 31 39
layer 1 incoming edges: 9
only split: [MDDArc('espn', MDDNode(0, 's'), MDDNode(1, 'u_63'))]
split the incoming edges: 9 1 8
the value pair of raw_data is: 492
split the outgoings edges: 34 6 28 34
add node: MDDNode(1,u_66) MDDNode(1,u_67), remove node: MDDNode(1,u_63)
1 32 39
layer 1 incoming edges: 8
choose: Music
split the incoming edges: 8 1 7
the value pair of raw_data is: 492
split the outgoings edges: 30 4 26 30
add node: MDDNode(1,u_68) MDDNode(1,u_69), remove node: MDDNode(1,u_61)
1 33 39
layer 1 incoming edges: 8
only split: [MDDArc('500px', MDDNode(0, 's'), MDDNode(1, 'u_65'))]
split the incoming edges: 8 1 7
the value pair of raw_data is: 492
split the outgoings edges: 32 6 26 32
add node: MDDNode(1,u_70) MDDNode(1,u_71), remove node: MDDNode(1,u_65)
1 34 39
layer 1 incoming edges: 8
only split: [MDDArc('instyle', MDDNode(0, 's'), MDDNode(1, 'u_67'))]
split the incoming edges: 8 1 7
the value pair of raw_data is: 492
split the outgoings edges: 28 2 28 30
add node: MDDNode(1,u_72) MDDNode(1,u_73), remove node: MDDNode(1,u_67)
1 35 39
layer 1 incoming edges: 7
only split: [MDDArc('facebook_pages', MDDNode(0, 's'), MDDNode(1, 'u_10'))]
split the incoming edges: 7 1 6
the value pair of raw_data is: 492
split the outgoings edges: 55 6 49 55
add node: MDDNode(1,u_74) MDDNode(1,u_75), remove node: MDDNode(1,u_10)
1 36 39
layer 1 incoming edges: 7
only split: [MDDArc('up_by_jawbone', MDDNode(0, 's'), MDDNode(1, 'u_12'))]
split the incoming edges: 7 1 6
the value pair of raw_data is: 492
split the outgoings edges: 21 13 8 21
add node: MDDNode(1,u_76) MDDNode(1,u_77), remove node: MDDNode(1,u_12)
1 37 39
layer 1 incoming edges: 7
choose: Location
split the incoming edges: 7 1 6
the value pair of raw_data is: 492
split the outgoings edges: 26 3 23 26
add node: MDDNode(1,u_78) MDDNode(1,u_79), remove node: MDDNode(1,u_69)
1 38 39
layer 1 incoming edges: 7
only split: [MDDArc('vimeo', MDDNode(0, 's'), MDDNode(1, 'u_71'))]
split the incoming edges: 7 1 6
the value pair of raw_data is: 492
split the outgoings edges: 26 6 22 28
add node: MDDNode(1,u_80) MDDNode(1,u_81), remove node: MDDNode(1,u_71)
dump to the pickle
the graph width list : [1, 39, 1, 1, 1, 1]
it 1 train 0.3351   train_h 0.1662   train_v 0.9306   dev 0.2847   dev_h 0.1788   dev_v 0.9257   new_test 0.3538   new_test_h 0.1615   new_test_v 0.9296   save acc: 0.3538 T: 2020-01-10T06:56 
it 2 train 0.4235   train_h 0.1441   train_v 0.9405   dev 0.3300   dev_h 0.1675   dev_v 0.9359   new_test 0.4327   new_test_h 0.1418   new_test_v 0.9511   save acc: 0.4327 T: 2020-01-10T06:59 
it 3 train 0.4759   train_h 0.1310   train_v 0.9442   dev 0.3404   dev_h 0.1649   dev_v 0.9313   new_test 0.4618   new_test_h 0.1346   new_test_v 0.9474   save acc: 0.4618 T: 2020-01-10T07:02 
it 4 train 0.5158   train_h 0.1210   train_v 0.9454   dev 0.3423   dev_h 0.1644   dev_v 0.9327   new_test 0.4590   new_test_h 0.1353   new_test_v 0.9418   save acc: 0.4590 T: 2020-01-10T07:05 
it 5 train 0.5468   train_h 0.1133   train_v 0.9495   dev 0.3575   dev_h 0.1606   dev_v 0.9214   new_test 0.4731   new_test_h 0.1317   new_test_v 0.9523   save acc: 0.4731 T: 2020-01-10T07:08 
it 6 train 0.5715   train_h 0.1071   train_v 0.9533   dev 0.3498   dev_h 0.1625   dev_v 0.9311   new_test 0.4654   new_test_h 0.1336   new_test_v 0.9490   
it 7 train 0.5898   train_h 0.1025   train_v 0.9540   dev 0.3537   dev_h 0.1616   dev_v 0.9308   new_test 0.4662   new_test_h 0.1334   new_test_v 0.9462   
it 8 train 0.6069   train_h 0.0983   train_v 0.9549   dev 0.3508   dev_h 0.1623   dev_v 0.9282   new_test 0.4634   new_test_h 0.1341   new_test_v 0.9482   
it 9 train 0.6177   train_h 0.0956   train_v 0.9565   dev 0.3522   dev_h 0.1619   dev_v 0.9248   new_test 0.4614   new_test_h 0.1347   new_test_v 0.9446   
it 10 train 0.6269   train_h 0.0933   train_v 0.9551   dev 0.3508   dev_h 0.1623   dev_v 0.9250   new_test 0.4638   new_test_h 0.1340   new_test_v 0.9410   
it 11 train 0.6342   train_h 0.0915   train_v 0.9557   dev 0.3447   dev_h 0.1638   dev_v 0.9241   new_test 0.4634   new_test_h 0.1341   new_test_v 0.9422   
it 12 train 0.6409   train_h 0.0898   train_v 0.9568   dev 0.3445   dev_h 0.1639   dev_v 0.9226   new_test 0.4590   new_test_h 0.1353   new_test_v 0.9442   
it 13 train 0.6454   train_h 0.0886   train_v 0.9584   dev 0.3469   dev_h 0.1633   dev_v 0.9245   new_test 0.4598   new_test_h 0.1351   new_test_v 0.9458   
it 14 train 0.6484   train_h 0.0879   train_v 0.9597   dev 0.3447   dev_h 0.1638   dev_v 0.9231   new_test 0.4598   new_test_h 0.1351   new_test_v 0.9490   
it 15 train 0.6521   train_h 0.0870   train_v 0.9580   dev 0.3457   dev_h 0.1636   dev_v 0.9229   new_test 0.4590   new_test_h 0.1353   new_test_v 0.9458   
it 16 train 0.6543   train_h 0.0864   train_v 0.9605   dev 0.3452   dev_h 0.1637   dev_v 0.9233   new_test 0.4577   new_test_h 0.1356   new_test_v 0.9442   
