args Namespace(config='configs/config_l.json', dataset='dataset/IFTTT/msr_data.pkl', load_model=None, mode='train', output='model/ifttt/width-75/', width='75')
configure: {'max_word_id': 3782, 'bidirectional': True, 'cell_type': 'lstm', 'decoder': 'attention', 'embedding_size': 100, 'keep_prob': 0.75, 'memory_size': 100, 'num_units': 100, 'use_embedding': True, 'epoches': 12, 'batch_size': 20, 'init': {'name': 'random_uniform_initializer', 'scale': 0.1}, 'lr_scheduler': {'decay_steps': 5000, 'init_lr': 0.02, 'decay_rate': 0.9, 'staircase': True}, 'max_grad_norm': 1, 'optimizer': 'AdamOptimizer'}
# path 8549
model/ifttt/width-75/dataset-w-75.pkl
load raw and dump to file
numArcLayers: 5
layer:1, node:MDDNode(1,u_1), in=111, out=443
choose: News & information
split in: 111 -> (98,13)
split out: 443 -> (386,60,446)
add: MDDNode(1,u-6) MDDNode(1,u-7), del:MDDNode(1,u_1)
2 (13,60) (98,386) 
layer:1, node:MDDNode(1,u-7), in=98, out=386
choose: Photo & video
split in: 98 -> (89,9)
split out: 386 -> (351,35,386)
add: MDDNode(1,u-8) MDDNode(1,u-9), del:MDDNode(1,u-7)
3 (13,60) (9,35) (89,351) 
layer:1, node:MDDNode(1,u-9), in=89, out=351
choose: Others
split in: 89 -> (82,7)
split out: 351 -> (335,21,356)
add: MDDNode(1,u-10) MDDNode(1,u-11), del:MDDNode(1,u-9)
4 (13,60) (9,35) (7,21) (82,335) 
layer:1, node:MDDNode(1,u-11), in=82, out=335
choose: Social networks
split in: 82 -> (75,7)
split out: 335 -> (280,55,335)
add: MDDNode(1,u-12) MDDNode(1,u-13), del:MDDNode(1,u-11)
5 (13,60) (9,35) (7,21) (7,55) (75,280) 
layer:1, node:MDDNode(1,u-13), in=75, out=280
choose: Shopping
split in: 75 -> (69,6)
split out: 280 -> (257,23,280)
add: MDDNode(1,u-14) MDDNode(1,u-15), del:MDDNode(1,u-13)
6 (13,60) (9,35) (7,21) (7,55) (6,23) (69,257) 
layer:1, node:MDDNode(1,u-15), in=69, out=257
choose: Bookmarking
split in: 69 -> (63,6)
split out: 257 -> (245,12,257)
add: MDDNode(1,u-16) MDDNode(1,u-17), del:MDDNode(1,u-15)
7 (13,60) (9,35) (7,21) (7,55) (6,23) (6,12) (63,245) 
layer:1, node:MDDNode(1,u-17), in=63, out=245
choose: Security & monitoring systems
split in: 63 -> (58,5)
split out: 245 -> (228,18,246)
add: MDDNode(1,u-18) MDDNode(1,u-19), del:MDDNode(1,u-17)
8 (13,60) (9,35) (7,21) (7,55) (6,23) (6,12) (5,18) (58,228) 
layer:1, node:MDDNode(1,u-19), in=58, out=228
choose: Health & fitness
split in: 58 -> (54,4)
split out: 228 -> (203,26,229)
add: MDDNode(1,u-20) MDDNode(1,u-21), del:MDDNode(1,u-19)
9 (13,60) (9,35) (7,21) (7,55) (6,23) (6,12) (5,18) (4,26) (54,203) 
layer:1, node:MDDNode(1,u-21), in=54, out=203
choose: Mobile devices & accessories
split in: 54 -> (50,4)
split out: 203 -> (191,12,203)
add: MDDNode(1,u-22) MDDNode(1,u-23), del:MDDNode(1,u-21)
10 (13,60) (9,35) (7,21) (7,55) (6,23) (6,12) (5,18) (4,26) (4,12) (50,191) 
layer:1, node:MDDNode(1,u-23), in=50, out=191
choose: Finance & payments
split in: 50 -> (46,4)
split out: 191 -> (174,17,191)
add: MDDNode(1,u-24) MDDNode(1,u-25), del:MDDNode(1,u-23)
11 (13,60) (9,35) (7,21) (7,55) (6,23) (6,12) (5,18) (4,26) (4,12) (4,17) (46,174) 
layer:1, node:MDDNode(1,u-25), in=46, out=174
choose: Communication
split in: 46 -> (43,3)
split out: 174 -> (161,13,174)
add: MDDNode(1,u-26) MDDNode(1,u-27), del:MDDNode(1,u-25)
12 (13,60) (9,35) (7,21) (7,55) (6,23) (6,12) (5,18) (4,26) (4,12) (4,17) (3,13) (43,161) 
layer:1, node:MDDNode(1,u-27), in=43, out=161
choose: Smart hubs & systems
split in: 43 -> (40,3)
split out: 161 -> (147,20,167)
add: MDDNode(1,u-28) MDDNode(1,u-29), del:MDDNode(1,u-27)
13 (13,60) (9,35) (7,21) (7,55) (6,23) (6,12) (5,18) (4,26) (4,12) (4,17) (3,13) (3,20) (40,147) 
layer:1, node:MDDNode(1,u-29), in=40, out=147
choose: Environment control & monitoring
split in: 40 -> (37,3)
split out: 147 -> (140,9,149)
add: MDDNode(1,u-30) MDDNode(1,u-31), del:MDDNode(1,u-29)
14 (13,60) (9,35) (7,21) (7,55) (6,23) (6,12) (5,18) (4,26) (4,12) (4,17) (3,13) (3,20) (3,9) (37,140) 
layer:1, node:MDDNode(1,u-31), in=37, out=140
choose: Weather
split in: 37 -> (34,3)
split out: 140 -> (110,30,140)
add: MDDNode(1,u-32) MDDNode(1,u-33), del:MDDNode(1,u-31)
15 (13,60) (9,35) (7,21) (7,55) (6,23) (6,12) (5,18) (4,26) (4,12) (4,17) (3,13) (3,20) (3,9) (3,30) (34,110) 
layer:1, node:MDDNode(1,u-33), in=34, out=110
choose: Gardening
split in: 34 -> (31,3)
split out: 110 -> (101,9,110)
add: MDDNode(1,u-34) MDDNode(1,u-35), del:MDDNode(1,u-33)
16 (13,60) (9,35) (7,21) (7,55) (6,23) (6,12) (5,18) (4,26) (4,12) (4,17) (3,13) (3,20) (3,9) (3,30) (3,9) (31,101) 
layer:1, node:MDDNode(1,u-35), in=31, out=101
choose: Power monitoring & management
split in: 31 -> (28,3)
split out: 101 -> (92,11,103)
add: MDDNode(1,u-36) MDDNode(1,u-37), del:MDDNode(1,u-35)
17 (13,60) (9,35) (7,21) (7,55) (6,23) (6,12) (5,18) (4,26) (4,12) (4,17) (3,13) (3,20) (3,9) (3,30) (3,9) (3,11) (28,92) 
layer:1, node:MDDNode(1,u-37), in=28, out=92
choose: Blogging
split in: 28 -> (25,3)
split out: 92 -> (79,13,92)
add: MDDNode(1,u-38) MDDNode(1,u-39), del:MDDNode(1,u-37)
18 (13,60) (9,35) (7,21) (7,55) (6,23) (6,12) (5,18) (4,26) (4,12) (4,17) (3,13) (3,20) (3,9) (3,30) (3,9) (3,11) (3,13) (25,79) 
layer:1, node:MDDNode(1,u-39), in=25, out=79
choose: Email
split in: 25 -> (22,3)
split out: 79 -> (69,10,79)
add: MDDNode(1,u-40) MDDNode(1,u-41), del:MDDNode(1,u-39)
19 (13,60) (9,35) (7,21) (7,55) (6,23) (6,12) (5,18) (4,26) (4,12) (4,17) (3,13) (3,20) (3,9) (3,30) (3,9) (3,11) (3,13) (3,10) (22,69) 
layer:1, node:MDDNode(1,u-41), in=22, out=69
choose: Calendars & scheduling
split in: 22 -> (20,2)
split out: 69 -> (61,8,69)
add: MDDNode(1,u-42) MDDNode(1,u-43), del:MDDNode(1,u-41)
20 (13,60) (9,35) (7,21) (7,55) (6,23) (6,12) (5,18) (4,26) (4,12) (4,17) (3,13) (3,20) (3,9) (3,30) (3,9) (3,11) (3,13) (3,10) (2,8) (20,61) 
layer:1, node:MDDNode(1,u-43), in=20, out=61
choose: DIY electronics
split in: 20 -> (18,2)
split out: 61 -> (59,2,61)
add: MDDNode(1,u-44) MDDNode(1,u-45), del:MDDNode(1,u-43)
21 (13,60) (9,35) (7,21) (7,55) (6,23) (6,12) (5,18) (4,26) (4,12) (4,17) (3,13) (3,20) (3,9) (3,30) (3,9) (3,11) (3,13) (3,10) (2,8) (2,2) (18,59) 
layer:1, node:MDDNode(1,u-45), in=18, out=59
choose: Contacts
split in: 18 -> (16,2)
split out: 59 -> (56,3,59)
add: MDDNode(1,u-46) MDDNode(1,u-47), del:MDDNode(1,u-45)
22 (13,60) (9,35) (7,21) (7,55) (6,23) (6,12) (5,18) (4,26) (4,12) (4,17) (3,13) (3,20) (3,9) (3,30) (3,9) (3,11) (3,13) (3,10) (2,8) (2,2) (2,3) (16,56) 
layer:1, node:MDDNode(1,u-47), in=16, out=56
choose: Task management & to-dos
split in: 16 -> (14,2)
split out: 56 -> (45,11,56)
add: MDDNode(1,u-48) MDDNode(1,u-49), del:MDDNode(1,u-47)
23 (13,60) (9,35) (7,21) (7,55) (6,23) (6,12) (5,18) (4,26) (4,12) (4,17) (3,13) (3,20) (3,9) (3,30) (3,9) (3,11) (3,13) (3,10) (2,8) (2,2) (2,3) (2,11) (14,45) 
layer:1, node:MDDNode(1,u-49), in=14, out=45
choose: Notifications
split in: 14 -> (12,2)
split out: 45 -> (42,3,45)
add: MDDNode(1,u-50) MDDNode(1,u-51), del:MDDNode(1,u-49)
24 (13,60) (9,35) (7,21) (7,55) (6,23) (6,12) (5,18) (4,26) (4,12) (4,17) (3,13) (3,20) (3,9) (3,30) (3,9) (3,11) (3,13) (3,10) (2,8) (2,2) (2,3) (2,11) (2,3) (12,42) 
layer:1, node:MDDNode(1,u-6), in=13, out=60
split in: 13 -> (12,1)
split out: 60 -> (52,8,60)
add: MDDNode(1,u-52) MDDNode(1,u-53), del:MDDNode(1,u-6)
25 (9,35) (7,21) (7,55) (6,23) (6,12) (5,18) (4,26) (4,12) (4,17) (3,13) (3,20) (3,9) (3,30) (3,9) (3,11) (3,13) (3,10) (2,8) (2,2) (2,3) (2,11) (2,3) (12,42) (1,8) (12,52) 
layer:1, node:MDDNode(1,u-51), in=12, out=42
choose: Appliances
split in: 12 -> (10,2)
split out: 42 -> (40,2,42)
add: MDDNode(1,u-54) MDDNode(1,u-55), del:MDDNode(1,u-51)
26 (9,35) (7,21) (7,55) (6,23) (6,12) (5,18) (4,26) (4,12) (4,17) (3,13) (3,20) (3,9) (3,30) (3,9) (3,11) (3,13) (3,10) (2,8) (2,2) (2,3) (2,11) (2,3) (1,8) (12,52) (2,2) (10,40) 
layer:1, node:MDDNode(1,u-53), in=12, out=52
split in: 12 -> (11,1)
split out: 52 -> (52,2,54)
add: MDDNode(1,u-56) MDDNode(1,u-57), del:MDDNode(1,u-53)
27 (9,35) (7,21) (7,55) (6,23) (6,12) (5,18) (4,26) (4,12) (4,17) (3,13) (3,20) (3,9) (3,30) (3,9) (3,11) (3,13) (3,10) (2,8) (2,2) (2,3) (2,11) (2,3) (1,8) (2,2) (10,40) (1,2) (11,52) 
layer:1, node:MDDNode(1,u-57), in=11, out=52
split in: 11 -> (10,1)
split out: 52 -> (46,6,52)
add: MDDNode(1,u-58) MDDNode(1,u-59), del:MDDNode(1,u-57)
28 (9,35) (7,21) (7,55) (6,23) (6,12) (5,18) (4,26) (4,12) (4,17) (3,13) (3,20) (3,9) (3,30) (3,9) (3,11) (3,13) (3,10) (2,8) (2,2) (2,3) (2,11) (2,3) (1,8) (2,2) (10,40) (1,2) (1,6) (10,46) 
layer:1, node:MDDNode(1,u-55), in=10, out=40
choose: Connected car
split in: 10 -> (8,2)
split out: 40 -> (30,10,40)
add: MDDNode(1,u-60) MDDNode(1,u-61), del:MDDNode(1,u-55)
29 (9,35) (7,21) (7,55) (6,23) (6,12) (5,18) (4,26) (4,12) (4,17) (3,13) (3,20) (3,9) (3,30) (3,9) (3,11) (3,13) (3,10) (2,8) (2,2) (2,3) (2,11) (2,3) (1,8) (2,2) (1,2) (1,6) (10,46) (2,10) (8,30) 
layer:1, node:MDDNode(1,u-59), in=10, out=46
split in: 10 -> (9,1)
split out: 46 -> (38,8,46)
add: MDDNode(1,u-62) MDDNode(1,u-63), del:MDDNode(1,u-59)
30 (9,35) (7,21) (7,55) (6,23) (6,12) (5,18) (4,26) (4,12) (4,17) (3,13) (3,20) (3,9) (3,30) (3,9) (3,11) (3,13) (3,10) (2,8) (2,2) (2,3) (2,11) (2,3) (1,8) (2,2) (1,2) (1,6) (2,10) (8,30) (1,8) (9,38) 
layer:1, node:MDDNode(1,u-8), in=9, out=35
split in: 9 -> (8,1)
split out: 35 -> (34,2,36)
add: MDDNode(1,u-64) MDDNode(1,u-65), del:MDDNode(1,u-8)
31 (7,21) (7,55) (6,23) (6,12) (5,18) (4,26) (4,12) (4,17) (3,13) (3,20) (3,9) (3,30) (3,9) (3,11) (3,13) (3,10) (2,8) (2,2) (2,3) (2,11) (2,3) (1,8) (2,2) (1,2) (1,6) (2,10) (8,30) (1,8) (9,38) (1,2) (8,34) 
layer:1, node:MDDNode(1,u-63), in=9, out=38
split in: 9 -> (8,1)
split out: 38 -> (37,1,38)
add: MDDNode(1,u-66) MDDNode(1,u-67), del:MDDNode(1,u-63)
32 (7,21) (7,55) (6,23) (6,12) (5,18) (4,26) (4,12) (4,17) (3,13) (3,20) (3,9) (3,30) (3,9) (3,11) (3,13) (3,10) (2,8) (2,2) (2,3) (2,11) (2,3) (1,8) (2,2) (1,2) (1,6) (2,10) (8,30) (1,8) (1,2) (8,34) (1,1) (8,37) 
layer:1, node:MDDNode(1,u-61), in=8, out=30
choose: Business tools
split in: 8 -> (7,1)
split out: 30 -> (28,2,30)
add: MDDNode(1,u-68) MDDNode(1,u-69), del:MDDNode(1,u-61)
33 (7,21) (7,55) (6,23) (6,12) (5,18) (4,26) (4,12) (4,17) (3,13) (3,20) (3,9) (3,30) (3,9) (3,11) (3,13) (3,10) (2,8) (2,2) (2,3) (2,11) (2,3) (1,8) (2,2) (1,2) (1,6) (2,10) (1,8) (1,2) (8,34) (1,1) (8,37) (1,2) (7,28) 
layer:1, node:MDDNode(1,u-65), in=8, out=34
split in: 8 -> (7,1)
split out: 34 -> (28,6,34)
add: MDDNode(1,u-70) MDDNode(1,u-71), del:MDDNode(1,u-65)
34 (7,21) (7,55) (6,23) (6,12) (5,18) (4,26) (4,12) (4,17) (3,13) (3,20) (3,9) (3,30) (3,9) (3,11) (3,13) (3,10) (2,8) (2,2) (2,3) (2,11) (2,3) (1,8) (2,2) (1,2) (1,6) (2,10) (1,8) (1,2) (1,1) (8,37) (1,2) (7,28) (1,6) (7,28) 
layer:1, node:MDDNode(1,u-67), in=8, out=37
split in: 8 -> (7,1)
split out: 37 -> (37,2,39)
add: MDDNode(1,u-72) MDDNode(1,u-73), del:MDDNode(1,u-67)
35 (7,21) (7,55) (6,23) (6,12) (5,18) (4,26) (4,12) (4,17) (3,13) (3,20) (3,9) (3,30) (3,9) (3,11) (3,13) (3,10) (2,8) (2,2) (2,3) (2,11) (2,3) (1,8) (2,2) (1,2) (1,6) (2,10) (1,8) (1,2) (1,1) (1,2) (7,28) (1,6) (7,28) (1,2) (7,37) 
layer:1, node:MDDNode(1,u-10), in=7, out=21
split in: 7 -> (6,1)
split out: 21 -> (20,1,21)
add: MDDNode(1,u-74) MDDNode(1,u-75), del:MDDNode(1,u-10)
36 (7,55) (6,23) (6,12) (5,18) (4,26) (4,12) (4,17) (3,13) (3,20) (3,9) (3,30) (3,9) (3,11) (3,13) (3,10) (2,8) (2,2) (2,3) (2,11) (2,3) (1,8) (2,2) (1,2) (1,6) (2,10) (1,8) (1,2) (1,1) (1,2) (7,28) (1,6) (7,28) (1,2) (7,37) (1,1) (6,20) 
layer:1, node:MDDNode(1,u-12), in=7, out=55
split in: 7 -> (6,1)
split out: 55 -> (48,7,55)
add: MDDNode(1,u-76) MDDNode(1,u-77), del:MDDNode(1,u-12)
37 (6,23) (6,12) (5,18) (4,26) (4,12) (4,17) (3,13) (3,20) (3,9) (3,30) (3,9) (3,11) (3,13) (3,10) (2,8) (2,2) (2,3) (2,11) (2,3) (1,8) (2,2) (1,2) (1,6) (2,10) (1,8) (1,2) (1,1) (1,2) (7,28) (1,6) (7,28) (1,2) (7,37) (1,1) (6,20) (1,7) (6,48) 
layer:1, node:MDDNode(1,u-69), in=7, out=28
choose: Lighting
split in: 7 -> (6,1)
split out: 28 -> (25,3,28)
add: MDDNode(1,u-78) MDDNode(1,u-79), del:MDDNode(1,u-69)
38 (6,23) (6,12) (5,18) (4,26) (4,12) (4,17) (3,13) (3,20) (3,9) (3,30) (3,9) (3,11) (3,13) (3,10) (2,8) (2,2) (2,3) (2,11) (2,3) (1,8) (2,2) (1,2) (1,6) (2,10) (1,8) (1,2) (1,1) (1,2) (1,6) (7,28) (1,2) (7,37) (1,1) (6,20) (1,7) (6,48) (1,3) (6,25) 
layer:1, node:MDDNode(1,u-71), in=7, out=28
split in: 7 -> (6,1)
split out: 28 -> (25,3,28)
add: MDDNode(1,u-80) MDDNode(1,u-81), del:MDDNode(1,u-71)
39 (6,23) (6,12) (5,18) (4,26) (4,12) (4,17) (3,13) (3,20) (3,9) (3,30) (3,9) (3,11) (3,13) (3,10) (2,8) (2,2) (2,3) (2,11) (2,3) (1,8) (2,2) (1,2) (1,6) (2,10) (1,8) (1,2) (1,1) (1,2) (1,6) (1,2) (7,37) (1,1) (6,20) (1,7) (6,48) (1,3) (6,25) (1,3) (6,25) 
layer:1, node:MDDNode(1,u-73), in=7, out=37
split in: 7 -> (6,1)
split out: 37 -> (29,8,37)
add: MDDNode(1,u-82) MDDNode(1,u-83), del:MDDNode(1,u-73)
40 (6,23) (6,12) (5,18) (4,26) (4,12) (4,17) (3,13) (3,20) (3,9) (3,30) (3,9) (3,11) (3,13) (3,10) (2,8) (2,2) (2,3) (2,11) (2,3) (1,8) (2,2) (1,2) (1,6) (2,10) (1,8) (1,2) (1,1) (1,2) (1,6) (1,2) (1,1) (6,20) (1,7) (6,48) (1,3) (6,25) (1,3) (6,25) (1,8) (6,29) 
layer:1, node:MDDNode(1,u-14), in=6, out=23
split in: 6 -> (5,1)
split out: 23 -> (14,9,23)
add: MDDNode(1,u-84) MDDNode(1,u-85), del:MDDNode(1,u-14)
41 (6,12) (5,18) (4,26) (4,12) (4,17) (3,13) (3,20) (3,9) (3,30) (3,9) (3,11) (3,13) (3,10) (2,8) (2,2) (2,3) (2,11) (2,3) (1,8) (2,2) (1,2) (1,6) (2,10) (1,8) (1,2) (1,1) (1,2) (1,6) (1,2) (1,1) (6,20) (1,7) (6,48) (1,3) (6,25) (1,3) (6,25) (1,8) (6,29) (1,9) (5,14) 
layer:1, node:MDDNode(1,u-16), in=6, out=12
split in: 6 -> (5,1)
split out: 12 -> (7,5,12)
add: MDDNode(1,u-86) MDDNode(1,u-87), del:MDDNode(1,u-16)
42 (5,18) (4,26) (4,12) (4,17) (3,13) (3,20) (3,9) (3,30) (3,9) (3,11) (3,13) (3,10) (2,8) (2,2) (2,3) (2,11) (2,3) (1,8) (2,2) (1,2) (1,6) (2,10) (1,8) (1,2) (1,1) (1,2) (1,6) (1,2) (1,1) (6,20) (1,7) (6,48) (1,3) (6,25) (1,3) (6,25) (1,8) (6,29) (1,9) (5,14) (1,5) (5,7) 
layer:1, node:MDDNode(1,u-75), in=6, out=20
split in: 6 -> (5,1)
split out: 20 -> (19,1,20)
add: MDDNode(1,u-88) MDDNode(1,u-89), del:MDDNode(1,u-75)
43 (5,18) (4,26) (4,12) (4,17) (3,13) (3,20) (3,9) (3,30) (3,9) (3,11) (3,13) (3,10) (2,8) (2,2) (2,3) (2,11) (2,3) (1,8) (2,2) (1,2) (1,6) (2,10) (1,8) (1,2) (1,1) (1,2) (1,6) (1,2) (1,1) (1,7) (6,48) (1,3) (6,25) (1,3) (6,25) (1,8) (6,29) (1,9) (5,14) (1,5) (5,7) (1,1) (5,19) 
layer:1, node:MDDNode(1,u-77), in=6, out=48
split in: 6 -> (5,1)
split out: 48 -> (47,2,49)
add: MDDNode(1,u-90) MDDNode(1,u-91), del:MDDNode(1,u-77)
44 (5,18) (4,26) (4,12) (4,17) (3,13) (3,20) (3,9) (3,30) (3,9) (3,11) (3,13) (3,10) (2,8) (2,2) (2,3) (2,11) (2,3) (1,8) (2,2) (1,2) (1,6) (2,10) (1,8) (1,2) (1,1) (1,2) (1,6) (1,2) (1,1) (1,7) (1,3) (6,25) (1,3) (6,25) (1,8) (6,29) (1,9) (5,14) (1,5) (5,7) (1,1) (5,19) (1,2) (5,47) 
layer:1, node:MDDNode(1,u-79), in=6, out=25
choose: Journaling & personal data
split in: 6 -> (5,1)
split out: 25 -> (22,3,25)
add: MDDNode(1,u-92) MDDNode(1,u-93), del:MDDNode(1,u-79)
45 (5,18) (4,26) (4,12) (4,17) (3,13) (3,20) (3,9) (3,30) (3,9) (3,11) (3,13) (3,10) (2,8) (2,2) (2,3) (2,11) (2,3) (1,8) (2,2) (1,2) (1,6) (2,10) (1,8) (1,2) (1,1) (1,2) (1,6) (1,2) (1,1) (1,7) (1,3) (1,3) (6,25) (1,8) (6,29) (1,9) (5,14) (1,5) (5,7) (1,1) (5,19) (1,2) (5,47) (1,3) (5,22) 
layer:1, node:MDDNode(1,u-81), in=6, out=25
split in: 6 -> (5,1)
split out: 25 -> (23,3,26)
add: MDDNode(1,u-94) MDDNode(1,u-95), del:MDDNode(1,u-81)
46 (5,18) (4,26) (4,12) (4,17) (3,13) (3,20) (3,9) (3,30) (3,9) (3,11) (3,13) (3,10) (2,8) (2,2) (2,3) (2,11) (2,3) (1,8) (2,2) (1,2) (1,6) (2,10) (1,8) (1,2) (1,1) (1,2) (1,6) (1,2) (1,1) (1,7) (1,3) (1,3) (1,8) (6,29) (1,9) (5,14) (1,5) (5,7) (1,1) (5,19) (1,2) (5,47) (1,3) (5,22) (1,3) (5,23) 
layer:1, node:MDDNode(1,u-83), in=6, out=29
split in: 6 -> (5,1)
split out: 29 -> (27,2,29)
add: MDDNode(1,u-96) MDDNode(1,u-97), del:MDDNode(1,u-83)
47 (5,18) (4,26) (4,12) (4,17) (3,13) (3,20) (3,9) (3,30) (3,9) (3,11) (3,13) (3,10) (2,8) (2,2) (2,3) (2,11) (2,3) (1,8) (2,2) (1,2) (1,6) (2,10) (1,8) (1,2) (1,1) (1,2) (1,6) (1,2) (1,1) (1,7) (1,3) (1,3) (1,8) (1,9) (5,14) (1,5) (5,7) (1,1) (5,19) (1,2) (5,47) (1,3) (5,22) (1,3) (5,23) (1,2) (5,27) 
layer:1, node:MDDNode(1,u-18), in=5, out=18
split in: 5 -> (4,1)
split out: 18 -> (11,7,18)
add: MDDNode(1,u-98) MDDNode(1,u-99), del:MDDNode(1,u-18)
48 (4,26) (4,12) (4,17) (3,13) (3,20) (3,9) (3,30) (3,9) (3,11) (3,13) (3,10) (2,8) (2,2) (2,3) (2,11) (2,3) (1,8) (2,2) (1,2) (1,6) (2,10) (1,8) (1,2) (1,1) (1,2) (1,6) (1,2) (1,1) (1,7) (1,3) (1,3) (1,8) (1,9) (5,14) (1,5) (5,7) (1,1) (5,19) (1,2) (5,47) (1,3) (5,22) (1,3) (5,23) (1,2) (5,27) (1,7) (4,11) 
layer:1, node:MDDNode(1,u-85), in=5, out=14
split in: 5 -> (4,1)
split out: 14 -> (10,4,14)
add: MDDNode(1,u-100) MDDNode(1,u-101), del:MDDNode(1,u-85)
49 (4,26) (4,12) (4,17) (3,13) (3,20) (3,9) (3,30) (3,9) (3,11) (3,13) (3,10) (2,8) (2,2) (2,3) (2,11) (2,3) (1,8) (2,2) (1,2) (1,6) (2,10) (1,8) (1,2) (1,1) (1,2) (1,6) (1,2) (1,1) (1,7) (1,3) (1,3) (1,8) (1,9) (1,5) (5,7) (1,1) (5,19) (1,2) (5,47) (1,3) (5,22) (1,3) (5,23) (1,2) (5,27) (1,7) (4,11) (1,4) (4,10) 
layer:1, node:MDDNode(1,u-87), in=5, out=7
split in: 5 -> (4,1)
split out: 7 -> (7,2,9)
add: MDDNode(1,u-102) MDDNode(1,u-103), del:MDDNode(1,u-87)
50 (4,26) (4,12) (4,17) (3,13) (3,20) (3,9) (3,30) (3,9) (3,11) (3,13) (3,10) (2,8) (2,2) (2,3) (2,11) (2,3) (1,8) (2,2) (1,2) (1,6) (2,10) (1,8) (1,2) (1,1) (1,2) (1,6) (1,2) (1,1) (1,7) (1,3) (1,3) (1,8) (1,9) (1,5) (1,1) (5,19) (1,2) (5,47) (1,3) (5,22) (1,3) (5,23) (1,2) (5,27) (1,7) (4,11) (1,4) (4,10) (1,2) (4,7) 
layer:1, node:MDDNode(1,u-89), in=5, out=19
split in: 5 -> (4,1)
split out: 19 -> (18,1,19)
add: MDDNode(1,u-104) MDDNode(1,u-105), del:MDDNode(1,u-89)
51 (4,26) (4,12) (4,17) (3,13) (3,20) (3,9) (3,30) (3,9) (3,11) (3,13) (3,10) (2,8) (2,2) (2,3) (2,11) (2,3) (1,8) (2,2) (1,2) (1,6) (2,10) (1,8) (1,2) (1,1) (1,2) (1,6) (1,2) (1,1) (1,7) (1,3) (1,3) (1,8) (1,9) (1,5) (1,1) (1,2) (5,47) (1,3) (5,22) (1,3) (5,23) (1,2) (5,27) (1,7) (4,11) (1,4) (4,10) (1,2) (4,7) (1,1) (4,18) 
layer:1, node:MDDNode(1,u-91), in=5, out=47
split in: 5 -> (4,1)
split out: 47 -> (37,10,47)
add: MDDNode(1,u-106) MDDNode(1,u-107), del:MDDNode(1,u-91)
52 (4,26) (4,12) (4,17) (3,13) (3,20) (3,9) (3,30) (3,9) (3,11) (3,13) (3,10) (2,8) (2,2) (2,3) (2,11) (2,3) (1,8) (2,2) (1,2) (1,6) (2,10) (1,8) (1,2) (1,1) (1,2) (1,6) (1,2) (1,1) (1,7) (1,3) (1,3) (1,8) (1,9) (1,5) (1,1) (1,2) (1,3) (5,22) (1,3) (5,23) (1,2) (5,27) (1,7) (4,11) (1,4) (4,10) (1,2) (4,7) (1,1) (4,18) (1,10) (4,37) 
layer:1, node:MDDNode(1,u-93), in=5, out=22
choose: Cloud storage
split in: 5 -> (4,1)
split out: 22 -> (20,2,22)
add: MDDNode(1,u-108) MDDNode(1,u-109), del:MDDNode(1,u-93)
53 (4,26) (4,12) (4,17) (3,13) (3,20) (3,9) (3,30) (3,9) (3,11) (3,13) (3,10) (2,8) (2,2) (2,3) (2,11) (2,3) (1,8) (2,2) (1,2) (1,6) (2,10) (1,8) (1,2) (1,1) (1,2) (1,6) (1,2) (1,1) (1,7) (1,3) (1,3) (1,8) (1,9) (1,5) (1,1) (1,2) (1,3) (1,3) (5,23) (1,2) (5,27) (1,7) (4,11) (1,4) (4,10) (1,2) (4,7) (1,1) (4,18) (1,10) (4,37) (1,2) (4,20) 
layer:1, node:MDDNode(1,u-95), in=5, out=23
split in: 5 -> (4,1)
split out: 23 -> (17,6,23)
add: MDDNode(1,u-110) MDDNode(1,u-111), del:MDDNode(1,u-95)
54 (4,26) (4,12) (4,17) (3,13) (3,20) (3,9) (3,30) (3,9) (3,11) (3,13) (3,10) (2,8) (2,2) (2,3) (2,11) (2,3) (1,8) (2,2) (1,2) (1,6) (2,10) (1,8) (1,2) (1,1) (1,2) (1,6) (1,2) (1,1) (1,7) (1,3) (1,3) (1,8) (1,9) (1,5) (1,1) (1,2) (1,3) (1,3) (1,2) (5,27) (1,7) (4,11) (1,4) (4,10) (1,2) (4,7) (1,1) (4,18) (1,10) (4,37) (1,2) (4,20) (1,6) (4,17) 
layer:1, node:MDDNode(1,u-97), in=5, out=27
split in: 5 -> (4,1)
split out: 27 -> (25,2,27)
add: MDDNode(1,u-112) MDDNode(1,u-113), del:MDDNode(1,u-97)
55 (4,26) (4,12) (4,17) (3,13) (3,20) (3,9) (3,30) (3,9) (3,11) (3,13) (3,10) (2,8) (2,2) (2,3) (2,11) (2,3) (1,8) (2,2) (1,2) (1,6) (2,10) (1,8) (1,2) (1,1) (1,2) (1,6) (1,2) (1,1) (1,7) (1,3) (1,3) (1,8) (1,9) (1,5) (1,1) (1,2) (1,3) (1,3) (1,2) (1,7) (4,11) (1,4) (4,10) (1,2) (4,7) (1,1) (4,18) (1,10) (4,37) (1,2) (4,20) (1,6) (4,17) (1,2) (4,25) 
layer:1, node:MDDNode(1,u-20), in=4, out=26
split in: 4 -> (3,1)
split out: 26 -> (20,6,26)
add: MDDNode(1,u-114) MDDNode(1,u-115), del:MDDNode(1,u-20)
56 (4,12) (4,17) (3,13) (3,20) (3,9) (3,30) (3,9) (3,11) (3,13) (3,10) (2,8) (2,2) (2,3) (2,11) (2,3) (1,8) (2,2) (1,2) (1,6) (2,10) (1,8) (1,2) (1,1) (1,2) (1,6) (1,2) (1,1) (1,7) (1,3) (1,3) (1,8) (1,9) (1,5) (1,1) (1,2) (1,3) (1,3) (1,2) (1,7) (4,11) (1,4) (4,10) (1,2) (4,7) (1,1) (4,18) (1,10) (4,37) (1,2) (4,20) (1,6) (4,17) (1,2) (4,25) (1,6) (3,20) 
layer:1, node:MDDNode(1,u-22), in=4, out=12
split in: 4 -> (3,1)
split out: 12 -> (6,6,12)
add: MDDNode(1,u-116) MDDNode(1,u-117), del:MDDNode(1,u-22)
57 (4,17) (3,13) (3,20) (3,9) (3,30) (3,9) (3,11) (3,13) (3,10) (2,8) (2,2) (2,3) (2,11) (2,3) (1,8) (2,2) (1,2) (1,6) (2,10) (1,8) (1,2) (1,1) (1,2) (1,6) (1,2) (1,1) (1,7) (1,3) (1,3) (1,8) (1,9) (1,5) (1,1) (1,2) (1,3) (1,3) (1,2) (1,7) (4,11) (1,4) (4,10) (1,2) (4,7) (1,1) (4,18) (1,10) (4,37) (1,2) (4,20) (1,6) (4,17) (1,2) (4,25) (1,6) (3,20) (1,6) (3,6) 
layer:1, node:MDDNode(1,u-24), in=4, out=17
split in: 4 -> (3,1)
split out: 17 -> (16,1,17)
add: MDDNode(1,u-118) MDDNode(1,u-119), del:MDDNode(1,u-24)
58 (3,13) (3,20) (3,9) (3,30) (3,9) (3,11) (3,13) (3,10) (2,8) (2,2) (2,3) (2,11) (2,3) (1,8) (2,2) (1,2) (1,6) (2,10) (1,8) (1,2) (1,1) (1,2) (1,6) (1,2) (1,1) (1,7) (1,3) (1,3) (1,8) (1,9) (1,5) (1,1) (1,2) (1,3) (1,3) (1,2) (1,7) (4,11) (1,4) (4,10) (1,2) (4,7) (1,1) (4,18) (1,10) (4,37) (1,2) (4,20) (1,6) (4,17) (1,2) (4,25) (1,6) (3,20) (1,6) (3,6) (1,1) (3,16) 
layer:1, node:MDDNode(1,u-99), in=4, out=11
split in: 4 -> (3,1)
split out: 11 -> (9,2,11)
add: MDDNode(1,u-120) MDDNode(1,u-121), del:MDDNode(1,u-99)
59 (3,13) (3,20) (3,9) (3,30) (3,9) (3,11) (3,13) (3,10) (2,8) (2,2) (2,3) (2,11) (2,3) (1,8) (2,2) (1,2) (1,6) (2,10) (1,8) (1,2) (1,1) (1,2) (1,6) (1,2) (1,1) (1,7) (1,3) (1,3) (1,8) (1,9) (1,5) (1,1) (1,2) (1,3) (1,3) (1,2) (1,7) (1,4) (4,10) (1,2) (4,7) (1,1) (4,18) (1,10) (4,37) (1,2) (4,20) (1,6) (4,17) (1,2) (4,25) (1,6) (3,20) (1,6) (3,6) (1,1) (3,16) (1,2) (3,9) 
layer:1, node:MDDNode(1,u-101), in=4, out=10
split in: 4 -> (3,1)
split out: 10 -> (8,2,10)
add: MDDNode(1,u-122) MDDNode(1,u-123), del:MDDNode(1,u-101)
60 (3,13) (3,20) (3,9) (3,30) (3,9) (3,11) (3,13) (3,10) (2,8) (2,2) (2,3) (2,11) (2,3) (1,8) (2,2) (1,2) (1,6) (2,10) (1,8) (1,2) (1,1) (1,2) (1,6) (1,2) (1,1) (1,7) (1,3) (1,3) (1,8) (1,9) (1,5) (1,1) (1,2) (1,3) (1,3) (1,2) (1,7) (1,4) (1,2) (4,7) (1,1) (4,18) (1,10) (4,37) (1,2) (4,20) (1,6) (4,17) (1,2) (4,25) (1,6) (3,20) (1,6) (3,6) (1,1) (3,16) (1,2) (3,9) (1,2) (3,8) 
layer:1, node:MDDNode(1,u-103), in=4, out=7
split in: 4 -> (3,1)
split out: 7 -> (3,4,7)
add: MDDNode(1,u-124) MDDNode(1,u-125), del:MDDNode(1,u-103)
61 (3,13) (3,20) (3,9) (3,30) (3,9) (3,11) (3,13) (3,10) (2,8) (2,2) (2,3) (2,11) (2,3) (1,8) (2,2) (1,2) (1,6) (2,10) (1,8) (1,2) (1,1) (1,2) (1,6) (1,2) (1,1) (1,7) (1,3) (1,3) (1,8) (1,9) (1,5) (1,1) (1,2) (1,3) (1,3) (1,2) (1,7) (1,4) (1,2) (1,1) (4,18) (1,10) (4,37) (1,2) (4,20) (1,6) (4,17) (1,2) (4,25) (1,6) (3,20) (1,6) (3,6) (1,1) (3,16) (1,2) (3,9) (1,2) (3,8) (1,4) (3,3) 
layer:1, node:MDDNode(1,u-105), in=4, out=18
split in: 4 -> (3,1)
split out: 18 -> (16,2,18)
add: MDDNode(1,u-126) MDDNode(1,u-127), del:MDDNode(1,u-105)
62 (3,13) (3,20) (3,9) (3,30) (3,9) (3,11) (3,13) (3,10) (2,8) (2,2) (2,3) (2,11) (2,3) (1,8) (2,2) (1,2) (1,6) (2,10) (1,8) (1,2) (1,1) (1,2) (1,6) (1,2) (1,1) (1,7) (1,3) (1,3) (1,8) (1,9) (1,5) (1,1) (1,2) (1,3) (1,3) (1,2) (1,7) (1,4) (1,2) (1,1) (1,10) (4,37) (1,2) (4,20) (1,6) (4,17) (1,2) (4,25) (1,6) (3,20) (1,6) (3,6) (1,1) (3,16) (1,2) (3,9) (1,2) (3,8) (1,4) (3,3) (1,2) (3,16) 
layer:1, node:MDDNode(1,u-107), in=4, out=37
split in: 4 -> (3,1)
split out: 37 -> (31,6,37)
add: MDDNode(1,u-128) MDDNode(1,u-129), del:MDDNode(1,u-107)
63 (3,13) (3,20) (3,9) (3,30) (3,9) (3,11) (3,13) (3,10) (2,8) (2,2) (2,3) (2,11) (2,3) (1,8) (2,2) (1,2) (1,6) (2,10) (1,8) (1,2) (1,1) (1,2) (1,6) (1,2) (1,1) (1,7) (1,3) (1,3) (1,8) (1,9) (1,5) (1,1) (1,2) (1,3) (1,3) (1,2) (1,7) (1,4) (1,2) (1,1) (1,10) (1,2) (4,20) (1,6) (4,17) (1,2) (4,25) (1,6) (3,20) (1,6) (3,6) (1,1) (3,16) (1,2) (3,9) (1,2) (3,8) (1,4) (3,3) (1,2) (3,16) (1,6) (3,31) 
layer:1, node:MDDNode(1,u-109), in=4, out=20
choose: Location
split in: 4 -> (3,1)
split out: 20 -> (17,3,20)
add: MDDNode(1,u-130) MDDNode(1,u-131), del:MDDNode(1,u-109)
64 (3,13) (3,20) (3,9) (3,30) (3,9) (3,11) (3,13) (3,10) (2,8) (2,2) (2,3) (2,11) (2,3) (1,8) (2,2) (1,2) (1,6) (2,10) (1,8) (1,2) (1,1) (1,2) (1,6) (1,2) (1,1) (1,7) (1,3) (1,3) (1,8) (1,9) (1,5) (1,1) (1,2) (1,3) (1,3) (1,2) (1,7) (1,4) (1,2) (1,1) (1,10) (1,2) (1,6) (4,17) (1,2) (4,25) (1,6) (3,20) (1,6) (3,6) (1,1) (3,16) (1,2) (3,9) (1,2) (3,8) (1,4) (3,3) (1,2) (3,16) (1,6) (3,31) (1,3) (3,17) 
layer:1, node:MDDNode(1,u-111), in=4, out=17
split in: 4 -> (3,1)
split out: 17 -> (17,3,20)
add: MDDNode(1,u-132) MDDNode(1,u-133), del:MDDNode(1,u-111)
65 (3,13) (3,20) (3,9) (3,30) (3,9) (3,11) (3,13) (3,10) (2,8) (2,2) (2,3) (2,11) (2,3) (1,8) (2,2) (1,2) (1,6) (2,10) (1,8) (1,2) (1,1) (1,2) (1,6) (1,2) (1,1) (1,7) (1,3) (1,3) (1,8) (1,9) (1,5) (1,1) (1,2) (1,3) (1,3) (1,2) (1,7) (1,4) (1,2) (1,1) (1,10) (1,2) (1,6) (1,2) (4,25) (1,6) (3,20) (1,6) (3,6) (1,1) (3,16) (1,2) (3,9) (1,2) (3,8) (1,4) (3,3) (1,2) (3,16) (1,6) (3,31) (1,3) (3,17) (1,3) (3,17) 
layer:1, node:MDDNode(1,u-113), in=4, out=25
split in: 4 -> (3,1)
split out: 25 -> (21,4,25)
add: MDDNode(1,u-134) MDDNode(1,u-135), del:MDDNode(1,u-113)
66 (3,13) (3,20) (3,9) (3,30) (3,9) (3,11) (3,13) (3,10) (2,8) (2,2) (2,3) (2,11) (2,3) (1,8) (2,2) (1,2) (1,6) (2,10) (1,8) (1,2) (1,1) (1,2) (1,6) (1,2) (1,1) (1,7) (1,3) (1,3) (1,8) (1,9) (1,5) (1,1) (1,2) (1,3) (1,3) (1,2) (1,7) (1,4) (1,2) (1,1) (1,10) (1,2) (1,6) (1,2) (1,6) (3,20) (1,6) (3,6) (1,1) (3,16) (1,2) (3,9) (1,2) (3,8) (1,4) (3,3) (1,2) (3,16) (1,6) (3,31) (1,3) (3,17) (1,3) (3,17) (1,4) (3,21) 
layer:1, node:MDDNode(1,u-26), in=3, out=13
split in: 3 -> (2,1)
split out: 13 -> (12,1,13)
add: MDDNode(1,u-136) MDDNode(1,u-137), del:MDDNode(1,u-26)
67 (3,20) (3,9) (3,30) (3,9) (3,11) (3,13) (3,10) (2,8) (2,2) (2,3) (2,11) (2,3) (1,8) (2,2) (1,2) (1,6) (2,10) (1,8) (1,2) (1,1) (1,2) (1,6) (1,2) (1,1) (1,7) (1,3) (1,3) (1,8) (1,9) (1,5) (1,1) (1,2) (1,3) (1,3) (1,2) (1,7) (1,4) (1,2) (1,1) (1,10) (1,2) (1,6) (1,2) (1,6) (3,20) (1,6) (3,6) (1,1) (3,16) (1,2) (3,9) (1,2) (3,8) (1,4) (3,3) (1,2) (3,16) (1,6) (3,31) (1,3) (3,17) (1,3) (3,17) (1,4) (3,21) (1,1) (2,12) 
layer:1, node:MDDNode(1,u-28), in=3, out=20
split in: 3 -> (2,1)
split out: 20 -> (17,3,20)
add: MDDNode(1,u-138) MDDNode(1,u-139), del:MDDNode(1,u-28)
68 (3,9) (3,30) (3,9) (3,11) (3,13) (3,10) (2,8) (2,2) (2,3) (2,11) (2,3) (1,8) (2,2) (1,2) (1,6) (2,10) (1,8) (1,2) (1,1) (1,2) (1,6) (1,2) (1,1) (1,7) (1,3) (1,3) (1,8) (1,9) (1,5) (1,1) (1,2) (1,3) (1,3) (1,2) (1,7) (1,4) (1,2) (1,1) (1,10) (1,2) (1,6) (1,2) (1,6) (3,20) (1,6) (3,6) (1,1) (3,16) (1,2) (3,9) (1,2) (3,8) (1,4) (3,3) (1,2) (3,16) (1,6) (3,31) (1,3) (3,17) (1,3) (3,17) (1,4) (3,21) (1,1) (2,12) (1,3) (2,17) 
layer:1, node:MDDNode(1,u-30), in=3, out=9
split in: 3 -> (2,1)
split out: 9 -> (9,2,11)
add: MDDNode(1,u-140) MDDNode(1,u-141), del:MDDNode(1,u-30)
69 (3,30) (3,9) (3,11) (3,13) (3,10) (2,8) (2,2) (2,3) (2,11) (2,3) (1,8) (2,2) (1,2) (1,6) (2,10) (1,8) (1,2) (1,1) (1,2) (1,6) (1,2) (1,1) (1,7) (1,3) (1,3) (1,8) (1,9) (1,5) (1,1) (1,2) (1,3) (1,3) (1,2) (1,7) (1,4) (1,2) (1,1) (1,10) (1,2) (1,6) (1,2) (1,6) (3,20) (1,6) (3,6) (1,1) (3,16) (1,2) (3,9) (1,2) (3,8) (1,4) (3,3) (1,2) (3,16) (1,6) (3,31) (1,3) (3,17) (1,3) (3,17) (1,4) (3,21) (1,1) (2,12) (1,3) (2,17) (1,2) (2,9) 
layer:1, node:MDDNode(1,u-32), in=3, out=30
split in: 3 -> (2,1)
split out: 30 -> (16,14,30)
add: MDDNode(1,u-142) MDDNode(1,u-143), del:MDDNode(1,u-32)
70 (3,9) (3,11) (3,13) (3,10) (2,8) (2,2) (2,3) (2,11) (2,3) (1,8) (2,2) (1,2) (1,6) (2,10) (1,8) (1,2) (1,1) (1,2) (1,6) (1,2) (1,1) (1,7) (1,3) (1,3) (1,8) (1,9) (1,5) (1,1) (1,2) (1,3) (1,3) (1,2) (1,7) (1,4) (1,2) (1,1) (1,10) (1,2) (1,6) (1,2) (1,6) (3,20) (1,6) (3,6) (1,1) (3,16) (1,2) (3,9) (1,2) (3,8) (1,4) (3,3) (1,2) (3,16) (1,6) (3,31) (1,3) (3,17) (1,3) (3,17) (1,4) (3,21) (1,1) (2,12) (1,3) (2,17) (1,2) (2,9) (1,14) (2,16) 
layer:1, node:MDDNode(1,u-34), in=3, out=9
split in: 3 -> (2,1)
split out: 9 -> (7,2,9)
add: MDDNode(1,u-144) MDDNode(1,u-145), del:MDDNode(1,u-34)
71 (3,11) (3,13) (3,10) (2,8) (2,2) (2,3) (2,11) (2,3) (1,8) (2,2) (1,2) (1,6) (2,10) (1,8) (1,2) (1,1) (1,2) (1,6) (1,2) (1,1) (1,7) (1,3) (1,3) (1,8) (1,9) (1,5) (1,1) (1,2) (1,3) (1,3) (1,2) (1,7) (1,4) (1,2) (1,1) (1,10) (1,2) (1,6) (1,2) (1,6) (3,20) (1,6) (3,6) (1,1) (3,16) (1,2) (3,9) (1,2) (3,8) (1,4) (3,3) (1,2) (3,16) (1,6) (3,31) (1,3) (3,17) (1,3) (3,17) (1,4) (3,21) (1,1) (2,12) (1,3) (2,17) (1,2) (2,9) (1,14) (2,16) (1,2) (2,7) 
layer:1, node:MDDNode(1,u-36), in=3, out=11
split in: 3 -> (2,1)
split out: 11 -> (6,5,11)
add: MDDNode(1,u-146) MDDNode(1,u-147), del:MDDNode(1,u-36)
72 (3,13) (3,10) (2,8) (2,2) (2,3) (2,11) (2,3) (1,8) (2,2) (1,2) (1,6) (2,10) (1,8) (1,2) (1,1) (1,2) (1,6) (1,2) (1,1) (1,7) (1,3) (1,3) (1,8) (1,9) (1,5) (1,1) (1,2) (1,3) (1,3) (1,2) (1,7) (1,4) (1,2) (1,1) (1,10) (1,2) (1,6) (1,2) (1,6) (3,20) (1,6) (3,6) (1,1) (3,16) (1,2) (3,9) (1,2) (3,8) (1,4) (3,3) (1,2) (3,16) (1,6) (3,31) (1,3) (3,17) (1,3) (3,17) (1,4) (3,21) (1,1) (2,12) (1,3) (2,17) (1,2) (2,9) (1,14) (2,16) (1,2) (2,7) (1,5) (2,6) 
layer:1, node:MDDNode(1,u-38), in=3, out=13
split in: 3 -> (2,1)
split out: 13 -> (3,11,14)
add: MDDNode(1,u-148) MDDNode(1,u-149), del:MDDNode(1,u-38)
73 (3,10) (2,8) (2,2) (2,3) (2,11) (2,3) (1,8) (2,2) (1,2) (1,6) (2,10) (1,8) (1,2) (1,1) (1,2) (1,6) (1,2) (1,1) (1,7) (1,3) (1,3) (1,8) (1,9) (1,5) (1,1) (1,2) (1,3) (1,3) (1,2) (1,7) (1,4) (1,2) (1,1) (1,10) (1,2) (1,6) (1,2) (1,6) (3,20) (1,6) (3,6) (1,1) (3,16) (1,2) (3,9) (1,2) (3,8) (1,4) (3,3) (1,2) (3,16) (1,6) (3,31) (1,3) (3,17) (1,3) (3,17) (1,4) (3,21) (1,1) (2,12) (1,3) (2,17) (1,2) (2,9) (1,14) (2,16) (1,2) (2,7) (1,5) (2,6) (1,11) (2,3) 
layer:1, node:MDDNode(1,u-40), in=3, out=10
split in: 3 -> (2,1)
split out: 10 -> (4,6,10)
add: MDDNode(1,u-150) MDDNode(1,u-151), del:MDDNode(1,u-40)
74 (2,8) (2,2) (2,3) (2,11) (2,3) (1,8) (2,2) (1,2) (1,6) (2,10) (1,8) (1,2) (1,1) (1,2) (1,6) (1,2) (1,1) (1,7) (1,3) (1,3) (1,8) (1,9) (1,5) (1,1) (1,2) (1,3) (1,3) (1,2) (1,7) (1,4) (1,2) (1,1) (1,10) (1,2) (1,6) (1,2) (1,6) (3,20) (1,6) (3,6) (1,1) (3,16) (1,2) (3,9) (1,2) (3,8) (1,4) (3,3) (1,2) (3,16) (1,6) (3,31) (1,3) (3,17) (1,3) (3,17) (1,4) (3,21) (1,1) (2,12) (1,3) (2,17) (1,2) (2,9) (1,14) (2,16) (1,2) (2,7) (1,5) (2,6) (1,11) (2,3) (1,6) (2,4) 
layer:1, node:MDDNode(1,u-115), in=3, out=20
split in: 3 -> (2,1)
split out: 20 -> (19,5,24)
add: MDDNode(1,u-152) MDDNode(1,u-153), del:MDDNode(1,u-115)
75 (2,8) (2,2) (2,3) (2,11) (2,3) (1,8) (2,2) (1,2) (1,6) (2,10) (1,8) (1,2) (1,1) (1,2) (1,6) (1,2) (1,1) (1,7) (1,3) (1,3) (1,8) (1,9) (1,5) (1,1) (1,2) (1,3) (1,3) (1,2) (1,7) (1,4) (1,2) (1,1) (1,10) (1,2) (1,6) (1,2) (1,6) (1,6) (3,6) (1,1) (3,16) (1,2) (3,9) (1,2) (3,8) (1,4) (3,3) (1,2) (3,16) (1,6) (3,31) (1,3) (3,17) (1,3) (3,17) (1,4) (3,21) (1,1) (2,12) (1,3) (2,17) (1,2) (2,9) (1,14) (2,16) (1,2) (2,7) (1,5) (2,6) (1,11) (2,3) (1,6) (2,4) (1,5) (2,19) 
layer:3, node:MDDNode(3,u_3), in=88, out=161
choose: Notifications
split in: 88 -> (81,7)
split out: 161 -> (154,9,163)
add: MDDNode(3,u-154) MDDNode(3,u-155), del:MDDNode(3,u_3)
2 (7,9) (81,154) 
layer:3, node:MDDNode(3,u-155), in=81, out=154
choose: Social networks
split in: 81 -> (75,6)
split out: 154 -> (141,14,155)
add: MDDNode(3,u-156) MDDNode(3,u-157), del:MDDNode(3,u-155)
3 (7,9) (6,14) (75,141) 
layer:3, node:MDDNode(3,u-157), in=75, out=141
choose: Bookmarking
split in: 75 -> (69,6)
split out: 141 -> (135,7,142)
add: MDDNode(3,u-158) MDDNode(3,u-159), del:MDDNode(3,u-157)
4 (7,9) (6,14) (6,7) (69,135) 
layer:3, node:MDDNode(3,u-159), in=69, out=135
choose: Others
split in: 69 -> (63,6)
split out: 135 -> (125,12,137)
add: MDDNode(3,u-160) MDDNode(3,u-161), del:MDDNode(3,u-159)
5 (7,9) (6,14) (6,7) (6,12) (63,125) 
layer:3, node:MDDNode(3,u-161), in=63, out=125
choose: Power monitoring & management
split in: 63 -> (59,4)
split out: 125 -> (121,9,130)
add: MDDNode(3,u-162) MDDNode(3,u-163), del:MDDNode(3,u-161)
6 (7,9) (6,14) (6,7) (6,12) (4,9) (59,121) 
layer:3, node:MDDNode(3,u-163), in=59, out=121
choose: Communication
split in: 59 -> (55,4)
split out: 121 -> (117,4,121)
add: MDDNode(3,u-164) MDDNode(3,u-165), del:MDDNode(3,u-163)
7 (7,9) (6,14) (6,7) (6,12) (4,9) (4,4) (55,117) 
layer:3, node:MDDNode(3,u-165), in=55, out=117
choose: Photo & video
split in: 55 -> (51,4)
split out: 117 -> (113,4,117)
add: MDDNode(3,u-166) MDDNode(3,u-167), del:MDDNode(3,u-165)
8 (7,9) (6,14) (6,7) (6,12) (4,9) (4,4) (4,4) (51,113) 
layer:3, node:MDDNode(3,u-167), in=51, out=113
choose: Security & monitoring systems
split in: 51 -> (47,4)
split out: 113 -> (96,17,113)
add: MDDNode(3,u-168) MDDNode(3,u-169), del:MDDNode(3,u-167)
9 (7,9) (6,14) (6,7) (6,12) (4,9) (4,4) (4,4) (4,17) (47,96) 
layer:3, node:MDDNode(3,u-169), in=47, out=96
choose: Email
split in: 47 -> (43,4)
split out: 96 -> (91,5,96)
add: MDDNode(3,u-170) MDDNode(3,u-171), del:MDDNode(3,u-169)
10 (7,9) (6,14) (6,7) (6,12) (4,9) (4,4) (4,4) (4,17) (4,5) (43,91) 
layer:3, node:MDDNode(3,u-171), in=43, out=91
choose: Environment control & monitoring
split in: 43 -> (39,4)
split out: 91 -> (81,10,91)
add: MDDNode(3,u-172) MDDNode(3,u-173), del:MDDNode(3,u-171)
11 (7,9) (6,14) (6,7) (6,12) (4,9) (4,4) (4,4) (4,17) (4,5) (4,10) (39,81) 
layer:3, node:MDDNode(3,u-173), in=39, out=81
choose: Mobile devices & accessories
split in: 39 -> (35,4)
split out: 81 -> (76,7,83)
add: MDDNode(3,u-174) MDDNode(3,u-175), del:MDDNode(3,u-173)
12 (7,9) (6,14) (6,7) (6,12) (4,9) (4,4) (4,4) (4,17) (4,5) (4,10) (4,7) (35,76) 
layer:3, node:MDDNode(3,u-175), in=35, out=76
choose: Cloud storage
split in: 35 -> (31,4)
split out: 76 -> (69,7,76)
add: MDDNode(3,u-176) MDDNode(3,u-177), del:MDDNode(3,u-175)
13 (7,9) (6,14) (6,7) (6,12) (4,9) (4,4) (4,4) (4,17) (4,5) (4,10) (4,7) (4,7) (31,69) 
layer:3, node:MDDNode(3,u-177), in=31, out=69
choose: Smart hubs & systems
split in: 31 -> (28,3)
split out: 69 -> (60,9,69)
add: MDDNode(3,u-178) MDDNode(3,u-179), del:MDDNode(3,u-177)
14 (7,9) (6,14) (6,7) (6,12) (4,9) (4,4) (4,4) (4,17) (4,5) (4,10) (4,7) (4,7) (3,9) (28,60) 
layer:3, node:MDDNode(3,u-179), in=28, out=60
choose: Health & fitness
split in: 28 -> (25,3)
split out: 60 -> (58,3,61)
add: MDDNode(3,u-180) MDDNode(3,u-181), del:MDDNode(3,u-179)
15 (7,9) (6,14) (6,7) (6,12) (4,9) (4,4) (4,4) (4,17) (4,5) (4,10) (4,7) (4,7) (3,9) (3,3) (25,58) 
layer:3, node:MDDNode(3,u-181), in=25, out=58
choose: Blogging
split in: 25 -> (22,3)
split out: 58 -> (51,7,58)
add: MDDNode(3,u-182) MDDNode(3,u-183), del:MDDNode(3,u-181)
16 (7,9) (6,14) (6,7) (6,12) (4,9) (4,4) (4,4) (4,17) (4,5) (4,10) (4,7) (4,7) (3,9) (3,3) (3,7) (22,51) 
layer:3, node:MDDNode(3,u-183), in=22, out=51
choose: Task management & to-dos
split in: 22 -> (20,2)
split out: 51 -> (49,3,52)
add: MDDNode(3,u-184) MDDNode(3,u-185), del:MDDNode(3,u-183)
17 (7,9) (6,14) (6,7) (6,12) (4,9) (4,4) (4,4) (4,17) (4,5) (4,10) (4,7) (4,7) (3,9) (3,3) (3,7) (2,3) (20,49) 
layer:3, node:MDDNode(3,u-185), in=20, out=49
choose: News & information
split in: 20 -> (18,2)
split out: 49 -> (46,3,49)
add: MDDNode(3,u-186) MDDNode(3,u-187), del:MDDNode(3,u-185)
18 (7,9) (6,14) (6,7) (6,12) (4,9) (4,4) (4,4) (4,17) (4,5) (4,10) (4,7) (4,7) (3,9) (3,3) (3,7) (2,3) (2,3) (18,46) 
layer:3, node:MDDNode(3,u-187), in=18, out=46
choose: Notes
split in: 18 -> (16,2)
split out: 46 -> (37,9,46)
add: MDDNode(3,u-188) MDDNode(3,u-189), del:MDDNode(3,u-187)
19 (7,9) (6,14) (6,7) (6,12) (4,9) (4,4) (4,4) (4,17) (4,5) (4,10) (4,7) (4,7) (3,9) (3,3) (3,7) (2,3) (2,3) (2,9) (16,37) 
layer:3, node:MDDNode(3,u-189), in=16, out=37
choose: Lighting
split in: 16 -> (14,2)
split out: 37 -> (25,13,38)
add: MDDNode(3,u-190) MDDNode(3,u-191), del:MDDNode(3,u-189)
20 (7,9) (6,14) (6,7) (6,12) (4,9) (4,4) (4,4) (4,17) (4,5) (4,10) (4,7) (4,7) (3,9) (3,3) (3,7) (2,3) (2,3) (2,9) (2,13) (14,25) 
layer:3, node:MDDNode(3,u-191), in=14, out=25
choose: Developer tools
split in: 14 -> (12,2)
split out: 25 -> (22,3,25)
add: MDDNode(3,u-192) MDDNode(3,u-193), del:MDDNode(3,u-191)
21 (7,9) (6,14) (6,7) (6,12) (4,9) (4,4) (4,4) (4,17) (4,5) (4,10) (4,7) (4,7) (3,9) (3,3) (3,7) (2,3) (2,3) (2,9) (2,13) (2,3) (12,22) 
layer:3, node:MDDNode(3,u-193), in=12, out=22
choose: Business tools
split in: 12 -> (10,2)
split out: 22 -> (19,3,22)
add: MDDNode(3,u-194) MDDNode(3,u-195), del:MDDNode(3,u-193)
22 (7,9) (6,14) (6,7) (6,12) (4,9) (4,4) (4,4) (4,17) (4,5) (4,10) (4,7) (4,7) (3,9) (3,3) (3,7) (2,3) (2,3) (2,9) (2,13) (2,3) (2,3) (10,19) 
layer:3, node:MDDNode(3,u-195), in=10, out=19
choose: Shopping
split in: 10 -> (9,1)
split out: 19 -> (18,1,19)
add: MDDNode(3,u-196) MDDNode(3,u-197), del:MDDNode(3,u-195)
23 (7,9) (6,14) (6,7) (6,12) (4,9) (4,4) (4,4) (4,17) (4,5) (4,10) (4,7) (4,7) (3,9) (3,3) (3,7) (2,3) (2,3) (2,9) (2,13) (2,3) (2,3) (1,1) (9,18) 
layer:3, node:MDDNode(3,u-197), in=9, out=18
choose: Calendars & scheduling
split in: 9 -> (8,1)
split out: 18 -> (17,1,18)
add: MDDNode(3,u-198) MDDNode(3,u-199), del:MDDNode(3,u-197)
24 (7,9) (6,14) (6,7) (6,12) (4,9) (4,4) (4,4) (4,17) (4,5) (4,10) (4,7) (4,7) (3,9) (3,3) (3,7) (2,3) (2,3) (2,9) (2,13) (2,3) (2,3) (1,1) (1,1) (8,17) 
layer:3, node:MDDNode(3,u-199), in=8, out=17
choose: Gardening
split in: 8 -> (7,1)
split out: 17 -> (13,4,17)
add: MDDNode(3,u-200) MDDNode(3,u-201), del:MDDNode(3,u-199)
25 (7,9) (6,14) (6,7) (6,12) (4,9) (4,4) (4,4) (4,17) (4,5) (4,10) (4,7) (4,7) (3,9) (3,3) (3,7) (2,3) (2,3) (2,9) (2,13) (2,3) (2,3) (1,1) (1,1) (1,4) (7,13) 
layer:3, node:MDDNode(3,u-154), in=7, out=9
split in: 7 -> (6,1)
split out: 9 -> (9,1,10)
add: MDDNode(3,u-202) MDDNode(3,u-203), del:MDDNode(3,u-154)
26 (6,14) (6,7) (6,12) (4,9) (4,4) (4,4) (4,17) (4,5) (4,10) (4,7) (4,7) (3,9) (3,3) (3,7) (2,3) (2,3) (2,9) (2,13) (2,3) (2,3) (1,1) (1,1) (1,4) (7,13) (1,1) (6,9) 
layer:3, node:MDDNode(3,u-201), in=7, out=13
choose: Clocks & displays
split in: 7 -> (6,1)
split out: 13 -> (12,1,13)
add: MDDNode(3,u-204) MDDNode(3,u-205), del:MDDNode(3,u-201)
27 (6,14) (6,7) (6,12) (4,9) (4,4) (4,4) (4,17) (4,5) (4,10) (4,7) (4,7) (3,9) (3,3) (3,7) (2,3) (2,3) (2,9) (2,13) (2,3) (2,3) (1,1) (1,1) (1,4) (1,1) (6,9) (1,1) (6,12) 
layer:3, node:MDDNode(3,u-156), in=6, out=14
split in: 6 -> (5,1)
split out: 14 -> (12,2,14)
add: MDDNode(3,u-206) MDDNode(3,u-207), del:MDDNode(3,u-156)
28 (6,7) (6,12) (4,9) (4,4) (4,4) (4,17) (4,5) (4,10) (4,7) (4,7) (3,9) (3,3) (3,7) (2,3) (2,3) (2,9) (2,13) (2,3) (2,3) (1,1) (1,1) (1,4) (1,1) (6,9) (1,1) (6,12) (1,2) (5,12) 
layer:3, node:MDDNode(3,u-158), in=6, out=7
split in: 6 -> (5,1)
split out: 7 -> (5,2,7)
add: MDDNode(3,u-208) MDDNode(3,u-209), del:MDDNode(3,u-158)
29 (6,12) (4,9) (4,4) (4,4) (4,17) (4,5) (4,10) (4,7) (4,7) (3,9) (3,3) (3,7) (2,3) (2,3) (2,9) (2,13) (2,3) (2,3) (1,1) (1,1) (1,4) (1,1) (6,9) (1,1) (6,12) (1,2) (5,12) (1,2) (5,5) 
layer:3, node:MDDNode(3,u-160), in=6, out=12
split in: 6 -> (5,1)
split out: 12 -> (8,4,12)
add: MDDNode(3,u-210) MDDNode(3,u-211), del:MDDNode(3,u-160)
30 (4,9) (4,4) (4,4) (4,17) (4,5) (4,10) (4,7) (4,7) (3,9) (3,3) (3,7) (2,3) (2,3) (2,9) (2,13) (2,3) (2,3) (1,1) (1,1) (1,4) (1,1) (6,9) (1,1) (6,12) (1,2) (5,12) (1,2) (5,5) (1,4) (5,8) 
layer:3, node:MDDNode(3,u-203), in=6, out=9
split in: 6 -> (5,1)
split out: 9 -> (8,1,9)
add: MDDNode(3,u-212) MDDNode(3,u-213), del:MDDNode(3,u-203)
31 (4,9) (4,4) (4,4) (4,17) (4,5) (4,10) (4,7) (4,7) (3,9) (3,3) (3,7) (2,3) (2,3) (2,9) (2,13) (2,3) (2,3) (1,1) (1,1) (1,4) (1,1) (1,1) (6,12) (1,2) (5,12) (1,2) (5,5) (1,4) (5,8) (1,1) (5,8) 
layer:3, node:MDDNode(3,u-205), in=6, out=12
choose: DIY electronics
split in: 6 -> (5,1)
split out: 12 -> (10,2,12)
add: MDDNode(3,u-214) MDDNode(3,u-215), del:MDDNode(3,u-205)
32 (4,9) (4,4) (4,4) (4,17) (4,5) (4,10) (4,7) (4,7) (3,9) (3,3) (3,7) (2,3) (2,3) (2,9) (2,13) (2,3) (2,3) (1,1) (1,1) (1,4) (1,1) (1,1) (1,2) (5,12) (1,2) (5,5) (1,4) (5,8) (1,1) (5,8) (1,2) (5,10) 
layer:3, node:MDDNode(3,u-207), in=5, out=12
split in: 5 -> (4,1)
split out: 12 -> (6,6,12)
add: MDDNode(3,u-216) MDDNode(3,u-217), del:MDDNode(3,u-207)
33 (4,9) (4,4) (4,4) (4,17) (4,5) (4,10) (4,7) (4,7) (3,9) (3,3) (3,7) (2,3) (2,3) (2,9) (2,13) (2,3) (2,3) (1,1) (1,1) (1,4) (1,1) (1,1) (1,2) (1,2) (5,5) (1,4) (5,8) (1,1) (5,8) (1,2) (5,10) (1,6) (4,6) 
layer:3, node:MDDNode(3,u-209), in=5, out=5
split in: 5 -> (4,1)
split out: 5 -> (4,1,5)
add: MDDNode(3,u-218) MDDNode(3,u-219), del:MDDNode(3,u-209)
34 (4,9) (4,4) (4,4) (4,17) (4,5) (4,10) (4,7) (4,7) (3,9) (3,3) (3,7) (2,3) (2,3) (2,9) (2,13) (2,3) (2,3) (1,1) (1,1) (1,4) (1,1) (1,1) (1,2) (1,2) (1,4) (5,8) (1,1) (5,8) (1,2) (5,10) (1,6) (4,6) (1,1) (4,4) 
layer:3, node:MDDNode(3,u-211), in=5, out=8
split in: 5 -> (4,1)
split out: 8 -> (7,1,8)
add: MDDNode(3,u-220) MDDNode(3,u-221), del:MDDNode(3,u-211)
35 (4,9) (4,4) (4,4) (4,17) (4,5) (4,10) (4,7) (4,7) (3,9) (3,3) (3,7) (2,3) (2,3) (2,9) (2,13) (2,3) (2,3) (1,1) (1,1) (1,4) (1,1) (1,1) (1,2) (1,2) (1,4) (1,1) (5,8) (1,2) (5,10) (1,6) (4,6) (1,1) (4,4) (1,1) (4,7) 
layer:3, node:MDDNode(3,u-213), in=5, out=8
split in: 5 -> (4,1)
split out: 8 -> (7,1,8)
add: MDDNode(3,u-222) MDDNode(3,u-223), del:MDDNode(3,u-213)
36 (4,9) (4,4) (4,4) (4,17) (4,5) (4,10) (4,7) (4,7) (3,9) (3,3) (3,7) (2,3) (2,3) (2,9) (2,13) (2,3) (2,3) (1,1) (1,1) (1,4) (1,1) (1,1) (1,2) (1,2) (1,4) (1,1) (1,2) (5,10) (1,6) (4,6) (1,1) (4,4) (1,1) (4,7) (1,1) (4,7) 
layer:3, node:MDDNode(3,u-215), in=5, out=10
choose: Music
split in: 5 -> (4,1)
split out: 10 -> (8,2,10)
add: MDDNode(3,u-224) MDDNode(3,u-225), del:MDDNode(3,u-215)
37 (4,9) (4,4) (4,4) (4,17) (4,5) (4,10) (4,7) (4,7) (3,9) (3,3) (3,7) (2,3) (2,3) (2,9) (2,13) (2,3) (2,3) (1,1) (1,1) (1,4) (1,1) (1,1) (1,2) (1,2) (1,4) (1,1) (1,2) (1,6) (4,6) (1,1) (4,4) (1,1) (4,7) (1,1) (4,7) (1,2) (4,8) 
layer:3, node:MDDNode(3,u-162), in=4, out=9
split in: 4 -> (3,1)
split out: 9 -> (7,2,9)
add: MDDNode(3,u-226) MDDNode(3,u-227), del:MDDNode(3,u-162)
38 (4,4) (4,4) (4,17) (4,5) (4,10) (4,7) (4,7) (3,9) (3,3) (3,7) (2,3) (2,3) (2,9) (2,13) (2,3) (2,3) (1,1) (1,1) (1,4) (1,1) (1,1) (1,2) (1,2) (1,4) (1,1) (1,2) (1,6) (4,6) (1,1) (4,4) (1,1) (4,7) (1,1) (4,7) (1,2) (4,8) (1,2) (3,7) 
layer:3, node:MDDNode(3,u-164), in=4, out=4
split in: 4 -> (3,1)
split out: 4 -> (3,1,4)
add: MDDNode(3,u-228) MDDNode(3,u-229), del:MDDNode(3,u-164)
39 (4,4) (4,17) (4,5) (4,10) (4,7) (4,7) (3,9) (3,3) (3,7) (2,3) (2,3) (2,9) (2,13) (2,3) (2,3) (1,1) (1,1) (1,4) (1,1) (1,1) (1,2) (1,2) (1,4) (1,1) (1,2) (1,6) (4,6) (1,1) (4,4) (1,1) (4,7) (1,1) (4,7) (1,2) (4,8) (1,2) (3,7) (1,1) (3,3) 
layer:3, node:MDDNode(3,u-166), in=4, out=4
split in: 4 -> (3,1)
split out: 4 -> (3,1,4)
add: MDDNode(3,u-230) MDDNode(3,u-231), del:MDDNode(3,u-166)
40 (4,17) (4,5) (4,10) (4,7) (4,7) (3,9) (3,3) (3,7) (2,3) (2,3) (2,9) (2,13) (2,3) (2,3) (1,1) (1,1) (1,4) (1,1) (1,1) (1,2) (1,2) (1,4) (1,1) (1,2) (1,6) (4,6) (1,1) (4,4) (1,1) (4,7) (1,1) (4,7) (1,2) (4,8) (1,2) (3,7) (1,1) (3,3) (1,1) (3,3) 
layer:3, node:MDDNode(3,u-168), in=4, out=17
split in: 4 -> (3,1)
split out: 17 -> (16,1,17)
add: MDDNode(3,u-232) MDDNode(3,u-233), del:MDDNode(3,u-168)
41 (4,5) (4,10) (4,7) (4,7) (3,9) (3,3) (3,7) (2,3) (2,3) (2,9) (2,13) (2,3) (2,3) (1,1) (1,1) (1,4) (1,1) (1,1) (1,2) (1,2) (1,4) (1,1) (1,2) (1,6) (4,6) (1,1) (4,4) (1,1) (4,7) (1,1) (4,7) (1,2) (4,8) (1,2) (3,7) (1,1) (3,3) (1,1) (3,3) (1,1) (3,16) 
layer:3, node:MDDNode(3,u-170), in=4, out=5
split in: 4 -> (3,1)
split out: 5 -> (4,1,5)
add: MDDNode(3,u-234) MDDNode(3,u-235), del:MDDNode(3,u-170)
42 (4,10) (4,7) (4,7) (3,9) (3,3) (3,7) (2,3) (2,3) (2,9) (2,13) (2,3) (2,3) (1,1) (1,1) (1,4) (1,1) (1,1) (1,2) (1,2) (1,4) (1,1) (1,2) (1,6) (4,6) (1,1) (4,4) (1,1) (4,7) (1,1) (4,7) (1,2) (4,8) (1,2) (3,7) (1,1) (3,3) (1,1) (3,3) (1,1) (3,16) (1,1) (3,4) 
layer:3, node:MDDNode(3,u-172), in=4, out=10
split in: 4 -> (3,1)
split out: 10 -> (7,5,12)
add: MDDNode(3,u-236) MDDNode(3,u-237), del:MDDNode(3,u-172)
43 (4,7) (4,7) (3,9) (3,3) (3,7) (2,3) (2,3) (2,9) (2,13) (2,3) (2,3) (1,1) (1,1) (1,4) (1,1) (1,1) (1,2) (1,2) (1,4) (1,1) (1,2) (1,6) (4,6) (1,1) (4,4) (1,1) (4,7) (1,1) (4,7) (1,2) (4,8) (1,2) (3,7) (1,1) (3,3) (1,1) (3,3) (1,1) (3,16) (1,1) (3,4) (1,5) (3,7) 
layer:3, node:MDDNode(3,u-174), in=4, out=7
split in: 4 -> (3,1)
split out: 7 -> (6,1,7)
add: MDDNode(3,u-238) MDDNode(3,u-239), del:MDDNode(3,u-174)
44 (4,7) (3,9) (3,3) (3,7) (2,3) (2,3) (2,9) (2,13) (2,3) (2,3) (1,1) (1,1) (1,4) (1,1) (1,1) (1,2) (1,2) (1,4) (1,1) (1,2) (1,6) (4,6) (1,1) (4,4) (1,1) (4,7) (1,1) (4,7) (1,2) (4,8) (1,2) (3,7) (1,1) (3,3) (1,1) (3,3) (1,1) (3,16) (1,1) (3,4) (1,5) (3,7) (1,1) (3,6) 
layer:3, node:MDDNode(3,u-176), in=4, out=7
split in: 4 -> (3,1)
split out: 7 -> (7,3,10)
add: MDDNode(3,u-240) MDDNode(3,u-241), del:MDDNode(3,u-176)
45 (3,9) (3,3) (3,7) (2,3) (2,3) (2,9) (2,13) (2,3) (2,3) (1,1) (1,1) (1,4) (1,1) (1,1) (1,2) (1,2) (1,4) (1,1) (1,2) (1,6) (4,6) (1,1) (4,4) (1,1) (4,7) (1,1) (4,7) (1,2) (4,8) (1,2) (3,7) (1,1) (3,3) (1,1) (3,3) (1,1) (3,16) (1,1) (3,4) (1,5) (3,7) (1,1) (3,6) (1,3) (3,7) 
layer:3, node:MDDNode(3,u-217), in=4, out=6
split in: 4 -> (3,1)
split out: 6 -> (6,3,9)
add: MDDNode(3,u-242) MDDNode(3,u-243), del:MDDNode(3,u-217)
46 (3,9) (3,3) (3,7) (2,3) (2,3) (2,9) (2,13) (2,3) (2,3) (1,1) (1,1) (1,4) (1,1) (1,1) (1,2) (1,2) (1,4) (1,1) (1,2) (1,6) (1,1) (4,4) (1,1) (4,7) (1,1) (4,7) (1,2) (4,8) (1,2) (3,7) (1,1) (3,3) (1,1) (3,3) (1,1) (3,16) (1,1) (3,4) (1,5) (3,7) (1,1) (3,6) (1,3) (3,7) (1,3) (3,6) 
layer:3, node:MDDNode(3,u-219), in=4, out=4
split in: 4 -> (3,1)
split out: 4 -> (4,2,6)
add: MDDNode(3,u-244) MDDNode(3,u-245), del:MDDNode(3,u-219)
47 (3,9) (3,3) (3,7) (2,3) (2,3) (2,9) (2,13) (2,3) (2,3) (1,1) (1,1) (1,4) (1,1) (1,1) (1,2) (1,2) (1,4) (1,1) (1,2) (1,6) (1,1) (1,1) (4,7) (1,1) (4,7) (1,2) (4,8) (1,2) (3,7) (1,1) (3,3) (1,1) (3,3) (1,1) (3,16) (1,1) (3,4) (1,5) (3,7) (1,1) (3,6) (1,3) (3,7) (1,3) (3,6) (1,2) (3,4) 
layer:3, node:MDDNode(3,u-221), in=4, out=7
split in: 4 -> (3,1)
split out: 7 -> (6,1,7)
add: MDDNode(3,u-246) MDDNode(3,u-247), del:MDDNode(3,u-221)
48 (3,9) (3,3) (3,7) (2,3) (2,3) (2,9) (2,13) (2,3) (2,3) (1,1) (1,1) (1,4) (1,1) (1,1) (1,2) (1,2) (1,4) (1,1) (1,2) (1,6) (1,1) (1,1) (1,1) (4,7) (1,2) (4,8) (1,2) (3,7) (1,1) (3,3) (1,1) (3,3) (1,1) (3,16) (1,1) (3,4) (1,5) (3,7) (1,1) (3,6) (1,3) (3,7) (1,3) (3,6) (1,2) (3,4) (1,1) (3,6) 
layer:3, node:MDDNode(3,u-223), in=4, out=7
split in: 4 -> (3,1)
split out: 7 -> (6,2,8)
add: MDDNode(3,u-248) MDDNode(3,u-249), del:MDDNode(3,u-223)
49 (3,9) (3,3) (3,7) (2,3) (2,3) (2,9) (2,13) (2,3) (2,3) (1,1) (1,1) (1,4) (1,1) (1,1) (1,2) (1,2) (1,4) (1,1) (1,2) (1,6) (1,1) (1,1) (1,1) (1,2) (4,8) (1,2) (3,7) (1,1) (3,3) (1,1) (3,3) (1,1) (3,16) (1,1) (3,4) (1,5) (3,7) (1,1) (3,6) (1,3) (3,7) (1,3) (3,6) (1,2) (3,4) (1,1) (3,6) (1,2) (3,6) 
layer:3, node:MDDNode(3,u-225), in=4, out=8
choose: Journaling & personal data
split in: 4 -> (3,1)
split out: 8 -> (4,4,8)
add: MDDNode(3,u-250) MDDNode(3,u-251), del:MDDNode(3,u-225)
50 (3,9) (3,3) (3,7) (2,3) (2,3) (2,9) (2,13) (2,3) (2,3) (1,1) (1,1) (1,4) (1,1) (1,1) (1,2) (1,2) (1,4) (1,1) (1,2) (1,6) (1,1) (1,1) (1,1) (1,2) (1,2) (3,7) (1,1) (3,3) (1,1) (3,3) (1,1) (3,16) (1,1) (3,4) (1,5) (3,7) (1,1) (3,6) (1,3) (3,7) (1,3) (3,6) (1,2) (3,4) (1,1) (3,6) (1,2) (3,6) (1,4) (3,4) 
layer:3, node:MDDNode(3,u-178), in=3, out=9
split in: 3 -> (2,1)
split out: 9 -> (8,1,9)
add: MDDNode(3,u-252) MDDNode(3,u-253), del:MDDNode(3,u-178)
51 (3,3) (3,7) (2,3) (2,3) (2,9) (2,13) (2,3) (2,3) (1,1) (1,1) (1,4) (1,1) (1,1) (1,2) (1,2) (1,4) (1,1) (1,2) (1,6) (1,1) (1,1) (1,1) (1,2) (1,2) (3,7) (1,1) (3,3) (1,1) (3,3) (1,1) (3,16) (1,1) (3,4) (1,5) (3,7) (1,1) (3,6) (1,3) (3,7) (1,3) (3,6) (1,2) (3,4) (1,1) (3,6) (1,2) (3,6) (1,4) (3,4) (1,1) (2,8) 
layer:3, node:MDDNode(3,u-180), in=3, out=3
split in: 3 -> (2,1)
split out: 3 -> (2,2,4)
add: MDDNode(3,u-254) MDDNode(3,u-255), del:MDDNode(3,u-180)
52 (3,7) (2,3) (2,3) (2,9) (2,13) (2,3) (2,3) (1,1) (1,1) (1,4) (1,1) (1,1) (1,2) (1,2) (1,4) (1,1) (1,2) (1,6) (1,1) (1,1) (1,1) (1,2) (1,2) (3,7) (1,1) (3,3) (1,1) (3,3) (1,1) (3,16) (1,1) (3,4) (1,5) (3,7) (1,1) (3,6) (1,3) (3,7) (1,3) (3,6) (1,2) (3,4) (1,1) (3,6) (1,2) (3,6) (1,4) (3,4) (1,1) (2,8) (1,2) (2,2) 
layer:3, node:MDDNode(3,u-182), in=3, out=7
split in: 3 -> (2,1)
split out: 7 -> (7,2,9)
add: MDDNode(3,u-256) MDDNode(3,u-257), del:MDDNode(3,u-182)
53 (2,3) (2,3) (2,9) (2,13) (2,3) (2,3) (1,1) (1,1) (1,4) (1,1) (1,1) (1,2) (1,2) (1,4) (1,1) (1,2) (1,6) (1,1) (1,1) (1,1) (1,2) (1,2) (3,7) (1,1) (3,3) (1,1) (3,3) (1,1) (3,16) (1,1) (3,4) (1,5) (3,7) (1,1) (3,6) (1,3) (3,7) (1,3) (3,6) (1,2) (3,4) (1,1) (3,6) (1,2) (3,6) (1,4) (3,4) (1,1) (2,8) (1,2) (2,2) (1,2) (2,7) 
layer:3, node:MDDNode(3,u-227), in=3, out=7
split in: 3 -> (2,1)
split out: 7 -> (5,3,8)
add: MDDNode(3,u-258) MDDNode(3,u-259), del:MDDNode(3,u-227)
54 (2,3) (2,3) (2,9) (2,13) (2,3) (2,3) (1,1) (1,1) (1,4) (1,1) (1,1) (1,2) (1,2) (1,4) (1,1) (1,2) (1,6) (1,1) (1,1) (1,1) (1,2) (1,2) (1,1) (3,3) (1,1) (3,3) (1,1) (3,16) (1,1) (3,4) (1,5) (3,7) (1,1) (3,6) (1,3) (3,7) (1,3) (3,6) (1,2) (3,4) (1,1) (3,6) (1,2) (3,6) (1,4) (3,4) (1,1) (2,8) (1,2) (2,2) (1,2) (2,7) (1,3) (2,5) 
layer:3, node:MDDNode(3,u-229), in=3, out=3
split in: 3 -> (2,1)
split out: 3 -> (2,1,3)
add: MDDNode(3,u-260) MDDNode(3,u-261), del:MDDNode(3,u-229)
55 (2,3) (2,3) (2,9) (2,13) (2,3) (2,3) (1,1) (1,1) (1,4) (1,1) (1,1) (1,2) (1,2) (1,4) (1,1) (1,2) (1,6) (1,1) (1,1) (1,1) (1,2) (1,2) (1,1) (1,1) (3,3) (1,1) (3,16) (1,1) (3,4) (1,5) (3,7) (1,1) (3,6) (1,3) (3,7) (1,3) (3,6) (1,2) (3,4) (1,1) (3,6) (1,2) (3,6) (1,4) (3,4) (1,1) (2,8) (1,2) (2,2) (1,2) (2,7) (1,3) (2,5) (1,1) (2,2) 
layer:3, node:MDDNode(3,u-231), in=3, out=3
split in: 3 -> (2,1)
split out: 3 -> (2,1,3)
add: MDDNode(3,u-262) MDDNode(3,u-263), del:MDDNode(3,u-231)
56 (2,3) (2,3) (2,9) (2,13) (2,3) (2,3) (1,1) (1,1) (1,4) (1,1) (1,1) (1,2) (1,2) (1,4) (1,1) (1,2) (1,6) (1,1) (1,1) (1,1) (1,2) (1,2) (1,1) (1,1) (1,1) (3,16) (1,1) (3,4) (1,5) (3,7) (1,1) (3,6) (1,3) (3,7) (1,3) (3,6) (1,2) (3,4) (1,1) (3,6) (1,2) (3,6) (1,4) (3,4) (1,1) (2,8) (1,2) (2,2) (1,2) (2,7) (1,3) (2,5) (1,1) (2,2) (1,1) (2,2) 
layer:3, node:MDDNode(3,u-233), in=3, out=16
split in: 3 -> (2,1)
split out: 16 -> (10,6,16)
add: MDDNode(3,u-264) MDDNode(3,u-265), del:MDDNode(3,u-233)
57 (2,3) (2,3) (2,9) (2,13) (2,3) (2,3) (1,1) (1,1) (1,4) (1,1) (1,1) (1,2) (1,2) (1,4) (1,1) (1,2) (1,6) (1,1) (1,1) (1,1) (1,2) (1,2) (1,1) (1,1) (1,1) (1,1) (3,4) (1,5) (3,7) (1,1) (3,6) (1,3) (3,7) (1,3) (3,6) (1,2) (3,4) (1,1) (3,6) (1,2) (3,6) (1,4) (3,4) (1,1) (2,8) (1,2) (2,2) (1,2) (2,7) (1,3) (2,5) (1,1) (2,2) (1,1) (2,2) (1,6) (2,10) 
layer:3, node:MDDNode(3,u-235), in=3, out=4
split in: 3 -> (2,1)
split out: 4 -> (3,1,4)
add: MDDNode(3,u-266) MDDNode(3,u-267), del:MDDNode(3,u-235)
58 (2,3) (2,3) (2,9) (2,13) (2,3) (2,3) (1,1) (1,1) (1,4) (1,1) (1,1) (1,2) (1,2) (1,4) (1,1) (1,2) (1,6) (1,1) (1,1) (1,1) (1,2) (1,2) (1,1) (1,1) (1,1) (1,1) (1,5) (3,7) (1,1) (3,6) (1,3) (3,7) (1,3) (3,6) (1,2) (3,4) (1,1) (3,6) (1,2) (3,6) (1,4) (3,4) (1,1) (2,8) (1,2) (2,2) (1,2) (2,7) (1,3) (2,5) (1,1) (2,2) (1,1) (2,2) (1,6) (2,10) (1,1) (2,3) 
layer:3, node:MDDNode(3,u-237), in=3, out=7
split in: 3 -> (2,1)
split out: 7 -> (5,2,7)
add: MDDNode(3,u-268) MDDNode(3,u-269), del:MDDNode(3,u-237)
59 (2,3) (2,3) (2,9) (2,13) (2,3) (2,3) (1,1) (1,1) (1,4) (1,1) (1,1) (1,2) (1,2) (1,4) (1,1) (1,2) (1,6) (1,1) (1,1) (1,1) (1,2) (1,2) (1,1) (1,1) (1,1) (1,1) (1,5) (1,1) (3,6) (1,3) (3,7) (1,3) (3,6) (1,2) (3,4) (1,1) (3,6) (1,2) (3,6) (1,4) (3,4) (1,1) (2,8) (1,2) (2,2) (1,2) (2,7) (1,3) (2,5) (1,1) (2,2) (1,1) (2,2) (1,6) (2,10) (1,1) (2,3) (1,2) (2,5) 
layer:3, node:MDDNode(3,u-239), in=3, out=6
split in: 3 -> (2,1)
split out: 6 -> (4,2,6)
add: MDDNode(3,u-270) MDDNode(3,u-271), del:MDDNode(3,u-239)
60 (2,3) (2,3) (2,9) (2,13) (2,3) (2,3) (1,1) (1,1) (1,4) (1,1) (1,1) (1,2) (1,2) (1,4) (1,1) (1,2) (1,6) (1,1) (1,1) (1,1) (1,2) (1,2) (1,1) (1,1) (1,1) (1,1) (1,5) (1,1) (1,3) (3,7) (1,3) (3,6) (1,2) (3,4) (1,1) (3,6) (1,2) (3,6) (1,4) (3,4) (1,1) (2,8) (1,2) (2,2) (1,2) (2,7) (1,3) (2,5) (1,1) (2,2) (1,1) (2,2) (1,6) (2,10) (1,1) (2,3) (1,2) (2,5) (1,2) (2,4) 
layer:3, node:MDDNode(3,u-241), in=3, out=7
split in: 3 -> (2,1)
split out: 7 -> (5,3,8)
add: MDDNode(3,u-272) MDDNode(3,u-273), del:MDDNode(3,u-241)
61 (2,3) (2,3) (2,9) (2,13) (2,3) (2,3) (1,1) (1,1) (1,4) (1,1) (1,1) (1,2) (1,2) (1,4) (1,1) (1,2) (1,6) (1,1) (1,1) (1,1) (1,2) (1,2) (1,1) (1,1) (1,1) (1,1) (1,5) (1,1) (1,3) (1,3) (3,6) (1,2) (3,4) (1,1) (3,6) (1,2) (3,6) (1,4) (3,4) (1,1) (2,8) (1,2) (2,2) (1,2) (2,7) (1,3) (2,5) (1,1) (2,2) (1,1) (2,2) (1,6) (2,10) (1,1) (2,3) (1,2) (2,5) (1,2) (2,4) (1,3) (2,5) 
layer:3, node:MDDNode(3,u-243), in=3, out=6
split in: 3 -> (2,1)
split out: 6 -> (5,1,6)
add: MDDNode(3,u-274) MDDNode(3,u-275), del:MDDNode(3,u-243)
62 (2,3) (2,3) (2,9) (2,13) (2,3) (2,3) (1,1) (1,1) (1,4) (1,1) (1,1) (1,2) (1,2) (1,4) (1,1) (1,2) (1,6) (1,1) (1,1) (1,1) (1,2) (1,2) (1,1) (1,1) (1,1) (1,1) (1,5) (1,1) (1,3) (1,3) (1,2) (3,4) (1,1) (3,6) (1,2) (3,6) (1,4) (3,4) (1,1) (2,8) (1,2) (2,2) (1,2) (2,7) (1,3) (2,5) (1,1) (2,2) (1,1) (2,2) (1,6) (2,10) (1,1) (2,3) (1,2) (2,5) (1,2) (2,4) (1,3) (2,5) (1,1) (2,5) 
layer:3, node:MDDNode(3,u-245), in=3, out=4
split in: 3 -> (2,1)
split out: 4 -> (4,2,6)
add: MDDNode(3,u-276) MDDNode(3,u-277), del:MDDNode(3,u-245)
63 (2,3) (2,3) (2,9) (2,13) (2,3) (2,3) (1,1) (1,1) (1,4) (1,1) (1,1) (1,2) (1,2) (1,4) (1,1) (1,2) (1,6) (1,1) (1,1) (1,1) (1,2) (1,2) (1,1) (1,1) (1,1) (1,1) (1,5) (1,1) (1,3) (1,3) (1,2) (1,1) (3,6) (1,2) (3,6) (1,4) (3,4) (1,1) (2,8) (1,2) (2,2) (1,2) (2,7) (1,3) (2,5) (1,1) (2,2) (1,1) (2,2) (1,6) (2,10) (1,1) (2,3) (1,2) (2,5) (1,2) (2,4) (1,3) (2,5) (1,1) (2,5) (1,2) (2,4) 
layer:3, node:MDDNode(3,u-247), in=3, out=6
split in: 3 -> (2,1)
split out: 6 -> (3,3,6)
add: MDDNode(3,u-278) MDDNode(3,u-279), del:MDDNode(3,u-247)
64 (2,3) (2,3) (2,9) (2,13) (2,3) (2,3) (1,1) (1,1) (1,4) (1,1) (1,1) (1,2) (1,2) (1,4) (1,1) (1,2) (1,6) (1,1) (1,1) (1,1) (1,2) (1,2) (1,1) (1,1) (1,1) (1,1) (1,5) (1,1) (1,3) (1,3) (1,2) (1,1) (1,2) (3,6) (1,4) (3,4) (1,1) (2,8) (1,2) (2,2) (1,2) (2,7) (1,3) (2,5) (1,1) (2,2) (1,1) (2,2) (1,6) (2,10) (1,1) (2,3) (1,2) (2,5) (1,2) (2,4) (1,3) (2,5) (1,1) (2,5) (1,2) (2,4) (1,3) (2,3) 
layer:3, node:MDDNode(3,u-249), in=3, out=6
split in: 3 -> (2,1)
split out: 6 -> (2,4,6)
add: MDDNode(3,u-280) MDDNode(3,u-281), del:MDDNode(3,u-249)
65 (2,3) (2,3) (2,9) (2,13) (2,3) (2,3) (1,1) (1,1) (1,4) (1,1) (1,1) (1,2) (1,2) (1,4) (1,1) (1,2) (1,6) (1,1) (1,1) (1,1) (1,2) (1,2) (1,1) (1,1) (1,1) (1,1) (1,5) (1,1) (1,3) (1,3) (1,2) (1,1) (1,2) (1,4) (3,4) (1,1) (2,8) (1,2) (2,2) (1,2) (2,7) (1,3) (2,5) (1,1) (2,2) (1,1) (2,2) (1,6) (2,10) (1,1) (2,3) (1,2) (2,5) (1,2) (2,4) (1,3) (2,5) (1,1) (2,5) (1,2) (2,4) (1,3) (2,3) (1,4) (2,2) 
layer:3, node:MDDNode(3,u-251), in=3, out=4
choose: Routers & computer accessories
split in: 3 -> (2,1)
split out: 4 -> (3,1,4)
add: MDDNode(3,u-282) MDDNode(3,u-283), del:MDDNode(3,u-251)
66 (2,3) (2,3) (2,9) (2,13) (2,3) (2,3) (1,1) (1,1) (1,4) (1,1) (1,1) (1,2) (1,2) (1,4) (1,1) (1,2) (1,6) (1,1) (1,1) (1,1) (1,2) (1,2) (1,1) (1,1) (1,1) (1,1) (1,5) (1,1) (1,3) (1,3) (1,2) (1,1) (1,2) (1,4) (1,1) (2,8) (1,2) (2,2) (1,2) (2,7) (1,3) (2,5) (1,1) (2,2) (1,1) (2,2) (1,6) (2,10) (1,1) (2,3) (1,2) (2,5) (1,2) (2,4) (1,3) (2,5) (1,1) (2,5) (1,2) (2,4) (1,3) (2,3) (1,4) (2,2) (1,1) (2,3) 
layer:3, node:MDDNode(3,u-184), in=2, out=3
split in: 2 -> (1,1)
split out: 3 -> (1,2,3)
add: MDDNode(3,u-284) MDDNode(3,u-285), del:MDDNode(3,u-184)
67 (2,3) (2,9) (2,13) (2,3) (2,3) (1,1) (1,1) (1,4) (1,1) (1,1) (1,2) (1,2) (1,4) (1,1) (1,2) (1,6) (1,1) (1,1) (1,1) (1,2) (1,2) (1,1) (1,1) (1,1) (1,1) (1,5) (1,1) (1,3) (1,3) (1,2) (1,1) (1,2) (1,4) (1,1) (2,8) (1,2) (2,2) (1,2) (2,7) (1,3) (2,5) (1,1) (2,2) (1,1) (2,2) (1,6) (2,10) (1,1) (2,3) (1,2) (2,5) (1,2) (2,4) (1,3) (2,5) (1,1) (2,5) (1,2) (2,4) (1,3) (2,3) (1,4) (2,2) (1,1) (2,3) (1,2) (1,1) 
layer:3, node:MDDNode(3,u-186), in=2, out=3
split in: 2 -> (1,1)
split out: 3 -> (1,2,3)
add: MDDNode(3,u-286) MDDNode(3,u-287), del:MDDNode(3,u-186)
68 (2,9) (2,13) (2,3) (2,3) (1,1) (1,1) (1,4) (1,1) (1,1) (1,2) (1,2) (1,4) (1,1) (1,2) (1,6) (1,1) (1,1) (1,1) (1,2) (1,2) (1,1) (1,1) (1,1) (1,1) (1,5) (1,1) (1,3) (1,3) (1,2) (1,1) (1,2) (1,4) (1,1) (2,8) (1,2) (2,2) (1,2) (2,7) (1,3) (2,5) (1,1) (2,2) (1,1) (2,2) (1,6) (2,10) (1,1) (2,3) (1,2) (2,5) (1,2) (2,4) (1,3) (2,5) (1,1) (2,5) (1,2) (2,4) (1,3) (2,3) (1,4) (2,2) (1,1) (2,3) (1,2) (1,1) (1,2) (1,1) 
layer:3, node:MDDNode(3,u-188), in=2, out=9
split in: 2 -> (1,1)
split out: 9 -> (6,3,9)
add: MDDNode(3,u-288) MDDNode(3,u-289), del:MDDNode(3,u-188)
69 (2,13) (2,3) (2,3) (1,1) (1,1) (1,4) (1,1) (1,1) (1,2) (1,2) (1,4) (1,1) (1,2) (1,6) (1,1) (1,1) (1,1) (1,2) (1,2) (1,1) (1,1) (1,1) (1,1) (1,5) (1,1) (1,3) (1,3) (1,2) (1,1) (1,2) (1,4) (1,1) (2,8) (1,2) (2,2) (1,2) (2,7) (1,3) (2,5) (1,1) (2,2) (1,1) (2,2) (1,6) (2,10) (1,1) (2,3) (1,2) (2,5) (1,2) (2,4) (1,3) (2,5) (1,1) (2,5) (1,2) (2,4) (1,3) (2,3) (1,4) (2,2) (1,1) (2,3) (1,2) (1,1) (1,2) (1,1) (1,3) (1,6) 
layer:3, node:MDDNode(3,u-190), in=2, out=13
split in: 2 -> (1,1)
split out: 13 -> (8,5,13)
add: MDDNode(3,u-290) MDDNode(3,u-291), del:MDDNode(3,u-190)
70 (2,3) (2,3) (1,1) (1,1) (1,4) (1,1) (1,1) (1,2) (1,2) (1,4) (1,1) (1,2) (1,6) (1,1) (1,1) (1,1) (1,2) (1,2) (1,1) (1,1) (1,1) (1,1) (1,5) (1,1) (1,3) (1,3) (1,2) (1,1) (1,2) (1,4) (1,1) (2,8) (1,2) (2,2) (1,2) (2,7) (1,3) (2,5) (1,1) (2,2) (1,1) (2,2) (1,6) (2,10) (1,1) (2,3) (1,2) (2,5) (1,2) (2,4) (1,3) (2,5) (1,1) (2,5) (1,2) (2,4) (1,3) (2,3) (1,4) (2,2) (1,1) (2,3) (1,2) (1,1) (1,2) (1,1) (1,3) (1,6) (1,5) (1,8) 
layer:3, node:MDDNode(3,u-192), in=2, out=3
split in: 2 -> (1,1)
split out: 3 -> (2,1,3)
add: MDDNode(3,u-292) MDDNode(3,u-293), del:MDDNode(3,u-192)
71 (2,3) (1,1) (1,1) (1,4) (1,1) (1,1) (1,2) (1,2) (1,4) (1,1) (1,2) (1,6) (1,1) (1,1) (1,1) (1,2) (1,2) (1,1) (1,1) (1,1) (1,1) (1,5) (1,1) (1,3) (1,3) (1,2) (1,1) (1,2) (1,4) (1,1) (2,8) (1,2) (2,2) (1,2) (2,7) (1,3) (2,5) (1,1) (2,2) (1,1) (2,2) (1,6) (2,10) (1,1) (2,3) (1,2) (2,5) (1,2) (2,4) (1,3) (2,5) (1,1) (2,5) (1,2) (2,4) (1,3) (2,3) (1,4) (2,2) (1,1) (2,3) (1,2) (1,1) (1,2) (1,1) (1,3) (1,6) (1,5) (1,8) (1,1) (1,2) 
layer:3, node:MDDNode(3,u-194), in=2, out=3
split in: 2 -> (1,1)
split out: 3 -> (2,1,3)
add: MDDNode(3,u-294) MDDNode(3,u-295), del:MDDNode(3,u-194)
72 (1,1) (1,1) (1,4) (1,1) (1,1) (1,2) (1,2) (1,4) (1,1) (1,2) (1,6) (1,1) (1,1) (1,1) (1,2) (1,2) (1,1) (1,1) (1,1) (1,1) (1,5) (1,1) (1,3) (1,3) (1,2) (1,1) (1,2) (1,4) (1,1) (2,8) (1,2) (2,2) (1,2) (2,7) (1,3) (2,5) (1,1) (2,2) (1,1) (2,2) (1,6) (2,10) (1,1) (2,3) (1,2) (2,5) (1,2) (2,4) (1,3) (2,5) (1,1) (2,5) (1,2) (2,4) (1,3) (2,3) (1,4) (2,2) (1,1) (2,3) (1,2) (1,1) (1,2) (1,1) (1,3) (1,6) (1,5) (1,8) (1,1) (1,2) (1,1) (1,2) 
layer:3, node:MDDNode(3,u-253), in=2, out=8
split in: 2 -> (1,1)
split out: 8 -> (6,2,8)
add: MDDNode(3,u-296) MDDNode(3,u-297), del:MDDNode(3,u-253)
73 (1,1) (1,1) (1,4) (1,1) (1,1) (1,2) (1,2) (1,4) (1,1) (1,2) (1,6) (1,1) (1,1) (1,1) (1,2) (1,2) (1,1) (1,1) (1,1) (1,1) (1,5) (1,1) (1,3) (1,3) (1,2) (1,1) (1,2) (1,4) (1,1) (1,2) (2,2) (1,2) (2,7) (1,3) (2,5) (1,1) (2,2) (1,1) (2,2) (1,6) (2,10) (1,1) (2,3) (1,2) (2,5) (1,2) (2,4) (1,3) (2,5) (1,1) (2,5) (1,2) (2,4) (1,3) (2,3) (1,4) (2,2) (1,1) (2,3) (1,2) (1,1) (1,2) (1,1) (1,3) (1,6) (1,5) (1,8) (1,1) (1,2) (1,1) (1,2) (1,2) (1,6) 
layer:3, node:MDDNode(3,u-255), in=2, out=2
split in: 2 -> (1,1)
split out: 2 -> (1,1,2)
add: MDDNode(3,u-298) MDDNode(3,u-299), del:MDDNode(3,u-255)
74 (1,1) (1,1) (1,4) (1,1) (1,1) (1,2) (1,2) (1,4) (1,1) (1,2) (1,6) (1,1) (1,1) (1,1) (1,2) (1,2) (1,1) (1,1) (1,1) (1,1) (1,5) (1,1) (1,3) (1,3) (1,2) (1,1) (1,2) (1,4) (1,1) (1,2) (1,2) (2,7) (1,3) (2,5) (1,1) (2,2) (1,1) (2,2) (1,6) (2,10) (1,1) (2,3) (1,2) (2,5) (1,2) (2,4) (1,3) (2,5) (1,1) (2,5) (1,2) (2,4) (1,3) (2,3) (1,4) (2,2) (1,1) (2,3) (1,2) (1,1) (1,2) (1,1) (1,3) (1,6) (1,5) (1,8) (1,1) (1,2) (1,1) (1,2) (1,2) (1,6) (1,1) (1,1) 
layer:3, node:MDDNode(3,u-257), in=2, out=7
split in: 2 -> (1,1)
split out: 7 -> (6,2,8)
add: MDDNode(3,u-300) MDDNode(3,u-301), del:MDDNode(3,u-257)
75 (1,1) (1,1) (1,4) (1,1) (1,1) (1,2) (1,2) (1,4) (1,1) (1,2) (1,6) (1,1) (1,1) (1,1) (1,2) (1,2) (1,1) (1,1) (1,1) (1,1) (1,5) (1,1) (1,3) (1,3) (1,2) (1,1) (1,2) (1,4) (1,1) (1,2) (1,2) (1,3) (2,5) (1,1) (2,2) (1,1) (2,2) (1,6) (2,10) (1,1) (2,3) (1,2) (2,5) (1,2) (2,4) (1,3) (2,5) (1,1) (2,5) (1,2) (2,4) (1,3) (2,3) (1,4) (2,2) (1,1) (2,3) (1,2) (1,1) (1,2) (1,1) (1,3) (1,6) (1,5) (1,8) (1,1) (1,2) (1,1) (1,2) (1,2) (1,6) (1,1) (1,1) (1,2) (1,6) 
=profile=
(0, 111) 
(2, 8) (2, 2) (2, 3) (2, 11) (2, 3) (1, 8) (2, 2) (1, 2) (1, 6) (2, 10) (1, 8) (1, 2) (1, 1) (1, 2) (1, 6) (1, 2) (1, 1) (1, 7) (1, 3) (1, 3) (1, 8) (1, 9) (1, 5) (1, 1) (1, 2) (1, 3) (1, 3) (1, 2) (1, 7) (1, 4) (1, 2) (1, 1) (1, 10) (1, 2) (1, 6) (1, 2) (1, 6) (1, 6) (3, 6) (1, 1) (3, 16) (1, 2) (3, 9) (1, 2) (3, 8) (1, 4) (3, 3) (1, 2) (3, 16) (1, 6) (3, 31) (1, 3) (3, 17) (1, 3) (3, 17) (1, 4) (3, 21) (1, 1) (2, 12) (1, 3) (2, 17) (1, 2) (2, 9) (1, 14) (2, 16) (1, 2) (2, 7) (1, 5) (2, 6) (1, 11) (2, 3) (1, 6) (2, 4) (1, 5) (2, 19) 
(482, 88) 
(1, 1) (1, 1) (1, 4) (1, 1) (1, 1) (1, 2) (1, 2) (1, 4) (1, 1) (1, 2) (1, 6) (1, 1) (1, 1) (1, 1) (1, 2) (1, 2) (1, 1) (1, 1) (1, 1) (1, 1) (1, 5) (1, 1) (1, 3) (1, 3) (1, 2) (1, 1) (1, 2) (1, 4) (1, 1) (1, 2) (1, 2) (1, 3) (2, 5) (1, 1) (2, 2) (1, 1) (2, 2) (1, 6) (2, 10) (1, 1) (2, 3) (1, 2) (2, 5) (1, 2) (2, 4) (1, 3) (2, 5) (1, 1) (2, 5) (1, 2) (2, 4) (1, 3) (2, 3) (1, 4) (2, 2) (1, 1) (2, 3) (1, 2) (1, 1) (1, 2) (1, 1) (1, 3) (1, 6) (1, 5) (1, 8) (1, 1) (1, 2) (1, 1) (1, 2) (1, 2) (1, 6) (1, 1) (1, 1) (1, 2) (1, 6) 
(197, 1) 
(1, 0) 
dump to the pickle
the graph width list : [1, 75, 1, 75, 1, 1]
it 1 dev 28.91   dev_h 43.24   dev_v 99.28   new_test 38.94   new_test_h 32.43   new_test_v 99.51   save: 38.94 T: 2020-01-13T19:08 
it 2 dev 31.80   dev_h 41.28   dev_v 99.59   new_test 41.16   new_test_h 31.17   new_test_v 99.88   save: 41.16 T: 2020-01-13T19:10 
it 3 dev 31.17   dev_h 41.62   dev_v 99.47   new_test 40.32   new_test_h 31.49   new_test_v 99.60   
it 4 dev 30.86   dev_h 41.47   dev_v 99.57   new_test 40.44   new_test_h 31.28   new_test_v 99.19   
it 5 dev 30.98   dev_h 41.49   dev_v 99.61   new_test 41.57   new_test_h 30.74   new_test_v 99.68   
it 6 dev 31.17   dev_h 41.61   dev_v 99.61   new_test 41.29   new_test_h 31.17   new_test_v 99.56   
it 7 dev 31.29   dev_h 41.38   dev_v 99.64   new_test 43.43   new_test_h 29.93   new_test_v 99.31   
it 8 dev 31.29   dev_h 41.54   dev_v 99.52   new_test 43.27   new_test_h 30.02   new_test_v 99.27   
it 9 dev 31.27   dev_h 41.51   dev_v 99.54   new_test 42.90   new_test_h 30.35   new_test_v 99.39   
it 10 dev 31.03   dev_h 41.61   dev_v 99.52   new_test 42.54   new_test_h 30.55   new_test_v 99.27   
it 11 dev 31.00   dev_h 41.73   dev_v 99.47   new_test 42.78   new_test_h 30.55   new_test_v 99.27   
it 12 dev 31.27   dev_h 41.65   dev_v 99.42   new_test 42.82   new_test_h 30.40   new_test_v 99.11   
it 13 dev 30.83   dev_h 41.84   dev_v 99.37   new_test 42.54   new_test_h 30.44   new_test_v 99.15   
