args Namespace(config='configs/config_l.json', dataset='dataset/IFTTT/msr_data.pkl', load_model=None, mode='train', output='model/ifttt/width-75/', width='75')
configure: {'max_word_id': 4000, 'bidirectional': True, 'cell_type': 'gru', 'decoder': 'attention', 'embedding_size': 160, 'keep_prob': 0.45, 'memory_size': 25, 'num_layers': 1, 'num_units': 160, 'use_embedding': True, 'epoches': 15, 'batch_size': 32, 'init': {'name': 'random_uniform_initializer', 'scale': 0.1}, 'lr_scheduler': {'decay_steps': 5000, 'init_lr': 0.002, 'decay_rate': 0.9, 'staircase': True}, 'max_grad_norm': 1, 'optimizer': 'AdamOptimizer'}
# path 8580
model/ifttt/width-75/IFTTT-w-75.pkl
load raw and dump to file
numArcLayers: 5
1 1 75
layer 1 incoming edges: 111
choose: News & information
split the incoming edges: 111 13 98
the value pair of raw_data is: 492
split the outgoings edges: 443 60 386 446
add node: MDDNode(1,u_6) MDDNode(1,u_7), remove node: MDDNode(1,u_1)
1 2 75
layer 1 incoming edges: 98
choose: Photo & video
split the incoming edges: 98 9 89
the value pair of raw_data is: 492
split the outgoings edges: 386 35 351 386
add node: MDDNode(1,u_8) MDDNode(1,u_9), remove node: MDDNode(1,u_7)
1 3 75
layer 1 incoming edges: 89
choose: Others
split the incoming edges: 89 7 82
the value pair of raw_data is: 492
split the outgoings edges: 351 21 335 356
add node: MDDNode(1,u_10) MDDNode(1,u_11), remove node: MDDNode(1,u_9)
1 4 75
layer 1 incoming edges: 82
choose: Social networks
split the incoming edges: 82 7 75
the value pair of raw_data is: 492
split the outgoings edges: 335 55 280 335
add node: MDDNode(1,u_12) MDDNode(1,u_13), remove node: MDDNode(1,u_11)
1 5 75
layer 1 incoming edges: 75
choose: Bookmarking
split the incoming edges: 75 6 69
the value pair of raw_data is: 492
split the outgoings edges: 280 12 268 280
add node: MDDNode(1,u_14) MDDNode(1,u_15), remove node: MDDNode(1,u_13)
1 6 75
layer 1 incoming edges: 69
choose: Shopping
split the incoming edges: 69 6 63
the value pair of raw_data is: 492
split the outgoings edges: 268 23 245 268
add node: MDDNode(1,u_16) MDDNode(1,u_17), remove node: MDDNode(1,u_15)
1 7 75
layer 1 incoming edges: 63
choose: Security & monitoring systems
split the incoming edges: 63 5 58
the value pair of raw_data is: 492
split the outgoings edges: 245 18 228 246
add node: MDDNode(1,u_18) MDDNode(1,u_19), remove node: MDDNode(1,u_17)
1 8 75
layer 1 incoming edges: 58
choose: Finance & payments
split the incoming edges: 58 4 54
the value pair of raw_data is: 492
split the outgoings edges: 228 17 211 228
add node: MDDNode(1,u_20) MDDNode(1,u_21), remove node: MDDNode(1,u_19)
1 9 75
layer 1 incoming edges: 54
choose: Mobile devices & accessories
split the incoming edges: 54 4 50
the value pair of raw_data is: 492
split the outgoings edges: 211 12 199 211
add node: MDDNode(1,u_22) MDDNode(1,u_23), remove node: MDDNode(1,u_21)
1 10 75
layer 1 incoming edges: 50
choose: Health & fitness
split the incoming edges: 50 4 46
the value pair of raw_data is: 492
split the outgoings edges: 199 26 174 200
add node: MDDNode(1,u_24) MDDNode(1,u_25), remove node: MDDNode(1,u_23)
1 11 75
layer 1 incoming edges: 46
choose: Email
split the incoming edges: 46 3 43
the value pair of raw_data is: 492
split the outgoings edges: 174 10 164 174
add node: MDDNode(1,u_26) MDDNode(1,u_27), remove node: MDDNode(1,u_25)
1 12 75
layer 1 incoming edges: 43
choose: Power monitoring & management
split the incoming edges: 43 3 40
the value pair of raw_data is: 492
split the outgoings edges: 164 11 155 166
add node: MDDNode(1,u_28) MDDNode(1,u_29), remove node: MDDNode(1,u_27)
1 13 75
layer 1 incoming edges: 40
choose: Weather
split the incoming edges: 40 3 37
the value pair of raw_data is: 492
split the outgoings edges: 155 30 129 159
add node: MDDNode(1,u_30) MDDNode(1,u_31), remove node: MDDNode(1,u_29)
1 14 75
layer 1 incoming edges: 37
choose: Smart hubs & systems
split the incoming edges: 37 3 34
the value pair of raw_data is: 492
split the outgoings edges: 129 20 113 133
add node: MDDNode(1,u_32) MDDNode(1,u_33), remove node: MDDNode(1,u_31)
1 15 75
layer 1 incoming edges: 34
choose: Blogging
split the incoming edges: 34 3 31
the value pair of raw_data is: 492
split the outgoings edges: 113 13 100 113
add node: MDDNode(1,u_34) MDDNode(1,u_35), remove node: MDDNode(1,u_33)
1 16 75
layer 1 incoming edges: 31
choose: Notifications
split the incoming edges: 31 3 28
the value pair of raw_data is: 492
split the outgoings edges: 100 4 96 100
add node: MDDNode(1,u_36) MDDNode(1,u_37), remove node: MDDNode(1,u_35)
1 17 75
layer 1 incoming edges: 28
choose: Gardening
split the incoming edges: 28 3 25
the value pair of raw_data is: 492
split the outgoings edges: 96 9 87 96
add node: MDDNode(1,u_38) MDDNode(1,u_39), remove node: MDDNode(1,u_37)
1 18 75
layer 1 incoming edges: 25
choose: Environment control & monitoring
split the incoming edges: 25 3 22
the value pair of raw_data is: 492
split the outgoings edges: 87 9 78 87
add node: MDDNode(1,u_40) MDDNode(1,u_41), remove node: MDDNode(1,u_39)
1 19 75
layer 1 incoming edges: 22
choose: Task management & to-dos
split the incoming edges: 22 2 20
the value pair of raw_data is: 492
split the outgoings edges: 78 11 67 78
add node: MDDNode(1,u_42) MDDNode(1,u_43), remove node: MDDNode(1,u_41)
1 20 75
layer 1 incoming edges: 20
choose: Communication
split the incoming edges: 20 2 18
the value pair of raw_data is: 492
split the outgoings edges: 67 12 55 67
add node: MDDNode(1,u_44) MDDNode(1,u_45), remove node: MDDNode(1,u_43)
1 21 75
layer 1 incoming edges: 18
choose: Calendars & scheduling
split the incoming edges: 18 2 16
the value pair of raw_data is: 492
split the outgoings edges: 55 8 47 55
add node: MDDNode(1,u_46) MDDNode(1,u_47), remove node: MDDNode(1,u_45)
1 22 75
layer 1 incoming edges: 16
choose: Appliances
split the incoming edges: 16 2 14
the value pair of raw_data is: 492
split the outgoings edges: 47 2 45 47
add node: MDDNode(1,u_48) MDDNode(1,u_49), remove node: MDDNode(1,u_47)
1 23 75
layer 1 incoming edges: 14
choose: DIY electronics
split the incoming edges: 14 2 12
the value pair of raw_data is: 492
split the outgoings edges: 45 2 43 45
add node: MDDNode(1,u_50) MDDNode(1,u_51), remove node: MDDNode(1,u_49)
1 24 75
layer 1 incoming edges: 13
only split: [MDDArc('digg', MDDNode(0, 's'), MDDNode(1, 'u_6'))]
split the incoming edges: 13 1 12
the value pair of raw_data is: 492
split the outgoings edges: 60 8 52 60
add node: MDDNode(1,u_52) MDDNode(1,u_53), remove node: MDDNode(1,u_6)
1 25 75
layer 1 incoming edges: 12
choose: Connected car
split the incoming edges: 12 2 10
the value pair of raw_data is: 492
split the outgoings edges: 43 10 33 43
add node: MDDNode(1,u_54) MDDNode(1,u_55), remove node: MDDNode(1,u_51)
1 26 75
layer 1 incoming edges: 12
only split: [MDDArc('newsblur', MDDNode(0, 's'), MDDNode(1, 'u_53'))]
split the incoming edges: 12 1 11
the value pair of raw_data is: 492
split the outgoings edges: 52 4 48 52
add node: MDDNode(1,u_56) MDDNode(1,u_57), remove node: MDDNode(1,u_53)
1 27 75
layer 1 incoming edges: 11
only split: [MDDArc('craigslist', MDDNode(0, 's'), MDDNode(1, 'u_57'))]
split the incoming edges: 11 1 10
the value pair of raw_data is: 492
split the outgoings edges: 48 1 47 48
add node: MDDNode(1,u_58) MDDNode(1,u_59), remove node: MDDNode(1,u_57)
1 28 75
layer 1 incoming edges: 10
choose: Contacts
split the incoming edges: 10 2 8
the value pair of raw_data is: 492
split the outgoings edges: 33 3 30 33
add node: MDDNode(1,u_60) MDDNode(1,u_61), remove node: MDDNode(1,u_55)
1 29 75
layer 1 incoming edges: 10
only split: [MDDArc('feed', MDDNode(0, 's'), MDDNode(1, 'u_59'))]
split the incoming edges: 10 1 9
the value pair of raw_data is: 492
split the outgoings edges: 47 2 45 47
add node: MDDNode(1,u_62) MDDNode(1,u_63), remove node: MDDNode(1,u_59)
1 30 75
layer 1 incoming edges: 9
only split: [MDDArc('dailymotion', MDDNode(0, 's'), MDDNode(1, 'u_8'))]
split the incoming edges: 9 1 8
the value pair of raw_data is: 492
split the outgoings edges: 35 3 33 36
add node: MDDNode(1,u_64) MDDNode(1,u_65), remove node: MDDNode(1,u_8)
1 31 75
layer 1 incoming edges: 9
only split: [MDDArc('sports_illustrated', MDDNode(0, 's'), MDDNode(1, 'u_63'))]
split the incoming edges: 9 1 8
the value pair of raw_data is: 492
split the outgoings edges: 45 2 45 47
add node: MDDNode(1,u_66) MDDNode(1,u_67), remove node: MDDNode(1,u_63)
1 32 75
layer 1 incoming edges: 8
choose: Developer tools
split the incoming edges: 8 1 7
the value pair of raw_data is: 492
split the outgoings edges: 30 5 25 30
add node: MDDNode(1,u_68) MDDNode(1,u_69), remove node: MDDNode(1,u_61)
1 33 75
layer 1 incoming edges: 8
only split: [MDDArc('giphy', MDDNode(0, 's'), MDDNode(1, 'u_65'))]
split the incoming edges: 8 1 7
the value pair of raw_data is: 492
split the outgoings edges: 33 3 30 33
add node: MDDNode(1,u_70) MDDNode(1,u_71), remove node: MDDNode(1,u_65)
1 34 75
layer 1 incoming edges: 8
only split: [MDDArc('the_new_york_times', MDDNode(0, 's'), MDDNode(1, 'u_67'))]
split the incoming edges: 8 1 7
the value pair of raw_data is: 492
split the outgoings edges: 45 8 37 45
add node: MDDNode(1,u_72) MDDNode(1,u_73), remove node: MDDNode(1,u_67)
1 35 75
layer 1 incoming edges: 7
only split: [MDDArc('chain', MDDNode(0, 's'), MDDNode(1, 'u_10'))]
split the incoming edges: 7 1 6
the value pair of raw_data is: 492
split the outgoings edges: 21 1 20 21
add node: MDDNode(1,u_74) MDDNode(1,u_75), remove node: MDDNode(1,u_10)
1 36 75
layer 1 incoming edges: 7
only split: [MDDArc('instagram', MDDNode(0, 's'), MDDNode(1, 'u_12'))]
split the incoming edges: 7 1 6
the value pair of raw_data is: 492
split the outgoings edges: 55 12 43 55
add node: MDDNode(1,u_76) MDDNode(1,u_77), remove node: MDDNode(1,u_12)
1 37 75
layer 1 incoming edges: 7
choose: Lighting
split the incoming edges: 7 1 6
the value pair of raw_data is: 492
split the outgoings edges: 25 3 22 25
add node: MDDNode(1,u_78) MDDNode(1,u_79), remove node: MDDNode(1,u_69)
1 38 75
layer 1 incoming edges: 7
only split: [MDDArc('500px', MDDNode(0, 's'), MDDNode(1, 'u_71'))]
split the incoming edges: 7 1 6
the value pair of raw_data is: 492
split the outgoings edges: 30 6 24 30
add node: MDDNode(1,u_80) MDDNode(1,u_81), remove node: MDDNode(1,u_71)
1 39 75
layer 1 incoming edges: 7
only split: [MDDArc('time', MDDNode(0, 's'), MDDNode(1, 'u_73'))]
split the incoming edges: 7 1 6
the value pair of raw_data is: 492
split the outgoings edges: 37 2 37 39
add node: MDDNode(1,u_82) MDDNode(1,u_83), remove node: MDDNode(1,u_73)
1 40 75
layer 1 incoming edges: 6
only split: [MDDArc('pinboard', MDDNode(0, 's'), MDDNode(1, 'u_14'))]
split the incoming edges: 6 1 5
the value pair of raw_data is: 492
split the outgoings edges: 12 2 12 14
add node: MDDNode(1,u_84) MDDNode(1,u_85), remove node: MDDNode(1,u_14)
1 41 75
layer 1 incoming edges: 6
only split: [MDDArc('trackif', MDDNode(0, 's'), MDDNode(1, 'u_16'))]
split the incoming edges: 6 1 5
the value pair of raw_data is: 492
split the outgoings edges: 23 6 17 23
add node: MDDNode(1,u_86) MDDNode(1,u_87), remove node: MDDNode(1,u_16)
1 42 75
layer 1 incoming edges: 6
only split: [MDDArc('eyefi', MDDNode(0, 's'), MDDNode(1, 'u_75'))]
split the incoming edges: 6 1 5
the value pair of raw_data is: 492
split the outgoings edges: 20 2 18 20
add node: MDDNode(1,u_88) MDDNode(1,u_89), remove node: MDDNode(1,u_75)
1 43 75
layer 1 incoming edges: 6
only split: [MDDArc('facebook', MDDNode(0, 's'), MDDNode(1, 'u_77'))]
split the incoming edges: 6 1 5
the value pair of raw_data is: 492
split the outgoings edges: 43 10 33 43
add node: MDDNode(1,u_90) MDDNode(1,u_91), remove node: MDDNode(1,u_77)
1 44 75
layer 1 incoming edges: 6
choose: Cloud storage
split the incoming edges: 6 1 5
the value pair of raw_data is: 492
split the outgoings edges: 22 2 20 22
add node: MDDNode(1,u_92) MDDNode(1,u_93), remove node: MDDNode(1,u_79)
1 45 75
layer 1 incoming edges: 6
only split: [MDDArc('flickr', MDDNode(0, 's'), MDDNode(1, 'u_81'))]
split the incoming edges: 6 1 5
the value pair of raw_data is: 492
split the outgoings edges: 24 5 19 24
add node: MDDNode(1,u_94) MDDNode(1,u_95), remove node: MDDNode(1,u_81)
1 46 75
layer 1 incoming edges: 6
only split: [MDDArc('espn', MDDNode(0, 's'), MDDNode(1, 'u_83'))]
split the incoming edges: 6 1 5
the value pair of raw_data is: 492
split the outgoings edges: 37 6 31 37
add node: MDDNode(1,u_96) MDDNode(1,u_97), remove node: MDDNode(1,u_83)
1 47 75
layer 1 incoming edges: 5
only split: [MDDArc('myfox_homecontrol', MDDNode(0, 's'), MDDNode(1, 'u_18'))]
split the incoming edges: 5 1 4
the value pair of raw_data is: 492
split the outgoings edges: 18 5 13 18
add node: MDDNode(1,u_98) MDDNode(1,u_99), remove node: MDDNode(1,u_18)
1 48 75
layer 1 incoming edges: 5
only split: [MDDArc('bitly', MDDNode(0, 's'), MDDNode(1, 'u_85'))]
split the incoming edges: 5 1 4
the value pair of raw_data is: 492
split the outgoings edges: 12 1 11 12
add node: MDDNode(1,u_100) MDDNode(1,u_101), remove node: MDDNode(1,u_85)
1 49 75
layer 1 incoming edges: 5
only split: [MDDArc('slice', MDDNode(0, 's'), MDDNode(1, 'u_87'))]
split the incoming edges: 5 1 4
the value pair of raw_data is: 492
split the outgoings edges: 17 2 15 17
add node: MDDNode(1,u_102) MDDNode(1,u_103), remove node: MDDNode(1,u_87)
1 50 75
layer 1 incoming edges: 5
only split: [MDDArc('up_by_jawbone', MDDNode(0, 's'), MDDNode(1, 'u_89'))]
split the incoming edges: 5 1 4
the value pair of raw_data is: 492
split the outgoings edges: 18 13 5 18
add node: MDDNode(1,u_104) MDDNode(1,u_105), remove node: MDDNode(1,u_89)
1 51 75
layer 1 incoming edges: 5
only split: [MDDArc('sina_weibo', MDDNode(0, 's'), MDDNode(1, 'u_91'))]
split the incoming edges: 5 1 4
the value pair of raw_data is: 492
split the outgoings edges: 33 2 32 34
add node: MDDNode(1,u_106) MDDNode(1,u_107), remove node: MDDNode(1,u_91)
1 52 75
layer 1 incoming edges: 5
choose: Business tools
split the incoming edges: 5 1 4
the value pair of raw_data is: 492
split the outgoings edges: 20 2 18 20
add node: MDDNode(1,u_108) MDDNode(1,u_109), remove node: MDDNode(1,u_93)
1 53 75
layer 1 incoming edges: 5
only split: [MDDArc('ios_photos', MDDNode(0, 's'), MDDNode(1, 'u_95'))]
split the incoming edges: 5 1 4
the value pair of raw_data is: 492
split the outgoings edges: 19 6 16 22
add node: MDDNode(1,u_110) MDDNode(1,u_111), remove node: MDDNode(1,u_95)
1 54 75
layer 1 incoming edges: 5
only split: [MDDArc('feedly', MDDNode(0, 's'), MDDNode(1, 'u_97'))]
split the incoming edges: 5 1 4
the value pair of raw_data is: 492
split the outgoings edges: 31 4 27 31
add node: MDDNode(1,u_112) MDDNode(1,u_113), remove node: MDDNode(1,u_97)
1 55 75
layer 1 incoming edges: 4
only split: [MDDArc('stripe', MDDNode(0, 's'), MDDNode(1, 'u_20'))]
split the incoming edges: 4 1 3
the value pair of raw_data is: 492
split the outgoings edges: 17 5 12 17
add node: MDDNode(1,u_114) MDDNode(1,u_115), remove node: MDDNode(1,u_20)
1 56 75
layer 1 incoming edges: 4
only split: [MDDArc('android_wear', MDDNode(0, 's'), MDDNode(1, 'u_22'))]
split the incoming edges: 4 1 3
the value pair of raw_data is: 492
split the outgoings edges: 12 1 11 12
add node: MDDNode(1,u_116) MDDNode(1,u_117), remove node: MDDNode(1,u_22)
1 57 75
layer 1 incoming edges: 4
only split: [MDDArc('withings', MDDNode(0, 's'), MDDNode(1, 'u_24'))]
split the incoming edges: 4 1 3
the value pair of raw_data is: 492
split the outgoings edges: 26 8 18 26
add node: MDDNode(1,u_118) MDDNode(1,u_119), remove node: MDDNode(1,u_24)
1 58 75
layer 1 incoming edges: 4
only split: [MDDArc('wemo_motion', MDDNode(0, 's'), MDDNode(1, 'u_99'))]
split the incoming edges: 4 1 3
the value pair of raw_data is: 492
split the outgoings edges: 13 2 11 13
add node: MDDNode(1,u_120) MDDNode(1,u_121), remove node: MDDNode(1,u_99)
1 59 75
layer 1 incoming edges: 4
only split: [MDDArc('pocket', MDDNode(0, 's'), MDDNode(1, 'u_101'))]
split the incoming edges: 4 1 3
the value pair of raw_data is: 492
split the outgoings edges: 11 4 7 11
add node: MDDNode(1,u_122) MDDNode(1,u_123), remove node: MDDNode(1,u_101)
1 60 75
layer 1 incoming edges: 4
only split: [MDDArc('best_buy', MDDNode(0, 's'), MDDNode(1, 'u_103'))]
split the incoming edges: 4 1 3
the value pair of raw_data is: 492
split the outgoings edges: 15 4 11 15
add node: MDDNode(1,u_124) MDDNode(1,u_125), remove node: MDDNode(1,u_103)
1 61 75
layer 1 incoming edges: 4
only split: [MDDArc('launch_center', MDDNode(0, 's'), MDDNode(1, 'u_105'))]
split the incoming edges: 4 1 3
the value pair of raw_data is: 492
split the outgoings edges: 5 1 4 5
add node: MDDNode(1,u_126) MDDNode(1,u_127), remove node: MDDNode(1,u_105)
1 62 75
layer 1 incoming edges: 4
only split: [MDDArc('facebook_pages', MDDNode(0, 's'), MDDNode(1, 'u_107'))]
split the incoming edges: 4 1 3
the value pair of raw_data is: 492
split the outgoings edges: 32 6 26 32
add node: MDDNode(1,u_128) MDDNode(1,u_129), remove node: MDDNode(1,u_107)
1 63 75
layer 1 incoming edges: 4
choose: Journaling & personal data
split the incoming edges: 4 1 3
the value pair of raw_data is: 492
split the outgoings edges: 18 3 15 18
add node: MDDNode(1,u_130) MDDNode(1,u_131), remove node: MDDNode(1,u_109)
1 64 75
layer 1 incoming edges: 4
only split: [MDDArc('android_photos', MDDNode(0, 's'), MDDNode(1, 'u_111'))]
split the incoming edges: 4 1 3
the value pair of raw_data is: 492
split the outgoings edges: 16 3 13 16
add node: MDDNode(1,u_132) MDDNode(1,u_133), remove node: MDDNode(1,u_111)
1 65 75
layer 1 incoming edges: 4
only split: [MDDArc('instyle', MDDNode(0, 's'), MDDNode(1, 'u_113'))]
split the incoming edges: 4 1 3
the value pair of raw_data is: 492
split the outgoings edges: 27 2 25 27
add node: MDDNode(1,u_134) MDDNode(1,u_135), remove node: MDDNode(1,u_113)
1 66 75
layer 1 incoming edges: 3
only split: [MDDArc('followup.cc', MDDNode(0, 's'), MDDNode(1, 'u_26'))]
split the incoming edges: 3 1 2
the value pair of raw_data is: 492
split the outgoings edges: 10 2 8 10
add node: MDDNode(1,u_136) MDDNode(1,u_137), remove node: MDDNode(1,u_26)
1 67 75
layer 1 incoming edges: 3
only split: [MDDArc('wemo_insight_switch', MDDNode(0, 's'), MDDNode(1, 'u_28'))]
split the incoming edges: 3 1 2
the value pair of raw_data is: 492
split the outgoings edges: 11 6 7 13
add node: MDDNode(1,u_138) MDDNode(1,u_139), remove node: MDDNode(1,u_28)
1 68 75
layer 1 incoming edges: 3
only split: [MDDArc('surfline', MDDNode(0, 's'), MDDNode(1, 'u_30'))]
split the incoming edges: 3 1 2
the value pair of raw_data is: 492
split the outgoings edges: 30 2 28 30
add node: MDDNode(1,u_140) MDDNode(1,u_141), remove node: MDDNode(1,u_30)
1 69 75
layer 1 incoming edges: 3
only split: [MDDArc('wemo_maker', MDDNode(0, 's'), MDDNode(1, 'u_32'))]
split the incoming edges: 3 1 2
the value pair of raw_data is: 492
split the outgoings edges: 20 1 19 20
add node: MDDNode(1,u_142) MDDNode(1,u_143), remove node: MDDNode(1,u_32)
1 70 75
layer 1 incoming edges: 3
only split: [MDDArc('blogger', MDDNode(0, 's'), MDDNode(1, 'u_34'))]
split the incoming edges: 3 1 2
the value pair of raw_data is: 492
split the outgoings edges: 13 2 12 14
add node: MDDNode(1,u_144) MDDNode(1,u_145), remove node: MDDNode(1,u_34)
1 71 75
layer 1 incoming edges: 3
only split: [MDDArc('is_it_christmas?', MDDNode(0, 's'), MDDNode(1, 'u_36'))]
split the incoming edges: 3 1 2
the value pair of raw_data is: 492
split the outgoings edges: 4 1 3 4
add node: MDDNode(1,u_146) MDDNode(1,u_147), remove node: MDDNode(1,u_36)
1 72 75
layer 1 incoming edges: 3
only split: [MDDArc('parrot_flower_power', MDDNode(0, 's'), MDDNode(1, 'u_38'))]
split the incoming edges: 3 1 2
the value pair of raw_data is: 492
split the outgoings edges: 9 5 4 9
add node: MDDNode(1,u_148) MDDNode(1,u_149), remove node: MDDNode(1,u_38)
1 73 75
layer 1 incoming edges: 3
only split: [MDDArc('nest_thermostat', MDDNode(0, 's'), MDDNode(1, 'u_40'))]
split the incoming edges: 3 1 2
the value pair of raw_data is: 492
split the outgoings edges: 9 4 7 11
add node: MDDNode(1,u_150) MDDNode(1,u_151), remove node: MDDNode(1,u_40)
1 74 75
layer 1 incoming edges: 3
only split: [MDDArc('gumroad', MDDNode(0, 's'), MDDNode(1, 'u_115'))]
split the incoming edges: 3 1 2
the value pair of raw_data is: 492
split the outgoings edges: 12 1 11 12
add node: MDDNode(1,u_152) MDDNode(1,u_153), remove node: MDDNode(1,u_115)
dump to the pickle
The bucket size: [25]
the graph width list : [1, 75, 1, 1, 1, 1]
it 1 train 0.3348   train_hm 0.1663   dev 0.2931   intelligible 0.3602   intelligible_hm 0.1599   save acc: 0.3602 T: 2019-12-14T10:02 
it 2 train 0.4180   train_hm 0.1455   dev 0.3336   intelligible 0.4023   intelligible_hm 0.1494   save acc: 0.4023 T: 2019-12-14T10:04 
it 3 train 0.4732   train_hm 0.1317   dev 0.3346   intelligible 0.4273   intelligible_hm 0.1432   save acc: 0.4273 T: 2019-12-14T10:06 
it 4 train 0.5153   train_hm 0.1212   dev 0.3502   intelligible 0.4420   intelligible_hm 0.1395   save acc: 0.4420 T: 2019-12-14T10:08 
it 5 train 0.5462   train_hm 0.1135   dev 0.3502   intelligible 0.4470   intelligible_hm 0.1383   
it 6 train 0.5669   train_hm 0.1083   dev 0.3533   intelligible 0.4481   intelligible_hm 0.1380   save acc: 0.4481 T: 2019-12-14T10:12 
it 7 train 0.5855   train_hm 0.1036   dev 0.3472   intelligible 0.4455   intelligible_hm 0.1386   
it 8 train 0.6033   train_hm 0.0992   dev 0.3445   intelligible 0.4447   intelligible_hm 0.1388   
it 9 train 0.6129   train_hm 0.0968   dev 0.3512   intelligible 0.4432   intelligible_hm 0.1392   
it 10 train 0.6221   train_hm 0.0945   dev 0.3448   intelligible 0.4439   intelligible_hm 0.1390   
it 11 train 0.6305   train_hm 0.0924   dev 0.3424   intelligible 0.4420   intelligible_hm 0.1395   
it 12 train 0.6357   train_hm 0.0911   dev 0.3427   intelligible 0.4417   intelligible_hm 0.1396   
it 13 train 0.6401   train_hm 0.0900   dev 0.3422   intelligible 0.4420   intelligible_hm 0.1395   
it 14 train 0.6431   train_hm 0.0892   dev 0.3405   intelligible 0.4390   intelligible_hm 0.1402   
it 15 train 0.6457   train_hm 0.0886   dev 0.3400   intelligible 0.4432   intelligible_hm 0.1392   
it 16 train 0.6473   train_hm 0.0882   dev 0.3403   intelligible 0.4417   intelligible_hm 0.1396   
