args Namespace(config='configs/config_l.json', dataset='dataset/IFTTT/msr_data.pkl', load_model=None, mode='train', output='model/ifttt/width-35/', width='35')
configure: {'max_word_id': 3782, 'bidirectional': True, 'cell_type': 'lstm', 'decoder': 'attention', 'embedding_size': 100, 'keep_prob': 0.75, 'memory_size': 100, 'num_units': 100, 'use_embedding': True, 'epoches': 12, 'batch_size': 20, 'init': {'name': 'random_uniform_initializer', 'scale': 0.1}, 'lr_scheduler': {'decay_steps': 5000, 'init_lr': 0.02, 'decay_rate': 0.9, 'staircase': True}, 'max_grad_norm': 1, 'optimizer': 'AdamOptimizer'}
# path 8549
model/ifttt/width-35/dataset-w-35.pkl
load raw and dump to file
numArcLayers: 5
layer:1, node:MDDNode(1,u_1), in=111, out=443
choose: News & information
split in: 111 -> (98,13)
split out: 443 -> (386,60,446)
add: MDDNode(1,u-6) MDDNode(1,u-7), del:MDDNode(1,u_1)
2 (13,60) (98,386) 
layer:1, node:MDDNode(1,u-7), in=98, out=386
choose: Photo & video
split in: 98 -> (89,9)
split out: 386 -> (351,35,386)
add: MDDNode(1,u-8) MDDNode(1,u-9), del:MDDNode(1,u-7)
3 (13,60) (9,35) (89,351) 
layer:1, node:MDDNode(1,u-9), in=89, out=351
choose: Others
split in: 89 -> (82,7)
split out: 351 -> (335,21,356)
add: MDDNode(1,u-10) MDDNode(1,u-11), del:MDDNode(1,u-9)
4 (13,60) (9,35) (7,21) (82,335) 
layer:1, node:MDDNode(1,u-11), in=82, out=335
choose: Social networks
split in: 82 -> (75,7)
split out: 335 -> (280,55,335)
add: MDDNode(1,u-12) MDDNode(1,u-13), del:MDDNode(1,u-11)
5 (13,60) (9,35) (7,21) (7,55) (75,280) 
layer:1, node:MDDNode(1,u-13), in=75, out=280
choose: Shopping
split in: 75 -> (69,6)
split out: 280 -> (257,23,280)
add: MDDNode(1,u-14) MDDNode(1,u-15), del:MDDNode(1,u-13)
6 (13,60) (9,35) (7,21) (7,55) (6,23) (69,257) 
layer:1, node:MDDNode(1,u-15), in=69, out=257
choose: Bookmarking
split in: 69 -> (63,6)
split out: 257 -> (245,12,257)
add: MDDNode(1,u-16) MDDNode(1,u-17), del:MDDNode(1,u-15)
7 (13,60) (9,35) (7,21) (7,55) (6,23) (6,12) (63,245) 
layer:1, node:MDDNode(1,u-17), in=63, out=245
choose: Security & monitoring systems
split in: 63 -> (58,5)
split out: 245 -> (228,18,246)
add: MDDNode(1,u-18) MDDNode(1,u-19), del:MDDNode(1,u-17)
8 (13,60) (9,35) (7,21) (7,55) (6,23) (6,12) (5,18) (58,228) 
layer:1, node:MDDNode(1,u-19), in=58, out=228
choose: Finance & payments
split in: 58 -> (54,4)
split out: 228 -> (211,17,228)
add: MDDNode(1,u-20) MDDNode(1,u-21), del:MDDNode(1,u-19)
9 (13,60) (9,35) (7,21) (7,55) (6,23) (6,12) (5,18) (4,17) (54,211) 
layer:1, node:MDDNode(1,u-21), in=54, out=211
choose: Health & fitness
split in: 54 -> (50,4)
split out: 211 -> (186,26,212)
add: MDDNode(1,u-22) MDDNode(1,u-23), del:MDDNode(1,u-21)
10 (13,60) (9,35) (7,21) (7,55) (6,23) (6,12) (5,18) (4,17) (4,26) (50,186) 
layer:1, node:MDDNode(1,u-23), in=50, out=186
choose: Mobile devices & accessories
split in: 50 -> (46,4)
split out: 186 -> (174,12,186)
add: MDDNode(1,u-24) MDDNode(1,u-25), del:MDDNode(1,u-23)
11 (13,60) (9,35) (7,21) (7,55) (6,23) (6,12) (5,18) (4,17) (4,26) (4,12) (46,174) 
layer:1, node:MDDNode(1,u-25), in=46, out=174
choose: Communication
split in: 46 -> (43,3)
split out: 174 -> (161,13,174)
add: MDDNode(1,u-26) MDDNode(1,u-27), del:MDDNode(1,u-25)
12 (13,60) (9,35) (7,21) (7,55) (6,23) (6,12) (5,18) (4,17) (4,26) (4,12) (3,13) (43,161) 
layer:1, node:MDDNode(1,u-27), in=43, out=161
choose: Environment control & monitoring
split in: 43 -> (40,3)
split out: 161 -> (154,9,163)
add: MDDNode(1,u-28) MDDNode(1,u-29), del:MDDNode(1,u-27)
13 (13,60) (9,35) (7,21) (7,55) (6,23) (6,12) (5,18) (4,17) (4,26) (4,12) (3,13) (3,9) (40,154) 
layer:1, node:MDDNode(1,u-29), in=40, out=154
choose: Gardening
split in: 40 -> (37,3)
split out: 154 -> (145,9,154)
add: MDDNode(1,u-30) MDDNode(1,u-31), del:MDDNode(1,u-29)
14 (13,60) (9,35) (7,21) (7,55) (6,23) (6,12) (5,18) (4,17) (4,26) (4,12) (3,13) (3,9) (3,9) (37,145) 
layer:1, node:MDDNode(1,u-31), in=37, out=145
choose: Blogging
split in: 37 -> (34,3)
split out: 145 -> (132,13,145)
add: MDDNode(1,u-32) MDDNode(1,u-33), del:MDDNode(1,u-31)
15 (13,60) (9,35) (7,21) (7,55) (6,23) (6,12) (5,18) (4,17) (4,26) (4,12) (3,13) (3,9) (3,9) (3,13) (34,132) 
layer:1, node:MDDNode(1,u-33), in=34, out=132
choose: Power monitoring & management
split in: 34 -> (31,3)
split out: 132 -> (123,11,134)
add: MDDNode(1,u-34) MDDNode(1,u-35), del:MDDNode(1,u-33)
16 (13,60) (9,35) (7,21) (7,55) (6,23) (6,12) (5,18) (4,17) (4,26) (4,12) (3,13) (3,9) (3,9) (3,13) (3,11) (31,123) 
layer:1, node:MDDNode(1,u-35), in=31, out=123
choose: Weather
split in: 31 -> (28,3)
split out: 123 -> (97,30,127)
add: MDDNode(1,u-36) MDDNode(1,u-37), del:MDDNode(1,u-35)
17 (13,60) (9,35) (7,21) (7,55) (6,23) (6,12) (5,18) (4,17) (4,26) (4,12) (3,13) (3,9) (3,9) (3,13) (3,11) (3,30) (28,97) 
layer:1, node:MDDNode(1,u-37), in=28, out=97
choose: Email
split in: 28 -> (25,3)
split out: 97 -> (87,10,97)
add: MDDNode(1,u-38) MDDNode(1,u-39), del:MDDNode(1,u-37)
18 (13,60) (9,35) (7,21) (7,55) (6,23) (6,12) (5,18) (4,17) (4,26) (4,12) (3,13) (3,9) (3,9) (3,13) (3,11) (3,30) (3,10) (25,87) 
layer:1, node:MDDNode(1,u-39), in=25, out=87
choose: Smart hubs & systems
split in: 25 -> (22,3)
split out: 87 -> (69,20,89)
add: MDDNode(1,u-40) MDDNode(1,u-41), del:MDDNode(1,u-39)
19 (13,60) (9,35) (7,21) (7,55) (6,23) (6,12) (5,18) (4,17) (4,26) (4,12) (3,13) (3,9) (3,9) (3,13) (3,11) (3,30) (3,10) (3,20) (22,69) 
layer:1, node:MDDNode(1,u-41), in=22, out=69
choose: Notifications
split in: 22 -> (20,2)
split out: 69 -> (66,3,69)
add: MDDNode(1,u-42) MDDNode(1,u-43), del:MDDNode(1,u-41)
20 (13,60) (9,35) (7,21) (7,55) (6,23) (6,12) (5,18) (4,17) (4,26) (4,12) (3,13) (3,9) (3,9) (3,13) (3,11) (3,30) (3,10) (3,20) (2,3) (20,66) 
layer:1, node:MDDNode(1,u-43), in=20, out=66
choose: Task management & to-dos
split in: 20 -> (18,2)
split out: 66 -> (55,11,66)
add: MDDNode(1,u-44) MDDNode(1,u-45), del:MDDNode(1,u-43)
21 (13,60) (9,35) (7,21) (7,55) (6,23) (6,12) (5,18) (4,17) (4,26) (4,12) (3,13) (3,9) (3,9) (3,13) (3,11) (3,30) (3,10) (3,20) (2,3) (2,11) (18,55) 
layer:1, node:MDDNode(1,u-45), in=18, out=55
choose: Connected car
split in: 18 -> (16,2)
split out: 55 -> (45,10,55)
add: MDDNode(1,u-46) MDDNode(1,u-47), del:MDDNode(1,u-45)
22 (13,60) (9,35) (7,21) (7,55) (6,23) (6,12) (5,18) (4,17) (4,26) (4,12) (3,13) (3,9) (3,9) (3,13) (3,11) (3,30) (3,10) (3,20) (2,3) (2,11) (2,10) (16,45) 
layer:1, node:MDDNode(1,u-47), in=16, out=45
choose: Appliances
split in: 16 -> (14,2)
split out: 45 -> (43,2,45)
add: MDDNode(1,u-48) MDDNode(1,u-49), del:MDDNode(1,u-47)
23 (13,60) (9,35) (7,21) (7,55) (6,23) (6,12) (5,18) (4,17) (4,26) (4,12) (3,13) (3,9) (3,9) (3,13) (3,11) (3,30) (3,10) (3,20) (2,3) (2,11) (2,10) (2,2) (14,43) 
layer:1, node:MDDNode(1,u-49), in=14, out=43
choose: Contacts
split in: 14 -> (12,2)
split out: 43 -> (40,3,43)
add: MDDNode(1,u-50) MDDNode(1,u-51), del:MDDNode(1,u-49)
24 (13,60) (9,35) (7,21) (7,55) (6,23) (6,12) (5,18) (4,17) (4,26) (4,12) (3,13) (3,9) (3,9) (3,13) (3,11) (3,30) (3,10) (3,20) (2,3) (2,11) (2,10) (2,2) (2,3) (12,40) 
layer:1, node:MDDNode(1,u-6), in=13, out=60
split in: 13 -> (12,1)
split out: 60 -> (58,2,60)
add: MDDNode(1,u-52) MDDNode(1,u-53), del:MDDNode(1,u-6)
25 (9,35) (7,21) (7,55) (6,23) (6,12) (5,18) (4,17) (4,26) (4,12) (3,13) (3,9) (3,9) (3,13) (3,11) (3,30) (3,10) (3,20) (2,3) (2,11) (2,10) (2,2) (2,3) (12,40) (1,2) (12,58) 
layer:1, node:MDDNode(1,u-51), in=12, out=40
choose: Calendars & scheduling
split in: 12 -> (10,2)
split out: 40 -> (32,8,40)
add: MDDNode(1,u-54) MDDNode(1,u-55), del:MDDNode(1,u-51)
26 (9,35) (7,21) (7,55) (6,23) (6,12) (5,18) (4,17) (4,26) (4,12) (3,13) (3,9) (3,9) (3,13) (3,11) (3,30) (3,10) (3,20) (2,3) (2,11) (2,10) (2,2) (2,3) (1,2) (12,58) (2,8) (10,32) 
layer:1, node:MDDNode(1,u-53), in=12, out=58
split in: 12 -> (11,1)
split out: 58 -> (52,6,58)
add: MDDNode(1,u-56) MDDNode(1,u-57), del:MDDNode(1,u-53)
27 (9,35) (7,21) (7,55) (6,23) (6,12) (5,18) (4,17) (4,26) (4,12) (3,13) (3,9) (3,9) (3,13) (3,11) (3,30) (3,10) (3,20) (2,3) (2,11) (2,10) (2,2) (2,3) (1,2) (2,8) (10,32) (1,6) (11,52) 
layer:1, node:MDDNode(1,u-57), in=11, out=52
split in: 11 -> (10,1)
split out: 52 -> (48,4,52)
add: MDDNode(1,u-58) MDDNode(1,u-59), del:MDDNode(1,u-57)
28 (9,35) (7,21) (7,55) (6,23) (6,12) (5,18) (4,17) (4,26) (4,12) (3,13) (3,9) (3,9) (3,13) (3,11) (3,30) (3,10) (3,20) (2,3) (2,11) (2,10) (2,2) (2,3) (1,2) (2,8) (10,32) (1,6) (1,4) (10,48) 
layer:1, node:MDDNode(1,u-55), in=10, out=32
choose: DIY electronics
split in: 10 -> (8,2)
split out: 32 -> (30,2,32)
add: MDDNode(1,u-60) MDDNode(1,u-61), del:MDDNode(1,u-55)
29 (9,35) (7,21) (7,55) (6,23) (6,12) (5,18) (4,17) (4,26) (4,12) (3,13) (3,9) (3,9) (3,13) (3,11) (3,30) (3,10) (3,20) (2,3) (2,11) (2,10) (2,2) (2,3) (1,2) (2,8) (1,6) (1,4) (10,48) (2,2) (8,30) 
layer:1, node:MDDNode(1,u-59), in=10, out=48
split in: 10 -> (9,1)
split out: 48 -> (37,11,48)
add: MDDNode(1,u-62) MDDNode(1,u-63), del:MDDNode(1,u-59)
30 (9,35) (7,21) (7,55) (6,23) (6,12) (5,18) (4,17) (4,26) (4,12) (3,13) (3,9) (3,9) (3,13) (3,11) (3,30) (3,10) (3,20) (2,3) (2,11) (2,10) (2,2) (2,3) (1,2) (2,8) (1,6) (1,4) (2,2) (8,30) (1,11) (9,37) 
layer:1, node:MDDNode(1,u-8), in=9, out=35
split in: 9 -> (8,1)
split out: 35 -> (32,6,38)
add: MDDNode(1,u-64) MDDNode(1,u-65), del:MDDNode(1,u-8)
31 (7,21) (7,55) (6,23) (6,12) (5,18) (4,17) (4,26) (4,12) (3,13) (3,9) (3,9) (3,13) (3,11) (3,30) (3,10) (3,20) (2,3) (2,11) (2,10) (2,2) (2,3) (1,2) (2,8) (1,6) (1,4) (2,2) (8,30) (1,11) (9,37) (1,6) (8,32) 
layer:1, node:MDDNode(1,u-63), in=9, out=37
split in: 9 -> (8,1)
split out: 37 -> (33,4,37)
add: MDDNode(1,u-66) MDDNode(1,u-67), del:MDDNode(1,u-63)
32 (7,21) (7,55) (6,23) (6,12) (5,18) (4,17) (4,26) (4,12) (3,13) (3,9) (3,9) (3,13) (3,11) (3,30) (3,10) (3,20) (2,3) (2,11) (2,10) (2,2) (2,3) (1,2) (2,8) (1,6) (1,4) (2,2) (8,30) (1,11) (1,6) (8,32) (1,4) (8,33) 
layer:1, node:MDDNode(1,u-61), in=8, out=30
choose: Pet trackers
split in: 8 -> (7,1)
split out: 30 -> (22,8,30)
add: MDDNode(1,u-68) MDDNode(1,u-69), del:MDDNode(1,u-61)
33 (7,21) (7,55) (6,23) (6,12) (5,18) (4,17) (4,26) (4,12) (3,13) (3,9) (3,9) (3,13) (3,11) (3,30) (3,10) (3,20) (2,3) (2,11) (2,10) (2,2) (2,3) (1,2) (2,8) (1,6) (1,4) (2,2) (1,11) (1,6) (8,32) (1,4) (8,33) (1,8) (7,22) 
layer:1, node:MDDNode(1,u-65), in=8, out=32
split in: 8 -> (7,1)
split out: 32 -> (26,6,32)
add: MDDNode(1,u-70) MDDNode(1,u-71), del:MDDNode(1,u-65)
34 (7,21) (7,55) (6,23) (6,12) (5,18) (4,17) (4,26) (4,12) (3,13) (3,9) (3,9) (3,13) (3,11) (3,30) (3,10) (3,20) (2,3) (2,11) (2,10) (2,2) (2,3) (1,2) (2,8) (1,6) (1,4) (2,2) (1,11) (1,6) (1,4) (8,33) (1,8) (7,22) (1,6) (7,26) 
layer:1, node:MDDNode(1,u-67), in=8, out=33
split in: 8 -> (7,1)
split out: 33 -> (32,1,33)
add: MDDNode(1,u-72) MDDNode(1,u-73), del:MDDNode(1,u-67)
35 (7,21) (7,55) (6,23) (6,12) (5,18) (4,17) (4,26) (4,12) (3,13) (3,9) (3,9) (3,13) (3,11) (3,30) (3,10) (3,20) (2,3) (2,11) (2,10) (2,2) (2,3) (1,2) (2,8) (1,6) (1,4) (2,2) (1,11) (1,6) (1,4) (1,8) (7,22) (1,6) (7,26) (1,1) (7,32) 
layer:3, node:MDDNode(3,u_3), in=88, out=161
choose: Notifications
split in: 88 -> (81,7)
split out: 161 -> (154,9,163)
add: MDDNode(3,u-74) MDDNode(3,u-75), del:MDDNode(3,u_3)
2 (7,9) (81,154) 
layer:3, node:MDDNode(3,u-75), in=81, out=154
choose: Bookmarking
split in: 81 -> (75,6)
split out: 154 -> (148,7,155)
add: MDDNode(3,u-76) MDDNode(3,u-77), del:MDDNode(3,u-75)
3 (7,9) (6,7) (75,148) 
layer:3, node:MDDNode(3,u-77), in=75, out=148
choose: Others
split in: 75 -> (69,6)
split out: 148 -> (138,12,150)
add: MDDNode(3,u-78) MDDNode(3,u-79), del:MDDNode(3,u-77)
4 (7,9) (6,7) (6,12) (69,138) 
layer:3, node:MDDNode(3,u-79), in=69, out=138
choose: Social networks
split in: 69 -> (63,6)
split out: 138 -> (125,14,139)
add: MDDNode(3,u-80) MDDNode(3,u-81), del:MDDNode(3,u-79)
5 (7,9) (6,7) (6,12) (6,14) (63,125) 
layer:3, node:MDDNode(3,u-81), in=63, out=125
choose: Security & monitoring systems
split in: 63 -> (59,4)
split out: 125 -> (108,17,125)
add: MDDNode(3,u-82) MDDNode(3,u-83), del:MDDNode(3,u-81)
6 (7,9) (6,7) (6,12) (6,14) (4,17) (59,108) 
layer:3, node:MDDNode(3,u-83), in=59, out=108
choose: Power monitoring & management
split in: 59 -> (55,4)
split out: 108 -> (104,9,113)
add: MDDNode(3,u-84) MDDNode(3,u-85), del:MDDNode(3,u-83)
7 (7,9) (6,7) (6,12) (6,14) (4,17) (4,9) (55,104) 
layer:3, node:MDDNode(3,u-85), in=55, out=104
choose: Mobile devices & accessories
split in: 55 -> (51,4)
split out: 104 -> (99,7,106)
add: MDDNode(3,u-86) MDDNode(3,u-87), del:MDDNode(3,u-85)
8 (7,9) (6,7) (6,12) (6,14) (4,17) (4,9) (4,7) (51,99) 
layer:3, node:MDDNode(3,u-87), in=51, out=99
choose: Cloud storage
split in: 51 -> (47,4)
split out: 99 -> (92,7,99)
add: MDDNode(3,u-88) MDDNode(3,u-89), del:MDDNode(3,u-87)
9 (7,9) (6,7) (6,12) (6,14) (4,17) (4,9) (4,7) (4,7) (47,92) 
layer:3, node:MDDNode(3,u-89), in=47, out=92
choose: Email
split in: 47 -> (43,4)
split out: 92 -> (87,5,92)
add: MDDNode(3,u-90) MDDNode(3,u-91), del:MDDNode(3,u-89)
10 (7,9) (6,7) (6,12) (6,14) (4,17) (4,9) (4,7) (4,7) (4,5) (43,87) 
layer:3, node:MDDNode(3,u-91), in=43, out=87
choose: Communication
split in: 43 -> (39,4)
split out: 87 -> (83,4,87)
add: MDDNode(3,u-92) MDDNode(3,u-93), del:MDDNode(3,u-91)
11 (7,9) (6,7) (6,12) (6,14) (4,17) (4,9) (4,7) (4,7) (4,5) (4,4) (39,83) 
layer:3, node:MDDNode(3,u-93), in=39, out=83
choose: Photo & video
split in: 39 -> (35,4)
split out: 83 -> (79,4,83)
add: MDDNode(3,u-94) MDDNode(3,u-95), del:MDDNode(3,u-93)
12 (7,9) (6,7) (6,12) (6,14) (4,17) (4,9) (4,7) (4,7) (4,5) (4,4) (4,4) (35,79) 
layer:3, node:MDDNode(3,u-95), in=35, out=79
choose: Environment control & monitoring
split in: 35 -> (31,4)
split out: 79 -> (69,10,79)
add: MDDNode(3,u-96) MDDNode(3,u-97), del:MDDNode(3,u-95)
13 (7,9) (6,7) (6,12) (6,14) (4,17) (4,9) (4,7) (4,7) (4,5) (4,4) (4,4) (4,10) (31,69) 
layer:3, node:MDDNode(3,u-97), in=31, out=69
choose: Health & fitness
split in: 31 -> (28,3)
split out: 69 -> (67,3,70)
add: MDDNode(3,u-98) MDDNode(3,u-99), del:MDDNode(3,u-97)
14 (7,9) (6,7) (6,12) (6,14) (4,17) (4,9) (4,7) (4,7) (4,5) (4,4) (4,4) (4,10) (3,3) (28,67) 
layer:3, node:MDDNode(3,u-99), in=28, out=67
choose: Blogging
split in: 28 -> (25,3)
split out: 67 -> (60,7,67)
add: MDDNode(3,u-100) MDDNode(3,u-101), del:MDDNode(3,u-99)
15 (7,9) (6,7) (6,12) (6,14) (4,17) (4,9) (4,7) (4,7) (4,5) (4,4) (4,4) (4,10) (3,3) (3,7) (25,60) 
layer:3, node:MDDNode(3,u-101), in=25, out=60
choose: Smart hubs & systems
split in: 25 -> (22,3)
split out: 60 -> (51,9,60)
add: MDDNode(3,u-102) MDDNode(3,u-103), del:MDDNode(3,u-101)
16 (7,9) (6,7) (6,12) (6,14) (4,17) (4,9) (4,7) (4,7) (4,5) (4,4) (4,4) (4,10) (3,3) (3,7) (3,9) (22,51) 
layer:3, node:MDDNode(3,u-103), in=22, out=51
choose: Developer tools
split in: 22 -> (20,2)
split out: 51 -> (49,3,52)
add: MDDNode(3,u-104) MDDNode(3,u-105), del:MDDNode(3,u-103)
17 (7,9) (6,7) (6,12) (6,14) (4,17) (4,9) (4,7) (4,7) (4,5) (4,4) (4,4) (4,10) (3,3) (3,7) (3,9) (2,3) (20,49) 
layer:3, node:MDDNode(3,u-105), in=20, out=49
choose: Lighting
split in: 20 -> (18,2)
split out: 49 -> (36,13,49)
add: MDDNode(3,u-106) MDDNode(3,u-107), del:MDDNode(3,u-105)
18 (7,9) (6,7) (6,12) (6,14) (4,17) (4,9) (4,7) (4,7) (4,5) (4,4) (4,4) (4,10) (3,3) (3,7) (3,9) (2,3) (2,13) (18,36) 
layer:3, node:MDDNode(3,u-107), in=18, out=36
choose: Business tools
split in: 18 -> (16,2)
split out: 36 -> (33,3,36)
add: MDDNode(3,u-108) MDDNode(3,u-109), del:MDDNode(3,u-107)
19 (7,9) (6,7) (6,12) (6,14) (4,17) (4,9) (4,7) (4,7) (4,5) (4,4) (4,4) (4,10) (3,3) (3,7) (3,9) (2,3) (2,13) (2,3) (16,33) 
layer:3, node:MDDNode(3,u-109), in=16, out=33
choose: Notes
split in: 16 -> (14,2)
split out: 33 -> (24,9,33)
add: MDDNode(3,u-110) MDDNode(3,u-111), del:MDDNode(3,u-109)
20 (7,9) (6,7) (6,12) (6,14) (4,17) (4,9) (4,7) (4,7) (4,5) (4,4) (4,4) (4,10) (3,3) (3,7) (3,9) (2,3) (2,13) (2,3) (2,9) (14,24) 
layer:3, node:MDDNode(3,u-111), in=14, out=24
choose: Task management & to-dos
split in: 14 -> (12,2)
split out: 24 -> (22,3,25)
add: MDDNode(3,u-112) MDDNode(3,u-113), del:MDDNode(3,u-111)
21 (7,9) (6,7) (6,12) (6,14) (4,17) (4,9) (4,7) (4,7) (4,5) (4,4) (4,4) (4,10) (3,3) (3,7) (3,9) (2,3) (2,13) (2,3) (2,9) (2,3) (12,22) 
layer:3, node:MDDNode(3,u-113), in=12, out=22
choose: News & information
split in: 12 -> (10,2)
split out: 22 -> (19,3,22)
add: MDDNode(3,u-114) MDDNode(3,u-115), del:MDDNode(3,u-113)
22 (7,9) (6,7) (6,12) (6,14) (4,17) (4,9) (4,7) (4,7) (4,5) (4,4) (4,4) (4,10) (3,3) (3,7) (3,9) (2,3) (2,13) (2,3) (2,9) (2,3) (2,3) (10,19) 
layer:3, node:MDDNode(3,u-115), in=10, out=19
choose: Clocks & displays
split in: 10 -> (9,1)
split out: 19 -> (18,1,19)
add: MDDNode(3,u-116) MDDNode(3,u-117), del:MDDNode(3,u-115)
23 (7,9) (6,7) (6,12) (6,14) (4,17) (4,9) (4,7) (4,7) (4,5) (4,4) (4,4) (4,10) (3,3) (3,7) (3,9) (2,3) (2,13) (2,3) (2,9) (2,3) (2,3) (1,1) (9,18) 
layer:3, node:MDDNode(3,u-117), in=9, out=18
choose: Journaling & personal data
split in: 9 -> (8,1)
split out: 18 -> (14,4,18)
add: MDDNode(3,u-118) MDDNode(3,u-119), del:MDDNode(3,u-117)
24 (7,9) (6,7) (6,12) (6,14) (4,17) (4,9) (4,7) (4,7) (4,5) (4,4) (4,4) (4,10) (3,3) (3,7) (3,9) (2,3) (2,13) (2,3) (2,9) (2,3) (2,3) (1,1) (1,4) (8,14) 
layer:3, node:MDDNode(3,u-119), in=8, out=14
choose: Gardening
split in: 8 -> (7,1)
split out: 14 -> (10,4,14)
add: MDDNode(3,u-120) MDDNode(3,u-121), del:MDDNode(3,u-119)
25 (7,9) (6,7) (6,12) (6,14) (4,17) (4,9) (4,7) (4,7) (4,5) (4,4) (4,4) (4,10) (3,3) (3,7) (3,9) (2,3) (2,13) (2,3) (2,9) (2,3) (2,3) (1,1) (1,4) (1,4) (7,10) 
layer:3, node:MDDNode(3,u-74), in=7, out=9
split in: 7 -> (6,1)
split out: 9 -> (8,1,9)
add: MDDNode(3,u-122) MDDNode(3,u-123), del:MDDNode(3,u-74)
26 (6,7) (6,12) (6,14) (4,17) (4,9) (4,7) (4,7) (4,5) (4,4) (4,4) (4,10) (3,3) (3,7) (3,9) (2,3) (2,13) (2,3) (2,9) (2,3) (2,3) (1,1) (1,4) (1,4) (7,10) (1,1) (6,8) 
layer:3, node:MDDNode(3,u-121), in=7, out=10
choose: DIY electronics
split in: 7 -> (6,1)
split out: 10 -> (8,2,10)
add: MDDNode(3,u-124) MDDNode(3,u-125), del:MDDNode(3,u-121)
27 (6,7) (6,12) (6,14) (4,17) (4,9) (4,7) (4,7) (4,5) (4,4) (4,4) (4,10) (3,3) (3,7) (3,9) (2,3) (2,13) (2,3) (2,9) (2,3) (2,3) (1,1) (1,4) (1,4) (1,1) (6,8) (1,2) (6,8) 
layer:3, node:MDDNode(3,u-76), in=6, out=7
split in: 6 -> (5,1)
split out: 7 -> (7,2,9)
add: MDDNode(3,u-126) MDDNode(3,u-127), del:MDDNode(3,u-76)
28 (6,12) (6,14) (4,17) (4,9) (4,7) (4,7) (4,5) (4,4) (4,4) (4,10) (3,3) (3,7) (3,9) (2,3) (2,13) (2,3) (2,9) (2,3) (2,3) (1,1) (1,4) (1,4) (1,1) (6,8) (1,2) (6,8) (1,2) (5,7) 
layer:3, node:MDDNode(3,u-78), in=6, out=12
split in: 6 -> (5,1)
split out: 12 -> (10,2,12)
add: MDDNode(3,u-128) MDDNode(3,u-129), del:MDDNode(3,u-78)
29 (6,14) (4,17) (4,9) (4,7) (4,7) (4,5) (4,4) (4,4) (4,10) (3,3) (3,7) (3,9) (2,3) (2,13) (2,3) (2,9) (2,3) (2,3) (1,1) (1,4) (1,4) (1,1) (6,8) (1,2) (6,8) (1,2) (5,7) (1,2) (5,10) 
layer:3, node:MDDNode(3,u-80), in=6, out=14
split in: 6 -> (5,1)
split out: 14 -> (14,3,17)
add: MDDNode(3,u-130) MDDNode(3,u-131), del:MDDNode(3,u-80)
30 (4,17) (4,9) (4,7) (4,7) (4,5) (4,4) (4,4) (4,10) (3,3) (3,7) (3,9) (2,3) (2,13) (2,3) (2,9) (2,3) (2,3) (1,1) (1,4) (1,4) (1,1) (6,8) (1,2) (6,8) (1,2) (5,7) (1,2) (5,10) (1,3) (5,14) 
layer:3, node:MDDNode(3,u-123), in=6, out=8
split in: 6 -> (5,1)
split out: 8 -> (4,4,8)
add: MDDNode(3,u-132) MDDNode(3,u-133), del:MDDNode(3,u-123)
31 (4,17) (4,9) (4,7) (4,7) (4,5) (4,4) (4,4) (4,10) (3,3) (3,7) (3,9) (2,3) (2,13) (2,3) (2,9) (2,3) (2,3) (1,1) (1,4) (1,4) (1,1) (1,2) (6,8) (1,2) (5,7) (1,2) (5,10) (1,3) (5,14) (1,4) (5,4) 
layer:3, node:MDDNode(3,u-125), in=6, out=8
choose: Music
split in: 6 -> (5,1)
split out: 8 -> (6,2,8)
add: MDDNode(3,u-134) MDDNode(3,u-135), del:MDDNode(3,u-125)
32 (4,17) (4,9) (4,7) (4,7) (4,5) (4,4) (4,4) (4,10) (3,3) (3,7) (3,9) (2,3) (2,13) (2,3) (2,9) (2,3) (2,3) (1,1) (1,4) (1,4) (1,1) (1,2) (1,2) (5,7) (1,2) (5,10) (1,3) (5,14) (1,4) (5,4) (1,2) (5,6) 
layer:3, node:MDDNode(3,u-127), in=5, out=7
split in: 5 -> (4,1)
split out: 7 -> (6,3,9)
add: MDDNode(3,u-136) MDDNode(3,u-137), del:MDDNode(3,u-127)
33 (4,17) (4,9) (4,7) (4,7) (4,5) (4,4) (4,4) (4,10) (3,3) (3,7) (3,9) (2,3) (2,13) (2,3) (2,9) (2,3) (2,3) (1,1) (1,4) (1,4) (1,1) (1,2) (1,2) (1,2) (5,10) (1,3) (5,14) (1,4) (5,4) (1,2) (5,6) (1,3) (4,6) 
layer:3, node:MDDNode(3,u-129), in=5, out=10
split in: 5 -> (4,1)
split out: 10 -> (9,1,10)
add: MDDNode(3,u-138) MDDNode(3,u-139), del:MDDNode(3,u-129)
34 (4,17) (4,9) (4,7) (4,7) (4,5) (4,4) (4,4) (4,10) (3,3) (3,7) (3,9) (2,3) (2,13) (2,3) (2,9) (2,3) (2,3) (1,1) (1,4) (1,4) (1,1) (1,2) (1,2) (1,2) (1,3) (5,14) (1,4) (5,4) (1,2) (5,6) (1,3) (4,6) (1,1) (4,9) 
layer:3, node:MDDNode(3,u-131), in=5, out=14
split in: 5 -> (4,1)
split out: 14 -> (8,6,14)
add: MDDNode(3,u-140) MDDNode(3,u-141), del:MDDNode(3,u-131)
35 (4,17) (4,9) (4,7) (4,7) (4,5) (4,4) (4,4) (4,10) (3,3) (3,7) (3,9) (2,3) (2,13) (2,3) (2,9) (2,3) (2,3) (1,1) (1,4) (1,4) (1,1) (1,2) (1,2) (1,2) (1,3) (1,4) (5,4) (1,2) (5,6) (1,3) (4,6) (1,1) (4,9) (1,6) (4,8) 
=profile=
(0, 111) 
(7, 21) (7, 55) (6, 23) (6, 12) (5, 18) (4, 17) (4, 26) (4, 12) (3, 13) (3, 9) (3, 9) (3, 13) (3, 11) (3, 30) (3, 10) (3, 20) (2, 3) (2, 11) (2, 10) (2, 2) (2, 3) (1, 2) (2, 8) (1, 6) (1, 4) (2, 2) (1, 11) (1, 6) (1, 4) (1, 8) (7, 22) (1, 6) (7, 26) (1, 1) (7, 32) 
(466, 88) 
(4, 17) (4, 9) (4, 7) (4, 7) (4, 5) (4, 4) (4, 4) (4, 10) (3, 3) (3, 7) (3, 9) (2, 3) (2, 13) (2, 3) (2, 9) (2, 3) (2, 3) (1, 1) (1, 4) (1, 4) (1, 1) (1, 2) (1, 2) (1, 2) (1, 3) (1, 4) (5, 4) (1, 2) (5, 6) (1, 3) (4, 6) (1, 1) (4, 9) (1, 6) (4, 8) 
(184, 1) 
(1, 0) 
dump to the pickle
the graph width list : [1, 35, 1, 35, 1, 1]
it 1 dev 27.22   dev_h 44.28   dev_v 97.18   new_test 35.67   new_test_h 33.49   new_test_v 97.86   save: 35.67 T: 2020-01-13T20:05 
it 2 dev 31.29   dev_h 41.48   dev_v 97.40   new_test 42.14   new_test_h 30.57   new_test_v 97.90   save: 42.14 T: 2020-01-13T20:07 
it 3 dev 31.58   dev_h 41.13   dev_v 97.49   new_test 41.53   new_test_h 30.51   new_test_v 97.78   save: 41.53 T: 2020-01-13T20:10 
it 4 dev 30.69   dev_h 41.52   dev_v 97.08   new_test 40.68   new_test_h 31.15   new_test_v 97.49   
it 5 dev 31.61   dev_h 41.11   dev_v 97.32   new_test 40.88   new_test_h 30.66   new_test_v 97.45   save: 40.88 T: 2020-01-13T20:14 
it 6 dev 31.00   dev_h 41.47   dev_v 97.61   new_test 43.23   new_test_h 29.73   new_test_v 97.70   
it 7 dev 31.73   dev_h 41.12   dev_v 97.83   new_test 42.14   new_test_h 30.28   new_test_v 98.18   save: 42.14 T: 2020-01-13T20:18 
it 8 dev 31.20   dev_h 41.36   dev_v 97.64   new_test 43.27   new_test_h 29.83   new_test_v 97.61   
it 9 dev 31.12   dev_h 41.28   dev_v 97.69   new_test 42.46   new_test_h 30.07   new_test_v 97.78   
it 10 dev 31.03   dev_h 41.54   dev_v 97.49   new_test 42.82   new_test_h 29.97   new_test_v 97.78   
it 11 dev 31.03   dev_h 41.46   dev_v 97.49   new_test 42.78   new_test_h 30.21   new_test_v 97.86   
it 12 dev 31.22   dev_h 41.34   dev_v 97.64   new_test 42.98   new_test_h 29.97   new_test_v 97.86   
it 13 dev 30.93   dev_h 41.50   dev_v 97.49   new_test 42.90   new_test_h 30.17   new_test_v 97.41   
