args Namespace(config='configs/config_l.json', dataset='dataset/IFTTT/msr_data.pkl', load_model=None, mode='train', output='model/ifttt/width-35/', width='35')
configure: {'max_word_id': 4000, 'bidirectional': True, 'cell_type': 'gru', 'decoder': 'attention', 'embedding_size': 160, 'keep_prob': 0.45, 'memory_size': 25, 'num_units': 160, 'use_embedding': True, 'epoches': 15, 'batch_size': 32, 'init': {'name': 'random_uniform_initializer', 'scale': 0.1}, 'lr_scheduler': {'decay_steps': 5000, 'init_lr': 0.002, 'decay_rate': 0.9, 'staircase': True}, 'max_grad_norm': 1, 'optimizer': 'AdamOptimizer'}
# path 8549
model/ifttt/width-35/dataset-w-35.pkl
load raw and dump to file
numArcLayers: 5
1 1 35
layer 1 incoming edges: 111
choose: News & information
split the incoming edges: 111 13 98
the value pair of raw_data is: 492
split the outgoings edges: 443 60 386 446
add node: MDDNode(1,u_6) MDDNode(1,u_7), remove node: MDDNode(1,u_1)
1 2 35
layer 1 incoming edges: 98
choose: Photo & video
split the incoming edges: 98 9 89
the value pair of raw_data is: 492
split the outgoings edges: 386 35 351 386
add node: MDDNode(1,u_8) MDDNode(1,u_9), remove node: MDDNode(1,u_7)
1 3 35
layer 1 incoming edges: 89
choose: Others
split the incoming edges: 89 7 82
the value pair of raw_data is: 492
split the outgoings edges: 351 21 335 356
add node: MDDNode(1,u_10) MDDNode(1,u_11), remove node: MDDNode(1,u_9)
1 4 35
layer 1 incoming edges: 82
choose: Social networks
split the incoming edges: 82 7 75
the value pair of raw_data is: 492
split the outgoings edges: 335 55 280 335
add node: MDDNode(1,u_12) MDDNode(1,u_13), remove node: MDDNode(1,u_11)
1 5 35
layer 1 incoming edges: 75
choose: Bookmarking
split the incoming edges: 75 6 69
the value pair of raw_data is: 492
split the outgoings edges: 280 12 268 280
add node: MDDNode(1,u_14) MDDNode(1,u_15), remove node: MDDNode(1,u_13)
1 6 35
layer 1 incoming edges: 69
choose: Shopping
split the incoming edges: 69 6 63
the value pair of raw_data is: 492
split the outgoings edges: 268 23 245 268
add node: MDDNode(1,u_16) MDDNode(1,u_17), remove node: MDDNode(1,u_15)
1 7 35
layer 1 incoming edges: 63
choose: Security & monitoring systems
split the incoming edges: 63 5 58
the value pair of raw_data is: 492
split the outgoings edges: 245 18 228 246
add node: MDDNode(1,u_18) MDDNode(1,u_19), remove node: MDDNode(1,u_17)
1 8 35
layer 1 incoming edges: 58
choose: Finance & payments
split the incoming edges: 58 4 54
the value pair of raw_data is: 492
split the outgoings edges: 228 17 211 228
add node: MDDNode(1,u_20) MDDNode(1,u_21), remove node: MDDNode(1,u_19)
1 9 35
layer 1 incoming edges: 54
choose: Health & fitness
split the incoming edges: 54 4 50
the value pair of raw_data is: 492
split the outgoings edges: 211 26 186 212
add node: MDDNode(1,u_22) MDDNode(1,u_23), remove node: MDDNode(1,u_21)
1 10 35
layer 1 incoming edges: 50
choose: Mobile devices & accessories
split the incoming edges: 50 4 46
the value pair of raw_data is: 492
split the outgoings edges: 186 12 174 186
add node: MDDNode(1,u_24) MDDNode(1,u_25), remove node: MDDNode(1,u_23)
1 11 35
layer 1 incoming edges: 46
choose: Gardening
split the incoming edges: 46 3 43
the value pair of raw_data is: 492
split the outgoings edges: 174 9 165 174
add node: MDDNode(1,u_26) MDDNode(1,u_27), remove node: MDDNode(1,u_25)
1 12 35
layer 1 incoming edges: 43
choose: Notifications
split the incoming edges: 43 3 40
the value pair of raw_data is: 492
split the outgoings edges: 165 4 161 165
add node: MDDNode(1,u_28) MDDNode(1,u_29), remove node: MDDNode(1,u_27)
1 13 35
layer 1 incoming edges: 40
choose: Weather
split the incoming edges: 40 3 37
the value pair of raw_data is: 492
split the outgoings edges: 161 30 135 165
add node: MDDNode(1,u_30) MDDNode(1,u_31), remove node: MDDNode(1,u_29)
1 14 35
layer 1 incoming edges: 37
choose: Power monitoring & management
split the incoming edges: 37 3 34
the value pair of raw_data is: 492
split the outgoings edges: 135 11 126 137
add node: MDDNode(1,u_32) MDDNode(1,u_33), remove node: MDDNode(1,u_31)
1 15 35
layer 1 incoming edges: 34
choose: Email
split the incoming edges: 34 3 31
the value pair of raw_data is: 492
split the outgoings edges: 126 10 116 126
add node: MDDNode(1,u_34) MDDNode(1,u_35), remove node: MDDNode(1,u_33)
1 16 35
layer 1 incoming edges: 31
choose: Blogging
split the incoming edges: 31 3 28
the value pair of raw_data is: 492
split the outgoings edges: 116 13 103 116
add node: MDDNode(1,u_36) MDDNode(1,u_37), remove node: MDDNode(1,u_35)
1 17 35
layer 1 incoming edges: 28
choose: Environment control & monitoring
split the incoming edges: 28 3 25
the value pair of raw_data is: 492
split the outgoings edges: 103 9 96 105
add node: MDDNode(1,u_38) MDDNode(1,u_39), remove node: MDDNode(1,u_37)
1 18 35
layer 1 incoming edges: 25
choose: Smart hubs & systems
split the incoming edges: 25 3 22
the value pair of raw_data is: 492
split the outgoings edges: 96 20 78 98
add node: MDDNode(1,u_40) MDDNode(1,u_41), remove node: MDDNode(1,u_39)
1 19 35
layer 1 incoming edges: 22
choose: Communication
split the incoming edges: 22 2 20
the value pair of raw_data is: 492
split the outgoings edges: 78 12 66 78
add node: MDDNode(1,u_42) MDDNode(1,u_43), remove node: MDDNode(1,u_41)
1 20 35
layer 1 incoming edges: 20
choose: Contacts
split the incoming edges: 20 2 18
the value pair of raw_data is: 492
split the outgoings edges: 66 3 63 66
add node: MDDNode(1,u_44) MDDNode(1,u_45), remove node: MDDNode(1,u_43)
1 21 35
layer 1 incoming edges: 18
choose: Task management & to-dos
split the incoming edges: 18 2 16
the value pair of raw_data is: 492
split the outgoings edges: 63 11 52 63
add node: MDDNode(1,u_46) MDDNode(1,u_47), remove node: MDDNode(1,u_45)
1 22 35
layer 1 incoming edges: 16
choose: Calendars & scheduling
split the incoming edges: 16 2 14
the value pair of raw_data is: 492
split the outgoings edges: 52 8 44 52
add node: MDDNode(1,u_48) MDDNode(1,u_49), remove node: MDDNode(1,u_47)
1 23 35
layer 1 incoming edges: 14
choose: DIY electronics
split the incoming edges: 14 2 12
the value pair of raw_data is: 492
split the outgoings edges: 44 2 42 44
add node: MDDNode(1,u_50) MDDNode(1,u_51), remove node: MDDNode(1,u_49)
1 24 35
layer 1 incoming edges: 13
only split: [MDDArc('feed', MDDNode(0, 's'), MDDNode(1, 'u_6'))]
split the incoming edges: 13 1 12
the value pair of raw_data is: 492
split the outgoings edges: 60 2 58 60
add node: MDDNode(1,u_52) MDDNode(1,u_53), remove node: MDDNode(1,u_6)
1 25 35
layer 1 incoming edges: 12
choose: Connected car
split the incoming edges: 12 2 10
the value pair of raw_data is: 492
split the outgoings edges: 42 10 32 42
add node: MDDNode(1,u_54) MDDNode(1,u_55), remove node: MDDNode(1,u_51)
1 26 35
layer 1 incoming edges: 12
only split: [MDDArc('the_new_york_times', MDDNode(0, 's'), MDDNode(1, 'u_53'))]
split the incoming edges: 12 1 11
the value pair of raw_data is: 492
split the outgoings edges: 58 8 50 58
add node: MDDNode(1,u_56) MDDNode(1,u_57), remove node: MDDNode(1,u_53)
1 27 35
layer 1 incoming edges: 11
only split: [MDDArc('time', MDDNode(0, 's'), MDDNode(1, 'u_57'))]
split the incoming edges: 11 1 10
the value pair of raw_data is: 492
split the outgoings edges: 50 2 50 52
add node: MDDNode(1,u_58) MDDNode(1,u_59), remove node: MDDNode(1,u_57)
1 28 35
layer 1 incoming edges: 10
choose: Appliances
split the incoming edges: 10 2 8
the value pair of raw_data is: 492
split the outgoings edges: 32 2 30 32
add node: MDDNode(1,u_60) MDDNode(1,u_61), remove node: MDDNode(1,u_55)
1 29 35
layer 1 incoming edges: 10
only split: [MDDArc('space', MDDNode(0, 's'), MDDNode(1, 'u_59'))]
split the incoming edges: 10 1 9
the value pair of raw_data is: 492
split the outgoings edges: 50 8 42 50
add node: MDDNode(1,u_62) MDDNode(1,u_63), remove node: MDDNode(1,u_59)
1 30 35
layer 1 incoming edges: 9
only split: [MDDArc('flickr', MDDNode(0, 's'), MDDNode(1, 'u_8'))]
split the incoming edges: 9 1 8
the value pair of raw_data is: 492
split the outgoings edges: 35 5 30 35
add node: MDDNode(1,u_64) MDDNode(1,u_65), remove node: MDDNode(1,u_8)
1 31 35
layer 1 incoming edges: 9
only split: [MDDArc('newsblur', MDDNode(0, 's'), MDDNode(1, 'u_63'))]
split the incoming edges: 9 1 8
the value pair of raw_data is: 492
split the outgoings edges: 42 4 38 42
add node: MDDNode(1,u_66) MDDNode(1,u_67), remove node: MDDNode(1,u_63)
1 32 35
layer 1 incoming edges: 8
choose: Developer tools
split the incoming edges: 8 1 7
the value pair of raw_data is: 492
split the outgoings edges: 30 5 25 30
add node: MDDNode(1,u_68) MDDNode(1,u_69), remove node: MDDNode(1,u_61)
1 33 35
layer 1 incoming edges: 8
only split: [MDDArc('stockimo', MDDNode(0, 's'), MDDNode(1, 'u_65'))]
split the incoming edges: 8 1 7
the value pair of raw_data is: 492
split the outgoings edges: 30 6 24 30
add node: MDDNode(1,u_70) MDDNode(1,u_71), remove node: MDDNode(1,u_65)
1 34 35
layer 1 incoming edges: 8
only split: [MDDArc('craigslist', MDDNode(0, 's'), MDDNode(1, 'u_67'))]
split the incoming edges: 8 1 7
the value pair of raw_data is: 492
split the outgoings edges: 38 1 37 38
add node: MDDNode(1,u_72) MDDNode(1,u_73), remove node: MDDNode(1,u_67)
dump to the pickle
the graph width list : [1, 35, 1, 1, 1, 1]
it 1 train 0.3409   train_h 0.1648   train_v 0.9317   dev 0.2910   dev_h 0.1773   dev_v 0.9231   new_test 0.3647   new_test_h 0.1588   new_test_v 0.9410   save acc: 0.3647 T: 2020-01-10T03:40 
it 2 train 0.4278   train_h 0.1430   train_v 0.9405   dev 0.3291   dev_h 0.1677   dev_v 0.9296   new_test 0.4311   new_test_h 0.1422   new_test_v 0.9495   save acc: 0.4311 T: 2020-01-10T03:43 
it 3 train 0.4810   train_h 0.1298   train_v 0.9449   dev 0.3416   dev_h 0.1646   dev_v 0.9323   new_test 0.4476   new_test_h 0.1381   new_test_v 0.9470   save acc: 0.4476 T: 2020-01-10T03:46 
it 4 train 0.5186   train_h 0.1203   train_v 0.9462   dev 0.3344   dev_h 0.1664   dev_v 0.9286   new_test 0.4488   new_test_h 0.1378   new_test_v 0.9466   
it 5 train 0.5503   train_h 0.1124   train_v 0.9510   dev 0.3500   dev_h 0.1625   dev_v 0.9272   new_test 0.4703   new_test_h 0.1324   new_test_v 0.9579   save acc: 0.4703 T: 2020-01-10T03:52 
it 6 train 0.5733   train_h 0.1067   train_v 0.9544   dev 0.3493   dev_h 0.1627   dev_v 0.9313   new_test 0.4666   new_test_h 0.1333   new_test_v 0.9575   
it 7 train 0.5912   train_h 0.1022   train_v 0.9554   dev 0.3503   dev_h 0.1624   dev_v 0.9327   new_test 0.4683   new_test_h 0.1329   new_test_v 0.9539   save acc: 0.4683 T: 2020-01-10T03:58 
it 8 train 0.6066   train_h 0.0983   train_v 0.9565   dev 0.3452   dev_h 0.1637   dev_v 0.9327   new_test 0.4618   new_test_h 0.1346   new_test_v 0.9527   
it 9 train 0.6197   train_h 0.0951   train_v 0.9572   dev 0.3462   dev_h 0.1635   dev_v 0.9284   new_test 0.4602   new_test_h 0.1350   new_test_v 0.9523   
it 10 train 0.6287   train_h 0.0928   train_v 0.9583   dev 0.3479   dev_h 0.1630   dev_v 0.9313   new_test 0.4610   new_test_h 0.1348   new_test_v 0.9462   
it 11 train 0.6352   train_h 0.0912   train_v 0.9599   dev 0.3409   dev_h 0.1648   dev_v 0.9318   new_test 0.4565   new_test_h 0.1359   new_test_v 0.9507   
it 12 train 0.6416   train_h 0.0896   train_v 0.9605   dev 0.3419   dev_h 0.1645   dev_v 0.9303   new_test 0.4581   new_test_h 0.1355   new_test_v 0.9515   
it 13 train 0.6455   train_h 0.0886   train_v 0.9609   dev 0.3455   dev_h 0.1636   dev_v 0.9279   new_test 0.4577   new_test_h 0.1356   new_test_v 0.9490   
it 14 train 0.6494   train_h 0.0876   train_v 0.9607   dev 0.3419   dev_h 0.1645   dev_v 0.9282   new_test 0.4586   new_test_h 0.1354   new_test_v 0.9474   
it 15 train 0.6523   train_h 0.0869   train_v 0.9606   dev 0.3414   dev_h 0.1647   dev_v 0.9238   new_test 0.4606   new_test_h 0.1349   new_test_v 0.9503   
it 16 train 0.6543   train_h 0.0864   train_v 0.9611   dev 0.3402   dev_h 0.1650   dev_v 0.9286   new_test 0.4529   new_test_h 0.1368   new_test_v 0.9478   
