args Namespace(config='configs/config_l.json', dataset='dataset/IFTTT/msr_data.pkl', load_model=None, mode='train', output='model/ifttt/width-14/', width='14')
configure: {'max_word_id': 3782, 'bidirectional': True, 'cell_type': 'lstm', 'decoder': 'attention', 'embedding_size': 100, 'keep_prob': 0.75, 'memory_size': 100, 'num_units': 100, 'use_embedding': True, 'epoches': 12, 'batch_size': 20, 'init': {'name': 'random_uniform_initializer', 'scale': 0.1}, 'lr_scheduler': {'decay_steps': 5000, 'init_lr': 0.02, 'decay_rate': 0.9, 'staircase': True}, 'max_grad_norm': 1, 'optimizer': 'AdamOptimizer'}
# path 8549
model/ifttt/width-14/dataset-w-14.pkl
load raw and dump to file
numArcLayers: 5
layer:1, node:MDDNode(1,u_1), in=111, out=443
choose: News & information
split in: 111 -> (98,13)
split out: 443 -> (386,60,446)
add: MDDNode(1,u-6) MDDNode(1,u-7), del:MDDNode(1,u_1)
2 (13,60) (98,386) 
layer:1, node:MDDNode(1,u-7), in=98, out=386
choose: Photo & video
split in: 98 -> (89,9)
split out: 386 -> (351,35,386)
add: MDDNode(1,u-8) MDDNode(1,u-9), del:MDDNode(1,u-7)
3 (13,60) (9,35) (89,351) 
layer:1, node:MDDNode(1,u-9), in=89, out=351
choose: Others
split in: 89 -> (82,7)
split out: 351 -> (335,21,356)
add: MDDNode(1,u-10) MDDNode(1,u-11), del:MDDNode(1,u-9)
4 (13,60) (9,35) (7,21) (82,335) 
layer:1, node:MDDNode(1,u-11), in=82, out=335
choose: Social networks
split in: 82 -> (75,7)
split out: 335 -> (280,55,335)
add: MDDNode(1,u-12) MDDNode(1,u-13), del:MDDNode(1,u-11)
5 (13,60) (9,35) (7,21) (7,55) (75,280) 
layer:1, node:MDDNode(1,u-13), in=75, out=280
choose: Shopping
split in: 75 -> (69,6)
split out: 280 -> (257,23,280)
add: MDDNode(1,u-14) MDDNode(1,u-15), del:MDDNode(1,u-13)
6 (13,60) (9,35) (7,21) (7,55) (6,23) (69,257) 
layer:1, node:MDDNode(1,u-15), in=69, out=257
choose: Bookmarking
split in: 69 -> (63,6)
split out: 257 -> (245,12,257)
add: MDDNode(1,u-16) MDDNode(1,u-17), del:MDDNode(1,u-15)
7 (13,60) (9,35) (7,21) (7,55) (6,23) (6,12) (63,245) 
layer:1, node:MDDNode(1,u-17), in=63, out=245
choose: Security & monitoring systems
split in: 63 -> (58,5)
split out: 245 -> (228,18,246)
add: MDDNode(1,u-18) MDDNode(1,u-19), del:MDDNode(1,u-17)
8 (13,60) (9,35) (7,21) (7,55) (6,23) (6,12) (5,18) (58,228) 
layer:1, node:MDDNode(1,u-19), in=58, out=228
choose: Health & fitness
split in: 58 -> (54,4)
split out: 228 -> (203,26,229)
add: MDDNode(1,u-20) MDDNode(1,u-21), del:MDDNode(1,u-19)
9 (13,60) (9,35) (7,21) (7,55) (6,23) (6,12) (5,18) (4,26) (54,203) 
layer:1, node:MDDNode(1,u-21), in=54, out=203
choose: Mobile devices & accessories
split in: 54 -> (50,4)
split out: 203 -> (191,12,203)
add: MDDNode(1,u-22) MDDNode(1,u-23), del:MDDNode(1,u-21)
10 (13,60) (9,35) (7,21) (7,55) (6,23) (6,12) (5,18) (4,26) (4,12) (50,191) 
layer:1, node:MDDNode(1,u-23), in=50, out=191
choose: Finance & payments
split in: 50 -> (46,4)
split out: 191 -> (174,17,191)
add: MDDNode(1,u-24) MDDNode(1,u-25), del:MDDNode(1,u-23)
11 (13,60) (9,35) (7,21) (7,55) (6,23) (6,12) (5,18) (4,26) (4,12) (4,17) (46,174) 
layer:1, node:MDDNode(1,u-25), in=46, out=174
choose: Blogging
split in: 46 -> (43,3)
split out: 174 -> (161,13,174)
add: MDDNode(1,u-26) MDDNode(1,u-27), del:MDDNode(1,u-25)
12 (13,60) (9,35) (7,21) (7,55) (6,23) (6,12) (5,18) (4,26) (4,12) (4,17) (3,13) (43,161) 
layer:1, node:MDDNode(1,u-27), in=43, out=161
choose: Power monitoring & management
split in: 43 -> (40,3)
split out: 161 -> (152,11,163)
add: MDDNode(1,u-28) MDDNode(1,u-29), del:MDDNode(1,u-27)
13 (13,60) (9,35) (7,21) (7,55) (6,23) (6,12) (5,18) (4,26) (4,12) (4,17) (3,13) (3,11) (40,152) 
layer:1, node:MDDNode(1,u-29), in=40, out=152
choose: Email
split in: 40 -> (37,3)
split out: 152 -> (142,10,152)
add: MDDNode(1,u-30) MDDNode(1,u-31), del:MDDNode(1,u-29)
14 (13,60) (9,35) (7,21) (7,55) (6,23) (6,12) (5,18) (4,26) (4,12) (4,17) (3,13) (3,11) (3,10) (37,142) 
layer:3, node:MDDNode(3,u_3), in=88, out=161
choose: Notifications
split in: 88 -> (81,7)
split out: 161 -> (154,9,163)
add: MDDNode(3,u-32) MDDNode(3,u-33), del:MDDNode(3,u_3)
2 (7,9) (81,154) 
layer:3, node:MDDNode(3,u-33), in=81, out=154
choose: Bookmarking
split in: 81 -> (75,6)
split out: 154 -> (148,7,155)
add: MDDNode(3,u-34) MDDNode(3,u-35), del:MDDNode(3,u-33)
3 (7,9) (6,7) (75,148) 
layer:3, node:MDDNode(3,u-35), in=75, out=148
choose: Social networks
split in: 75 -> (69,6)
split out: 148 -> (135,14,149)
add: MDDNode(3,u-36) MDDNode(3,u-37), del:MDDNode(3,u-35)
4 (7,9) (6,7) (6,14) (69,135) 
layer:3, node:MDDNode(3,u-37), in=69, out=135
choose: Others
split in: 69 -> (63,6)
split out: 135 -> (125,12,137)
add: MDDNode(3,u-38) MDDNode(3,u-39), del:MDDNode(3,u-37)
5 (7,9) (6,7) (6,14) (6,12) (63,125) 
layer:3, node:MDDNode(3,u-39), in=63, out=125
choose: Email
split in: 63 -> (59,4)
split out: 125 -> (120,5,125)
add: MDDNode(3,u-40) MDDNode(3,u-41), del:MDDNode(3,u-39)
6 (7,9) (6,7) (6,14) (6,12) (4,5) (59,120) 
layer:3, node:MDDNode(3,u-41), in=59, out=120
choose: Mobile devices & accessories
split in: 59 -> (55,4)
split out: 120 -> (115,7,122)
add: MDDNode(3,u-42) MDDNode(3,u-43), del:MDDNode(3,u-41)
7 (7,9) (6,7) (6,14) (6,12) (4,5) (4,7) (55,115) 
layer:3, node:MDDNode(3,u-43), in=55, out=115
choose: Security & monitoring systems
split in: 55 -> (51,4)
split out: 115 -> (98,17,115)
add: MDDNode(3,u-44) MDDNode(3,u-45), del:MDDNode(3,u-43)
8 (7,9) (6,7) (6,14) (6,12) (4,5) (4,7) (4,17) (51,98) 
layer:3, node:MDDNode(3,u-45), in=51, out=98
choose: Photo & video
split in: 51 -> (47,4)
split out: 98 -> (94,4,98)
add: MDDNode(3,u-46) MDDNode(3,u-47), del:MDDNode(3,u-45)
9 (7,9) (6,7) (6,14) (6,12) (4,5) (4,7) (4,17) (4,4) (47,94) 
layer:3, node:MDDNode(3,u-47), in=47, out=94
choose: Cloud storage
split in: 47 -> (43,4)
split out: 94 -> (87,7,94)
add: MDDNode(3,u-48) MDDNode(3,u-49), del:MDDNode(3,u-47)
10 (7,9) (6,7) (6,14) (6,12) (4,5) (4,7) (4,17) (4,4) (4,7) (43,87) 
layer:3, node:MDDNode(3,u-49), in=43, out=87
choose: Environment control & monitoring
split in: 43 -> (39,4)
split out: 87 -> (77,10,87)
add: MDDNode(3,u-50) MDDNode(3,u-51), del:MDDNode(3,u-49)
11 (7,9) (6,7) (6,14) (6,12) (4,5) (4,7) (4,17) (4,4) (4,7) (4,10) (39,77) 
layer:3, node:MDDNode(3,u-51), in=39, out=77
choose: Communication
split in: 39 -> (35,4)
split out: 77 -> (73,4,77)
add: MDDNode(3,u-52) MDDNode(3,u-53), del:MDDNode(3,u-51)
12 (7,9) (6,7) (6,14) (6,12) (4,5) (4,7) (4,17) (4,4) (4,7) (4,10) (4,4) (35,73) 
layer:3, node:MDDNode(3,u-53), in=35, out=73
choose: Power monitoring & management
split in: 35 -> (31,4)
split out: 73 -> (69,9,78)
add: MDDNode(3,u-54) MDDNode(3,u-55), del:MDDNode(3,u-53)
13 (7,9) (6,7) (6,14) (6,12) (4,5) (4,7) (4,17) (4,4) (4,7) (4,10) (4,4) (4,9) (31,69) 
layer:3, node:MDDNode(3,u-55), in=31, out=69
choose: Smart hubs & systems
split in: 31 -> (28,3)
split out: 69 -> (60,9,69)
add: MDDNode(3,u-56) MDDNode(3,u-57), del:MDDNode(3,u-55)
14 (7,9) (6,7) (6,14) (6,12) (4,5) (4,7) (4,17) (4,4) (4,7) (4,10) (4,4) (4,9) (3,9) (28,60) 
=profile=
(0, 111) 
(13, 60) (9, 35) (7, 21) (7, 55) (6, 23) (6, 12) (5, 18) (4, 26) (4, 12) (4, 17) (3, 13) (3, 11) (3, 10) (37, 142) 
(455, 88) 
(7, 9) (6, 7) (6, 14) (6, 12) (4, 5) (4, 7) (4, 17) (4, 4) (4, 7) (4, 10) (4, 4) (4, 9) (3, 9) (28, 60) 
(174, 1) 
(1, 0) 
dump to the pickle
the graph width list : [1, 14, 1, 14, 1, 1]
it 1 dev 26.33   dev_h 43.97   dev_v 90.91   new_test 36.80   new_test_h 33.03   new_test_v 95.51   save: 36.80 T: 2020-01-13T03:47 
it 2 dev 30.76   dev_h 41.43   dev_v 95.11   new_test 40.11   new_test_h 31.45   new_test_v 95.19   save: 40.11 T: 2020-01-13T03:49 
it 3 dev 31.10   dev_h 41.65   dev_v 94.12   new_test 42.05   new_test_h 30.78   new_test_v 95.63   save: 42.05 T: 2020-01-13T03:50 
it 4 dev 30.59   dev_h 41.69   dev_v 93.49   new_test 41.25   new_test_h 30.70   new_test_v 94.99   
it 5 dev 30.86   dev_h 41.66   dev_v 94.50   new_test 41.61   new_test_h 30.53   new_test_v 95.35   
it 6 dev 30.59   dev_h 41.94   dev_v 94.79   new_test 41.41   new_test_h 30.35   new_test_v 95.19   
it 7 dev 30.86   dev_h 41.69   dev_v 94.96   new_test 42.09   new_test_h 30.19   new_test_v 95.31   
it 8 dev 30.54   dev_h 41.76   dev_v 94.26   new_test 42.42   new_test_h 30.15   new_test_v 95.47   
it 9 dev 30.09   dev_h 41.90   dev_v 93.97   new_test 41.65   new_test_h 30.68   new_test_v 95.03   
it 10 dev 30.21   dev_h 41.98   dev_v 94.09   new_test 42.01   new_test_h 30.40   new_test_v 94.90   
it 11 dev 30.04   dev_h 42.18   dev_v 93.90   new_test 41.37   new_test_h 30.74   new_test_v 95.07   
it 12 dev 30.40   dev_h 42.18   dev_v 94.02   new_test 41.81   new_test_h 30.38   new_test_v 94.95   
it 13 dev 30.06   dev_h 42.29   dev_v 93.80   new_test 41.53   new_test_h 30.59   new_test_v 94.66   
