args Namespace(config='configs/config_l.json', dataset='dataset/IFTTT/msr_data.pkl', load_model=None, mode='train', output='model/ifttt/width-14/', width='14')
configure: {'max_word_id': 4000, 'bidirectional': True, 'cell_type': 'gru', 'decoder': 'attention', 'embedding_size': 160, 'keep_prob': 0.45, 'memory_size': 25, 'num_units': 160, 'use_embedding': True, 'epoches': 15, 'batch_size': 32, 'init': {'name': 'random_uniform_initializer', 'scale': 0.1}, 'lr_scheduler': {'decay_steps': 5000, 'init_lr': 0.002, 'decay_rate': 0.9, 'staircase': True}, 'max_grad_norm': 1, 'optimizer': 'AdamOptimizer'}
# path 8549
model/ifttt/width-14/dataset-w-14.pkl
load raw and dump to file
numArcLayers: 5
1 1 14
layer 1 incoming edges: 111
choose: News & information
split the incoming edges: 111 13 98
the value pair of raw_data is: 492
split the outgoings edges: 443 60 386 446
add node: MDDNode(1,u_6) MDDNode(1,u_7), remove node: MDDNode(1,u_1)
1 2 14
layer 1 incoming edges: 98
choose: Photo & video
split the incoming edges: 98 9 89
the value pair of raw_data is: 492
split the outgoings edges: 386 35 351 386
add node: MDDNode(1,u_8) MDDNode(1,u_9), remove node: MDDNode(1,u_7)
1 3 14
layer 1 incoming edges: 89
choose: Social networks
split the incoming edges: 89 7 82
the value pair of raw_data is: 492
split the outgoings edges: 351 55 296 351
add node: MDDNode(1,u_10) MDDNode(1,u_11), remove node: MDDNode(1,u_9)
1 4 14
layer 1 incoming edges: 82
choose: Others
split the incoming edges: 82 7 75
the value pair of raw_data is: 492
split the outgoings edges: 296 21 280 301
add node: MDDNode(1,u_12) MDDNode(1,u_13), remove node: MDDNode(1,u_11)
1 5 14
layer 1 incoming edges: 75
choose: Bookmarking
split the incoming edges: 75 6 69
the value pair of raw_data is: 492
split the outgoings edges: 280 12 268 280
add node: MDDNode(1,u_14) MDDNode(1,u_15), remove node: MDDNode(1,u_13)
1 6 14
layer 1 incoming edges: 69
choose: Shopping
split the incoming edges: 69 6 63
the value pair of raw_data is: 492
split the outgoings edges: 268 23 245 268
add node: MDDNode(1,u_16) MDDNode(1,u_17), remove node: MDDNode(1,u_15)
1 7 14
layer 1 incoming edges: 63
choose: Security & monitoring systems
split the incoming edges: 63 5 58
the value pair of raw_data is: 492
split the outgoings edges: 245 18 228 246
add node: MDDNode(1,u_18) MDDNode(1,u_19), remove node: MDDNode(1,u_17)
1 8 14
layer 1 incoming edges: 58
choose: Finance & payments
split the incoming edges: 58 4 54
the value pair of raw_data is: 492
split the outgoings edges: 228 17 211 228
add node: MDDNode(1,u_20) MDDNode(1,u_21), remove node: MDDNode(1,u_19)
1 9 14
layer 1 incoming edges: 54
choose: Mobile devices & accessories
split the incoming edges: 54 4 50
the value pair of raw_data is: 492
split the outgoings edges: 211 12 199 211
add node: MDDNode(1,u_22) MDDNode(1,u_23), remove node: MDDNode(1,u_21)
1 10 14
layer 1 incoming edges: 50
choose: Health & fitness
split the incoming edges: 50 4 46
the value pair of raw_data is: 492
split the outgoings edges: 199 26 174 200
add node: MDDNode(1,u_24) MDDNode(1,u_25), remove node: MDDNode(1,u_23)
1 11 14
layer 1 incoming edges: 46
choose: Smart hubs & systems
split the incoming edges: 46 3 43
the value pair of raw_data is: 492
split the outgoings edges: 174 20 160 180
add node: MDDNode(1,u_26) MDDNode(1,u_27), remove node: MDDNode(1,u_25)
1 12 14
layer 1 incoming edges: 43
choose: Weather
split the incoming edges: 43 3 40
the value pair of raw_data is: 492
split the outgoings edges: 160 30 132 162
add node: MDDNode(1,u_28) MDDNode(1,u_29), remove node: MDDNode(1,u_27)
1 13 14
layer 1 incoming edges: 40
choose: Email
split the incoming edges: 40 3 37
the value pair of raw_data is: 492
split the outgoings edges: 132 10 122 132
add node: MDDNode(1,u_30) MDDNode(1,u_31), remove node: MDDNode(1,u_29)
dump to the pickle
the graph width list : [1, 14, 1, 1, 1, 1]
it 1 train 0.3365   train_h 0.1659   train_v 0.9159   dev 0.2850   dev_h 0.1788   dev_v 0.9091   new_test 0.3567   new_test_h 0.1608   new_test_v 0.9216   save acc: 0.3567 T: 2020-01-10T11:24 
it 2 train 0.4236   train_h 0.1441   train_v 0.9311   dev 0.3332   dev_h 0.1667   dev_v 0.9282   new_test 0.4270   new_test_h 0.1432   new_test_v 0.9317   save acc: 0.4270 T: 2020-01-10T11:28 
it 3 train 0.4744   train_h 0.1314   train_v 0.9324   dev 0.3462   dev_h 0.1635   dev_v 0.9212   new_test 0.4460   new_test_h 0.1385   new_test_v 0.9369   save acc: 0.4460 T: 2020-01-10T11:31 
it 4 train 0.5115   train_h 0.1221   train_v 0.9370   dev 0.3498   dev_h 0.1625   dev_v 0.9094   new_test 0.4468   new_test_h 0.1383   new_test_v 0.9361   save acc: 0.4468 T: 2020-01-10T11:34 
it 5 train 0.5435   train_h 0.1141   train_v 0.9420   dev 0.3580   dev_h 0.1605   dev_v 0.9132   new_test 0.4638   new_test_h 0.1340   new_test_v 0.9434   save acc: 0.4638 T: 2020-01-10T11:37 
it 6 train 0.5668   train_h 0.1083   train_v 0.9437   dev 0.3522   dev_h 0.1619   dev_v 0.9135   new_test 0.4606   new_test_h 0.1349   new_test_v 0.9474   
it 7 train 0.5821   train_h 0.1045   train_v 0.9472   dev 0.3554   dev_h 0.1612   dev_v 0.9135   new_test 0.4594   new_test_h 0.1352   new_test_v 0.9410   
it 8 train 0.6011   train_h 0.0997   train_v 0.9469   dev 0.3505   dev_h 0.1624   dev_v 0.9154   new_test 0.4468   new_test_h 0.1383   new_test_v 0.9317   
it 9 train 0.6127   train_h 0.0968   train_v 0.9484   dev 0.3469   dev_h 0.1633   dev_v 0.9113   new_test 0.4569   new_test_h 0.1358   new_test_v 0.9402   
it 10 train 0.6219   train_h 0.0945   train_v 0.9510   dev 0.3505   dev_h 0.1624   dev_v 0.9183   new_test 0.4565   new_test_h 0.1359   new_test_v 0.9406   
it 11 train 0.6297   train_h 0.0926   train_v 0.9520   dev 0.3496   dev_h 0.1626   dev_v 0.9130   new_test 0.4553   new_test_h 0.1362   new_test_v 0.9397   
it 12 train 0.6346   train_h 0.0913   train_v 0.9527   dev 0.3500   dev_h 0.1625   dev_v 0.9168   new_test 0.4545   new_test_h 0.1364   new_test_v 0.9369   
it 13 train 0.6406   train_h 0.0899   train_v 0.9546   dev 0.3476   dev_h 0.1631   dev_v 0.9139   new_test 0.4541   new_test_h 0.1365   new_test_v 0.9426   
it 14 train 0.6439   train_h 0.0890   train_v 0.9549   dev 0.3462   dev_h 0.1635   dev_v 0.9125   new_test 0.4525   new_test_h 0.1369   new_test_v 0.9410   
it 15 train 0.6466   train_h 0.0884   train_v 0.9546   dev 0.3500   dev_h 0.1625   dev_v 0.9156   new_test 0.4521   new_test_h 0.1370   new_test_v 0.9410   
it 16 train 0.6489   train_h 0.0878   train_v 0.9542   dev 0.3452   dev_h 0.1637   dev_v 0.9127   new_test 0.4509   new_test_h 0.1373   new_test_v 0.9410   
