args Namespace(config='configs/config_l.json', dataset='dataset/IFTTT/msr_data.pkl', load_model=None, mode='train', output='model/ifttt/width-13/', width='13')
configure: {'max_word_id': 4000, 'bidirectional': True, 'cell_type': 'gru', 'decoder': 'attention', 'embedding_size': 160, 'keep_prob': 0.45, 'memory_size': 25, 'num_units': 160, 'use_embedding': True, 'epoches': 15, 'batch_size': 32, 'init': {'name': 'random_uniform_initializer', 'scale': 0.1}, 'lr_scheduler': {'decay_steps': 5000, 'init_lr': 0.002, 'decay_rate': 0.9, 'staircase': True}, 'max_grad_norm': 1, 'optimizer': 'AdamOptimizer'}
# path 8549
model/ifttt/width-13/dataset-w-13.pkl
load raw and dump to file
numArcLayers: 5
1 1 13
layer 1 incoming edges: 111
choose: News & information
split the incoming edges: 111 13 98
the value pair of raw_data is: 492
split the outgoings edges: 443 60 386 446
add node: MDDNode(1,u_6) MDDNode(1,u_7), remove node: MDDNode(1,u_1)
1 2 13
layer 1 incoming edges: 98
choose: Photo & video
split the incoming edges: 98 9 89
the value pair of raw_data is: 492
split the outgoings edges: 386 35 351 386
add node: MDDNode(1,u_8) MDDNode(1,u_9), remove node: MDDNode(1,u_7)
1 3 13
layer 1 incoming edges: 89
choose: Social networks
split the incoming edges: 89 7 82
the value pair of raw_data is: 492
split the outgoings edges: 351 55 296 351
add node: MDDNode(1,u_10) MDDNode(1,u_11), remove node: MDDNode(1,u_9)
1 4 13
layer 1 incoming edges: 82
choose: Others
split the incoming edges: 82 7 75
the value pair of raw_data is: 492
split the outgoings edges: 296 21 280 301
add node: MDDNode(1,u_12) MDDNode(1,u_13), remove node: MDDNode(1,u_11)
1 5 13
layer 1 incoming edges: 75
choose: Shopping
split the incoming edges: 75 6 69
the value pair of raw_data is: 492
split the outgoings edges: 280 23 257 280
add node: MDDNode(1,u_14) MDDNode(1,u_15), remove node: MDDNode(1,u_13)
1 6 13
layer 1 incoming edges: 69
choose: Bookmarking
split the incoming edges: 69 6 63
the value pair of raw_data is: 492
split the outgoings edges: 257 12 245 257
add node: MDDNode(1,u_16) MDDNode(1,u_17), remove node: MDDNode(1,u_15)
1 7 13
layer 1 incoming edges: 63
choose: Security & monitoring systems
split the incoming edges: 63 5 58
the value pair of raw_data is: 492
split the outgoings edges: 245 18 228 246
add node: MDDNode(1,u_18) MDDNode(1,u_19), remove node: MDDNode(1,u_17)
1 8 13
layer 1 incoming edges: 58
choose: Finance & payments
split the incoming edges: 58 4 54
the value pair of raw_data is: 492
split the outgoings edges: 228 17 211 228
add node: MDDNode(1,u_20) MDDNode(1,u_21), remove node: MDDNode(1,u_19)
1 9 13
layer 1 incoming edges: 54
choose: Health & fitness
split the incoming edges: 54 4 50
the value pair of raw_data is: 492
split the outgoings edges: 211 26 186 212
add node: MDDNode(1,u_22) MDDNode(1,u_23), remove node: MDDNode(1,u_21)
1 10 13
layer 1 incoming edges: 50
choose: Mobile devices & accessories
split the incoming edges: 50 4 46
the value pair of raw_data is: 492
split the outgoings edges: 186 12 174 186
add node: MDDNode(1,u_24) MDDNode(1,u_25), remove node: MDDNode(1,u_23)
1 11 13
layer 1 incoming edges: 46
choose: Blogging
split the incoming edges: 46 3 43
the value pair of raw_data is: 492
split the outgoings edges: 174 13 161 174
add node: MDDNode(1,u_26) MDDNode(1,u_27), remove node: MDDNode(1,u_25)
1 12 13
layer 1 incoming edges: 43
choose: Environment control & monitoring
split the incoming edges: 43 3 40
the value pair of raw_data is: 492
split the outgoings edges: 161 9 154 163
add node: MDDNode(1,u_28) MDDNode(1,u_29), remove node: MDDNode(1,u_27)
dump to the pickle
the graph width list : [1, 13, 1, 1, 1, 1]
it 1 train 0.3322   train_h 0.1669   train_v 0.9083   dev 0.2912   dev_h 0.1772   dev_v 0.8997   new_test 0.3478   new_test_h 0.1631   new_test_v 0.9106   save acc: 0.3478 T: 2020-01-10T10:35 
it 2 train 0.4185   train_h 0.1454   train_v 0.9270   dev 0.3375   dev_h 0.1656   dev_v 0.9236   new_test 0.4363   new_test_h 0.1409   new_test_v 0.9272   save acc: 0.4363 T: 2020-01-10T10:38 
it 3 train 0.4670   train_h 0.1333   train_v 0.9290   dev 0.3399   dev_h 0.1650   dev_v 0.9139   new_test 0.4517   new_test_h 0.1371   new_test_v 0.9313   save acc: 0.4517 T: 2020-01-10T10:41 
it 4 train 0.5067   train_h 0.1233   train_v 0.9328   dev 0.3464   dev_h 0.1634   dev_v 0.9166   new_test 0.4497   new_test_h 0.1376   new_test_v 0.9256   save acc: 0.4497 T: 2020-01-10T10:44 
it 5 train 0.5371   train_h 0.1157   train_v 0.9393   dev 0.3491   dev_h 0.1627   dev_v 0.9077   new_test 0.4731   new_test_h 0.1317   new_test_v 0.9462   save acc: 0.4731 T: 2020-01-10T10:47 
it 6 train 0.5604   train_h 0.1099   train_v 0.9385   dev 0.3498   dev_h 0.1625   dev_v 0.9166   new_test 0.4602   new_test_h 0.1350   new_test_v 0.9377   save acc: 0.4602 T: 2020-01-10T10:50 
it 7 train 0.5780   train_h 0.1055   train_v 0.9455   dev 0.3534   dev_h 0.1616   dev_v 0.9176   new_test 0.4654   new_test_h 0.1336   new_test_v 0.9377   save acc: 0.4654 T: 2020-01-10T10:53 
it 8 train 0.5931   train_h 0.1017   train_v 0.9463   dev 0.3517   dev_h 0.1621   dev_v 0.9183   new_test 0.4634   new_test_h 0.1341   new_test_v 0.9393   
it 9 train 0.6051   train_h 0.0987   train_v 0.9488   dev 0.3505   dev_h 0.1624   dev_v 0.9178   new_test 0.4598   new_test_h 0.1351   new_test_v 0.9410   
it 10 train 0.6148   train_h 0.0963   train_v 0.9497   dev 0.3505   dev_h 0.1624   dev_v 0.9149   new_test 0.4622   new_test_h 0.1345   new_test_v 0.9393   
it 11 train 0.6220   train_h 0.0945   train_v 0.9500   dev 0.3496   dev_h 0.1626   dev_v 0.9149   new_test 0.4618   new_test_h 0.1346   new_test_v 0.9430   
it 12 train 0.6283   train_h 0.0929   train_v 0.9494   dev 0.3508   dev_h 0.1623   dev_v 0.9072   new_test 0.4622   new_test_h 0.1345   new_test_v 0.9385   
it 13 train 0.6324   train_h 0.0919   train_v 0.9514   dev 0.3481   dev_h 0.1630   dev_v 0.9130   new_test 0.4654   new_test_h 0.1336   new_test_v 0.9402   
it 14 train 0.6363   train_h 0.0909   train_v 0.9516   dev 0.3500   dev_h 0.1625   dev_v 0.9113   new_test 0.4622   new_test_h 0.1345   new_test_v 0.9349   
it 15 train 0.6390   train_h 0.0903   train_v 0.9514   dev 0.3486   dev_h 0.1628   dev_v 0.9110   new_test 0.4614   new_test_h 0.1347   new_test_v 0.9353   
it 16 train 0.6416   train_h 0.0896   train_v 0.9509   dev 0.3481   dev_h 0.1630   dev_v 0.9115   new_test 0.4545   new_test_h 0.1364   new_test_v 0.9345   
