args Namespace(config='configs/config_l.json', dataset='dataset/IFTTT/msr_data.pkl', load_model=None, mode='train', output='model/ifttt/width-13/', width='13')
configure: {'max_word_id': 3782, 'bidirectional': True, 'cell_type': 'lstm', 'decoder': 'attention', 'embedding_size': 100, 'keep_prob': 0.75, 'memory_size': 100, 'num_units': 100, 'use_embedding': True, 'epoches': 12, 'batch_size': 20, 'init': {'name': 'random_uniform_initializer', 'scale': 0.1}, 'lr_scheduler': {'decay_steps': 5000, 'init_lr': 0.02, 'decay_rate': 0.9, 'staircase': True}, 'max_grad_norm': 1, 'optimizer': 'AdamOptimizer'}
# path 8549
model/ifttt/width-13/dataset-w-13.pkl
load raw and dump to file
numArcLayers: 5
layer:1, node:MDDNode(1,u_1), in=111, out=443
choose: News & information
split in: 111 -> (98,13)
split out: 443 -> (386,60,446)
add: MDDNode(1,u-6) MDDNode(1,u-7), del:MDDNode(1,u_1)
2 (13,60) (98,386) 
layer:1, node:MDDNode(1,u-7), in=98, out=386
choose: Photo & video
split in: 98 -> (89,9)
split out: 386 -> (351,35,386)
add: MDDNode(1,u-8) MDDNode(1,u-9), del:MDDNode(1,u-7)
3 (13,60) (9,35) (89,351) 
layer:1, node:MDDNode(1,u-9), in=89, out=351
choose: Social networks
split in: 89 -> (82,7)
split out: 351 -> (296,55,351)
add: MDDNode(1,u-10) MDDNode(1,u-11), del:MDDNode(1,u-9)
4 (13,60) (9,35) (7,55) (82,296) 
layer:1, node:MDDNode(1,u-11), in=82, out=296
choose: Others
split in: 82 -> (75,7)
split out: 296 -> (280,21,301)
add: MDDNode(1,u-12) MDDNode(1,u-13), del:MDDNode(1,u-11)
5 (13,60) (9,35) (7,55) (7,21) (75,280) 
layer:1, node:MDDNode(1,u-13), in=75, out=280
choose: Shopping
split in: 75 -> (69,6)
split out: 280 -> (257,23,280)
add: MDDNode(1,u-14) MDDNode(1,u-15), del:MDDNode(1,u-13)
6 (13,60) (9,35) (7,55) (7,21) (6,23) (69,257) 
layer:1, node:MDDNode(1,u-15), in=69, out=257
choose: Bookmarking
split in: 69 -> (63,6)
split out: 257 -> (245,12,257)
add: MDDNode(1,u-16) MDDNode(1,u-17), del:MDDNode(1,u-15)
7 (13,60) (9,35) (7,55) (7,21) (6,23) (6,12) (63,245) 
layer:1, node:MDDNode(1,u-17), in=63, out=245
choose: Security & monitoring systems
split in: 63 -> (58,5)
split out: 245 -> (228,18,246)
add: MDDNode(1,u-18) MDDNode(1,u-19), del:MDDNode(1,u-17)
8 (13,60) (9,35) (7,55) (7,21) (6,23) (6,12) (5,18) (58,228) 
layer:1, node:MDDNode(1,u-19), in=58, out=228
choose: Mobile devices & accessories
split in: 58 -> (54,4)
split out: 228 -> (216,12,228)
add: MDDNode(1,u-20) MDDNode(1,u-21), del:MDDNode(1,u-19)
9 (13,60) (9,35) (7,55) (7,21) (6,23) (6,12) (5,18) (4,12) (54,216) 
layer:1, node:MDDNode(1,u-21), in=54, out=216
choose: Finance & payments
split in: 54 -> (50,4)
split out: 216 -> (199,17,216)
add: MDDNode(1,u-22) MDDNode(1,u-23), del:MDDNode(1,u-21)
10 (13,60) (9,35) (7,55) (7,21) (6,23) (6,12) (5,18) (4,12) (4,17) (50,199) 
layer:1, node:MDDNode(1,u-23), in=50, out=199
choose: Health & fitness
split in: 50 -> (46,4)
split out: 199 -> (174,26,200)
add: MDDNode(1,u-24) MDDNode(1,u-25), del:MDDNode(1,u-23)
11 (13,60) (9,35) (7,55) (7,21) (6,23) (6,12) (5,18) (4,12) (4,17) (4,26) (46,174) 
layer:1, node:MDDNode(1,u-25), in=46, out=174
choose: Blogging
split in: 46 -> (43,3)
split out: 174 -> (161,13,174)
add: MDDNode(1,u-26) MDDNode(1,u-27), del:MDDNode(1,u-25)
12 (13,60) (9,35) (7,55) (7,21) (6,23) (6,12) (5,18) (4,12) (4,17) (4,26) (3,13) (43,161) 
layer:1, node:MDDNode(1,u-27), in=43, out=161
choose: Communication
split in: 43 -> (40,3)
split out: 161 -> (148,13,161)
add: MDDNode(1,u-28) MDDNode(1,u-29), del:MDDNode(1,u-27)
13 (13,60) (9,35) (7,55) (7,21) (6,23) (6,12) (5,18) (4,12) (4,17) (4,26) (3,13) (3,13) (40,148) 
layer:3, node:MDDNode(3,u_3), in=88, out=161
choose: Notifications
split in: 88 -> (81,7)
split out: 161 -> (154,9,163)
add: MDDNode(3,u-30) MDDNode(3,u-31), del:MDDNode(3,u_3)
2 (7,9) (81,154) 
layer:3, node:MDDNode(3,u-31), in=81, out=154
choose: Bookmarking
split in: 81 -> (75,6)
split out: 154 -> (148,7,155)
add: MDDNode(3,u-32) MDDNode(3,u-33), del:MDDNode(3,u-31)
3 (7,9) (6,7) (75,148) 
layer:3, node:MDDNode(3,u-33), in=75, out=148
choose: Others
split in: 75 -> (69,6)
split out: 148 -> (138,12,150)
add: MDDNode(3,u-34) MDDNode(3,u-35), del:MDDNode(3,u-33)
4 (7,9) (6,7) (6,12) (69,138) 
layer:3, node:MDDNode(3,u-35), in=69, out=138
choose: Social networks
split in: 69 -> (63,6)
split out: 138 -> (125,14,139)
add: MDDNode(3,u-36) MDDNode(3,u-37), del:MDDNode(3,u-35)
5 (7,9) (6,7) (6,12) (6,14) (63,125) 
layer:3, node:MDDNode(3,u-37), in=63, out=125
choose: Mobile devices & accessories
split in: 63 -> (59,4)
split out: 125 -> (120,7,127)
add: MDDNode(3,u-38) MDDNode(3,u-39), del:MDDNode(3,u-37)
6 (7,9) (6,7) (6,12) (6,14) (4,7) (59,120) 
layer:3, node:MDDNode(3,u-39), in=59, out=120
choose: Email
split in: 59 -> (55,4)
split out: 120 -> (115,5,120)
add: MDDNode(3,u-40) MDDNode(3,u-41), del:MDDNode(3,u-39)
7 (7,9) (6,7) (6,12) (6,14) (4,7) (4,5) (55,115) 
layer:3, node:MDDNode(3,u-41), in=55, out=115
choose: Environment control & monitoring
split in: 55 -> (51,4)
split out: 115 -> (105,10,115)
add: MDDNode(3,u-42) MDDNode(3,u-43), del:MDDNode(3,u-41)
8 (7,9) (6,7) (6,12) (6,14) (4,7) (4,5) (4,10) (51,105) 
layer:3, node:MDDNode(3,u-43), in=51, out=105
choose: Communication
split in: 51 -> (47,4)
split out: 105 -> (101,4,105)
add: MDDNode(3,u-44) MDDNode(3,u-45), del:MDDNode(3,u-43)
9 (7,9) (6,7) (6,12) (6,14) (4,7) (4,5) (4,10) (4,4) (47,101) 
layer:3, node:MDDNode(3,u-45), in=47, out=101
choose: Cloud storage
split in: 47 -> (43,4)
split out: 101 -> (94,7,101)
add: MDDNode(3,u-46) MDDNode(3,u-47), del:MDDNode(3,u-45)
10 (7,9) (6,7) (6,12) (6,14) (4,7) (4,5) (4,10) (4,4) (4,7) (43,94) 
layer:3, node:MDDNode(3,u-47), in=43, out=94
choose: Power monitoring & management
split in: 43 -> (39,4)
split out: 94 -> (90,9,99)
add: MDDNode(3,u-48) MDDNode(3,u-49), del:MDDNode(3,u-47)
11 (7,9) (6,7) (6,12) (6,14) (4,7) (4,5) (4,10) (4,4) (4,7) (4,9) (39,90) 
layer:3, node:MDDNode(3,u-49), in=39, out=90
choose: Security & monitoring systems
split in: 39 -> (35,4)
split out: 90 -> (73,17,90)
add: MDDNode(3,u-50) MDDNode(3,u-51), del:MDDNode(3,u-49)
12 (7,9) (6,7) (6,12) (6,14) (4,7) (4,5) (4,10) (4,4) (4,7) (4,9) (4,17) (35,73) 
layer:3, node:MDDNode(3,u-51), in=35, out=73
choose: Photo & video
split in: 35 -> (31,4)
split out: 73 -> (69,4,73)
add: MDDNode(3,u-52) MDDNode(3,u-53), del:MDDNode(3,u-51)
13 (7,9) (6,7) (6,12) (6,14) (4,7) (4,5) (4,10) (4,4) (4,7) (4,9) (4,17) (4,4) (31,69) 
=profile=
(0, 111) 
(13, 60) (9, 35) (7, 55) (7, 21) (6, 23) (6, 12) (5, 18) (4, 12) (4, 17) (4, 26) (3, 13) (3, 13) (40, 148) 
(453, 88) 
(7, 9) (6, 7) (6, 12) (6, 14) (4, 7) (4, 5) (4, 10) (4, 4) (4, 7) (4, 9) (4, 17) (4, 4) (31, 69) 
(174, 1) 
(1, 0) 
dump to the pickle
the graph width list : [1, 13, 1, 13, 1, 1]
it 1 dev 26.28   dev_h 44.66   dev_v 90.91   new_test 35.46   new_test_h 33.47   new_test_v 95.11   save: 35.46 T: 2020-01-13T03:30 
it 2 dev 30.21   dev_h 41.57   dev_v 94.12   new_test 40.40   new_test_h 31.33   new_test_v 94.90   save: 40.40 T: 2020-01-13T03:32 
it 3 dev 30.86   dev_h 41.50   dev_v 93.56   new_test 41.69   new_test_h 30.99   new_test_v 95.35   save: 41.69 T: 2020-01-13T03:33 
it 4 dev 30.45   dev_h 41.77   dev_v 93.76   new_test 40.07   new_test_h 31.25   new_test_v 94.30   
it 5 dev 30.76   dev_h 41.39   dev_v 94.46   new_test 40.60   new_test_h 30.67   new_test_v 94.70   
it 6 dev 30.95   dev_h 41.48   dev_v 93.95   new_test 42.70   new_test_h 29.90   new_test_v 94.95   save: 42.70 T: 2020-01-13T03:37 
it 7 dev 30.79   dev_h 41.52   dev_v 94.36   new_test 41.29   new_test_h 30.84   new_test_v 94.10   
it 8 dev 30.64   dev_h 41.76   dev_v 93.30   new_test 40.96   new_test_h 30.78   new_test_v 94.06   
it 9 dev 30.62   dev_h 41.74   dev_v 93.54   new_test 41.57   new_test_h 30.81   new_test_v 94.06   
it 10 dev 30.47   dev_h 41.77   dev_v 93.32   new_test 40.64   new_test_h 31.03   new_test_v 94.02   
it 11 dev 30.21   dev_h 41.95   dev_v 93.56   new_test 40.72   new_test_h 31.04   new_test_v 94.06   
it 12 dev 30.35   dev_h 41.92   dev_v 93.37   new_test 40.80   new_test_h 30.90   new_test_v 93.41   
it 13 dev 30.16   dev_h 42.01   dev_v 93.37   new_test 41.08   new_test_h 31.08   new_test_v 93.69   
