args Namespace(config='configs/config_l.json', dataset='dataset/IFTTT/msr_data.pkl', load_model=None, mode='train', output='model/ifttt/width-6/', width='6')
configure: {'max_word_id': 4000, 'bidirectional': True, 'cell_type': 'gru', 'decoder': 'attention', 'embedding_size': 160, 'keep_prob': 0.45, 'memory_size': 25, 'num_units': 160, 'use_embedding': True, 'epoches': 15, 'batch_size': 32, 'init': {'name': 'random_uniform_initializer', 'scale': 0.1}, 'lr_scheduler': {'decay_steps': 5000, 'init_lr': 0.002, 'decay_rate': 0.9, 'staircase': True}, 'max_grad_norm': 1, 'optimizer': 'AdamOptimizer'}
# path 8549
model/ifttt/width-6/dataset-w-6.pkl
load raw and dump to file
numArcLayers: 5
1 1 6
layer 1 incoming edges: 111
choose: News & information
split the incoming edges: 111 13 98
the value pair of raw_data is: 492
split the outgoings edges: 443 60 386 446
add node: MDDNode(1,u_6) MDDNode(1,u_7), remove node: MDDNode(1,u_1)
1 2 6
layer 1 incoming edges: 98
choose: Photo & video
split the incoming edges: 98 9 89
the value pair of raw_data is: 492
split the outgoings edges: 386 35 351 386
add node: MDDNode(1,u_8) MDDNode(1,u_9), remove node: MDDNode(1,u_7)
1 3 6
layer 1 incoming edges: 89
choose: Social networks
split the incoming edges: 89 7 82
the value pair of raw_data is: 492
split the outgoings edges: 351 55 296 351
add node: MDDNode(1,u_10) MDDNode(1,u_11), remove node: MDDNode(1,u_9)
1 4 6
layer 1 incoming edges: 82
choose: Others
split the incoming edges: 82 7 75
the value pair of raw_data is: 492
split the outgoings edges: 296 21 280 301
add node: MDDNode(1,u_12) MDDNode(1,u_13), remove node: MDDNode(1,u_11)
1 5 6
layer 1 incoming edges: 75
choose: Bookmarking
split the incoming edges: 75 6 69
the value pair of raw_data is: 492
split the outgoings edges: 280 12 268 280
add node: MDDNode(1,u_14) MDDNode(1,u_15), remove node: MDDNode(1,u_13)
dump to the pickle
the graph width list : [1, 6, 1, 1, 1, 1]
it 1 train 0.3336   train_h 0.1666   train_v 0.9032   dev 0.2883   dev_h 0.1779   dev_v 0.9014   new_test 0.3562   new_test_h 0.1609   new_test_v 0.9127   save acc: 0.3562 T: 2020-01-10T04:40 
it 2 train 0.4195   train_h 0.1451   train_v 0.9202   dev 0.3308   dev_h 0.1673   dev_v 0.9098   new_test 0.4371   new_test_h 0.1407   new_test_v 0.9329   save acc: 0.4371 T: 2020-01-10T04:44 
it 3 train 0.4698   train_h 0.1325   train_v 0.9237   dev 0.3406   dev_h 0.1648   dev_v 0.9000   new_test 0.4513   new_test_h 0.1372   new_test_v 0.9264   save acc: 0.4513 T: 2020-01-10T04:47 
it 4 train 0.5078   train_h 0.1231   train_v 0.9298   dev 0.3488   dev_h 0.1628   dev_v 0.9074   new_test 0.4432   new_test_h 0.1392   new_test_v 0.9175   save acc: 0.4432 T: 2020-01-10T04:50 
it 5 train 0.5373   train_h 0.1157   train_v 0.9318   dev 0.3549   dev_h 0.1613   dev_v 0.9101   new_test 0.4533   new_test_h 0.1367   new_test_v 0.9179   save acc: 0.4533 T: 2020-01-10T04:53 
it 6 train 0.5607   train_h 0.1098   train_v 0.9364   dev 0.3474   dev_h 0.1632   dev_v 0.9048   new_test 0.4549   new_test_h 0.1363   new_test_v 0.9313   
it 7 train 0.5796   train_h 0.1051   train_v 0.9396   dev 0.3503   dev_h 0.1624   dev_v 0.9004   new_test 0.4662   new_test_h 0.1334   new_test_v 0.9288   
it 8 train 0.5945   train_h 0.1014   train_v 0.9416   dev 0.3455   dev_h 0.1636   dev_v 0.9050   new_test 0.4626   new_test_h 0.1344   new_test_v 0.9402   
it 9 train 0.6057   train_h 0.0986   train_v 0.9442   dev 0.3450   dev_h 0.1638   dev_v 0.9084   new_test 0.4488   new_test_h 0.1378   new_test_v 0.9187   
it 10 train 0.6146   train_h 0.0964   train_v 0.9439   dev 0.3491   dev_h 0.1627   dev_v 0.9004   new_test 0.4529   new_test_h 0.1368   new_test_v 0.9272   
it 11 train 0.6224   train_h 0.0944   train_v 0.9429   dev 0.3464   dev_h 0.1634   dev_v 0.9043   new_test 0.4468   new_test_h 0.1383   new_test_v 0.9187   
it 12 train 0.6288   train_h 0.0928   train_v 0.9454   dev 0.3469   dev_h 0.1633   dev_v 0.9016   new_test 0.4505   new_test_h 0.1374   new_test_v 0.9155   
it 13 train 0.6341   train_h 0.0915   train_v 0.9484   dev 0.3447   dev_h 0.1638   dev_v 0.9062   new_test 0.4674   new_test_h 0.1331   new_test_v 0.9329   
it 14 train 0.6371   train_h 0.0907   train_v 0.9484   dev 0.3455   dev_h 0.1636   dev_v 0.9055   new_test 0.4646   new_test_h 0.1338   new_test_v 0.9288   
it 15 train 0.6413   train_h 0.0897   train_v 0.9494   dev 0.3431   dev_h 0.1642   dev_v 0.9057   new_test 0.4646   new_test_h 0.1338   new_test_v 0.9345   
it 16 train 0.6425   train_h 0.0894   train_v 0.9495   dev 0.3411   dev_h 0.1647   dev_v 0.9043   new_test 0.4654   new_test_h 0.1336   new_test_v 0.9333   
