args Namespace(config='configs/config_l.json', dataset='dataset/IFTTT/msr_data.pkl', load_model=None, mode='train', output='model/ifttt/width-6/', width='6')
configure: {'max_word_id': 3782, 'bidirectional': True, 'cell_type': 'lstm', 'decoder': 'attention', 'embedding_size': 100, 'keep_prob': 0.75, 'memory_size': 100, 'num_units': 100, 'use_embedding': True, 'epoches': 12, 'batch_size': 20, 'init': {'name': 'random_uniform_initializer', 'scale': 0.1}, 'lr_scheduler': {'decay_steps': 5000, 'init_lr': 0.02, 'decay_rate': 0.9, 'staircase': True}, 'max_grad_norm': 1, 'optimizer': 'AdamOptimizer'}
# path 8549
model/ifttt/width-6/dataset-w-6.pkl
load raw and dump to file
numArcLayers: 5
layer:1, node:MDDNode(1,u_1), in=111, out=443
choose: News & information
split in: 111 -> (98,13)
split out: 443 -> (386,60,446)
add: MDDNode(1,u-6) MDDNode(1,u-7), del:MDDNode(1,u_1)
2 (13,60) (98,386) 
layer:1, node:MDDNode(1,u-7), in=98, out=386
choose: Photo & video
split in: 98 -> (89,9)
split out: 386 -> (351,35,386)
add: MDDNode(1,u-8) MDDNode(1,u-9), del:MDDNode(1,u-7)
3 (13,60) (9,35) (89,351) 
layer:1, node:MDDNode(1,u-9), in=89, out=351
choose: Others
split in: 89 -> (82,7)
split out: 351 -> (335,21,356)
add: MDDNode(1,u-10) MDDNode(1,u-11), del:MDDNode(1,u-9)
4 (13,60) (9,35) (7,21) (82,335) 
layer:1, node:MDDNode(1,u-11), in=82, out=335
choose: Social networks
split in: 82 -> (75,7)
split out: 335 -> (280,55,335)
add: MDDNode(1,u-12) MDDNode(1,u-13), del:MDDNode(1,u-11)
5 (13,60) (9,35) (7,21) (7,55) (75,280) 
layer:1, node:MDDNode(1,u-13), in=75, out=280
choose: Bookmarking
split in: 75 -> (69,6)
split out: 280 -> (268,12,280)
add: MDDNode(1,u-14) MDDNode(1,u-15), del:MDDNode(1,u-13)
6 (13,60) (9,35) (7,21) (7,55) (6,12) (69,268) 
layer:3, node:MDDNode(3,u_3), in=88, out=161
choose: Notifications
split in: 88 -> (81,7)
split out: 161 -> (154,9,163)
add: MDDNode(3,u-16) MDDNode(3,u-17), del:MDDNode(3,u_3)
2 (7,9) (81,154) 
layer:3, node:MDDNode(3,u-17), in=81, out=154
choose: Bookmarking
split in: 81 -> (75,6)
split out: 154 -> (148,7,155)
add: MDDNode(3,u-18) MDDNode(3,u-19), del:MDDNode(3,u-17)
3 (7,9) (6,7) (75,148) 
layer:3, node:MDDNode(3,u-19), in=75, out=148
choose: Others
split in: 75 -> (69,6)
split out: 148 -> (138,12,150)
add: MDDNode(3,u-20) MDDNode(3,u-21), del:MDDNode(3,u-19)
4 (7,9) (6,7) (6,12) (69,138) 
layer:3, node:MDDNode(3,u-21), in=69, out=138
choose: Social networks
split in: 69 -> (63,6)
split out: 138 -> (125,14,139)
add: MDDNode(3,u-22) MDDNode(3,u-23), del:MDDNode(3,u-21)
5 (7,9) (6,7) (6,12) (6,14) (63,125) 
layer:3, node:MDDNode(3,u-23), in=63, out=125
choose: Communication
split in: 63 -> (59,4)
split out: 125 -> (121,4,125)
add: MDDNode(3,u-24) MDDNode(3,u-25), del:MDDNode(3,u-23)
6 (7,9) (6,7) (6,12) (6,14) (4,4) (59,121) 
=profile=
(0, 111) 
(13, 60) (9, 35) (7, 21) (7, 55) (6, 12) (69, 268) 
(451, 88) 
(7, 9) (6, 7) (6, 12) (6, 14) (4, 4) (59, 121) 
(167, 1) 
(1, 0) 
dump to the pickle
the graph width list : [1, 6, 1, 6, 1, 1]
it 1 dev 26.93   dev_h 44.04   dev_v 90.91   new_test 37.61   new_test_h 32.43   new_test_v 92.24   save: 37.61 T: 2020-01-13T01:31 
it 2 dev 31.08   dev_h 40.76   dev_v 93.20   new_test 40.44   new_test_h 30.74   new_test_v 93.09   save: 40.44 T: 2020-01-13T01:32 
it 3 dev 30.76   dev_h 41.24   dev_v 91.97   new_test 41.77   new_test_h 30.28   new_test_v 93.41   
it 4 dev 30.91   dev_h 41.13   dev_v 91.56   new_test 41.53   new_test_h 30.29   new_test_v 94.02   
it 5 dev 30.74   dev_h 41.32   dev_v 91.83   new_test 41.37   new_test_h 30.59   new_test_v 93.04   
it 6 dev 30.50   dev_h 41.33   dev_v 91.88   new_test 43.02   new_test_h 29.49   new_test_v 93.53   
it 7 dev 30.95   dev_h 40.86   dev_v 91.88   new_test 43.55   new_test_h 28.97   new_test_v 93.21   
it 8 dev 30.59   dev_h 41.25   dev_v 91.44   new_test 43.15   new_test_h 29.37   new_test_v 93.00   
it 9 dev 30.67   dev_h 41.22   dev_v 91.54   new_test 43.11   new_test_h 29.44   new_test_v 92.56   
it 10 dev 30.52   dev_h 41.34   dev_v 91.06   new_test 42.90   new_test_h 29.45   new_test_v 92.92   
it 11 dev 30.26   dev_h 41.47   dev_v 91.01   new_test 42.70   new_test_h 29.45   new_test_v 92.84   
it 12 dev 30.57   dev_h 41.41   dev_v 90.84   new_test 43.15   new_test_h 29.25   new_test_v 92.48   
it 13 dev 30.54   dev_h 41.44   dev_v 91.06   new_test 42.82   new_test_h 29.64   new_test_v 92.56   
