args Namespace(config='configs/config_l.json', dataset='dataset/IFTTT/msr_data.pkl', load_model=None, mode='train', output='model/ifttt/width-29/', width='29')
configure: {'max_word_id': 4000, 'bidirectional': True, 'cell_type': 'gru', 'decoder': 'attention', 'embedding_size': 160, 'keep_prob': 0.45, 'memory_size': 25, 'num_units': 160, 'use_embedding': True, 'epoches': 15, 'batch_size': 32, 'init': {'name': 'random_uniform_initializer', 'scale': 0.1}, 'lr_scheduler': {'decay_steps': 5000, 'init_lr': 0.002, 'decay_rate': 0.9, 'staircase': True}, 'max_grad_norm': 1, 'optimizer': 'AdamOptimizer'}
# path 8549
model/ifttt/width-29/dataset-w-29.pkl
load raw and dump to file
numArcLayers: 5
1 1 29
layer 1 incoming edges: 111
choose: News & information
split the incoming edges: 111 13 98
the value pair of raw_data is: 492
split the outgoings edges: 443 60 386 446
add node: MDDNode(1,u_6) MDDNode(1,u_7), remove node: MDDNode(1,u_1)
1 2 29
layer 1 incoming edges: 98
choose: Photo & video
split the incoming edges: 98 9 89
the value pair of raw_data is: 492
split the outgoings edges: 386 35 351 386
add node: MDDNode(1,u_8) MDDNode(1,u_9), remove node: MDDNode(1,u_7)
1 3 29
layer 1 incoming edges: 89
choose: Social networks
split the incoming edges: 89 7 82
the value pair of raw_data is: 492
split the outgoings edges: 351 55 296 351
add node: MDDNode(1,u_10) MDDNode(1,u_11), remove node: MDDNode(1,u_9)
1 4 29
layer 1 incoming edges: 82
choose: Others
split the incoming edges: 82 7 75
the value pair of raw_data is: 492
split the outgoings edges: 296 21 280 301
add node: MDDNode(1,u_12) MDDNode(1,u_13), remove node: MDDNode(1,u_11)
1 5 29
layer 1 incoming edges: 75
choose: Bookmarking
split the incoming edges: 75 6 69
the value pair of raw_data is: 492
split the outgoings edges: 280 12 268 280
add node: MDDNode(1,u_14) MDDNode(1,u_15), remove node: MDDNode(1,u_13)
1 6 29
layer 1 incoming edges: 69
choose: Shopping
split the incoming edges: 69 6 63
the value pair of raw_data is: 492
split the outgoings edges: 268 23 245 268
add node: MDDNode(1,u_16) MDDNode(1,u_17), remove node: MDDNode(1,u_15)
1 7 29
layer 1 incoming edges: 63
choose: Security & monitoring systems
split the incoming edges: 63 5 58
the value pair of raw_data is: 492
split the outgoings edges: 245 18 228 246
add node: MDDNode(1,u_18) MDDNode(1,u_19), remove node: MDDNode(1,u_17)
1 8 29
layer 1 incoming edges: 58
choose: Finance & payments
split the incoming edges: 58 4 54
the value pair of raw_data is: 492
split the outgoings edges: 228 17 211 228
add node: MDDNode(1,u_20) MDDNode(1,u_21), remove node: MDDNode(1,u_19)
1 9 29
layer 1 incoming edges: 54
choose: Mobile devices & accessories
split the incoming edges: 54 4 50
the value pair of raw_data is: 492
split the outgoings edges: 211 12 199 211
add node: MDDNode(1,u_22) MDDNode(1,u_23), remove node: MDDNode(1,u_21)
1 10 29
layer 1 incoming edges: 50
choose: Health & fitness
split the incoming edges: 50 4 46
the value pair of raw_data is: 492
split the outgoings edges: 199 26 174 200
add node: MDDNode(1,u_24) MDDNode(1,u_25), remove node: MDDNode(1,u_23)
1 11 29
layer 1 incoming edges: 46
choose: Email
split the incoming edges: 46 3 43
the value pair of raw_data is: 492
split the outgoings edges: 174 10 164 174
add node: MDDNode(1,u_26) MDDNode(1,u_27), remove node: MDDNode(1,u_25)
1 12 29
layer 1 incoming edges: 43
choose: Weather
split the incoming edges: 43 3 40
the value pair of raw_data is: 492
split the outgoings edges: 164 30 138 168
add node: MDDNode(1,u_28) MDDNode(1,u_29), remove node: MDDNode(1,u_27)
1 13 29
layer 1 incoming edges: 40
choose: Smart hubs & systems
split the incoming edges: 40 3 37
the value pair of raw_data is: 492
split the outgoings edges: 138 20 122 142
add node: MDDNode(1,u_30) MDDNode(1,u_31), remove node: MDDNode(1,u_29)
1 14 29
layer 1 incoming edges: 37
choose: Environment control & monitoring
split the incoming edges: 37 3 34
the value pair of raw_data is: 492
split the outgoings edges: 122 9 113 122
add node: MDDNode(1,u_32) MDDNode(1,u_33), remove node: MDDNode(1,u_31)
1 15 29
layer 1 incoming edges: 34
choose: Blogging
split the incoming edges: 34 3 31
the value pair of raw_data is: 492
split the outgoings edges: 113 13 100 113
add node: MDDNode(1,u_34) MDDNode(1,u_35), remove node: MDDNode(1,u_33)
1 16 29
layer 1 incoming edges: 31
choose: Power monitoring & management
split the incoming edges: 31 3 28
the value pair of raw_data is: 492
split the outgoings edges: 100 11 91 102
add node: MDDNode(1,u_36) MDDNode(1,u_37), remove node: MDDNode(1,u_35)
1 17 29
layer 1 incoming edges: 28
choose: Notifications
split the incoming edges: 28 3 25
the value pair of raw_data is: 492
split the outgoings edges: 91 4 87 91
add node: MDDNode(1,u_38) MDDNode(1,u_39), remove node: MDDNode(1,u_37)
1 18 29
layer 1 incoming edges: 25
choose: Gardening
split the incoming edges: 25 3 22
the value pair of raw_data is: 492
split the outgoings edges: 87 9 78 87
add node: MDDNode(1,u_40) MDDNode(1,u_41), remove node: MDDNode(1,u_39)
1 19 29
layer 1 incoming edges: 22
choose: Calendars & scheduling
split the incoming edges: 22 2 20
the value pair of raw_data is: 492
split the outgoings edges: 78 8 70 78
add node: MDDNode(1,u_42) MDDNode(1,u_43), remove node: MDDNode(1,u_41)
1 20 29
layer 1 incoming edges: 20
choose: DIY electronics
split the incoming edges: 20 2 18
the value pair of raw_data is: 492
split the outgoings edges: 70 2 68 70
add node: MDDNode(1,u_44) MDDNode(1,u_45), remove node: MDDNode(1,u_43)
1 21 29
layer 1 incoming edges: 18
choose: Task management & to-dos
split the incoming edges: 18 2 16
the value pair of raw_data is: 492
split the outgoings edges: 68 11 57 68
add node: MDDNode(1,u_46) MDDNode(1,u_47), remove node: MDDNode(1,u_45)
1 22 29
layer 1 incoming edges: 16
choose: Connected car
split the incoming edges: 16 2 14
the value pair of raw_data is: 492
split the outgoings edges: 57 10 47 57
add node: MDDNode(1,u_48) MDDNode(1,u_49), remove node: MDDNode(1,u_47)
1 23 29
layer 1 incoming edges: 14
choose: Appliances
split the incoming edges: 14 2 12
the value pair of raw_data is: 492
split the outgoings edges: 47 2 45 47
add node: MDDNode(1,u_50) MDDNode(1,u_51), remove node: MDDNode(1,u_49)
1 24 29
layer 1 incoming edges: 13
only split: [MDDArc('feed', MDDNode(0, 's'), MDDNode(1, 'u_6'))]
split the incoming edges: 13 1 12
the value pair of raw_data is: 492
split the outgoings edges: 60 2 58 60
add node: MDDNode(1,u_52) MDDNode(1,u_53), remove node: MDDNode(1,u_6)
1 25 29
layer 1 incoming edges: 12
choose: Communication
split the incoming edges: 12 2 10
the value pair of raw_data is: 492
split the outgoings edges: 45 12 33 45
add node: MDDNode(1,u_54) MDDNode(1,u_55), remove node: MDDNode(1,u_51)
1 26 29
layer 1 incoming edges: 12
only split: [MDDArc('newsblur', MDDNode(0, 's'), MDDNode(1, 'u_53'))]
split the incoming edges: 12 1 11
the value pair of raw_data is: 492
split the outgoings edges: 58 4 54 58
add node: MDDNode(1,u_56) MDDNode(1,u_57), remove node: MDDNode(1,u_53)
1 27 29
layer 1 incoming edges: 11
only split: [MDDArc('ifttt', MDDNode(0, 's'), MDDNode(1, 'u_57'))]
split the incoming edges: 11 1 10
the value pair of raw_data is: 492
split the outgoings edges: 54 11 43 54
add node: MDDNode(1,u_58) MDDNode(1,u_59), remove node: MDDNode(1,u_57)
1 28 29
layer 1 incoming edges: 10
choose: Contacts
split the incoming edges: 10 2 8
the value pair of raw_data is: 492
split the outgoings edges: 33 3 30 33
add node: MDDNode(1,u_60) MDDNode(1,u_61), remove node: MDDNode(1,u_55)
dump to the pickle
the graph width list : [1, 29, 1, 1, 1, 1]
it 1 train 0.3380   train_h 0.1655   train_v 0.9306   dev 0.2956   dev_h 0.1761   dev_v 0.9241   new_test 0.3538   new_test_h 0.1615   new_test_v 0.9329   save acc: 0.3538 T: 2020-01-10T11:04 
it 2 train 0.4274   train_h 0.1432   train_v 0.9420   dev 0.3315   dev_h 0.1671   dev_v 0.9308   new_test 0.4302   new_test_h 0.1424   new_test_v 0.9519   save acc: 0.4302 T: 2020-01-10T11:07 
it 3 train 0.4776   train_h 0.1306   train_v 0.9433   dev 0.3500   dev_h 0.1625   dev_v 0.9315   new_test 0.4634   new_test_h 0.1341   new_test_v 0.9438   save acc: 0.4634 T: 2020-01-10T11:11 
it 4 train 0.5196   train_h 0.1201   train_v 0.9470   dev 0.3467   dev_h 0.1633   dev_v 0.9265   new_test 0.4594   new_test_h 0.1352   new_test_v 0.9535   
it 5 train 0.5492   train_h 0.1127   train_v 0.9506   dev 0.3525   dev_h 0.1619   dev_v 0.9289   new_test 0.4755   new_test_h 0.1311   new_test_v 0.9474   save acc: 0.4755 T: 2020-01-10T11:17 
it 6 train 0.5737   train_h 0.1066   train_v 0.9517   dev 0.3445   dev_h 0.1639   dev_v 0.9313   new_test 0.4695   new_test_h 0.1326   new_test_v 0.9523   
it 7 train 0.5919   train_h 0.1020   train_v 0.9573   dev 0.3472   dev_h 0.1632   dev_v 0.9323   new_test 0.4703   new_test_h 0.1324   new_test_v 0.9579   
it 8 train 0.6077   train_h 0.0981   train_v 0.9575   dev 0.3459   dev_h 0.1635   dev_v 0.9294   new_test 0.4707   new_test_h 0.1323   new_test_v 0.9495   
it 9 train 0.6187   train_h 0.0953   train_v 0.9584   dev 0.3457   dev_h 0.1636   dev_v 0.9342   new_test 0.4683   new_test_h 0.1329   new_test_v 0.9527   
it 10 train 0.6279   train_h 0.0930   train_v 0.9590   dev 0.3481   dev_h 0.1630   dev_v 0.9270   new_test 0.4784   new_test_h 0.1304   new_test_v 0.9507   
it 11 train 0.6357   train_h 0.0911   train_v 0.9599   dev 0.3447   dev_h 0.1638   dev_v 0.9274   new_test 0.4679   new_test_h 0.1330   new_test_v 0.9515   
it 12 train 0.6419   train_h 0.0895   train_v 0.9602   dev 0.3472   dev_h 0.1632   dev_v 0.9351   new_test 0.4723   new_test_h 0.1319   new_test_v 0.9543   
it 13 train 0.6464   train_h 0.0884   train_v 0.9613   dev 0.3464   dev_h 0.1634   dev_v 0.9308   new_test 0.4683   new_test_h 0.1329   new_test_v 0.9515   
it 14 train 0.6499   train_h 0.0875   train_v 0.9605   dev 0.3488   dev_h 0.1628   dev_v 0.9282   new_test 0.4687   new_test_h 0.1328   new_test_v 0.9535   
it 15 train 0.6530   train_h 0.0868   train_v 0.9621   dev 0.3467   dev_h 0.1633   dev_v 0.9330   new_test 0.4703   new_test_h 0.1324   new_test_v 0.9547   
it 16 train 0.6559   train_h 0.0860   train_v 0.9619   dev 0.3450   dev_h 0.1638   dev_v 0.9267   new_test 0.4654   new_test_h 0.1336   new_test_v 0.9523   
