args Namespace(config='configs/config_l.json', dataset='dataset/IFTTT/msr_data.pkl', load_model=None, mode='train', output='model/ifttt/width-31/', width='31')
configure: {'max_word_id': 4000, 'bidirectional': True, 'cell_type': 'gru', 'decoder': 'attention', 'embedding_size': 160, 'keep_prob': 0.45, 'memory_size': 25, 'num_units': 160, 'use_embedding': True, 'epoches': 15, 'batch_size': 32, 'init': {'name': 'random_uniform_initializer', 'scale': 0.1}, 'lr_scheduler': {'decay_steps': 5000, 'init_lr': 0.002, 'decay_rate': 0.9, 'staircase': True}, 'max_grad_norm': 1, 'optimizer': 'AdamOptimizer'}
# path 8549
model/ifttt/width-31/dataset-w-31.pkl
load raw and dump to file
numArcLayers: 5
1 1 31
layer 1 incoming edges: 111
choose: News & information
split the incoming edges: 111 13 98
the value pair of raw_data is: 492
split the outgoings edges: 443 60 386 446
add node: MDDNode(1,u_6) MDDNode(1,u_7), remove node: MDDNode(1,u_1)
1 2 31
layer 1 incoming edges: 98
choose: Photo & video
split the incoming edges: 98 9 89
the value pair of raw_data is: 492
split the outgoings edges: 386 35 351 386
add node: MDDNode(1,u_8) MDDNode(1,u_9), remove node: MDDNode(1,u_7)
1 3 31
layer 1 incoming edges: 89
choose: Social networks
split the incoming edges: 89 7 82
the value pair of raw_data is: 492
split the outgoings edges: 351 55 296 351
add node: MDDNode(1,u_10) MDDNode(1,u_11), remove node: MDDNode(1,u_9)
1 4 31
layer 1 incoming edges: 82
choose: Others
split the incoming edges: 82 7 75
the value pair of raw_data is: 492
split the outgoings edges: 296 21 280 301
add node: MDDNode(1,u_12) MDDNode(1,u_13), remove node: MDDNode(1,u_11)
1 5 31
layer 1 incoming edges: 75
choose: Shopping
split the incoming edges: 75 6 69
the value pair of raw_data is: 492
split the outgoings edges: 280 23 257 280
add node: MDDNode(1,u_14) MDDNode(1,u_15), remove node: MDDNode(1,u_13)
1 6 31
layer 1 incoming edges: 69
choose: Bookmarking
split the incoming edges: 69 6 63
the value pair of raw_data is: 492
split the outgoings edges: 257 12 245 257
add node: MDDNode(1,u_16) MDDNode(1,u_17), remove node: MDDNode(1,u_15)
1 7 31
layer 1 incoming edges: 63
choose: Security & monitoring systems
split the incoming edges: 63 5 58
the value pair of raw_data is: 492
split the outgoings edges: 245 18 228 246
add node: MDDNode(1,u_18) MDDNode(1,u_19), remove node: MDDNode(1,u_17)
1 8 31
layer 1 incoming edges: 58
choose: Health & fitness
split the incoming edges: 58 4 54
the value pair of raw_data is: 492
split the outgoings edges: 228 26 203 229
add node: MDDNode(1,u_20) MDDNode(1,u_21), remove node: MDDNode(1,u_19)
1 9 31
layer 1 incoming edges: 54
choose: Finance & payments
split the incoming edges: 54 4 50
the value pair of raw_data is: 492
split the outgoings edges: 203 17 186 203
add node: MDDNode(1,u_22) MDDNode(1,u_23), remove node: MDDNode(1,u_21)
1 10 31
layer 1 incoming edges: 50
choose: Mobile devices & accessories
split the incoming edges: 50 4 46
the value pair of raw_data is: 492
split the outgoings edges: 186 12 174 186
add node: MDDNode(1,u_24) MDDNode(1,u_25), remove node: MDDNode(1,u_23)
1 11 31
layer 1 incoming edges: 46
choose: Notifications
split the incoming edges: 46 3 43
the value pair of raw_data is: 492
split the outgoings edges: 174 4 170 174
add node: MDDNode(1,u_26) MDDNode(1,u_27), remove node: MDDNode(1,u_25)
1 12 31
layer 1 incoming edges: 43
choose: Gardening
split the incoming edges: 43 3 40
the value pair of raw_data is: 492
split the outgoings edges: 170 9 161 170
add node: MDDNode(1,u_28) MDDNode(1,u_29), remove node: MDDNode(1,u_27)
1 13 31
layer 1 incoming edges: 40
choose: Power monitoring & management
split the incoming edges: 40 3 37
the value pair of raw_data is: 492
split the outgoings edges: 161 11 152 163
add node: MDDNode(1,u_30) MDDNode(1,u_31), remove node: MDDNode(1,u_29)
1 14 31
layer 1 incoming edges: 37
choose: Environment control & monitoring
split the incoming edges: 37 3 34
the value pair of raw_data is: 492
split the outgoings edges: 152 9 145 154
add node: MDDNode(1,u_32) MDDNode(1,u_33), remove node: MDDNode(1,u_31)
1 15 31
layer 1 incoming edges: 34
choose: Email
split the incoming edges: 34 3 31
the value pair of raw_data is: 492
split the outgoings edges: 145 10 135 145
add node: MDDNode(1,u_34) MDDNode(1,u_35), remove node: MDDNode(1,u_33)
1 16 31
layer 1 incoming edges: 31
choose: Weather
split the incoming edges: 31 3 28
the value pair of raw_data is: 492
split the outgoings edges: 135 30 109 139
add node: MDDNode(1,u_36) MDDNode(1,u_37), remove node: MDDNode(1,u_35)
1 17 31
layer 1 incoming edges: 28
choose: Blogging
split the incoming edges: 28 3 25
the value pair of raw_data is: 492
split the outgoings edges: 109 13 96 109
add node: MDDNode(1,u_38) MDDNode(1,u_39), remove node: MDDNode(1,u_37)
1 18 31
layer 1 incoming edges: 25
choose: Smart hubs & systems
split the incoming edges: 25 3 22
the value pair of raw_data is: 492
split the outgoings edges: 96 20 78 98
add node: MDDNode(1,u_40) MDDNode(1,u_41), remove node: MDDNode(1,u_39)
1 19 31
layer 1 incoming edges: 22
choose: Connected car
split the incoming edges: 22 2 20
the value pair of raw_data is: 492
split the outgoings edges: 78 10 68 78
add node: MDDNode(1,u_42) MDDNode(1,u_43), remove node: MDDNode(1,u_41)
1 20 31
layer 1 incoming edges: 20
choose: Task management & to-dos
split the incoming edges: 20 2 18
the value pair of raw_data is: 492
split the outgoings edges: 68 11 57 68
add node: MDDNode(1,u_44) MDDNode(1,u_45), remove node: MDDNode(1,u_43)
1 21 31
layer 1 incoming edges: 18
choose: Calendars & scheduling
split the incoming edges: 18 2 16
the value pair of raw_data is: 492
split the outgoings edges: 57 8 49 57
add node: MDDNode(1,u_46) MDDNode(1,u_47), remove node: MDDNode(1,u_45)
1 22 31
layer 1 incoming edges: 16
choose: Communication
split the incoming edges: 16 2 14
the value pair of raw_data is: 492
split the outgoings edges: 49 12 37 49
add node: MDDNode(1,u_48) MDDNode(1,u_49), remove node: MDDNode(1,u_47)
1 23 31
layer 1 incoming edges: 14
choose: DIY electronics
split the incoming edges: 14 2 12
the value pair of raw_data is: 492
split the outgoings edges: 37 2 35 37
add node: MDDNode(1,u_50) MDDNode(1,u_51), remove node: MDDNode(1,u_49)
1 24 31
layer 1 incoming edges: 13
only split: [MDDArc('espn', MDDNode(0, 's'), MDDNode(1, 'u_6'))]
split the incoming edges: 13 1 12
the value pair of raw_data is: 492
split the outgoings edges: 60 6 54 60
add node: MDDNode(1,u_52) MDDNode(1,u_53), remove node: MDDNode(1,u_6)
1 25 31
layer 1 incoming edges: 12
choose: Appliances
split the incoming edges: 12 2 10
the value pair of raw_data is: 492
split the outgoings edges: 35 2 33 35
add node: MDDNode(1,u_54) MDDNode(1,u_55), remove node: MDDNode(1,u_51)
1 26 31
layer 1 incoming edges: 12
only split: [MDDArc('instyle', MDDNode(0, 's'), MDDNode(1, 'u_53'))]
split the incoming edges: 12 1 11
the value pair of raw_data is: 492
split the outgoings edges: 54 2 54 56
add node: MDDNode(1,u_56) MDDNode(1,u_57), remove node: MDDNode(1,u_53)
1 27 31
layer 1 incoming edges: 11
only split: [MDDArc('sports_illustrated', MDDNode(0, 's'), MDDNode(1, 'u_57'))]
split the incoming edges: 11 1 10
the value pair of raw_data is: 492
split the outgoings edges: 54 2 54 56
add node: MDDNode(1,u_58) MDDNode(1,u_59), remove node: MDDNode(1,u_57)
1 28 31
layer 1 incoming edges: 10
choose: Contacts
split the incoming edges: 10 2 8
the value pair of raw_data is: 492
split the outgoings edges: 33 3 30 33
add node: MDDNode(1,u_60) MDDNode(1,u_61), remove node: MDDNode(1,u_55)
1 29 31
layer 1 incoming edges: 10
only split: [MDDArc('digg', MDDNode(0, 's'), MDDNode(1, 'u_59'))]
split the incoming edges: 10 1 9
the value pair of raw_data is: 492
split the outgoings edges: 54 8 46 54
add node: MDDNode(1,u_62) MDDNode(1,u_63), remove node: MDDNode(1,u_59)
1 30 31
layer 1 incoming edges: 9
only split: [MDDArc('flickr', MDDNode(0, 's'), MDDNode(1, 'u_8'))]
split the incoming edges: 9 1 8
the value pair of raw_data is: 492
split the outgoings edges: 35 5 30 35
add node: MDDNode(1,u_64) MDDNode(1,u_65), remove node: MDDNode(1,u_8)
dump to the pickle
the graph width list : [1, 31, 1, 1, 1, 1]
it 1 train 0.3362   train_h 0.1660   train_v 0.9281   dev 0.2891   dev_h 0.1777   dev_v 0.9219   new_test 0.3635   new_test_h 0.1591   new_test_v 0.9345   save acc: 0.3635 T: 2020-01-10T00:22 
it 2 train 0.4240   train_h 0.1440   train_v 0.9367   dev 0.3339   dev_h 0.1665   dev_v 0.9306   new_test 0.4387   new_test_h 0.1403   new_test_v 0.9539   save acc: 0.4387 T: 2020-01-10T00:25 
it 3 train 0.4757   train_h 0.1311   train_v 0.9410   dev 0.3423   dev_h 0.1644   dev_v 0.9282   new_test 0.4626   new_test_h 0.1344   new_test_v 0.9466   save acc: 0.4626 T: 2020-01-10T00:28 
it 4 train 0.5147   train_h 0.1213   train_v 0.9438   dev 0.3464   dev_h 0.1634   dev_v 0.9323   new_test 0.4404   new_test_h 0.1399   new_test_v 0.9365   save acc: 0.4404 T: 2020-01-10T00:31 
it 5 train 0.5463   train_h 0.1134   train_v 0.9466   dev 0.3527   dev_h 0.1618   dev_v 0.9231   new_test 0.4695   new_test_h 0.1326   new_test_v 0.9462   save acc: 0.4695 T: 2020-01-10T00:34 
it 6 train 0.5711   train_h 0.1072   train_v 0.9500   dev 0.3402   dev_h 0.1650   dev_v 0.9250   new_test 0.4666   new_test_h 0.1333   new_test_v 0.9430   
it 7 train 0.5884   train_h 0.1029   train_v 0.9531   dev 0.3476   dev_h 0.1631   dev_v 0.9308   new_test 0.4642   new_test_h 0.1339   new_test_v 0.9397   
it 8 train 0.6047   train_h 0.0988   train_v 0.9548   dev 0.3445   dev_h 0.1639   dev_v 0.9255   new_test 0.4614   new_test_h 0.1347   new_test_v 0.9418   
it 9 train 0.6174   train_h 0.0957   train_v 0.9557   dev 0.3452   dev_h 0.1637   dev_v 0.9325   new_test 0.4626   new_test_h 0.1344   new_test_v 0.9381   
it 10 train 0.6265   train_h 0.0934   train_v 0.9545   dev 0.3469   dev_h 0.1633   dev_v 0.9238   new_test 0.4642   new_test_h 0.1339   new_test_v 0.9414   
it 11 train 0.6324   train_h 0.0919   train_v 0.9561   dev 0.3411   dev_h 0.1647   dev_v 0.9277   new_test 0.4545   new_test_h 0.1364   new_test_v 0.9414   
it 12 train 0.6397   train_h 0.0901   train_v 0.9558   dev 0.3455   dev_h 0.1636   dev_v 0.9248   new_test 0.4634   new_test_h 0.1341   new_test_v 0.9406   
it 13 train 0.6453   train_h 0.0887   train_v 0.9585   dev 0.3459   dev_h 0.1635   dev_v 0.9257   new_test 0.4606   new_test_h 0.1349   new_test_v 0.9393   
it 14 train 0.6476   train_h 0.0881   train_v 0.9583   dev 0.3419   dev_h 0.1645   dev_v 0.9303   new_test 0.4586   new_test_h 0.1354   new_test_v 0.9373   
it 15 train 0.6520   train_h 0.0870   train_v 0.9591   dev 0.3440   dev_h 0.1640   dev_v 0.9238   new_test 0.4561   new_test_h 0.1360   new_test_v 0.9373   
it 16 train 0.6536   train_h 0.0866   train_v 0.9589   dev 0.3440   dev_h 0.1640   dev_v 0.9226   new_test 0.4549   new_test_h 0.1363   new_test_v 0.9357   
