args Namespace(config='configs/config_l.json', dataset='dataset/IFTTT/msr_data.pkl', load_model=None, mode='train', output='model/ifttt/width-25/', width='25')
configure: {'max_word_id': 3782, 'bidirectional': True, 'cell_type': 'lstm', 'decoder': 'attention', 'embedding_size': 100, 'keep_prob': 0.75, 'memory_size': 100, 'num_units': 100, 'use_embedding': True, 'epoches': 12, 'batch_size': 20, 'init': {'name': 'random_uniform_initializer', 'scale': 0.1}, 'lr_scheduler': {'decay_steps': 5000, 'init_lr': 0.02, 'decay_rate': 0.9, 'staircase': True}, 'max_grad_norm': 1, 'optimizer': 'AdamOptimizer'}
# path 8549
model/ifttt/width-25/dataset-w-25.pkl
load raw and dump to file
numArcLayers: 5
layer:1, node:MDDNode(1,u_1), in=111, out=443
choose: News & information
split in: 111 -> (98,13)
split out: 443 -> (386,60,446)
add: MDDNode(1,u-6) MDDNode(1,u-7), del:MDDNode(1,u_1)
2 (13,60) (98,386) 
layer:1, node:MDDNode(1,u-7), in=98, out=386
choose: Photo & video
split in: 98 -> (89,9)
split out: 386 -> (351,35,386)
add: MDDNode(1,u-8) MDDNode(1,u-9), del:MDDNode(1,u-7)
3 (13,60) (9,35) (89,351) 
layer:1, node:MDDNode(1,u-9), in=89, out=351
choose: Social networks
split in: 89 -> (82,7)
split out: 351 -> (296,55,351)
add: MDDNode(1,u-10) MDDNode(1,u-11), del:MDDNode(1,u-9)
4 (13,60) (9,35) (7,55) (82,296) 
layer:1, node:MDDNode(1,u-11), in=82, out=296
choose: Others
split in: 82 -> (75,7)
split out: 296 -> (280,21,301)
add: MDDNode(1,u-12) MDDNode(1,u-13), del:MDDNode(1,u-11)
5 (13,60) (9,35) (7,55) (7,21) (75,280) 
layer:1, node:MDDNode(1,u-13), in=75, out=280
choose: Bookmarking
split in: 75 -> (69,6)
split out: 280 -> (268,12,280)
add: MDDNode(1,u-14) MDDNode(1,u-15), del:MDDNode(1,u-13)
6 (13,60) (9,35) (7,55) (7,21) (6,12) (69,268) 
layer:1, node:MDDNode(1,u-15), in=69, out=268
choose: Shopping
split in: 69 -> (63,6)
split out: 268 -> (245,23,268)
add: MDDNode(1,u-16) MDDNode(1,u-17), del:MDDNode(1,u-15)
7 (13,60) (9,35) (7,55) (7,21) (6,12) (6,23) (63,245) 
layer:1, node:MDDNode(1,u-17), in=63, out=245
choose: Security & monitoring systems
split in: 63 -> (58,5)
split out: 245 -> (228,18,246)
add: MDDNode(1,u-18) MDDNode(1,u-19), del:MDDNode(1,u-17)
8 (13,60) (9,35) (7,55) (7,21) (6,12) (6,23) (5,18) (58,228) 
layer:1, node:MDDNode(1,u-19), in=58, out=228
choose: Health & fitness
split in: 58 -> (54,4)
split out: 228 -> (203,26,229)
add: MDDNode(1,u-20) MDDNode(1,u-21), del:MDDNode(1,u-19)
9 (13,60) (9,35) (7,55) (7,21) (6,12) (6,23) (5,18) (4,26) (54,203) 
layer:1, node:MDDNode(1,u-21), in=54, out=203
choose: Finance & payments
split in: 54 -> (50,4)
split out: 203 -> (186,17,203)
add: MDDNode(1,u-22) MDDNode(1,u-23), del:MDDNode(1,u-21)
10 (13,60) (9,35) (7,55) (7,21) (6,12) (6,23) (5,18) (4,26) (4,17) (50,186) 
layer:1, node:MDDNode(1,u-23), in=50, out=186
choose: Mobile devices & accessories
split in: 50 -> (46,4)
split out: 186 -> (174,12,186)
add: MDDNode(1,u-24) MDDNode(1,u-25), del:MDDNode(1,u-23)
11 (13,60) (9,35) (7,55) (7,21) (6,12) (6,23) (5,18) (4,26) (4,17) (4,12) (46,174) 
layer:1, node:MDDNode(1,u-25), in=46, out=174
choose: Gardening
split in: 46 -> (43,3)
split out: 174 -> (165,9,174)
add: MDDNode(1,u-26) MDDNode(1,u-27), del:MDDNode(1,u-25)
12 (13,60) (9,35) (7,55) (7,21) (6,12) (6,23) (5,18) (4,26) (4,17) (4,12) (3,9) (43,165) 
layer:1, node:MDDNode(1,u-27), in=43, out=165
choose: Power monitoring & management
split in: 43 -> (40,3)
split out: 165 -> (156,11,167)
add: MDDNode(1,u-28) MDDNode(1,u-29), del:MDDNode(1,u-27)
13 (13,60) (9,35) (7,55) (7,21) (6,12) (6,23) (5,18) (4,26) (4,17) (4,12) (3,9) (3,11) (40,156) 
layer:1, node:MDDNode(1,u-29), in=40, out=156
choose: Communication
split in: 40 -> (37,3)
split out: 156 -> (143,13,156)
add: MDDNode(1,u-30) MDDNode(1,u-31), del:MDDNode(1,u-29)
14 (13,60) (9,35) (7,55) (7,21) (6,12) (6,23) (5,18) (4,26) (4,17) (4,12) (3,9) (3,11) (3,13) (37,143) 
layer:1, node:MDDNode(1,u-31), in=37, out=143
choose: Email
split in: 37 -> (34,3)
split out: 143 -> (133,10,143)
add: MDDNode(1,u-32) MDDNode(1,u-33), del:MDDNode(1,u-31)
15 (13,60) (9,35) (7,55) (7,21) (6,12) (6,23) (5,18) (4,26) (4,17) (4,12) (3,9) (3,11) (3,13) (3,10) (34,133) 
layer:1, node:MDDNode(1,u-33), in=34, out=133
choose: Weather
split in: 34 -> (31,3)
split out: 133 -> (107,30,137)
add: MDDNode(1,u-34) MDDNode(1,u-35), del:MDDNode(1,u-33)
16 (13,60) (9,35) (7,55) (7,21) (6,12) (6,23) (5,18) (4,26) (4,17) (4,12) (3,9) (3,11) (3,13) (3,10) (3,30) (31,107) 
layer:1, node:MDDNode(1,u-35), in=31, out=107
choose: Smart hubs & systems
split in: 31 -> (28,3)
split out: 107 -> (91,20,111)
add: MDDNode(1,u-36) MDDNode(1,u-37), del:MDDNode(1,u-35)
17 (13,60) (9,35) (7,55) (7,21) (6,12) (6,23) (5,18) (4,26) (4,17) (4,12) (3,9) (3,11) (3,13) (3,10) (3,30) (3,20) (28,91) 
layer:1, node:MDDNode(1,u-37), in=28, out=91
choose: Blogging
split in: 28 -> (25,3)
split out: 91 -> (78,13,91)
add: MDDNode(1,u-38) MDDNode(1,u-39), del:MDDNode(1,u-37)
18 (13,60) (9,35) (7,55) (7,21) (6,12) (6,23) (5,18) (4,26) (4,17) (4,12) (3,9) (3,11) (3,13) (3,10) (3,30) (3,20) (3,13) (25,78) 
layer:1, node:MDDNode(1,u-39), in=25, out=78
choose: Environment control & monitoring
split in: 25 -> (22,3)
split out: 78 -> (69,9,78)
add: MDDNode(1,u-40) MDDNode(1,u-41), del:MDDNode(1,u-39)
19 (13,60) (9,35) (7,55) (7,21) (6,12) (6,23) (5,18) (4,26) (4,17) (4,12) (3,9) (3,11) (3,13) (3,10) (3,30) (3,20) (3,13) (3,9) (22,69) 
layer:1, node:MDDNode(1,u-41), in=22, out=69
choose: Appliances
split in: 22 -> (20,2)
split out: 69 -> (67,2,69)
add: MDDNode(1,u-42) MDDNode(1,u-43), del:MDDNode(1,u-41)
20 (13,60) (9,35) (7,55) (7,21) (6,12) (6,23) (5,18) (4,26) (4,17) (4,12) (3,9) (3,11) (3,13) (3,10) (3,30) (3,20) (3,13) (3,9) (2,2) (20,67) 
layer:1, node:MDDNode(1,u-43), in=20, out=67
choose: Task management & to-dos
split in: 20 -> (18,2)
split out: 67 -> (56,11,67)
add: MDDNode(1,u-44) MDDNode(1,u-45), del:MDDNode(1,u-43)
21 (13,60) (9,35) (7,55) (7,21) (6,12) (6,23) (5,18) (4,26) (4,17) (4,12) (3,9) (3,11) (3,13) (3,10) (3,30) (3,20) (3,13) (3,9) (2,2) (2,11) (18,56) 
layer:1, node:MDDNode(1,u-45), in=18, out=56
choose: Connected car
split in: 18 -> (16,2)
split out: 56 -> (46,10,56)
add: MDDNode(1,u-46) MDDNode(1,u-47), del:MDDNode(1,u-45)
22 (13,60) (9,35) (7,55) (7,21) (6,12) (6,23) (5,18) (4,26) (4,17) (4,12) (3,9) (3,11) (3,13) (3,10) (3,30) (3,20) (3,13) (3,9) (2,2) (2,11) (2,10) (16,46) 
layer:1, node:MDDNode(1,u-47), in=16, out=46
choose: Notifications
split in: 16 -> (14,2)
split out: 46 -> (43,3,46)
add: MDDNode(1,u-48) MDDNode(1,u-49), del:MDDNode(1,u-47)
23 (13,60) (9,35) (7,55) (7,21) (6,12) (6,23) (5,18) (4,26) (4,17) (4,12) (3,9) (3,11) (3,13) (3,10) (3,30) (3,20) (3,13) (3,9) (2,2) (2,11) (2,10) (2,3) (14,43) 
layer:1, node:MDDNode(1,u-49), in=14, out=43
choose: Calendars & scheduling
split in: 14 -> (12,2)
split out: 43 -> (35,8,43)
add: MDDNode(1,u-50) MDDNode(1,u-51), del:MDDNode(1,u-49)
24 (13,60) (9,35) (7,55) (7,21) (6,12) (6,23) (5,18) (4,26) (4,17) (4,12) (3,9) (3,11) (3,13) (3,10) (3,30) (3,20) (3,13) (3,9) (2,2) (2,11) (2,10) (2,3) (2,8) (12,35) 
layer:1, node:MDDNode(1,u-6), in=13, out=60
split in: 13 -> (12,1)
split out: 60 -> (52,8,60)
add: MDDNode(1,u-52) MDDNode(1,u-53), del:MDDNode(1,u-6)
25 (9,35) (7,55) (7,21) (6,12) (6,23) (5,18) (4,26) (4,17) (4,12) (3,9) (3,11) (3,13) (3,10) (3,30) (3,20) (3,13) (3,9) (2,2) (2,11) (2,10) (2,3) (2,8) (12,35) (1,8) (12,52) 
layer:3, node:MDDNode(3,u_3), in=88, out=161
choose: Notifications
split in: 88 -> (81,7)
split out: 161 -> (154,9,163)
add: MDDNode(3,u-54) MDDNode(3,u-55), del:MDDNode(3,u_3)
2 (7,9) (81,154) 
layer:3, node:MDDNode(3,u-55), in=81, out=154
choose: Bookmarking
split in: 81 -> (75,6)
split out: 154 -> (148,7,155)
add: MDDNode(3,u-56) MDDNode(3,u-57), del:MDDNode(3,u-55)
3 (7,9) (6,7) (75,148) 
layer:3, node:MDDNode(3,u-57), in=75, out=148
choose: Others
split in: 75 -> (69,6)
split out: 148 -> (138,12,150)
add: MDDNode(3,u-58) MDDNode(3,u-59), del:MDDNode(3,u-57)
4 (7,9) (6,7) (6,12) (69,138) 
layer:3, node:MDDNode(3,u-59), in=69, out=138
choose: Social networks
split in: 69 -> (63,6)
split out: 138 -> (125,14,139)
add: MDDNode(3,u-60) MDDNode(3,u-61), del:MDDNode(3,u-59)
5 (7,9) (6,7) (6,12) (6,14) (63,125) 
layer:3, node:MDDNode(3,u-61), in=63, out=125
choose: Power monitoring & management
split in: 63 -> (59,4)
split out: 125 -> (121,9,130)
add: MDDNode(3,u-62) MDDNode(3,u-63), del:MDDNode(3,u-61)
6 (7,9) (6,7) (6,12) (6,14) (4,9) (59,121) 
layer:3, node:MDDNode(3,u-63), in=59, out=121
choose: Communication
split in: 59 -> (55,4)
split out: 121 -> (117,4,121)
add: MDDNode(3,u-64) MDDNode(3,u-65), del:MDDNode(3,u-63)
7 (7,9) (6,7) (6,12) (6,14) (4,9) (4,4) (55,117) 
layer:3, node:MDDNode(3,u-65), in=55, out=117
choose: Mobile devices & accessories
split in: 55 -> (51,4)
split out: 117 -> (112,7,119)
add: MDDNode(3,u-66) MDDNode(3,u-67), del:MDDNode(3,u-65)
8 (7,9) (6,7) (6,12) (6,14) (4,9) (4,4) (4,7) (51,112) 
layer:3, node:MDDNode(3,u-67), in=51, out=112
choose: Security & monitoring systems
split in: 51 -> (47,4)
split out: 112 -> (95,17,112)
add: MDDNode(3,u-68) MDDNode(3,u-69), del:MDDNode(3,u-67)
9 (7,9) (6,7) (6,12) (6,14) (4,9) (4,4) (4,7) (4,17) (47,95) 
layer:3, node:MDDNode(3,u-69), in=47, out=95
choose: Photo & video
split in: 47 -> (43,4)
split out: 95 -> (91,4,95)
add: MDDNode(3,u-70) MDDNode(3,u-71), del:MDDNode(3,u-69)
10 (7,9) (6,7) (6,12) (6,14) (4,9) (4,4) (4,7) (4,17) (4,4) (43,91) 
layer:3, node:MDDNode(3,u-71), in=43, out=91
choose: Environment control & monitoring
split in: 43 -> (39,4)
split out: 91 -> (81,10,91)
add: MDDNode(3,u-72) MDDNode(3,u-73), del:MDDNode(3,u-71)
11 (7,9) (6,7) (6,12) (6,14) (4,9) (4,4) (4,7) (4,17) (4,4) (4,10) (39,81) 
layer:3, node:MDDNode(3,u-73), in=39, out=81
choose: Cloud storage
split in: 39 -> (35,4)
split out: 81 -> (74,7,81)
add: MDDNode(3,u-74) MDDNode(3,u-75), del:MDDNode(3,u-73)
12 (7,9) (6,7) (6,12) (6,14) (4,9) (4,4) (4,7) (4,17) (4,4) (4,10) (4,7) (35,74) 
layer:3, node:MDDNode(3,u-75), in=35, out=74
choose: Email
split in: 35 -> (31,4)
split out: 74 -> (69,5,74)
add: MDDNode(3,u-76) MDDNode(3,u-77), del:MDDNode(3,u-75)
13 (7,9) (6,7) (6,12) (6,14) (4,9) (4,4) (4,7) (4,17) (4,4) (4,10) (4,7) (4,5) (31,69) 
layer:3, node:MDDNode(3,u-77), in=31, out=69
choose: Health & fitness
split in: 31 -> (28,3)
split out: 69 -> (67,3,70)
add: MDDNode(3,u-78) MDDNode(3,u-79), del:MDDNode(3,u-77)
14 (7,9) (6,7) (6,12) (6,14) (4,9) (4,4) (4,7) (4,17) (4,4) (4,10) (4,7) (4,5) (3,3) (28,67) 
layer:3, node:MDDNode(3,u-79), in=28, out=67
choose: Blogging
split in: 28 -> (25,3)
split out: 67 -> (60,7,67)
add: MDDNode(3,u-80) MDDNode(3,u-81), del:MDDNode(3,u-79)
15 (7,9) (6,7) (6,12) (6,14) (4,9) (4,4) (4,7) (4,17) (4,4) (4,10) (4,7) (4,5) (3,3) (3,7) (25,60) 
layer:3, node:MDDNode(3,u-81), in=25, out=60
choose: Smart hubs & systems
split in: 25 -> (22,3)
split out: 60 -> (51,9,60)
add: MDDNode(3,u-82) MDDNode(3,u-83), del:MDDNode(3,u-81)
16 (7,9) (6,7) (6,12) (6,14) (4,9) (4,4) (4,7) (4,17) (4,4) (4,10) (4,7) (4,5) (3,3) (3,7) (3,9) (22,51) 
layer:3, node:MDDNode(3,u-83), in=22, out=51
choose: Business tools
split in: 22 -> (20,2)
split out: 51 -> (48,3,51)
add: MDDNode(3,u-84) MDDNode(3,u-85), del:MDDNode(3,u-83)
17 (7,9) (6,7) (6,12) (6,14) (4,9) (4,4) (4,7) (4,17) (4,4) (4,10) (4,7) (4,5) (3,3) (3,7) (3,9) (2,3) (20,48) 
layer:3, node:MDDNode(3,u-85), in=20, out=48
choose: News & information
split in: 20 -> (18,2)
split out: 48 -> (45,3,48)
add: MDDNode(3,u-86) MDDNode(3,u-87), del:MDDNode(3,u-85)
18 (7,9) (6,7) (6,12) (6,14) (4,9) (4,4) (4,7) (4,17) (4,4) (4,10) (4,7) (4,5) (3,3) (3,7) (3,9) (2,3) (2,3) (18,45) 
layer:3, node:MDDNode(3,u-87), in=18, out=45
choose: Developer tools
split in: 18 -> (16,2)
split out: 45 -> (43,3,46)
add: MDDNode(3,u-88) MDDNode(3,u-89), del:MDDNode(3,u-87)
19 (7,9) (6,7) (6,12) (6,14) (4,9) (4,4) (4,7) (4,17) (4,4) (4,10) (4,7) (4,5) (3,3) (3,7) (3,9) (2,3) (2,3) (2,3) (16,43) 
layer:3, node:MDDNode(3,u-89), in=16, out=43
choose: Lighting
split in: 16 -> (14,2)
split out: 43 -> (30,13,43)
add: MDDNode(3,u-90) MDDNode(3,u-91), del:MDDNode(3,u-89)
20 (7,9) (6,7) (6,12) (6,14) (4,9) (4,4) (4,7) (4,17) (4,4) (4,10) (4,7) (4,5) (3,3) (3,7) (3,9) (2,3) (2,3) (2,3) (2,13) (14,30) 
layer:3, node:MDDNode(3,u-91), in=14, out=30
choose: Notes
split in: 14 -> (12,2)
split out: 30 -> (21,9,30)
add: MDDNode(3,u-92) MDDNode(3,u-93), del:MDDNode(3,u-91)
21 (7,9) (6,7) (6,12) (6,14) (4,9) (4,4) (4,7) (4,17) (4,4) (4,10) (4,7) (4,5) (3,3) (3,7) (3,9) (2,3) (2,3) (2,3) (2,13) (2,9) (12,21) 
layer:3, node:MDDNode(3,u-93), in=12, out=21
choose: Task management & to-dos
split in: 12 -> (10,2)
split out: 21 -> (19,3,22)
add: MDDNode(3,u-94) MDDNode(3,u-95), del:MDDNode(3,u-93)
22 (7,9) (6,7) (6,12) (6,14) (4,9) (4,4) (4,7) (4,17) (4,4) (4,10) (4,7) (4,5) (3,3) (3,7) (3,9) (2,3) (2,3) (2,3) (2,13) (2,9) (2,3) (10,19) 
layer:3, node:MDDNode(3,u-95), in=10, out=19
choose: Clocks & displays
split in: 10 -> (9,1)
split out: 19 -> (18,1,19)
add: MDDNode(3,u-96) MDDNode(3,u-97), del:MDDNode(3,u-95)
23 (7,9) (6,7) (6,12) (6,14) (4,9) (4,4) (4,7) (4,17) (4,4) (4,10) (4,7) (4,5) (3,3) (3,7) (3,9) (2,3) (2,3) (2,3) (2,13) (2,9) (2,3) (1,1) (9,18) 
layer:3, node:MDDNode(3,u-97), in=9, out=18
choose: Journaling & personal data
split in: 9 -> (8,1)
split out: 18 -> (14,4,18)
add: MDDNode(3,u-98) MDDNode(3,u-99), del:MDDNode(3,u-97)
24 (7,9) (6,7) (6,12) (6,14) (4,9) (4,4) (4,7) (4,17) (4,4) (4,10) (4,7) (4,5) (3,3) (3,7) (3,9) (2,3) (2,3) (2,3) (2,13) (2,9) (2,3) (1,1) (1,4) (8,14) 
layer:3, node:MDDNode(3,u-99), in=8, out=14
choose: Calendars & scheduling
split in: 8 -> (7,1)
split out: 14 -> (13,1,14)
add: MDDNode(3,u-100) MDDNode(3,u-101), del:MDDNode(3,u-99)
25 (7,9) (6,7) (6,12) (6,14) (4,9) (4,4) (4,7) (4,17) (4,4) (4,10) (4,7) (4,5) (3,3) (3,7) (3,9) (2,3) (2,3) (2,3) (2,13) (2,9) (2,3) (1,1) (1,4) (1,1) (7,13) 
=profile=
(0, 111) 
(9, 35) (7, 55) (7, 21) (6, 12) (6, 23) (5, 18) (4, 26) (4, 17) (4, 12) (3, 9) (3, 11) (3, 13) (3, 10) (3, 30) (3, 20) (3, 13) (3, 9) (2, 2) (2, 11) (2, 10) (2, 3) (2, 8) (12, 35) (1, 8) (12, 52) 
(463, 88) 
(7, 9) (6, 7) (6, 12) (6, 14) (4, 9) (4, 4) (4, 7) (4, 17) (4, 4) (4, 10) (4, 7) (4, 5) (3, 3) (3, 7) (3, 9) (2, 3) (2, 3) (2, 3) (2, 13) (2, 9) (2, 3) (1, 1) (1, 4) (1, 1) (7, 13) 
(177, 1) 
(1, 0) 
dump to the pickle
the graph width list : [1, 25, 1, 25, 1, 1]
it 1 dev 26.23   dev_h 45.04   dev_v 95.32   new_test 34.41   new_test_h 33.78   new_test_v 96.00   save: 34.41 T: 2020-01-13T19:08 
it 2 dev 31.20   dev_h 41.44   dev_v 95.61   new_test 41.33   new_test_h 30.67   new_test_v 96.52   save: 41.33 T: 2020-01-13T19:10 
it 3 dev 31.44   dev_h 41.44   dev_v 95.08   new_test 41.53   new_test_h 30.79   new_test_v 96.32   save: 41.53 T: 2020-01-13T19:12 
it 4 dev 30.59   dev_h 41.69   dev_v 95.90   new_test 41.85   new_test_h 30.55   new_test_v 96.48   
it 5 dev 31.10   dev_h 41.13   dev_v 95.81   new_test 42.22   new_test_h 29.87   new_test_v 96.28   
it 6 dev 30.76   dev_h 41.58   dev_v 95.40   new_test 42.98   new_test_h 30.00   new_test_v 96.52   
it 7 dev 31.44   dev_h 41.11   dev_v 96.09   new_test 43.31   new_test_h 29.64   new_test_v 96.56   
it 8 dev 30.91   dev_h 41.60   dev_v 95.71   new_test 42.30   new_test_h 30.27   new_test_v 96.32   
it 9 dev 31.00   dev_h 41.35   dev_v 95.64   new_test 42.09   new_test_h 30.35   new_test_v 96.08   
it 10 dev 30.71   dev_h 41.62   dev_v 95.59   new_test 42.18   new_test_h 30.27   new_test_v 96.36   
it 11 dev 30.71   dev_h 41.74   dev_v 96.02   new_test 42.05   new_test_h 30.29   new_test_v 96.44   
it 12 dev 30.91   dev_h 41.58   dev_v 95.66   new_test 42.05   new_test_h 30.37   new_test_v 96.08   
it 13 dev 30.47   dev_h 41.97   dev_v 95.52   new_test 41.97   new_test_h 30.31   new_test_v 96.12   
