args Namespace(config='configs/config_l.json', dataset='dataset/IFTTT/msr_data.pkl', load_model=None, mode='train', output='model/ifttt/width-62/', width='62')
configure: {'max_word_id': 4000, 'bidirectional': True, 'cell_type': 'gru', 'decoder': 'attention', 'embedding_size': 160, 'keep_prob': 0.45, 'memory_size': 25, 'num_units': 160, 'use_embedding': True, 'epoches': 15, 'batch_size': 32, 'init': {'name': 'random_uniform_initializer', 'scale': 0.1}, 'lr_scheduler': {'decay_steps': 5000, 'init_lr': 0.002, 'decay_rate': 0.9, 'staircase': True}, 'max_grad_norm': 1, 'optimizer': 'AdamOptimizer'}
# path 8549
model/ifttt/width-62/dataset-w-62.pkl
load raw and dump to file
numArcLayers: 5
1 1 62
layer 1 incoming edges: 111
choose: News & information
split the incoming edges: 111 13 98
the value pair of raw_data is: 492
split the outgoings edges: 443 60 386 446
add node: MDDNode(1,u_6) MDDNode(1,u_7), remove node: MDDNode(1,u_1)
1 2 62
layer 1 incoming edges: 98
choose: Photo & video
split the incoming edges: 98 9 89
the value pair of raw_data is: 492
split the outgoings edges: 386 35 351 386
add node: MDDNode(1,u_8) MDDNode(1,u_9), remove node: MDDNode(1,u_7)
1 3 62
layer 1 incoming edges: 89
choose: Others
split the incoming edges: 89 7 82
the value pair of raw_data is: 492
split the outgoings edges: 351 21 335 356
add node: MDDNode(1,u_10) MDDNode(1,u_11), remove node: MDDNode(1,u_9)
1 4 62
layer 1 incoming edges: 82
choose: Social networks
split the incoming edges: 82 7 75
the value pair of raw_data is: 492
split the outgoings edges: 335 55 280 335
add node: MDDNode(1,u_12) MDDNode(1,u_13), remove node: MDDNode(1,u_11)
1 5 62
layer 1 incoming edges: 75
choose: Bookmarking
split the incoming edges: 75 6 69
the value pair of raw_data is: 492
split the outgoings edges: 280 12 268 280
add node: MDDNode(1,u_14) MDDNode(1,u_15), remove node: MDDNode(1,u_13)
1 6 62
layer 1 incoming edges: 69
choose: Shopping
split the incoming edges: 69 6 63
the value pair of raw_data is: 492
split the outgoings edges: 268 23 245 268
add node: MDDNode(1,u_16) MDDNode(1,u_17), remove node: MDDNode(1,u_15)
1 7 62
layer 1 incoming edges: 63
choose: Security & monitoring systems
split the incoming edges: 63 5 58
the value pair of raw_data is: 492
split the outgoings edges: 245 18 228 246
add node: MDDNode(1,u_18) MDDNode(1,u_19), remove node: MDDNode(1,u_17)
1 8 62
layer 1 incoming edges: 58
choose: Mobile devices & accessories
split the incoming edges: 58 4 54
the value pair of raw_data is: 492
split the outgoings edges: 228 12 216 228
add node: MDDNode(1,u_20) MDDNode(1,u_21), remove node: MDDNode(1,u_19)
1 9 62
layer 1 incoming edges: 54
choose: Health & fitness
split the incoming edges: 54 4 50
the value pair of raw_data is: 492
split the outgoings edges: 216 26 191 217
add node: MDDNode(1,u_22) MDDNode(1,u_23), remove node: MDDNode(1,u_21)
1 10 62
layer 1 incoming edges: 50
choose: Finance & payments
split the incoming edges: 50 4 46
the value pair of raw_data is: 492
split the outgoings edges: 191 17 174 191
add node: MDDNode(1,u_24) MDDNode(1,u_25), remove node: MDDNode(1,u_23)
1 11 62
layer 1 incoming edges: 46
choose: Gardening
split the incoming edges: 46 3 43
the value pair of raw_data is: 492
split the outgoings edges: 174 9 165 174
add node: MDDNode(1,u_26) MDDNode(1,u_27), remove node: MDDNode(1,u_25)
1 12 62
layer 1 incoming edges: 43
choose: Email
split the incoming edges: 43 3 40
the value pair of raw_data is: 492
split the outgoings edges: 165 10 155 165
add node: MDDNode(1,u_28) MDDNode(1,u_29), remove node: MDDNode(1,u_27)
1 13 62
layer 1 incoming edges: 40
choose: Weather
split the incoming edges: 40 3 37
the value pair of raw_data is: 492
split the outgoings edges: 155 30 129 159
add node: MDDNode(1,u_30) MDDNode(1,u_31), remove node: MDDNode(1,u_29)
1 14 62
layer 1 incoming edges: 37
choose: Notifications
split the incoming edges: 37 3 34
the value pair of raw_data is: 492
split the outgoings edges: 129 4 125 129
add node: MDDNode(1,u_32) MDDNode(1,u_33), remove node: MDDNode(1,u_31)
1 15 62
layer 1 incoming edges: 34
choose: Smart hubs & systems
split the incoming edges: 34 3 31
the value pair of raw_data is: 492
split the outgoings edges: 125 20 109 129
add node: MDDNode(1,u_34) MDDNode(1,u_35), remove node: MDDNode(1,u_33)
1 16 62
layer 1 incoming edges: 31
choose: Blogging
split the incoming edges: 31 3 28
the value pair of raw_data is: 492
split the outgoings edges: 109 13 96 109
add node: MDDNode(1,u_36) MDDNode(1,u_37), remove node: MDDNode(1,u_35)
1 17 62
layer 1 incoming edges: 28
choose: Power monitoring & management
split the incoming edges: 28 3 25
the value pair of raw_data is: 492
split the outgoings edges: 96 11 87 98
add node: MDDNode(1,u_38) MDDNode(1,u_39), remove node: MDDNode(1,u_37)
1 18 62
layer 1 incoming edges: 25
choose: Environment control & monitoring
split the incoming edges: 25 3 22
the value pair of raw_data is: 492
split the outgoings edges: 87 9 78 87
add node: MDDNode(1,u_40) MDDNode(1,u_41), remove node: MDDNode(1,u_39)
1 19 62
layer 1 incoming edges: 22
choose: Connected car
split the incoming edges: 22 2 20
the value pair of raw_data is: 492
split the outgoings edges: 78 10 68 78
add node: MDDNode(1,u_42) MDDNode(1,u_43), remove node: MDDNode(1,u_41)
1 20 62
layer 1 incoming edges: 20
choose: Task management & to-dos
split the incoming edges: 20 2 18
the value pair of raw_data is: 492
split the outgoings edges: 68 11 57 68
add node: MDDNode(1,u_44) MDDNode(1,u_45), remove node: MDDNode(1,u_43)
1 21 62
layer 1 incoming edges: 18
choose: DIY electronics
split the incoming edges: 18 2 16
the value pair of raw_data is: 492
split the outgoings edges: 57 2 55 57
add node: MDDNode(1,u_46) MDDNode(1,u_47), remove node: MDDNode(1,u_45)
1 22 62
layer 1 incoming edges: 16
choose: Appliances
split the incoming edges: 16 2 14
the value pair of raw_data is: 492
split the outgoings edges: 55 2 53 55
add node: MDDNode(1,u_48) MDDNode(1,u_49), remove node: MDDNode(1,u_47)
1 23 62
layer 1 incoming edges: 14
choose: Communication
split the incoming edges: 14 2 12
the value pair of raw_data is: 492
split the outgoings edges: 53 12 41 53
add node: MDDNode(1,u_50) MDDNode(1,u_51), remove node: MDDNode(1,u_49)
1 24 62
layer 1 incoming edges: 13
only split: [MDDArc('feed', MDDNode(0, 's'), MDDNode(1, 'u_6'))]
split the incoming edges: 13 1 12
the value pair of raw_data is: 492
split the outgoings edges: 60 2 58 60
add node: MDDNode(1,u_52) MDDNode(1,u_53), remove node: MDDNode(1,u_6)
1 25 62
layer 1 incoming edges: 12
choose: Calendars & scheduling
split the incoming edges: 12 2 10
the value pair of raw_data is: 492
split the outgoings edges: 41 8 33 41
add node: MDDNode(1,u_54) MDDNode(1,u_55), remove node: MDDNode(1,u_51)
1 26 62
layer 1 incoming edges: 12
only split: [MDDArc('the_new_york_times', MDDNode(0, 's'), MDDNode(1, 'u_53'))]
split the incoming edges: 12 1 11
the value pair of raw_data is: 492
split the outgoings edges: 58 8 50 58
add node: MDDNode(1,u_56) MDDNode(1,u_57), remove node: MDDNode(1,u_53)
1 27 62
layer 1 incoming edges: 11
only split: [MDDArc('space', MDDNode(0, 's'), MDDNode(1, 'u_57'))]
split the incoming edges: 11 1 10
the value pair of raw_data is: 492
split the outgoings edges: 50 8 42 50
add node: MDDNode(1,u_58) MDDNode(1,u_59), remove node: MDDNode(1,u_57)
1 28 62
layer 1 incoming edges: 10
choose: Contacts
split the incoming edges: 10 2 8
the value pair of raw_data is: 492
split the outgoings edges: 33 3 30 33
add node: MDDNode(1,u_60) MDDNode(1,u_61), remove node: MDDNode(1,u_55)
1 29 62
layer 1 incoming edges: 10
only split: [MDDArc('sports_illustrated', MDDNode(0, 's'), MDDNode(1, 'u_59'))]
split the incoming edges: 10 1 9
the value pair of raw_data is: 492
split the outgoings edges: 42 2 42 44
add node: MDDNode(1,u_62) MDDNode(1,u_63), remove node: MDDNode(1,u_59)
1 30 62
layer 1 incoming edges: 9
only split: [MDDArc('flickr', MDDNode(0, 's'), MDDNode(1, 'u_8'))]
split the incoming edges: 9 1 8
the value pair of raw_data is: 492
split the outgoings edges: 35 5 30 35
add node: MDDNode(1,u_64) MDDNode(1,u_65), remove node: MDDNode(1,u_8)
1 31 62
layer 1 incoming edges: 9
only split: [MDDArc('appzapp', MDDNode(0, 's'), MDDNode(1, 'u_63'))]
split the incoming edges: 9 1 8
the value pair of raw_data is: 492
split the outgoings edges: 42 6 36 42
add node: MDDNode(1,u_66) MDDNode(1,u_67), remove node: MDDNode(1,u_63)
1 32 62
layer 1 incoming edges: 8
choose: Location
split the incoming edges: 8 1 7
the value pair of raw_data is: 492
split the outgoings edges: 30 3 27 30
add node: MDDNode(1,u_68) MDDNode(1,u_69), remove node: MDDNode(1,u_61)
1 33 62
layer 1 incoming edges: 8
only split: [MDDArc('giphy', MDDNode(0, 's'), MDDNode(1, 'u_65'))]
split the incoming edges: 8 1 7
the value pair of raw_data is: 492
split the outgoings edges: 30 3 27 30
add node: MDDNode(1,u_70) MDDNode(1,u_71), remove node: MDDNode(1,u_65)
1 34 62
layer 1 incoming edges: 8
only split: [MDDArc('newsblur', MDDNode(0, 's'), MDDNode(1, 'u_67'))]
split the incoming edges: 8 1 7
the value pair of raw_data is: 492
split the outgoings edges: 36 4 32 36
add node: MDDNode(1,u_72) MDDNode(1,u_73), remove node: MDDNode(1,u_67)
1 35 62
layer 1 incoming edges: 7
only split: [MDDArc('yo', MDDNode(0, 's'), MDDNode(1, 'u_10'))]
split the incoming edges: 7 1 6
the value pair of raw_data is: 492
split the outgoings edges: 21 1 20 21
add node: MDDNode(1,u_74) MDDNode(1,u_75), remove node: MDDNode(1,u_10)
1 36 62
layer 1 incoming edges: 7
only split: [MDDArc('facebook', MDDNode(0, 's'), MDDNode(1, 'u_12'))]
split the incoming edges: 7 1 6
the value pair of raw_data is: 492
split the outgoings edges: 55 10 45 55
add node: MDDNode(1,u_76) MDDNode(1,u_77), remove node: MDDNode(1,u_12)
1 37 62
layer 1 incoming edges: 7
choose: Developer tools
split the incoming edges: 7 1 6
the value pair of raw_data is: 492
split the outgoings edges: 27 5 22 27
add node: MDDNode(1,u_78) MDDNode(1,u_79), remove node: MDDNode(1,u_69)
1 38 62
layer 1 incoming edges: 7
only split: [MDDArc('youtube', MDDNode(0, 's'), MDDNode(1, 'u_71'))]
split the incoming edges: 7 1 6
the value pair of raw_data is: 492
split the outgoings edges: 27 2 26 28
add node: MDDNode(1,u_80) MDDNode(1,u_81), remove node: MDDNode(1,u_71)
1 39 62
layer 1 incoming edges: 7
only split: [MDDArc('ifttt', MDDNode(0, 's'), MDDNode(1, 'u_73'))]
split the incoming edges: 7 1 6
the value pair of raw_data is: 492
split the outgoings edges: 32 11 21 32
add node: MDDNode(1,u_82) MDDNode(1,u_83), remove node: MDDNode(1,u_73)
1 40 62
layer 1 incoming edges: 6
only split: [MDDArc('instapaper', MDDNode(0, 's'), MDDNode(1, 'u_14'))]
split the incoming edges: 6 1 5
the value pair of raw_data is: 492
split the outgoings edges: 12 5 7 12
add node: MDDNode(1,u_84) MDDNode(1,u_85), remove node: MDDNode(1,u_14)
1 41 62
layer 1 incoming edges: 6
only split: [MDDArc('ebay', MDDNode(0, 's'), MDDNode(1, 'u_16'))]
split the incoming edges: 6 1 5
the value pair of raw_data is: 492
split the outgoings edges: 23 1 22 23
add node: MDDNode(1,u_86) MDDNode(1,u_87), remove node: MDDNode(1,u_16)
1 42 62
layer 1 incoming edges: 6
only split: [MDDArc('eyefi', MDDNode(0, 's'), MDDNode(1, 'u_75'))]
split the incoming edges: 6 1 5
the value pair of raw_data is: 492
split the outgoings edges: 20 2 18 20
add node: MDDNode(1,u_88) MDDNode(1,u_89), remove node: MDDNode(1,u_75)
1 43 62
layer 1 incoming edges: 6
only split: [MDDArc('facebook_pages', MDDNode(0, 's'), MDDNode(1, 'u_77'))]
split the incoming edges: 6 1 5
the value pair of raw_data is: 492
split the outgoings edges: 45 6 39 45
add node: MDDNode(1,u_90) MDDNode(1,u_91), remove node: MDDNode(1,u_77)
1 44 62
layer 1 incoming edges: 6
choose: Cloud storage
split the incoming edges: 6 1 5
the value pair of raw_data is: 492
split the outgoings edges: 22 2 20 22
add node: MDDNode(1,u_92) MDDNode(1,u_93), remove node: MDDNode(1,u_79)
1 45 62
layer 1 incoming edges: 6
only split: [MDDArc('android_photos', MDDNode(0, 's'), MDDNode(1, 'u_81'))]
split the incoming edges: 6 1 5
the value pair of raw_data is: 492
split the outgoings edges: 26 3 26 29
add node: MDDNode(1,u_94) MDDNode(1,u_95), remove node: MDDNode(1,u_81)
1 46 62
layer 1 incoming edges: 6
only split: [MDDArc('feedly', MDDNode(0, 's'), MDDNode(1, 'u_83'))]
split the incoming edges: 6 1 5
the value pair of raw_data is: 492
split the outgoings edges: 21 4 17 21
add node: MDDNode(1,u_96) MDDNode(1,u_97), remove node: MDDNode(1,u_83)
1 47 62
layer 1 incoming edges: 5
only split: [MDDArc('garageio', MDDNode(0, 's'), MDDNode(1, 'u_18'))]
split the incoming edges: 5 1 4
the value pair of raw_data is: 492
split the outgoings edges: 18 1 17 18
add node: MDDNode(1,u_98) MDDNode(1,u_99), remove node: MDDNode(1,u_18)
1 48 62
layer 1 incoming edges: 5
only split: [MDDArc('pinboard', MDDNode(0, 's'), MDDNode(1, 'u_85'))]
split the incoming edges: 5 1 4
the value pair of raw_data is: 492
split the outgoings edges: 7 2 7 9
add node: MDDNode(1,u_100) MDDNode(1,u_101), remove node: MDDNode(1,u_85)
1 49 62
layer 1 incoming edges: 5
only split: [MDDArc('trackif', MDDNode(0, 's'), MDDNode(1, 'u_87'))]
split the incoming edges: 5 1 4
the value pair of raw_data is: 492
split the outgoings edges: 22 6 16 22
add node: MDDNode(1,u_102) MDDNode(1,u_103), remove node: MDDNode(1,u_87)
1 50 62
layer 1 incoming edges: 5
only split: [MDDArc('ubi', MDDNode(0, 's'), MDDNode(1, 'u_89'))]
split the incoming edges: 5 1 4
the value pair of raw_data is: 492
split the outgoings edges: 18 1 17 18
add node: MDDNode(1,u_104) MDDNode(1,u_105), remove node: MDDNode(1,u_89)
1 51 62
layer 1 incoming edges: 5
only split: [MDDArc('twitter', MDDNode(0, 's'), MDDNode(1, 'u_91'))]
split the incoming edges: 5 1 4
the value pair of raw_data is: 492
split the outgoings edges: 39 10 29 39
add node: MDDNode(1,u_106) MDDNode(1,u_107), remove node: MDDNode(1,u_91)
1 52 62
layer 1 incoming edges: 5
choose: Pet trackers
split the incoming edges: 5 1 4
the value pair of raw_data is: 492
split the outgoings edges: 20 8 12 20
add node: MDDNode(1,u_108) MDDNode(1,u_109), remove node: MDDNode(1,u_93)
1 53 62
layer 1 incoming edges: 5
only split: [MDDArc('ios_photos', MDDNode(0, 's'), MDDNode(1, 'u_95'))]
split the incoming edges: 5 1 4
the value pair of raw_data is: 492
split the outgoings edges: 26 6 20 26
add node: MDDNode(1,u_110) MDDNode(1,u_111), remove node: MDDNode(1,u_95)
1 54 62
layer 1 incoming edges: 5
only split: [MDDArc('digg', MDDNode(0, 's'), MDDNode(1, 'u_97'))]
split the incoming edges: 5 1 4
the value pair of raw_data is: 492
split the outgoings edges: 17 8 9 17
add node: MDDNode(1,u_112) MDDNode(1,u_113), remove node: MDDNode(1,u_97)
1 55 62
layer 1 incoming edges: 4
only split: [MDDArc('ios_reminders', MDDNode(0, 's'), MDDNode(1, 'u_20'))]
split the incoming edges: 4 1 3
the value pair of raw_data is: 492
split the outgoings edges: 12 4 8 12
add node: MDDNode(1,u_114) MDDNode(1,u_115), remove node: MDDNode(1,u_20)
1 56 62
layer 1 incoming edges: 4
only split: [MDDArc('withings', MDDNode(0, 's'), MDDNode(1, 'u_22'))]
split the incoming edges: 4 1 3
the value pair of raw_data is: 492
split the outgoings edges: 26 8 18 26
add node: MDDNode(1,u_116) MDDNode(1,u_117), remove node: MDDNode(1,u_22)
1 57 62
layer 1 incoming edges: 4
only split: [MDDArc('stocks', MDDNode(0, 's'), MDDNode(1, 'u_24'))]
split the incoming edges: 4 1 3
the value pair of raw_data is: 492
split the outgoings edges: 17 6 11 17
add node: MDDNode(1,u_118) MDDNode(1,u_119), remove node: MDDNode(1,u_24)
1 58 62
layer 1 incoming edges: 4
only split: [MDDArc('homeboy', MDDNode(0, 's'), MDDNode(1, 'u_99'))]
split the incoming edges: 4 1 3
the value pair of raw_data is: 492
split the outgoings edges: 17 7 10 17
add node: MDDNode(1,u_120) MDDNode(1,u_121), remove node: MDDNode(1,u_99)
1 59 62
layer 1 incoming edges: 4
only split: [MDDArc('pocket', MDDNode(0, 's'), MDDNode(1, 'u_101'))]
split the incoming edges: 4 1 3
the value pair of raw_data is: 492
split the outgoings edges: 7 4 3 7
add node: MDDNode(1,u_122) MDDNode(1,u_123), remove node: MDDNode(1,u_101)
1 60 62
layer 1 incoming edges: 4
only split: [MDDArc('slice', MDDNode(0, 's'), MDDNode(1, 'u_103'))]
split the incoming edges: 4 1 3
the value pair of raw_data is: 492
split the outgoings edges: 16 2 14 16
add node: MDDNode(1,u_124) MDDNode(1,u_125), remove node: MDDNode(1,u_103)
1 61 62
layer 1 incoming edges: 4
only split: [MDDArc('chain', MDDNode(0, 's'), MDDNode(1, 'u_105'))]
split the incoming edges: 4 1 3
the value pair of raw_data is: 492
split the outgoings edges: 17 1 16 17
add node: MDDNode(1,u_126) MDDNode(1,u_127), remove node: MDDNode(1,u_105)
dump to the pickle
the graph width list : [1, 62, 1, 1, 1, 1]
timed {} 44.507687211968005
it 1 train 0.3412   train_h 0.1647   train_v 0.9387   dev 0.2960   dev_h 0.1760   dev_v 0.9356   new_test 0.3619   new_test_h 0.1595   new_test_v 0.9446   save acc: 0.3619 T: 2020-01-10T13:45 
timed {} 42.47159538755659
it 2 train 0.4306   train_h 0.1423   train_v 0.9488   dev 0.3404   dev_h 0.1649   dev_v 0.9419   new_test 0.4278   new_test_h 0.1430   new_test_v 0.9620   save acc: 0.4278 T: 2020-01-10T13:47 
timed {} 44.95751366135664
it 3 train 0.4808   train_h 0.1298   train_v 0.9500   dev 0.3447   dev_h 0.1638   dev_v 0.9395   new_test 0.4598   new_test_h 0.1351   new_test_v 0.9458   save acc: 0.4598 T: 2020-01-10T13:49 
timed {} 45.08429672301281
it 4 train 0.5194   train_h 0.1201   train_v 0.9508   dev 0.3464   dev_h 0.1634   dev_v 0.9327   new_test 0.4598   new_test_h 0.1351   new_test_v 0.9458   save acc: 0.4598 T: 2020-01-10T13:51 
timed {} 42.58829992823303
it 5 train 0.5499   train_h 0.1125   train_v 0.9555   dev 0.3556   dev_h 0.1611   dev_v 0.9378   new_test 0.4670   new_test_h 0.1332   new_test_v 0.9555   save acc: 0.4670 T: 2020-01-10T13:54 
timed {} 43.87605078902561
it 6 train 0.5747   train_h 0.1063   train_v 0.9578   dev 0.3496   dev_h 0.1626   dev_v 0.9376   new_test 0.4610   new_test_h 0.1348   new_test_v 0.9531   
timed {} 44.233335398253985
it 7 train 0.5915   train_h 0.1021   train_v 0.9589   dev 0.3544   dev_h 0.1614   dev_v 0.9354   new_test 0.4662   new_test_h 0.1334   new_test_v 0.9515   
timed {} 34.11727645073552
it 8 train 0.6077   train_h 0.0981   train_v 0.9609   dev 0.3484   dev_h 0.1629   dev_v 0.9359   new_test 0.4594   new_test_h 0.1352   new_test_v 0.9495   
timed {} 34.13261759723537
it 9 train 0.6189   train_h 0.0953   train_v 0.9611   dev 0.3498   dev_h 0.1625   dev_v 0.9311   new_test 0.4610   new_test_h 0.1348   new_test_v 0.9507   
timed {} 33.537000748328865
it 10 train 0.6288   train_h 0.0928   train_v 0.9625   dev 0.3496   dev_h 0.1626   dev_v 0.9313   new_test 0.4614   new_test_h 0.1347   new_test_v 0.9543   
timed {} 34.50183624366764
it 11 train 0.6355   train_h 0.0911   train_v 0.9624   dev 0.3469   dev_h 0.1633   dev_v 0.9337   new_test 0.4602   new_test_h 0.1350   new_test_v 0.9446   
timed {} 35.164370611077175
it 12 train 0.6418   train_h 0.0895   train_v 0.9632   dev 0.3474   dev_h 0.1632   dev_v 0.9349   new_test 0.4634   new_test_h 0.1341   new_test_v 0.9474   
timed {} 33.32471682259347
it 13 train 0.6466   train_h 0.0883   train_v 0.9646   dev 0.3459   dev_h 0.1635   dev_v 0.9376   new_test 0.4610   new_test_h 0.1348   new_test_v 0.9503   
timed {} 33.28359703661408
it 14 train 0.6500   train_h 0.0875   train_v 0.9639   dev 0.3455   dev_h 0.1636   dev_v 0.9342   new_test 0.4614   new_test_h 0.1347   new_test_v 0.9470   
timed {} 33.32570020633284
it 15 train 0.6530   train_h 0.0868   train_v 0.9634   dev 0.3459   dev_h 0.1635   dev_v 0.9330   new_test 0.4614   new_test_h 0.1347   new_test_v 0.9495   
timed {} 33.36423085734714
it 16 train 0.6556   train_h 0.0861   train_v 0.9633   dev 0.3433   dev_h 0.1642   dev_v 0.9311   new_test 0.4630   new_test_h 0.1342   new_test_v 0.9499   
