args Namespace(config='configs/config_l.json', dataset='dataset/IFTTT/msr_data.pkl', load_model=None, mode='train', output='model/ifttt/width-55/', width='55')
configure: {'max_word_id': 3782, 'bidirectional': True, 'cell_type': 'lstm', 'decoder': 'attention', 'embedding_size': 100, 'keep_prob': 0.75, 'memory_size': 100, 'num_units': 100, 'use_embedding': True, 'epoches': 12, 'batch_size': 20, 'init': {'name': 'random_uniform_initializer', 'scale': 0.1}, 'lr_scheduler': {'decay_steps': 5000, 'init_lr': 0.02, 'decay_rate': 0.9, 'staircase': True}, 'max_grad_norm': 1, 'optimizer': 'AdamOptimizer'}
# path 8549
model/ifttt/width-55/dataset-w-55.pkl
load raw and dump to file
numArcLayers: 5
layer:1, node:MDDNode(1,u_1), in=111, out=443
choose: News & information
split in: 111 -> (98,13)
split out: 443 -> (386,60,446)
add: MDDNode(1,u-6) MDDNode(1,u-7), del:MDDNode(1,u_1)
2 (13,60) (98,386) 
layer:1, node:MDDNode(1,u-7), in=98, out=386
choose: Photo & video
split in: 98 -> (89,9)
split out: 386 -> (351,35,386)
add: MDDNode(1,u-8) MDDNode(1,u-9), del:MDDNode(1,u-7)
3 (13,60) (9,35) (89,351) 
layer:1, node:MDDNode(1,u-9), in=89, out=351
choose: Social networks
split in: 89 -> (82,7)
split out: 351 -> (296,55,351)
add: MDDNode(1,u-10) MDDNode(1,u-11), del:MDDNode(1,u-9)
4 (13,60) (9,35) (7,55) (82,296) 
layer:1, node:MDDNode(1,u-11), in=82, out=296
choose: Others
split in: 82 -> (75,7)
split out: 296 -> (280,21,301)
add: MDDNode(1,u-12) MDDNode(1,u-13), del:MDDNode(1,u-11)
5 (13,60) (9,35) (7,55) (7,21) (75,280) 
layer:1, node:MDDNode(1,u-13), in=75, out=280
choose: Bookmarking
split in: 75 -> (69,6)
split out: 280 -> (268,12,280)
add: MDDNode(1,u-14) MDDNode(1,u-15), del:MDDNode(1,u-13)
6 (13,60) (9,35) (7,55) (7,21) (6,12) (69,268) 
layer:1, node:MDDNode(1,u-15), in=69, out=268
choose: Shopping
split in: 69 -> (63,6)
split out: 268 -> (245,23,268)
add: MDDNode(1,u-16) MDDNode(1,u-17), del:MDDNode(1,u-15)
7 (13,60) (9,35) (7,55) (7,21) (6,12) (6,23) (63,245) 
layer:1, node:MDDNode(1,u-17), in=63, out=245
choose: Security & monitoring systems
split in: 63 -> (58,5)
split out: 245 -> (228,18,246)
add: MDDNode(1,u-18) MDDNode(1,u-19), del:MDDNode(1,u-17)
8 (13,60) (9,35) (7,55) (7,21) (6,12) (6,23) (5,18) (58,228) 
layer:1, node:MDDNode(1,u-19), in=58, out=228
choose: Finance & payments
split in: 58 -> (54,4)
split out: 228 -> (211,17,228)
add: MDDNode(1,u-20) MDDNode(1,u-21), del:MDDNode(1,u-19)
9 (13,60) (9,35) (7,55) (7,21) (6,12) (6,23) (5,18) (4,17) (54,211) 
layer:1, node:MDDNode(1,u-21), in=54, out=211
choose: Health & fitness
split in: 54 -> (50,4)
split out: 211 -> (186,26,212)
add: MDDNode(1,u-22) MDDNode(1,u-23), del:MDDNode(1,u-21)
10 (13,60) (9,35) (7,55) (7,21) (6,12) (6,23) (5,18) (4,17) (4,26) (50,186) 
layer:1, node:MDDNode(1,u-23), in=50, out=186
choose: Mobile devices & accessories
split in: 50 -> (46,4)
split out: 186 -> (174,12,186)
add: MDDNode(1,u-24) MDDNode(1,u-25), del:MDDNode(1,u-23)
11 (13,60) (9,35) (7,55) (7,21) (6,12) (6,23) (5,18) (4,17) (4,26) (4,12) (46,174) 
layer:1, node:MDDNode(1,u-25), in=46, out=174
choose: Power monitoring & management
split in: 46 -> (43,3)
split out: 174 -> (165,11,176)
add: MDDNode(1,u-26) MDDNode(1,u-27), del:MDDNode(1,u-25)
12 (13,60) (9,35) (7,55) (7,21) (6,12) (6,23) (5,18) (4,17) (4,26) (4,12) (3,11) (43,165) 
layer:1, node:MDDNode(1,u-27), in=43, out=165
choose: Communication
split in: 43 -> (40,3)
split out: 165 -> (152,13,165)
add: MDDNode(1,u-28) MDDNode(1,u-29), del:MDDNode(1,u-27)
13 (13,60) (9,35) (7,55) (7,21) (6,12) (6,23) (5,18) (4,17) (4,26) (4,12) (3,11) (3,13) (40,152) 
layer:1, node:MDDNode(1,u-29), in=40, out=152
choose: Gardening
split in: 40 -> (37,3)
split out: 152 -> (143,9,152)
add: MDDNode(1,u-30) MDDNode(1,u-31), del:MDDNode(1,u-29)
14 (13,60) (9,35) (7,55) (7,21) (6,12) (6,23) (5,18) (4,17) (4,26) (4,12) (3,11) (3,13) (3,9) (37,143) 
layer:1, node:MDDNode(1,u-31), in=37, out=143
choose: Smart hubs & systems
split in: 37 -> (34,3)
split out: 143 -> (129,20,149)
add: MDDNode(1,u-32) MDDNode(1,u-33), del:MDDNode(1,u-31)
15 (13,60) (9,35) (7,55) (7,21) (6,12) (6,23) (5,18) (4,17) (4,26) (4,12) (3,11) (3,13) (3,9) (3,20) (34,129) 
layer:1, node:MDDNode(1,u-33), in=34, out=129
choose: Blogging
split in: 34 -> (31,3)
split out: 129 -> (116,13,129)
add: MDDNode(1,u-34) MDDNode(1,u-35), del:MDDNode(1,u-33)
16 (13,60) (9,35) (7,55) (7,21) (6,12) (6,23) (5,18) (4,17) (4,26) (4,12) (3,11) (3,13) (3,9) (3,20) (3,13) (31,116) 
layer:1, node:MDDNode(1,u-35), in=31, out=116
choose: Email
split in: 31 -> (28,3)
split out: 116 -> (106,10,116)
add: MDDNode(1,u-36) MDDNode(1,u-37), del:MDDNode(1,u-35)
17 (13,60) (9,35) (7,55) (7,21) (6,12) (6,23) (5,18) (4,17) (4,26) (4,12) (3,11) (3,13) (3,9) (3,20) (3,13) (3,10) (28,106) 
layer:1, node:MDDNode(1,u-37), in=28, out=106
choose: Weather
split in: 28 -> (25,3)
split out: 106 -> (78,30,108)
add: MDDNode(1,u-38) MDDNode(1,u-39), del:MDDNode(1,u-37)
18 (13,60) (9,35) (7,55) (7,21) (6,12) (6,23) (5,18) (4,17) (4,26) (4,12) (3,11) (3,13) (3,9) (3,20) (3,13) (3,10) (3,30) (25,78) 
layer:1, node:MDDNode(1,u-39), in=25, out=78
choose: Environment control & monitoring
split in: 25 -> (22,3)
split out: 78 -> (69,9,78)
add: MDDNode(1,u-40) MDDNode(1,u-41), del:MDDNode(1,u-39)
19 (13,60) (9,35) (7,55) (7,21) (6,12) (6,23) (5,18) (4,17) (4,26) (4,12) (3,11) (3,13) (3,9) (3,20) (3,13) (3,10) (3,30) (3,9) (22,69) 
layer:1, node:MDDNode(1,u-41), in=22, out=69
choose: DIY electronics
split in: 22 -> (20,2)
split out: 69 -> (67,2,69)
add: MDDNode(1,u-42) MDDNode(1,u-43), del:MDDNode(1,u-41)
20 (13,60) (9,35) (7,55) (7,21) (6,12) (6,23) (5,18) (4,17) (4,26) (4,12) (3,11) (3,13) (3,9) (3,20) (3,13) (3,10) (3,30) (3,9) (2,2) (20,67) 
layer:1, node:MDDNode(1,u-43), in=20, out=67
choose: Appliances
split in: 20 -> (18,2)
split out: 67 -> (65,2,67)
add: MDDNode(1,u-44) MDDNode(1,u-45), del:MDDNode(1,u-43)
21 (13,60) (9,35) (7,55) (7,21) (6,12) (6,23) (5,18) (4,17) (4,26) (4,12) (3,11) (3,13) (3,9) (3,20) (3,13) (3,10) (3,30) (3,9) (2,2) (2,2) (18,65) 
layer:1, node:MDDNode(1,u-45), in=18, out=65
choose: Contacts
split in: 18 -> (16,2)
split out: 65 -> (62,3,65)
add: MDDNode(1,u-46) MDDNode(1,u-47), del:MDDNode(1,u-45)
22 (13,60) (9,35) (7,55) (7,21) (6,12) (6,23) (5,18) (4,17) (4,26) (4,12) (3,11) (3,13) (3,9) (3,20) (3,13) (3,10) (3,30) (3,9) (2,2) (2,2) (2,3) (16,62) 
layer:1, node:MDDNode(1,u-47), in=16, out=62
choose: Task management & to-dos
split in: 16 -> (14,2)
split out: 62 -> (51,11,62)
add: MDDNode(1,u-48) MDDNode(1,u-49), del:MDDNode(1,u-47)
23 (13,60) (9,35) (7,55) (7,21) (6,12) (6,23) (5,18) (4,17) (4,26) (4,12) (3,11) (3,13) (3,9) (3,20) (3,13) (3,10) (3,30) (3,9) (2,2) (2,2) (2,3) (2,11) (14,51) 
layer:1, node:MDDNode(1,u-49), in=14, out=51
choose: Notifications
split in: 14 -> (12,2)
split out: 51 -> (48,3,51)
add: MDDNode(1,u-50) MDDNode(1,u-51), del:MDDNode(1,u-49)
24 (13,60) (9,35) (7,55) (7,21) (6,12) (6,23) (5,18) (4,17) (4,26) (4,12) (3,11) (3,13) (3,9) (3,20) (3,13) (3,10) (3,30) (3,9) (2,2) (2,2) (2,3) (2,11) (2,3) (12,48) 
layer:1, node:MDDNode(1,u-6), in=13, out=60
split in: 13 -> (12,1)
split out: 60 -> (59,1,60)
add: MDDNode(1,u-52) MDDNode(1,u-53), del:MDDNode(1,u-6)
25 (9,35) (7,55) (7,21) (6,12) (6,23) (5,18) (4,17) (4,26) (4,12) (3,11) (3,13) (3,9) (3,20) (3,13) (3,10) (3,30) (3,9) (2,2) (2,2) (2,3) (2,11) (2,3) (12,48) (1,1) (12,59) 
layer:1, node:MDDNode(1,u-51), in=12, out=48
choose: Calendars & scheduling
split in: 12 -> (10,2)
split out: 48 -> (40,8,48)
add: MDDNode(1,u-54) MDDNode(1,u-55), del:MDDNode(1,u-51)
26 (9,35) (7,55) (7,21) (6,12) (6,23) (5,18) (4,17) (4,26) (4,12) (3,11) (3,13) (3,9) (3,20) (3,13) (3,10) (3,30) (3,9) (2,2) (2,2) (2,3) (2,11) (2,3) (1,1) (12,59) (2,8) (10,40) 
layer:1, node:MDDNode(1,u-53), in=12, out=59
split in: 12 -> (11,1)
split out: 59 -> (59,2,61)
add: MDDNode(1,u-56) MDDNode(1,u-57), del:MDDNode(1,u-53)
27 (9,35) (7,55) (7,21) (6,12) (6,23) (5,18) (4,17) (4,26) (4,12) (3,11) (3,13) (3,9) (3,20) (3,13) (3,10) (3,30) (3,9) (2,2) (2,2) (2,3) (2,11) (2,3) (1,1) (2,8) (10,40) (1,2) (11,59) 
layer:1, node:MDDNode(1,u-57), in=11, out=59
split in: 11 -> (10,1)
split out: 59 -> (53,6,59)
add: MDDNode(1,u-58) MDDNode(1,u-59), del:MDDNode(1,u-57)
28 (9,35) (7,55) (7,21) (6,12) (6,23) (5,18) (4,17) (4,26) (4,12) (3,11) (3,13) (3,9) (3,20) (3,13) (3,10) (3,30) (3,9) (2,2) (2,2) (2,3) (2,11) (2,3) (1,1) (2,8) (10,40) (1,2) (1,6) (10,53) 
layer:1, node:MDDNode(1,u-55), in=10, out=40
choose: Connected car
split in: 10 -> (8,2)
split out: 40 -> (30,10,40)
add: MDDNode(1,u-60) MDDNode(1,u-61), del:MDDNode(1,u-55)
29 (9,35) (7,55) (7,21) (6,12) (6,23) (5,18) (4,17) (4,26) (4,12) (3,11) (3,13) (3,9) (3,20) (3,13) (3,10) (3,30) (3,9) (2,2) (2,2) (2,3) (2,11) (2,3) (1,1) (2,8) (1,2) (1,6) (10,53) (2,10) (8,30) 
layer:1, node:MDDNode(1,u-59), in=10, out=53
split in: 10 -> (9,1)
split out: 53 -> (42,11,53)
add: MDDNode(1,u-62) MDDNode(1,u-63), del:MDDNode(1,u-59)
30 (9,35) (7,55) (7,21) (6,12) (6,23) (5,18) (4,17) (4,26) (4,12) (3,11) (3,13) (3,9) (3,20) (3,13) (3,10) (3,30) (3,9) (2,2) (2,2) (2,3) (2,11) (2,3) (1,1) (2,8) (1,2) (1,6) (2,10) (8,30) (1,11) (9,42) 
layer:1, node:MDDNode(1,u-8), in=9, out=35
split in: 9 -> (8,1)
split out: 35 -> (32,6,38)
add: MDDNode(1,u-64) MDDNode(1,u-65), del:MDDNode(1,u-8)
31 (7,55) (7,21) (6,12) (6,23) (5,18) (4,17) (4,26) (4,12) (3,11) (3,13) (3,9) (3,20) (3,13) (3,10) (3,30) (3,9) (2,2) (2,2) (2,3) (2,11) (2,3) (1,1) (2,8) (1,2) (1,6) (2,10) (8,30) (1,11) (9,42) (1,6) (8,32) 
layer:1, node:MDDNode(1,u-63), in=9, out=42
split in: 9 -> (8,1)
split out: 42 -> (38,4,42)
add: MDDNode(1,u-66) MDDNode(1,u-67), del:MDDNode(1,u-63)
32 (7,55) (7,21) (6,12) (6,23) (5,18) (4,17) (4,26) (4,12) (3,11) (3,13) (3,9) (3,20) (3,13) (3,10) (3,30) (3,9) (2,2) (2,2) (2,3) (2,11) (2,3) (1,1) (2,8) (1,2) (1,6) (2,10) (8,30) (1,11) (1,6) (8,32) (1,4) (8,38) 
layer:1, node:MDDNode(1,u-61), in=8, out=30
choose: Music
split in: 8 -> (7,1)
split out: 30 -> (26,4,30)
add: MDDNode(1,u-68) MDDNode(1,u-69), del:MDDNode(1,u-61)
33 (7,55) (7,21) (6,12) (6,23) (5,18) (4,17) (4,26) (4,12) (3,11) (3,13) (3,9) (3,20) (3,13) (3,10) (3,30) (3,9) (2,2) (2,2) (2,3) (2,11) (2,3) (1,1) (2,8) (1,2) (1,6) (2,10) (1,11) (1,6) (8,32) (1,4) (8,38) (1,4) (7,26) 
layer:1, node:MDDNode(1,u-65), in=8, out=32
split in: 8 -> (7,1)
split out: 32 -> (28,6,34)
add: MDDNode(1,u-70) MDDNode(1,u-71), del:MDDNode(1,u-65)
34 (7,55) (7,21) (6,12) (6,23) (5,18) (4,17) (4,26) (4,12) (3,11) (3,13) (3,9) (3,20) (3,13) (3,10) (3,30) (3,9) (2,2) (2,2) (2,3) (2,11) (2,3) (1,1) (2,8) (1,2) (1,6) (2,10) (1,11) (1,6) (1,4) (8,38) (1,4) (7,26) (1,6) (7,28) 
layer:1, node:MDDNode(1,u-67), in=8, out=38
split in: 8 -> (7,1)
split out: 38 -> (38,2,40)
add: MDDNode(1,u-72) MDDNode(1,u-73), del:MDDNode(1,u-67)
35 (7,55) (7,21) (6,12) (6,23) (5,18) (4,17) (4,26) (4,12) (3,11) (3,13) (3,9) (3,20) (3,13) (3,10) (3,30) (3,9) (2,2) (2,2) (2,3) (2,11) (2,3) (1,1) (2,8) (1,2) (1,6) (2,10) (1,11) (1,6) (1,4) (1,4) (7,26) (1,6) (7,28) (1,2) (7,38) 
layer:1, node:MDDNode(1,u-10), in=7, out=55
split in: 7 -> (6,1)
split out: 55 -> (43,12,55)
add: MDDNode(1,u-74) MDDNode(1,u-75), del:MDDNode(1,u-10)
36 (7,21) (6,12) (6,23) (5,18) (4,17) (4,26) (4,12) (3,11) (3,13) (3,9) (3,20) (3,13) (3,10) (3,30) (3,9) (2,2) (2,2) (2,3) (2,11) (2,3) (1,1) (2,8) (1,2) (1,6) (2,10) (1,11) (1,6) (1,4) (1,4) (7,26) (1,6) (7,28) (1,2) (7,38) (1,12) (6,43) 
layer:1, node:MDDNode(1,u-12), in=7, out=21
split in: 7 -> (6,1)
split out: 21 -> (20,1,21)
add: MDDNode(1,u-76) MDDNode(1,u-77), del:MDDNode(1,u-12)
37 (6,12) (6,23) (5,18) (4,17) (4,26) (4,12) (3,11) (3,13) (3,9) (3,20) (3,13) (3,10) (3,30) (3,9) (2,2) (2,2) (2,3) (2,11) (2,3) (1,1) (2,8) (1,2) (1,6) (2,10) (1,11) (1,6) (1,4) (1,4) (7,26) (1,6) (7,28) (1,2) (7,38) (1,12) (6,43) (1,1) (6,20) 
layer:1, node:MDDNode(1,u-69), in=7, out=26
choose: Pet trackers
split in: 7 -> (6,1)
split out: 26 -> (18,8,26)
add: MDDNode(1,u-78) MDDNode(1,u-79), del:MDDNode(1,u-69)
38 (6,12) (6,23) (5,18) (4,17) (4,26) (4,12) (3,11) (3,13) (3,9) (3,20) (3,13) (3,10) (3,30) (3,9) (2,2) (2,2) (2,3) (2,11) (2,3) (1,1) (2,8) (1,2) (1,6) (2,10) (1,11) (1,6) (1,4) (1,4) (1,6) (7,28) (1,2) (7,38) (1,12) (6,43) (1,1) (6,20) (1,8) (6,18) 
layer:1, node:MDDNode(1,u-71), in=7, out=28
split in: 7 -> (6,1)
split out: 28 -> (25,3,28)
add: MDDNode(1,u-80) MDDNode(1,u-81), del:MDDNode(1,u-71)
39 (6,12) (6,23) (5,18) (4,17) (4,26) (4,12) (3,11) (3,13) (3,9) (3,20) (3,13) (3,10) (3,30) (3,9) (2,2) (2,2) (2,3) (2,11) (2,3) (1,1) (2,8) (1,2) (1,6) (2,10) (1,11) (1,6) (1,4) (1,4) (1,6) (1,2) (7,38) (1,12) (6,43) (1,1) (6,20) (1,8) (6,18) (1,3) (6,25) 
layer:1, node:MDDNode(1,u-73), in=7, out=38
split in: 7 -> (6,1)
split out: 38 -> (34,4,38)
add: MDDNode(1,u-82) MDDNode(1,u-83), del:MDDNode(1,u-73)
40 (6,12) (6,23) (5,18) (4,17) (4,26) (4,12) (3,11) (3,13) (3,9) (3,20) (3,13) (3,10) (3,30) (3,9) (2,2) (2,2) (2,3) (2,11) (2,3) (1,1) (2,8) (1,2) (1,6) (2,10) (1,11) (1,6) (1,4) (1,4) (1,6) (1,2) (1,12) (6,43) (1,1) (6,20) (1,8) (6,18) (1,3) (6,25) (1,4) (6,34) 
layer:1, node:MDDNode(1,u-14), in=6, out=12
split in: 6 -> (5,1)
split out: 12 -> (8,4,12)
add: MDDNode(1,u-84) MDDNode(1,u-85), del:MDDNode(1,u-14)
41 (6,23) (5,18) (4,17) (4,26) (4,12) (3,11) (3,13) (3,9) (3,20) (3,13) (3,10) (3,30) (3,9) (2,2) (2,2) (2,3) (2,11) (2,3) (1,1) (2,8) (1,2) (1,6) (2,10) (1,11) (1,6) (1,4) (1,4) (1,6) (1,2) (1,12) (6,43) (1,1) (6,20) (1,8) (6,18) (1,3) (6,25) (1,4) (6,34) (1,4) (5,8) 
layer:1, node:MDDNode(1,u-16), in=6, out=23
split in: 6 -> (5,1)
split out: 23 -> (19,4,23)
add: MDDNode(1,u-86) MDDNode(1,u-87), del:MDDNode(1,u-16)
42 (5,18) (4,17) (4,26) (4,12) (3,11) (3,13) (3,9) (3,20) (3,13) (3,10) (3,30) (3,9) (2,2) (2,2) (2,3) (2,11) (2,3) (1,1) (2,8) (1,2) (1,6) (2,10) (1,11) (1,6) (1,4) (1,4) (1,6) (1,2) (1,12) (6,43) (1,1) (6,20) (1,8) (6,18) (1,3) (6,25) (1,4) (6,34) (1,4) (5,8) (1,4) (5,19) 
layer:1, node:MDDNode(1,u-75), in=6, out=43
split in: 6 -> (5,1)
split out: 43 -> (33,10,43)
add: MDDNode(1,u-88) MDDNode(1,u-89), del:MDDNode(1,u-75)
43 (5,18) (4,17) (4,26) (4,12) (3,11) (3,13) (3,9) (3,20) (3,13) (3,10) (3,30) (3,9) (2,2) (2,2) (2,3) (2,11) (2,3) (1,1) (2,8) (1,2) (1,6) (2,10) (1,11) (1,6) (1,4) (1,4) (1,6) (1,2) (1,12) (1,1) (6,20) (1,8) (6,18) (1,3) (6,25) (1,4) (6,34) (1,4) (5,8) (1,4) (5,19) (1,10) (5,33) 
layer:1, node:MDDNode(1,u-77), in=6, out=20
split in: 6 -> (5,1)
split out: 20 -> (19,1,20)
add: MDDNode(1,u-90) MDDNode(1,u-91), del:MDDNode(1,u-77)
44 (5,18) (4,17) (4,26) (4,12) (3,11) (3,13) (3,9) (3,20) (3,13) (3,10) (3,30) (3,9) (2,2) (2,2) (2,3) (2,11) (2,3) (1,1) (2,8) (1,2) (1,6) (2,10) (1,11) (1,6) (1,4) (1,4) (1,6) (1,2) (1,12) (1,1) (1,8) (6,18) (1,3) (6,25) (1,4) (6,34) (1,4) (5,8) (1,4) (5,19) (1,10) (5,33) (1,1) (5,19) 
layer:1, node:MDDNode(1,u-79), in=6, out=18
choose: Cloud storage
split in: 6 -> (5,1)
split out: 18 -> (16,2,18)
add: MDDNode(1,u-92) MDDNode(1,u-93), del:MDDNode(1,u-79)
45 (5,18) (4,17) (4,26) (4,12) (3,11) (3,13) (3,9) (3,20) (3,13) (3,10) (3,30) (3,9) (2,2) (2,2) (2,3) (2,11) (2,3) (1,1) (2,8) (1,2) (1,6) (2,10) (1,11) (1,6) (1,4) (1,4) (1,6) (1,2) (1,12) (1,1) (1,8) (1,3) (6,25) (1,4) (6,34) (1,4) (5,8) (1,4) (5,19) (1,10) (5,33) (1,1) (5,19) (1,2) (5,16) 
layer:1, node:MDDNode(1,u-81), in=6, out=25
split in: 6 -> (5,1)
split out: 25 -> (20,5,25)
add: MDDNode(1,u-94) MDDNode(1,u-95), del:MDDNode(1,u-81)
46 (5,18) (4,17) (4,26) (4,12) (3,11) (3,13) (3,9) (3,20) (3,13) (3,10) (3,30) (3,9) (2,2) (2,2) (2,3) (2,11) (2,3) (1,1) (2,8) (1,2) (1,6) (2,10) (1,11) (1,6) (1,4) (1,4) (1,6) (1,2) (1,12) (1,1) (1,8) (1,3) (1,4) (6,34) (1,4) (5,8) (1,4) (5,19) (1,10) (5,33) (1,1) (5,19) (1,2) (5,16) (1,5) (5,20) 
layer:1, node:MDDNode(1,u-83), in=6, out=34
split in: 6 -> (5,1)
split out: 34 -> (32,2,34)
add: MDDNode(1,u-96) MDDNode(1,u-97), del:MDDNode(1,u-83)
47 (5,18) (4,17) (4,26) (4,12) (3,11) (3,13) (3,9) (3,20) (3,13) (3,10) (3,30) (3,9) (2,2) (2,2) (2,3) (2,11) (2,3) (1,1) (2,8) (1,2) (1,6) (2,10) (1,11) (1,6) (1,4) (1,4) (1,6) (1,2) (1,12) (1,1) (1,8) (1,3) (1,4) (1,4) (5,8) (1,4) (5,19) (1,10) (5,33) (1,1) (5,19) (1,2) (5,16) (1,5) (5,20) (1,2) (5,32) 
layer:1, node:MDDNode(1,u-18), in=5, out=18
split in: 5 -> (4,1)
split out: 18 -> (17,1,18)
add: MDDNode(1,u-98) MDDNode(1,u-99), del:MDDNode(1,u-18)
48 (4,17) (4,26) (4,12) (3,11) (3,13) (3,9) (3,20) (3,13) (3,10) (3,30) (3,9) (2,2) (2,2) (2,3) (2,11) (2,3) (1,1) (2,8) (1,2) (1,6) (2,10) (1,11) (1,6) (1,4) (1,4) (1,6) (1,2) (1,12) (1,1) (1,8) (1,3) (1,4) (1,4) (5,8) (1,4) (5,19) (1,10) (5,33) (1,1) (5,19) (1,2) (5,16) (1,5) (5,20) (1,2) (5,32) (1,1) (4,17) 
layer:1, node:MDDNode(1,u-85), in=5, out=8
split in: 5 -> (4,1)
split out: 8 -> (8,2,10)
add: MDDNode(1,u-100) MDDNode(1,u-101), del:MDDNode(1,u-85)
49 (4,17) (4,26) (4,12) (3,11) (3,13) (3,9) (3,20) (3,13) (3,10) (3,30) (3,9) (2,2) (2,2) (2,3) (2,11) (2,3) (1,1) (2,8) (1,2) (1,6) (2,10) (1,11) (1,6) (1,4) (1,4) (1,6) (1,2) (1,12) (1,1) (1,8) (1,3) (1,4) (1,4) (1,4) (5,19) (1,10) (5,33) (1,1) (5,19) (1,2) (5,16) (1,5) (5,20) (1,2) (5,32) (1,1) (4,17) (1,2) (4,8) 
layer:1, node:MDDNode(1,u-87), in=5, out=19
split in: 5 -> (4,1)
split out: 19 -> (18,1,19)
add: MDDNode(1,u-102) MDDNode(1,u-103), del:MDDNode(1,u-87)
50 (4,17) (4,26) (4,12) (3,11) (3,13) (3,9) (3,20) (3,13) (3,10) (3,30) (3,9) (2,2) (2,2) (2,3) (2,11) (2,3) (1,1) (2,8) (1,2) (1,6) (2,10) (1,11) (1,6) (1,4) (1,4) (1,6) (1,2) (1,12) (1,1) (1,8) (1,3) (1,4) (1,4) (1,4) (1,10) (5,33) (1,1) (5,19) (1,2) (5,16) (1,5) (5,20) (1,2) (5,32) (1,1) (4,17) (1,2) (4,8) (1,1) (4,18) 
layer:1, node:MDDNode(1,u-89), in=5, out=33
split in: 5 -> (4,1)
split out: 33 -> (23,10,33)
add: MDDNode(1,u-104) MDDNode(1,u-105), del:MDDNode(1,u-89)
51 (4,17) (4,26) (4,12) (3,11) (3,13) (3,9) (3,20) (3,13) (3,10) (3,30) (3,9) (2,2) (2,2) (2,3) (2,11) (2,3) (1,1) (2,8) (1,2) (1,6) (2,10) (1,11) (1,6) (1,4) (1,4) (1,6) (1,2) (1,12) (1,1) (1,8) (1,3) (1,4) (1,4) (1,4) (1,10) (1,1) (5,19) (1,2) (5,16) (1,5) (5,20) (1,2) (5,32) (1,1) (4,17) (1,2) (4,8) (1,1) (4,18) (1,10) (4,23) 
layer:1, node:MDDNode(1,u-91), in=5, out=19
split in: 5 -> (4,1)
split out: 19 -> (17,2,19)
add: MDDNode(1,u-106) MDDNode(1,u-107), del:MDDNode(1,u-91)
52 (4,17) (4,26) (4,12) (3,11) (3,13) (3,9) (3,20) (3,13) (3,10) (3,30) (3,9) (2,2) (2,2) (2,3) (2,11) (2,3) (1,1) (2,8) (1,2) (1,6) (2,10) (1,11) (1,6) (1,4) (1,4) (1,6) (1,2) (1,12) (1,1) (1,8) (1,3) (1,4) (1,4) (1,4) (1,10) (1,1) (1,2) (5,16) (1,5) (5,20) (1,2) (5,32) (1,1) (4,17) (1,2) (4,8) (1,1) (4,18) (1,10) (4,23) (1,2) (4,17) 
layer:1, node:MDDNode(1,u-93), in=5, out=16
choose: Lighting
split in: 5 -> (4,1)
split out: 16 -> (13,3,16)
add: MDDNode(1,u-108) MDDNode(1,u-109), del:MDDNode(1,u-93)
53 (4,17) (4,26) (4,12) (3,11) (3,13) (3,9) (3,20) (3,13) (3,10) (3,30) (3,9) (2,2) (2,2) (2,3) (2,11) (2,3) (1,1) (2,8) (1,2) (1,6) (2,10) (1,11) (1,6) (1,4) (1,4) (1,6) (1,2) (1,12) (1,1) (1,8) (1,3) (1,4) (1,4) (1,4) (1,10) (1,1) (1,2) (1,5) (5,20) (1,2) (5,32) (1,1) (4,17) (1,2) (4,8) (1,1) (4,18) (1,10) (4,23) (1,2) (4,17) (1,3) (4,13) 
layer:1, node:MDDNode(1,u-95), in=5, out=20
split in: 5 -> (4,1)
split out: 20 -> (17,3,20)
add: MDDNode(1,u-110) MDDNode(1,u-111), del:MDDNode(1,u-95)
54 (4,17) (4,26) (4,12) (3,11) (3,13) (3,9) (3,20) (3,13) (3,10) (3,30) (3,9) (2,2) (2,2) (2,3) (2,11) (2,3) (1,1) (2,8) (1,2) (1,6) (2,10) (1,11) (1,6) (1,4) (1,4) (1,6) (1,2) (1,12) (1,1) (1,8) (1,3) (1,4) (1,4) (1,4) (1,10) (1,1) (1,2) (1,5) (1,2) (5,32) (1,1) (4,17) (1,2) (4,8) (1,1) (4,18) (1,10) (4,23) (1,2) (4,17) (1,3) (4,13) (1,3) (4,17) 
layer:1, node:MDDNode(1,u-97), in=5, out=32
split in: 5 -> (4,1)
split out: 32 -> (26,6,32)
add: MDDNode(1,u-112) MDDNode(1,u-113), del:MDDNode(1,u-97)
55 (4,17) (4,26) (4,12) (3,11) (3,13) (3,9) (3,20) (3,13) (3,10) (3,30) (3,9) (2,2) (2,2) (2,3) (2,11) (2,3) (1,1) (2,8) (1,2) (1,6) (2,10) (1,11) (1,6) (1,4) (1,4) (1,6) (1,2) (1,12) (1,1) (1,8) (1,3) (1,4) (1,4) (1,4) (1,10) (1,1) (1,2) (1,5) (1,2) (1,1) (4,17) (1,2) (4,8) (1,1) (4,18) (1,10) (4,23) (1,2) (4,17) (1,3) (4,13) (1,3) (4,17) (1,6) (4,26) 
layer:3, node:MDDNode(3,u_3), in=88, out=161
choose: Notifications
split in: 88 -> (81,7)
split out: 161 -> (154,9,163)
add: MDDNode(3,u-114) MDDNode(3,u-115), del:MDDNode(3,u_3)
2 (7,9) (81,154) 
layer:3, node:MDDNode(3,u-115), in=81, out=154
choose: Others
split in: 81 -> (75,6)
split out: 154 -> (144,12,156)
add: MDDNode(3,u-116) MDDNode(3,u-117), del:MDDNode(3,u-115)
3 (7,9) (6,12) (75,144) 
layer:3, node:MDDNode(3,u-117), in=75, out=144
choose: Social networks
split in: 75 -> (69,6)
split out: 144 -> (131,14,145)
add: MDDNode(3,u-118) MDDNode(3,u-119), del:MDDNode(3,u-117)
4 (7,9) (6,12) (6,14) (69,131) 
layer:3, node:MDDNode(3,u-119), in=69, out=131
choose: Bookmarking
split in: 69 -> (63,6)
split out: 131 -> (125,7,132)
add: MDDNode(3,u-120) MDDNode(3,u-121), del:MDDNode(3,u-119)
5 (7,9) (6,12) (6,14) (6,7) (63,125) 
layer:3, node:MDDNode(3,u-121), in=63, out=125
choose: Security & monitoring systems
split in: 63 -> (59,4)
split out: 125 -> (108,17,125)
add: MDDNode(3,u-122) MDDNode(3,u-123), del:MDDNode(3,u-121)
6 (7,9) (6,12) (6,14) (6,7) (4,17) (59,108) 
layer:3, node:MDDNode(3,u-123), in=59, out=108
choose: Mobile devices & accessories
split in: 59 -> (55,4)
split out: 108 -> (103,7,110)
add: MDDNode(3,u-124) MDDNode(3,u-125), del:MDDNode(3,u-123)
7 (7,9) (6,12) (6,14) (6,7) (4,17) (4,7) (55,103) 
layer:3, node:MDDNode(3,u-125), in=55, out=103
choose: Email
split in: 55 -> (51,4)
split out: 103 -> (98,5,103)
add: MDDNode(3,u-126) MDDNode(3,u-127), del:MDDNode(3,u-125)
8 (7,9) (6,12) (6,14) (6,7) (4,17) (4,7) (4,5) (51,98) 
layer:3, node:MDDNode(3,u-127), in=51, out=98
choose: Power monitoring & management
split in: 51 -> (47,4)
split out: 98 -> (94,9,103)
add: MDDNode(3,u-128) MDDNode(3,u-129), del:MDDNode(3,u-127)
9 (7,9) (6,12) (6,14) (6,7) (4,17) (4,7) (4,5) (4,9) (47,94) 
layer:3, node:MDDNode(3,u-129), in=47, out=94
choose: Environment control & monitoring
split in: 47 -> (43,4)
split out: 94 -> (84,10,94)
add: MDDNode(3,u-130) MDDNode(3,u-131), del:MDDNode(3,u-129)
10 (7,9) (6,12) (6,14) (6,7) (4,17) (4,7) (4,5) (4,9) (4,10) (43,84) 
layer:3, node:MDDNode(3,u-131), in=43, out=84
choose: Cloud storage
split in: 43 -> (39,4)
split out: 84 -> (77,7,84)
add: MDDNode(3,u-132) MDDNode(3,u-133), del:MDDNode(3,u-131)
11 (7,9) (6,12) (6,14) (6,7) (4,17) (4,7) (4,5) (4,9) (4,10) (4,7) (39,77) 
layer:3, node:MDDNode(3,u-133), in=39, out=77
choose: Communication
split in: 39 -> (35,4)
split out: 77 -> (73,4,77)
add: MDDNode(3,u-134) MDDNode(3,u-135), del:MDDNode(3,u-133)
12 (7,9) (6,12) (6,14) (6,7) (4,17) (4,7) (4,5) (4,9) (4,10) (4,7) (4,4) (35,73) 
layer:3, node:MDDNode(3,u-135), in=35, out=73
choose: Photo & video
split in: 35 -> (31,4)
split out: 73 -> (69,4,73)
add: MDDNode(3,u-136) MDDNode(3,u-137), del:MDDNode(3,u-135)
13 (7,9) (6,12) (6,14) (6,7) (4,17) (4,7) (4,5) (4,9) (4,10) (4,7) (4,4) (4,4) (31,69) 
layer:3, node:MDDNode(3,u-137), in=31, out=69
choose: Blogging
split in: 31 -> (28,3)
split out: 69 -> (62,7,69)
add: MDDNode(3,u-138) MDDNode(3,u-139), del:MDDNode(3,u-137)
14 (7,9) (6,12) (6,14) (6,7) (4,17) (4,7) (4,5) (4,9) (4,10) (4,7) (4,4) (4,4) (3,7) (28,62) 
layer:3, node:MDDNode(3,u-139), in=28, out=62
choose: Smart hubs & systems
split in: 28 -> (25,3)
split out: 62 -> (53,9,62)
add: MDDNode(3,u-140) MDDNode(3,u-141), del:MDDNode(3,u-139)
15 (7,9) (6,12) (6,14) (6,7) (4,17) (4,7) (4,5) (4,9) (4,10) (4,7) (4,4) (4,4) (3,7) (3,9) (25,53) 
layer:3, node:MDDNode(3,u-141), in=25, out=53
choose: Health & fitness
split in: 25 -> (22,3)
split out: 53 -> (51,3,54)
add: MDDNode(3,u-142) MDDNode(3,u-143), del:MDDNode(3,u-141)
16 (7,9) (6,12) (6,14) (6,7) (4,17) (4,7) (4,5) (4,9) (4,10) (4,7) (4,4) (4,4) (3,7) (3,9) (3,3) (22,51) 
layer:3, node:MDDNode(3,u-143), in=22, out=51
choose: Notes
split in: 22 -> (20,2)
split out: 51 -> (42,9,51)
add: MDDNode(3,u-144) MDDNode(3,u-145), del:MDDNode(3,u-143)
17 (7,9) (6,12) (6,14) (6,7) (4,17) (4,7) (4,5) (4,9) (4,10) (4,7) (4,4) (4,4) (3,7) (3,9) (3,3) (2,9) (20,42) 
layer:3, node:MDDNode(3,u-145), in=20, out=42
choose: News & information
split in: 20 -> (18,2)
split out: 42 -> (39,3,42)
add: MDDNode(3,u-146) MDDNode(3,u-147), del:MDDNode(3,u-145)
18 (7,9) (6,12) (6,14) (6,7) (4,17) (4,7) (4,5) (4,9) (4,10) (4,7) (4,4) (4,4) (3,7) (3,9) (3,3) (2,9) (2,3) (18,39) 
layer:3, node:MDDNode(3,u-147), in=18, out=39
choose: Task management & to-dos
split in: 18 -> (16,2)
split out: 39 -> (37,3,40)
add: MDDNode(3,u-148) MDDNode(3,u-149), del:MDDNode(3,u-147)
19 (7,9) (6,12) (6,14) (6,7) (4,17) (4,7) (4,5) (4,9) (4,10) (4,7) (4,4) (4,4) (3,7) (3,9) (3,3) (2,9) (2,3) (2,3) (16,37) 
layer:3, node:MDDNode(3,u-149), in=16, out=37
choose: Developer tools
split in: 16 -> (14,2)
split out: 37 -> (35,3,38)
add: MDDNode(3,u-150) MDDNode(3,u-151), del:MDDNode(3,u-149)
20 (7,9) (6,12) (6,14) (6,7) (4,17) (4,7) (4,5) (4,9) (4,10) (4,7) (4,4) (4,4) (3,7) (3,9) (3,3) (2,9) (2,3) (2,3) (2,3) (14,35) 
layer:3, node:MDDNode(3,u-151), in=14, out=35
choose: Business tools
split in: 14 -> (12,2)
split out: 35 -> (32,3,35)
add: MDDNode(3,u-152) MDDNode(3,u-153), del:MDDNode(3,u-151)
21 (7,9) (6,12) (6,14) (6,7) (4,17) (4,7) (4,5) (4,9) (4,10) (4,7) (4,4) (4,4) (3,7) (3,9) (3,3) (2,9) (2,3) (2,3) (2,3) (2,3) (12,32) 
layer:3, node:MDDNode(3,u-153), in=12, out=32
choose: Lighting
split in: 12 -> (10,2)
split out: 32 -> (19,13,32)
add: MDDNode(3,u-154) MDDNode(3,u-155), del:MDDNode(3,u-153)
22 (7,9) (6,12) (6,14) (6,7) (4,17) (4,7) (4,5) (4,9) (4,10) (4,7) (4,4) (4,4) (3,7) (3,9) (3,3) (2,9) (2,3) (2,3) (2,3) (2,3) (2,13) (10,19) 
layer:3, node:MDDNode(3,u-155), in=10, out=19
choose: Gardening
split in: 10 -> (9,1)
split out: 19 -> (15,4,19)
add: MDDNode(3,u-156) MDDNode(3,u-157), del:MDDNode(3,u-155)
23 (7,9) (6,12) (6,14) (6,7) (4,17) (4,7) (4,5) (4,9) (4,10) (4,7) (4,4) (4,4) (3,7) (3,9) (3,3) (2,9) (2,3) (2,3) (2,3) (2,3) (2,13) (1,4) (9,15) 
layer:3, node:MDDNode(3,u-157), in=9, out=15
choose: Routers & computer accessories
split in: 9 -> (8,1)
split out: 15 -> (14,1,15)
add: MDDNode(3,u-158) MDDNode(3,u-159), del:MDDNode(3,u-157)
24 (7,9) (6,12) (6,14) (6,7) (4,17) (4,7) (4,5) (4,9) (4,10) (4,7) (4,4) (4,4) (3,7) (3,9) (3,3) (2,9) (2,3) (2,3) (2,3) (2,3) (2,13) (1,4) (1,1) (8,14) 
layer:3, node:MDDNode(3,u-159), in=8, out=14
choose: Journaling & personal data
split in: 8 -> (7,1)
split out: 14 -> (10,4,14)
add: MDDNode(3,u-160) MDDNode(3,u-161), del:MDDNode(3,u-159)
25 (7,9) (6,12) (6,14) (6,7) (4,17) (4,7) (4,5) (4,9) (4,10) (4,7) (4,4) (4,4) (3,7) (3,9) (3,3) (2,9) (2,3) (2,3) (2,3) (2,3) (2,13) (1,4) (1,1) (1,4) (7,10) 
layer:3, node:MDDNode(3,u-114), in=7, out=9
split in: 7 -> (6,1)
split out: 9 -> (8,2,10)
add: MDDNode(3,u-162) MDDNode(3,u-163), del:MDDNode(3,u-114)
26 (6,12) (6,14) (6,7) (4,17) (4,7) (4,5) (4,9) (4,10) (4,7) (4,4) (4,4) (3,7) (3,9) (3,3) (2,9) (2,3) (2,3) (2,3) (2,3) (2,13) (1,4) (1,1) (1,4) (7,10) (1,2) (6,8) 
layer:3, node:MDDNode(3,u-161), in=7, out=10
choose: Shopping
split in: 7 -> (6,1)
split out: 10 -> (9,1,10)
add: MDDNode(3,u-164) MDDNode(3,u-165), del:MDDNode(3,u-161)
27 (6,12) (6,14) (6,7) (4,17) (4,7) (4,5) (4,9) (4,10) (4,7) (4,4) (4,4) (3,7) (3,9) (3,3) (2,9) (2,3) (2,3) (2,3) (2,3) (2,13) (1,4) (1,1) (1,4) (1,2) (6,8) (1,1) (6,9) 
layer:3, node:MDDNode(3,u-116), in=6, out=12
split in: 6 -> (5,1)
split out: 12 -> (11,1,12)
add: MDDNode(3,u-166) MDDNode(3,u-167), del:MDDNode(3,u-116)
28 (6,14) (6,7) (4,17) (4,7) (4,5) (4,9) (4,10) (4,7) (4,4) (4,4) (3,7) (3,9) (3,3) (2,9) (2,3) (2,3) (2,3) (2,3) (2,13) (1,4) (1,1) (1,4) (1,2) (6,8) (1,1) (6,9) (1,1) (5,11) 
layer:3, node:MDDNode(3,u-118), in=6, out=14
split in: 6 -> (5,1)
split out: 14 -> (12,2,14)
add: MDDNode(3,u-168) MDDNode(3,u-169), del:MDDNode(3,u-118)
29 (6,7) (4,17) (4,7) (4,5) (4,9) (4,10) (4,7) (4,4) (4,4) (3,7) (3,9) (3,3) (2,9) (2,3) (2,3) (2,3) (2,3) (2,13) (1,4) (1,1) (1,4) (1,2) (6,8) (1,1) (6,9) (1,1) (5,11) (1,2) (5,12) 
layer:3, node:MDDNode(3,u-120), in=6, out=7
split in: 6 -> (5,1)
split out: 7 -> (6,1,7)
add: MDDNode(3,u-170) MDDNode(3,u-171), del:MDDNode(3,u-120)
30 (4,17) (4,7) (4,5) (4,9) (4,10) (4,7) (4,4) (4,4) (3,7) (3,9) (3,3) (2,9) (2,3) (2,3) (2,3) (2,3) (2,13) (1,4) (1,1) (1,4) (1,2) (6,8) (1,1) (6,9) (1,1) (5,11) (1,2) (5,12) (1,1) (5,6) 
layer:3, node:MDDNode(3,u-163), in=6, out=8
split in: 6 -> (5,1)
split out: 8 -> (8,1,9)
add: MDDNode(3,u-172) MDDNode(3,u-173), del:MDDNode(3,u-163)
31 (4,17) (4,7) (4,5) (4,9) (4,10) (4,7) (4,4) (4,4) (3,7) (3,9) (3,3) (2,9) (2,3) (2,3) (2,3) (2,3) (2,13) (1,4) (1,1) (1,4) (1,2) (1,1) (6,9) (1,1) (5,11) (1,2) (5,12) (1,1) (5,6) (1,1) (5,8) 
layer:3, node:MDDNode(3,u-165), in=6, out=9
choose: Calendars & scheduling
split in: 6 -> (5,1)
split out: 9 -> (8,1,9)
add: MDDNode(3,u-174) MDDNode(3,u-175), del:MDDNode(3,u-165)
32 (4,17) (4,7) (4,5) (4,9) (4,10) (4,7) (4,4) (4,4) (3,7) (3,9) (3,3) (2,9) (2,3) (2,3) (2,3) (2,3) (2,13) (1,4) (1,1) (1,4) (1,2) (1,1) (1,1) (5,11) (1,2) (5,12) (1,1) (5,6) (1,1) (5,8) (1,1) (5,8) 
layer:3, node:MDDNode(3,u-167), in=5, out=11
split in: 5 -> (4,1)
split out: 11 -> (8,3,11)
add: MDDNode(3,u-176) MDDNode(3,u-177), del:MDDNode(3,u-167)
33 (4,17) (4,7) (4,5) (4,9) (4,10) (4,7) (4,4) (4,4) (3,7) (3,9) (3,3) (2,9) (2,3) (2,3) (2,3) (2,3) (2,13) (1,4) (1,1) (1,4) (1,2) (1,1) (1,1) (1,2) (5,12) (1,1) (5,6) (1,1) (5,8) (1,1) (5,8) (1,3) (4,8) 
layer:3, node:MDDNode(3,u-169), in=5, out=12
split in: 5 -> (4,1)
split out: 12 -> (12,3,15)
add: MDDNode(3,u-178) MDDNode(3,u-179), del:MDDNode(3,u-169)
34 (4,17) (4,7) (4,5) (4,9) (4,10) (4,7) (4,4) (4,4) (3,7) (3,9) (3,3) (2,9) (2,3) (2,3) (2,3) (2,3) (2,13) (1,4) (1,1) (1,4) (1,2) (1,1) (1,1) (1,2) (1,1) (5,6) (1,1) (5,8) (1,1) (5,8) (1,3) (4,8) (1,3) (4,12) 
layer:3, node:MDDNode(3,u-171), in=5, out=6
split in: 5 -> (4,1)
split out: 6 -> (6,2,8)
add: MDDNode(3,u-180) MDDNode(3,u-181), del:MDDNode(3,u-171)
35 (4,17) (4,7) (4,5) (4,9) (4,10) (4,7) (4,4) (4,4) (3,7) (3,9) (3,3) (2,9) (2,3) (2,3) (2,3) (2,3) (2,13) (1,4) (1,1) (1,4) (1,2) (1,1) (1,1) (1,2) (1,1) (1,1) (5,8) (1,1) (5,8) (1,3) (4,8) (1,3) (4,12) (1,2) (4,6) 
layer:3, node:MDDNode(3,u-173), in=5, out=8
split in: 5 -> (4,1)
split out: 8 -> (7,2,9)
add: MDDNode(3,u-182) MDDNode(3,u-183), del:MDDNode(3,u-173)
36 (4,17) (4,7) (4,5) (4,9) (4,10) (4,7) (4,4) (4,4) (3,7) (3,9) (3,3) (2,9) (2,3) (2,3) (2,3) (2,3) (2,13) (1,4) (1,1) (1,4) (1,2) (1,1) (1,1) (1,2) (1,1) (1,1) (1,1) (5,8) (1,3) (4,8) (1,3) (4,12) (1,2) (4,6) (1,2) (4,7) 
layer:3, node:MDDNode(3,u-175), in=5, out=8
choose: Pet trackers
split in: 5 -> (4,1)
split out: 8 -> (6,2,8)
add: MDDNode(3,u-184) MDDNode(3,u-185), del:MDDNode(3,u-175)
37 (4,17) (4,7) (4,5) (4,9) (4,10) (4,7) (4,4) (4,4) (3,7) (3,9) (3,3) (2,9) (2,3) (2,3) (2,3) (2,3) (2,13) (1,4) (1,1) (1,4) (1,2) (1,1) (1,1) (1,2) (1,1) (1,1) (1,1) (1,3) (4,8) (1,3) (4,12) (1,2) (4,6) (1,2) (4,7) (1,2) (4,6) 
layer:3, node:MDDNode(3,u-122), in=4, out=17
split in: 4 -> (3,1)
split out: 17 -> (11,6,17)
add: MDDNode(3,u-186) MDDNode(3,u-187), del:MDDNode(3,u-122)
38 (4,7) (4,5) (4,9) (4,10) (4,7) (4,4) (4,4) (3,7) (3,9) (3,3) (2,9) (2,3) (2,3) (2,3) (2,3) (2,13) (1,4) (1,1) (1,4) (1,2) (1,1) (1,1) (1,2) (1,1) (1,1) (1,1) (1,3) (4,8) (1,3) (4,12) (1,2) (4,6) (1,2) (4,7) (1,2) (4,6) (1,6) (3,11) 
layer:3, node:MDDNode(3,u-124), in=4, out=7
split in: 4 -> (3,1)
split out: 7 -> (6,1,7)
add: MDDNode(3,u-188) MDDNode(3,u-189), del:MDDNode(3,u-124)
39 (4,5) (4,9) (4,10) (4,7) (4,4) (4,4) (3,7) (3,9) (3,3) (2,9) (2,3) (2,3) (2,3) (2,3) (2,13) (1,4) (1,1) (1,4) (1,2) (1,1) (1,1) (1,2) (1,1) (1,1) (1,1) (1,3) (4,8) (1,3) (4,12) (1,2) (4,6) (1,2) (4,7) (1,2) (4,6) (1,6) (3,11) (1,1) (3,6) 
layer:3, node:MDDNode(3,u-126), in=4, out=5
split in: 4 -> (3,1)
split out: 5 -> (4,1,5)
add: MDDNode(3,u-190) MDDNode(3,u-191), del:MDDNode(3,u-126)
40 (4,9) (4,10) (4,7) (4,4) (4,4) (3,7) (3,9) (3,3) (2,9) (2,3) (2,3) (2,3) (2,3) (2,13) (1,4) (1,1) (1,4) (1,2) (1,1) (1,1) (1,2) (1,1) (1,1) (1,1) (1,3) (4,8) (1,3) (4,12) (1,2) (4,6) (1,2) (4,7) (1,2) (4,6) (1,6) (3,11) (1,1) (3,6) (1,1) (3,4) 
layer:3, node:MDDNode(3,u-128), in=4, out=9
split in: 4 -> (3,1)
split out: 9 -> (9,4,13)
add: MDDNode(3,u-192) MDDNode(3,u-193), del:MDDNode(3,u-128)
41 (4,10) (4,7) (4,4) (4,4) (3,7) (3,9) (3,3) (2,9) (2,3) (2,3) (2,3) (2,3) (2,13) (1,4) (1,1) (1,4) (1,2) (1,1) (1,1) (1,2) (1,1) (1,1) (1,1) (1,3) (4,8) (1,3) (4,12) (1,2) (4,6) (1,2) (4,7) (1,2) (4,6) (1,6) (3,11) (1,1) (3,6) (1,1) (3,4) (1,4) (3,9) 
layer:3, node:MDDNode(3,u-130), in=4, out=10
split in: 4 -> (3,1)
split out: 10 -> (9,3,12)
add: MDDNode(3,u-194) MDDNode(3,u-195), del:MDDNode(3,u-130)
42 (4,7) (4,4) (4,4) (3,7) (3,9) (3,3) (2,9) (2,3) (2,3) (2,3) (2,3) (2,13) (1,4) (1,1) (1,4) (1,2) (1,1) (1,1) (1,2) (1,1) (1,1) (1,1) (1,3) (4,8) (1,3) (4,12) (1,2) (4,6) (1,2) (4,7) (1,2) (4,6) (1,6) (3,11) (1,1) (3,6) (1,1) (3,4) (1,4) (3,9) (1,3) (3,9) 
layer:3, node:MDDNode(3,u-132), in=4, out=7
split in: 4 -> (3,1)
split out: 7 -> (7,1,8)
add: MDDNode(3,u-196) MDDNode(3,u-197), del:MDDNode(3,u-132)
43 (4,4) (4,4) (3,7) (3,9) (3,3) (2,9) (2,3) (2,3) (2,3) (2,3) (2,13) (1,4) (1,1) (1,4) (1,2) (1,1) (1,1) (1,2) (1,1) (1,1) (1,1) (1,3) (4,8) (1,3) (4,12) (1,2) (4,6) (1,2) (4,7) (1,2) (4,6) (1,6) (3,11) (1,1) (3,6) (1,1) (3,4) (1,4) (3,9) (1,3) (3,9) (1,1) (3,7) 
layer:3, node:MDDNode(3,u-134), in=4, out=4
split in: 4 -> (3,1)
split out: 4 -> (3,1,4)
add: MDDNode(3,u-198) MDDNode(3,u-199), del:MDDNode(3,u-134)
44 (4,4) (3,7) (3,9) (3,3) (2,9) (2,3) (2,3) (2,3) (2,3) (2,13) (1,4) (1,1) (1,4) (1,2) (1,1) (1,1) (1,2) (1,1) (1,1) (1,1) (1,3) (4,8) (1,3) (4,12) (1,2) (4,6) (1,2) (4,7) (1,2) (4,6) (1,6) (3,11) (1,1) (3,6) (1,1) (3,4) (1,4) (3,9) (1,3) (3,9) (1,1) (3,7) (1,1) (3,3) 
layer:3, node:MDDNode(3,u-136), in=4, out=4
split in: 4 -> (3,1)
split out: 4 -> (3,1,4)
add: MDDNode(3,u-200) MDDNode(3,u-201), del:MDDNode(3,u-136)
45 (3,7) (3,9) (3,3) (2,9) (2,3) (2,3) (2,3) (2,3) (2,13) (1,4) (1,1) (1,4) (1,2) (1,1) (1,1) (1,2) (1,1) (1,1) (1,1) (1,3) (4,8) (1,3) (4,12) (1,2) (4,6) (1,2) (4,7) (1,2) (4,6) (1,6) (3,11) (1,1) (3,6) (1,1) (3,4) (1,4) (3,9) (1,3) (3,9) (1,1) (3,7) (1,1) (3,3) (1,1) (3,3) 
layer:3, node:MDDNode(3,u-177), in=4, out=8
split in: 4 -> (3,1)
split out: 8 -> (6,2,8)
add: MDDNode(3,u-202) MDDNode(3,u-203), del:MDDNode(3,u-177)
46 (3,7) (3,9) (3,3) (2,9) (2,3) (2,3) (2,3) (2,3) (2,13) (1,4) (1,1) (1,4) (1,2) (1,1) (1,1) (1,2) (1,1) (1,1) (1,1) (1,3) (1,3) (4,12) (1,2) (4,6) (1,2) (4,7) (1,2) (4,6) (1,6) (3,11) (1,1) (3,6) (1,1) (3,4) (1,4) (3,9) (1,3) (3,9) (1,1) (3,7) (1,1) (3,3) (1,1) (3,3) (1,2) (3,6) 
layer:3, node:MDDNode(3,u-179), in=4, out=12
split in: 4 -> (3,1)
split out: 12 -> (11,1,12)
add: MDDNode(3,u-204) MDDNode(3,u-205), del:MDDNode(3,u-179)
47 (3,7) (3,9) (3,3) (2,9) (2,3) (2,3) (2,3) (2,3) (2,13) (1,4) (1,1) (1,4) (1,2) (1,1) (1,1) (1,2) (1,1) (1,1) (1,1) (1,3) (1,3) (1,2) (4,6) (1,2) (4,7) (1,2) (4,6) (1,6) (3,11) (1,1) (3,6) (1,1) (3,4) (1,4) (3,9) (1,3) (3,9) (1,1) (3,7) (1,1) (3,3) (1,1) (3,3) (1,2) (3,6) (1,1) (3,11) 
layer:3, node:MDDNode(3,u-181), in=4, out=6
split in: 4 -> (3,1)
split out: 6 -> (5,1,6)
add: MDDNode(3,u-206) MDDNode(3,u-207), del:MDDNode(3,u-181)
48 (3,7) (3,9) (3,3) (2,9) (2,3) (2,3) (2,3) (2,3) (2,13) (1,4) (1,1) (1,4) (1,2) (1,1) (1,1) (1,2) (1,1) (1,1) (1,1) (1,3) (1,3) (1,2) (1,2) (4,7) (1,2) (4,6) (1,6) (3,11) (1,1) (3,6) (1,1) (3,4) (1,4) (3,9) (1,3) (3,9) (1,1) (3,7) (1,1) (3,3) (1,1) (3,3) (1,2) (3,6) (1,1) (3,11) (1,1) (3,5) 
layer:3, node:MDDNode(3,u-183), in=4, out=7
split in: 4 -> (3,1)
split out: 7 -> (6,1,7)
add: MDDNode(3,u-208) MDDNode(3,u-209), del:MDDNode(3,u-183)
49 (3,7) (3,9) (3,3) (2,9) (2,3) (2,3) (2,3) (2,3) (2,13) (1,4) (1,1) (1,4) (1,2) (1,1) (1,1) (1,2) (1,1) (1,1) (1,1) (1,3) (1,3) (1,2) (1,2) (1,2) (4,6) (1,6) (3,11) (1,1) (3,6) (1,1) (3,4) (1,4) (3,9) (1,3) (3,9) (1,1) (3,7) (1,1) (3,3) (1,1) (3,3) (1,2) (3,6) (1,1) (3,11) (1,1) (3,5) (1,1) (3,6) 
layer:3, node:MDDNode(3,u-185), in=4, out=6
choose: Music
split in: 4 -> (3,1)
split out: 6 -> (4,2,6)
add: MDDNode(3,u-210) MDDNode(3,u-211), del:MDDNode(3,u-185)
50 (3,7) (3,9) (3,3) (2,9) (2,3) (2,3) (2,3) (2,3) (2,13) (1,4) (1,1) (1,4) (1,2) (1,1) (1,1) (1,2) (1,1) (1,1) (1,1) (1,3) (1,3) (1,2) (1,2) (1,2) (1,6) (3,11) (1,1) (3,6) (1,1) (3,4) (1,4) (3,9) (1,3) (3,9) (1,1) (3,7) (1,1) (3,3) (1,1) (3,3) (1,2) (3,6) (1,1) (3,11) (1,1) (3,5) (1,1) (3,6) (1,2) (3,4) 
layer:3, node:MDDNode(3,u-138), in=3, out=7
split in: 3 -> (2,1)
split out: 7 -> (2,6,8)
add: MDDNode(3,u-212) MDDNode(3,u-213), del:MDDNode(3,u-138)
51 (3,9) (3,3) (2,9) (2,3) (2,3) (2,3) (2,3) (2,13) (1,4) (1,1) (1,4) (1,2) (1,1) (1,1) (1,2) (1,1) (1,1) (1,1) (1,3) (1,3) (1,2) (1,2) (1,2) (1,6) (3,11) (1,1) (3,6) (1,1) (3,4) (1,4) (3,9) (1,3) (3,9) (1,1) (3,7) (1,1) (3,3) (1,1) (3,3) (1,2) (3,6) (1,1) (3,11) (1,1) (3,5) (1,1) (3,6) (1,2) (3,4) (1,6) (2,2) 
layer:3, node:MDDNode(3,u-140), in=3, out=9
split in: 3 -> (2,1)
split out: 9 -> (8,1,9)
add: MDDNode(3,u-214) MDDNode(3,u-215), del:MDDNode(3,u-140)
52 (3,3) (2,9) (2,3) (2,3) (2,3) (2,3) (2,13) (1,4) (1,1) (1,4) (1,2) (1,1) (1,1) (1,2) (1,1) (1,1) (1,1) (1,3) (1,3) (1,2) (1,2) (1,2) (1,6) (3,11) (1,1) (3,6) (1,1) (3,4) (1,4) (3,9) (1,3) (3,9) (1,1) (3,7) (1,1) (3,3) (1,1) (3,3) (1,2) (3,6) (1,1) (3,11) (1,1) (3,5) (1,1) (3,6) (1,2) (3,4) (1,6) (2,2) (1,1) (2,8) 
layer:3, node:MDDNode(3,u-142), in=3, out=3
split in: 3 -> (2,1)
split out: 3 -> (3,1,4)
add: MDDNode(3,u-216) MDDNode(3,u-217), del:MDDNode(3,u-142)
53 (2,9) (2,3) (2,3) (2,3) (2,3) (2,13) (1,4) (1,1) (1,4) (1,2) (1,1) (1,1) (1,2) (1,1) (1,1) (1,1) (1,3) (1,3) (1,2) (1,2) (1,2) (1,6) (3,11) (1,1) (3,6) (1,1) (3,4) (1,4) (3,9) (1,3) (3,9) (1,1) (3,7) (1,1) (3,3) (1,1) (3,3) (1,2) (3,6) (1,1) (3,11) (1,1) (3,5) (1,1) (3,6) (1,2) (3,4) (1,6) (2,2) (1,1) (2,8) (1,1) (2,3) 
layer:3, node:MDDNode(3,u-187), in=3, out=11
split in: 3 -> (2,1)
split out: 11 -> (7,4,11)
add: MDDNode(3,u-218) MDDNode(3,u-219), del:MDDNode(3,u-187)
54 (2,9) (2,3) (2,3) (2,3) (2,3) (2,13) (1,4) (1,1) (1,4) (1,2) (1,1) (1,1) (1,2) (1,1) (1,1) (1,1) (1,3) (1,3) (1,2) (1,2) (1,2) (1,6) (1,1) (3,6) (1,1) (3,4) (1,4) (3,9) (1,3) (3,9) (1,1) (3,7) (1,1) (3,3) (1,1) (3,3) (1,2) (3,6) (1,1) (3,11) (1,1) (3,5) (1,1) (3,6) (1,2) (3,4) (1,6) (2,2) (1,1) (2,8) (1,1) (2,3) (1,4) (2,7) 
layer:3, node:MDDNode(3,u-189), in=3, out=6
split in: 3 -> (2,1)
split out: 6 -> (5,1,6)
add: MDDNode(3,u-220) MDDNode(3,u-221), del:MDDNode(3,u-189)
55 (2,9) (2,3) (2,3) (2,3) (2,3) (2,13) (1,4) (1,1) (1,4) (1,2) (1,1) (1,1) (1,2) (1,1) (1,1) (1,1) (1,3) (1,3) (1,2) (1,2) (1,2) (1,6) (1,1) (1,1) (3,4) (1,4) (3,9) (1,3) (3,9) (1,1) (3,7) (1,1) (3,3) (1,1) (3,3) (1,2) (3,6) (1,1) (3,11) (1,1) (3,5) (1,1) (3,6) (1,2) (3,4) (1,6) (2,2) (1,1) (2,8) (1,1) (2,3) (1,4) (2,7) (1,1) (2,5) 
=profile=
(0, 111) 
(4, 17) (4, 26) (4, 12) (3, 11) (3, 13) (3, 9) (3, 20) (3, 13) (3, 10) (3, 30) (3, 9) (2, 2) (2, 2) (2, 3) (2, 11) (2, 3) (1, 1) (2, 8) (1, 2) (1, 6) (2, 10) (1, 11) (1, 6) (1, 4) (1, 4) (1, 6) (1, 2) (1, 12) (1, 1) (1, 8) (1, 3) (1, 4) (1, 4) (1, 4) (1, 10) (1, 1) (1, 2) (1, 5) (1, 2) (1, 1) (4, 17) (1, 2) (4, 8) (1, 1) (4, 18) (1, 10) (4, 23) (1, 2) (4, 17) (1, 3) (4, 13) (1, 3) (4, 17) (1, 6) (4, 26) 
(474, 88) 
(2, 9) (2, 3) (2, 3) (2, 3) (2, 3) (2, 13) (1, 4) (1, 1) (1, 4) (1, 2) (1, 1) (1, 1) (1, 2) (1, 1) (1, 1) (1, 1) (1, 3) (1, 3) (1, 2) (1, 2) (1, 2) (1, 6) (1, 1) (1, 1) (3, 4) (1, 4) (3, 9) (1, 3) (3, 9) (1, 1) (3, 7) (1, 1) (3, 3) (1, 1) (3, 3) (1, 2) (3, 6) (1, 1) (3, 11) (1, 1) (3, 5) (1, 1) (3, 6) (1, 2) (3, 4) (1, 6) (2, 2) (1, 1) (2, 8) (1, 1) (2, 3) (1, 4) (2, 7) (1, 1) (2, 5) 
(194, 1) 
(1, 0) 
dump to the pickle
the graph width list : [1, 55, 1, 55, 1, 1]
it 1 dev 27.63   dev_h 43.67   dev_v 99.13   new_test 36.15   new_test_h 33.34   new_test_v 98.95   save: 36.15 T: 2020-01-13T19:37 
it 2 dev 31.29   dev_h 41.32   dev_v 98.84   new_test 41.65   new_test_h 30.62   new_test_v 99.19   save: 41.65 T: 2020-01-13T19:39 
it 3 dev 32.11   dev_h 41.03   dev_v 98.55   new_test 42.62   new_test_h 30.39   new_test_v 99.07   save: 42.62 T: 2020-01-13T19:41 
it 4 dev 30.67   dev_h 41.89   dev_v 98.22   new_test 41.69   new_test_h 30.52   new_test_v 98.63   
it 5 dev 31.94   dev_h 41.10   dev_v 98.36   new_test 43.31   new_test_h 29.98   new_test_v 98.95   
it 6 dev 31.65   dev_h 41.39   dev_v 98.31   new_test 42.90   new_test_h 30.14   new_test_v 98.71   
it 7 dev 31.77   dev_h 41.24   dev_v 98.67   new_test 43.59   new_test_h 29.51   new_test_v 98.71   
it 8 dev 31.46   dev_h 41.49   dev_v 98.46   new_test 43.11   new_test_h 29.93   new_test_v 98.75   
it 9 dev 31.53   dev_h 41.35   dev_v 98.58   new_test 42.82   new_test_h 30.21   new_test_v 98.79   
it 10 dev 31.80   dev_h 41.39   dev_v 98.36   new_test 42.66   new_test_h 30.28   new_test_v 98.79   
it 11 dev 31.22   dev_h 41.69   dev_v 98.48   new_test 42.22   new_test_h 30.59   new_test_v 98.50   
it 12 dev 31.36   dev_h 41.69   dev_v 98.58   new_test 42.18   new_test_h 30.54   new_test_v 98.50   
it 13 dev 31.17   dev_h 41.81   dev_v 98.26   new_test 42.18   new_test_h 30.58   new_test_v 98.46   
