args Namespace(config='configs/config_l.json', dataset='dataset/IFTTT/msr_data.pkl', load_model=None, mode='train', output='model/ifttt/width-56/', width='56')
configure: {'max_word_id': 4000, 'bidirectional': True, 'cell_type': 'gru', 'decoder': 'attention', 'embedding_size': 160, 'keep_prob': 0.45, 'memory_size': 25, 'num_units': 160, 'use_embedding': True, 'epoches': 15, 'batch_size': 32, 'init': {'name': 'random_uniform_initializer', 'scale': 0.1}, 'lr_scheduler': {'decay_steps': 5000, 'init_lr': 0.002, 'decay_rate': 0.9, 'staircase': True}, 'max_grad_norm': 1, 'optimizer': 'AdamOptimizer'}
# path 8549
model/ifttt/width-56/dataset-w-56.pkl
load raw and dump to file
numArcLayers: 5
1 1 56
layer 1 incoming edges: 111
choose: News & information
split the incoming edges: 111 13 98
the value pair of raw_data is: 492
split the outgoings edges: 443 60 386 446
add node: MDDNode(1,u_6) MDDNode(1,u_7), remove node: MDDNode(1,u_1)
1 2 56
layer 1 incoming edges: 98
choose: Photo & video
split the incoming edges: 98 9 89
the value pair of raw_data is: 492
split the outgoings edges: 386 35 351 386
add node: MDDNode(1,u_8) MDDNode(1,u_9), remove node: MDDNode(1,u_7)
1 3 56
layer 1 incoming edges: 89
choose: Others
split the incoming edges: 89 7 82
the value pair of raw_data is: 492
split the outgoings edges: 351 21 335 356
add node: MDDNode(1,u_10) MDDNode(1,u_11), remove node: MDDNode(1,u_9)
1 4 56
layer 1 incoming edges: 82
choose: Social networks
split the incoming edges: 82 7 75
the value pair of raw_data is: 492
split the outgoings edges: 335 55 280 335
add node: MDDNode(1,u_12) MDDNode(1,u_13), remove node: MDDNode(1,u_11)
1 5 56
layer 1 incoming edges: 75
choose: Bookmarking
split the incoming edges: 75 6 69
the value pair of raw_data is: 492
split the outgoings edges: 280 12 268 280
add node: MDDNode(1,u_14) MDDNode(1,u_15), remove node: MDDNode(1,u_13)
1 6 56
layer 1 incoming edges: 69
choose: Shopping
split the incoming edges: 69 6 63
the value pair of raw_data is: 492
split the outgoings edges: 268 23 245 268
add node: MDDNode(1,u_16) MDDNode(1,u_17), remove node: MDDNode(1,u_15)
1 7 56
layer 1 incoming edges: 63
choose: Security & monitoring systems
split the incoming edges: 63 5 58
the value pair of raw_data is: 492
split the outgoings edges: 245 18 228 246
add node: MDDNode(1,u_18) MDDNode(1,u_19), remove node: MDDNode(1,u_17)
1 8 56
layer 1 incoming edges: 58
choose: Finance & payments
split the incoming edges: 58 4 54
the value pair of raw_data is: 492
split the outgoings edges: 228 17 211 228
add node: MDDNode(1,u_20) MDDNode(1,u_21), remove node: MDDNode(1,u_19)
1 9 56
layer 1 incoming edges: 54
choose: Mobile devices & accessories
split the incoming edges: 54 4 50
the value pair of raw_data is: 492
split the outgoings edges: 211 12 199 211
add node: MDDNode(1,u_22) MDDNode(1,u_23), remove node: MDDNode(1,u_21)
1 10 56
layer 1 incoming edges: 50
choose: Health & fitness
split the incoming edges: 50 4 46
the value pair of raw_data is: 492
split the outgoings edges: 199 26 174 200
add node: MDDNode(1,u_24) MDDNode(1,u_25), remove node: MDDNode(1,u_23)
1 11 56
layer 1 incoming edges: 46
choose: Email
split the incoming edges: 46 3 43
the value pair of raw_data is: 492
split the outgoings edges: 174 10 164 174
add node: MDDNode(1,u_26) MDDNode(1,u_27), remove node: MDDNode(1,u_25)
1 12 56
layer 1 incoming edges: 43
choose: Notifications
split the incoming edges: 43 3 40
the value pair of raw_data is: 492
split the outgoings edges: 164 4 160 164
add node: MDDNode(1,u_28) MDDNode(1,u_29), remove node: MDDNode(1,u_27)
1 13 56
layer 1 incoming edges: 40
choose: Gardening
split the incoming edges: 40 3 37
the value pair of raw_data is: 492
split the outgoings edges: 160 9 151 160
add node: MDDNode(1,u_30) MDDNode(1,u_31), remove node: MDDNode(1,u_29)
1 14 56
layer 1 incoming edges: 37
choose: Environment control & monitoring
split the incoming edges: 37 3 34
the value pair of raw_data is: 492
split the outgoings edges: 151 9 144 153
add node: MDDNode(1,u_32) MDDNode(1,u_33), remove node: MDDNode(1,u_31)
1 15 56
layer 1 incoming edges: 34
choose: Blogging
split the incoming edges: 34 3 31
the value pair of raw_data is: 492
split the outgoings edges: 144 13 131 144
add node: MDDNode(1,u_34) MDDNode(1,u_35), remove node: MDDNode(1,u_33)
1 16 56
layer 1 incoming edges: 31
choose: Weather
split the incoming edges: 31 3 28
the value pair of raw_data is: 492
split the outgoings edges: 131 30 105 135
add node: MDDNode(1,u_36) MDDNode(1,u_37), remove node: MDDNode(1,u_35)
1 17 56
layer 1 incoming edges: 28
choose: Smart hubs & systems
split the incoming edges: 28 3 25
the value pair of raw_data is: 492
split the outgoings edges: 105 20 87 107
add node: MDDNode(1,u_38) MDDNode(1,u_39), remove node: MDDNode(1,u_37)
1 18 56
layer 1 incoming edges: 25
choose: Power monitoring & management
split the incoming edges: 25 3 22
the value pair of raw_data is: 492
split the outgoings edges: 87 11 78 89
add node: MDDNode(1,u_40) MDDNode(1,u_41), remove node: MDDNode(1,u_39)
1 19 56
layer 1 incoming edges: 22
choose: DIY electronics
split the incoming edges: 22 2 20
the value pair of raw_data is: 492
split the outgoings edges: 78 2 76 78
add node: MDDNode(1,u_42) MDDNode(1,u_43), remove node: MDDNode(1,u_41)
1 20 56
layer 1 incoming edges: 20
choose: Communication
split the incoming edges: 20 2 18
the value pair of raw_data is: 492
split the outgoings edges: 76 12 64 76
add node: MDDNode(1,u_44) MDDNode(1,u_45), remove node: MDDNode(1,u_43)
1 21 56
layer 1 incoming edges: 18
choose: Appliances
split the incoming edges: 18 2 16
the value pair of raw_data is: 492
split the outgoings edges: 64 2 62 64
add node: MDDNode(1,u_46) MDDNode(1,u_47), remove node: MDDNode(1,u_45)
1 22 56
layer 1 incoming edges: 16
choose: Task management & to-dos
split the incoming edges: 16 2 14
the value pair of raw_data is: 492
split the outgoings edges: 62 11 51 62
add node: MDDNode(1,u_48) MDDNode(1,u_49), remove node: MDDNode(1,u_47)
1 23 56
layer 1 incoming edges: 14
choose: Contacts
split the incoming edges: 14 2 12
the value pair of raw_data is: 492
split the outgoings edges: 51 3 48 51
add node: MDDNode(1,u_50) MDDNode(1,u_51), remove node: MDDNode(1,u_49)
1 24 56
layer 1 incoming edges: 13
only split: [MDDArc('space', MDDNode(0, 's'), MDDNode(1, 'u_6'))]
split the incoming edges: 13 1 12
the value pair of raw_data is: 492
split the outgoings edges: 60 8 52 60
add node: MDDNode(1,u_52) MDDNode(1,u_53), remove node: MDDNode(1,u_6)
1 25 56
layer 1 incoming edges: 12
choose: Connected car
split the incoming edges: 12 2 10
the value pair of raw_data is: 492
split the outgoings edges: 48 10 38 48
add node: MDDNode(1,u_54) MDDNode(1,u_55), remove node: MDDNode(1,u_51)
1 26 56
layer 1 incoming edges: 12
only split: [MDDArc('instyle', MDDNode(0, 's'), MDDNode(1, 'u_53'))]
split the incoming edges: 12 1 11
the value pair of raw_data is: 492
split the outgoings edges: 52 2 52 54
add node: MDDNode(1,u_56) MDDNode(1,u_57), remove node: MDDNode(1,u_53)
1 27 56
layer 1 incoming edges: 11
only split: [MDDArc('the_new_york_times', MDDNode(0, 's'), MDDNode(1, 'u_57'))]
split the incoming edges: 11 1 10
the value pair of raw_data is: 492
split the outgoings edges: 52 8 44 52
add node: MDDNode(1,u_58) MDDNode(1,u_59), remove node: MDDNode(1,u_57)
1 28 56
layer 1 incoming edges: 10
choose: Calendars & scheduling
split the incoming edges: 10 2 8
the value pair of raw_data is: 492
split the outgoings edges: 38 8 30 38
add node: MDDNode(1,u_60) MDDNode(1,u_61), remove node: MDDNode(1,u_55)
1 29 56
layer 1 incoming edges: 10
only split: [MDDArc('digg', MDDNode(0, 's'), MDDNode(1, 'u_59'))]
split the incoming edges: 10 1 9
the value pair of raw_data is: 492
split the outgoings edges: 44 8 36 44
add node: MDDNode(1,u_62) MDDNode(1,u_63), remove node: MDDNode(1,u_59)
1 30 56
layer 1 incoming edges: 9
only split: [MDDArc('flickr', MDDNode(0, 's'), MDDNode(1, 'u_8'))]
split the incoming edges: 9 1 8
the value pair of raw_data is: 492
split the outgoings edges: 35 5 30 35
add node: MDDNode(1,u_64) MDDNode(1,u_65), remove node: MDDNode(1,u_8)
1 31 56
layer 1 incoming edges: 9
only split: [MDDArc('feed', MDDNode(0, 's'), MDDNode(1, 'u_63'))]
split the incoming edges: 9 1 8
the value pair of raw_data is: 492
split the outgoings edges: 36 2 34 36
add node: MDDNode(1,u_66) MDDNode(1,u_67), remove node: MDDNode(1,u_63)
1 32 56
layer 1 incoming edges: 8
choose: Cloud storage
split the incoming edges: 8 1 7
the value pair of raw_data is: 492
split the outgoings edges: 30 2 28 30
add node: MDDNode(1,u_68) MDDNode(1,u_69), remove node: MDDNode(1,u_61)
1 33 56
layer 1 incoming edges: 8
only split: [MDDArc('dailymotion', MDDNode(0, 's'), MDDNode(1, 'u_65'))]
split the incoming edges: 8 1 7
the value pair of raw_data is: 492
split the outgoings edges: 30 3 28 31
add node: MDDNode(1,u_70) MDDNode(1,u_71), remove node: MDDNode(1,u_65)
1 34 56
layer 1 incoming edges: 8
only split: [MDDArc('ifttt', MDDNode(0, 's'), MDDNode(1, 'u_67'))]
split the incoming edges: 8 1 7
the value pair of raw_data is: 492
split the outgoings edges: 34 11 23 34
add node: MDDNode(1,u_72) MDDNode(1,u_73), remove node: MDDNode(1,u_67)
1 35 56
layer 1 incoming edges: 7
only split: [MDDArc('entertainment_weekly', MDDNode(0, 's'), MDDNode(1, 'u_10'))]
split the incoming edges: 7 1 6
the value pair of raw_data is: 492
split the outgoings edges: 21 2 19 21
add node: MDDNode(1,u_74) MDDNode(1,u_75), remove node: MDDNode(1,u_10)
1 36 56
layer 1 incoming edges: 7
only split: [MDDArc('foursquare', MDDNode(0, 's'), MDDNode(1, 'u_12'))]
split the incoming edges: 7 1 6
the value pair of raw_data is: 492
split the outgoings edges: 55 7 48 55
add node: MDDNode(1,u_76) MDDNode(1,u_77), remove node: MDDNode(1,u_12)
1 37 56
layer 1 incoming edges: 7
choose: Location
split the incoming edges: 7 1 6
the value pair of raw_data is: 492
split the outgoings edges: 28 3 25 28
add node: MDDNode(1,u_78) MDDNode(1,u_79), remove node: MDDNode(1,u_69)
1 38 56
layer 1 incoming edges: 7
only split: [MDDArc('giphy', MDDNode(0, 's'), MDDNode(1, 'u_71'))]
split the incoming edges: 7 1 6
the value pair of raw_data is: 492
split the outgoings edges: 28 3 25 28
add node: MDDNode(1,u_80) MDDNode(1,u_81), remove node: MDDNode(1,u_71)
1 39 56
layer 1 incoming edges: 7
only split: [MDDArc('time', MDDNode(0, 's'), MDDNode(1, 'u_73'))]
split the incoming edges: 7 1 6
the value pair of raw_data is: 492
split the outgoings edges: 23 2 23 25
add node: MDDNode(1,u_82) MDDNode(1,u_83), remove node: MDDNode(1,u_73)
1 40 56
layer 1 incoming edges: 6
only split: [MDDArc('pocket', MDDNode(0, 's'), MDDNode(1, 'u_14'))]
split the incoming edges: 6 1 5
the value pair of raw_data is: 492
split the outgoings edges: 12 4 8 12
add node: MDDNode(1,u_84) MDDNode(1,u_85), remove node: MDDNode(1,u_14)
1 41 56
layer 1 incoming edges: 6
only split: [MDDArc('slice', MDDNode(0, 's'), MDDNode(1, 'u_16'))]
split the incoming edges: 6 1 5
the value pair of raw_data is: 492
split the outgoings edges: 23 2 21 23
add node: MDDNode(1,u_86) MDDNode(1,u_87), remove node: MDDNode(1,u_16)
1 42 56
layer 1 incoming edges: 6
only split: [MDDArc('up_by_jawbone', MDDNode(0, 's'), MDDNode(1, 'u_75'))]
split the incoming edges: 6 1 5
the value pair of raw_data is: 492
split the outgoings edges: 19 13 6 19
add node: MDDNode(1,u_88) MDDNode(1,u_89), remove node: MDDNode(1,u_75)
1 43 56
layer 1 incoming edges: 6
only split: [MDDArc('instagram', MDDNode(0, 's'), MDDNode(1, 'u_77'))]
split the incoming edges: 6 1 5
the value pair of raw_data is: 492
split the outgoings edges: 48 12 36 48
add node: MDDNode(1,u_90) MDDNode(1,u_91), remove node: MDDNode(1,u_77)
1 44 56
layer 1 incoming edges: 6
choose: Music
split the incoming edges: 6 1 5
the value pair of raw_data is: 492
split the outgoings edges: 25 4 21 25
add node: MDDNode(1,u_92) MDDNode(1,u_93), remove node: MDDNode(1,u_79)
1 45 56
layer 1 incoming edges: 6
only split: [MDDArc('stockimo', MDDNode(0, 's'), MDDNode(1, 'u_81'))]
split the incoming edges: 6 1 5
the value pair of raw_data is: 492
split the outgoings edges: 25 6 19 25
add node: MDDNode(1,u_94) MDDNode(1,u_95), remove node: MDDNode(1,u_81)
1 46 56
layer 1 incoming edges: 6
only split: [MDDArc('appzapp', MDDNode(0, 's'), MDDNode(1, 'u_83'))]
split the incoming edges: 6 1 5
the value pair of raw_data is: 492
split the outgoings edges: 23 6 17 23
add node: MDDNode(1,u_96) MDDNode(1,u_97), remove node: MDDNode(1,u_83)
1 47 56
layer 1 incoming edges: 5
only split: [MDDArc('myfox_homecontrol', MDDNode(0, 's'), MDDNode(1, 'u_18'))]
split the incoming edges: 5 1 4
the value pair of raw_data is: 492
split the outgoings edges: 18 5 13 18
add node: MDDNode(1,u_98) MDDNode(1,u_99), remove node: MDDNode(1,u_18)
1 48 56
layer 1 incoming edges: 5
only split: [MDDArc('bitly', MDDNode(0, 's'), MDDNode(1, 'u_85'))]
split the incoming edges: 5 1 4
the value pair of raw_data is: 492
split the outgoings edges: 8 1 7 8
add node: MDDNode(1,u_100) MDDNode(1,u_101), remove node: MDDNode(1,u_85)
1 49 56
layer 1 incoming edges: 5
only split: [MDDArc('trackif', MDDNode(0, 's'), MDDNode(1, 'u_87'))]
split the incoming edges: 5 1 4
the value pair of raw_data is: 492
split the outgoings edges: 21 6 15 21
add node: MDDNode(1,u_102) MDDNode(1,u_103), remove node: MDDNode(1,u_87)
1 50 56
layer 1 incoming edges: 5
only split: [MDDArc('yo', MDDNode(0, 's'), MDDNode(1, 'u_89'))]
split the incoming edges: 5 1 4
the value pair of raw_data is: 492
split the outgoings edges: 6 1 5 6
add node: MDDNode(1,u_104) MDDNode(1,u_105), remove node: MDDNode(1,u_89)
1 51 56
layer 1 incoming edges: 5
only split: [MDDArc('facebook_pages', MDDNode(0, 's'), MDDNode(1, 'u_91'))]
split the incoming edges: 5 1 4
the value pair of raw_data is: 492
split the outgoings edges: 36 6 30 36
add node: MDDNode(1,u_106) MDDNode(1,u_107), remove node: MDDNode(1,u_91)
1 52 56
layer 1 incoming edges: 5
choose: Pet trackers
split the incoming edges: 5 1 4
the value pair of raw_data is: 492
split the outgoings edges: 21 8 13 21
add node: MDDNode(1,u_108) MDDNode(1,u_109), remove node: MDDNode(1,u_93)
1 53 56
layer 1 incoming edges: 5
only split: [MDDArc('youtube', MDDNode(0, 's'), MDDNode(1, 'u_95'))]
split the incoming edges: 5 1 4
the value pair of raw_data is: 492
split the outgoings edges: 19 2 18 20
add node: MDDNode(1,u_110) MDDNode(1,u_111), remove node: MDDNode(1,u_95)
1 54 56
layer 1 incoming edges: 5
only split: [MDDArc('feedly', MDDNode(0, 's'), MDDNode(1, 'u_97'))]
split the incoming edges: 5 1 4
the value pair of raw_data is: 492
split the outgoings edges: 17 4 13 17
add node: MDDNode(1,u_112) MDDNode(1,u_113), remove node: MDDNode(1,u_97)
1 55 56
layer 1 incoming edges: 4
only split: [MDDArc('square', MDDNode(0, 's'), MDDNode(1, 'u_20'))]
split the incoming edges: 4 1 3
the value pair of raw_data is: 492
split the outgoings edges: 17 5 12 17
add node: MDDNode(1,u_114) MDDNode(1,u_115), remove node: MDDNode(1,u_20)
dump to the pickle
the graph width list : [1, 56, 1, 1, 1, 1]
it 1 train 0.3423   train_h 0.1644   train_v 0.9354   dev 0.2934   dev_h 0.1767   dev_v 0.9311   new_test 0.3615   new_test_h 0.1596   new_test_v 0.9406   save acc: 0.3615 T: 2020-01-10T09:26 
it 2 train 0.4289   train_h 0.1428   train_v 0.9469   dev 0.3365   dev_h 0.1659   dev_v 0.9426   new_test 0.4319   new_test_h 0.1420   new_test_v 0.9592   save acc: 0.4319 T: 2020-01-10T09:29 
it 3 train 0.4789   train_h 0.1303   train_v 0.9500   dev 0.3455   dev_h 0.1636   dev_v 0.9366   new_test 0.4553   new_test_h 0.1362   new_test_v 0.9535   save acc: 0.4553 T: 2020-01-10T09:32 
it 4 train 0.5211   train_h 0.1197   train_v 0.9516   dev 0.3513   dev_h 0.1622   dev_v 0.9388   new_test 0.4650   new_test_h 0.1337   new_test_v 0.9495   save acc: 0.4650 T: 2020-01-10T09:35 
it 5 train 0.5491   train_h 0.1127   train_v 0.9569   dev 0.3508   dev_h 0.1623   dev_v 0.9388   new_test 0.4735   new_test_h 0.1316   new_test_v 0.9523   
it 6 train 0.5737   train_h 0.1066   train_v 0.9554   dev 0.3488   dev_h 0.1628   dev_v 0.9332   new_test 0.4691   new_test_h 0.1327   new_test_v 0.9543   
it 7 train 0.5899   train_h 0.1025   train_v 0.9585   dev 0.3585   dev_h 0.1604   dev_v 0.9380   new_test 0.4707   new_test_h 0.1323   new_test_v 0.9490   save acc: 0.4707 T: 2020-01-10T09:44 
it 8 train 0.6055   train_h 0.0986   train_v 0.9596   dev 0.3541   dev_h 0.1615   dev_v 0.9349   new_test 0.4662   new_test_h 0.1334   new_test_v 0.9555   
it 9 train 0.6180   train_h 0.0955   train_v 0.9618   dev 0.3474   dev_h 0.1632   dev_v 0.9311   new_test 0.4674   new_test_h 0.1331   new_test_v 0.9495   
it 10 train 0.6262   train_h 0.0935   train_v 0.9621   dev 0.3476   dev_h 0.1631   dev_v 0.9323   new_test 0.4674   new_test_h 0.1331   new_test_v 0.9503   
it 11 train 0.6335   train_h 0.0916   train_v 0.9622   dev 0.3445   dev_h 0.1639   dev_v 0.9351   new_test 0.4670   new_test_h 0.1332   new_test_v 0.9490   
it 12 train 0.6402   train_h 0.0899   train_v 0.9644   dev 0.3419   dev_h 0.1645   dev_v 0.9356   new_test 0.4707   new_test_h 0.1323   new_test_v 0.9515   
it 13 train 0.6454   train_h 0.0886   train_v 0.9656   dev 0.3428   dev_h 0.1643   dev_v 0.9330   new_test 0.4711   new_test_h 0.1322   new_test_v 0.9527   
it 14 train 0.6483   train_h 0.0879   train_v 0.9643   dev 0.3435   dev_h 0.1641   dev_v 0.9320   new_test 0.4687   new_test_h 0.1328   new_test_v 0.9511   
it 15 train 0.6513   train_h 0.0872   train_v 0.9656   dev 0.3423   dev_h 0.1644   dev_v 0.9337   new_test 0.4691   new_test_h 0.1327   new_test_v 0.9531   
it 16 train 0.6541   train_h 0.0865   train_v 0.9646   dev 0.3409   dev_h 0.1648   dev_v 0.9267   new_test 0.4683   new_test_h 0.1329   new_test_v 0.9519   
