args Namespace(config='configs/config_l.json', dataset='dataset/IFTTT/msr_data.pkl', load_model=None, mode='train', output='model/ifttt/width-7/', width='7')
configure: {'max_word_id': 3782, 'bidirectional': True, 'cell_type': 'lstm', 'decoder': 'attention', 'embedding_size': 100, 'keep_prob': 0.75, 'memory_size': 100, 'num_units': 100, 'use_embedding': True, 'epoches': 12, 'batch_size': 20, 'init': {'name': 'random_uniform_initializer', 'scale': 0.1}, 'lr_scheduler': {'decay_steps': 5000, 'init_lr': 0.02, 'decay_rate': 0.9, 'staircase': True}, 'max_grad_norm': 1, 'optimizer': 'AdamOptimizer'}
# path 8549
model/ifttt/width-7/dataset-w-7.pkl
load raw and dump to file
numArcLayers: 5
layer:1, node:MDDNode(1,u_1), in=111, out=443
choose: News & information
split in: 111 -> (98,13)
split out: 443 -> (386,60,446)
add: MDDNode(1,u-6) MDDNode(1,u-7), del:MDDNode(1,u_1)
2 (13,60) (98,386) 
layer:1, node:MDDNode(1,u-7), in=98, out=386
choose: Photo & video
split in: 98 -> (89,9)
split out: 386 -> (351,35,386)
add: MDDNode(1,u-8) MDDNode(1,u-9), del:MDDNode(1,u-7)
3 (13,60) (9,35) (89,351) 
layer:1, node:MDDNode(1,u-9), in=89, out=351
choose: Others
split in: 89 -> (82,7)
split out: 351 -> (335,21,356)
add: MDDNode(1,u-10) MDDNode(1,u-11), del:MDDNode(1,u-9)
4 (13,60) (9,35) (7,21) (82,335) 
layer:1, node:MDDNode(1,u-11), in=82, out=335
choose: Social networks
split in: 82 -> (75,7)
split out: 335 -> (280,55,335)
add: MDDNode(1,u-12) MDDNode(1,u-13), del:MDDNode(1,u-11)
5 (13,60) (9,35) (7,21) (7,55) (75,280) 
layer:1, node:MDDNode(1,u-13), in=75, out=280
choose: Shopping
split in: 75 -> (69,6)
split out: 280 -> (257,23,280)
add: MDDNode(1,u-14) MDDNode(1,u-15), del:MDDNode(1,u-13)
6 (13,60) (9,35) (7,21) (7,55) (6,23) (69,257) 
layer:1, node:MDDNode(1,u-15), in=69, out=257
choose: Bookmarking
split in: 69 -> (63,6)
split out: 257 -> (245,12,257)
add: MDDNode(1,u-16) MDDNode(1,u-17), del:MDDNode(1,u-15)
7 (13,60) (9,35) (7,21) (7,55) (6,23) (6,12) (63,245) 
layer:3, node:MDDNode(3,u_3), in=88, out=161
choose: Notifications
split in: 88 -> (81,7)
split out: 161 -> (154,9,163)
add: MDDNode(3,u-18) MDDNode(3,u-19), del:MDDNode(3,u_3)
2 (7,9) (81,154) 
layer:3, node:MDDNode(3,u-19), in=81, out=154
choose: Social networks
split in: 81 -> (75,6)
split out: 154 -> (141,14,155)
add: MDDNode(3,u-20) MDDNode(3,u-21), del:MDDNode(3,u-19)
3 (7,9) (6,14) (75,141) 
layer:3, node:MDDNode(3,u-21), in=75, out=141
choose: Others
split in: 75 -> (69,6)
split out: 141 -> (131,12,143)
add: MDDNode(3,u-22) MDDNode(3,u-23), del:MDDNode(3,u-21)
4 (7,9) (6,14) (6,12) (69,131) 
layer:3, node:MDDNode(3,u-23), in=69, out=131
choose: Bookmarking
split in: 69 -> (63,6)
split out: 131 -> (125,7,132)
add: MDDNode(3,u-24) MDDNode(3,u-25), del:MDDNode(3,u-23)
5 (7,9) (6,14) (6,12) (6,7) (63,125) 
layer:3, node:MDDNode(3,u-25), in=63, out=125
choose: Power monitoring & management
split in: 63 -> (59,4)
split out: 125 -> (121,9,130)
add: MDDNode(3,u-26) MDDNode(3,u-27), del:MDDNode(3,u-25)
6 (7,9) (6,14) (6,12) (6,7) (4,9) (59,121) 
layer:3, node:MDDNode(3,u-27), in=59, out=121
choose: Communication
split in: 59 -> (55,4)
split out: 121 -> (117,4,121)
add: MDDNode(3,u-28) MDDNode(3,u-29), del:MDDNode(3,u-27)
7 (7,9) (6,14) (6,12) (6,7) (4,9) (4,4) (55,117) 
=profile=
(0, 111) 
(13, 60) (9, 35) (7, 21) (7, 55) (6, 23) (6, 12) (63, 245) 
(451, 88) 
(7, 9) (6, 14) (6, 12) (6, 7) (4, 9) (4, 4) (55, 117) 
(172, 1) 
(1, 0) 
dump to the pickle
the graph width list : [1, 7, 1, 7, 1, 1]
it 1 dev 26.98   dev_h 43.68   dev_v 90.24   new_test 35.18   new_test_h 33.46   new_test_v 91.91   save: 35.18 T: 2020-01-13T01:49 
it 2 dev 30.64   dev_h 41.12   dev_v 93.11   new_test 40.76   new_test_h 30.66   new_test_v 93.45   save: 40.76 T: 2020-01-13T01:51 
it 3 dev 30.35   dev_h 41.63   dev_v 91.25   new_test 41.21   new_test_h 30.76   new_test_v 93.65   
it 4 dev 30.74   dev_h 41.24   dev_v 91.95   new_test 40.80   new_test_h 30.45   new_test_v 93.41   save: 40.80 T: 2020-01-13T01:53 
it 5 dev 30.69   dev_h 41.18   dev_v 92.31   new_test 42.50   new_test_h 29.83   new_test_v 93.17   
it 6 dev 30.91   dev_h 41.26   dev_v 92.07   new_test 43.23   new_test_h 29.66   new_test_v 93.49   save: 43.23 T: 2020-01-13T01:56 
it 7 dev 31.53   dev_h 40.84   dev_v 92.31   new_test 42.82   new_test_h 29.67   new_test_v 93.49   save: 42.82 T: 2020-01-13T01:57 
it 8 dev 30.86   dev_h 41.33   dev_v 92.02   new_test 43.19   new_test_h 29.74   new_test_v 93.97   
it 9 dev 31.05   dev_h 41.31   dev_v 91.76   new_test 43.02   new_test_h 29.70   new_test_v 93.73   
it 10 dev 31.20   dev_h 41.23   dev_v 91.66   new_test 42.82   new_test_h 30.08   new_test_v 93.49   
it 11 dev 30.74   dev_h 41.54   dev_v 91.49   new_test 42.98   new_test_h 30.00   new_test_v 93.45   
it 12 dev 30.76   dev_h 41.53   dev_v 91.30   new_test 42.70   new_test_h 30.13   new_test_v 93.65   
it 13 dev 30.83   dev_h 41.49   dev_v 91.47   new_test 43.19   new_test_h 29.97   new_test_v 93.00   
