args Namespace(config='configs/config_l.json', dataset='dataset/IFTTT/msr_data.pkl', load_model=None, mode='train', output='model/ifttt/width-7/', width='7')
configure: {'max_word_id': 4000, 'bidirectional': True, 'cell_type': 'gru', 'decoder': 'attention', 'embedding_size': 160, 'keep_prob': 0.45, 'memory_size': 25, 'num_units': 160, 'use_embedding': True, 'epoches': 15, 'batch_size': 32, 'init': {'name': 'random_uniform_initializer', 'scale': 0.1}, 'lr_scheduler': {'decay_steps': 5000, 'init_lr': 0.002, 'decay_rate': 0.9, 'staircase': True}, 'max_grad_norm': 1, 'optimizer': 'AdamOptimizer'}
# path 8549
model/ifttt/width-7/dataset-w-7.pkl
load raw and dump to file
numArcLayers: 5
1 1 7
layer 1 incoming edges: 111
choose: News & information
split the incoming edges: 111 13 98
the value pair of raw_data is: 492
split the outgoings edges: 443 60 386 446
add node: MDDNode(1,u_6) MDDNode(1,u_7), remove node: MDDNode(1,u_1)
1 2 7
layer 1 incoming edges: 98
choose: Photo & video
split the incoming edges: 98 9 89
the value pair of raw_data is: 492
split the outgoings edges: 386 35 351 386
add node: MDDNode(1,u_8) MDDNode(1,u_9), remove node: MDDNode(1,u_7)
1 3 7
layer 1 incoming edges: 89
choose: Social networks
split the incoming edges: 89 7 82
the value pair of raw_data is: 492
split the outgoings edges: 351 55 296 351
add node: MDDNode(1,u_10) MDDNode(1,u_11), remove node: MDDNode(1,u_9)
1 4 7
layer 1 incoming edges: 82
choose: Others
split the incoming edges: 82 7 75
the value pair of raw_data is: 492
split the outgoings edges: 296 21 280 301
add node: MDDNode(1,u_12) MDDNode(1,u_13), remove node: MDDNode(1,u_11)
1 5 7
layer 1 incoming edges: 75
choose: Shopping
split the incoming edges: 75 6 69
the value pair of raw_data is: 492
split the outgoings edges: 280 23 257 280
add node: MDDNode(1,u_14) MDDNode(1,u_15), remove node: MDDNode(1,u_13)
1 6 7
layer 1 incoming edges: 69
choose: Bookmarking
split the incoming edges: 69 6 63
the value pair of raw_data is: 492
split the outgoings edges: 257 12 245 257
add node: MDDNode(1,u_16) MDDNode(1,u_17), remove node: MDDNode(1,u_15)
dump to the pickle
the graph width list : [1, 7, 1, 1, 1, 1]
it 1 train 0.3320   train_h 0.1670   train_v 0.9045   dev 0.2866   dev_h 0.1783   dev_v 0.8939   new_test 0.3558   new_test_h 0.1610   new_test_v 0.9187   save acc: 0.3558 T: 2020-01-10T05:31 
it 2 train 0.4190   train_h 0.1452   train_v 0.9221   dev 0.3300   dev_h 0.1675   dev_v 0.9103   new_test 0.4335   new_test_h 0.1416   new_test_v 0.9272   save acc: 0.4335 T: 2020-01-10T05:35 
it 3 train 0.4699   train_h 0.1325   train_v 0.9253   dev 0.3409   dev_h 0.1648   dev_v 0.9091   new_test 0.4545   new_test_h 0.1364   new_test_v 0.9260   save acc: 0.4545 T: 2020-01-10T05:38 
it 4 train 0.5074   train_h 0.1232   train_v 0.9287   dev 0.3409   dev_h 0.1648   dev_v 0.9091   new_test 0.4428   new_test_h 0.1393   new_test_v 0.9292   
it 5 train 0.5352   train_h 0.1162   train_v 0.9335   dev 0.3472   dev_h 0.1632   dev_v 0.9077   new_test 0.4513   new_test_h 0.1372   new_test_v 0.9147   save acc: 0.4513 T: 2020-01-10T05:44 
it 6 train 0.5600   train_h 0.1100   train_v 0.9355   dev 0.3397   dev_h 0.1651   dev_v 0.9028   new_test 0.4400   new_test_h 0.1400   new_test_v 0.9167   
it 7 train 0.5781   train_h 0.1055   train_v 0.9411   dev 0.3481   dev_h 0.1630   dev_v 0.9033   new_test 0.4452   new_test_h 0.1387   new_test_v 0.9094   save acc: 0.4452 T: 2020-01-10T05:51 
it 8 train 0.5924   train_h 0.1019   train_v 0.9419   dev 0.3455   dev_h 0.1636   dev_v 0.9067   new_test 0.4488   new_test_h 0.1378   new_test_v 0.9377   
it 9 train 0.6056   train_h 0.0986   train_v 0.9429   dev 0.3445   dev_h 0.1639   dev_v 0.9101   new_test 0.4367   new_test_h 0.1408   new_test_v 0.9236   
it 10 train 0.6155   train_h 0.0961   train_v 0.9465   dev 0.3455   dev_h 0.1636   dev_v 0.9036   new_test 0.4395   new_test_h 0.1401   new_test_v 0.9135   
it 11 train 0.6234   train_h 0.0942   train_v 0.9471   dev 0.3385   dev_h 0.1654   dev_v 0.9041   new_test 0.4420   new_test_h 0.1395   new_test_v 0.9321   
it 12 train 0.6286   train_h 0.0929   train_v 0.9460   dev 0.3459   dev_h 0.1635   dev_v 0.9069   new_test 0.4355   new_test_h 0.1411   new_test_v 0.9106   
it 13 train 0.6337   train_h 0.0916   train_v 0.9507   dev 0.3402   dev_h 0.1650   dev_v 0.9038   new_test 0.4444   new_test_h 0.1389   new_test_v 0.9317   
it 14 train 0.6376   train_h 0.0906   train_v 0.9518   dev 0.3390   dev_h 0.1653   dev_v 0.9060   new_test 0.4383   new_test_h 0.1404   new_test_v 0.9288   
it 15 train 0.6410   train_h 0.0897   train_v 0.9517   dev 0.3392   dev_h 0.1652   dev_v 0.9055   new_test 0.4400   new_test_h 0.1400   new_test_v 0.9163   
it 16 train 0.6435   train_h 0.0891   train_v 0.9512   dev 0.3390   dev_h 0.1653   dev_v 0.9050   new_test 0.4371   new_test_h 0.1407   new_test_v 0.9127   
