args Namespace(config='configs/config_l.json', dataset='dataset/IFTTT/msr_data.pkl', load_model=None, mode='train', output='model/ifttt/width-68/', width='68')
configure: {'max_word_id': 4000, 'bidirectional': True, 'cell_type': 'gru', 'decoder': 'attention', 'embedding_size': 160, 'keep_prob': 0.45, 'memory_size': 25, 'num_units': 160, 'use_embedding': True, 'epoches': 15, 'batch_size': 32, 'init': {'name': 'random_uniform_initializer', 'scale': 0.1}, 'lr_scheduler': {'decay_steps': 5000, 'init_lr': 0.002, 'decay_rate': 0.9, 'staircase': True}, 'max_grad_norm': 1, 'optimizer': 'AdamOptimizer'}
# path 8549
model/ifttt/width-68/dataset-w-68.pkl
load raw and dump to file
numArcLayers: 5
1 1 68
layer 1 incoming edges: 111
choose: News & information
split the incoming edges: 111 13 98
the value pair of raw_data is: 492
split the outgoings edges: 443 60 386 446
add node: MDDNode(1,u_6) MDDNode(1,u_7), remove node: MDDNode(1,u_1)
1 2 68
layer 1 incoming edges: 98
choose: Photo & video
split the incoming edges: 98 9 89
the value pair of raw_data is: 492
split the outgoings edges: 386 35 351 386
add node: MDDNode(1,u_8) MDDNode(1,u_9), remove node: MDDNode(1,u_7)
1 3 68
layer 1 incoming edges: 89
choose: Social networks
split the incoming edges: 89 7 82
the value pair of raw_data is: 492
split the outgoings edges: 351 55 296 351
add node: MDDNode(1,u_10) MDDNode(1,u_11), remove node: MDDNode(1,u_9)
1 4 68
layer 1 incoming edges: 82
choose: Others
split the incoming edges: 82 7 75
the value pair of raw_data is: 492
split the outgoings edges: 296 21 280 301
add node: MDDNode(1,u_12) MDDNode(1,u_13), remove node: MDDNode(1,u_11)
1 5 68
layer 1 incoming edges: 75
choose: Shopping
split the incoming edges: 75 6 69
the value pair of raw_data is: 492
split the outgoings edges: 280 23 257 280
add node: MDDNode(1,u_14) MDDNode(1,u_15), remove node: MDDNode(1,u_13)
1 6 68
layer 1 incoming edges: 69
choose: Bookmarking
split the incoming edges: 69 6 63
the value pair of raw_data is: 492
split the outgoings edges: 257 12 245 257
add node: MDDNode(1,u_16) MDDNode(1,u_17), remove node: MDDNode(1,u_15)
1 7 68
layer 1 incoming edges: 63
choose: Security & monitoring systems
split the incoming edges: 63 5 58
the value pair of raw_data is: 492
split the outgoings edges: 245 18 228 246
add node: MDDNode(1,u_18) MDDNode(1,u_19), remove node: MDDNode(1,u_17)
1 8 68
layer 1 incoming edges: 58
choose: Mobile devices & accessories
split the incoming edges: 58 4 54
the value pair of raw_data is: 492
split the outgoings edges: 228 12 216 228
add node: MDDNode(1,u_20) MDDNode(1,u_21), remove node: MDDNode(1,u_19)
1 9 68
layer 1 incoming edges: 54
choose: Health & fitness
split the incoming edges: 54 4 50
the value pair of raw_data is: 492
split the outgoings edges: 216 26 191 217
add node: MDDNode(1,u_22) MDDNode(1,u_23), remove node: MDDNode(1,u_21)
1 10 68
layer 1 incoming edges: 50
choose: Finance & payments
split the incoming edges: 50 4 46
the value pair of raw_data is: 492
split the outgoings edges: 191 17 174 191
add node: MDDNode(1,u_24) MDDNode(1,u_25), remove node: MDDNode(1,u_23)
1 11 68
layer 1 incoming edges: 46
choose: Email
split the incoming edges: 46 3 43
the value pair of raw_data is: 492
split the outgoings edges: 174 10 164 174
add node: MDDNode(1,u_26) MDDNode(1,u_27), remove node: MDDNode(1,u_25)
1 12 68
layer 1 incoming edges: 43
choose: Environment control & monitoring
split the incoming edges: 43 3 40
the value pair of raw_data is: 492
split the outgoings edges: 164 9 157 166
add node: MDDNode(1,u_28) MDDNode(1,u_29), remove node: MDDNode(1,u_27)
1 13 68
layer 1 incoming edges: 40
choose: Smart hubs & systems
split the incoming edges: 40 3 37
the value pair of raw_data is: 492
split the outgoings edges: 157 20 143 163
add node: MDDNode(1,u_30) MDDNode(1,u_31), remove node: MDDNode(1,u_29)
1 14 68
layer 1 incoming edges: 37
choose: Notifications
split the incoming edges: 37 3 34
the value pair of raw_data is: 492
split the outgoings edges: 143 4 139 143
add node: MDDNode(1,u_32) MDDNode(1,u_33), remove node: MDDNode(1,u_31)
1 15 68
layer 1 incoming edges: 34
choose: Blogging
split the incoming edges: 34 3 31
the value pair of raw_data is: 492
split the outgoings edges: 139 13 126 139
add node: MDDNode(1,u_34) MDDNode(1,u_35), remove node: MDDNode(1,u_33)
1 16 68
layer 1 incoming edges: 31
choose: Gardening
split the incoming edges: 31 3 28
the value pair of raw_data is: 492
split the outgoings edges: 126 9 117 126
add node: MDDNode(1,u_36) MDDNode(1,u_37), remove node: MDDNode(1,u_35)
1 17 68
layer 1 incoming edges: 28
choose: Weather
split the incoming edges: 28 3 25
the value pair of raw_data is: 492
split the outgoings edges: 117 30 87 117
add node: MDDNode(1,u_38) MDDNode(1,u_39), remove node: MDDNode(1,u_37)
1 18 68
layer 1 incoming edges: 25
choose: Power monitoring & management
split the incoming edges: 25 3 22
the value pair of raw_data is: 492
split the outgoings edges: 87 11 78 89
add node: MDDNode(1,u_40) MDDNode(1,u_41), remove node: MDDNode(1,u_39)
1 19 68
layer 1 incoming edges: 22
choose: Calendars & scheduling
split the incoming edges: 22 2 20
the value pair of raw_data is: 492
split the outgoings edges: 78 8 70 78
add node: MDDNode(1,u_42) MDDNode(1,u_43), remove node: MDDNode(1,u_41)
1 20 68
layer 1 incoming edges: 20
choose: Contacts
split the incoming edges: 20 2 18
the value pair of raw_data is: 492
split the outgoings edges: 70 3 67 70
add node: MDDNode(1,u_44) MDDNode(1,u_45), remove node: MDDNode(1,u_43)
1 21 68
layer 1 incoming edges: 18
choose: DIY electronics
split the incoming edges: 18 2 16
the value pair of raw_data is: 492
split the outgoings edges: 67 2 65 67
add node: MDDNode(1,u_46) MDDNode(1,u_47), remove node: MDDNode(1,u_45)
1 22 68
layer 1 incoming edges: 16
choose: Task management & to-dos
split the incoming edges: 16 2 14
the value pair of raw_data is: 492
split the outgoings edges: 65 11 54 65
add node: MDDNode(1,u_48) MDDNode(1,u_49), remove node: MDDNode(1,u_47)
1 23 68
layer 1 incoming edges: 14
choose: Appliances
split the incoming edges: 14 2 12
the value pair of raw_data is: 492
split the outgoings edges: 54 2 52 54
add node: MDDNode(1,u_50) MDDNode(1,u_51), remove node: MDDNode(1,u_49)
1 24 68
layer 1 incoming edges: 13
only split: [MDDArc('space', MDDNode(0, 's'), MDDNode(1, 'u_6'))]
split the incoming edges: 13 1 12
the value pair of raw_data is: 492
split the outgoings edges: 60 8 52 60
add node: MDDNode(1,u_52) MDDNode(1,u_53), remove node: MDDNode(1,u_6)
1 25 68
layer 1 incoming edges: 12
choose: Communication
split the incoming edges: 12 2 10
the value pair of raw_data is: 492
split the outgoings edges: 52 12 40 52
add node: MDDNode(1,u_54) MDDNode(1,u_55), remove node: MDDNode(1,u_51)
1 26 68
layer 1 incoming edges: 12
only split: [MDDArc('appzapp', MDDNode(0, 's'), MDDNode(1, 'u_53'))]
split the incoming edges: 12 1 11
the value pair of raw_data is: 492
split the outgoings edges: 52 6 46 52
add node: MDDNode(1,u_56) MDDNode(1,u_57), remove node: MDDNode(1,u_53)
1 27 68
layer 1 incoming edges: 11
only split: [MDDArc('time', MDDNode(0, 's'), MDDNode(1, 'u_57'))]
split the incoming edges: 11 1 10
the value pair of raw_data is: 492
split the outgoings edges: 46 2 46 48
add node: MDDNode(1,u_58) MDDNode(1,u_59), remove node: MDDNode(1,u_57)
1 28 68
layer 1 incoming edges: 10
choose: Connected car
split the incoming edges: 10 2 8
the value pair of raw_data is: 492
split the outgoings edges: 40 10 30 40
add node: MDDNode(1,u_60) MDDNode(1,u_61), remove node: MDDNode(1,u_55)
1 29 68
layer 1 incoming edges: 10
only split: [MDDArc('feedly', MDDNode(0, 's'), MDDNode(1, 'u_59'))]
split the incoming edges: 10 1 9
the value pair of raw_data is: 492
split the outgoings edges: 46 4 42 46
add node: MDDNode(1,u_62) MDDNode(1,u_63), remove node: MDDNode(1,u_59)
1 30 68
layer 1 incoming edges: 9
only split: [MDDArc('dailymotion', MDDNode(0, 's'), MDDNode(1, 'u_8'))]
split the incoming edges: 9 1 8
the value pair of raw_data is: 492
split the outgoings edges: 35 3 33 36
add node: MDDNode(1,u_64) MDDNode(1,u_65), remove node: MDDNode(1,u_8)
1 31 68
layer 1 incoming edges: 9
only split: [MDDArc('the_new_york_times', MDDNode(0, 's'), MDDNode(1, 'u_63'))]
split the incoming edges: 9 1 8
the value pair of raw_data is: 492
split the outgoings edges: 42 8 34 42
add node: MDDNode(1,u_66) MDDNode(1,u_67), remove node: MDDNode(1,u_63)
1 32 68
layer 1 incoming edges: 8
choose: Journaling & personal data
split the incoming edges: 8 1 7
the value pair of raw_data is: 492
split the outgoings edges: 30 3 27 30
add node: MDDNode(1,u_68) MDDNode(1,u_69), remove node: MDDNode(1,u_61)
1 33 68
layer 1 incoming edges: 8
only split: [MDDArc('youtube', MDDNode(0, 's'), MDDNode(1, 'u_65'))]
split the incoming edges: 8 1 7
the value pair of raw_data is: 492
split the outgoings edges: 33 2 32 34
add node: MDDNode(1,u_70) MDDNode(1,u_71), remove node: MDDNode(1,u_65)
1 34 68
layer 1 incoming edges: 8
only split: [MDDArc('instyle', MDDNode(0, 's'), MDDNode(1, 'u_67'))]
split the incoming edges: 8 1 7
the value pair of raw_data is: 492
split the outgoings edges: 34 2 34 36
add node: MDDNode(1,u_72) MDDNode(1,u_73), remove node: MDDNode(1,u_67)
1 35 68
layer 1 incoming edges: 7
only split: [MDDArc('sina_weibo', MDDNode(0, 's'), MDDNode(1, 'u_10'))]
split the incoming edges: 7 1 6
the value pair of raw_data is: 492
split the outgoings edges: 55 2 54 56
add node: MDDNode(1,u_74) MDDNode(1,u_75), remove node: MDDNode(1,u_10)
1 36 68
layer 1 incoming edges: 7
only split: [MDDArc('chain', MDDNode(0, 's'), MDDNode(1, 'u_12'))]
split the incoming edges: 7 1 6
the value pair of raw_data is: 492
split the outgoings edges: 21 1 20 21
add node: MDDNode(1,u_76) MDDNode(1,u_77), remove node: MDDNode(1,u_12)
1 37 68
layer 1 incoming edges: 7
choose: Pet trackers
split the incoming edges: 7 1 6
the value pair of raw_data is: 492
split the outgoings edges: 27 8 19 27
add node: MDDNode(1,u_78) MDDNode(1,u_79), remove node: MDDNode(1,u_69)
1 38 68
layer 1 incoming edges: 7
only split: [MDDArc('500px', MDDNode(0, 's'), MDDNode(1, 'u_71'))]
split the incoming edges: 7 1 6
the value pair of raw_data is: 492
split the outgoings edges: 32 6 26 32
add node: MDDNode(1,u_80) MDDNode(1,u_81), remove node: MDDNode(1,u_71)
1 39 68
layer 1 incoming edges: 7
only split: [MDDArc('digg', MDDNode(0, 's'), MDDNode(1, 'u_73'))]
split the incoming edges: 7 1 6
the value pair of raw_data is: 492
split the outgoings edges: 34 8 26 34
add node: MDDNode(1,u_82) MDDNode(1,u_83), remove node: MDDNode(1,u_73)
1 40 68
layer 1 incoming edges: 6
only split: [MDDArc('boxoh_package_tracking', MDDNode(0, 's'), MDDNode(1, 'u_14'))]
split the incoming edges: 6 1 5
the value pair of raw_data is: 492
split the outgoings edges: 23 1 22 23
add node: MDDNode(1,u_84) MDDNode(1,u_85), remove node: MDDNode(1,u_14)
1 41 68
layer 1 incoming edges: 6
only split: [MDDArc('pinboard', MDDNode(0, 's'), MDDNode(1, 'u_16'))]
split the incoming edges: 6 1 5
the value pair of raw_data is: 492
split the outgoings edges: 12 2 12 14
add node: MDDNode(1,u_86) MDDNode(1,u_87), remove node: MDDNode(1,u_16)
1 42 68
layer 1 incoming edges: 6
only split: [MDDArc('facebook', MDDNode(0, 's'), MDDNode(1, 'u_75'))]
split the incoming edges: 6 1 5
the value pair of raw_data is: 492
split the outgoings edges: 54 10 44 54
add node: MDDNode(1,u_88) MDDNode(1,u_89), remove node: MDDNode(1,u_75)
1 43 68
layer 1 incoming edges: 6
only split: [MDDArc('yo', MDDNode(0, 's'), MDDNode(1, 'u_77'))]
split the incoming edges: 6 1 5
the value pair of raw_data is: 492
split the outgoings edges: 20 1 19 20
add node: MDDNode(1,u_90) MDDNode(1,u_91), remove node: MDDNode(1,u_77)
1 44 68
layer 1 incoming edges: 6
choose: Music
split the incoming edges: 6 1 5
the value pair of raw_data is: 492
split the outgoings edges: 19 4 15 19
add node: MDDNode(1,u_92) MDDNode(1,u_93), remove node: MDDNode(1,u_79)
1 45 68
layer 1 incoming edges: 6
only split: [MDDArc('vimeo', MDDNode(0, 's'), MDDNode(1, 'u_81'))]
split the incoming edges: 6 1 5
the value pair of raw_data is: 492
split the outgoings edges: 26 6 20 26
add node: MDDNode(1,u_94) MDDNode(1,u_95), remove node: MDDNode(1,u_81)
1 46 68
layer 1 incoming edges: 6
only split: [MDDArc('espn', MDDNode(0, 's'), MDDNode(1, 'u_83'))]
split the incoming edges: 6 1 5
the value pair of raw_data is: 492
split the outgoings edges: 26 6 20 26
add node: MDDNode(1,u_96) MDDNode(1,u_97), remove node: MDDNode(1,u_83)
1 47 68
layer 1 incoming edges: 5
only split: [MDDArc('garageio', MDDNode(0, 's'), MDDNode(1, 'u_18'))]
split the incoming edges: 5 1 4
the value pair of raw_data is: 492
split the outgoings edges: 18 1 17 18
add node: MDDNode(1,u_98) MDDNode(1,u_99), remove node: MDDNode(1,u_18)
1 48 68
layer 1 incoming edges: 5
only split: [MDDArc('fiverr', MDDNode(0, 's'), MDDNode(1, 'u_85'))]
split the incoming edges: 5 1 4
the value pair of raw_data is: 492
split the outgoings edges: 22 9 13 22
add node: MDDNode(1,u_100) MDDNode(1,u_101), remove node: MDDNode(1,u_85)
1 49 68
layer 1 incoming edges: 5
only split: [MDDArc('delicious', MDDNode(0, 's'), MDDNode(1, 'u_87'))]
split the incoming edges: 5 1 4
the value pair of raw_data is: 492
split the outgoings edges: 12 2 12 14
add node: MDDNode(1,u_102) MDDNode(1,u_103), remove node: MDDNode(1,u_87)
1 50 68
layer 1 incoming edges: 5
only split: [MDDArc('twitter', MDDNode(0, 's'), MDDNode(1, 'u_89'))]
split the incoming edges: 5 1 4
the value pair of raw_data is: 492
split the outgoings edges: 44 10 34 44
add node: MDDNode(1,u_104) MDDNode(1,u_105), remove node: MDDNode(1,u_89)
1 51 68
layer 1 incoming edges: 5
only split: [MDDArc('ubi', MDDNode(0, 's'), MDDNode(1, 'u_91'))]
split the incoming edges: 5 1 4
the value pair of raw_data is: 492
split the outgoings edges: 19 1 18 19
add node: MDDNode(1,u_106) MDDNode(1,u_107), remove node: MDDNode(1,u_91)
1 52 68
layer 1 incoming edges: 5
choose: Cloud storage
split the incoming edges: 5 1 4
the value pair of raw_data is: 492
split the outgoings edges: 15 2 13 15
add node: MDDNode(1,u_108) MDDNode(1,u_109), remove node: MDDNode(1,u_93)
1 53 68
layer 1 incoming edges: 5
only split: [MDDArc('flickr', MDDNode(0, 's'), MDDNode(1, 'u_95'))]
split the incoming edges: 5 1 4
the value pair of raw_data is: 492
split the outgoings edges: 20 5 15 20
add node: MDDNode(1,u_110) MDDNode(1,u_111), remove node: MDDNode(1,u_95)
1 54 68
layer 1 incoming edges: 5
only split: [MDDArc('craigslist', MDDNode(0, 's'), MDDNode(1, 'u_97'))]
split the incoming edges: 5 1 4
the value pair of raw_data is: 492
split the outgoings edges: 20 1 19 20
add node: MDDNode(1,u_112) MDDNode(1,u_113), remove node: MDDNode(1,u_97)
1 55 68
layer 1 incoming edges: 4
only split: [MDDArc('ios_reminders', MDDNode(0, 's'), MDDNode(1, 'u_20'))]
split the incoming edges: 4 1 3
the value pair of raw_data is: 492
split the outgoings edges: 12 4 8 12
add node: MDDNode(1,u_114) MDDNode(1,u_115), remove node: MDDNode(1,u_20)
1 56 68
layer 1 incoming edges: 4
only split: [MDDArc('nike+', MDDNode(0, 's'), MDDNode(1, 'u_22'))]
split the incoming edges: 4 1 3
the value pair of raw_data is: 492
split the outgoings edges: 26 6 20 26
add node: MDDNode(1,u_116) MDDNode(1,u_117), remove node: MDDNode(1,u_22)
1 57 68
layer 1 incoming edges: 4
only split: [MDDArc('gumroad', MDDNode(0, 's'), MDDNode(1, 'u_24'))]
split the incoming edges: 4 1 3
the value pair of raw_data is: 492
split the outgoings edges: 17 1 16 17
add node: MDDNode(1,u_118) MDDNode(1,u_119), remove node: MDDNode(1,u_24)
1 58 68
layer 1 incoming edges: 4
only split: [MDDArc('manything', MDDNode(0, 's'), MDDNode(1, 'u_99'))]
split the incoming edges: 4 1 3
the value pair of raw_data is: 492
split the outgoings edges: 17 3 14 17
add node: MDDNode(1,u_120) MDDNode(1,u_121), remove node: MDDNode(1,u_99)
1 59 68
layer 1 incoming edges: 4
only split: [MDDArc('ebay', MDDNode(0, 's'), MDDNode(1, 'u_101'))]
split the incoming edges: 4 1 3
the value pair of raw_data is: 492
split the outgoings edges: 13 1 12 13
add node: MDDNode(1,u_122) MDDNode(1,u_123), remove node: MDDNode(1,u_101)
1 60 68
layer 1 incoming edges: 4
only split: [MDDArc('diigo', MDDNode(0, 's'), MDDNode(1, 'u_103'))]
split the incoming edges: 4 1 3
the value pair of raw_data is: 492
split the outgoings edges: 12 2 10 12
add node: MDDNode(1,u_124) MDDNode(1,u_125), remove node: MDDNode(1,u_103)
1 61 68
layer 1 incoming edges: 4
only split: [MDDArc('facebook_pages', MDDNode(0, 's'), MDDNode(1, 'u_105'))]
split the incoming edges: 4 1 3
the value pair of raw_data is: 492
split the outgoings edges: 34 6 28 34
add node: MDDNode(1,u_126) MDDNode(1,u_127), remove node: MDDNode(1,u_105)
1 62 68
layer 1 incoming edges: 4
only split: [MDDArc('launch_center', MDDNode(0, 's'), MDDNode(1, 'u_107'))]
split the incoming edges: 4 1 3
the value pair of raw_data is: 492
split the outgoings edges: 18 1 17 18
add node: MDDNode(1,u_128) MDDNode(1,u_129), remove node: MDDNode(1,u_107)
1 63 68
layer 1 incoming edges: 4
choose: Business tools
split the incoming edges: 4 1 3
the value pair of raw_data is: 492
split the outgoings edges: 13 2 11 13
add node: MDDNode(1,u_130) MDDNode(1,u_131), remove node: MDDNode(1,u_109)
1 64 68
layer 1 incoming edges: 4
only split: [MDDArc('giphy', MDDNode(0, 's'), MDDNode(1, 'u_111'))]
split the incoming edges: 4 1 3
the value pair of raw_data is: 492
split the outgoings edges: 15 3 12 15
add node: MDDNode(1,u_132) MDDNode(1,u_133), remove node: MDDNode(1,u_111)
1 65 68
layer 1 incoming edges: 4
only split: [MDDArc('ifttt', MDDNode(0, 's'), MDDNode(1, 'u_113'))]
split the incoming edges: 4 1 3
the value pair of raw_data is: 492
split the outgoings edges: 19 11 8 19
add node: MDDNode(1,u_134) MDDNode(1,u_135), remove node: MDDNode(1,u_113)
1 66 68
layer 1 incoming edges: 3
only split: [MDDArc('email', MDDNode(0, 's'), MDDNode(1, 'u_26'))]
split the incoming edges: 3 1 2
the value pair of raw_data is: 492
split the outgoings edges: 10 2 8 10
add node: MDDNode(1,u_136) MDDNode(1,u_137), remove node: MDDNode(1,u_26)
1 67 68
layer 1 incoming edges: 3
only split: [MDDArc('nest_protect', MDDNode(0, 's'), MDDNode(1, 'u_28'))]
split the incoming edges: 3 1 2
the value pair of raw_data is: 492
split the outgoings edges: 9 5 4 9
add node: MDDNode(1,u_138) MDDNode(1,u_139), remove node: MDDNode(1,u_28)
dump to the pickle
the graph width list : [1, 68, 1, 1, 1, 1]
it 1 train 0.3396   train_h 0.1651   train_v 0.9395   dev 0.2936   dev_h 0.1766   dev_v 0.9351   new_test 0.3506   new_test_h 0.1624   new_test_v 0.9406   save acc: 0.3506 T: 2020-01-10T16:31 
it 2 train 0.4292   train_h 0.1427   train_v 0.9502   dev 0.3324   dev_h 0.1669   dev_v 0.9397   new_test 0.4311   new_test_h 0.1422   new_test_v 0.9592   save acc: 0.4311 T: 2020-01-10T16:33 
it 3 train 0.4768   train_h 0.1308   train_v 0.9520   dev 0.3435   dev_h 0.1641   dev_v 0.9388   new_test 0.4590   new_test_h 0.1353   new_test_v 0.9474   save acc: 0.4590 T: 2020-01-10T16:35 
it 4 train 0.5171   train_h 0.1207   train_v 0.9526   dev 0.3488   dev_h 0.1628   dev_v 0.9400   new_test 0.4606   new_test_h 0.1349   new_test_v 0.9490   save acc: 0.4606 T: 2020-01-10T16:37 
it 5 train 0.5492   train_h 0.1127   train_v 0.9580   dev 0.3551   dev_h 0.1612   dev_v 0.9419   new_test 0.4743   new_test_h 0.1314   new_test_v 0.9596   save acc: 0.4743 T: 2020-01-10T16:38 
it 6 train 0.5733   train_h 0.1067   train_v 0.9588   dev 0.3450   dev_h 0.1638   dev_v 0.9400   new_test 0.4687   new_test_h 0.1328   new_test_v 0.9596   
it 7 train 0.5907   train_h 0.1023   train_v 0.9606   dev 0.3544   dev_h 0.1614   dev_v 0.9337   new_test 0.4739   new_test_h 0.1315   new_test_v 0.9584   
it 8 train 0.6062   train_h 0.0984   train_v 0.9621   dev 0.3541   dev_h 0.1615   dev_v 0.9417   new_test 0.4626   new_test_h 0.1344   new_test_v 0.9608   
it 9 train 0.6191   train_h 0.0952   train_v 0.9634   dev 0.3522   dev_h 0.1619   dev_v 0.9397   new_test 0.4670   new_test_h 0.1332   new_test_v 0.9604   
it 10 train 0.6284   train_h 0.0929   train_v 0.9613   dev 0.3520   dev_h 0.1620   dev_v 0.9371   new_test 0.4719   new_test_h 0.1320   new_test_v 0.9575   
it 11 train 0.6353   train_h 0.0912   train_v 0.9640   dev 0.3493   dev_h 0.1627   dev_v 0.9390   new_test 0.4679   new_test_h 0.1330   new_test_v 0.9563   
it 12 train 0.6417   train_h 0.0896   train_v 0.9631   dev 0.3513   dev_h 0.1622   dev_v 0.9405   new_test 0.4626   new_test_h 0.1344   new_test_v 0.9543   
it 13 train 0.6468   train_h 0.0883   train_v 0.9657   dev 0.3491   dev_h 0.1627   dev_v 0.9380   new_test 0.4654   new_test_h 0.1336   new_test_v 0.9596   
it 14 train 0.6508   train_h 0.0873   train_v 0.9653   dev 0.3498   dev_h 0.1625   dev_v 0.9383   new_test 0.4654   new_test_h 0.1336   new_test_v 0.9567   
it 15 train 0.6538   train_h 0.0865   train_v 0.9660   dev 0.3496   dev_h 0.1626   dev_v 0.9397   new_test 0.4634   new_test_h 0.1341   new_test_v 0.9575   
it 16 train 0.6554   train_h 0.0861   train_v 0.9649   dev 0.3491   dev_h 0.1627   dev_v 0.9344   new_test 0.4622   new_test_h 0.1345   new_test_v 0.9559   
