args Namespace(config='configs/config_l.json', dataset='dataset/IFTTT/msr_data.pkl', load_model=None, mode='train', output='model/ifttt/width-5/', width='5')
configure: {'max_word_id': 3782, 'bidirectional': True, 'cell_type': 'lstm', 'decoder': 'attention', 'embedding_size': 100, 'keep_prob': 0.75, 'memory_size': 100, 'num_units': 100, 'use_embedding': True, 'epoches': 12, 'batch_size': 20, 'init': {'name': 'random_uniform_initializer', 'scale': 0.1}, 'lr_scheduler': {'decay_steps': 5000, 'init_lr': 0.02, 'decay_rate': 0.9, 'staircase': True}, 'max_grad_norm': 1, 'optimizer': 'AdamOptimizer'}
# path 8549
model/ifttt/width-5/dataset-w-5.pkl
load raw and dump to file
numArcLayers: 5
layer:1, node:MDDNode(1,u_1), in=111, out=443
choose: News & information
split in: 111 -> (98,13)
split out: 443 -> (386,60,446)
add: MDDNode(1,u-6) MDDNode(1,u-7), del:MDDNode(1,u_1)
2 (13,60) (98,386) 
layer:1, node:MDDNode(1,u-7), in=98, out=386
choose: Photo & video
split in: 98 -> (89,9)
split out: 386 -> (351,35,386)
add: MDDNode(1,u-8) MDDNode(1,u-9), del:MDDNode(1,u-7)
3 (13,60) (9,35) (89,351) 
layer:1, node:MDDNode(1,u-9), in=89, out=351
choose: Social networks
split in: 89 -> (82,7)
split out: 351 -> (296,55,351)
add: MDDNode(1,u-10) MDDNode(1,u-11), del:MDDNode(1,u-9)
4 (13,60) (9,35) (7,55) (82,296) 
layer:1, node:MDDNode(1,u-11), in=82, out=296
choose: Others
split in: 82 -> (75,7)
split out: 296 -> (280,21,301)
add: MDDNode(1,u-12) MDDNode(1,u-13), del:MDDNode(1,u-11)
5 (13,60) (9,35) (7,55) (7,21) (75,280) 
layer:3, node:MDDNode(3,u_3), in=88, out=161
choose: Notifications
split in: 88 -> (81,7)
split out: 161 -> (154,9,163)
add: MDDNode(3,u-14) MDDNode(3,u-15), del:MDDNode(3,u_3)
2 (7,9) (81,154) 
layer:3, node:MDDNode(3,u-15), in=81, out=154
choose: Bookmarking
split in: 81 -> (75,6)
split out: 154 -> (148,7,155)
add: MDDNode(3,u-16) MDDNode(3,u-17), del:MDDNode(3,u-15)
3 (7,9) (6,7) (75,148) 
layer:3, node:MDDNode(3,u-17), in=75, out=148
choose: Social networks
split in: 75 -> (69,6)
split out: 148 -> (135,14,149)
add: MDDNode(3,u-18) MDDNode(3,u-19), del:MDDNode(3,u-17)
4 (7,9) (6,7) (6,14) (69,135) 
layer:3, node:MDDNode(3,u-19), in=69, out=135
choose: Others
split in: 69 -> (63,6)
split out: 135 -> (125,12,137)
add: MDDNode(3,u-20) MDDNode(3,u-21), del:MDDNode(3,u-19)
5 (7,9) (6,7) (6,14) (6,12) (63,125) 
=profile=
(0, 111) 
(13, 60) (9, 35) (7, 55) (7, 21) (75, 280) 
(451, 88) 
(7, 9) (6, 7) (6, 14) (6, 12) (63, 125) 
(167, 1) 
(1, 0) 
dump to the pickle
the graph width list : [1, 5, 1, 5, 1, 1]
it 1 dev 25.80   dev_h 44.43   dev_v 90.65   new_test 36.07   new_test_h 33.26   new_test_v 91.51   save: 36.07 T: 2020-01-13T01:09 
it 2 dev 31.22   dev_h 40.95   dev_v 92.94   new_test 40.76   new_test_h 30.91   new_test_v 93.61   save: 40.76 T: 2020-01-13T01:11 
it 3 dev 31.39   dev_h 41.13   dev_v 91.03   new_test 41.45   new_test_h 30.64   new_test_v 93.17   save: 41.45 T: 2020-01-13T01:13 
it 4 dev 30.57   dev_h 41.19   dev_v 90.94   new_test 42.34   new_test_h 30.08   new_test_v 93.25   
it 5 dev 30.91   dev_h 40.94   dev_v 91.59   new_test 42.78   new_test_h 29.62   new_test_v 93.00   
it 6 dev 30.47   dev_h 41.41   dev_v 91.20   new_test 42.42   new_test_h 29.63   new_test_v 92.20   
it 7 dev 30.86   dev_h 41.02   dev_v 91.66   new_test 42.82   new_test_h 29.41   new_test_v 93.17   
it 8 dev 30.86   dev_h 41.16   dev_v 91.32   new_test 42.62   new_test_h 29.60   new_test_v 92.84   
it 9 dev 30.83   dev_h 41.35   dev_v 91.35   new_test 41.73   new_test_h 30.38   new_test_v 92.52   
it 10 dev 30.42   dev_h 41.50   dev_v 91.03   new_test 42.46   new_test_h 29.92   new_test_v 92.60   
it 11 dev 30.67   dev_h 41.53   dev_v 91.68   new_test 42.14   new_test_h 30.21   new_test_v 92.72   
it 12 dev 30.26   dev_h 41.63   dev_v 91.42   new_test 42.09   new_test_h 30.31   new_test_v 92.60   
it 13 dev 30.35   dev_h 41.57   dev_v 91.27   new_test 42.54   new_test_h 30.07   new_test_v 92.48   
