args Namespace(config='configs/config_l.json', dataset='dataset/IFTTT/msr_data.pkl', load_model=None, mode='train', output='model/ifttt/width-5/', width='5')
configure: {'max_word_id': 4000, 'bidirectional': True, 'cell_type': 'gru', 'decoder': 'attention', 'embedding_size': 160, 'keep_prob': 0.45, 'memory_size': 25, 'num_units': 160, 'use_embedding': True, 'epoches': 15, 'batch_size': 32, 'init': {'name': 'random_uniform_initializer', 'scale': 0.1}, 'lr_scheduler': {'decay_steps': 5000, 'init_lr': 0.002, 'decay_rate': 0.9, 'staircase': True}, 'max_grad_norm': 1, 'optimizer': 'AdamOptimizer'}
# path 8549
model/ifttt/width-5/dataset-w-5.pkl
load raw and dump to file
numArcLayers: 5
1 1 5
layer 1 incoming edges: 111
choose: News & information
split the incoming edges: 111 13 98
the value pair of raw_data is: 492
split the outgoings edges: 443 60 386 446
add node: MDDNode(1,u_6) MDDNode(1,u_7), remove node: MDDNode(1,u_1)
1 2 5
layer 1 incoming edges: 98
choose: Photo & video
split the incoming edges: 98 9 89
the value pair of raw_data is: 492
split the outgoings edges: 386 35 351 386
add node: MDDNode(1,u_8) MDDNode(1,u_9), remove node: MDDNode(1,u_7)
1 3 5
layer 1 incoming edges: 89
choose: Others
split the incoming edges: 89 7 82
the value pair of raw_data is: 492
split the outgoings edges: 351 21 335 356
add node: MDDNode(1,u_10) MDDNode(1,u_11), remove node: MDDNode(1,u_9)
1 4 5
layer 1 incoming edges: 82
choose: Social networks
split the incoming edges: 82 7 75
the value pair of raw_data is: 492
split the outgoings edges: 335 55 280 335
add node: MDDNode(1,u_12) MDDNode(1,u_13), remove node: MDDNode(1,u_11)
dump to the pickle
the graph width list : [1, 5, 1, 1, 1, 1]
it 1 train 0.3275   train_h 0.1681   train_v 0.9019   dev 0.2797   dev_h 0.1801   dev_v 0.8995   new_test 0.3465   new_test_h 0.1634   new_test_v 0.9127   save acc: 0.3465 T: 2020-01-10T03:49 
it 2 train 0.4175   train_h 0.1456   train_v 0.9184   dev 0.3324   dev_h 0.1669   dev_v 0.9096   new_test 0.4238   new_test_h 0.1441   new_test_v 0.9139   save acc: 0.4238 T: 2020-01-10T03:52 
it 3 train 0.4649   train_h 0.1338   train_v 0.9228   dev 0.3394   dev_h 0.1651   dev_v 0.9069   new_test 0.4577   new_test_h 0.1356   new_test_v 0.9337   save acc: 0.4577 T: 2020-01-10T03:56 
it 4 train 0.5036   train_h 0.1241   train_v 0.9273   dev 0.3438   dev_h 0.1641   dev_v 0.9043   new_test 0.4618   new_test_h 0.1346   new_test_v 0.9236   save acc: 0.4618 T: 2020-01-10T03:59 
it 5 train 0.5332   train_h 0.1167   train_v 0.9322   dev 0.3537   dev_h 0.1616   dev_v 0.9021   new_test 0.4731   new_test_h 0.1317   new_test_v 0.9414   save acc: 0.4731 T: 2020-01-10T04:02 
it 6 train 0.5576   train_h 0.1106   train_v 0.9357   dev 0.3428   dev_h 0.1643   dev_v 0.9026   new_test 0.4618   new_test_h 0.1346   new_test_v 0.9321   
it 7 train 0.5750   train_h 0.1062   train_v 0.9420   dev 0.3457   dev_h 0.1636   dev_v 0.9137   new_test 0.4634   new_test_h 0.1341   new_test_v 0.9280   
it 8 train 0.5918   train_h 0.1020   train_v 0.9418   dev 0.3488   dev_h 0.1628   dev_v 0.9079   new_test 0.4590   new_test_h 0.1353   new_test_v 0.9313   
it 9 train 0.6026   train_h 0.0993   train_v 0.9425   dev 0.3503   dev_h 0.1624   dev_v 0.9096   new_test 0.4606   new_test_h 0.1349   new_test_v 0.9276   
it 10 train 0.6126   train_h 0.0969   train_v 0.9425   dev 0.3484   dev_h 0.1629   dev_v 0.9091   new_test 0.4622   new_test_h 0.1345   new_test_v 0.9292   
it 11 train 0.6204   train_h 0.0949   train_v 0.9445   dev 0.3438   dev_h 0.1641   dev_v 0.9053   new_test 0.4618   new_test_h 0.1346   new_test_v 0.9284   
it 12 train 0.6261   train_h 0.0935   train_v 0.9443   dev 0.3472   dev_h 0.1632   dev_v 0.9028   new_test 0.4622   new_test_h 0.1345   new_test_v 0.9292   
it 13 train 0.6318   train_h 0.0920   train_v 0.9466   dev 0.3481   dev_h 0.1630   dev_v 0.9106   new_test 0.4618   new_test_h 0.1346   new_test_v 0.9300   
it 14 train 0.6343   train_h 0.0914   train_v 0.9469   dev 0.3440   dev_h 0.1640   dev_v 0.9079   new_test 0.4610   new_test_h 0.1348   new_test_v 0.9313   
it 15 train 0.6377   train_h 0.0906   train_v 0.9477   dev 0.3435   dev_h 0.1641   dev_v 0.9067   new_test 0.4586   new_test_h 0.1354   new_test_v 0.9288   
it 16 train 0.6412   train_h 0.0897   train_v 0.9471   dev 0.3433   dev_h 0.1642   dev_v 0.9079   new_test 0.4569   new_test_h 0.1358   new_test_v 0.9309   
