args Namespace(config='configs/config_l.json', dataset='dataset/IFTTT/msr_data.pkl', load_model=None, mode='train', output='model/ifttt/width-50/', width='50')
configure: {'max_word_id': 3782, 'bidirectional': True, 'cell_type': 'lstm', 'decoder': 'attention', 'embedding_size': 100, 'keep_prob': 0.75, 'memory_size': 100, 'num_units': 100, 'use_embedding': True, 'epoches': 12, 'batch_size': 20, 'init': {'name': 'random_uniform_initializer', 'scale': 0.1}, 'lr_scheduler': {'decay_steps': 5000, 'init_lr': 0.02, 'decay_rate': 0.9, 'staircase': True}, 'max_grad_norm': 1, 'optimizer': 'AdamOptimizer'}
# path 8549
model/ifttt/width-50/dataset-w-50.pkl
load raw and dump to file
numArcLayers: 5
layer:1, node:MDDNode(1,u_1), in=111, out=443
choose: News & information
split in: 111 -> (98,13)
split out: 443 -> (386,60,446)
add: MDDNode(1,u-6) MDDNode(1,u-7), del:MDDNode(1,u_1)
2 (13,60) (98,386) 
layer:1, node:MDDNode(1,u-7), in=98, out=386
choose: Photo & video
split in: 98 -> (89,9)
split out: 386 -> (351,35,386)
add: MDDNode(1,u-8) MDDNode(1,u-9), del:MDDNode(1,u-7)
3 (13,60) (9,35) (89,351) 
layer:1, node:MDDNode(1,u-9), in=89, out=351
choose: Social networks
split in: 89 -> (82,7)
split out: 351 -> (296,55,351)
add: MDDNode(1,u-10) MDDNode(1,u-11), del:MDDNode(1,u-9)
4 (13,60) (9,35) (7,55) (82,296) 
layer:1, node:MDDNode(1,u-11), in=82, out=296
choose: Others
split in: 82 -> (75,7)
split out: 296 -> (280,21,301)
add: MDDNode(1,u-12) MDDNode(1,u-13), del:MDDNode(1,u-11)
5 (13,60) (9,35) (7,55) (7,21) (75,280) 
layer:1, node:MDDNode(1,u-13), in=75, out=280
choose: Shopping
split in: 75 -> (69,6)
split out: 280 -> (257,23,280)
add: MDDNode(1,u-14) MDDNode(1,u-15), del:MDDNode(1,u-13)
6 (13,60) (9,35) (7,55) (7,21) (6,23) (69,257) 
layer:1, node:MDDNode(1,u-15), in=69, out=257
choose: Bookmarking
split in: 69 -> (63,6)
split out: 257 -> (245,12,257)
add: MDDNode(1,u-16) MDDNode(1,u-17), del:MDDNode(1,u-15)
7 (13,60) (9,35) (7,55) (7,21) (6,23) (6,12) (63,245) 
layer:1, node:MDDNode(1,u-17), in=63, out=245
choose: Security & monitoring systems
split in: 63 -> (58,5)
split out: 245 -> (228,18,246)
add: MDDNode(1,u-18) MDDNode(1,u-19), del:MDDNode(1,u-17)
8 (13,60) (9,35) (7,55) (7,21) (6,23) (6,12) (5,18) (58,228) 
layer:1, node:MDDNode(1,u-19), in=58, out=228
choose: Mobile devices & accessories
split in: 58 -> (54,4)
split out: 228 -> (216,12,228)
add: MDDNode(1,u-20) MDDNode(1,u-21), del:MDDNode(1,u-19)
9 (13,60) (9,35) (7,55) (7,21) (6,23) (6,12) (5,18) (4,12) (54,216) 
layer:1, node:MDDNode(1,u-21), in=54, out=216
choose: Health & fitness
split in: 54 -> (50,4)
split out: 216 -> (191,26,217)
add: MDDNode(1,u-22) MDDNode(1,u-23), del:MDDNode(1,u-21)
10 (13,60) (9,35) (7,55) (7,21) (6,23) (6,12) (5,18) (4,12) (4,26) (50,191) 
layer:1, node:MDDNode(1,u-23), in=50, out=191
choose: Finance & payments
split in: 50 -> (46,4)
split out: 191 -> (174,17,191)
add: MDDNode(1,u-24) MDDNode(1,u-25), del:MDDNode(1,u-23)
11 (13,60) (9,35) (7,55) (7,21) (6,23) (6,12) (5,18) (4,12) (4,26) (4,17) (46,174) 
layer:1, node:MDDNode(1,u-25), in=46, out=174
choose: Power monitoring & management
split in: 46 -> (43,3)
split out: 174 -> (165,11,176)
add: MDDNode(1,u-26) MDDNode(1,u-27), del:MDDNode(1,u-25)
12 (13,60) (9,35) (7,55) (7,21) (6,23) (6,12) (5,18) (4,12) (4,26) (4,17) (3,11) (43,165) 
layer:1, node:MDDNode(1,u-27), in=43, out=165
choose: Smart hubs & systems
split in: 43 -> (40,3)
split out: 165 -> (151,20,171)
add: MDDNode(1,u-28) MDDNode(1,u-29), del:MDDNode(1,u-27)
13 (13,60) (9,35) (7,55) (7,21) (6,23) (6,12) (5,18) (4,12) (4,26) (4,17) (3,11) (3,20) (40,151) 
layer:1, node:MDDNode(1,u-29), in=40, out=151
choose: Email
split in: 40 -> (37,3)
split out: 151 -> (141,10,151)
add: MDDNode(1,u-30) MDDNode(1,u-31), del:MDDNode(1,u-29)
14 (13,60) (9,35) (7,55) (7,21) (6,23) (6,12) (5,18) (4,12) (4,26) (4,17) (3,11) (3,20) (3,10) (37,141) 
layer:1, node:MDDNode(1,u-31), in=37, out=141
choose: Gardening
split in: 37 -> (34,3)
split out: 141 -> (132,9,141)
add: MDDNode(1,u-32) MDDNode(1,u-33), del:MDDNode(1,u-31)
15 (13,60) (9,35) (7,55) (7,21) (6,23) (6,12) (5,18) (4,12) (4,26) (4,17) (3,11) (3,20) (3,10) (3,9) (34,132) 
layer:1, node:MDDNode(1,u-33), in=34, out=132
choose: Weather
split in: 34 -> (31,3)
split out: 132 -> (104,30,134)
add: MDDNode(1,u-34) MDDNode(1,u-35), del:MDDNode(1,u-33)
16 (13,60) (9,35) (7,55) (7,21) (6,23) (6,12) (5,18) (4,12) (4,26) (4,17) (3,11) (3,20) (3,10) (3,9) (3,30) (31,104) 
layer:1, node:MDDNode(1,u-35), in=31, out=104
choose: Environment control & monitoring
split in: 31 -> (28,3)
split out: 104 -> (95,9,104)
add: MDDNode(1,u-36) MDDNode(1,u-37), del:MDDNode(1,u-35)
17 (13,60) (9,35) (7,55) (7,21) (6,23) (6,12) (5,18) (4,12) (4,26) (4,17) (3,11) (3,20) (3,10) (3,9) (3,30) (3,9) (28,95) 
layer:1, node:MDDNode(1,u-37), in=28, out=95
choose: Blogging
split in: 28 -> (25,3)
split out: 95 -> (82,13,95)
add: MDDNode(1,u-38) MDDNode(1,u-39), del:MDDNode(1,u-37)
18 (13,60) (9,35) (7,55) (7,21) (6,23) (6,12) (5,18) (4,12) (4,26) (4,17) (3,11) (3,20) (3,10) (3,9) (3,30) (3,9) (3,13) (25,82) 
layer:1, node:MDDNode(1,u-39), in=25, out=82
choose: Communication
split in: 25 -> (22,3)
split out: 82 -> (69,13,82)
add: MDDNode(1,u-40) MDDNode(1,u-41), del:MDDNode(1,u-39)
19 (13,60) (9,35) (7,55) (7,21) (6,23) (6,12) (5,18) (4,12) (4,26) (4,17) (3,11) (3,20) (3,10) (3,9) (3,30) (3,9) (3,13) (3,13) (22,69) 
layer:1, node:MDDNode(1,u-41), in=22, out=69
choose: Contacts
split in: 22 -> (20,2)
split out: 69 -> (66,3,69)
add: MDDNode(1,u-42) MDDNode(1,u-43), del:MDDNode(1,u-41)
20 (13,60) (9,35) (7,55) (7,21) (6,23) (6,12) (5,18) (4,12) (4,26) (4,17) (3,11) (3,20) (3,10) (3,9) (3,30) (3,9) (3,13) (3,13) (2,3) (20,66) 
layer:1, node:MDDNode(1,u-43), in=20, out=66
choose: Task management & to-dos
split in: 20 -> (18,2)
split out: 66 -> (55,11,66)
add: MDDNode(1,u-44) MDDNode(1,u-45), del:MDDNode(1,u-43)
21 (13,60) (9,35) (7,55) (7,21) (6,23) (6,12) (5,18) (4,12) (4,26) (4,17) (3,11) (3,20) (3,10) (3,9) (3,30) (3,9) (3,13) (3,13) (2,3) (2,11) (18,55) 
layer:1, node:MDDNode(1,u-45), in=18, out=55
choose: Calendars & scheduling
split in: 18 -> (16,2)
split out: 55 -> (47,8,55)
add: MDDNode(1,u-46) MDDNode(1,u-47), del:MDDNode(1,u-45)
22 (13,60) (9,35) (7,55) (7,21) (6,23) (6,12) (5,18) (4,12) (4,26) (4,17) (3,11) (3,20) (3,10) (3,9) (3,30) (3,9) (3,13) (3,13) (2,3) (2,11) (2,8) (16,47) 
layer:1, node:MDDNode(1,u-47), in=16, out=47
choose: Connected car
split in: 16 -> (14,2)
split out: 47 -> (37,10,47)
add: MDDNode(1,u-48) MDDNode(1,u-49), del:MDDNode(1,u-47)
23 (13,60) (9,35) (7,55) (7,21) (6,23) (6,12) (5,18) (4,12) (4,26) (4,17) (3,11) (3,20) (3,10) (3,9) (3,30) (3,9) (3,13) (3,13) (2,3) (2,11) (2,8) (2,10) (14,37) 
layer:1, node:MDDNode(1,u-49), in=14, out=37
choose: Notifications
split in: 14 -> (12,2)
split out: 37 -> (34,3,37)
add: MDDNode(1,u-50) MDDNode(1,u-51), del:MDDNode(1,u-49)
24 (13,60) (9,35) (7,55) (7,21) (6,23) (6,12) (5,18) (4,12) (4,26) (4,17) (3,11) (3,20) (3,10) (3,9) (3,30) (3,9) (3,13) (3,13) (2,3) (2,11) (2,8) (2,10) (2,3) (12,34) 
layer:1, node:MDDNode(1,u-6), in=13, out=60
split in: 13 -> (12,1)
split out: 60 -> (52,8,60)
add: MDDNode(1,u-52) MDDNode(1,u-53), del:MDDNode(1,u-6)
25 (9,35) (7,55) (7,21) (6,23) (6,12) (5,18) (4,12) (4,26) (4,17) (3,11) (3,20) (3,10) (3,9) (3,30) (3,9) (3,13) (3,13) (2,3) (2,11) (2,8) (2,10) (2,3) (12,34) (1,8) (12,52) 
layer:1, node:MDDNode(1,u-51), in=12, out=34
choose: Appliances
split in: 12 -> (10,2)
split out: 34 -> (32,2,34)
add: MDDNode(1,u-54) MDDNode(1,u-55), del:MDDNode(1,u-51)
26 (9,35) (7,55) (7,21) (6,23) (6,12) (5,18) (4,12) (4,26) (4,17) (3,11) (3,20) (3,10) (3,9) (3,30) (3,9) (3,13) (3,13) (2,3) (2,11) (2,8) (2,10) (2,3) (1,8) (12,52) (2,2) (10,32) 
layer:1, node:MDDNode(1,u-53), in=12, out=52
split in: 12 -> (11,1)
split out: 52 -> (48,4,52)
add: MDDNode(1,u-56) MDDNode(1,u-57), del:MDDNode(1,u-53)
27 (9,35) (7,55) (7,21) (6,23) (6,12) (5,18) (4,12) (4,26) (4,17) (3,11) (3,20) (3,10) (3,9) (3,30) (3,9) (3,13) (3,13) (2,3) (2,11) (2,8) (2,10) (2,3) (1,8) (2,2) (10,32) (1,4) (11,48) 
layer:1, node:MDDNode(1,u-57), in=11, out=48
split in: 11 -> (10,1)
split out: 48 -> (42,6,48)
add: MDDNode(1,u-58) MDDNode(1,u-59), del:MDDNode(1,u-57)
28 (9,35) (7,55) (7,21) (6,23) (6,12) (5,18) (4,12) (4,26) (4,17) (3,11) (3,20) (3,10) (3,9) (3,30) (3,9) (3,13) (3,13) (2,3) (2,11) (2,8) (2,10) (2,3) (1,8) (2,2) (10,32) (1,4) (1,6) (10,42) 
layer:1, node:MDDNode(1,u-55), in=10, out=32
choose: DIY electronics
split in: 10 -> (8,2)
split out: 32 -> (30,2,32)
add: MDDNode(1,u-60) MDDNode(1,u-61), del:MDDNode(1,u-55)
29 (9,35) (7,55) (7,21) (6,23) (6,12) (5,18) (4,12) (4,26) (4,17) (3,11) (3,20) (3,10) (3,9) (3,30) (3,9) (3,13) (3,13) (2,3) (2,11) (2,8) (2,10) (2,3) (1,8) (2,2) (1,4) (1,6) (10,42) (2,2) (8,30) 
layer:1, node:MDDNode(1,u-59), in=10, out=42
split in: 10 -> (9,1)
split out: 42 -> (36,6,42)
add: MDDNode(1,u-62) MDDNode(1,u-63), del:MDDNode(1,u-59)
30 (9,35) (7,55) (7,21) (6,23) (6,12) (5,18) (4,12) (4,26) (4,17) (3,11) (3,20) (3,10) (3,9) (3,30) (3,9) (3,13) (3,13) (2,3) (2,11) (2,8) (2,10) (2,3) (1,8) (2,2) (1,4) (1,6) (2,2) (8,30) (1,6) (9,36) 
layer:1, node:MDDNode(1,u-8), in=9, out=35
split in: 9 -> (8,1)
split out: 35 -> (32,3,35)
add: MDDNode(1,u-64) MDDNode(1,u-65), del:MDDNode(1,u-8)
31 (7,55) (7,21) (6,23) (6,12) (5,18) (4,12) (4,26) (4,17) (3,11) (3,20) (3,10) (3,9) (3,30) (3,9) (3,13) (3,13) (2,3) (2,11) (2,8) (2,10) (2,3) (1,8) (2,2) (1,4) (1,6) (2,2) (8,30) (1,6) (9,36) (1,3) (8,32) 
layer:1, node:MDDNode(1,u-63), in=9, out=36
split in: 9 -> (8,1)
split out: 36 -> (28,8,36)
add: MDDNode(1,u-66) MDDNode(1,u-67), del:MDDNode(1,u-63)
32 (7,55) (7,21) (6,23) (6,12) (5,18) (4,12) (4,26) (4,17) (3,11) (3,20) (3,10) (3,9) (3,30) (3,9) (3,13) (3,13) (2,3) (2,11) (2,8) (2,10) (2,3) (1,8) (2,2) (1,4) (1,6) (2,2) (8,30) (1,6) (1,3) (8,32) (1,8) (8,28) 
layer:1, node:MDDNode(1,u-61), in=8, out=30
choose: Pet trackers
split in: 8 -> (7,1)
split out: 30 -> (22,8,30)
add: MDDNode(1,u-68) MDDNode(1,u-69), del:MDDNode(1,u-61)
33 (7,55) (7,21) (6,23) (6,12) (5,18) (4,12) (4,26) (4,17) (3,11) (3,20) (3,10) (3,9) (3,30) (3,9) (3,13) (3,13) (2,3) (2,11) (2,8) (2,10) (2,3) (1,8) (2,2) (1,4) (1,6) (2,2) (1,6) (1,3) (8,32) (1,8) (8,28) (1,8) (7,22) 
layer:1, node:MDDNode(1,u-65), in=8, out=32
split in: 8 -> (7,1)
split out: 32 -> (31,2,33)
add: MDDNode(1,u-70) MDDNode(1,u-71), del:MDDNode(1,u-65)
34 (7,55) (7,21) (6,23) (6,12) (5,18) (4,12) (4,26) (4,17) (3,11) (3,20) (3,10) (3,9) (3,30) (3,9) (3,13) (3,13) (2,3) (2,11) (2,8) (2,10) (2,3) (1,8) (2,2) (1,4) (1,6) (2,2) (1,6) (1,3) (1,8) (8,28) (1,8) (7,22) (1,2) (7,31) 
layer:1, node:MDDNode(1,u-67), in=8, out=28
split in: 8 -> (7,1)
split out: 28 -> (24,4,28)
add: MDDNode(1,u-72) MDDNode(1,u-73), del:MDDNode(1,u-67)
35 (7,55) (7,21) (6,23) (6,12) (5,18) (4,12) (4,26) (4,17) (3,11) (3,20) (3,10) (3,9) (3,30) (3,9) (3,13) (3,13) (2,3) (2,11) (2,8) (2,10) (2,3) (1,8) (2,2) (1,4) (1,6) (2,2) (1,6) (1,3) (1,8) (1,8) (7,22) (1,2) (7,31) (1,4) (7,24) 
layer:1, node:MDDNode(1,u-10), in=7, out=55
split in: 7 -> (6,1)
split out: 55 -> (45,10,55)
add: MDDNode(1,u-74) MDDNode(1,u-75), del:MDDNode(1,u-10)
36 (7,21) (6,23) (6,12) (5,18) (4,12) (4,26) (4,17) (3,11) (3,20) (3,10) (3,9) (3,30) (3,9) (3,13) (3,13) (2,3) (2,11) (2,8) (2,10) (2,3) (1,8) (2,2) (1,4) (1,6) (2,2) (1,6) (1,3) (1,8) (1,8) (7,22) (1,2) (7,31) (1,4) (7,24) (1,10) (6,45) 
layer:1, node:MDDNode(1,u-12), in=7, out=21
split in: 7 -> (6,1)
split out: 21 -> (19,2,21)
add: MDDNode(1,u-76) MDDNode(1,u-77), del:MDDNode(1,u-12)
37 (6,23) (6,12) (5,18) (4,12) (4,26) (4,17) (3,11) (3,20) (3,10) (3,9) (3,30) (3,9) (3,13) (3,13) (2,3) (2,11) (2,8) (2,10) (2,3) (1,8) (2,2) (1,4) (1,6) (2,2) (1,6) (1,3) (1,8) (1,8) (7,22) (1,2) (7,31) (1,4) (7,24) (1,10) (6,45) (1,2) (6,19) 
layer:1, node:MDDNode(1,u-69), in=7, out=22
choose: Lighting
split in: 7 -> (6,1)
split out: 22 -> (19,3,22)
add: MDDNode(1,u-78) MDDNode(1,u-79), del:MDDNode(1,u-69)
38 (6,23) (6,12) (5,18) (4,12) (4,26) (4,17) (3,11) (3,20) (3,10) (3,9) (3,30) (3,9) (3,13) (3,13) (2,3) (2,11) (2,8) (2,10) (2,3) (1,8) (2,2) (1,4) (1,6) (2,2) (1,6) (1,3) (1,8) (1,8) (1,2) (7,31) (1,4) (7,24) (1,10) (6,45) (1,2) (6,19) (1,3) (6,19) 
layer:1, node:MDDNode(1,u-71), in=7, out=31
split in: 7 -> (6,1)
split out: 31 -> (26,5,31)
add: MDDNode(1,u-80) MDDNode(1,u-81), del:MDDNode(1,u-71)
39 (6,23) (6,12) (5,18) (4,12) (4,26) (4,17) (3,11) (3,20) (3,10) (3,9) (3,30) (3,9) (3,13) (3,13) (2,3) (2,11) (2,8) (2,10) (2,3) (1,8) (2,2) (1,4) (1,6) (2,2) (1,6) (1,3) (1,8) (1,8) (1,2) (1,4) (7,24) (1,10) (6,45) (1,2) (6,19) (1,3) (6,19) (1,5) (6,26) 
layer:1, node:MDDNode(1,u-73), in=7, out=24
split in: 7 -> (6,1)
split out: 24 -> (13,11,24)
add: MDDNode(1,u-82) MDDNode(1,u-83), del:MDDNode(1,u-73)
40 (6,23) (6,12) (5,18) (4,12) (4,26) (4,17) (3,11) (3,20) (3,10) (3,9) (3,30) (3,9) (3,13) (3,13) (2,3) (2,11) (2,8) (2,10) (2,3) (1,8) (2,2) (1,4) (1,6) (2,2) (1,6) (1,3) (1,8) (1,8) (1,2) (1,4) (1,10) (6,45) (1,2) (6,19) (1,3) (6,19) (1,5) (6,26) (1,11) (6,13) 
layer:1, node:MDDNode(1,u-14), in=6, out=23
split in: 6 -> (5,1)
split out: 23 -> (14,9,23)
add: MDDNode(1,u-84) MDDNode(1,u-85), del:MDDNode(1,u-14)
41 (6,12) (5,18) (4,12) (4,26) (4,17) (3,11) (3,20) (3,10) (3,9) (3,30) (3,9) (3,13) (3,13) (2,3) (2,11) (2,8) (2,10) (2,3) (1,8) (2,2) (1,4) (1,6) (2,2) (1,6) (1,3) (1,8) (1,8) (1,2) (1,4) (1,10) (6,45) (1,2) (6,19) (1,3) (6,19) (1,5) (6,26) (1,11) (6,13) (1,9) (5,14) 
layer:1, node:MDDNode(1,u-16), in=6, out=12
split in: 6 -> (5,1)
split out: 12 -> (12,2,14)
add: MDDNode(1,u-86) MDDNode(1,u-87), del:MDDNode(1,u-16)
42 (5,18) (4,12) (4,26) (4,17) (3,11) (3,20) (3,10) (3,9) (3,30) (3,9) (3,13) (3,13) (2,3) (2,11) (2,8) (2,10) (2,3) (1,8) (2,2) (1,4) (1,6) (2,2) (1,6) (1,3) (1,8) (1,8) (1,2) (1,4) (1,10) (6,45) (1,2) (6,19) (1,3) (6,19) (1,5) (6,26) (1,11) (6,13) (1,9) (5,14) (1,2) (5,12) 
layer:1, node:MDDNode(1,u-75), in=6, out=45
split in: 6 -> (5,1)
split out: 45 -> (44,2,46)
add: MDDNode(1,u-88) MDDNode(1,u-89), del:MDDNode(1,u-75)
43 (5,18) (4,12) (4,26) (4,17) (3,11) (3,20) (3,10) (3,9) (3,30) (3,9) (3,13) (3,13) (2,3) (2,11) (2,8) (2,10) (2,3) (1,8) (2,2) (1,4) (1,6) (2,2) (1,6) (1,3) (1,8) (1,8) (1,2) (1,4) (1,10) (1,2) (6,19) (1,3) (6,19) (1,5) (6,26) (1,11) (6,13) (1,9) (5,14) (1,2) (5,12) (1,2) (5,44) 
layer:1, node:MDDNode(1,u-77), in=6, out=19
split in: 6 -> (5,1)
split out: 19 -> (18,1,19)
add: MDDNode(1,u-90) MDDNode(1,u-91), del:MDDNode(1,u-77)
44 (5,18) (4,12) (4,26) (4,17) (3,11) (3,20) (3,10) (3,9) (3,30) (3,9) (3,13) (3,13) (2,3) (2,11) (2,8) (2,10) (2,3) (1,8) (2,2) (1,4) (1,6) (2,2) (1,6) (1,3) (1,8) (1,8) (1,2) (1,4) (1,10) (1,2) (1,3) (6,19) (1,5) (6,26) (1,11) (6,13) (1,9) (5,14) (1,2) (5,12) (1,2) (5,44) (1,1) (5,18) 
layer:1, node:MDDNode(1,u-79), in=6, out=19
choose: Location
split in: 6 -> (5,1)
split out: 19 -> (16,3,19)
add: MDDNode(1,u-92) MDDNode(1,u-93), del:MDDNode(1,u-79)
45 (5,18) (4,12) (4,26) (4,17) (3,11) (3,20) (3,10) (3,9) (3,30) (3,9) (3,13) (3,13) (2,3) (2,11) (2,8) (2,10) (2,3) (1,8) (2,2) (1,4) (1,6) (2,2) (1,6) (1,3) (1,8) (1,8) (1,2) (1,4) (1,10) (1,2) (1,3) (1,5) (6,26) (1,11) (6,13) (1,9) (5,14) (1,2) (5,12) (1,2) (5,44) (1,1) (5,18) (1,3) (5,16) 
layer:1, node:MDDNode(1,u-81), in=6, out=26
split in: 6 -> (5,1)
split out: 26 -> (26,3,29)
add: MDDNode(1,u-94) MDDNode(1,u-95), del:MDDNode(1,u-81)
46 (5,18) (4,12) (4,26) (4,17) (3,11) (3,20) (3,10) (3,9) (3,30) (3,9) (3,13) (3,13) (2,3) (2,11) (2,8) (2,10) (2,3) (1,8) (2,2) (1,4) (1,6) (2,2) (1,6) (1,3) (1,8) (1,8) (1,2) (1,4) (1,10) (1,2) (1,3) (1,5) (1,11) (6,13) (1,9) (5,14) (1,2) (5,12) (1,2) (5,44) (1,1) (5,18) (1,3) (5,16) (1,3) (5,26) 
layer:1, node:MDDNode(1,u-83), in=6, out=13
split in: 6 -> (5,1)
split out: 13 -> (5,8,13)
add: MDDNode(1,u-96) MDDNode(1,u-97), del:MDDNode(1,u-83)
47 (5,18) (4,12) (4,26) (4,17) (3,11) (3,20) (3,10) (3,9) (3,30) (3,9) (3,13) (3,13) (2,3) (2,11) (2,8) (2,10) (2,3) (1,8) (2,2) (1,4) (1,6) (2,2) (1,6) (1,3) (1,8) (1,8) (1,2) (1,4) (1,10) (1,2) (1,3) (1,5) (1,11) (1,9) (5,14) (1,2) (5,12) (1,2) (5,44) (1,1) (5,18) (1,3) (5,16) (1,3) (5,26) (1,8) (5,5) 
layer:1, node:MDDNode(1,u-18), in=5, out=18
split in: 5 -> (4,1)
split out: 18 -> (17,1,18)
add: MDDNode(1,u-98) MDDNode(1,u-99), del:MDDNode(1,u-18)
48 (4,12) (4,26) (4,17) (3,11) (3,20) (3,10) (3,9) (3,30) (3,9) (3,13) (3,13) (2,3) (2,11) (2,8) (2,10) (2,3) (1,8) (2,2) (1,4) (1,6) (2,2) (1,6) (1,3) (1,8) (1,8) (1,2) (1,4) (1,10) (1,2) (1,3) (1,5) (1,11) (1,9) (5,14) (1,2) (5,12) (1,2) (5,44) (1,1) (5,18) (1,3) (5,16) (1,3) (5,26) (1,8) (5,5) (1,1) (4,17) 
layer:1, node:MDDNode(1,u-85), in=5, out=14
split in: 5 -> (4,1)
split out: 14 -> (8,6,14)
add: MDDNode(1,u-100) MDDNode(1,u-101), del:MDDNode(1,u-85)
49 (4,12) (4,26) (4,17) (3,11) (3,20) (3,10) (3,9) (3,30) (3,9) (3,13) (3,13) (2,3) (2,11) (2,8) (2,10) (2,3) (1,8) (2,2) (1,4) (1,6) (2,2) (1,6) (1,3) (1,8) (1,8) (1,2) (1,4) (1,10) (1,2) (1,3) (1,5) (1,11) (1,9) (1,2) (5,12) (1,2) (5,44) (1,1) (5,18) (1,3) (5,16) (1,3) (5,26) (1,8) (5,5) (1,1) (4,17) (1,6) (4,8) 
layer:1, node:MDDNode(1,u-87), in=5, out=12
split in: 5 -> (4,1)
split out: 12 -> (11,1,12)
add: MDDNode(1,u-102) MDDNode(1,u-103), del:MDDNode(1,u-87)
50 (4,12) (4,26) (4,17) (3,11) (3,20) (3,10) (3,9) (3,30) (3,9) (3,13) (3,13) (2,3) (2,11) (2,8) (2,10) (2,3) (1,8) (2,2) (1,4) (1,6) (2,2) (1,6) (1,3) (1,8) (1,8) (1,2) (1,4) (1,10) (1,2) (1,3) (1,5) (1,11) (1,9) (1,2) (1,2) (5,44) (1,1) (5,18) (1,3) (5,16) (1,3) (5,26) (1,8) (5,5) (1,1) (4,17) (1,6) (4,8) (1,1) (4,11) 
layer:3, node:MDDNode(3,u_3), in=88, out=161
choose: Notifications
split in: 88 -> (81,7)
split out: 161 -> (154,9,163)
add: MDDNode(3,u-104) MDDNode(3,u-105), del:MDDNode(3,u_3)
2 (7,9) (81,154) 
layer:3, node:MDDNode(3,u-105), in=81, out=154
choose: Bookmarking
split in: 81 -> (75,6)
split out: 154 -> (148,7,155)
add: MDDNode(3,u-106) MDDNode(3,u-107), del:MDDNode(3,u-105)
3 (7,9) (6,7) (75,148) 
layer:3, node:MDDNode(3,u-107), in=75, out=148
choose: Others
split in: 75 -> (69,6)
split out: 148 -> (138,12,150)
add: MDDNode(3,u-108) MDDNode(3,u-109), del:MDDNode(3,u-107)
4 (7,9) (6,7) (6,12) (69,138) 
layer:3, node:MDDNode(3,u-109), in=69, out=138
choose: Social networks
split in: 69 -> (63,6)
split out: 138 -> (125,14,139)
add: MDDNode(3,u-110) MDDNode(3,u-111), del:MDDNode(3,u-109)
5 (7,9) (6,7) (6,12) (6,14) (63,125) 
layer:3, node:MDDNode(3,u-111), in=63, out=125
choose: Power monitoring & management
split in: 63 -> (59,4)
split out: 125 -> (121,9,130)
add: MDDNode(3,u-112) MDDNode(3,u-113), del:MDDNode(3,u-111)
6 (7,9) (6,7) (6,12) (6,14) (4,9) (59,121) 
layer:3, node:MDDNode(3,u-113), in=59, out=121
choose: Email
split in: 59 -> (55,4)
split out: 121 -> (116,5,121)
add: MDDNode(3,u-114) MDDNode(3,u-115), del:MDDNode(3,u-113)
7 (7,9) (6,7) (6,12) (6,14) (4,9) (4,5) (55,116) 
layer:3, node:MDDNode(3,u-115), in=55, out=116
choose: Photo & video
split in: 55 -> (51,4)
split out: 116 -> (112,4,116)
add: MDDNode(3,u-116) MDDNode(3,u-117), del:MDDNode(3,u-115)
8 (7,9) (6,7) (6,12) (6,14) (4,9) (4,5) (4,4) (51,112) 
layer:3, node:MDDNode(3,u-117), in=51, out=112
choose: Environment control & monitoring
split in: 51 -> (47,4)
split out: 112 -> (102,10,112)
add: MDDNode(3,u-118) MDDNode(3,u-119), del:MDDNode(3,u-117)
9 (7,9) (6,7) (6,12) (6,14) (4,9) (4,5) (4,4) (4,10) (47,102) 
layer:3, node:MDDNode(3,u-119), in=47, out=102
choose: Communication
split in: 47 -> (43,4)
split out: 102 -> (98,4,102)
add: MDDNode(3,u-120) MDDNode(3,u-121), del:MDDNode(3,u-119)
10 (7,9) (6,7) (6,12) (6,14) (4,9) (4,5) (4,4) (4,10) (4,4) (43,98) 
layer:3, node:MDDNode(3,u-121), in=43, out=98
choose: Mobile devices & accessories
split in: 43 -> (39,4)
split out: 98 -> (93,7,100)
add: MDDNode(3,u-122) MDDNode(3,u-123), del:MDDNode(3,u-121)
11 (7,9) (6,7) (6,12) (6,14) (4,9) (4,5) (4,4) (4,10) (4,4) (4,7) (39,93) 
layer:3, node:MDDNode(3,u-123), in=39, out=93
choose: Cloud storage
split in: 39 -> (35,4)
split out: 93 -> (86,7,93)
add: MDDNode(3,u-124) MDDNode(3,u-125), del:MDDNode(3,u-123)
12 (7,9) (6,7) (6,12) (6,14) (4,9) (4,5) (4,4) (4,10) (4,4) (4,7) (4,7) (35,86) 
layer:3, node:MDDNode(3,u-125), in=35, out=86
choose: Security & monitoring systems
split in: 35 -> (31,4)
split out: 86 -> (69,17,86)
add: MDDNode(3,u-126) MDDNode(3,u-127), del:MDDNode(3,u-125)
13 (7,9) (6,7) (6,12) (6,14) (4,9) (4,5) (4,4) (4,10) (4,4) (4,7) (4,7) (4,17) (31,69) 
layer:3, node:MDDNode(3,u-127), in=31, out=69
choose: Smart hubs & systems
split in: 31 -> (28,3)
split out: 69 -> (60,9,69)
add: MDDNode(3,u-128) MDDNode(3,u-129), del:MDDNode(3,u-127)
14 (7,9) (6,7) (6,12) (6,14) (4,9) (4,5) (4,4) (4,10) (4,4) (4,7) (4,7) (4,17) (3,9) (28,60) 
layer:3, node:MDDNode(3,u-129), in=28, out=60
choose: Health & fitness
split in: 28 -> (25,3)
split out: 60 -> (58,3,61)
add: MDDNode(3,u-130) MDDNode(3,u-131), del:MDDNode(3,u-129)
15 (7,9) (6,7) (6,12) (6,14) (4,9) (4,5) (4,4) (4,10) (4,4) (4,7) (4,7) (4,17) (3,9) (3,3) (25,58) 
layer:3, node:MDDNode(3,u-131), in=25, out=58
choose: Blogging
split in: 25 -> (22,3)
split out: 58 -> (51,7,58)
add: MDDNode(3,u-132) MDDNode(3,u-133), del:MDDNode(3,u-131)
16 (7,9) (6,7) (6,12) (6,14) (4,9) (4,5) (4,4) (4,10) (4,4) (4,7) (4,7) (4,17) (3,9) (3,3) (3,7) (22,51) 
layer:3, node:MDDNode(3,u-133), in=22, out=51
choose: News & information
split in: 22 -> (20,2)
split out: 51 -> (48,3,51)
add: MDDNode(3,u-134) MDDNode(3,u-135), del:MDDNode(3,u-133)
17 (7,9) (6,7) (6,12) (6,14) (4,9) (4,5) (4,4) (4,10) (4,4) (4,7) (4,7) (4,17) (3,9) (3,3) (3,7) (2,3) (20,48) 
layer:3, node:MDDNode(3,u-135), in=20, out=48
choose: Notes
split in: 20 -> (18,2)
split out: 48 -> (39,9,48)
add: MDDNode(3,u-136) MDDNode(3,u-137), del:MDDNode(3,u-135)
18 (7,9) (6,7) (6,12) (6,14) (4,9) (4,5) (4,4) (4,10) (4,4) (4,7) (4,7) (4,17) (3,9) (3,3) (3,7) (2,3) (2,9) (18,39) 
layer:3, node:MDDNode(3,u-137), in=18, out=39
choose: Developer tools
split in: 18 -> (16,2)
split out: 39 -> (37,3,40)
add: MDDNode(3,u-138) MDDNode(3,u-139), del:MDDNode(3,u-137)
19 (7,9) (6,7) (6,12) (6,14) (4,9) (4,5) (4,4) (4,10) (4,4) (4,7) (4,7) (4,17) (3,9) (3,3) (3,7) (2,3) (2,9) (2,3) (16,37) 
layer:3, node:MDDNode(3,u-139), in=16, out=37
choose: Business tools
split in: 16 -> (14,2)
split out: 37 -> (34,3,37)
add: MDDNode(3,u-140) MDDNode(3,u-141), del:MDDNode(3,u-139)
20 (7,9) (6,7) (6,12) (6,14) (4,9) (4,5) (4,4) (4,10) (4,4) (4,7) (4,7) (4,17) (3,9) (3,3) (3,7) (2,3) (2,9) (2,3) (2,3) (14,34) 
layer:3, node:MDDNode(3,u-141), in=14, out=34
choose: Lighting
split in: 14 -> (12,2)
split out: 34 -> (21,13,34)
add: MDDNode(3,u-142) MDDNode(3,u-143), del:MDDNode(3,u-141)
21 (7,9) (6,7) (6,12) (6,14) (4,9) (4,5) (4,4) (4,10) (4,4) (4,7) (4,7) (4,17) (3,9) (3,3) (3,7) (2,3) (2,9) (2,3) (2,3) (2,13) (12,21) 
layer:3, node:MDDNode(3,u-143), in=12, out=21
choose: Task management & to-dos
split in: 12 -> (10,2)
split out: 21 -> (19,3,22)
add: MDDNode(3,u-144) MDDNode(3,u-145), del:MDDNode(3,u-143)
22 (7,9) (6,7) (6,12) (6,14) (4,9) (4,5) (4,4) (4,10) (4,4) (4,7) (4,7) (4,17) (3,9) (3,3) (3,7) (2,3) (2,9) (2,3) (2,3) (2,13) (2,3) (10,19) 
layer:3, node:MDDNode(3,u-145), in=10, out=19
choose: Pet trackers
split in: 10 -> (9,1)
split out: 19 -> (17,2,19)
add: MDDNode(3,u-146) MDDNode(3,u-147), del:MDDNode(3,u-145)
23 (7,9) (6,7) (6,12) (6,14) (4,9) (4,5) (4,4) (4,10) (4,4) (4,7) (4,7) (4,17) (3,9) (3,3) (3,7) (2,3) (2,9) (2,3) (2,3) (2,13) (2,3) (1,2) (9,17) 
layer:3, node:MDDNode(3,u-147), in=9, out=17
choose: Journaling & personal data
split in: 9 -> (8,1)
split out: 17 -> (13,4,17)
add: MDDNode(3,u-148) MDDNode(3,u-149), del:MDDNode(3,u-147)
24 (7,9) (6,7) (6,12) (6,14) (4,9) (4,5) (4,4) (4,10) (4,4) (4,7) (4,7) (4,17) (3,9) (3,3) (3,7) (2,3) (2,9) (2,3) (2,3) (2,13) (2,3) (1,2) (1,4) (8,13) 
layer:3, node:MDDNode(3,u-149), in=8, out=13
choose: Gardening
split in: 8 -> (7,1)
split out: 13 -> (9,4,13)
add: MDDNode(3,u-150) MDDNode(3,u-151), del:MDDNode(3,u-149)
25 (7,9) (6,7) (6,12) (6,14) (4,9) (4,5) (4,4) (4,10) (4,4) (4,7) (4,7) (4,17) (3,9) (3,3) (3,7) (2,3) (2,9) (2,3) (2,3) (2,13) (2,3) (1,2) (1,4) (1,4) (7,9) 
layer:3, node:MDDNode(3,u-104), in=7, out=9
split in: 7 -> (6,1)
split out: 9 -> (8,1,9)
add: MDDNode(3,u-152) MDDNode(3,u-153), del:MDDNode(3,u-104)
26 (6,7) (6,12) (6,14) (4,9) (4,5) (4,4) (4,10) (4,4) (4,7) (4,7) (4,17) (3,9) (3,3) (3,7) (2,3) (2,9) (2,3) (2,3) (2,13) (2,3) (1,2) (1,4) (1,4) (7,9) (1,1) (6,8) 
layer:3, node:MDDNode(3,u-151), in=7, out=9
choose: Calendars & scheduling
split in: 7 -> (6,1)
split out: 9 -> (8,1,9)
add: MDDNode(3,u-154) MDDNode(3,u-155), del:MDDNode(3,u-151)
27 (6,7) (6,12) (6,14) (4,9) (4,5) (4,4) (4,10) (4,4) (4,7) (4,7) (4,17) (3,9) (3,3) (3,7) (2,3) (2,9) (2,3) (2,3) (2,13) (2,3) (1,2) (1,4) (1,4) (1,1) (6,8) (1,1) (6,8) 
layer:3, node:MDDNode(3,u-106), in=6, out=7
split in: 6 -> (5,1)
split out: 7 -> (6,1,7)
add: MDDNode(3,u-156) MDDNode(3,u-157), del:MDDNode(3,u-106)
28 (6,12) (6,14) (4,9) (4,5) (4,4) (4,10) (4,4) (4,7) (4,7) (4,17) (3,9) (3,3) (3,7) (2,3) (2,9) (2,3) (2,3) (2,13) (2,3) (1,2) (1,4) (1,4) (1,1) (6,8) (1,1) (6,8) (1,1) (5,6) 
layer:3, node:MDDNode(3,u-108), in=6, out=12
split in: 6 -> (5,1)
split out: 12 -> (11,1,12)
add: MDDNode(3,u-158) MDDNode(3,u-159), del:MDDNode(3,u-108)
29 (6,14) (4,9) (4,5) (4,4) (4,10) (4,4) (4,7) (4,7) (4,17) (3,9) (3,3) (3,7) (2,3) (2,9) (2,3) (2,3) (2,13) (2,3) (1,2) (1,4) (1,4) (1,1) (6,8) (1,1) (6,8) (1,1) (5,6) (1,1) (5,11) 
layer:3, node:MDDNode(3,u-110), in=6, out=14
split in: 6 -> (5,1)
split out: 14 -> (13,1,14)
add: MDDNode(3,u-160) MDDNode(3,u-161), del:MDDNode(3,u-110)
30 (4,9) (4,5) (4,4) (4,10) (4,4) (4,7) (4,7) (4,17) (3,9) (3,3) (3,7) (2,3) (2,9) (2,3) (2,3) (2,13) (2,3) (1,2) (1,4) (1,4) (1,1) (6,8) (1,1) (6,8) (1,1) (5,6) (1,1) (5,11) (1,1) (5,13) 
layer:3, node:MDDNode(3,u-153), in=6, out=8
split in: 6 -> (5,1)
split out: 8 -> (7,2,9)
add: MDDNode(3,u-162) MDDNode(3,u-163), del:MDDNode(3,u-153)
31 (4,9) (4,5) (4,4) (4,10) (4,4) (4,7) (4,7) (4,17) (3,9) (3,3) (3,7) (2,3) (2,9) (2,3) (2,3) (2,13) (2,3) (1,2) (1,4) (1,4) (1,1) (1,1) (6,8) (1,1) (5,6) (1,1) (5,11) (1,1) (5,13) (1,2) (5,7) 
layer:3, node:MDDNode(3,u-155), in=6, out=8
choose: Shopping
split in: 6 -> (5,1)
split out: 8 -> (7,1,8)
add: MDDNode(3,u-164) MDDNode(3,u-165), del:MDDNode(3,u-155)
32 (4,9) (4,5) (4,4) (4,10) (4,4) (4,7) (4,7) (4,17) (3,9) (3,3) (3,7) (2,3) (2,9) (2,3) (2,3) (2,13) (2,3) (1,2) (1,4) (1,4) (1,1) (1,1) (1,1) (5,6) (1,1) (5,11) (1,1) (5,13) (1,2) (5,7) (1,1) (5,7) 
layer:3, node:MDDNode(3,u-157), in=5, out=6
split in: 5 -> (4,1)
split out: 6 -> (5,3,8)
add: MDDNode(3,u-166) MDDNode(3,u-167), del:MDDNode(3,u-157)
33 (4,9) (4,5) (4,4) (4,10) (4,4) (4,7) (4,7) (4,17) (3,9) (3,3) (3,7) (2,3) (2,9) (2,3) (2,3) (2,13) (2,3) (1,2) (1,4) (1,4) (1,1) (1,1) (1,1) (1,1) (5,11) (1,1) (5,13) (1,2) (5,7) (1,1) (5,7) (1,3) (4,5) 
layer:3, node:MDDNode(3,u-159), in=5, out=11
split in: 5 -> (4,1)
split out: 11 -> (7,4,11)
add: MDDNode(3,u-168) MDDNode(3,u-169), del:MDDNode(3,u-159)
34 (4,9) (4,5) (4,4) (4,10) (4,4) (4,7) (4,7) (4,17) (3,9) (3,3) (3,7) (2,3) (2,9) (2,3) (2,3) (2,13) (2,3) (1,2) (1,4) (1,4) (1,1) (1,1) (1,1) (1,1) (1,1) (5,13) (1,2) (5,7) (1,1) (5,7) (1,3) (4,5) (1,4) (4,7) 
layer:3, node:MDDNode(3,u-161), in=5, out=13
split in: 5 -> (4,1)
split out: 13 -> (13,3,16)
add: MDDNode(3,u-170) MDDNode(3,u-171), del:MDDNode(3,u-161)
35 (4,9) (4,5) (4,4) (4,10) (4,4) (4,7) (4,7) (4,17) (3,9) (3,3) (3,7) (2,3) (2,9) (2,3) (2,3) (2,13) (2,3) (1,2) (1,4) (1,4) (1,1) (1,1) (1,1) (1,1) (1,1) (1,2) (5,7) (1,1) (5,7) (1,3) (4,5) (1,4) (4,7) (1,3) (4,13) 
layer:3, node:MDDNode(3,u-163), in=5, out=7
split in: 5 -> (4,1)
split out: 7 -> (7,1,8)
add: MDDNode(3,u-172) MDDNode(3,u-173), del:MDDNode(3,u-163)
36 (4,9) (4,5) (4,4) (4,10) (4,4) (4,7) (4,7) (4,17) (3,9) (3,3) (3,7) (2,3) (2,9) (2,3) (2,3) (2,13) (2,3) (1,2) (1,4) (1,4) (1,1) (1,1) (1,1) (1,1) (1,1) (1,2) (1,1) (5,7) (1,3) (4,5) (1,4) (4,7) (1,3) (4,13) (1,1) (4,7) 
layer:3, node:MDDNode(3,u-165), in=5, out=7
choose: DIY electronics
split in: 5 -> (4,1)
split out: 7 -> (5,2,7)
add: MDDNode(3,u-174) MDDNode(3,u-175), del:MDDNode(3,u-165)
37 (4,9) (4,5) (4,4) (4,10) (4,4) (4,7) (4,7) (4,17) (3,9) (3,3) (3,7) (2,3) (2,9) (2,3) (2,3) (2,13) (2,3) (1,2) (1,4) (1,4) (1,1) (1,1) (1,1) (1,1) (1,1) (1,2) (1,1) (1,3) (4,5) (1,4) (4,7) (1,3) (4,13) (1,1) (4,7) (1,2) (4,5) 
layer:3, node:MDDNode(3,u-112), in=4, out=9
split in: 4 -> (3,1)
split out: 9 -> (7,2,9)
add: MDDNode(3,u-176) MDDNode(3,u-177), del:MDDNode(3,u-112)
38 (4,5) (4,4) (4,10) (4,4) (4,7) (4,7) (4,17) (3,9) (3,3) (3,7) (2,3) (2,9) (2,3) (2,3) (2,13) (2,3) (1,2) (1,4) (1,4) (1,1) (1,1) (1,1) (1,1) (1,1) (1,2) (1,1) (1,3) (4,5) (1,4) (4,7) (1,3) (4,13) (1,1) (4,7) (1,2) (4,5) (1,2) (3,7) 
layer:3, node:MDDNode(3,u-114), in=4, out=5
split in: 4 -> (3,1)
split out: 5 -> (4,1,5)
add: MDDNode(3,u-178) MDDNode(3,u-179), del:MDDNode(3,u-114)
39 (4,4) (4,10) (4,4) (4,7) (4,7) (4,17) (3,9) (3,3) (3,7) (2,3) (2,9) (2,3) (2,3) (2,13) (2,3) (1,2) (1,4) (1,4) (1,1) (1,1) (1,1) (1,1) (1,1) (1,2) (1,1) (1,3) (4,5) (1,4) (4,7) (1,3) (4,13) (1,1) (4,7) (1,2) (4,5) (1,2) (3,7) (1,1) (3,4) 
layer:3, node:MDDNode(3,u-116), in=4, out=4
split in: 4 -> (3,1)
split out: 4 -> (3,1,4)
add: MDDNode(3,u-180) MDDNode(3,u-181), del:MDDNode(3,u-116)
40 (4,10) (4,4) (4,7) (4,7) (4,17) (3,9) (3,3) (3,7) (2,3) (2,9) (2,3) (2,3) (2,13) (2,3) (1,2) (1,4) (1,4) (1,1) (1,1) (1,1) (1,1) (1,1) (1,2) (1,1) (1,3) (4,5) (1,4) (4,7) (1,3) (4,13) (1,1) (4,7) (1,2) (4,5) (1,2) (3,7) (1,1) (3,4) (1,1) (3,3) 
layer:3, node:MDDNode(3,u-118), in=4, out=10
split in: 4 -> (3,1)
split out: 10 -> (8,2,10)
add: MDDNode(3,u-182) MDDNode(3,u-183), del:MDDNode(3,u-118)
41 (4,4) (4,7) (4,7) (4,17) (3,9) (3,3) (3,7) (2,3) (2,9) (2,3) (2,3) (2,13) (2,3) (1,2) (1,4) (1,4) (1,1) (1,1) (1,1) (1,1) (1,1) (1,2) (1,1) (1,3) (4,5) (1,4) (4,7) (1,3) (4,13) (1,1) (4,7) (1,2) (4,5) (1,2) (3,7) (1,1) (3,4) (1,1) (3,3) (1,2) (3,8) 
layer:3, node:MDDNode(3,u-120), in=4, out=4
split in: 4 -> (3,1)
split out: 4 -> (3,1,4)
add: MDDNode(3,u-184) MDDNode(3,u-185), del:MDDNode(3,u-120)
42 (4,7) (4,7) (4,17) (3,9) (3,3) (3,7) (2,3) (2,9) (2,3) (2,3) (2,13) (2,3) (1,2) (1,4) (1,4) (1,1) (1,1) (1,1) (1,1) (1,1) (1,2) (1,1) (1,3) (4,5) (1,4) (4,7) (1,3) (4,13) (1,1) (4,7) (1,2) (4,5) (1,2) (3,7) (1,1) (3,4) (1,1) (3,3) (1,2) (3,8) (1,1) (3,3) 
layer:3, node:MDDNode(3,u-122), in=4, out=7
split in: 4 -> (3,1)
split out: 7 -> (5,2,7)
add: MDDNode(3,u-186) MDDNode(3,u-187), del:MDDNode(3,u-122)
43 (4,7) (4,17) (3,9) (3,3) (3,7) (2,3) (2,9) (2,3) (2,3) (2,13) (2,3) (1,2) (1,4) (1,4) (1,1) (1,1) (1,1) (1,1) (1,1) (1,2) (1,1) (1,3) (4,5) (1,4) (4,7) (1,3) (4,13) (1,1) (4,7) (1,2) (4,5) (1,2) (3,7) (1,1) (3,4) (1,1) (3,3) (1,2) (3,8) (1,1) (3,3) (1,2) (3,5) 
layer:3, node:MDDNode(3,u-124), in=4, out=7
split in: 4 -> (3,1)
split out: 7 -> (4,4,8)
add: MDDNode(3,u-188) MDDNode(3,u-189), del:MDDNode(3,u-124)
44 (4,17) (3,9) (3,3) (3,7) (2,3) (2,9) (2,3) (2,3) (2,13) (2,3) (1,2) (1,4) (1,4) (1,1) (1,1) (1,1) (1,1) (1,1) (1,2) (1,1) (1,3) (4,5) (1,4) (4,7) (1,3) (4,13) (1,1) (4,7) (1,2) (4,5) (1,2) (3,7) (1,1) (3,4) (1,1) (3,3) (1,2) (3,8) (1,1) (3,3) (1,2) (3,5) (1,4) (3,4) 
layer:3, node:MDDNode(3,u-126), in=4, out=17
split in: 4 -> (3,1)
split out: 17 -> (16,1,17)
add: MDDNode(3,u-190) MDDNode(3,u-191), del:MDDNode(3,u-126)
45 (3,9) (3,3) (3,7) (2,3) (2,9) (2,3) (2,3) (2,13) (2,3) (1,2) (1,4) (1,4) (1,1) (1,1) (1,1) (1,1) (1,1) (1,2) (1,1) (1,3) (4,5) (1,4) (4,7) (1,3) (4,13) (1,1) (4,7) (1,2) (4,5) (1,2) (3,7) (1,1) (3,4) (1,1) (3,3) (1,2) (3,8) (1,1) (3,3) (1,2) (3,5) (1,4) (3,4) (1,1) (3,16) 
layer:3, node:MDDNode(3,u-167), in=4, out=5
split in: 4 -> (3,1)
split out: 5 -> (5,2,7)
add: MDDNode(3,u-192) MDDNode(3,u-193), del:MDDNode(3,u-167)
46 (3,9) (3,3) (3,7) (2,3) (2,9) (2,3) (2,3) (2,13) (2,3) (1,2) (1,4) (1,4) (1,1) (1,1) (1,1) (1,1) (1,1) (1,2) (1,1) (1,3) (1,4) (4,7) (1,3) (4,13) (1,1) (4,7) (1,2) (4,5) (1,2) (3,7) (1,1) (3,4) (1,1) (3,3) (1,2) (3,8) (1,1) (3,3) (1,2) (3,5) (1,4) (3,4) (1,1) (3,16) (1,2) (3,5) 
layer:3, node:MDDNode(3,u-169), in=4, out=7
split in: 4 -> (3,1)
split out: 7 -> (4,3,7)
add: MDDNode(3,u-194) MDDNode(3,u-195), del:MDDNode(3,u-169)
47 (3,9) (3,3) (3,7) (2,3) (2,9) (2,3) (2,3) (2,13) (2,3) (1,2) (1,4) (1,4) (1,1) (1,1) (1,1) (1,1) (1,1) (1,2) (1,1) (1,3) (1,4) (1,3) (4,13) (1,1) (4,7) (1,2) (4,5) (1,2) (3,7) (1,1) (3,4) (1,1) (3,3) (1,2) (3,8) (1,1) (3,3) (1,2) (3,5) (1,4) (3,4) (1,1) (3,16) (1,2) (3,5) (1,3) (3,4) 
layer:3, node:MDDNode(3,u-171), in=4, out=13
split in: 4 -> (3,1)
split out: 13 -> (10,3,13)
add: MDDNode(3,u-196) MDDNode(3,u-197), del:MDDNode(3,u-171)
48 (3,9) (3,3) (3,7) (2,3) (2,9) (2,3) (2,3) (2,13) (2,3) (1,2) (1,4) (1,4) (1,1) (1,1) (1,1) (1,1) (1,1) (1,2) (1,1) (1,3) (1,4) (1,3) (1,1) (4,7) (1,2) (4,5) (1,2) (3,7) (1,1) (3,4) (1,1) (3,3) (1,2) (3,8) (1,1) (3,3) (1,2) (3,5) (1,4) (3,4) (1,1) (3,16) (1,2) (3,5) (1,3) (3,4) (1,3) (3,10) 
layer:3, node:MDDNode(3,u-173), in=4, out=7
split in: 4 -> (3,1)
split out: 7 -> (6,2,8)
add: MDDNode(3,u-198) MDDNode(3,u-199), del:MDDNode(3,u-173)
49 (3,9) (3,3) (3,7) (2,3) (2,9) (2,3) (2,3) (2,13) (2,3) (1,2) (1,4) (1,4) (1,1) (1,1) (1,1) (1,1) (1,1) (1,2) (1,1) (1,3) (1,4) (1,3) (1,1) (1,2) (4,5) (1,2) (3,7) (1,1) (3,4) (1,1) (3,3) (1,2) (3,8) (1,1) (3,3) (1,2) (3,5) (1,4) (3,4) (1,1) (3,16) (1,2) (3,5) (1,3) (3,4) (1,3) (3,10) (1,2) (3,6) 
layer:3, node:MDDNode(3,u-175), in=4, out=5
choose: Routers & computer accessories
split in: 4 -> (3,1)
split out: 5 -> (4,1,5)
add: MDDNode(3,u-200) MDDNode(3,u-201), del:MDDNode(3,u-175)
50 (3,9) (3,3) (3,7) (2,3) (2,9) (2,3) (2,3) (2,13) (2,3) (1,2) (1,4) (1,4) (1,1) (1,1) (1,1) (1,1) (1,1) (1,2) (1,1) (1,3) (1,4) (1,3) (1,1) (1,2) (1,2) (3,7) (1,1) (3,4) (1,1) (3,3) (1,2) (3,8) (1,1) (3,3) (1,2) (3,5) (1,4) (3,4) (1,1) (3,16) (1,2) (3,5) (1,3) (3,4) (1,3) (3,10) (1,2) (3,6) (1,1) (3,4) 
=profile=
(0, 111) 
(4, 12) (4, 26) (4, 17) (3, 11) (3, 20) (3, 10) (3, 9) (3, 30) (3, 9) (3, 13) (3, 13) (2, 3) (2, 11) (2, 8) (2, 10) (2, 3) (1, 8) (2, 2) (1, 4) (1, 6) (2, 2) (1, 6) (1, 3) (1, 8) (1, 8) (1, 2) (1, 4) (1, 10) (1, 2) (1, 3) (1, 5) (1, 11) (1, 9) (1, 2) (1, 2) (5, 44) (1, 1) (5, 18) (1, 3) (5, 16) (1, 3) (5, 26) (1, 8) (5, 5) (1, 1) (4, 17) (1, 6) (4, 8) (1, 1) (4, 11) 
(470, 88) 
(3, 9) (3, 3) (3, 7) (2, 3) (2, 9) (2, 3) (2, 3) (2, 13) (2, 3) (1, 2) (1, 4) (1, 4) (1, 1) (1, 1) (1, 1) (1, 1) (1, 1) (1, 2) (1, 1) (1, 3) (1, 4) (1, 3) (1, 1) (1, 2) (1, 2) (3, 7) (1, 1) (3, 4) (1, 1) (3, 3) (1, 2) (3, 8) (1, 1) (3, 3) (1, 2) (3, 5) (1, 4) (3, 4) (1, 1) (3, 16) (1, 2) (3, 5) (1, 3) (3, 4) (1, 3) (3, 10) (1, 2) (3, 6) (1, 1) (3, 4) 
(188, 1) 
(1, 0) 
dump to the pickle
the graph width list : [1, 50, 1, 50, 1, 1]
it 1 dev 28.01   dev_h 43.29   dev_v 98.07   new_test 35.42   new_test_h 33.83   new_test_v 98.83   save: 35.42 T: 2020-01-13T19:08 
it 2 dev 31.73   dev_h 41.15   dev_v 98.84   new_test 41.69   new_test_h 30.69   new_test_v 99.19   save: 41.69 T: 2020-01-13T19:10 
it 3 dev 31.85   dev_h 41.32   dev_v 98.67   new_test 40.92   new_test_h 31.45   new_test_v 99.07   save: 40.92 T: 2020-01-13T19:12 
it 4 dev 30.81   dev_h 41.76   dev_v 98.19   new_test 41.12   new_test_h 31.10   new_test_v 98.71   
it 5 dev 31.20   dev_h 41.37   dev_v 98.07   new_test 42.30   new_test_h 30.60   new_test_v 98.83   
it 6 dev 31.24   dev_h 41.56   dev_v 98.24   new_test 41.81   new_test_h 30.66   new_test_v 98.63   
it 7 dev 31.34   dev_h 41.37   dev_v 98.36   new_test 42.22   new_test_h 30.43   new_test_v 98.75   
it 8 dev 31.00   dev_h 41.45   dev_v 98.05   new_test 42.14   new_test_h 30.60   new_test_v 98.91   
it 9 dev 31.12   dev_h 41.39   dev_v 98.31   new_test 41.53   new_test_h 30.88   new_test_v 98.95   
it 10 dev 31.05   dev_h 41.43   dev_v 98.29   new_test 41.85   new_test_h 30.60   new_test_v 98.87   
it 11 dev 30.79   dev_h 41.55   dev_v 98.34   new_test 41.12   new_test_h 30.98   new_test_v 98.95   
it 12 dev 31.20   dev_h 41.50   dev_v 98.34   new_test 41.33   new_test_h 30.75   new_test_v 98.75   
it 13 dev 30.52   dev_h 41.78   dev_v 98.24   new_test 41.16   new_test_h 31.08   new_test_v 98.75   
