args Namespace(config='configs/config_l.json', dataset='dataset/IFTTT/msr_data.pkl', load_model=None, mode='train', output='model/ifttt/width-53/', width='53')
configure: {'max_word_id': 4000, 'bidirectional': True, 'cell_type': 'gru', 'decoder': 'attention', 'embedding_size': 160, 'keep_prob': 0.45, 'memory_size': 25, 'num_units': 160, 'use_embedding': True, 'epoches': 15, 'batch_size': 32, 'init': {'name': 'random_uniform_initializer', 'scale': 0.1}, 'lr_scheduler': {'decay_steps': 5000, 'init_lr': 0.002, 'decay_rate': 0.9, 'staircase': True}, 'max_grad_norm': 1, 'optimizer': 'AdamOptimizer'}
# path 8549
model/ifttt/width-53/dataset-w-53.pkl
load raw and dump to file
numArcLayers: 5
1 1 53
layer 1 incoming edges: 111
choose: News & information
split the incoming edges: 111 13 98
the value pair of raw_data is: 492
split the outgoings edges: 443 60 386 446
add node: MDDNode(1,u_6) MDDNode(1,u_7), remove node: MDDNode(1,u_1)
1 2 53
layer 1 incoming edges: 98
choose: Photo & video
split the incoming edges: 98 9 89
the value pair of raw_data is: 492
split the outgoings edges: 386 35 351 386
add node: MDDNode(1,u_8) MDDNode(1,u_9), remove node: MDDNode(1,u_7)
1 3 53
layer 1 incoming edges: 89
choose: Social networks
split the incoming edges: 89 7 82
the value pair of raw_data is: 492
split the outgoings edges: 351 55 296 351
add node: MDDNode(1,u_10) MDDNode(1,u_11), remove node: MDDNode(1,u_9)
1 4 53
layer 1 incoming edges: 82
choose: Others
split the incoming edges: 82 7 75
the value pair of raw_data is: 492
split the outgoings edges: 296 21 280 301
add node: MDDNode(1,u_12) MDDNode(1,u_13), remove node: MDDNode(1,u_11)
1 5 53
layer 1 incoming edges: 75
choose: Bookmarking
split the incoming edges: 75 6 69
the value pair of raw_data is: 492
split the outgoings edges: 280 12 268 280
add node: MDDNode(1,u_14) MDDNode(1,u_15), remove node: MDDNode(1,u_13)
1 6 53
layer 1 incoming edges: 69
choose: Shopping
split the incoming edges: 69 6 63
the value pair of raw_data is: 492
split the outgoings edges: 268 23 245 268
add node: MDDNode(1,u_16) MDDNode(1,u_17), remove node: MDDNode(1,u_15)
1 7 53
layer 1 incoming edges: 63
choose: Security & monitoring systems
split the incoming edges: 63 5 58
the value pair of raw_data is: 492
split the outgoings edges: 245 18 228 246
add node: MDDNode(1,u_18) MDDNode(1,u_19), remove node: MDDNode(1,u_17)
1 8 53
layer 1 incoming edges: 58
choose: Mobile devices & accessories
split the incoming edges: 58 4 54
the value pair of raw_data is: 492
split the outgoings edges: 228 12 216 228
add node: MDDNode(1,u_20) MDDNode(1,u_21), remove node: MDDNode(1,u_19)
1 9 53
layer 1 incoming edges: 54
choose: Finance & payments
split the incoming edges: 54 4 50
the value pair of raw_data is: 492
split the outgoings edges: 216 17 199 216
add node: MDDNode(1,u_22) MDDNode(1,u_23), remove node: MDDNode(1,u_21)
1 10 53
layer 1 incoming edges: 50
choose: Health & fitness
split the incoming edges: 50 4 46
the value pair of raw_data is: 492
split the outgoings edges: 199 26 174 200
add node: MDDNode(1,u_24) MDDNode(1,u_25), remove node: MDDNode(1,u_23)
1 11 53
layer 1 incoming edges: 46
choose: Weather
split the incoming edges: 46 3 43
the value pair of raw_data is: 492
split the outgoings edges: 174 30 148 178
add node: MDDNode(1,u_26) MDDNode(1,u_27), remove node: MDDNode(1,u_25)
1 12 53
layer 1 incoming edges: 43
choose: Power monitoring & management
split the incoming edges: 43 3 40
the value pair of raw_data is: 492
split the outgoings edges: 148 11 139 150
add node: MDDNode(1,u_28) MDDNode(1,u_29), remove node: MDDNode(1,u_27)
1 13 53
layer 1 incoming edges: 40
choose: Smart hubs & systems
split the incoming edges: 40 3 37
the value pair of raw_data is: 492
split the outgoings edges: 139 20 123 143
add node: MDDNode(1,u_30) MDDNode(1,u_31), remove node: MDDNode(1,u_29)
1 14 53
layer 1 incoming edges: 37
choose: Environment control & monitoring
split the incoming edges: 37 3 34
the value pair of raw_data is: 492
split the outgoings edges: 123 9 114 123
add node: MDDNode(1,u_32) MDDNode(1,u_33), remove node: MDDNode(1,u_31)
1 15 53
layer 1 incoming edges: 34
choose: Gardening
split the incoming edges: 34 3 31
the value pair of raw_data is: 492
split the outgoings edges: 114 9 105 114
add node: MDDNode(1,u_34) MDDNode(1,u_35), remove node: MDDNode(1,u_33)
1 16 53
layer 1 incoming edges: 31
choose: Notifications
split the incoming edges: 31 3 28
the value pair of raw_data is: 492
split the outgoings edges: 105 4 101 105
add node: MDDNode(1,u_36) MDDNode(1,u_37), remove node: MDDNode(1,u_35)
1 17 53
layer 1 incoming edges: 28
choose: Email
split the incoming edges: 28 3 25
the value pair of raw_data is: 492
split the outgoings edges: 101 10 91 101
add node: MDDNode(1,u_38) MDDNode(1,u_39), remove node: MDDNode(1,u_37)
1 18 53
layer 1 incoming edges: 25
choose: Blogging
split the incoming edges: 25 3 22
the value pair of raw_data is: 492
split the outgoings edges: 91 13 78 91
add node: MDDNode(1,u_40) MDDNode(1,u_41), remove node: MDDNode(1,u_39)
1 19 53
layer 1 incoming edges: 22
choose: Communication
split the incoming edges: 22 2 20
the value pair of raw_data is: 492
split the outgoings edges: 78 12 66 78
add node: MDDNode(1,u_42) MDDNode(1,u_43), remove node: MDDNode(1,u_41)
1 20 53
layer 1 incoming edges: 20
choose: Appliances
split the incoming edges: 20 2 18
the value pair of raw_data is: 492
split the outgoings edges: 66 2 64 66
add node: MDDNode(1,u_44) MDDNode(1,u_45), remove node: MDDNode(1,u_43)
1 21 53
layer 1 incoming edges: 18
choose: Task management & to-dos
split the incoming edges: 18 2 16
the value pair of raw_data is: 492
split the outgoings edges: 64 11 53 64
add node: MDDNode(1,u_46) MDDNode(1,u_47), remove node: MDDNode(1,u_45)
1 22 53
layer 1 incoming edges: 16
choose: Connected car
split the incoming edges: 16 2 14
the value pair of raw_data is: 492
split the outgoings edges: 53 10 43 53
add node: MDDNode(1,u_48) MDDNode(1,u_49), remove node: MDDNode(1,u_47)
1 23 53
layer 1 incoming edges: 14
choose: Contacts
split the incoming edges: 14 2 12
the value pair of raw_data is: 492
split the outgoings edges: 43 3 40 43
add node: MDDNode(1,u_50) MDDNode(1,u_51), remove node: MDDNode(1,u_49)
1 24 53
layer 1 incoming edges: 13
only split: [MDDArc('the_new_york_times', MDDNode(0, 's'), MDDNode(1, 'u_6'))]
split the incoming edges: 13 1 12
the value pair of raw_data is: 492
split the outgoings edges: 60 8 52 60
add node: MDDNode(1,u_52) MDDNode(1,u_53), remove node: MDDNode(1,u_6)
1 25 53
layer 1 incoming edges: 12
choose: DIY electronics
split the incoming edges: 12 2 10
the value pair of raw_data is: 492
split the outgoings edges: 40 2 38 40
add node: MDDNode(1,u_54) MDDNode(1,u_55), remove node: MDDNode(1,u_51)
1 26 53
layer 1 incoming edges: 12
only split: [MDDArc('feed', MDDNode(0, 's'), MDDNode(1, 'u_53'))]
split the incoming edges: 12 1 11
the value pair of raw_data is: 492
split the outgoings edges: 52 2 50 52
add node: MDDNode(1,u_56) MDDNode(1,u_57), remove node: MDDNode(1,u_53)
1 27 53
layer 1 incoming edges: 11
only split: [MDDArc('appzapp', MDDNode(0, 's'), MDDNode(1, 'u_57'))]
split the incoming edges: 11 1 10
the value pair of raw_data is: 492
split the outgoings edges: 50 6 44 50
add node: MDDNode(1,u_58) MDDNode(1,u_59), remove node: MDDNode(1,u_57)
1 28 53
layer 1 incoming edges: 10
choose: Calendars & scheduling
split the incoming edges: 10 2 8
the value pair of raw_data is: 492
split the outgoings edges: 38 8 30 38
add node: MDDNode(1,u_60) MDDNode(1,u_61), remove node: MDDNode(1,u_55)
1 29 53
layer 1 incoming edges: 10
only split: [MDDArc('feedly', MDDNode(0, 's'), MDDNode(1, 'u_59'))]
split the incoming edges: 10 1 9
the value pair of raw_data is: 492
split the outgoings edges: 44 4 40 44
add node: MDDNode(1,u_62) MDDNode(1,u_63), remove node: MDDNode(1,u_59)
1 30 53
layer 1 incoming edges: 9
only split: [MDDArc('dailymotion', MDDNode(0, 's'), MDDNode(1, 'u_8'))]
split the incoming edges: 9 1 8
the value pair of raw_data is: 492
split the outgoings edges: 35 3 33 36
add node: MDDNode(1,u_64) MDDNode(1,u_65), remove node: MDDNode(1,u_8)
1 31 53
layer 1 incoming edges: 9
only split: [MDDArc('craigslist', MDDNode(0, 's'), MDDNode(1, 'u_63'))]
split the incoming edges: 9 1 8
the value pair of raw_data is: 492
split the outgoings edges: 40 1 39 40
add node: MDDNode(1,u_66) MDDNode(1,u_67), remove node: MDDNode(1,u_63)
1 32 53
layer 1 incoming edges: 8
choose: Pet trackers
split the incoming edges: 8 1 7
the value pair of raw_data is: 492
split the outgoings edges: 30 8 22 30
add node: MDDNode(1,u_68) MDDNode(1,u_69), remove node: MDDNode(1,u_61)
1 33 53
layer 1 incoming edges: 8
only split: [MDDArc('flickr', MDDNode(0, 's'), MDDNode(1, 'u_65'))]
split the incoming edges: 8 1 7
the value pair of raw_data is: 492
split the outgoings edges: 33 5 28 33
add node: MDDNode(1,u_70) MDDNode(1,u_71), remove node: MDDNode(1,u_65)
1 34 53
layer 1 incoming edges: 8
only split: [MDDArc('sports_illustrated', MDDNode(0, 's'), MDDNode(1, 'u_67'))]
split the incoming edges: 8 1 7
the value pair of raw_data is: 492
split the outgoings edges: 39 2 39 41
add node: MDDNode(1,u_72) MDDNode(1,u_73), remove node: MDDNode(1,u_67)
1 35 53
layer 1 incoming edges: 7
only split: [MDDArc('reddit', MDDNode(0, 's'), MDDNode(1, 'u_10'))]
split the incoming edges: 7 1 6
the value pair of raw_data is: 492
split the outgoings edges: 55 9 47 56
add node: MDDNode(1,u_74) MDDNode(1,u_75), remove node: MDDNode(1,u_10)
1 36 53
layer 1 incoming edges: 7
only split: [MDDArc('ubi', MDDNode(0, 's'), MDDNode(1, 'u_12'))]
split the incoming edges: 7 1 6
the value pair of raw_data is: 492
split the outgoings edges: 21 1 20 21
add node: MDDNode(1,u_76) MDDNode(1,u_77), remove node: MDDNode(1,u_12)
1 37 53
layer 1 incoming edges: 7
choose: Music
split the incoming edges: 7 1 6
the value pair of raw_data is: 492
split the outgoings edges: 22 4 18 22
add node: MDDNode(1,u_78) MDDNode(1,u_79), remove node: MDDNode(1,u_69)
1 38 53
layer 1 incoming edges: 7
only split: [MDDArc('youtube', MDDNode(0, 's'), MDDNode(1, 'u_71'))]
split the incoming edges: 7 1 6
the value pair of raw_data is: 492
split the outgoings edges: 28 2 27 29
add node: MDDNode(1,u_80) MDDNode(1,u_81), remove node: MDDNode(1,u_71)
1 39 53
layer 1 incoming edges: 7
only split: [MDDArc('digg', MDDNode(0, 's'), MDDNode(1, 'u_73'))]
split the incoming edges: 7 1 6
the value pair of raw_data is: 492
split the outgoings edges: 39 8 31 39
add node: MDDNode(1,u_82) MDDNode(1,u_83), remove node: MDDNode(1,u_73)
1 40 53
layer 1 incoming edges: 6
only split: [MDDArc('pocket', MDDNode(0, 's'), MDDNode(1, 'u_14'))]
split the incoming edges: 6 1 5
the value pair of raw_data is: 492
split the outgoings edges: 12 4 8 12
add node: MDDNode(1,u_84) MDDNode(1,u_85), remove node: MDDNode(1,u_14)
1 41 53
layer 1 incoming edges: 6
only split: [MDDArc('fiverr', MDDNode(0, 's'), MDDNode(1, 'u_16'))]
split the incoming edges: 6 1 5
the value pair of raw_data is: 492
split the outgoings edges: 23 9 14 23
add node: MDDNode(1,u_86) MDDNode(1,u_87), remove node: MDDNode(1,u_16)
1 42 53
layer 1 incoming edges: 6
only split: [MDDArc('sina_weibo', MDDNode(0, 's'), MDDNode(1, 'u_75'))]
split the incoming edges: 6 1 5
the value pair of raw_data is: 492
split the outgoings edges: 47 2 45 47
add node: MDDNode(1,u_88) MDDNode(1,u_89), remove node: MDDNode(1,u_75)
1 43 53
layer 1 incoming edges: 6
only split: [MDDArc('entertainment_weekly', MDDNode(0, 's'), MDDNode(1, 'u_77'))]
split the incoming edges: 6 1 5
the value pair of raw_data is: 492
split the outgoings edges: 20 2 18 20
add node: MDDNode(1,u_90) MDDNode(1,u_91), remove node: MDDNode(1,u_77)
1 44 53
layer 1 incoming edges: 6
choose: Business tools
split the incoming edges: 6 1 5
the value pair of raw_data is: 492
split the outgoings edges: 18 2 16 18
add node: MDDNode(1,u_92) MDDNode(1,u_93), remove node: MDDNode(1,u_79)
1 45 53
layer 1 incoming edges: 6
only split: [MDDArc('android_photos', MDDNode(0, 's'), MDDNode(1, 'u_81'))]
split the incoming edges: 6 1 5
the value pair of raw_data is: 492
split the outgoings edges: 27 3 27 30
add node: MDDNode(1,u_94) MDDNode(1,u_95), remove node: MDDNode(1,u_81)
1 46 53
layer 1 incoming edges: 6
only split: [MDDArc('instyle', MDDNode(0, 's'), MDDNode(1, 'u_83'))]
split the incoming edges: 6 1 5
the value pair of raw_data is: 492
split the outgoings edges: 31 2 31 33
add node: MDDNode(1,u_96) MDDNode(1,u_97), remove node: MDDNode(1,u_83)
1 47 53
layer 1 incoming edges: 5
only split: [MDDArc('garageio', MDDNode(0, 's'), MDDNode(1, 'u_18'))]
split the incoming edges: 5 1 4
the value pair of raw_data is: 492
split the outgoings edges: 18 1 17 18
add node: MDDNode(1,u_98) MDDNode(1,u_99), remove node: MDDNode(1,u_18)
1 48 53
layer 1 incoming edges: 5
only split: [MDDArc('pinboard', MDDNode(0, 's'), MDDNode(1, 'u_85'))]
split the incoming edges: 5 1 4
the value pair of raw_data is: 492
split the outgoings edges: 8 2 8 10
add node: MDDNode(1,u_100) MDDNode(1,u_101), remove node: MDDNode(1,u_85)
1 49 53
layer 1 incoming edges: 5
only split: [MDDArc('trackif', MDDNode(0, 's'), MDDNode(1, 'u_87'))]
split the incoming edges: 5 1 4
the value pair of raw_data is: 492
split the outgoings edges: 14 6 8 14
add node: MDDNode(1,u_102) MDDNode(1,u_103), remove node: MDDNode(1,u_87)
1 50 53
layer 1 incoming edges: 5
only split: [MDDArc('foursquare', MDDNode(0, 's'), MDDNode(1, 'u_89'))]
split the incoming edges: 5 1 4
the value pair of raw_data is: 492
split the outgoings edges: 45 7 38 45
add node: MDDNode(1,u_104) MDDNode(1,u_105), remove node: MDDNode(1,u_89)
1 51 53
layer 1 incoming edges: 5
only split: [MDDArc('chain', MDDNode(0, 's'), MDDNode(1, 'u_91'))]
split the incoming edges: 5 1 4
the value pair of raw_data is: 492
split the outgoings edges: 18 1 17 18
add node: MDDNode(1,u_106) MDDNode(1,u_107), remove node: MDDNode(1,u_91)
1 52 53
layer 1 incoming edges: 5
choose: Location
split the incoming edges: 5 1 4
the value pair of raw_data is: 492
split the outgoings edges: 16 3 13 16
add node: MDDNode(1,u_108) MDDNode(1,u_109), remove node: MDDNode(1,u_93)
dump to the pickle
the graph width list : [1, 53, 1, 1, 1, 1]
it 1 train 0.3420   train_h 0.1645   train_v 0.9323   dev 0.2924   dev_h 0.1769   dev_v 0.9236   new_test 0.3639   new_test_h 0.1590   new_test_v 0.9369   save acc: 0.3639 T: 2020-01-10T06:57 
it 2 train 0.4285   train_h 0.1429   train_v 0.9408   dev 0.3353   dev_h 0.1662   dev_v 0.9402   new_test 0.4432   new_test_h 0.1392   new_test_v 0.9519   save acc: 0.4432 T: 2020-01-10T07:00 
it 3 train 0.4795   train_h 0.1301   train_v 0.9466   dev 0.3428   dev_h 0.1643   dev_v 0.9347   new_test 0.4395   new_test_h 0.1401   new_test_v 0.9486   save acc: 0.4395 T: 2020-01-10T07:03 
it 4 train 0.5207   train_h 0.1198   train_v 0.9475   dev 0.3416   dev_h 0.1646   dev_v 0.9303   new_test 0.4440   new_test_h 0.1390   new_test_v 0.9434   
it 5 train 0.5509   train_h 0.1123   train_v 0.9508   dev 0.3513   dev_h 0.1622   dev_v 0.9335   new_test 0.4707   new_test_h 0.1323   new_test_v 0.9466   save acc: 0.4707 T: 2020-01-10T07:10 
it 6 train 0.5761   train_h 0.1060   train_v 0.9543   dev 0.3455   dev_h 0.1636   dev_v 0.9356   new_test 0.4594   new_test_h 0.1352   new_test_v 0.9450   
it 7 train 0.5927   train_h 0.1018   train_v 0.9571   dev 0.3469   dev_h 0.1633   dev_v 0.9298   new_test 0.4670   new_test_h 0.1332   new_test_v 0.9450   
it 8 train 0.6088   train_h 0.0978   train_v 0.9580   dev 0.3443   dev_h 0.1639   dev_v 0.9337   new_test 0.4577   new_test_h 0.1356   new_test_v 0.9523   
it 9 train 0.6218   train_h 0.0946   train_v 0.9591   dev 0.3476   dev_h 0.1631   dev_v 0.9303   new_test 0.4569   new_test_h 0.1358   new_test_v 0.9458   
it 10 train 0.6307   train_h 0.0923   train_v 0.9596   dev 0.3467   dev_h 0.1633   dev_v 0.9250   new_test 0.4626   new_test_h 0.1344   new_test_v 0.9499   
it 11 train 0.6378   train_h 0.0905   train_v 0.9591   dev 0.3426   dev_h 0.1644   dev_v 0.9248   new_test 0.4606   new_test_h 0.1349   new_test_v 0.9547   
it 12 train 0.6450   train_h 0.0888   train_v 0.9614   dev 0.3488   dev_h 0.1628   dev_v 0.9274   new_test 0.4626   new_test_h 0.1344   new_test_v 0.9559   
it 13 train 0.6498   train_h 0.0876   train_v 0.9618   dev 0.3488   dev_h 0.1628   dev_v 0.9311   new_test 0.4618   new_test_h 0.1346   new_test_v 0.9523   
it 14 train 0.6525   train_h 0.0869   train_v 0.9608   dev 0.3479   dev_h 0.1630   dev_v 0.9313   new_test 0.4606   new_test_h 0.1349   new_test_v 0.9527   
it 15 train 0.6558   train_h 0.0860   train_v 0.9619   dev 0.3474   dev_h 0.1632   dev_v 0.9265   new_test 0.4622   new_test_h 0.1345   new_test_v 0.9527   
it 16 train 0.6581   train_h 0.0855   train_v 0.9623   dev 0.3476   dev_h 0.1631   dev_v 0.9279   new_test 0.4590   new_test_h 0.1353   new_test_v 0.9527   
