args Namespace(config='configs/config_l.json', dataset='dataset/IFTTT/msr_data.pkl', load_model=None, mode='train', output='model/ifttt/width-40/', width='40')
configure: {'max_word_id': 3782, 'bidirectional': True, 'cell_type': 'lstm', 'decoder': 'attention', 'embedding_size': 100, 'keep_prob': 0.75, 'memory_size': 100, 'num_units': 100, 'use_embedding': True, 'epoches': 12, 'batch_size': 20, 'init': {'name': 'random_uniform_initializer', 'scale': 0.1}, 'lr_scheduler': {'decay_steps': 5000, 'init_lr': 0.02, 'decay_rate': 0.9, 'staircase': True}, 'max_grad_norm': 1, 'optimizer': 'AdamOptimizer'}
# path 8549
model/ifttt/width-40/dataset-w-40.pkl
load raw and dump to file
numArcLayers: 5
layer:1, node:MDDNode(1,u_1), in=111, out=443
choose: News & information
split in: 111 -> (98,13)
split out: 443 -> (386,60,446)
add: MDDNode(1,u-6) MDDNode(1,u-7), del:MDDNode(1,u_1)
2 (13,60) (98,386) 
layer:1, node:MDDNode(1,u-7), in=98, out=386
choose: Photo & video
split in: 98 -> (89,9)
split out: 386 -> (351,35,386)
add: MDDNode(1,u-8) MDDNode(1,u-9), del:MDDNode(1,u-7)
3 (13,60) (9,35) (89,351) 
layer:1, node:MDDNode(1,u-9), in=89, out=351
choose: Social networks
split in: 89 -> (82,7)
split out: 351 -> (296,55,351)
add: MDDNode(1,u-10) MDDNode(1,u-11), del:MDDNode(1,u-9)
4 (13,60) (9,35) (7,55) (82,296) 
layer:1, node:MDDNode(1,u-11), in=82, out=296
choose: Others
split in: 82 -> (75,7)
split out: 296 -> (280,21,301)
add: MDDNode(1,u-12) MDDNode(1,u-13), del:MDDNode(1,u-11)
5 (13,60) (9,35) (7,55) (7,21) (75,280) 
layer:1, node:MDDNode(1,u-13), in=75, out=280
choose: Shopping
split in: 75 -> (69,6)
split out: 280 -> (257,23,280)
add: MDDNode(1,u-14) MDDNode(1,u-15), del:MDDNode(1,u-13)
6 (13,60) (9,35) (7,55) (7,21) (6,23) (69,257) 
layer:1, node:MDDNode(1,u-15), in=69, out=257
choose: Bookmarking
split in: 69 -> (63,6)
split out: 257 -> (245,12,257)
add: MDDNode(1,u-16) MDDNode(1,u-17), del:MDDNode(1,u-15)
7 (13,60) (9,35) (7,55) (7,21) (6,23) (6,12) (63,245) 
layer:1, node:MDDNode(1,u-17), in=63, out=245
choose: Security & monitoring systems
split in: 63 -> (58,5)
split out: 245 -> (228,18,246)
add: MDDNode(1,u-18) MDDNode(1,u-19), del:MDDNode(1,u-17)
8 (13,60) (9,35) (7,55) (7,21) (6,23) (6,12) (5,18) (58,228) 
layer:1, node:MDDNode(1,u-19), in=58, out=228
choose: Mobile devices & accessories
split in: 58 -> (54,4)
split out: 228 -> (216,12,228)
add: MDDNode(1,u-20) MDDNode(1,u-21), del:MDDNode(1,u-19)
9 (13,60) (9,35) (7,55) (7,21) (6,23) (6,12) (5,18) (4,12) (54,216) 
layer:1, node:MDDNode(1,u-21), in=54, out=216
choose: Health & fitness
split in: 54 -> (50,4)
split out: 216 -> (191,26,217)
add: MDDNode(1,u-22) MDDNode(1,u-23), del:MDDNode(1,u-21)
10 (13,60) (9,35) (7,55) (7,21) (6,23) (6,12) (5,18) (4,12) (4,26) (50,191) 
layer:1, node:MDDNode(1,u-23), in=50, out=191
choose: Finance & payments
split in: 50 -> (46,4)
split out: 191 -> (174,17,191)
add: MDDNode(1,u-24) MDDNode(1,u-25), del:MDDNode(1,u-23)
11 (13,60) (9,35) (7,55) (7,21) (6,23) (6,12) (5,18) (4,12) (4,26) (4,17) (46,174) 
layer:1, node:MDDNode(1,u-25), in=46, out=174
choose: Communication
split in: 46 -> (43,3)
split out: 174 -> (161,13,174)
add: MDDNode(1,u-26) MDDNode(1,u-27), del:MDDNode(1,u-25)
12 (13,60) (9,35) (7,55) (7,21) (6,23) (6,12) (5,18) (4,12) (4,26) (4,17) (3,13) (43,161) 
layer:1, node:MDDNode(1,u-27), in=43, out=161
choose: Weather
split in: 43 -> (40,3)
split out: 161 -> (135,30,165)
add: MDDNode(1,u-28) MDDNode(1,u-29), del:MDDNode(1,u-27)
13 (13,60) (9,35) (7,55) (7,21) (6,23) (6,12) (5,18) (4,12) (4,26) (4,17) (3,13) (3,30) (40,135) 
layer:1, node:MDDNode(1,u-29), in=40, out=135
choose: Email
split in: 40 -> (37,3)
split out: 135 -> (125,10,135)
add: MDDNode(1,u-30) MDDNode(1,u-31), del:MDDNode(1,u-29)
14 (13,60) (9,35) (7,55) (7,21) (6,23) (6,12) (5,18) (4,12) (4,26) (4,17) (3,13) (3,30) (3,10) (37,125) 
layer:1, node:MDDNode(1,u-31), in=37, out=125
choose: Blogging
split in: 37 -> (34,3)
split out: 125 -> (112,13,125)
add: MDDNode(1,u-32) MDDNode(1,u-33), del:MDDNode(1,u-31)
15 (13,60) (9,35) (7,55) (7,21) (6,23) (6,12) (5,18) (4,12) (4,26) (4,17) (3,13) (3,30) (3,10) (3,13) (34,112) 
layer:1, node:MDDNode(1,u-33), in=34, out=112
choose: Power monitoring & management
split in: 34 -> (31,3)
split out: 112 -> (103,11,114)
add: MDDNode(1,u-34) MDDNode(1,u-35), del:MDDNode(1,u-33)
16 (13,60) (9,35) (7,55) (7,21) (6,23) (6,12) (5,18) (4,12) (4,26) (4,17) (3,13) (3,30) (3,10) (3,13) (3,11) (31,103) 
layer:1, node:MDDNode(1,u-35), in=31, out=103
choose: Gardening
split in: 31 -> (28,3)
split out: 103 -> (94,9,103)
add: MDDNode(1,u-36) MDDNode(1,u-37), del:MDDNode(1,u-35)
17 (13,60) (9,35) (7,55) (7,21) (6,23) (6,12) (5,18) (4,12) (4,26) (4,17) (3,13) (3,30) (3,10) (3,13) (3,11) (3,9) (28,94) 
layer:1, node:MDDNode(1,u-37), in=28, out=94
choose: Smart hubs & systems
split in: 28 -> (25,3)
split out: 94 -> (78,20,98)
add: MDDNode(1,u-38) MDDNode(1,u-39), del:MDDNode(1,u-37)
18 (13,60) (9,35) (7,55) (7,21) (6,23) (6,12) (5,18) (4,12) (4,26) (4,17) (3,13) (3,30) (3,10) (3,13) (3,11) (3,9) (3,20) (25,78) 
layer:1, node:MDDNode(1,u-39), in=25, out=78
choose: Environment control & monitoring
split in: 25 -> (22,3)
split out: 78 -> (69,9,78)
add: MDDNode(1,u-40) MDDNode(1,u-41), del:MDDNode(1,u-39)
19 (13,60) (9,35) (7,55) (7,21) (6,23) (6,12) (5,18) (4,12) (4,26) (4,17) (3,13) (3,30) (3,10) (3,13) (3,11) (3,9) (3,20) (3,9) (22,69) 
layer:1, node:MDDNode(1,u-41), in=22, out=69
choose: Calendars & scheduling
split in: 22 -> (20,2)
split out: 69 -> (61,8,69)
add: MDDNode(1,u-42) MDDNode(1,u-43), del:MDDNode(1,u-41)
20 (13,60) (9,35) (7,55) (7,21) (6,23) (6,12) (5,18) (4,12) (4,26) (4,17) (3,13) (3,30) (3,10) (3,13) (3,11) (3,9) (3,20) (3,9) (2,8) (20,61) 
layer:1, node:MDDNode(1,u-43), in=20, out=61
choose: Contacts
split in: 20 -> (18,2)
split out: 61 -> (58,3,61)
add: MDDNode(1,u-44) MDDNode(1,u-45), del:MDDNode(1,u-43)
21 (13,60) (9,35) (7,55) (7,21) (6,23) (6,12) (5,18) (4,12) (4,26) (4,17) (3,13) (3,30) (3,10) (3,13) (3,11) (3,9) (3,20) (3,9) (2,8) (2,3) (18,58) 
layer:1, node:MDDNode(1,u-45), in=18, out=58
choose: Task management & to-dos
split in: 18 -> (16,2)
split out: 58 -> (47,11,58)
add: MDDNode(1,u-46) MDDNode(1,u-47), del:MDDNode(1,u-45)
22 (13,60) (9,35) (7,55) (7,21) (6,23) (6,12) (5,18) (4,12) (4,26) (4,17) (3,13) (3,30) (3,10) (3,13) (3,11) (3,9) (3,20) (3,9) (2,8) (2,3) (2,11) (16,47) 
layer:1, node:MDDNode(1,u-47), in=16, out=47
choose: Connected car
split in: 16 -> (14,2)
split out: 47 -> (37,10,47)
add: MDDNode(1,u-48) MDDNode(1,u-49), del:MDDNode(1,u-47)
23 (13,60) (9,35) (7,55) (7,21) (6,23) (6,12) (5,18) (4,12) (4,26) (4,17) (3,13) (3,30) (3,10) (3,13) (3,11) (3,9) (3,20) (3,9) (2,8) (2,3) (2,11) (2,10) (14,37) 
layer:1, node:MDDNode(1,u-49), in=14, out=37
choose: Notifications
split in: 14 -> (12,2)
split out: 37 -> (34,3,37)
add: MDDNode(1,u-50) MDDNode(1,u-51), del:MDDNode(1,u-49)
24 (13,60) (9,35) (7,55) (7,21) (6,23) (6,12) (5,18) (4,12) (4,26) (4,17) (3,13) (3,30) (3,10) (3,13) (3,11) (3,9) (3,20) (3,9) (2,8) (2,3) (2,11) (2,10) (2,3) (12,34) 
layer:1, node:MDDNode(1,u-6), in=13, out=60
split in: 13 -> (12,1)
split out: 60 -> (52,8,60)
add: MDDNode(1,u-52) MDDNode(1,u-53), del:MDDNode(1,u-6)
25 (9,35) (7,55) (7,21) (6,23) (6,12) (5,18) (4,12) (4,26) (4,17) (3,13) (3,30) (3,10) (3,13) (3,11) (3,9) (3,20) (3,9) (2,8) (2,3) (2,11) (2,10) (2,3) (12,34) (1,8) (12,52) 
layer:1, node:MDDNode(1,u-51), in=12, out=34
choose: Appliances
split in: 12 -> (10,2)
split out: 34 -> (32,2,34)
add: MDDNode(1,u-54) MDDNode(1,u-55), del:MDDNode(1,u-51)
26 (9,35) (7,55) (7,21) (6,23) (6,12) (5,18) (4,12) (4,26) (4,17) (3,13) (3,30) (3,10) (3,13) (3,11) (3,9) (3,20) (3,9) (2,8) (2,3) (2,11) (2,10) (2,3) (1,8) (12,52) (2,2) (10,32) 
layer:1, node:MDDNode(1,u-53), in=12, out=52
split in: 12 -> (11,1)
split out: 52 -> (41,11,52)
add: MDDNode(1,u-56) MDDNode(1,u-57), del:MDDNode(1,u-53)
27 (9,35) (7,55) (7,21) (6,23) (6,12) (5,18) (4,12) (4,26) (4,17) (3,13) (3,30) (3,10) (3,13) (3,11) (3,9) (3,20) (3,9) (2,8) (2,3) (2,11) (2,10) (2,3) (1,8) (2,2) (10,32) (1,11) (11,41) 
layer:1, node:MDDNode(1,u-57), in=11, out=41
split in: 11 -> (10,1)
split out: 41 -> (33,8,41)
add: MDDNode(1,u-58) MDDNode(1,u-59), del:MDDNode(1,u-57)
28 (9,35) (7,55) (7,21) (6,23) (6,12) (5,18) (4,12) (4,26) (4,17) (3,13) (3,30) (3,10) (3,13) (3,11) (3,9) (3,20) (3,9) (2,8) (2,3) (2,11) (2,10) (2,3) (1,8) (2,2) (10,32) (1,11) (1,8) (10,33) 
layer:1, node:MDDNode(1,u-55), in=10, out=32
choose: DIY electronics
split in: 10 -> (8,2)
split out: 32 -> (30,2,32)
add: MDDNode(1,u-60) MDDNode(1,u-61), del:MDDNode(1,u-55)
29 (9,35) (7,55) (7,21) (6,23) (6,12) (5,18) (4,12) (4,26) (4,17) (3,13) (3,30) (3,10) (3,13) (3,11) (3,9) (3,20) (3,9) (2,8) (2,3) (2,11) (2,10) (2,3) (1,8) (2,2) (1,11) (1,8) (10,33) (2,2) (8,30) 
layer:1, node:MDDNode(1,u-59), in=10, out=33
split in: 10 -> (9,1)
split out: 33 -> (25,8,33)
add: MDDNode(1,u-62) MDDNode(1,u-63), del:MDDNode(1,u-59)
30 (9,35) (7,55) (7,21) (6,23) (6,12) (5,18) (4,12) (4,26) (4,17) (3,13) (3,30) (3,10) (3,13) (3,11) (3,9) (3,20) (3,9) (2,8) (2,3) (2,11) (2,10) (2,3) (1,8) (2,2) (1,11) (1,8) (2,2) (8,30) (1,8) (9,25) 
layer:1, node:MDDNode(1,u-8), in=9, out=35
split in: 9 -> (8,1)
split out: 35 -> (30,5,35)
add: MDDNode(1,u-64) MDDNode(1,u-65), del:MDDNode(1,u-8)
31 (7,55) (7,21) (6,23) (6,12) (5,18) (4,12) (4,26) (4,17) (3,13) (3,30) (3,10) (3,13) (3,11) (3,9) (3,20) (3,9) (2,8) (2,3) (2,11) (2,10) (2,3) (1,8) (2,2) (1,11) (1,8) (2,2) (8,30) (1,8) (9,25) (1,5) (8,30) 
layer:1, node:MDDNode(1,u-63), in=9, out=25
split in: 9 -> (8,1)
split out: 25 -> (24,1,25)
add: MDDNode(1,u-66) MDDNode(1,u-67), del:MDDNode(1,u-63)
32 (7,55) (7,21) (6,23) (6,12) (5,18) (4,12) (4,26) (4,17) (3,13) (3,30) (3,10) (3,13) (3,11) (3,9) (3,20) (3,9) (2,8) (2,3) (2,11) (2,10) (2,3) (1,8) (2,2) (1,11) (1,8) (2,2) (8,30) (1,8) (1,5) (8,30) (1,1) (8,24) 
layer:1, node:MDDNode(1,u-61), in=8, out=30
choose: Business tools
split in: 8 -> (7,1)
split out: 30 -> (28,2,30)
add: MDDNode(1,u-68) MDDNode(1,u-69), del:MDDNode(1,u-61)
33 (7,55) (7,21) (6,23) (6,12) (5,18) (4,12) (4,26) (4,17) (3,13) (3,30) (3,10) (3,13) (3,11) (3,9) (3,20) (3,9) (2,8) (2,3) (2,11) (2,10) (2,3) (1,8) (2,2) (1,11) (1,8) (2,2) (1,8) (1,5) (8,30) (1,1) (8,24) (1,2) (7,28) 
layer:1, node:MDDNode(1,u-65), in=8, out=30
split in: 8 -> (7,1)
split out: 30 -> (29,2,31)
add: MDDNode(1,u-70) MDDNode(1,u-71), del:MDDNode(1,u-65)
34 (7,55) (7,21) (6,23) (6,12) (5,18) (4,12) (4,26) (4,17) (3,13) (3,30) (3,10) (3,13) (3,11) (3,9) (3,20) (3,9) (2,8) (2,3) (2,11) (2,10) (2,3) (1,8) (2,2) (1,11) (1,8) (2,2) (1,8) (1,5) (1,1) (8,24) (1,2) (7,28) (1,2) (7,29) 
layer:1, node:MDDNode(1,u-67), in=8, out=24
split in: 8 -> (7,1)
split out: 24 -> (20,4,24)
add: MDDNode(1,u-72) MDDNode(1,u-73), del:MDDNode(1,u-67)
35 (7,55) (7,21) (6,23) (6,12) (5,18) (4,12) (4,26) (4,17) (3,13) (3,30) (3,10) (3,13) (3,11) (3,9) (3,20) (3,9) (2,8) (2,3) (2,11) (2,10) (2,3) (1,8) (2,2) (1,11) (1,8) (2,2) (1,8) (1,5) (1,1) (1,2) (7,28) (1,2) (7,29) (1,4) (7,20) 
layer:1, node:MDDNode(1,u-10), in=7, out=55
split in: 7 -> (6,1)
split out: 55 -> (47,9,56)
add: MDDNode(1,u-74) MDDNode(1,u-75), del:MDDNode(1,u-10)
36 (7,21) (6,23) (6,12) (5,18) (4,12) (4,26) (4,17) (3,13) (3,30) (3,10) (3,13) (3,11) (3,9) (3,20) (3,9) (2,8) (2,3) (2,11) (2,10) (2,3) (1,8) (2,2) (1,11) (1,8) (2,2) (1,8) (1,5) (1,1) (1,2) (7,28) (1,2) (7,29) (1,4) (7,20) (1,9) (6,47) 
layer:1, node:MDDNode(1,u-12), in=7, out=21
split in: 7 -> (6,1)
split out: 21 -> (19,2,21)
add: MDDNode(1,u-76) MDDNode(1,u-77), del:MDDNode(1,u-12)
37 (6,23) (6,12) (5,18) (4,12) (4,26) (4,17) (3,13) (3,30) (3,10) (3,13) (3,11) (3,9) (3,20) (3,9) (2,8) (2,3) (2,11) (2,10) (2,3) (1,8) (2,2) (1,11) (1,8) (2,2) (1,8) (1,5) (1,1) (1,2) (7,28) (1,2) (7,29) (1,4) (7,20) (1,9) (6,47) (1,2) (6,19) 
layer:1, node:MDDNode(1,u-69), in=7, out=28
choose: Music
split in: 7 -> (6,1)
split out: 28 -> (24,4,28)
add: MDDNode(1,u-78) MDDNode(1,u-79), del:MDDNode(1,u-69)
38 (6,23) (6,12) (5,18) (4,12) (4,26) (4,17) (3,13) (3,30) (3,10) (3,13) (3,11) (3,9) (3,20) (3,9) (2,8) (2,3) (2,11) (2,10) (2,3) (1,8) (2,2) (1,11) (1,8) (2,2) (1,8) (1,5) (1,1) (1,2) (1,2) (7,29) (1,4) (7,20) (1,9) (6,47) (1,2) (6,19) (1,4) (6,24) 
layer:1, node:MDDNode(1,u-71), in=7, out=29
split in: 7 -> (6,1)
split out: 29 -> (27,3,30)
add: MDDNode(1,u-80) MDDNode(1,u-81), del:MDDNode(1,u-71)
39 (6,23) (6,12) (5,18) (4,12) (4,26) (4,17) (3,13) (3,30) (3,10) (3,13) (3,11) (3,9) (3,20) (3,9) (2,8) (2,3) (2,11) (2,10) (2,3) (1,8) (2,2) (1,11) (1,8) (2,2) (1,8) (1,5) (1,1) (1,2) (1,2) (1,4) (7,20) (1,9) (6,47) (1,2) (6,19) (1,4) (6,24) (1,3) (6,27) 
layer:1, node:MDDNode(1,u-73), in=7, out=20
split in: 7 -> (6,1)
split out: 20 -> (20,2,22)
add: MDDNode(1,u-82) MDDNode(1,u-83), del:MDDNode(1,u-73)
40 (6,23) (6,12) (5,18) (4,12) (4,26) (4,17) (3,13) (3,30) (3,10) (3,13) (3,11) (3,9) (3,20) (3,9) (2,8) (2,3) (2,11) (2,10) (2,3) (1,8) (2,2) (1,11) (1,8) (2,2) (1,8) (1,5) (1,1) (1,2) (1,2) (1,4) (1,9) (6,47) (1,2) (6,19) (1,4) (6,24) (1,3) (6,27) (1,2) (6,20) 
layer:3, node:MDDNode(3,u_3), in=88, out=161
choose: Notifications
split in: 88 -> (81,7)
split out: 161 -> (154,9,163)
add: MDDNode(3,u-84) MDDNode(3,u-85), del:MDDNode(3,u_3)
2 (7,9) (81,154) 
layer:3, node:MDDNode(3,u-85), in=81, out=154
choose: Bookmarking
split in: 81 -> (75,6)
split out: 154 -> (148,7,155)
add: MDDNode(3,u-86) MDDNode(3,u-87), del:MDDNode(3,u-85)
3 (7,9) (6,7) (75,148) 
layer:3, node:MDDNode(3,u-87), in=75, out=148
choose: Social networks
split in: 75 -> (69,6)
split out: 148 -> (135,14,149)
add: MDDNode(3,u-88) MDDNode(3,u-89), del:MDDNode(3,u-87)
4 (7,9) (6,7) (6,14) (69,135) 
layer:3, node:MDDNode(3,u-89), in=69, out=135
choose: Others
split in: 69 -> (63,6)
split out: 135 -> (125,12,137)
add: MDDNode(3,u-90) MDDNode(3,u-91), del:MDDNode(3,u-89)
5 (7,9) (6,7) (6,14) (6,12) (63,125) 
layer:3, node:MDDNode(3,u-91), in=63, out=125
choose: Mobile devices & accessories
split in: 63 -> (59,4)
split out: 125 -> (120,7,127)
add: MDDNode(3,u-92) MDDNode(3,u-93), del:MDDNode(3,u-91)
6 (7,9) (6,7) (6,14) (6,12) (4,7) (59,120) 
layer:3, node:MDDNode(3,u-93), in=59, out=120
choose: Cloud storage
split in: 59 -> (55,4)
split out: 120 -> (113,7,120)
add: MDDNode(3,u-94) MDDNode(3,u-95), del:MDDNode(3,u-93)
7 (7,9) (6,7) (6,14) (6,12) (4,7) (4,7) (55,113) 
layer:3, node:MDDNode(3,u-95), in=55, out=113
choose: Power monitoring & management
split in: 55 -> (51,4)
split out: 113 -> (109,9,118)
add: MDDNode(3,u-96) MDDNode(3,u-97), del:MDDNode(3,u-95)
8 (7,9) (6,7) (6,14) (6,12) (4,7) (4,7) (4,9) (51,109) 
layer:3, node:MDDNode(3,u-97), in=51, out=109
choose: Email
split in: 51 -> (47,4)
split out: 109 -> (104,5,109)
add: MDDNode(3,u-98) MDDNode(3,u-99), del:MDDNode(3,u-97)
9 (7,9) (6,7) (6,14) (6,12) (4,7) (4,7) (4,9) (4,5) (47,104) 
layer:3, node:MDDNode(3,u-99), in=47, out=104
choose: Environment control & monitoring
split in: 47 -> (43,4)
split out: 104 -> (94,10,104)
add: MDDNode(3,u-100) MDDNode(3,u-101), del:MDDNode(3,u-99)
10 (7,9) (6,7) (6,14) (6,12) (4,7) (4,7) (4,9) (4,5) (4,10) (43,94) 
layer:3, node:MDDNode(3,u-101), in=43, out=94
choose: Security & monitoring systems
split in: 43 -> (39,4)
split out: 94 -> (77,17,94)
add: MDDNode(3,u-102) MDDNode(3,u-103), del:MDDNode(3,u-101)
11 (7,9) (6,7) (6,14) (6,12) (4,7) (4,7) (4,9) (4,5) (4,10) (4,17) (39,77) 
layer:3, node:MDDNode(3,u-103), in=39, out=77
choose: Photo & video
split in: 39 -> (35,4)
split out: 77 -> (73,4,77)
add: MDDNode(3,u-104) MDDNode(3,u-105), del:MDDNode(3,u-103)
12 (7,9) (6,7) (6,14) (6,12) (4,7) (4,7) (4,9) (4,5) (4,10) (4,17) (4,4) (35,73) 
layer:3, node:MDDNode(3,u-105), in=35, out=73
choose: Communication
split in: 35 -> (31,4)
split out: 73 -> (69,4,73)
add: MDDNode(3,u-106) MDDNode(3,u-107), del:MDDNode(3,u-105)
13 (7,9) (6,7) (6,14) (6,12) (4,7) (4,7) (4,9) (4,5) (4,10) (4,17) (4,4) (4,4) (31,69) 
layer:3, node:MDDNode(3,u-107), in=31, out=69
choose: Health & fitness
split in: 31 -> (28,3)
split out: 69 -> (67,3,70)
add: MDDNode(3,u-108) MDDNode(3,u-109), del:MDDNode(3,u-107)
14 (7,9) (6,7) (6,14) (6,12) (4,7) (4,7) (4,9) (4,5) (4,10) (4,17) (4,4) (4,4) (3,3) (28,67) 
layer:3, node:MDDNode(3,u-109), in=28, out=67
choose: Blogging
split in: 28 -> (25,3)
split out: 67 -> (60,7,67)
add: MDDNode(3,u-110) MDDNode(3,u-111), del:MDDNode(3,u-109)
15 (7,9) (6,7) (6,14) (6,12) (4,7) (4,7) (4,9) (4,5) (4,10) (4,17) (4,4) (4,4) (3,3) (3,7) (25,60) 
layer:3, node:MDDNode(3,u-111), in=25, out=60
choose: Smart hubs & systems
split in: 25 -> (22,3)
split out: 60 -> (51,9,60)
add: MDDNode(3,u-112) MDDNode(3,u-113), del:MDDNode(3,u-111)
16 (7,9) (6,7) (6,14) (6,12) (4,7) (4,7) (4,9) (4,5) (4,10) (4,17) (4,4) (4,4) (3,3) (3,7) (3,9) (22,51) 
layer:3, node:MDDNode(3,u-113), in=22, out=51
choose: Business tools
split in: 22 -> (20,2)
split out: 51 -> (48,3,51)
add: MDDNode(3,u-114) MDDNode(3,u-115), del:MDDNode(3,u-113)
17 (7,9) (6,7) (6,14) (6,12) (4,7) (4,7) (4,9) (4,5) (4,10) (4,17) (4,4) (4,4) (3,3) (3,7) (3,9) (2,3) (20,48) 
layer:3, node:MDDNode(3,u-115), in=20, out=48
choose: Lighting
split in: 20 -> (18,2)
split out: 48 -> (36,13,49)
add: MDDNode(3,u-116) MDDNode(3,u-117), del:MDDNode(3,u-115)
18 (7,9) (6,7) (6,14) (6,12) (4,7) (4,7) (4,9) (4,5) (4,10) (4,17) (4,4) (4,4) (3,3) (3,7) (3,9) (2,3) (2,13) (18,36) 
layer:3, node:MDDNode(3,u-117), in=18, out=36
choose: Developer tools
split in: 18 -> (16,2)
split out: 36 -> (33,3,36)
add: MDDNode(3,u-118) MDDNode(3,u-119), del:MDDNode(3,u-117)
19 (7,9) (6,7) (6,14) (6,12) (4,7) (4,7) (4,9) (4,5) (4,10) (4,17) (4,4) (4,4) (3,3) (3,7) (3,9) (2,3) (2,13) (2,3) (16,33) 
layer:3, node:MDDNode(3,u-119), in=16, out=33
choose: Notes
split in: 16 -> (14,2)
split out: 33 -> (24,9,33)
add: MDDNode(3,u-120) MDDNode(3,u-121), del:MDDNode(3,u-119)
20 (7,9) (6,7) (6,14) (6,12) (4,7) (4,7) (4,9) (4,5) (4,10) (4,17) (4,4) (4,4) (3,3) (3,7) (3,9) (2,3) (2,13) (2,3) (2,9) (14,24) 
layer:3, node:MDDNode(3,u-121), in=14, out=24
choose: News & information
split in: 14 -> (12,2)
split out: 24 -> (21,3,24)
add: MDDNode(3,u-122) MDDNode(3,u-123), del:MDDNode(3,u-121)
21 (7,9) (6,7) (6,14) (6,12) (4,7) (4,7) (4,9) (4,5) (4,10) (4,17) (4,4) (4,4) (3,3) (3,7) (3,9) (2,3) (2,13) (2,3) (2,9) (2,3) (12,21) 
layer:3, node:MDDNode(3,u-123), in=12, out=21
choose: Task management & to-dos
split in: 12 -> (10,2)
split out: 21 -> (19,3,22)
add: MDDNode(3,u-124) MDDNode(3,u-125), del:MDDNode(3,u-123)
22 (7,9) (6,7) (6,14) (6,12) (4,7) (4,7) (4,9) (4,5) (4,10) (4,17) (4,4) (4,4) (3,3) (3,7) (3,9) (2,3) (2,13) (2,3) (2,9) (2,3) (2,3) (10,19) 
layer:3, node:MDDNode(3,u-125), in=10, out=19
choose: Clocks & displays
split in: 10 -> (9,1)
split out: 19 -> (18,1,19)
add: MDDNode(3,u-126) MDDNode(3,u-127), del:MDDNode(3,u-125)
23 (7,9) (6,7) (6,14) (6,12) (4,7) (4,7) (4,9) (4,5) (4,10) (4,17) (4,4) (4,4) (3,3) (3,7) (3,9) (2,3) (2,13) (2,3) (2,9) (2,3) (2,3) (1,1) (9,18) 
layer:3, node:MDDNode(3,u-127), in=9, out=18
choose: Shopping
split in: 9 -> (8,1)
split out: 18 -> (17,1,18)
add: MDDNode(3,u-128) MDDNode(3,u-129), del:MDDNode(3,u-127)
24 (7,9) (6,7) (6,14) (6,12) (4,7) (4,7) (4,9) (4,5) (4,10) (4,17) (4,4) (4,4) (3,3) (3,7) (3,9) (2,3) (2,13) (2,3) (2,9) (2,3) (2,3) (1,1) (1,1) (8,17) 
layer:3, node:MDDNode(3,u-129), in=8, out=17
choose: Calendars & scheduling
split in: 8 -> (7,1)
split out: 17 -> (16,1,17)
add: MDDNode(3,u-130) MDDNode(3,u-131), del:MDDNode(3,u-129)
25 (7,9) (6,7) (6,14) (6,12) (4,7) (4,7) (4,9) (4,5) (4,10) (4,17) (4,4) (4,4) (3,3) (3,7) (3,9) (2,3) (2,13) (2,3) (2,9) (2,3) (2,3) (1,1) (1,1) (1,1) (7,16) 
layer:3, node:MDDNode(3,u-84), in=7, out=9
split in: 7 -> (6,1)
split out: 9 -> (9,1,10)
add: MDDNode(3,u-132) MDDNode(3,u-133), del:MDDNode(3,u-84)
26 (6,7) (6,14) (6,12) (4,7) (4,7) (4,9) (4,5) (4,10) (4,17) (4,4) (4,4) (3,3) (3,7) (3,9) (2,3) (2,13) (2,3) (2,9) (2,3) (2,3) (1,1) (1,1) (1,1) (7,16) (1,1) (6,9) 
layer:3, node:MDDNode(3,u-131), in=7, out=16
choose: Routers & computer accessories
split in: 7 -> (6,1)
split out: 16 -> (15,1,16)
add: MDDNode(3,u-134) MDDNode(3,u-135), del:MDDNode(3,u-131)
27 (6,7) (6,14) (6,12) (4,7) (4,7) (4,9) (4,5) (4,10) (4,17) (4,4) (4,4) (3,3) (3,7) (3,9) (2,3) (2,13) (2,3) (2,9) (2,3) (2,3) (1,1) (1,1) (1,1) (1,1) (6,9) (1,1) (6,15) 
layer:3, node:MDDNode(3,u-86), in=6, out=7
split in: 6 -> (5,1)
split out: 7 -> (6,3,9)
add: MDDNode(3,u-136) MDDNode(3,u-137), del:MDDNode(3,u-86)
28 (6,14) (6,12) (4,7) (4,7) (4,9) (4,5) (4,10) (4,17) (4,4) (4,4) (3,3) (3,7) (3,9) (2,3) (2,13) (2,3) (2,9) (2,3) (2,3) (1,1) (1,1) (1,1) (1,1) (6,9) (1,1) (6,15) (1,3) (5,6) 
layer:3, node:MDDNode(3,u-88), in=6, out=14
split in: 6 -> (5,1)
split out: 14 -> (12,2,14)
add: MDDNode(3,u-138) MDDNode(3,u-139), del:MDDNode(3,u-88)
29 (6,12) (4,7) (4,7) (4,9) (4,5) (4,10) (4,17) (4,4) (4,4) (3,3) (3,7) (3,9) (2,3) (2,13) (2,3) (2,9) (2,3) (2,3) (1,1) (1,1) (1,1) (1,1) (6,9) (1,1) (6,15) (1,3) (5,6) (1,2) (5,12) 
layer:3, node:MDDNode(3,u-90), in=6, out=12
split in: 6 -> (5,1)
split out: 12 -> (11,1,12)
add: MDDNode(3,u-140) MDDNode(3,u-141), del:MDDNode(3,u-90)
30 (4,7) (4,7) (4,9) (4,5) (4,10) (4,17) (4,4) (4,4) (3,3) (3,7) (3,9) (2,3) (2,13) (2,3) (2,9) (2,3) (2,3) (1,1) (1,1) (1,1) (1,1) (6,9) (1,1) (6,15) (1,3) (5,6) (1,2) (5,12) (1,1) (5,11) 
layer:3, node:MDDNode(3,u-133), in=6, out=9
split in: 6 -> (5,1)
split out: 9 -> (8,1,9)
add: MDDNode(3,u-142) MDDNode(3,u-143), del:MDDNode(3,u-133)
31 (4,7) (4,7) (4,9) (4,5) (4,10) (4,17) (4,4) (4,4) (3,3) (3,7) (3,9) (2,3) (2,13) (2,3) (2,9) (2,3) (2,3) (1,1) (1,1) (1,1) (1,1) (1,1) (6,15) (1,3) (5,6) (1,2) (5,12) (1,1) (5,11) (1,1) (5,8) 
layer:3, node:MDDNode(3,u-135), in=6, out=15
choose: DIY electronics
split in: 6 -> (5,1)
split out: 15 -> (13,2,15)
add: MDDNode(3,u-144) MDDNode(3,u-145), del:MDDNode(3,u-135)
32 (4,7) (4,7) (4,9) (4,5) (4,10) (4,17) (4,4) (4,4) (3,3) (3,7) (3,9) (2,3) (2,13) (2,3) (2,9) (2,3) (2,3) (1,1) (1,1) (1,1) (1,1) (1,1) (1,3) (5,6) (1,2) (5,12) (1,1) (5,11) (1,1) (5,8) (1,2) (5,13) 
layer:3, node:MDDNode(3,u-137), in=5, out=6
split in: 5 -> (4,1)
split out: 6 -> (6,2,8)
add: MDDNode(3,u-146) MDDNode(3,u-147), del:MDDNode(3,u-137)
33 (4,7) (4,7) (4,9) (4,5) (4,10) (4,17) (4,4) (4,4) (3,3) (3,7) (3,9) (2,3) (2,13) (2,3) (2,9) (2,3) (2,3) (1,1) (1,1) (1,1) (1,1) (1,1) (1,3) (1,2) (5,12) (1,1) (5,11) (1,1) (5,8) (1,2) (5,13) (1,2) (4,6) 
layer:3, node:MDDNode(3,u-139), in=5, out=12
split in: 5 -> (4,1)
split out: 12 -> (12,3,15)
add: MDDNode(3,u-148) MDDNode(3,u-149), del:MDDNode(3,u-139)
34 (4,7) (4,7) (4,9) (4,5) (4,10) (4,17) (4,4) (4,4) (3,3) (3,7) (3,9) (2,3) (2,13) (2,3) (2,9) (2,3) (2,3) (1,1) (1,1) (1,1) (1,1) (1,1) (1,3) (1,2) (1,1) (5,11) (1,1) (5,8) (1,2) (5,13) (1,2) (4,6) (1,3) (4,12) 
layer:3, node:MDDNode(3,u-141), in=5, out=11
split in: 5 -> (4,1)
split out: 11 -> (10,1,11)
add: MDDNode(3,u-150) MDDNode(3,u-151), del:MDDNode(3,u-141)
35 (4,7) (4,7) (4,9) (4,5) (4,10) (4,17) (4,4) (4,4) (3,3) (3,7) (3,9) (2,3) (2,13) (2,3) (2,9) (2,3) (2,3) (1,1) (1,1) (1,1) (1,1) (1,1) (1,3) (1,2) (1,1) (1,1) (5,8) (1,2) (5,13) (1,2) (4,6) (1,3) (4,12) (1,1) (4,10) 
layer:3, node:MDDNode(3,u-143), in=5, out=8
split in: 5 -> (4,1)
split out: 8 -> (8,1,9)
add: MDDNode(3,u-152) MDDNode(3,u-153), del:MDDNode(3,u-143)
36 (4,7) (4,7) (4,9) (4,5) (4,10) (4,17) (4,4) (4,4) (3,3) (3,7) (3,9) (2,3) (2,13) (2,3) (2,9) (2,3) (2,3) (1,1) (1,1) (1,1) (1,1) (1,1) (1,3) (1,2) (1,1) (1,1) (1,2) (5,13) (1,2) (4,6) (1,3) (4,12) (1,1) (4,10) (1,1) (4,8) 
layer:3, node:MDDNode(3,u-145), in=5, out=13
choose: Pet trackers
split in: 5 -> (4,1)
split out: 13 -> (11,2,13)
add: MDDNode(3,u-154) MDDNode(3,u-155), del:MDDNode(3,u-145)
37 (4,7) (4,7) (4,9) (4,5) (4,10) (4,17) (4,4) (4,4) (3,3) (3,7) (3,9) (2,3) (2,13) (2,3) (2,9) (2,3) (2,3) (1,1) (1,1) (1,1) (1,1) (1,1) (1,3) (1,2) (1,1) (1,1) (1,2) (1,2) (4,6) (1,3) (4,12) (1,1) (4,10) (1,1) (4,8) (1,2) (4,11) 
layer:3, node:MDDNode(3,u-92), in=4, out=7
split in: 4 -> (3,1)
split out: 7 -> (4,3,7)
add: MDDNode(3,u-156) MDDNode(3,u-157), del:MDDNode(3,u-92)
38 (4,7) (4,9) (4,5) (4,10) (4,17) (4,4) (4,4) (3,3) (3,7) (3,9) (2,3) (2,13) (2,3) (2,9) (2,3) (2,3) (1,1) (1,1) (1,1) (1,1) (1,1) (1,3) (1,2) (1,1) (1,1) (1,2) (1,2) (4,6) (1,3) (4,12) (1,1) (4,10) (1,1) (4,8) (1,2) (4,11) (1,3) (3,4) 
layer:3, node:MDDNode(3,u-94), in=4, out=7
split in: 4 -> (3,1)
split out: 7 -> (4,4,8)
add: MDDNode(3,u-158) MDDNode(3,u-159), del:MDDNode(3,u-94)
39 (4,9) (4,5) (4,10) (4,17) (4,4) (4,4) (3,3) (3,7) (3,9) (2,3) (2,13) (2,3) (2,9) (2,3) (2,3) (1,1) (1,1) (1,1) (1,1) (1,1) (1,3) (1,2) (1,1) (1,1) (1,2) (1,2) (4,6) (1,3) (4,12) (1,1) (4,10) (1,1) (4,8) (1,2) (4,11) (1,3) (3,4) (1,4) (3,4) 
layer:3, node:MDDNode(3,u-96), in=4, out=9
split in: 4 -> (3,1)
split out: 9 -> (8,5,13)
add: MDDNode(3,u-160) MDDNode(3,u-161), del:MDDNode(3,u-96)
40 (4,5) (4,10) (4,17) (4,4) (4,4) (3,3) (3,7) (3,9) (2,3) (2,13) (2,3) (2,9) (2,3) (2,3) (1,1) (1,1) (1,1) (1,1) (1,1) (1,3) (1,2) (1,1) (1,1) (1,2) (1,2) (4,6) (1,3) (4,12) (1,1) (4,10) (1,1) (4,8) (1,2) (4,11) (1,3) (3,4) (1,4) (3,4) (1,5) (3,8) 
=profile=
(0, 111) 
(6, 23) (6, 12) (5, 18) (4, 12) (4, 26) (4, 17) (3, 13) (3, 30) (3, 10) (3, 13) (3, 11) (3, 9) (3, 20) (3, 9) (2, 8) (2, 3) (2, 11) (2, 10) (2, 3) (1, 8) (2, 2) (1, 11) (1, 8) (2, 2) (1, 8) (1, 5) (1, 1) (1, 2) (1, 2) (1, 4) (1, 9) (6, 47) (1, 2) (6, 19) (1, 4) (6, 24) (1, 3) (6, 27) (1, 2) (6, 20) 
(468, 88) 
(4, 5) (4, 10) (4, 17) (4, 4) (4, 4) (3, 3) (3, 7) (3, 9) (2, 3) (2, 13) (2, 3) (2, 9) (2, 3) (2, 3) (1, 1) (1, 1) (1, 1) (1, 1) (1, 1) (1, 3) (1, 2) (1, 1) (1, 1) (1, 2) (1, 2) (4, 6) (1, 3) (4, 12) (1, 1) (4, 10) (1, 1) (4, 8) (1, 2) (4, 11) (1, 3) (3, 4) (1, 4) (3, 4) (1, 5) (3, 8) 
(191, 1) 
(1, 0) 
dump to the pickle
the graph width list : [1, 40, 1, 40, 1, 1]
it 1 dev 26.90   dev_h 43.92   dev_v 97.25   new_test 36.07   new_test_h 33.35   new_test_v 97.01   save: 36.07 T: 2020-01-13T20:34 
it 2 dev 30.95   dev_h 41.39   dev_v 97.18   new_test 40.40   new_test_h 31.25   new_test_v 97.49   save: 40.40 T: 2020-01-13T20:36 
it 3 dev 31.27   dev_h 41.56   dev_v 97.61   new_test 41.04   new_test_h 30.77   new_test_v 97.78   save: 41.04 T: 2020-01-13T20:38 
it 4 dev 30.67   dev_h 41.52   dev_v 96.96   new_test 40.96   new_test_h 30.58   new_test_v 96.93   
it 5 dev 31.08   dev_h 41.39   dev_v 97.01   new_test 42.46   new_test_h 29.98   new_test_v 97.90   
it 6 dev 30.76   dev_h 41.49   dev_v 97.08   new_test 41.29   new_test_h 30.68   new_test_v 97.17   
it 7 dev 30.98   dev_h 41.25   dev_v 97.28   new_test 41.65   new_test_h 30.50   new_test_v 98.06   
it 8 dev 31.00   dev_h 41.48   dev_v 97.35   new_test 41.65   new_test_h 30.83   new_test_v 97.65   
it 9 dev 30.54   dev_h 41.72   dev_v 97.08   new_test 41.08   new_test_h 31.03   new_test_v 97.53   
it 10 dev 30.79   dev_h 41.53   dev_v 97.13   new_test 41.73   new_test_h 30.88   new_test_v 97.41   
it 11 dev 30.23   dev_h 41.84   dev_v 97.01   new_test 41.16   new_test_h 31.21   new_test_v 97.37   
it 12 dev 30.33   dev_h 41.80   dev_v 97.13   new_test 40.80   new_test_h 31.26   new_test_v 97.33   
it 13 dev 30.30   dev_h 41.82   dev_v 97.13   new_test 41.12   new_test_h 31.19   new_test_v 97.37   
