args Namespace(config='configs/config_l.json', dataset='dataset/IFTTT/msr_data.pkl', load_model=None, mode='train', output='model/ifttt/width-49/', width='49')
configure: {'max_word_id': 4000, 'bidirectional': True, 'cell_type': 'gru', 'decoder': 'attention', 'embedding_size': 160, 'keep_prob': 0.45, 'memory_size': 25, 'num_units': 160, 'use_embedding': True, 'epoches': 15, 'batch_size': 32, 'init': {'name': 'random_uniform_initializer', 'scale': 0.1}, 'lr_scheduler': {'decay_steps': 5000, 'init_lr': 0.002, 'decay_rate': 0.9, 'staircase': True}, 'max_grad_norm': 1, 'optimizer': 'AdamOptimizer'}
# path 8549
model/ifttt/width-49/dataset-w-49.pkl
load raw and dump to file
numArcLayers: 5
1 1 49
layer 1 incoming edges: 111
choose: News & information
split the incoming edges: 111 13 98
the value pair of raw_data is: 492
split the outgoings edges: 443 60 386 446
add node: MDDNode(1,u_6) MDDNode(1,u_7), remove node: MDDNode(1,u_1)
1 2 49
layer 1 incoming edges: 98
choose: Photo & video
split the incoming edges: 98 9 89
the value pair of raw_data is: 492
split the outgoings edges: 386 35 351 386
add node: MDDNode(1,u_8) MDDNode(1,u_9), remove node: MDDNode(1,u_7)
1 3 49
layer 1 incoming edges: 89
choose: Social networks
split the incoming edges: 89 7 82
the value pair of raw_data is: 492
split the outgoings edges: 351 55 296 351
add node: MDDNode(1,u_10) MDDNode(1,u_11), remove node: MDDNode(1,u_9)
1 4 49
layer 1 incoming edges: 82
choose: Others
split the incoming edges: 82 7 75
the value pair of raw_data is: 492
split the outgoings edges: 296 21 280 301
add node: MDDNode(1,u_12) MDDNode(1,u_13), remove node: MDDNode(1,u_11)
1 5 49
layer 1 incoming edges: 75
choose: Bookmarking
split the incoming edges: 75 6 69
the value pair of raw_data is: 492
split the outgoings edges: 280 12 268 280
add node: MDDNode(1,u_14) MDDNode(1,u_15), remove node: MDDNode(1,u_13)
1 6 49
layer 1 incoming edges: 69
choose: Shopping
split the incoming edges: 69 6 63
the value pair of raw_data is: 492
split the outgoings edges: 268 23 245 268
add node: MDDNode(1,u_16) MDDNode(1,u_17), remove node: MDDNode(1,u_15)
1 7 49
layer 1 incoming edges: 63
choose: Security & monitoring systems
split the incoming edges: 63 5 58
the value pair of raw_data is: 492
split the outgoings edges: 245 18 228 246
add node: MDDNode(1,u_18) MDDNode(1,u_19), remove node: MDDNode(1,u_17)
1 8 49
layer 1 incoming edges: 58
choose: Finance & payments
split the incoming edges: 58 4 54
the value pair of raw_data is: 492
split the outgoings edges: 228 17 211 228
add node: MDDNode(1,u_20) MDDNode(1,u_21), remove node: MDDNode(1,u_19)
1 9 49
layer 1 incoming edges: 54
choose: Health & fitness
split the incoming edges: 54 4 50
the value pair of raw_data is: 492
split the outgoings edges: 211 26 186 212
add node: MDDNode(1,u_22) MDDNode(1,u_23), remove node: MDDNode(1,u_21)
1 10 49
layer 1 incoming edges: 50
choose: Mobile devices & accessories
split the incoming edges: 50 4 46
the value pair of raw_data is: 492
split the outgoings edges: 186 12 174 186
add node: MDDNode(1,u_24) MDDNode(1,u_25), remove node: MDDNode(1,u_23)
1 11 49
layer 1 incoming edges: 46
choose: Gardening
split the incoming edges: 46 3 43
the value pair of raw_data is: 492
split the outgoings edges: 174 9 165 174
add node: MDDNode(1,u_26) MDDNode(1,u_27), remove node: MDDNode(1,u_25)
1 12 49
layer 1 incoming edges: 43
choose: Notifications
split the incoming edges: 43 3 40
the value pair of raw_data is: 492
split the outgoings edges: 165 4 161 165
add node: MDDNode(1,u_28) MDDNode(1,u_29), remove node: MDDNode(1,u_27)
1 13 49
layer 1 incoming edges: 40
choose: Email
split the incoming edges: 40 3 37
the value pair of raw_data is: 492
split the outgoings edges: 161 10 151 161
add node: MDDNode(1,u_30) MDDNode(1,u_31), remove node: MDDNode(1,u_29)
1 14 49
layer 1 incoming edges: 37
choose: Power monitoring & management
split the incoming edges: 37 3 34
the value pair of raw_data is: 492
split the outgoings edges: 151 11 142 153
add node: MDDNode(1,u_32) MDDNode(1,u_33), remove node: MDDNode(1,u_31)
1 15 49
layer 1 incoming edges: 34
choose: Weather
split the incoming edges: 34 3 31
the value pair of raw_data is: 492
split the outgoings edges: 142 30 116 146
add node: MDDNode(1,u_34) MDDNode(1,u_35), remove node: MDDNode(1,u_33)
1 16 49
layer 1 incoming edges: 31
choose: Smart hubs & systems
split the incoming edges: 31 3 28
the value pair of raw_data is: 492
split the outgoings edges: 116 20 100 120
add node: MDDNode(1,u_36) MDDNode(1,u_37), remove node: MDDNode(1,u_35)
1 17 49
layer 1 incoming edges: 28
choose: Environment control & monitoring
split the incoming edges: 28 3 25
the value pair of raw_data is: 492
split the outgoings edges: 100 9 91 100
add node: MDDNode(1,u_38) MDDNode(1,u_39), remove node: MDDNode(1,u_37)
1 18 49
layer 1 incoming edges: 25
choose: Blogging
split the incoming edges: 25 3 22
the value pair of raw_data is: 492
split the outgoings edges: 91 13 78 91
add node: MDDNode(1,u_40) MDDNode(1,u_41), remove node: MDDNode(1,u_39)
1 19 49
layer 1 incoming edges: 22
choose: Calendars & scheduling
split the incoming edges: 22 2 20
the value pair of raw_data is: 492
split the outgoings edges: 78 8 70 78
add node: MDDNode(1,u_42) MDDNode(1,u_43), remove node: MDDNode(1,u_41)
1 20 49
layer 1 incoming edges: 20
choose: Communication
split the incoming edges: 20 2 18
the value pair of raw_data is: 492
split the outgoings edges: 70 12 58 70
add node: MDDNode(1,u_44) MDDNode(1,u_45), remove node: MDDNode(1,u_43)
1 21 49
layer 1 incoming edges: 18
choose: Appliances
split the incoming edges: 18 2 16
the value pair of raw_data is: 492
split the outgoings edges: 58 2 56 58
add node: MDDNode(1,u_46) MDDNode(1,u_47), remove node: MDDNode(1,u_45)
1 22 49
layer 1 incoming edges: 16
choose: DIY electronics
split the incoming edges: 16 2 14
the value pair of raw_data is: 492
split the outgoings edges: 56 2 54 56
add node: MDDNode(1,u_48) MDDNode(1,u_49), remove node: MDDNode(1,u_47)
1 23 49
layer 1 incoming edges: 14
choose: Task management & to-dos
split the incoming edges: 14 2 12
the value pair of raw_data is: 492
split the outgoings edges: 54 11 43 54
add node: MDDNode(1,u_50) MDDNode(1,u_51), remove node: MDDNode(1,u_49)
1 24 49
layer 1 incoming edges: 13
only split: [MDDArc('instyle', MDDNode(0, 's'), MDDNode(1, 'u_6'))]
split the incoming edges: 13 1 12
the value pair of raw_data is: 492
split the outgoings edges: 60 2 60 62
add node: MDDNode(1,u_52) MDDNode(1,u_53), remove node: MDDNode(1,u_6)
1 25 49
layer 1 incoming edges: 12
choose: Connected car
split the incoming edges: 12 2 10
the value pair of raw_data is: 492
split the outgoings edges: 43 10 33 43
add node: MDDNode(1,u_54) MDDNode(1,u_55), remove node: MDDNode(1,u_51)
1 26 49
layer 1 incoming edges: 12
only split: [MDDArc('ifttt', MDDNode(0, 's'), MDDNode(1, 'u_53'))]
split the incoming edges: 12 1 11
the value pair of raw_data is: 492
split the outgoings edges: 60 11 49 60
add node: MDDNode(1,u_56) MDDNode(1,u_57), remove node: MDDNode(1,u_53)
1 27 49
layer 1 incoming edges: 11
only split: [MDDArc('time', MDDNode(0, 's'), MDDNode(1, 'u_57'))]
split the incoming edges: 11 1 10
the value pair of raw_data is: 492
split the outgoings edges: 49 2 49 51
add node: MDDNode(1,u_58) MDDNode(1,u_59), remove node: MDDNode(1,u_57)
1 28 49
layer 1 incoming edges: 10
choose: Contacts
split the incoming edges: 10 2 8
the value pair of raw_data is: 492
split the outgoings edges: 33 3 30 33
add node: MDDNode(1,u_60) MDDNode(1,u_61), remove node: MDDNode(1,u_55)
1 29 49
layer 1 incoming edges: 10
only split: [MDDArc('feedly', MDDNode(0, 's'), MDDNode(1, 'u_59'))]
split the incoming edges: 10 1 9
the value pair of raw_data is: 492
split the outgoings edges: 49 4 45 49
add node: MDDNode(1,u_62) MDDNode(1,u_63), remove node: MDDNode(1,u_59)
1 30 49
layer 1 incoming edges: 9
only split: [MDDArc('giphy', MDDNode(0, 's'), MDDNode(1, 'u_8'))]
split the incoming edges: 9 1 8
the value pair of raw_data is: 492
split the outgoings edges: 35 3 32 35
add node: MDDNode(1,u_64) MDDNode(1,u_65), remove node: MDDNode(1,u_8)
1 31 49
layer 1 incoming edges: 9
only split: [MDDArc('newsblur', MDDNode(0, 's'), MDDNode(1, 'u_63'))]
split the incoming edges: 9 1 8
the value pair of raw_data is: 492
split the outgoings edges: 45 4 41 45
add node: MDDNode(1,u_66) MDDNode(1,u_67), remove node: MDDNode(1,u_63)
1 32 49
layer 1 incoming edges: 8
choose: Developer tools
split the incoming edges: 8 1 7
the value pair of raw_data is: 492
split the outgoings edges: 30 5 25 30
add node: MDDNode(1,u_68) MDDNode(1,u_69), remove node: MDDNode(1,u_61)
1 33 49
layer 1 incoming edges: 8
only split: [MDDArc('ios_photos', MDDNode(0, 's'), MDDNode(1, 'u_65'))]
split the incoming edges: 8 1 7
the value pair of raw_data is: 492
split the outgoings edges: 32 6 29 35
add node: MDDNode(1,u_70) MDDNode(1,u_71), remove node: MDDNode(1,u_65)
1 34 49
layer 1 incoming edges: 8
only split: [MDDArc('craigslist', MDDNode(0, 's'), MDDNode(1, 'u_67'))]
split the incoming edges: 8 1 7
the value pair of raw_data is: 492
split the outgoings edges: 41 1 40 41
add node: MDDNode(1,u_72) MDDNode(1,u_73), remove node: MDDNode(1,u_67)
1 35 49
layer 1 incoming edges: 7
only split: [MDDArc('twitter', MDDNode(0, 's'), MDDNode(1, 'u_10'))]
split the incoming edges: 7 1 6
the value pair of raw_data is: 492
split the outgoings edges: 55 10 45 55
add node: MDDNode(1,u_74) MDDNode(1,u_75), remove node: MDDNode(1,u_10)
1 36 49
layer 1 incoming edges: 7
only split: [MDDArc('eyefi', MDDNode(0, 's'), MDDNode(1, 'u_12'))]
split the incoming edges: 7 1 6
the value pair of raw_data is: 492
split the outgoings edges: 21 2 19 21
add node: MDDNode(1,u_76) MDDNode(1,u_77), remove node: MDDNode(1,u_12)
1 37 49
layer 1 incoming edges: 7
choose: Lighting
split the incoming edges: 7 1 6
the value pair of raw_data is: 492
split the outgoings edges: 25 3 22 25
add node: MDDNode(1,u_78) MDDNode(1,u_79), remove node: MDDNode(1,u_69)
1 38 49
layer 1 incoming edges: 7
only split: [MDDArc('dailymotion', MDDNode(0, 's'), MDDNode(1, 'u_71'))]
split the incoming edges: 7 1 6
the value pair of raw_data is: 492
split the outgoings edges: 29 3 27 30
add node: MDDNode(1,u_80) MDDNode(1,u_81), remove node: MDDNode(1,u_71)
1 39 49
layer 1 incoming edges: 7
only split: [MDDArc('espn', MDDNode(0, 's'), MDDNode(1, 'u_73'))]
split the incoming edges: 7 1 6
the value pair of raw_data is: 492
split the outgoings edges: 40 6 34 40
add node: MDDNode(1,u_82) MDDNode(1,u_83), remove node: MDDNode(1,u_73)
1 40 49
layer 1 incoming edges: 6
only split: [MDDArc('pinboard', MDDNode(0, 's'), MDDNode(1, 'u_14'))]
split the incoming edges: 6 1 5
the value pair of raw_data is: 492
split the outgoings edges: 12 2 12 14
add node: MDDNode(1,u_84) MDDNode(1,u_85), remove node: MDDNode(1,u_14)
1 41 49
layer 1 incoming edges: 6
only split: [MDDArc('fiverr', MDDNode(0, 's'), MDDNode(1, 'u_16'))]
split the incoming edges: 6 1 5
the value pair of raw_data is: 492
split the outgoings edges: 23 9 14 23
add node: MDDNode(1,u_86) MDDNode(1,u_87), remove node: MDDNode(1,u_16)
1 42 49
layer 1 incoming edges: 6
only split: [MDDArc('foursquare', MDDNode(0, 's'), MDDNode(1, 'u_75'))]
split the incoming edges: 6 1 5
the value pair of raw_data is: 492
split the outgoings edges: 45 7 38 45
add node: MDDNode(1,u_88) MDDNode(1,u_89), remove node: MDDNode(1,u_75)
1 43 49
layer 1 incoming edges: 6
only split: [MDDArc('up_by_jawbone', MDDNode(0, 's'), MDDNode(1, 'u_77'))]
split the incoming edges: 6 1 5
the value pair of raw_data is: 492
split the outgoings edges: 19 13 6 19
add node: MDDNode(1,u_90) MDDNode(1,u_91), remove node: MDDNode(1,u_77)
1 44 49
layer 1 incoming edges: 6
choose: Cloud storage
split the incoming edges: 6 1 5
the value pair of raw_data is: 492
split the outgoings edges: 22 2 20 22
add node: MDDNode(1,u_92) MDDNode(1,u_93), remove node: MDDNode(1,u_79)
1 45 49
layer 1 incoming edges: 6
only split: [MDDArc('vimeo', MDDNode(0, 's'), MDDNode(1, 'u_81'))]
split the incoming edges: 6 1 5
the value pair of raw_data is: 492
split the outgoings edges: 27 6 22 28
add node: MDDNode(1,u_94) MDDNode(1,u_95), remove node: MDDNode(1,u_81)
1 46 49
layer 1 incoming edges: 6
only split: [MDDArc('feed', MDDNode(0, 's'), MDDNode(1, 'u_83'))]
split the incoming edges: 6 1 5
the value pair of raw_data is: 492
split the outgoings edges: 34 2 32 34
add node: MDDNode(1,u_96) MDDNode(1,u_97), remove node: MDDNode(1,u_83)
1 47 49
layer 1 incoming edges: 5
only split: [MDDArc('myfox_homecontrol', MDDNode(0, 's'), MDDNode(1, 'u_18'))]
split the incoming edges: 5 1 4
the value pair of raw_data is: 492
split the outgoings edges: 18 5 13 18
add node: MDDNode(1,u_98) MDDNode(1,u_99), remove node: MDDNode(1,u_18)
1 48 49
layer 1 incoming edges: 5
only split: [MDDArc('diigo', MDDNode(0, 's'), MDDNode(1, 'u_85'))]
split the incoming edges: 5 1 4
the value pair of raw_data is: 492
split the outgoings edges: 12 2 12 14
add node: MDDNode(1,u_100) MDDNode(1,u_101), remove node: MDDNode(1,u_85)
dump to the pickle
the graph width list : [1, 49, 1, 1, 1, 1]
it 1 train 0.3416   train_h 0.1646   train_v 0.9347   dev 0.2934   dev_h 0.1767   dev_v 0.9325   new_test 0.3562   new_test_h 0.1609   new_test_v 0.9353   save acc: 0.3562 T: 2020-01-10T03:41 
it 2 train 0.4295   train_h 0.1426   train_v 0.9413   dev 0.3281   dev_h 0.1680   dev_v 0.9356   new_test 0.4294   new_test_h 0.1426   new_test_v 0.9470   save acc: 0.4294 T: 2020-01-10T03:44 
it 3 train 0.4802   train_h 0.1299   train_v 0.9474   dev 0.3428   dev_h 0.1643   dev_v 0.9351   new_test 0.4573   new_test_h 0.1357   new_test_v 0.9507   save acc: 0.4573 T: 2020-01-10T03:47 
it 4 train 0.5216   train_h 0.1196   train_v 0.9488   dev 0.3464   dev_h 0.1634   dev_v 0.9320   new_test 0.4553   new_test_h 0.1362   new_test_v 0.9438   save acc: 0.4553 T: 2020-01-10T03:50 
it 5 train 0.5511   train_h 0.1122   train_v 0.9525   dev 0.3568   dev_h 0.1608   dev_v 0.9318   new_test 0.4666   new_test_h 0.1333   new_test_v 0.9482   save acc: 0.4666 T: 2020-01-10T03:53 
it 6 train 0.5756   train_h 0.1061   train_v 0.9553   dev 0.3496   dev_h 0.1626   dev_v 0.9325   new_test 0.4638   new_test_h 0.1340   new_test_v 0.9535   
it 7 train 0.5937   train_h 0.1016   train_v 0.9595   dev 0.3505   dev_h 0.1624   dev_v 0.9368   new_test 0.4723   new_test_h 0.1319   new_test_v 0.9523   
it 8 train 0.6097   train_h 0.0976   train_v 0.9595   dev 0.3486   dev_h 0.1628   dev_v 0.9313   new_test 0.4638   new_test_h 0.1340   new_test_v 0.9519   
it 9 train 0.6205   train_h 0.0949   train_v 0.9608   dev 0.3510   dev_h 0.1622   dev_v 0.9378   new_test 0.4674   new_test_h 0.1331   new_test_v 0.9503   
it 10 train 0.6317   train_h 0.0921   train_v 0.9585   dev 0.3484   dev_h 0.1629   dev_v 0.9335   new_test 0.4691   new_test_h 0.1327   new_test_v 0.9543   
it 11 train 0.6384   train_h 0.0904   train_v 0.9612   dev 0.3452   dev_h 0.1637   dev_v 0.9339   new_test 0.4679   new_test_h 0.1330   new_test_v 0.9503   
it 12 train 0.6443   train_h 0.0889   train_v 0.9619   dev 0.3464   dev_h 0.1634   dev_v 0.9376   new_test 0.4602   new_test_h 0.1350   new_test_v 0.9454   
it 13 train 0.6499   train_h 0.0875   train_v 0.9625   dev 0.3452   dev_h 0.1637   dev_v 0.9349   new_test 0.4650   new_test_h 0.1337   new_test_v 0.9511   
it 14 train 0.6529   train_h 0.0868   train_v 0.9622   dev 0.3435   dev_h 0.1641   dev_v 0.9342   new_test 0.4626   new_test_h 0.1344   new_test_v 0.9482   
it 15 train 0.6561   train_h 0.0860   train_v 0.9630   dev 0.3445   dev_h 0.1639   dev_v 0.9356   new_test 0.4650   new_test_h 0.1337   new_test_v 0.9515   
it 16 train 0.6589   train_h 0.0853   train_v 0.9632   dev 0.3438   dev_h 0.1641   dev_v 0.9332   new_test 0.4642   new_test_h 0.1339   new_test_v 0.9486   
