args Namespace(config='configs/config_l.json', dataset='dataset/IFTTT/msr_data.pkl', load_model=None, mode='train', output='model/ifttt/width-46/', width='46')
configure: {'max_word_id': 4000, 'bidirectional': True, 'cell_type': 'gru', 'decoder': 'attention', 'embedding_size': 160, 'keep_prob': 0.45, 'memory_size': 25, 'num_units': 160, 'use_embedding': True, 'epoches': 15, 'batch_size': 32, 'init': {'name': 'random_uniform_initializer', 'scale': 0.1}, 'lr_scheduler': {'decay_steps': 5000, 'init_lr': 0.002, 'decay_rate': 0.9, 'staircase': True}, 'max_grad_norm': 1, 'optimizer': 'AdamOptimizer'}
# path 8549
model/ifttt/width-46/dataset-w-46.pkl
load raw and dump to file
numArcLayers: 5
1 1 46
layer 1 incoming edges: 111
choose: News & information
split the incoming edges: 111 13 98
the value pair of raw_data is: 492
split the outgoings edges: 443 60 386 446
add node: MDDNode(1,u_6) MDDNode(1,u_7), remove node: MDDNode(1,u_1)
1 2 46
layer 1 incoming edges: 98
choose: Photo & video
split the incoming edges: 98 9 89
the value pair of raw_data is: 492
split the outgoings edges: 386 35 351 386
add node: MDDNode(1,u_8) MDDNode(1,u_9), remove node: MDDNode(1,u_7)
1 3 46
layer 1 incoming edges: 89
choose: Others
split the incoming edges: 89 7 82
the value pair of raw_data is: 492
split the outgoings edges: 351 21 335 356
add node: MDDNode(1,u_10) MDDNode(1,u_11), remove node: MDDNode(1,u_9)
1 4 46
layer 1 incoming edges: 82
choose: Social networks
split the incoming edges: 82 7 75
the value pair of raw_data is: 492
split the outgoings edges: 335 55 280 335
add node: MDDNode(1,u_12) MDDNode(1,u_13), remove node: MDDNode(1,u_11)
1 5 46
layer 1 incoming edges: 75
choose: Shopping
split the incoming edges: 75 6 69
the value pair of raw_data is: 492
split the outgoings edges: 280 23 257 280
add node: MDDNode(1,u_14) MDDNode(1,u_15), remove node: MDDNode(1,u_13)
1 6 46
layer 1 incoming edges: 69
choose: Bookmarking
split the incoming edges: 69 6 63
the value pair of raw_data is: 492
split the outgoings edges: 257 12 245 257
add node: MDDNode(1,u_16) MDDNode(1,u_17), remove node: MDDNode(1,u_15)
1 7 46
layer 1 incoming edges: 63
choose: Security & monitoring systems
split the incoming edges: 63 5 58
the value pair of raw_data is: 492
split the outgoings edges: 245 18 228 246
add node: MDDNode(1,u_18) MDDNode(1,u_19), remove node: MDDNode(1,u_17)
1 8 46
layer 1 incoming edges: 58
choose: Health & fitness
split the incoming edges: 58 4 54
the value pair of raw_data is: 492
split the outgoings edges: 228 26 203 229
add node: MDDNode(1,u_20) MDDNode(1,u_21), remove node: MDDNode(1,u_19)
1 9 46
layer 1 incoming edges: 54
choose: Finance & payments
split the incoming edges: 54 4 50
the value pair of raw_data is: 492
split the outgoings edges: 203 17 186 203
add node: MDDNode(1,u_22) MDDNode(1,u_23), remove node: MDDNode(1,u_21)
1 10 46
layer 1 incoming edges: 50
choose: Mobile devices & accessories
split the incoming edges: 50 4 46
the value pair of raw_data is: 492
split the outgoings edges: 186 12 174 186
add node: MDDNode(1,u_24) MDDNode(1,u_25), remove node: MDDNode(1,u_23)
1 11 46
layer 1 incoming edges: 46
choose: Gardening
split the incoming edges: 46 3 43
the value pair of raw_data is: 492
split the outgoings edges: 174 9 165 174
add node: MDDNode(1,u_26) MDDNode(1,u_27), remove node: MDDNode(1,u_25)
1 12 46
layer 1 incoming edges: 43
choose: Blogging
split the incoming edges: 43 3 40
the value pair of raw_data is: 492
split the outgoings edges: 165 13 152 165
add node: MDDNode(1,u_28) MDDNode(1,u_29), remove node: MDDNode(1,u_27)
1 13 46
layer 1 incoming edges: 40
choose: Email
split the incoming edges: 40 3 37
the value pair of raw_data is: 492
split the outgoings edges: 152 10 142 152
add node: MDDNode(1,u_30) MDDNode(1,u_31), remove node: MDDNode(1,u_29)
1 14 46
layer 1 incoming edges: 37
choose: Environment control & monitoring
split the incoming edges: 37 3 34
the value pair of raw_data is: 492
split the outgoings edges: 142 9 135 144
add node: MDDNode(1,u_32) MDDNode(1,u_33), remove node: MDDNode(1,u_31)
1 15 46
layer 1 incoming edges: 34
choose: Smart hubs & systems
split the incoming edges: 34 3 31
the value pair of raw_data is: 492
split the outgoings edges: 135 20 121 141
add node: MDDNode(1,u_34) MDDNode(1,u_35), remove node: MDDNode(1,u_33)
1 16 46
layer 1 incoming edges: 31
choose: Notifications
split the incoming edges: 31 3 28
the value pair of raw_data is: 492
split the outgoings edges: 121 4 117 121
add node: MDDNode(1,u_36) MDDNode(1,u_37), remove node: MDDNode(1,u_35)
1 17 46
layer 1 incoming edges: 28
choose: Weather
split the incoming edges: 28 3 25
the value pair of raw_data is: 492
split the outgoings edges: 117 30 87 117
add node: MDDNode(1,u_38) MDDNode(1,u_39), remove node: MDDNode(1,u_37)
1 18 46
layer 1 incoming edges: 25
choose: Power monitoring & management
split the incoming edges: 25 3 22
the value pair of raw_data is: 492
split the outgoings edges: 87 11 78 89
add node: MDDNode(1,u_40) MDDNode(1,u_41), remove node: MDDNode(1,u_39)
1 19 46
layer 1 incoming edges: 22
choose: Calendars & scheduling
split the incoming edges: 22 2 20
the value pair of raw_data is: 492
split the outgoings edges: 78 8 70 78
add node: MDDNode(1,u_42) MDDNode(1,u_43), remove node: MDDNode(1,u_41)
1 20 46
layer 1 incoming edges: 20
choose: Connected car
split the incoming edges: 20 2 18
the value pair of raw_data is: 492
split the outgoings edges: 70 10 60 70
add node: MDDNode(1,u_44) MDDNode(1,u_45), remove node: MDDNode(1,u_43)
1 21 46
layer 1 incoming edges: 18
choose: Task management & to-dos
split the incoming edges: 18 2 16
the value pair of raw_data is: 492
split the outgoings edges: 60 11 49 60
add node: MDDNode(1,u_46) MDDNode(1,u_47), remove node: MDDNode(1,u_45)
1 22 46
layer 1 incoming edges: 16
choose: Appliances
split the incoming edges: 16 2 14
the value pair of raw_data is: 492
split the outgoings edges: 49 2 47 49
add node: MDDNode(1,u_48) MDDNode(1,u_49), remove node: MDDNode(1,u_47)
1 23 46
layer 1 incoming edges: 14
choose: Contacts
split the incoming edges: 14 2 12
the value pair of raw_data is: 492
split the outgoings edges: 47 3 44 47
add node: MDDNode(1,u_50) MDDNode(1,u_51), remove node: MDDNode(1,u_49)
1 24 46
layer 1 incoming edges: 13
only split: [MDDArc('instyle', MDDNode(0, 's'), MDDNode(1, 'u_6'))]
split the incoming edges: 13 1 12
the value pair of raw_data is: 492
split the outgoings edges: 60 2 60 62
add node: MDDNode(1,u_52) MDDNode(1,u_53), remove node: MDDNode(1,u_6)
1 25 46
layer 1 incoming edges: 12
choose: Communication
split the incoming edges: 12 2 10
the value pair of raw_data is: 492
split the outgoings edges: 44 12 32 44
add node: MDDNode(1,u_54) MDDNode(1,u_55), remove node: MDDNode(1,u_51)
1 26 46
layer 1 incoming edges: 12
only split: [MDDArc('craigslist', MDDNode(0, 's'), MDDNode(1, 'u_53'))]
split the incoming edges: 12 1 11
the value pair of raw_data is: 492
split the outgoings edges: 60 1 59 60
add node: MDDNode(1,u_56) MDDNode(1,u_57), remove node: MDDNode(1,u_53)
1 27 46
layer 1 incoming edges: 11
only split: [MDDArc('espn', MDDNode(0, 's'), MDDNode(1, 'u_57'))]
split the incoming edges: 11 1 10
the value pair of raw_data is: 492
split the outgoings edges: 59 6 53 59
add node: MDDNode(1,u_58) MDDNode(1,u_59), remove node: MDDNode(1,u_57)
1 28 46
layer 1 incoming edges: 10
choose: DIY electronics
split the incoming edges: 10 2 8
the value pair of raw_data is: 492
split the outgoings edges: 32 2 30 32
add node: MDDNode(1,u_60) MDDNode(1,u_61), remove node: MDDNode(1,u_55)
1 29 46
layer 1 incoming edges: 10
only split: [MDDArc('appzapp', MDDNode(0, 's'), MDDNode(1, 'u_59'))]
split the incoming edges: 10 1 9
the value pair of raw_data is: 492
split the outgoings edges: 53 6 47 53
add node: MDDNode(1,u_62) MDDNode(1,u_63), remove node: MDDNode(1,u_59)
1 30 46
layer 1 incoming edges: 9
only split: [MDDArc('dailymotion', MDDNode(0, 's'), MDDNode(1, 'u_8'))]
split the incoming edges: 9 1 8
the value pair of raw_data is: 492
split the outgoings edges: 35 3 33 36
add node: MDDNode(1,u_64) MDDNode(1,u_65), remove node: MDDNode(1,u_8)
1 31 46
layer 1 incoming edges: 9
only split: [MDDArc('space', MDDNode(0, 's'), MDDNode(1, 'u_63'))]
split the incoming edges: 9 1 8
the value pair of raw_data is: 492
split the outgoings edges: 47 8 39 47
add node: MDDNode(1,u_66) MDDNode(1,u_67), remove node: MDDNode(1,u_63)
1 32 46
layer 1 incoming edges: 8
choose: Pet trackers
split the incoming edges: 8 1 7
the value pair of raw_data is: 492
split the outgoings edges: 30 8 22 30
add node: MDDNode(1,u_68) MDDNode(1,u_69), remove node: MDDNode(1,u_61)
1 33 46
layer 1 incoming edges: 8
only split: [MDDArc('giphy', MDDNode(0, 's'), MDDNode(1, 'u_65'))]
split the incoming edges: 8 1 7
the value pair of raw_data is: 492
split the outgoings edges: 33 3 30 33
add node: MDDNode(1,u_70) MDDNode(1,u_71), remove node: MDDNode(1,u_65)
1 34 46
layer 1 incoming edges: 8
only split: [MDDArc('the_new_york_times', MDDNode(0, 's'), MDDNode(1, 'u_67'))]
split the incoming edges: 8 1 7
the value pair of raw_data is: 492
split the outgoings edges: 39 8 31 39
add node: MDDNode(1,u_72) MDDNode(1,u_73), remove node: MDDNode(1,u_67)
1 35 46
layer 1 incoming edges: 7
only split: [MDDArc('ubi', MDDNode(0, 's'), MDDNode(1, 'u_10'))]
split the incoming edges: 7 1 6
the value pair of raw_data is: 492
split the outgoings edges: 21 1 20 21
add node: MDDNode(1,u_74) MDDNode(1,u_75), remove node: MDDNode(1,u_10)
1 36 46
layer 1 incoming edges: 7
only split: [MDDArc('facebook', MDDNode(0, 's'), MDDNode(1, 'u_12'))]
split the incoming edges: 7 1 6
the value pair of raw_data is: 492
split the outgoings edges: 55 10 45 55
add node: MDDNode(1,u_76) MDDNode(1,u_77), remove node: MDDNode(1,u_12)
1 37 46
layer 1 incoming edges: 7
choose: Cloud storage
split the incoming edges: 7 1 6
the value pair of raw_data is: 492
split the outgoings edges: 22 2 20 22
add node: MDDNode(1,u_78) MDDNode(1,u_79), remove node: MDDNode(1,u_69)
1 38 46
layer 1 incoming edges: 7
only split: [MDDArc('ios_photos', MDDNode(0, 's'), MDDNode(1, 'u_71'))]
split the incoming edges: 7 1 6
the value pair of raw_data is: 492
split the outgoings edges: 30 6 27 33
add node: MDDNode(1,u_80) MDDNode(1,u_81), remove node: MDDNode(1,u_71)
1 39 46
layer 1 incoming edges: 7
only split: [MDDArc('sports_illustrated', MDDNode(0, 's'), MDDNode(1, 'u_73'))]
split the incoming edges: 7 1 6
the value pair of raw_data is: 492
split the outgoings edges: 31 2 31 33
add node: MDDNode(1,u_82) MDDNode(1,u_83), remove node: MDDNode(1,u_73)
1 40 46
layer 1 incoming edges: 6
only split: [MDDArc('boxoh_package_tracking', MDDNode(0, 's'), MDDNode(1, 'u_14'))]
split the incoming edges: 6 1 5
the value pair of raw_data is: 492
split the outgoings edges: 23 1 22 23
add node: MDDNode(1,u_84) MDDNode(1,u_85), remove node: MDDNode(1,u_14)
1 41 46
layer 1 incoming edges: 6
only split: [MDDArc('bitly', MDDNode(0, 's'), MDDNode(1, 'u_16'))]
split the incoming edges: 6 1 5
the value pair of raw_data is: 492
split the outgoings edges: 12 1 11 12
add node: MDDNode(1,u_86) MDDNode(1,u_87), remove node: MDDNode(1,u_16)
1 42 46
layer 1 incoming edges: 6
only split: [MDDArc('chain', MDDNode(0, 's'), MDDNode(1, 'u_75'))]
split the incoming edges: 6 1 5
the value pair of raw_data is: 492
split the outgoings edges: 20 1 19 20
add node: MDDNode(1,u_88) MDDNode(1,u_89), remove node: MDDNode(1,u_75)
1 43 46
layer 1 incoming edges: 6
only split: [MDDArc('instagram', MDDNode(0, 's'), MDDNode(1, 'u_77'))]
split the incoming edges: 6 1 5
the value pair of raw_data is: 492
split the outgoings edges: 45 12 33 45
add node: MDDNode(1,u_90) MDDNode(1,u_91), remove node: MDDNode(1,u_77)
1 44 46
layer 1 incoming edges: 6
choose: Location
split the incoming edges: 6 1 5
the value pair of raw_data is: 492
split the outgoings edges: 20 3 17 20
add node: MDDNode(1,u_92) MDDNode(1,u_93), remove node: MDDNode(1,u_79)
1 45 46
layer 1 incoming edges: 6
only split: [MDDArc('vimeo', MDDNode(0, 's'), MDDNode(1, 'u_81'))]
split the incoming edges: 6 1 5
the value pair of raw_data is: 492
split the outgoings edges: 27 6 22 28
add node: MDDNode(1,u_94) MDDNode(1,u_95), remove node: MDDNode(1,u_81)
dump to the pickle
the graph width list : [1, 46, 1, 1, 1, 1]
it 1 train 0.3382   train_h 0.1655   train_v 0.9352   dev 0.2919   dev_h 0.1770   dev_v 0.9344   new_test 0.3591   new_test_h 0.1602   new_test_v 0.9365   save acc: 0.3591 T: 2020-01-10T01:14 
it 2 train 0.4295   train_h 0.1426   train_v 0.9465   dev 0.3324   dev_h 0.1669   dev_v 0.9414   new_test 0.4456   new_test_h 0.1386   new_test_v 0.9547   save acc: 0.4456 T: 2020-01-10T01:17 
it 3 train 0.4794   train_h 0.1302   train_v 0.9472   dev 0.3419   dev_h 0.1645   dev_v 0.9371   new_test 0.4598   new_test_h 0.1351   new_test_v 0.9519   save acc: 0.4598 T: 2020-01-10T01:20 
it 4 train 0.5201   train_h 0.1200   train_v 0.9496   dev 0.3445   dev_h 0.1639   dev_v 0.9361   new_test 0.4622   new_test_h 0.1345   new_test_v 0.9519   save acc: 0.4622 T: 2020-01-10T01:23 
it 5 train 0.5511   train_h 0.1122   train_v 0.9527   dev 0.3522   dev_h 0.1619   dev_v 0.9354   new_test 0.4739   new_test_h 0.1315   new_test_v 0.9567   save acc: 0.4739 T: 2020-01-10T01:26 
it 6 train 0.5748   train_h 0.1063   train_v 0.9556   dev 0.3481   dev_h 0.1630   dev_v 0.9301   new_test 0.4743   new_test_h 0.1314   new_test_v 0.9584   
it 7 train 0.5936   train_h 0.1016   train_v 0.9583   dev 0.3520   dev_h 0.1620   dev_v 0.9366   new_test 0.4529   new_test_h 0.1368   new_test_v 0.9547   
it 8 train 0.6094   train_h 0.0977   train_v 0.9594   dev 0.3481   dev_h 0.1630   dev_v 0.9344   new_test 0.4695   new_test_h 0.1326   new_test_v 0.9535   
it 9 train 0.6212   train_h 0.0947   train_v 0.9614   dev 0.3486   dev_h 0.1628   dev_v 0.9433   new_test 0.4703   new_test_h 0.1324   new_test_v 0.9543   
it 10 train 0.6294   train_h 0.0926   train_v 0.9603   dev 0.3484   dev_h 0.1629   dev_v 0.9339   new_test 0.4715   new_test_h 0.1321   new_test_v 0.9575   
it 11 train 0.6368   train_h 0.0908   train_v 0.9610   dev 0.3402   dev_h 0.1650   dev_v 0.9339   new_test 0.4553   new_test_h 0.1362   new_test_v 0.9454   
it 12 train 0.6428   train_h 0.0893   train_v 0.9617   dev 0.3469   dev_h 0.1633   dev_v 0.9325   new_test 0.4557   new_test_h 0.1361   new_test_v 0.9442   
it 13 train 0.6475   train_h 0.0881   train_v 0.9626   dev 0.3435   dev_h 0.1641   dev_v 0.9354   new_test 0.4610   new_test_h 0.1348   new_test_v 0.9434   
it 14 train 0.6509   train_h 0.0873   train_v 0.9625   dev 0.3455   dev_h 0.1636   dev_v 0.9323   new_test 0.4549   new_test_h 0.1363   new_test_v 0.9555   
it 15 train 0.6538   train_h 0.0865   train_v 0.9631   dev 0.3411   dev_h 0.1647   dev_v 0.9337   new_test 0.4553   new_test_h 0.1362   new_test_v 0.9547   
it 16 train 0.6566   train_h 0.0858   train_v 0.9648   dev 0.3387   dev_h 0.1653   dev_v 0.9356   new_test 0.4521   new_test_h 0.1370   new_test_v 0.9523   
