args Namespace(config='configs/config_l.json', dataset='dataset/IFTTT/msr_data.pkl', load_model=None, mode='train', output='model/ifttt/width-12/', width='12')
configure: {'max_word_id': 3782, 'bidirectional': True, 'cell_type': 'lstm', 'decoder': 'attention', 'embedding_size': 100, 'keep_prob': 0.75, 'memory_size': 100, 'num_units': 100, 'use_embedding': True, 'epoches': 12, 'batch_size': 20, 'init': {'name': 'random_uniform_initializer', 'scale': 0.1}, 'lr_scheduler': {'decay_steps': 5000, 'init_lr': 0.02, 'decay_rate': 0.9, 'staircase': True}, 'max_grad_norm': 1, 'optimizer': 'AdamOptimizer'}
# path 8549
model/ifttt/width-12/dataset-w-12.pkl
load raw and dump to file
numArcLayers: 5
layer:1, node:MDDNode(1,u_1), in=111, out=443
choose: News & information
split in: 111 -> (98,13)
split out: 443 -> (386,60,446)
add: MDDNode(1,u-6) MDDNode(1,u-7), del:MDDNode(1,u_1)
2 (13,60) (98,386) 
layer:1, node:MDDNode(1,u-7), in=98, out=386
choose: Photo & video
split in: 98 -> (89,9)
split out: 386 -> (351,35,386)
add: MDDNode(1,u-8) MDDNode(1,u-9), del:MDDNode(1,u-7)
3 (13,60) (9,35) (89,351) 
layer:1, node:MDDNode(1,u-9), in=89, out=351
choose: Social networks
split in: 89 -> (82,7)
split out: 351 -> (296,55,351)
add: MDDNode(1,u-10) MDDNode(1,u-11), del:MDDNode(1,u-9)
4 (13,60) (9,35) (7,55) (82,296) 
layer:1, node:MDDNode(1,u-11), in=82, out=296
choose: Others
split in: 82 -> (75,7)
split out: 296 -> (280,21,301)
add: MDDNode(1,u-12) MDDNode(1,u-13), del:MDDNode(1,u-11)
5 (13,60) (9,35) (7,55) (7,21) (75,280) 
layer:1, node:MDDNode(1,u-13), in=75, out=280
choose: Shopping
split in: 75 -> (69,6)
split out: 280 -> (257,23,280)
add: MDDNode(1,u-14) MDDNode(1,u-15), del:MDDNode(1,u-13)
6 (13,60) (9,35) (7,55) (7,21) (6,23) (69,257) 
layer:1, node:MDDNode(1,u-15), in=69, out=257
choose: Bookmarking
split in: 69 -> (63,6)
split out: 257 -> (245,12,257)
add: MDDNode(1,u-16) MDDNode(1,u-17), del:MDDNode(1,u-15)
7 (13,60) (9,35) (7,55) (7,21) (6,23) (6,12) (63,245) 
layer:1, node:MDDNode(1,u-17), in=63, out=245
choose: Security & monitoring systems
split in: 63 -> (58,5)
split out: 245 -> (228,18,246)
add: MDDNode(1,u-18) MDDNode(1,u-19), del:MDDNode(1,u-17)
8 (13,60) (9,35) (7,55) (7,21) (6,23) (6,12) (5,18) (58,228) 
layer:1, node:MDDNode(1,u-19), in=58, out=228
choose: Finance & payments
split in: 58 -> (54,4)
split out: 228 -> (211,17,228)
add: MDDNode(1,u-20) MDDNode(1,u-21), del:MDDNode(1,u-19)
9 (13,60) (9,35) (7,55) (7,21) (6,23) (6,12) (5,18) (4,17) (54,211) 
layer:1, node:MDDNode(1,u-21), in=54, out=211
choose: Health & fitness
split in: 54 -> (50,4)
split out: 211 -> (186,26,212)
add: MDDNode(1,u-22) MDDNode(1,u-23), del:MDDNode(1,u-21)
10 (13,60) (9,35) (7,55) (7,21) (6,23) (6,12) (5,18) (4,17) (4,26) (50,186) 
layer:1, node:MDDNode(1,u-23), in=50, out=186
choose: Mobile devices & accessories
split in: 50 -> (46,4)
split out: 186 -> (174,12,186)
add: MDDNode(1,u-24) MDDNode(1,u-25), del:MDDNode(1,u-23)
11 (13,60) (9,35) (7,55) (7,21) (6,23) (6,12) (5,18) (4,17) (4,26) (4,12) (46,174) 
layer:1, node:MDDNode(1,u-25), in=46, out=174
choose: Weather
split in: 46 -> (43,3)
split out: 174 -> (148,30,178)
add: MDDNode(1,u-26) MDDNode(1,u-27), del:MDDNode(1,u-25)
12 (13,60) (9,35) (7,55) (7,21) (6,23) (6,12) (5,18) (4,17) (4,26) (4,12) (3,30) (43,148) 
layer:3, node:MDDNode(3,u_3), in=88, out=161
choose: Notifications
split in: 88 -> (81,7)
split out: 161 -> (154,9,163)
add: MDDNode(3,u-28) MDDNode(3,u-29), del:MDDNode(3,u_3)
2 (7,9) (81,154) 
layer:3, node:MDDNode(3,u-29), in=81, out=154
choose: Bookmarking
split in: 81 -> (75,6)
split out: 154 -> (148,7,155)
add: MDDNode(3,u-30) MDDNode(3,u-31), del:MDDNode(3,u-29)
3 (7,9) (6,7) (75,148) 
layer:3, node:MDDNode(3,u-31), in=75, out=148
choose: Others
split in: 75 -> (69,6)
split out: 148 -> (138,12,150)
add: MDDNode(3,u-32) MDDNode(3,u-33), del:MDDNode(3,u-31)
4 (7,9) (6,7) (6,12) (69,138) 
layer:3, node:MDDNode(3,u-33), in=69, out=138
choose: Social networks
split in: 69 -> (63,6)
split out: 138 -> (125,14,139)
add: MDDNode(3,u-34) MDDNode(3,u-35), del:MDDNode(3,u-33)
5 (7,9) (6,7) (6,12) (6,14) (63,125) 
layer:3, node:MDDNode(3,u-35), in=63, out=125
choose: Security & monitoring systems
split in: 63 -> (59,4)
split out: 125 -> (108,17,125)
add: MDDNode(3,u-36) MDDNode(3,u-37), del:MDDNode(3,u-35)
6 (7,9) (6,7) (6,12) (6,14) (4,17) (59,108) 
layer:3, node:MDDNode(3,u-37), in=59, out=108
choose: Mobile devices & accessories
split in: 59 -> (55,4)
split out: 108 -> (103,7,110)
add: MDDNode(3,u-38) MDDNode(3,u-39), del:MDDNode(3,u-37)
7 (7,9) (6,7) (6,12) (6,14) (4,17) (4,7) (55,103) 
layer:3, node:MDDNode(3,u-39), in=55, out=103
choose: Communication
split in: 55 -> (51,4)
split out: 103 -> (99,4,103)
add: MDDNode(3,u-40) MDDNode(3,u-41), del:MDDNode(3,u-39)
8 (7,9) (6,7) (6,12) (6,14) (4,17) (4,7) (4,4) (51,99) 
layer:3, node:MDDNode(3,u-41), in=51, out=99
choose: Power monitoring & management
split in: 51 -> (47,4)
split out: 99 -> (95,9,104)
add: MDDNode(3,u-42) MDDNode(3,u-43), del:MDDNode(3,u-41)
9 (7,9) (6,7) (6,12) (6,14) (4,17) (4,7) (4,4) (4,9) (47,95) 
layer:3, node:MDDNode(3,u-43), in=47, out=95
choose: Email
split in: 47 -> (43,4)
split out: 95 -> (90,5,95)
add: MDDNode(3,u-44) MDDNode(3,u-45), del:MDDNode(3,u-43)
10 (7,9) (6,7) (6,12) (6,14) (4,17) (4,7) (4,4) (4,9) (4,5) (43,90) 
layer:3, node:MDDNode(3,u-45), in=43, out=90
choose: Environment control & monitoring
split in: 43 -> (39,4)
split out: 90 -> (80,10,90)
add: MDDNode(3,u-46) MDDNode(3,u-47), del:MDDNode(3,u-45)
11 (7,9) (6,7) (6,12) (6,14) (4,17) (4,7) (4,4) (4,9) (4,5) (4,10) (39,80) 
layer:3, node:MDDNode(3,u-47), in=39, out=80
choose: Cloud storage
split in: 39 -> (35,4)
split out: 80 -> (73,7,80)
add: MDDNode(3,u-48) MDDNode(3,u-49), del:MDDNode(3,u-47)
12 (7,9) (6,7) (6,12) (6,14) (4,17) (4,7) (4,4) (4,9) (4,5) (4,10) (4,7) (35,73) 
=profile=
(0, 111) 
(13, 60) (9, 35) (7, 55) (7, 21) (6, 23) (6, 12) (5, 18) (4, 17) (4, 26) (4, 12) (3, 30) (43, 148) 
(457, 88) 
(7, 9) (6, 7) (6, 12) (6, 14) (4, 17) (4, 7) (4, 4) (4, 9) (4, 5) (4, 10) (4, 7) (35, 73) 
(174, 1) 
(1, 0) 
dump to the pickle
the graph width list : [1, 12, 1, 12, 1, 1]
it 1 dev 26.25   dev_h 44.70   dev_v 90.81   new_test 35.75   new_test_h 33.43   new_test_v 94.74   save: 35.75 T: 2020-01-13T03:14 
it 2 dev 30.42   dev_h 41.36   dev_v 94.46   new_test 40.19   new_test_h 31.03   new_test_v 95.27   save: 40.19 T: 2020-01-13T03:15 
it 3 dev 31.34   dev_h 41.22   dev_v 93.73   new_test 41.29   new_test_h 30.74   new_test_v 94.70   save: 41.29 T: 2020-01-13T03:16 
it 4 dev 29.85   dev_h 41.87   dev_v 93.95   new_test 41.16   new_test_h 30.91   new_test_v 94.86   
it 5 dev 30.83   dev_h 41.74   dev_v 95.01   new_test 41.85   new_test_h 30.28   new_test_v 94.66   
it 6 dev 30.14   dev_h 42.07   dev_v 94.02   new_test 41.65   new_test_h 30.90   new_test_v 94.30   
it 7 dev 30.83   dev_h 41.63   dev_v 94.86   new_test 42.22   new_test_h 30.43   new_test_v 95.43   
it 8 dev 30.52   dev_h 41.88   dev_v 94.21   new_test 42.50   new_test_h 30.33   new_test_v 94.95   
it 9 dev 30.45   dev_h 41.97   dev_v 93.71   new_test 42.38   new_test_h 30.72   new_test_v 94.62   
it 10 dev 30.23   dev_h 42.09   dev_v 93.97   new_test 42.30   new_test_h 30.67   new_test_v 94.74   
it 11 dev 30.06   dev_h 42.28   dev_v 93.88   new_test 41.89   new_test_h 30.94   new_test_v 94.66   
it 12 dev 30.42   dev_h 42.09   dev_v 93.95   new_test 42.14   new_test_h 30.73   new_test_v 94.70   
it 13 dev 29.89   dev_h 42.31   dev_v 93.42   new_test 42.30   new_test_h 30.71   new_test_v 94.38   
