args Namespace(config='configs/config_l.json', dataset='dataset/IFTTT/msr_data.pkl', load_model=None, mode='train', output='model/ifttt/width-64/pid-1-', width='64')
configure: {'max_word_id': 4000, 'bidirectional': True, 'cell_type': 'lstm', 'decoder': 'attention', 'embedding_size': 50, 'keep_prob': 0.5, 'memory_size': 25, 'num_layers': 1, 'num_units': 50, 'use_embedding': True, 'epoches': 20, 'batch_size': 32, 'init': {'name': 'random_uniform_initializer', 'scale': 0.1}, 'lr_scheduler': {'decay_steps': 5000, 'init_lr': 0.01, 'staircase': True}, 'max_grad_norm': 1, 'optimizer': 'AdamOptimizer'}
# path 8580
save to model/ifttt/width-64/pid-1-IFTTT-w-64.json
load json
numArcLayers: 5
1 1 64
layer 1 incoming edges: 111
split the incoming edges: 111 53 58
the value pair of raw_data is: 492
split the outgoings edges: 443 232 232 464
add node: MDDNode(1,u_6) MDDNode(1,u_7), remove node: MDDNode(1,u_1)
2 1 64
layer 2 incoming edges: 464
split the incoming edges: 464 235 229
the value pair of raw_data is: 6265
split the outgoings edges: 88 88 88 176
add node: MDDNode(2,u_8) MDDNode(2,u_9), remove node: MDDNode(2,u_2)
3 1 64
layer 3 incoming edges: 176
split the incoming edges: 176 97 79
the value pair of raw_data is: 202
split the outgoings edges: 161 140 127 267
add node: MDDNode(3,u_10) MDDNode(3,u_11), remove node: MDDNode(3,u_3)
4 1 64
layer 4 incoming edges: 267
split the incoming edges: 267 147 120
the value pair of raw_data is: 161
split the outgoings edges: 1 1 1 2
add node: MDDNode(4,u_12) MDDNode(4,u_13), remove node: MDDNode(4,u_4)
1 2 64
layer 1 incoming edges: 53
split the incoming edges: 53 29 24
the value pair of raw_data is: 492
split the outgoings edges: 232 143 94 237
add node: MDDNode(1,u_14) MDDNode(1,u_15), remove node: MDDNode(1,u_6)
layer 1 incoming edges: 58
split the incoming edges: 58 29 29
the value pair of raw_data is: 492
split the outgoings edges: 232 133 108 241
add node: MDDNode(1,u_16) MDDNode(1,u_17), remove node: MDDNode(1,u_7)
2 2 64
layer 2 incoming edges: 244
split the incoming edges: 244 125 119
the value pair of raw_data is: 6265
split the outgoings edges: 88 87 87 174
add node: MDDNode(2,u_18) MDDNode(2,u_19), remove node: MDDNode(2,u_8)
layer 2 incoming edges: 234
split the incoming edges: 234 118 116
the value pair of raw_data is: 6265
split the outgoings edges: 88 88 83 171
add node: MDDNode(2,u_20) MDDNode(2,u_21), remove node: MDDNode(2,u_9)
3 2 64
layer 3 incoming edges: 191
split the incoming edges: 191 112 79
the value pair of raw_data is: 202
split the outgoings edges: 140 122 81 203
add node: MDDNode(3,u_22) MDDNode(3,u_23), remove node: MDDNode(3,u_10)
layer 3 incoming edges: 154
split the incoming edges: 154 79 75
the value pair of raw_data is: 202
split the outgoings edges: 127 110 113 223
add node: MDDNode(3,u_24) MDDNode(3,u_25), remove node: MDDNode(3,u_11)
4 2 64
layer 4 incoming edges: 232
split the incoming edges: 232 117 115
the value pair of raw_data is: 161
split the outgoings edges: 1 1 1 2
add node: MDDNode(4,u_26) MDDNode(4,u_27), remove node: MDDNode(4,u_12)
layer 4 incoming edges: 194
split the incoming edges: 194 104 90
the value pair of raw_data is: 161
split the outgoings edges: 1 1 1 2
add node: MDDNode(4,u_28) MDDNode(4,u_29), remove node: MDDNode(4,u_13)
1 4 64
layer 1 incoming edges: 29
split the incoming edges: 29 13 16
the value pair of raw_data is: 492
split the outgoings edges: 143 69 77 146
add node: MDDNode(1,u_30) MDDNode(1,u_31), remove node: MDDNode(1,u_14)
layer 1 incoming edges: 24
split the incoming edges: 24 9 15
the value pair of raw_data is: 492
split the outgoings edges: 94 30 66 96
add node: MDDNode(1,u_32) MDDNode(1,u_33), remove node: MDDNode(1,u_15)
layer 1 incoming edges: 29
split the incoming edges: 29 13 16
the value pair of raw_data is: 492
split the outgoings edges: 133 63 72 135
add node: MDDNode(1,u_34) MDDNode(1,u_35), remove node: MDDNode(1,u_16)
layer 1 incoming edges: 29
split the incoming edges: 29 16 13
the value pair of raw_data is: 492
split the outgoings edges: 108 54 57 111
add node: MDDNode(1,u_36) MDDNode(1,u_37), remove node: MDDNode(1,u_17)
2 4 64
layer 2 incoming edges: 126
split the incoming edges: 126 51 75
the value pair of raw_data is: 6265
split the outgoings edges: 87 79 81 160
add node: MDDNode(2,u_38) MDDNode(2,u_39), remove node: MDDNode(2,u_18)
layer 2 incoming edges: 122
split the incoming edges: 122 69 53
the value pair of raw_data is: 6265
split the outgoings edges: 87 86 78 164
add node: MDDNode(2,u_40) MDDNode(2,u_41), remove node: MDDNode(2,u_19)
layer 2 incoming edges: 121
split the incoming edges: 121 69 52
the value pair of raw_data is: 6265
split the outgoings edges: 88 88 79 167
add node: MDDNode(2,u_42) MDDNode(2,u_43), remove node: MDDNode(2,u_20)
layer 2 incoming edges: 119
split the incoming edges: 119 70 49
the value pair of raw_data is: 6265
split the outgoings edges: 83 79 76 155
add node: MDDNode(2,u_44) MDDNode(2,u_45), remove node: MDDNode(2,u_21)
3 4 64
layer 3 incoming edges: 208
split the incoming edges: 208 104 104
the value pair of raw_data is: 202
split the outgoings edges: 122 111 101 212
add node: MDDNode(3,u_46) MDDNode(3,u_47), remove node: MDDNode(3,u_22)
layer 3 incoming edges: 153
split the incoming edges: 153 87 66
the value pair of raw_data is: 202
split the outgoings edges: 81 76 69 145
add node: MDDNode(3,u_48) MDDNode(3,u_49), remove node: MDDNode(3,u_23)
layer 3 incoming edges: 147
split the incoming edges: 147 69 78
the value pair of raw_data is: 202
split the outgoings edges: 110 88 95 183
add node: MDDNode(3,u_50) MDDNode(3,u_51), remove node: MDDNode(3,u_24)
layer 3 incoming edges: 138
split the incoming edges: 138 70 68
the value pair of raw_data is: 202
split the outgoings edges: 113 103 87 190
add node: MDDNode(3,u_52) MDDNode(3,u_53), remove node: MDDNode(3,u_25)
4 4 64
layer 4 incoming edges: 199
split the incoming edges: 199 106 93
the value pair of raw_data is: 161
split the outgoings edges: 1 1 1 2
add node: MDDNode(4,u_54) MDDNode(4,u_55), remove node: MDDNode(4,u_26)
layer 4 incoming edges: 199
split the incoming edges: 199 98 101
the value pair of raw_data is: 161
split the outgoings edges: 1 1 1 2
add node: MDDNode(4,u_56) MDDNode(4,u_57), remove node: MDDNode(4,u_27)
layer 4 incoming edges: 175
split the incoming edges: 175 99 76
the value pair of raw_data is: 161
split the outgoings edges: 1 1 1 2
add node: MDDNode(4,u_58) MDDNode(4,u_59), remove node: MDDNode(4,u_28)
layer 4 incoming edges: 157
split the incoming edges: 157 77 80
the value pair of raw_data is: 161
split the outgoings edges: 1 1 1 2
add node: MDDNode(4,u_60) MDDNode(4,u_61), remove node: MDDNode(4,u_29)
1 8 64
layer 1 incoming edges: 13
split the incoming edges: 13 6 7
the value pair of raw_data is: 492
split the outgoings edges: 69 29 42 71
add node: MDDNode(1,u_62) MDDNode(1,u_63), remove node: MDDNode(1,u_30)
layer 1 incoming edges: 16
split the incoming edges: 16 8 8
the value pair of raw_data is: 492
split the outgoings edges: 77 42 35 77
add node: MDDNode(1,u_64) MDDNode(1,u_65), remove node: MDDNode(1,u_31)
layer 1 incoming edges: 9
split the incoming edges: 9 6 3
the value pair of raw_data is: 492
split the outgoings edges: 30 21 9 30
add node: MDDNode(1,u_66) MDDNode(1,u_67), remove node: MDDNode(1,u_32)
layer 1 incoming edges: 15
split the incoming edges: 15 9 6
the value pair of raw_data is: 492
split the outgoings edges: 66 42 24 66
add node: MDDNode(1,u_68) MDDNode(1,u_69), remove node: MDDNode(1,u_33)
layer 1 incoming edges: 13
split the incoming edges: 13 7 6
the value pair of raw_data is: 492
split the outgoings edges: 63 32 31 63
add node: MDDNode(1,u_70) MDDNode(1,u_71), remove node: MDDNode(1,u_34)
layer 1 incoming edges: 16
split the incoming edges: 16 10 6
the value pair of raw_data is: 492
split the outgoings edges: 72 37 35 72
add node: MDDNode(1,u_72) MDDNode(1,u_73), remove node: MDDNode(1,u_35)
layer 1 incoming edges: 16
split the incoming edges: 16 3 13
the value pair of raw_data is: 492
split the outgoings edges: 54 8 46 54
add node: MDDNode(1,u_74) MDDNode(1,u_75), remove node: MDDNode(1,u_36)
layer 1 incoming edges: 13
split the incoming edges: 13 3 10
the value pair of raw_data is: 492
split the outgoings edges: 57 10 47 57
add node: MDDNode(1,u_76) MDDNode(1,u_77), remove node: MDDNode(1,u_37)
2 8 64
layer 2 incoming edges: 51
split the incoming edges: 51 21 30
the value pair of raw_data is: 6265
split the outgoings edges: 79 66 76 142
add node: MDDNode(2,u_78) MDDNode(2,u_79), remove node: MDDNode(2,u_38)
layer 2 incoming edges: 75
split the incoming edges: 75 38 37
the value pair of raw_data is: 6265
split the outgoings edges: 81 79 72 151
add node: MDDNode(2,u_80) MDDNode(2,u_81), remove node: MDDNode(2,u_39)
layer 2 incoming edges: 70
split the incoming edges: 70 27 43
the value pair of raw_data is: 6265
split the outgoings edges: 86 80 79 159
add node: MDDNode(2,u_82) MDDNode(2,u_83), remove node: MDDNode(2,u_40)
layer 2 incoming edges: 53
split the incoming edges: 53 28 25
the value pair of raw_data is: 6265
split the outgoings edges: 78 69 74 143
add node: MDDNode(2,u_84) MDDNode(2,u_85), remove node: MDDNode(2,u_41)
layer 2 incoming edges: 69
split the incoming edges: 69 35 34
the value pair of raw_data is: 6265
split the outgoings edges: 88 84 84 168
add node: MDDNode(2,u_86) MDDNode(2,u_87), remove node: MDDNode(2,u_42)
layer 2 incoming edges: 53
split the incoming edges: 53 22 31
the value pair of raw_data is: 6265
split the outgoings edges: 79 70 74 144
add node: MDDNode(2,u_88) MDDNode(2,u_89), remove node: MDDNode(2,u_43)
layer 2 incoming edges: 70
split the incoming edges: 70 32 38
the value pair of raw_data is: 6265
split the outgoings edges: 79 70 73 143
add node: MDDNode(2,u_90) MDDNode(2,u_91), remove node: MDDNode(2,u_44)
layer 2 incoming edges: 49
split the incoming edges: 49 28 21
the value pair of raw_data is: 6265
split the outgoings edges: 76 68 65 133
add node: MDDNode(2,u_92) MDDNode(2,u_93), remove node: MDDNode(2,u_45)
3 8 64
layer 3 incoming edges: 189
split the incoming edges: 189 84 105
the value pair of raw_data is: 202
split the outgoings edges: 111 89 100 189
add node: MDDNode(3,u_94) MDDNode(3,u_95), remove node: MDDNode(3,u_46)
layer 3 incoming edges: 188
split the incoming edges: 188 102 86
the value pair of raw_data is: 202
split the outgoings edges: 101 85 88 173
add node: MDDNode(3,u_96) MDDNode(3,u_97), remove node: MDDNode(3,u_47)
layer 3 incoming edges: 161
split the incoming edges: 161 83 78
the value pair of raw_data is: 202
split the outgoings edges: 76 72 67 139
add node: MDDNode(3,u_98) MDDNode(3,u_99), remove node: MDDNode(3,u_48)
layer 3 incoming edges: 119
split the incoming edges: 119 66 53
the value pair of raw_data is: 202
split the outgoings edges: 69 60 53 113
add node: MDDNode(3,u_100) MDDNode(3,u_101), remove node: MDDNode(3,u_49)
layer 3 incoming edges: 132
split the incoming edges: 132 59 73
the value pair of raw_data is: 202
split the outgoings edges: 88 81 65 146
add node: MDDNode(3,u_102) MDDNode(3,u_103), remove node: MDDNode(3,u_50)
layer 3 incoming edges: 142
split the incoming edges: 142 74 68
the value pair of raw_data is: 202
split the outgoings edges: 95 82 82 164
add node: MDDNode(3,u_104) MDDNode(3,u_105), remove node: MDDNode(3,u_51)
layer 3 incoming edges: 128
split the incoming edges: 128 53 75
the value pair of raw_data is: 202
split the outgoings edges: 103 78 94 172
add node: MDDNode(3,u_106) MDDNode(3,u_107), remove node: MDDNode(3,u_52)
layer 3 incoming edges: 124
split the incoming edges: 124 63 61
the value pair of raw_data is: 202
split the outgoings edges: 87 72 73 145
add node: MDDNode(3,u_108) MDDNode(3,u_109), remove node: MDDNode(3,u_53)
4 8 64
layer 4 incoming edges: 181
split the incoming edges: 181 90 91
the value pair of raw_data is: 161
split the outgoings edges: 1 1 1 2
add node: MDDNode(4,u_110) MDDNode(4,u_111), remove node: MDDNode(4,u_54)
layer 4 incoming edges: 160
split the incoming edges: 160 74 86
the value pair of raw_data is: 161
split the outgoings edges: 1 1 1 2
add node: MDDNode(4,u_112) MDDNode(4,u_113), remove node: MDDNode(4,u_55)
layer 4 incoming edges: 164
split the incoming edges: 164 83 81
the value pair of raw_data is: 161
split the outgoings edges: 1 1 1 2
add node: MDDNode(4,u_114) MDDNode(4,u_115), remove node: MDDNode(4,u_56)
layer 4 incoming edges: 174
split the incoming edges: 174 91 83
the value pair of raw_data is: 161
split the outgoings edges: 1 1 1 2
add node: MDDNode(4,u_116) MDDNode(4,u_117), remove node: MDDNode(4,u_57)
layer 4 incoming edges: 166
split the incoming edges: 166 86 80
the value pair of raw_data is: 161
split the outgoings edges: 1 1 1 2
add node: MDDNode(4,u_118) MDDNode(4,u_119), remove node: MDDNode(4,u_58)
layer 4 incoming edges: 127
split the incoming edges: 127 59 68
the value pair of raw_data is: 161
split the outgoings edges: 1 1 1 2
add node: MDDNode(4,u_120) MDDNode(4,u_121), remove node: MDDNode(4,u_59)
layer 4 incoming edges: 134
split the incoming edges: 134 77 57
the value pair of raw_data is: 161
split the outgoings edges: 1 1 1 2
add node: MDDNode(4,u_122) MDDNode(4,u_123), remove node: MDDNode(4,u_60)
layer 4 incoming edges: 135
split the incoming edges: 135 59 76
the value pair of raw_data is: 161
split the outgoings edges: 1 1 1 2
add node: MDDNode(4,u_124) MDDNode(4,u_125), remove node: MDDNode(4,u_61)
1 16 64
layer 1 incoming edges: 6
split the incoming edges: 6 3 3
the value pair of raw_data is: 492
split the outgoings edges: 29 22 7 29
add node: MDDNode(1,u_126) MDDNode(1,u_127), remove node: MDDNode(1,u_62)
layer 1 incoming edges: 7
split the incoming edges: 7 4 3
the value pair of raw_data is: 492
split the outgoings edges: 42 23 19 42
add node: MDDNode(1,u_128) MDDNode(1,u_129), remove node: MDDNode(1,u_63)
layer 1 incoming edges: 8
split the incoming edges: 8 5 3
the value pair of raw_data is: 492
split the outgoings edges: 42 30 12 42
add node: MDDNode(1,u_130) MDDNode(1,u_131), remove node: MDDNode(1,u_64)
layer 1 incoming edges: 8
split the incoming edges: 8 4 4
the value pair of raw_data is: 492
split the outgoings edges: 35 19 16 35
add node: MDDNode(1,u_132) MDDNode(1,u_133), remove node: MDDNode(1,u_65)
layer 1 incoming edges: 6
split the incoming edges: 6 1 5
the value pair of raw_data is: 492
split the outgoings edges: 21 2 21 23
add node: MDDNode(1,u_134) MDDNode(1,u_135), remove node: MDDNode(1,u_66)
layer 1 incoming edges: 3
one of splitted has no income edge:3 0
layer 1 incoming edges: 9
split the incoming edges: 9 4 5
the value pair of raw_data is: 492
split the outgoings edges: 42 22 20 42
add node: MDDNode(1,u_136) MDDNode(1,u_137), remove node: MDDNode(1,u_68)
layer 1 incoming edges: 6
split the incoming edges: 6 2 4
the value pair of raw_data is: 492
split the outgoings edges: 24 10 14 24
add node: MDDNode(1,u_138) MDDNode(1,u_139), remove node: MDDNode(1,u_69)
layer 1 incoming edges: 7
split the incoming edges: 7 3 4
the value pair of raw_data is: 492
split the outgoings edges: 32 5 27 32
add node: MDDNode(1,u_140) MDDNode(1,u_141), remove node: MDDNode(1,u_70)
layer 1 incoming edges: 6
split the incoming edges: 6 2 4
the value pair of raw_data is: 492
split the outgoings edges: 31 11 20 31
add node: MDDNode(1,u_142) MDDNode(1,u_143), remove node: MDDNode(1,u_71)
layer 1 incoming edges: 10
split the incoming edges: 10 5 5
the value pair of raw_data is: 492
split the outgoings edges: 37 16 21 37
add node: MDDNode(1,u_144) MDDNode(1,u_145), remove node: MDDNode(1,u_72)
layer 1 incoming edges: 6
split the incoming edges: 6 4 2
the value pair of raw_data is: 492
split the outgoings edges: 35 26 9 35
add node: MDDNode(1,u_146) MDDNode(1,u_147), remove node: MDDNode(1,u_73)
layer 1 incoming edges: 3
split the incoming edges: 3 2 1
the value pair of raw_data is: 492
split the outgoings edges: 8 6 2 8
add node: MDDNode(1,u_148) MDDNode(1,u_149), remove node: MDDNode(1,u_74)
layer 1 incoming edges: 13
split the incoming edges: 13 7 6
the value pair of raw_data is: 492
split the outgoings edges: 46 26 20 46
add node: MDDNode(1,u_150) MDDNode(1,u_151), remove node: MDDNode(1,u_75)
layer 1 incoming edges: 3
split the incoming edges: 3 1 2
the value pair of raw_data is: 492
split the outgoings edges: 10 6 4 10
add node: MDDNode(1,u_152) MDDNode(1,u_153), remove node: MDDNode(1,u_76)
layer 1 incoming edges: 10
split the incoming edges: 10 4 6
the value pair of raw_data is: 492
split the outgoings edges: 47 15 32 47
add node: MDDNode(1,u_154) MDDNode(1,u_155), remove node: MDDNode(1,u_77)
2 16 64
layer 2 incoming edges: 21
split the incoming edges: 21 10 11
the value pair of raw_data is: 6265
split the outgoings edges: 66 49 59 108
add node: MDDNode(2,u_156) MDDNode(2,u_157), remove node: MDDNode(2,u_78)
layer 2 incoming edges: 30
split the incoming edges: 30 11 19
the value pair of raw_data is: 6265
split the outgoings edges: 76 50 72 122
add node: MDDNode(2,u_158) MDDNode(2,u_159), remove node: MDDNode(2,u_79)
layer 2 incoming edges: 38
split the incoming edges: 38 25 13
the value pair of raw_data is: 6265
split the outgoings edges: 79 70 64 134
add node: MDDNode(2,u_160) MDDNode(2,u_161), remove node: MDDNode(2,u_80)
layer 2 incoming edges: 37
split the incoming edges: 37 15 22
the value pair of raw_data is: 6265
split the outgoings edges: 72 63 54 117
add node: MDDNode(2,u_162) MDDNode(2,u_163), remove node: MDDNode(2,u_81)
layer 2 incoming edges: 27
split the incoming edges: 27 17 10
the value pair of raw_data is: 6265
split the outgoings edges: 80 79 55 134
add node: MDDNode(2,u_164) MDDNode(2,u_165), remove node: MDDNode(2,u_82)
layer 2 incoming edges: 43
split the incoming edges: 43 22 21
the value pair of raw_data is: 6265
split the outgoings edges: 79 67 74 141
add node: MDDNode(2,u_166) MDDNode(2,u_167), remove node: MDDNode(2,u_83)
layer 2 incoming edges: 29
split the incoming edges: 29 13 16
the value pair of raw_data is: 6265
split the outgoings edges: 69 63 64 127
add node: MDDNode(2,u_168) MDDNode(2,u_169), remove node: MDDNode(2,u_84)
layer 2 incoming edges: 25
split the incoming edges: 25 8 17
the value pair of raw_data is: 6265
split the outgoings edges: 74 52 66 118
add node: MDDNode(2,u_170) MDDNode(2,u_171), remove node: MDDNode(2,u_85)
layer 2 incoming edges: 35
split the incoming edges: 35 14 21
the value pair of raw_data is: 6265
split the outgoings edges: 84 75 76 151
add node: MDDNode(2,u_172) MDDNode(2,u_173), remove node: MDDNode(2,u_86)
layer 2 incoming edges: 34
split the incoming edges: 34 23 11
the value pair of raw_data is: 6265
split the outgoings edges: 84 81 64 145
add node: MDDNode(2,u_174) MDDNode(2,u_175), remove node: MDDNode(2,u_87)
layer 2 incoming edges: 22
split the incoming edges: 22 11 11
the value pair of raw_data is: 6265
split the outgoings edges: 70 51 64 115
add node: MDDNode(2,u_176) MDDNode(2,u_177), remove node: MDDNode(2,u_88)
layer 2 incoming edges: 31
split the incoming edges: 31 21 10
the value pair of raw_data is: 6265
split the outgoings edges: 74 68 56 124
add node: MDDNode(2,u_178) MDDNode(2,u_179), remove node: MDDNode(2,u_89)
layer 2 incoming edges: 32
split the incoming edges: 32 15 17
the value pair of raw_data is: 6265
split the outgoings edges: 70 61 64 125
add node: MDDNode(2,u_180) MDDNode(2,u_181), remove node: MDDNode(2,u_90)
layer 2 incoming edges: 38
split the incoming edges: 38 17 21
the value pair of raw_data is: 6265
split the outgoings edges: 73 69 65 134
add node: MDDNode(2,u_182) MDDNode(2,u_183), remove node: MDDNode(2,u_91)
layer 2 incoming edges: 29
split the incoming edges: 29 15 14
the value pair of raw_data is: 6265
split the outgoings edges: 68 66 40 106
add node: MDDNode(2,u_184) MDDNode(2,u_185), remove node: MDDNode(2,u_92)
layer 2 incoming edges: 21
split the incoming edges: 21 7 14
the value pair of raw_data is: 6265
split the outgoings edges: 65 45 62 107
add node: MDDNode(2,u_186) MDDNode(2,u_187), remove node: MDDNode(2,u_93)
3 16 64
layer 3 incoming edges: 146
split the incoming edges: 146 73 73
the value pair of raw_data is: 202
split the outgoings edges: 89 75 79 154
add node: MDDNode(3,u_188) MDDNode(3,u_189), remove node: MDDNode(3,u_94)
layer 3 incoming edges: 186
split the incoming edges: 186 95 91
the value pair of raw_data is: 202
split the outgoings edges: 100 91 80 171
add node: MDDNode(3,u_190) MDDNode(3,u_191), remove node: MDDNode(3,u_95)
layer 3 incoming edges: 181
split the incoming edges: 181 91 90
the value pair of raw_data is: 202
split the outgoings edges: 85 65 58 123
add node: MDDNode(3,u_192) MDDNode(3,u_193), remove node: MDDNode(3,u_96)
layer 3 incoming edges: 142
split the incoming edges: 142 65 77
the value pair of raw_data is: 202
split the outgoings edges: 88 75 77 152
add node: MDDNode(3,u_194) MDDNode(3,u_195), remove node: MDDNode(3,u_97)
layer 3 incoming edges: 143
split the incoming edges: 143 71 72
the value pair of raw_data is: 202
split the outgoings edges: 72 62 53 115
add node: MDDNode(3,u_196) MDDNode(3,u_197), remove node: MDDNode(3,u_98)
layer 3 incoming edges: 138
split the incoming edges: 138 70 68
the value pair of raw_data is: 202
split the outgoings edges: 67 61 49 110
add node: MDDNode(3,u_198) MDDNode(3,u_199), remove node: MDDNode(3,u_99)
layer 3 incoming edges: 111
split the incoming edges: 111 64 47
the value pair of raw_data is: 202
split the outgoings edges: 60 52 49 101
add node: MDDNode(3,u_200) MDDNode(3,u_201), remove node: MDDNode(3,u_100)
layer 3 incoming edges: 90
split the incoming edges: 90 43 47
the value pair of raw_data is: 202
split the outgoings edges: 53 45 38 83
add node: MDDNode(3,u_202) MDDNode(3,u_203), remove node: MDDNode(3,u_101)
layer 3 incoming edges: 99
split the incoming edges: 99 46 53
the value pair of raw_data is: 202
split the outgoings edges: 81 61 67 128
add node: MDDNode(3,u_204) MDDNode(3,u_205), remove node: MDDNode(3,u_102)
layer 3 incoming edges: 123
split the incoming edges: 123 59 64
the value pair of raw_data is: 202
split the outgoings edges: 65 53 59 112
add node: MDDNode(3,u_206) MDDNode(3,u_207), remove node: MDDNode(3,u_103)
layer 3 incoming edges: 123
split the incoming edges: 123 61 62
the value pair of raw_data is: 202
split the outgoings edges: 82 69 73 142
add node: MDDNode(3,u_208) MDDNode(3,u_209), remove node: MDDNode(3,u_104)
layer 3 incoming edges: 112
split the incoming edges: 112 59 53
the value pair of raw_data is: 202
split the outgoings edges: 82 67 54 121
add node: MDDNode(3,u_210) MDDNode(3,u_211), remove node: MDDNode(3,u_105)
layer 3 incoming edges: 88
split the incoming edges: 88 45 43
the value pair of raw_data is: 202
split the outgoings edges: 78 56 64 120
add node: MDDNode(3,u_212) MDDNode(3,u_213), remove node: MDDNode(3,u_106)
layer 3 incoming edges: 126
split the incoming edges: 126 62 64
the value pair of raw_data is: 202
split the outgoings edges: 94 84 78 162
add node: MDDNode(3,u_214) MDDNode(3,u_215), remove node: MDDNode(3,u_107)
layer 3 incoming edges: 101
split the incoming edges: 101 55 46
the value pair of raw_data is: 202
split the outgoings edges: 72 66 47 113
add node: MDDNode(3,u_216) MDDNode(3,u_217), remove node: MDDNode(3,u_108)
layer 3 incoming edges: 99
split the incoming edges: 99 56 43
the value pair of raw_data is: 202
split the outgoings edges: 73 62 56 118
add node: MDDNode(3,u_218) MDDNode(3,u_219), remove node: MDDNode(3,u_109)
4 16 64
layer 4 incoming edges: 151
split the incoming edges: 151 86 65
the value pair of raw_data is: 161
split the outgoings edges: 1 1 1 2
add node: MDDNode(4,u_220) MDDNode(4,u_221), remove node: MDDNode(4,u_110)
layer 4 incoming edges: 149
split the incoming edges: 149 72 77
the value pair of raw_data is: 161
split the outgoings edges: 1 1 1 2
add node: MDDNode(4,u_222) MDDNode(4,u_223), remove node: MDDNode(4,u_111)
layer 4 incoming edges: 126
split the incoming edges: 126 48 78
the value pair of raw_data is: 161
split the outgoings edges: 1 1 1 2
add node: MDDNode(4,u_224) MDDNode(4,u_225), remove node: MDDNode(4,u_112)
layer 4 incoming edges: 140
split the incoming edges: 140 62 78
the value pair of raw_data is: 161
split the outgoings edges: 1 1 1 2
add node: MDDNode(4,u_226) MDDNode(4,u_227), remove node: MDDNode(4,u_113)
layer 4 incoming edges: 138
split the incoming edges: 138 70 68
the value pair of raw_data is: 161
split the outgoings edges: 1 1 1 2
add node: MDDNode(4,u_228) MDDNode(4,u_229), remove node: MDDNode(4,u_114)
layer 4 incoming edges: 127
split the incoming edges: 127 52 75
the value pair of raw_data is: 161
split the outgoings edges: 1 1 1 2
add node: MDDNode(4,u_230) MDDNode(4,u_231), remove node: MDDNode(4,u_115)
layer 4 incoming edges: 143
split the incoming edges: 143 68 75
the value pair of raw_data is: 161
split the outgoings edges: 1 1 1 2
add node: MDDNode(4,u_232) MDDNode(4,u_233), remove node: MDDNode(4,u_116)
layer 4 incoming edges: 130
split the incoming edges: 130 64 66
the value pair of raw_data is: 161
split the outgoings edges: 1 1 1 2
add node: MDDNode(4,u_234) MDDNode(4,u_235), remove node: MDDNode(4,u_117)
layer 4 incoming edges: 149
split the incoming edges: 149 77 72
the value pair of raw_data is: 161
split the outgoings edges: 1 1 1 2
add node: MDDNode(4,u_236) MDDNode(4,u_237), remove node: MDDNode(4,u_118)
layer 4 incoming edges: 125
split the incoming edges: 125 60 65
the value pair of raw_data is: 161
split the outgoings edges: 1 1 1 2
add node: MDDNode(4,u_238) MDDNode(4,u_239), remove node: MDDNode(4,u_119)
layer 4 incoming edges: 96
split the incoming edges: 96 51 45
the value pair of raw_data is: 161
split the outgoings edges: 1 1 1 2
add node: MDDNode(4,u_240) MDDNode(4,u_241), remove node: MDDNode(4,u_120)
layer 4 incoming edges: 115
split the incoming edges: 115 61 54
the value pair of raw_data is: 161
split the outgoings edges: 1 1 1 2
add node: MDDNode(4,u_242) MDDNode(4,u_243), remove node: MDDNode(4,u_121)
layer 4 incoming edges: 127
split the incoming edges: 127 64 63
the value pair of raw_data is: 161
split the outgoings edges: 1 1 1 2
add node: MDDNode(4,u_244) MDDNode(4,u_245), remove node: MDDNode(4,u_122)
layer 4 incoming edges: 91
split the incoming edges: 91 51 40
the value pair of raw_data is: 161
split the outgoings edges: 1 1 1 2
add node: MDDNode(4,u_246) MDDNode(4,u_247), remove node: MDDNode(4,u_123)
layer 4 incoming edges: 92
split the incoming edges: 92 52 40
the value pair of raw_data is: 161
split the outgoings edges: 1 1 1 2
add node: MDDNode(4,u_248) MDDNode(4,u_249), remove node: MDDNode(4,u_124)
layer 4 incoming edges: 126
split the incoming edges: 126 67 59
the value pair of raw_data is: 161
split the outgoings edges: 1 1 1 2
add node: MDDNode(4,u_250) MDDNode(4,u_251), remove node: MDDNode(4,u_125)
1 31 64
layer 1 incoming edges: 3
split the incoming edges: 3 2 1
the value pair of raw_data is: 492
split the outgoings edges: 9 3 6 9
add node: MDDNode(1,u_252) MDDNode(1,u_253), remove node: MDDNode(1,u_67)
layer 1 incoming edges: 3
split the incoming edges: 3 1 2
the value pair of raw_data is: 492
split the outgoings edges: 22 6 16 22
add node: MDDNode(1,u_254) MDDNode(1,u_255), remove node: MDDNode(1,u_126)
layer 1 incoming edges: 3
split the incoming edges: 3 1 2
the value pair of raw_data is: 492
split the outgoings edges: 7 2 5 7
add node: MDDNode(1,u_256) MDDNode(1,u_257), remove node: MDDNode(1,u_127)
layer 1 incoming edges: 4
split the incoming edges: 4 3 1
the value pair of raw_data is: 492
split the outgoings edges: 23 12 11 23
add node: MDDNode(1,u_258) MDDNode(1,u_259), remove node: MDDNode(1,u_128)
layer 1 incoming edges: 3
split the incoming edges: 3 2 1
the value pair of raw_data is: 492
split the outgoings edges: 19 11 8 19
add node: MDDNode(1,u_260) MDDNode(1,u_261), remove node: MDDNode(1,u_129)
layer 1 incoming edges: 5
split the incoming edges: 5 1 4
the value pair of raw_data is: 492
split the outgoings edges: 30 9 21 30
add node: MDDNode(1,u_262) MDDNode(1,u_263), remove node: MDDNode(1,u_130)
layer 1 incoming edges: 3
one of splitted has no income edge:0 3
layer 1 incoming edges: 4
split the incoming edges: 4 1 3
the value pair of raw_data is: 492
split the outgoings edges: 19 2 17 19
add node: MDDNode(1,u_264) MDDNode(1,u_265), remove node: MDDNode(1,u_132)
layer 1 incoming edges: 4
split the incoming edges: 4 2 2
the value pair of raw_data is: 492
split the outgoings edges: 16 4 12 16
add node: MDDNode(1,u_266) MDDNode(1,u_267), remove node: MDDNode(1,u_133)
layer 1 incoming edges: 1
one of splitted has no income edge:0 1
layer 1 incoming edges: 5
split the incoming edges: 5 4 1
the value pair of raw_data is: 492
split the outgoings edges: 21 11 10 21
add node: MDDNode(1,u_268) MDDNode(1,u_269), remove node: MDDNode(1,u_135)
layer 1 incoming edges: 4
split the incoming edges: 4 2 2
the value pair of raw_data is: 492
split the outgoings edges: 22 13 9 22
add node: MDDNode(1,u_270) MDDNode(1,u_271), remove node: MDDNode(1,u_136)
layer 1 incoming edges: 5
split the incoming edges: 5 3 2
the value pair of raw_data is: 492
split the outgoings edges: 20 14 6 20
add node: MDDNode(1,u_272) MDDNode(1,u_273), remove node: MDDNode(1,u_137)
layer 1 incoming edges: 2
split the incoming edges: 2 1 1
the value pair of raw_data is: 492
split the outgoings edges: 10 8 2 10
add node: MDDNode(1,u_274) MDDNode(1,u_275), remove node: MDDNode(1,u_138)
layer 1 incoming edges: 4
split the incoming edges: 4 1 3
the value pair of raw_data is: 492
split the outgoings edges: 14 2 12 14
add node: MDDNode(1,u_276) MDDNode(1,u_277), remove node: MDDNode(1,u_139)
layer 1 incoming edges: 3
split the incoming edges: 3 1 2
the value pair of raw_data is: 492
split the outgoings edges: 5 2 3 5
add node: MDDNode(1,u_278) MDDNode(1,u_279), remove node: MDDNode(1,u_140)
layer 1 incoming edges: 4
one of splitted has no income edge:0 4
layer 1 incoming edges: 2
one of splitted has no income edge:2 0
layer 1 incoming edges: 4
split the incoming edges: 4 2 2
the value pair of raw_data is: 492
split the outgoings edges: 20 12 8 20
add node: MDDNode(1,u_280) MDDNode(1,u_281), remove node: MDDNode(1,u_143)
layer 1 incoming edges: 5
split the incoming edges: 5 2 3
the value pair of raw_data is: 492
split the outgoings edges: 16 7 9 16
add node: MDDNode(1,u_282) MDDNode(1,u_283), remove node: MDDNode(1,u_144)
layer 1 incoming edges: 5
split the incoming edges: 5 3 2
the value pair of raw_data is: 492
split the outgoings edges: 21 6 15 21
add node: MDDNode(1,u_284) MDDNode(1,u_285), remove node: MDDNode(1,u_145)
layer 1 incoming edges: 4
split the incoming edges: 4 1 3
the value pair of raw_data is: 492
split the outgoings edges: 26 5 21 26
add node: MDDNode(1,u_286) MDDNode(1,u_287), remove node: MDDNode(1,u_146)
layer 1 incoming edges: 2
one of splitted has no income edge:0 2
layer 1 incoming edges: 2
split the incoming edges: 2 1 1
the value pair of raw_data is: 492
split the outgoings edges: 6 3 3 6
add node: MDDNode(1,u_288) MDDNode(1,u_289), remove node: MDDNode(1,u_148)
layer 1 incoming edges: 1
one of splitted has no income edge:1 0
layer 1 incoming edges: 7
split the incoming edges: 7 6 1
the value pair of raw_data is: 492
split the outgoings edges: 26 22 4 26
add node: MDDNode(1,u_290) MDDNode(1,u_291), remove node: MDDNode(1,u_150)
layer 1 incoming edges: 6
split the incoming edges: 6 1 5
the value pair of raw_data is: 492
split the outgoings edges: 20 8 12 20
add node: MDDNode(1,u_292) MDDNode(1,u_293), remove node: MDDNode(1,u_151)
layer 1 incoming edges: 1
one of splitted has no income edge:0 1
layer 1 incoming edges: 2
one of splitted has no income edge:0 2
layer 1 incoming edges: 4
split the incoming edges: 4 2 2
the value pair of raw_data is: 492
split the outgoings edges: 15 8 7 15
add node: MDDNode(1,u_294) MDDNode(1,u_295), remove node: MDDNode(1,u_154)
layer 1 incoming edges: 6
split the incoming edges: 6 2 4
the value pair of raw_data is: 492
split the outgoings edges: 32 20 12 32
add node: MDDNode(1,u_296) MDDNode(1,u_297), remove node: MDDNode(1,u_155)
2 32 64
layer 2 incoming edges: 10
split the incoming edges: 10 5 5
the value pair of raw_data is: 6265
split the outgoings edges: 49 32 38 70
add node: MDDNode(2,u_298) MDDNode(2,u_299), remove node: MDDNode(2,u_156)
layer 2 incoming edges: 11
split the incoming edges: 11 10 1
the value pair of raw_data is: 6265
split the outgoings edges: 59 55 16 71
add node: MDDNode(2,u_300) MDDNode(2,u_301), remove node: MDDNode(2,u_157)
layer 2 incoming edges: 11
split the incoming edges: 11 5 6
the value pair of raw_data is: 6265
split the outgoings edges: 50 30 45 75
add node: MDDNode(2,u_302) MDDNode(2,u_303), remove node: MDDNode(2,u_158)
layer 2 incoming edges: 19
split the incoming edges: 19 11 8
the value pair of raw_data is: 6265
split the outgoings edges: 72 68 50 118
add node: MDDNode(2,u_304) MDDNode(2,u_305), remove node: MDDNode(2,u_159)
layer 2 incoming edges: 25
split the incoming edges: 25 16 9
the value pair of raw_data is: 6265
split the outgoings edges: 70 65 46 111
add node: MDDNode(2,u_306) MDDNode(2,u_307), remove node: MDDNode(2,u_160)
layer 2 incoming edges: 13
split the incoming edges: 13 8 5
the value pair of raw_data is: 6265
split the outgoings edges: 64 46 57 103
add node: MDDNode(2,u_308) MDDNode(2,u_309), remove node: MDDNode(2,u_161)
layer 2 incoming edges: 15
split the incoming edges: 15 7 8
the value pair of raw_data is: 6265
split the outgoings edges: 63 50 51 101
add node: MDDNode(2,u_310) MDDNode(2,u_311), remove node: MDDNode(2,u_162)
layer 2 incoming edges: 22
split the incoming edges: 22 5 17
the value pair of raw_data is: 6265
split the outgoings edges: 54 24 51 75
add node: MDDNode(2,u_312) MDDNode(2,u_313), remove node: MDDNode(2,u_163)
layer 2 incoming edges: 17
split the incoming edges: 17 10 7
the value pair of raw_data is: 6265
split the outgoings edges: 79 64 74 138
add node: MDDNode(2,u_314) MDDNode(2,u_315), remove node: MDDNode(2,u_164)
layer 2 incoming edges: 10
split the incoming edges: 10 8 2
the value pair of raw_data is: 6265
split the outgoings edges: 55 46 36 82
add node: MDDNode(2,u_316) MDDNode(2,u_317), remove node: MDDNode(2,u_165)
layer 2 incoming edges: 22
split the incoming edges: 22 10 12
the value pair of raw_data is: 6265
split the outgoings edges: 67 60 56 116
add node: MDDNode(2,u_318) MDDNode(2,u_319), remove node: MDDNode(2,u_166)
layer 2 incoming edges: 21
split the incoming edges: 21 9 12
the value pair of raw_data is: 6265
split the outgoings edges: 74 59 55 114
add node: MDDNode(2,u_320) MDDNode(2,u_321), remove node: MDDNode(2,u_167)
layer 2 incoming edges: 13
split the incoming edges: 13 5 8
the value pair of raw_data is: 6265
split the outgoings edges: 63 39 60 99
add node: MDDNode(2,u_322) MDDNode(2,u_323), remove node: MDDNode(2,u_168)
layer 2 incoming edges: 16
split the incoming edges: 16 6 10
the value pair of raw_data is: 6265
split the outgoings edges: 64 36 64 100
add node: MDDNode(2,u_324) MDDNode(2,u_325), remove node: MDDNode(2,u_169)
layer 2 incoming edges: 8
split the incoming edges: 8 5 3
the value pair of raw_data is: 6265
split the outgoings edges: 52 43 29 72
add node: MDDNode(2,u_326) MDDNode(2,u_327), remove node: MDDNode(2,u_170)
layer 2 incoming edges: 17
split the incoming edges: 17 8 9
the value pair of raw_data is: 6265
split the outgoings edges: 66 60 40 100
add node: MDDNode(2,u_328) MDDNode(2,u_329), remove node: MDDNode(2,u_171)
layer 2 incoming edges: 14
split the incoming edges: 14 6 8
the value pair of raw_data is: 6265
split the outgoings edges: 75 55 71 126
add node: MDDNode(2,u_330) MDDNode(2,u_331), remove node: MDDNode(2,u_172)
layer 2 incoming edges: 21
split the incoming edges: 21 12 9
the value pair of raw_data is: 6265
split the outgoings edges: 76 60 67 127
add node: MDDNode(2,u_332) MDDNode(2,u_333), remove node: MDDNode(2,u_173)
layer 2 incoming edges: 23
split the incoming edges: 23 12 11
the value pair of raw_data is: 6265
split the outgoings edges: 81 73 64 137
add node: MDDNode(2,u_334) MDDNode(2,u_335), remove node: MDDNode(2,u_174)
layer 2 incoming edges: 11
split the incoming edges: 11 6 5
the value pair of raw_data is: 6265
split the outgoings edges: 64 40 56 96
add node: MDDNode(2,u_336) MDDNode(2,u_337), remove node: MDDNode(2,u_175)
layer 2 incoming edges: 11
split the incoming edges: 11 5 6
the value pair of raw_data is: 6265
split the outgoings edges: 51 29 46 75
add node: MDDNode(2,u_338) MDDNode(2,u_339), remove node: MDDNode(2,u_176)
layer 2 incoming edges: 11
split the incoming edges: 11 8 3
the value pair of raw_data is: 6265
split the outgoings edges: 64 58 25 83
add node: MDDNode(2,u_340) MDDNode(2,u_341), remove node: MDDNode(2,u_177)
layer 2 incoming edges: 21
split the incoming edges: 21 14 7
the value pair of raw_data is: 6265
split the outgoings edges: 68 57 58 115
add node: MDDNode(2,u_342) MDDNode(2,u_343), remove node: MDDNode(2,u_178)
layer 2 incoming edges: 10
split the incoming edges: 10 5 5
the value pair of raw_data is: 6265
split the outgoings edges: 56 50 27 77
add node: MDDNode(2,u_344) MDDNode(2,u_345), remove node: MDDNode(2,u_179)
layer 2 incoming edges: 15
split the incoming edges: 15 9 6
the value pair of raw_data is: 6265
split the outgoings edges: 61 54 44 98
add node: MDDNode(2,u_346) MDDNode(2,u_347), remove node: MDDNode(2,u_180)
layer 2 incoming edges: 17
split the incoming edges: 17 8 9
the value pair of raw_data is: 6265
split the outgoings edges: 64 54 55 109
add node: MDDNode(2,u_348) MDDNode(2,u_349), remove node: MDDNode(2,u_181)
layer 2 incoming edges: 17
split the incoming edges: 17 9 8
the value pair of raw_data is: 6265
split the outgoings edges: 69 47 60 107
add node: MDDNode(2,u_350) MDDNode(2,u_351), remove node: MDDNode(2,u_182)
layer 2 incoming edges: 21
split the incoming edges: 21 13 8
the value pair of raw_data is: 6265
split the outgoings edges: 65 60 52 112
add node: MDDNode(2,u_352) MDDNode(2,u_353), remove node: MDDNode(2,u_183)
layer 2 incoming edges: 15
split the incoming edges: 15 8 7
the value pair of raw_data is: 6265
split the outgoings edges: 66 56 49 105
add node: MDDNode(2,u_354) MDDNode(2,u_355), remove node: MDDNode(2,u_184)
layer 2 incoming edges: 14
split the incoming edges: 14 6 8
the value pair of raw_data is: 6265
split the outgoings edges: 40 21 33 54
add node: MDDNode(2,u_356) MDDNode(2,u_357), remove node: MDDNode(2,u_185)
layer 2 incoming edges: 7
split the incoming edges: 7 4 3
the value pair of raw_data is: 6265
split the outgoings edges: 45 42 25 67
add node: MDDNode(2,u_358) MDDNode(2,u_359), remove node: MDDNode(2,u_186)
layer 2 incoming edges: 14
split the incoming edges: 14 8 6
the value pair of raw_data is: 6265
split the outgoings edges: 62 57 41 98
add node: MDDNode(2,u_360) MDDNode(2,u_361), remove node: MDDNode(2,u_187)
3 32 64
layer 3 incoming edges: 115
split the incoming edges: 115 62 53
the value pair of raw_data is: 202
split the outgoings edges: 75 69 54 123
add node: MDDNode(3,u_362) MDDNode(3,u_363), remove node: MDDNode(3,u_188)
layer 3 incoming edges: 120
split the incoming edges: 120 52 68
the value pair of raw_data is: 202
split the outgoings edges: 79 53 77 130
add node: MDDNode(3,u_364) MDDNode(3,u_365), remove node: MDDNode(3,u_189)
layer 3 incoming edges: 156
split the incoming edges: 156 78 78
the value pair of raw_data is: 202
split the outgoings edges: 91 77 80 157
add node: MDDNode(3,u_366) MDDNode(3,u_367), remove node: MDDNode(3,u_190)
layer 3 incoming edges: 150
split the incoming edges: 150 74 76
the value pair of raw_data is: 202
split the outgoings edges: 80 67 60 127
add node: MDDNode(3,u_368) MDDNode(3,u_369), remove node: MDDNode(3,u_191)
layer 3 incoming edges: 149
split the incoming edges: 149 65 84
the value pair of raw_data is: 202
split the outgoings edges: 65 57 53 110
add node: MDDNode(3,u_370) MDDNode(3,u_371), remove node: MDDNode(3,u_192)
layer 3 incoming edges: 146
split the incoming edges: 146 79 67
the value pair of raw_data is: 202
split the outgoings edges: 58 54 50 104
add node: MDDNode(3,u_372) MDDNode(3,u_373), remove node: MDDNode(3,u_193)
layer 3 incoming edges: 99
split the incoming edges: 99 38 61
the value pair of raw_data is: 202
split the outgoings edges: 75 56 55 111
add node: MDDNode(3,u_374) MDDNode(3,u_375), remove node: MDDNode(3,u_194)
layer 3 incoming edges: 114
split the incoming edges: 114 57 57
the value pair of raw_data is: 202
split the outgoings edges: 77 68 56 124
add node: MDDNode(3,u_376) MDDNode(3,u_377), remove node: MDDNode(3,u_195)
layer 3 incoming edges: 110
split the incoming edges: 110 60 50
the value pair of raw_data is: 202
split the outgoings edges: 62 50 54 104
add node: MDDNode(3,u_378) MDDNode(3,u_379), remove node: MDDNode(3,u_196)
layer 3 incoming edges: 104
split the incoming edges: 104 53 51
the value pair of raw_data is: 202
split the outgoings edges: 53 44 46 90
add node: MDDNode(3,u_380) MDDNode(3,u_381), remove node: MDDNode(3,u_197)
layer 3 incoming edges: 97
split the incoming edges: 97 46 51
the value pair of raw_data is: 202
split the outgoings edges: 61 45 51 96
add node: MDDNode(3,u_382) MDDNode(3,u_383), remove node: MDDNode(3,u_198)
layer 3 incoming edges: 103
split the incoming edges: 103 53 50
the value pair of raw_data is: 202
split the outgoings edges: 49 44 46 90
add node: MDDNode(3,u_384) MDDNode(3,u_385), remove node: MDDNode(3,u_199)
layer 3 incoming edges: 100
split the incoming edges: 100 51 49
the value pair of raw_data is: 202
split the outgoings edges: 52 49 42 91
add node: MDDNode(3,u_386) MDDNode(3,u_387), remove node: MDDNode(3,u_200)
layer 3 incoming edges: 76
split the incoming edges: 76 39 37
the value pair of raw_data is: 202
split the outgoings edges: 49 36 39 75
add node: MDDNode(3,u_388) MDDNode(3,u_389), remove node: MDDNode(3,u_201)
layer 3 incoming edges: 67
split the incoming edges: 67 43 24
the value pair of raw_data is: 202
split the outgoings edges: 45 36 22 58
add node: MDDNode(3,u_390) MDDNode(3,u_391), remove node: MDDNode(3,u_202)
layer 3 incoming edges: 66
split the incoming edges: 66 32 34
the value pair of raw_data is: 202
split the outgoings edges: 38 27 27 54
add node: MDDNode(3,u_392) MDDNode(3,u_393), remove node: MDDNode(3,u_203)
layer 3 incoming edges: 74
split the incoming edges: 74 41 33
the value pair of raw_data is: 202
split the outgoings edges: 61 53 41 94
add node: MDDNode(3,u_394) MDDNode(3,u_395), remove node: MDDNode(3,u_204)
layer 3 incoming edges: 85
split the incoming edges: 85 40 45
the value pair of raw_data is: 202
split the outgoings edges: 67 59 58 117
add node: MDDNode(3,u_396) MDDNode(3,u_397), remove node: MDDNode(3,u_205)
layer 3 incoming edges: 94
split the incoming edges: 94 38 56
the value pair of raw_data is: 202
split the outgoings edges: 53 35 50 85
add node: MDDNode(3,u_398) MDDNode(3,u_399), remove node: MDDNode(3,u_206)
layer 3 incoming edges: 98
split the incoming edges: 98 46 52
the value pair of raw_data is: 202
split the outgoings edges: 59 54 49 103
add node: MDDNode(3,u_400) MDDNode(3,u_401), remove node: MDDNode(3,u_207)
layer 3 incoming edges: 98
split the incoming edges: 98 58 40
the value pair of raw_data is: 202
split the outgoings edges: 69 65 55 120
add node: MDDNode(3,u_402) MDDNode(3,u_403), remove node: MDDNode(3,u_208)
layer 3 incoming edges: 93
split the incoming edges: 93 55 38
the value pair of raw_data is: 202
split the outgoings edges: 73 62 49 111
add node: MDDNode(3,u_404) MDDNode(3,u_405), remove node: MDDNode(3,u_209)
layer 3 incoming edges: 99
split the incoming edges: 99 44 55
the value pair of raw_data is: 202
split the outgoings edges: 67 50 61 111
add node: MDDNode(3,u_406) MDDNode(3,u_407), remove node: MDDNode(3,u_210)
layer 3 incoming edges: 79
split the incoming edges: 79 44 35
the value pair of raw_data is: 202
split the outgoings edges: 54 51 39 90
add node: MDDNode(3,u_408) MDDNode(3,u_409), remove node: MDDNode(3,u_211)
layer 3 incoming edges: 64
split the incoming edges: 64 32 32
the value pair of raw_data is: 202
split the outgoings edges: 56 44 43 87
add node: MDDNode(3,u_410) MDDNode(3,u_411), remove node: MDDNode(3,u_212)
layer 3 incoming edges: 66
split the incoming edges: 66 32 34
the value pair of raw_data is: 202
split the outgoings edges: 64 50 37 87
add node: MDDNode(3,u_412) MDDNode(3,u_413), remove node: MDDNode(3,u_213)
layer 3 incoming edges: 96
split the incoming edges: 96 38 58
the value pair of raw_data is: 202
split the outgoings edges: 84 59 68 127
add node: MDDNode(3,u_414) MDDNode(3,u_415), remove node: MDDNode(3,u_214)
layer 3 incoming edges: 102
split the incoming edges: 102 44 58
the value pair of raw_data is: 202
split the outgoings edges: 78 49 65 114
add node: MDDNode(3,u_416) MDDNode(3,u_417), remove node: MDDNode(3,u_215)
layer 3 incoming edges: 81
split the incoming edges: 81 54 27
the value pair of raw_data is: 202
split the outgoings edges: 66 65 40 105
add node: MDDNode(3,u_418) MDDNode(3,u_419), remove node: MDDNode(3,u_216)
layer 3 incoming edges: 72
split the incoming edges: 72 39 33
the value pair of raw_data is: 202
split the outgoings edges: 47 43 29 72
add node: MDDNode(3,u_420) MDDNode(3,u_421), remove node: MDDNode(3,u_217)
layer 3 incoming edges: 86
split the incoming edges: 86 41 45
the value pair of raw_data is: 202
split the outgoings edges: 62 50 51 101
add node: MDDNode(3,u_422) MDDNode(3,u_423), remove node: MDDNode(3,u_218)
layer 3 incoming edges: 72
split the incoming edges: 72 36 36
the value pair of raw_data is: 202
split the outgoings edges: 56 45 38 83
add node: MDDNode(3,u_424) MDDNode(3,u_425), remove node: MDDNode(3,u_219)
4 32 64
layer 4 incoming edges: 138
split the incoming edges: 138 55 83
the value pair of raw_data is: 161
split the outgoings edges: 1 1 1 2
add node: MDDNode(4,u_426) MDDNode(4,u_427), remove node: MDDNode(4,u_220)
layer 4 incoming edges: 102
split the incoming edges: 102 56 46
the value pair of raw_data is: 161
split the outgoings edges: 1 1 1 2
add node: MDDNode(4,u_428) MDDNode(4,u_429), remove node: MDDNode(4,u_221)
layer 4 incoming edges: 117
split the incoming edges: 117 60 57
the value pair of raw_data is: 161
split the outgoings edges: 1 1 1 2
add node: MDDNode(4,u_430) MDDNode(4,u_431), remove node: MDDNode(4,u_222)
layer 4 incoming edges: 127
split the incoming edges: 127 60 67
the value pair of raw_data is: 161
split the outgoings edges: 1 1 1 2
add node: MDDNode(4,u_432) MDDNode(4,u_433), remove node: MDDNode(4,u_223)
layer 4 incoming edges: 78
split the incoming edges: 78 42 36
the value pair of raw_data is: 161
split the outgoings edges: 1 1 1 2
add node: MDDNode(4,u_434) MDDNode(4,u_435), remove node: MDDNode(4,u_224)
layer 4 incoming edges: 128
split the incoming edges: 128 63 65
the value pair of raw_data is: 161
split the outgoings edges: 1 1 1 2
add node: MDDNode(4,u_436) MDDNode(4,u_437), remove node: MDDNode(4,u_225)
layer 4 incoming edges: 99
split the incoming edges: 99 57 42
the value pair of raw_data is: 161
split the outgoings edges: 1 1 1 2
add node: MDDNode(4,u_438) MDDNode(4,u_439), remove node: MDDNode(4,u_226)
layer 4 incoming edges: 123
split the incoming edges: 123 64 59
the value pair of raw_data is: 161
split the outgoings edges: 1 1 1 2
add node: MDDNode(4,u_440) MDDNode(4,u_441), remove node: MDDNode(4,u_227)
layer 4 incoming edges: 112
split the incoming edges: 112 50 62
the value pair of raw_data is: 161
split the outgoings edges: 1 1 1 2
add node: MDDNode(4,u_442) MDDNode(4,u_443), remove node: MDDNode(4,u_228)
layer 4 incoming edges: 116
split the incoming edges: 116 57 59
the value pair of raw_data is: 161
split the outgoings edges: 1 1 1 2
add node: MDDNode(4,u_444) MDDNode(4,u_445), remove node: MDDNode(4,u_229)
layer 4 incoming edges: 75
split the incoming edges: 75 47 28
the value pair of raw_data is: 161
split the outgoings edges: 1 1 1 2
add node: MDDNode(4,u_446) MDDNode(4,u_447), remove node: MDDNode(4,u_230)
layer 4 incoming edges: 119
split the incoming edges: 119 54 65
the value pair of raw_data is: 161
split the outgoings edges: 1 1 1 2
add node: MDDNode(4,u_448) MDDNode(4,u_449), remove node: MDDNode(4,u_231)
layer 4 incoming edges: 108
split the incoming edges: 108 52 56
the value pair of raw_data is: 161
split the outgoings edges: 1 1 1 2
add node: MDDNode(4,u_450) MDDNode(4,u_451), remove node: MDDNode(4,u_232)
layer 4 incoming edges: 124
split the incoming edges: 124 61 63
the value pair of raw_data is: 161
split the outgoings edges: 1 1 1 2
add node: MDDNode(4,u_452) MDDNode(4,u_453), remove node: MDDNode(4,u_233)
layer 4 incoming edges: 98
split the incoming edges: 98 47 51
the value pair of raw_data is: 161
split the outgoings edges: 1 1 1 2
add node: MDDNode(4,u_454) MDDNode(4,u_455), remove node: MDDNode(4,u_234)
layer 4 incoming edges: 108
split the incoming edges: 108 62 46
the value pair of raw_data is: 161
split the outgoings edges: 1 1 1 2
add node: MDDNode(4,u_456) MDDNode(4,u_457), remove node: MDDNode(4,u_235)
layer 4 incoming edges: 119
split the incoming edges: 119 68 51
the value pair of raw_data is: 161
split the outgoings edges: 1 1 1 2
add node: MDDNode(4,u_458) MDDNode(4,u_459), remove node: MDDNode(4,u_236)
layer 4 incoming edges: 116
split the incoming edges: 116 57 59
the value pair of raw_data is: 161
split the outgoings edges: 1 1 1 2
add node: MDDNode(4,u_460) MDDNode(4,u_461), remove node: MDDNode(4,u_237)
layer 4 incoming edges: 91
split the incoming edges: 91 44 47
the value pair of raw_data is: 161
split the outgoings edges: 1 1 1 2
add node: MDDNode(4,u_462) MDDNode(4,u_463), remove node: MDDNode(4,u_238)
layer 4 incoming edges: 102
split the incoming edges: 102 50 52
the value pair of raw_data is: 161
split the outgoings edges: 1 1 1 2
add node: MDDNode(4,u_464) MDDNode(4,u_465), remove node: MDDNode(4,u_239)
layer 4 incoming edges: 81
split the incoming edges: 81 49 32
the value pair of raw_data is: 161
split the outgoings edges: 1 1 1 2
add node: MDDNode(4,u_466) MDDNode(4,u_467), remove node: MDDNode(4,u_240)
layer 4 incoming edges: 70
split the incoming edges: 70 37 33
the value pair of raw_data is: 161
split the outgoings edges: 1 1 1 2
add node: MDDNode(4,u_468) MDDNode(4,u_469), remove node: MDDNode(4,u_241)
layer 4 incoming edges: 97
split the incoming edges: 97 48 49
the value pair of raw_data is: 161
split the outgoings edges: 1 1 1 2
add node: MDDNode(4,u_470) MDDNode(4,u_471), remove node: MDDNode(4,u_242)
layer 4 incoming edges: 91
split the incoming edges: 91 47 44
the value pair of raw_data is: 161
split the outgoings edges: 1 1 1 2
add node: MDDNode(4,u_472) MDDNode(4,u_473), remove node: MDDNode(4,u_243)
layer 4 incoming edges: 111
split the incoming edges: 111 58 53
the value pair of raw_data is: 161
split the outgoings edges: 1 1 1 2
add node: MDDNode(4,u_474) MDDNode(4,u_475), remove node: MDDNode(4,u_244)
layer 4 incoming edges: 104
split the incoming edges: 104 48 56
the value pair of raw_data is: 161
split the outgoings edges: 1 1 1 2
add node: MDDNode(4,u_476) MDDNode(4,u_477), remove node: MDDNode(4,u_245)
layer 4 incoming edges: 81
split the incoming edges: 81 32 49
the value pair of raw_data is: 161
split the outgoings edges: 1 1 1 2
add node: MDDNode(4,u_478) MDDNode(4,u_479), remove node: MDDNode(4,u_246)
layer 4 incoming edges: 67
split the incoming edges: 67 29 38
the value pair of raw_data is: 161
split the outgoings edges: 1 1 1 2
add node: MDDNode(4,u_480) MDDNode(4,u_481), remove node: MDDNode(4,u_247)
layer 4 incoming edges: 87
split the incoming edges: 87 40 47
the value pair of raw_data is: 161
split the outgoings edges: 1 1 1 2
add node: MDDNode(4,u_482) MDDNode(4,u_483), remove node: MDDNode(4,u_248)
layer 4 incoming edges: 62
split the incoming edges: 62 39 23
the value pair of raw_data is: 161
split the outgoings edges: 1 1 1 2
add node: MDDNode(4,u_484) MDDNode(4,u_485), remove node: MDDNode(4,u_249)
layer 4 incoming edges: 106
split the incoming edges: 106 49 57
the value pair of raw_data is: 161
split the outgoings edges: 1 1 1 2
add node: MDDNode(4,u_486) MDDNode(4,u_487), remove node: MDDNode(4,u_250)
layer 4 incoming edges: 94
split the incoming edges: 94 47 47
the value pair of raw_data is: 161
split the outgoings edges: 1 1 1 2
add node: MDDNode(4,u_488) MDDNode(4,u_489), remove node: MDDNode(4,u_251)
1 54 64
layer 1 incoming edges: 3
one of splitted has no income edge:3 0
layer 1 incoming edges: 1
one of splitted has no income edge:1 0
layer 1 incoming edges: 4
split the incoming edges: 4 3 1
the value pair of raw_data is: 492
split the outgoings edges: 27 22 5 27
add node: MDDNode(1,u_490) MDDNode(1,u_491), remove node: MDDNode(1,u_141)
layer 1 incoming edges: 2
one of splitted has no income edge:2 0
layer 1 incoming edges: 2
split the incoming edges: 2 1 1
the value pair of raw_data is: 492
split the outgoings edges: 9 3 6 9
add node: MDDNode(1,u_492) MDDNode(1,u_493), remove node: MDDNode(1,u_147)
layer 1 incoming edges: 1
one of splitted has no income edge:1 0
layer 1 incoming edges: 1
one of splitted has no income edge:1 0
layer 1 incoming edges: 2
split the incoming edges: 2 1 1
the value pair of raw_data is: 492
split the outgoings edges: 4 3 1 4
add node: MDDNode(1,u_494) MDDNode(1,u_495), remove node: MDDNode(1,u_153)
layer 1 incoming edges: 2
split the incoming edges: 2 1 1
the value pair of raw_data is: 492
split the outgoings edges: 3 1 2 3
add node: MDDNode(1,u_496) MDDNode(1,u_497), remove node: MDDNode(1,u_252)
layer 1 incoming edges: 1
one of splitted has no income edge:0 1
layer 1 incoming edges: 1
one of splitted has no income edge:1 0
layer 1 incoming edges: 2
split the incoming edges: 2 1 1
the value pair of raw_data is: 492
split the outgoings edges: 16 2 14 16
add node: MDDNode(1,u_498) MDDNode(1,u_499), remove node: MDDNode(1,u_255)
layer 1 incoming edges: 1
one of splitted has no income edge:1 0
layer 1 incoming edges: 2
split the incoming edges: 2 1 1
the value pair of raw_data is: 492
split the outgoings edges: 5 2 3 5
add node: MDDNode(1,u_500) MDDNode(1,u_501), remove node: MDDNode(1,u_257)
layer 1 incoming edges: 3
split the incoming edges: 3 1 2
the value pair of raw_data is: 492
split the outgoings edges: 12 2 10 12
add node: MDDNode(1,u_502) MDDNode(1,u_503), remove node: MDDNode(1,u_258)
layer 1 incoming edges: 1
one of splitted has no income edge:1 0
layer 1 incoming edges: 2
one of splitted has no income edge:2 0
layer 1 incoming edges: 1
one of splitted has no income edge:0 1
layer 1 incoming edges: 1
one of splitted has no income edge:0 1
layer 1 incoming edges: 4
split the incoming edges: 4 3 1
the value pair of raw_data is: 492
split the outgoings edges: 21 20 1 21
add node: MDDNode(1,u_504) MDDNode(1,u_505), remove node: MDDNode(1,u_263)
layer 1 incoming edges: 1
one of splitted has no income edge:1 0
layer 1 incoming edges: 3
split the incoming edges: 3 1 2
the value pair of raw_data is: 492
split the outgoings edges: 17 9 8 17
add node: MDDNode(1,u_506) MDDNode(1,u_507), remove node: MDDNode(1,u_265)
layer 1 incoming edges: 2
one of splitted has no income edge:2 0
layer 1 incoming edges: 2
split the incoming edges: 2 1 1
the value pair of raw_data is: 492
split the outgoings edges: 12 11 1 12
add node: MDDNode(1,u_508) MDDNode(1,u_509), remove node: MDDNode(1,u_267)
layer 1 incoming edges: 4
node canot be splitted, beacause reaching the bound!: 64
layer 1 incoming edges: 1
one of splitted has no income edge:1 0
layer 1 incoming edges: 2
one of splitted has no income edge:0 2
layer 1 incoming edges: 2
node canot be splitted, beacause reaching the bound!: 64
layer 1 incoming edges: 3
node canot be splitted, beacause reaching the bound!: 64
layer 1 incoming edges: 2
one of splitted has no income edge:0 2
layer 1 incoming edges: 1
one of splitted has no income edge:0 1
layer 1 incoming edges: 1
one of splitted has no income edge:1 0
layer 1 incoming edges: 1
one of splitted has no income edge:0 1
layer 1 incoming edges: 3
node canot be splitted, beacause reaching the bound!: 64
layer 1 incoming edges: 1
one of splitted has no income edge:1 0
layer 1 incoming edges: 2
one of splitted has no income edge:0 2
layer 1 incoming edges: 2
node canot be splitted, beacause reaching the bound!: 64
layer 1 incoming edges: 2
node canot be splitted, beacause reaching the bound!: 64
layer 1 incoming edges: 2
node canot be splitted, beacause reaching the bound!: 64
layer 1 incoming edges: 3
node canot be splitted, beacause reaching the bound!: 64
layer 1 incoming edges: 3
one of splitted has no income edge:0 3
layer 1 incoming edges: 2
node canot be splitted, beacause reaching the bound!: 64
layer 1 incoming edges: 1
one of splitted has no income edge:0 1
layer 1 incoming edges: 3
node canot be splitted, beacause reaching the bound!: 64
layer 1 incoming edges: 1
one of splitted has no income edge:0 1
layer 1 incoming edges: 1
one of splitted has no income edge:0 1
layer 1 incoming edges: 6
node canot be splitted, beacause reaching the bound!: 64
layer 1 incoming edges: 1
one of splitted has no income edge:0 1
layer 1 incoming edges: 1
one of splitted has no income edge:0 1
layer 1 incoming edges: 5
node canot be splitted, beacause reaching the bound!: 64
layer 1 incoming edges: 2
node canot be splitted, beacause reaching the bound!: 64
layer 1 incoming edges: 2
one of splitted has no income edge:0 2
layer 1 incoming edges: 2
node canot be splitted, beacause reaching the bound!: 64
layer 1 incoming edges: 4
node canot be splitted, beacause reaching the bound!: 64
The bucket size: [25]
the graph width list : [1, 64, 64, 64, 64, 1]
iter= 1 dev 0.2777   test 0.2657   intelligible 0.3447   english 0.2855   gold 0.5360   save acc: 0.3447 time: 2019-11-28T00:01 
iter= 2 dev 0.2969   test 0.2866   intelligible 0.3731   english 0.3087   gold 0.5925   save acc: 0.3731 time: 2019-11-28T00:02 
iter= 3 dev 0.3111   test 0.2915   intelligible 0.3795   english 0.3132   gold 0.6096   save acc: 0.3795 time: 2019-11-28T00:03 
iter= 4 dev 0.3261   test 0.3239   intelligible 0.4216   english 0.3477   gold 0.7329   save acc: 0.4216 time: 2019-11-28T00:04 
iter= 5 dev 0.3251   test 0.3122   intelligible 0.4027   english 0.3325   gold 0.6644   
iter= 6 dev 0.3211   test 0.3156   intelligible 0.4080   english 0.3370   gold 0.6627   
iter= 7 dev 0.3360   test 0.3213   intelligible 0.4136   english 0.3406   gold 0.6815   
iter= 8 dev 0.3303   test 0.3187   intelligible 0.4117   english 0.3388   gold 0.6661   
iter= 9 dev 0.3280   test 0.3156   intelligible 0.4061   english 0.3355   gold 0.6490   
iter= 10 dev 0.3289   test 0.3146   intelligible 0.4034   english 0.3334   gold 0.6575   
iter= 11 dev 0.3291   test 0.3122   intelligible 0.4008   english 0.3316   gold 0.6610   
iter= 12 dev 0.3296   test 0.3130   intelligible 0.4042   english 0.3340   gold 0.6627   
iter= 13 dev 0.3273   test 0.3148   intelligible 0.4027   english 0.3331   gold 0.6661   
iter= 14 dev 0.3299   test 0.3122   intelligible 0.4000   english 0.3311   gold 0.6644   
iter= 15 dev 0.3258   test 0.3135   intelligible 0.4030   english 0.3334   gold 0.6678   
iter= 16 dev 0.3239   test 0.3122   intelligible 0.4000   english 0.3308   gold 0.6610   
iter= 17 dev 0.3263   test 0.3104   intelligible 0.3981   english 0.3296   gold 0.6575   
iter= 18 dev 0.3275   test 0.3102   intelligible 0.3973   english 0.3284   gold 0.6592   
iter= 19 dev 0.3232   test 0.3109   intelligible 0.3989   english 0.3302   gold 0.6627   
iter= 20 dev 0.3225   test 0.3127   intelligible 0.4008   english 0.3314   gold 0.6627   
iter= 21 dev 0.3235   test 0.3122   intelligible 0.4008   english 0.3316   gold 0.6678   
