args Namespace(config='configs/config_l.json', dataset='dataset/IFTTT/msr_data.pkl', load_model=None, mode='train', output='model/ifttt/width-64/pid-5-', width='64')
configure: {'max_word_id': 4000, 'bidirectional': True, 'cell_type': 'lstm', 'decoder': 'attention', 'embedding_size': 50, 'keep_prob': 0.5, 'memory_size': 25, 'num_layers': 1, 'num_units': 50, 'use_embedding': True, 'epoches': 20, 'batch_size': 32, 'init': {'name': 'random_uniform_initializer', 'scale': 0.1}, 'lr_scheduler': {'decay_steps': 5000, 'init_lr': 0.01, 'staircase': True}, 'max_grad_norm': 1, 'optimizer': 'AdamOptimizer'}
# path 8580
save to model/ifttt/width-64/pid-5-IFTTT-w-64.json
load json
numArcLayers: 5
1 1 64
layer 1 incoming edges: 111
split the incoming edges: 111 51 60
the value pair of raw_data is: 492
split the outgoings edges: 443 195 268 463
add node: MDDNode(1,u_6) MDDNode(1,u_7), remove node: MDDNode(1,u_1)
2 1 64
layer 2 incoming edges: 463
split the incoming edges: 463 210 253
the value pair of raw_data is: 6265
split the outgoings edges: 88 87 87 174
add node: MDDNode(2,u_8) MDDNode(2,u_9), remove node: MDDNode(2,u_2)
3 1 64
layer 3 incoming edges: 174
split the incoming edges: 174 98 76
the value pair of raw_data is: 202
split the outgoings edges: 161 134 112 246
add node: MDDNode(3,u_10) MDDNode(3,u_11), remove node: MDDNode(3,u_3)
4 1 64
layer 4 incoming edges: 246
split the incoming edges: 246 126 120
the value pair of raw_data is: 161
split the outgoings edges: 1 1 1 2
add node: MDDNode(4,u_12) MDDNode(4,u_13), remove node: MDDNode(4,u_4)
1 2 64
layer 1 incoming edges: 51
split the incoming edges: 51 23 28
the value pair of raw_data is: 492
split the outgoings edges: 195 83 118 201
add node: MDDNode(1,u_14) MDDNode(1,u_15), remove node: MDDNode(1,u_6)
layer 1 incoming edges: 60
split the incoming edges: 60 31 29
the value pair of raw_data is: 492
split the outgoings edges: 268 125 151 276
add node: MDDNode(1,u_16) MDDNode(1,u_17), remove node: MDDNode(1,u_7)
2 2 64
layer 2 incoming edges: 214
split the incoming edges: 214 106 108
the value pair of raw_data is: 6265
split the outgoings edges: 87 84 86 170
add node: MDDNode(2,u_18) MDDNode(2,u_19), remove node: MDDNode(2,u_8)
layer 2 incoming edges: 263
split the incoming edges: 263 133 130
the value pair of raw_data is: 6265
split the outgoings edges: 87 86 84 170
add node: MDDNode(2,u_20) MDDNode(2,u_21), remove node: MDDNode(2,u_9)
3 2 64
layer 3 incoming edges: 190
split the incoming edges: 190 95 95
the value pair of raw_data is: 202
split the outgoings edges: 134 119 121 240
add node: MDDNode(3,u_22) MDDNode(3,u_23), remove node: MDDNode(3,u_10)
layer 3 incoming edges: 150
split the incoming edges: 150 67 83
the value pair of raw_data is: 202
split the outgoings edges: 112 94 94 188
add node: MDDNode(3,u_24) MDDNode(3,u_25), remove node: MDDNode(3,u_11)
4 2 64
layer 4 incoming edges: 221
split the incoming edges: 221 115 106
the value pair of raw_data is: 161
split the outgoings edges: 1 1 1 2
add node: MDDNode(4,u_26) MDDNode(4,u_27), remove node: MDDNode(4,u_12)
layer 4 incoming edges: 207
split the incoming edges: 207 105 102
the value pair of raw_data is: 161
split the outgoings edges: 1 1 1 2
add node: MDDNode(4,u_28) MDDNode(4,u_29), remove node: MDDNode(4,u_13)
1 4 64
layer 1 incoming edges: 23
split the incoming edges: 23 12 11
the value pair of raw_data is: 492
split the outgoings edges: 83 44 40 84
add node: MDDNode(1,u_30) MDDNode(1,u_31), remove node: MDDNode(1,u_14)
layer 1 incoming edges: 28
split the incoming edges: 28 13 15
the value pair of raw_data is: 492
split the outgoings edges: 118 52 70 122
add node: MDDNode(1,u_32) MDDNode(1,u_33), remove node: MDDNode(1,u_15)
layer 1 incoming edges: 31
split the incoming edges: 31 15 16
the value pair of raw_data is: 492
split the outgoings edges: 125 70 59 129
add node: MDDNode(1,u_34) MDDNode(1,u_35), remove node: MDDNode(1,u_16)
layer 1 incoming edges: 29
split the incoming edges: 29 18 11
the value pair of raw_data is: 492
split the outgoings edges: 151 81 70 151
add node: MDDNode(1,u_36) MDDNode(1,u_37), remove node: MDDNode(1,u_17)
2 4 64
layer 2 incoming edges: 107
split the incoming edges: 107 54 53
the value pair of raw_data is: 6265
split the outgoings edges: 84 79 79 158
add node: MDDNode(2,u_38) MDDNode(2,u_39), remove node: MDDNode(2,u_18)
layer 2 incoming edges: 108
split the incoming edges: 108 52 56
the value pair of raw_data is: 6265
split the outgoings edges: 86 84 84 168
add node: MDDNode(2,u_40) MDDNode(2,u_41), remove node: MDDNode(2,u_19)
layer 2 incoming edges: 137
split the incoming edges: 137 65 72
the value pair of raw_data is: 6265
split the outgoings edges: 86 79 83 162
add node: MDDNode(2,u_42) MDDNode(2,u_43), remove node: MDDNode(2,u_20)
layer 2 incoming edges: 134
split the incoming edges: 134 62 72
the value pair of raw_data is: 6265
split the outgoings edges: 84 82 75 157
add node: MDDNode(2,u_44) MDDNode(2,u_45), remove node: MDDNode(2,u_21)
3 4 64
layer 3 incoming edges: 177
split the incoming edges: 177 86 91
the value pair of raw_data is: 202
split the outgoings edges: 119 106 108 214
add node: MDDNode(3,u_46) MDDNode(3,u_47), remove node: MDDNode(3,u_22)
layer 3 incoming edges: 180
split the incoming edges: 180 98 82
the value pair of raw_data is: 202
split the outgoings edges: 121 107 98 205
add node: MDDNode(3,u_48) MDDNode(3,u_49), remove node: MDDNode(3,u_23)
layer 3 incoming edges: 130
split the incoming edges: 130 64 66
the value pair of raw_data is: 202
split the outgoings edges: 94 79 77 156
add node: MDDNode(3,u_50) MDDNode(3,u_51), remove node: MDDNode(3,u_24)
layer 3 incoming edges: 158
split the incoming edges: 158 74 84
the value pair of raw_data is: 202
split the outgoings edges: 94 70 81 151
add node: MDDNode(3,u_52) MDDNode(3,u_53), remove node: MDDNode(3,u_25)
4 4 64
layer 4 incoming edges: 197
split the incoming edges: 197 100 97
the value pair of raw_data is: 161
split the outgoings edges: 1 1 1 2
add node: MDDNode(4,u_54) MDDNode(4,u_55), remove node: MDDNode(4,u_26)
layer 4 incoming edges: 180
split the incoming edges: 180 97 83
the value pair of raw_data is: 161
split the outgoings edges: 1 1 1 2
add node: MDDNode(4,u_56) MDDNode(4,u_57), remove node: MDDNode(4,u_27)
layer 4 incoming edges: 179
split the incoming edges: 179 96 83
the value pair of raw_data is: 161
split the outgoings edges: 1 1 1 2
add node: MDDNode(4,u_58) MDDNode(4,u_59), remove node: MDDNode(4,u_28)
layer 4 incoming edges: 170
split the incoming edges: 170 84 86
the value pair of raw_data is: 161
split the outgoings edges: 1 1 1 2
add node: MDDNode(4,u_60) MDDNode(4,u_61), remove node: MDDNode(4,u_29)
1 8 64
layer 1 incoming edges: 12
split the incoming edges: 12 7 5
the value pair of raw_data is: 492
split the outgoings edges: 44 25 19 44
add node: MDDNode(1,u_62) MDDNode(1,u_63), remove node: MDDNode(1,u_30)
layer 1 incoming edges: 11
split the incoming edges: 11 3 8
the value pair of raw_data is: 492
split the outgoings edges: 40 15 25 40
add node: MDDNode(1,u_64) MDDNode(1,u_65), remove node: MDDNode(1,u_31)
layer 1 incoming edges: 13
split the incoming edges: 13 7 6
the value pair of raw_data is: 492
split the outgoings edges: 52 32 24 56
add node: MDDNode(1,u_66) MDDNode(1,u_67), remove node: MDDNode(1,u_32)
layer 1 incoming edges: 15
split the incoming edges: 15 8 7
the value pair of raw_data is: 492
split the outgoings edges: 70 40 30 70
add node: MDDNode(1,u_68) MDDNode(1,u_69), remove node: MDDNode(1,u_33)
layer 1 incoming edges: 15
split the incoming edges: 15 8 7
the value pair of raw_data is: 492
split the outgoings edges: 70 33 37 70
add node: MDDNode(1,u_70) MDDNode(1,u_71), remove node: MDDNode(1,u_34)
layer 1 incoming edges: 16
split the incoming edges: 16 11 5
the value pair of raw_data is: 492
split the outgoings edges: 59 44 16 60
add node: MDDNode(1,u_72) MDDNode(1,u_73), remove node: MDDNode(1,u_35)
layer 1 incoming edges: 18
split the incoming edges: 18 6 12
the value pair of raw_data is: 492
split the outgoings edges: 81 26 55 81
add node: MDDNode(1,u_74) MDDNode(1,u_75), remove node: MDDNode(1,u_36)
layer 1 incoming edges: 11
split the incoming edges: 11 3 8
the value pair of raw_data is: 492
split the outgoings edges: 70 16 54 70
add node: MDDNode(1,u_76) MDDNode(1,u_77), remove node: MDDNode(1,u_37)
2 8 64
layer 2 incoming edges: 54
split the incoming edges: 54 21 33
the value pair of raw_data is: 6265
split the outgoings edges: 79 67 75 142
add node: MDDNode(2,u_78) MDDNode(2,u_79), remove node: MDDNode(2,u_38)
layer 2 incoming edges: 54
split the incoming edges: 54 26 28
the value pair of raw_data is: 6265
split the outgoings edges: 79 78 63 141
add node: MDDNode(2,u_80) MDDNode(2,u_81), remove node: MDDNode(2,u_39)
layer 2 incoming edges: 53
split the incoming edges: 53 23 30
the value pair of raw_data is: 6265
split the outgoings edges: 84 74 74 148
add node: MDDNode(2,u_82) MDDNode(2,u_83), remove node: MDDNode(2,u_40)
layer 2 incoming edges: 56
split the incoming edges: 56 22 34
the value pair of raw_data is: 6265
split the outgoings edges: 84 69 83 152
add node: MDDNode(2,u_84) MDDNode(2,u_85), remove node: MDDNode(2,u_41)
layer 2 incoming edges: 65
split the incoming edges: 65 34 31
the value pair of raw_data is: 6265
split the outgoings edges: 79 72 72 144
add node: MDDNode(2,u_86) MDDNode(2,u_87), remove node: MDDNode(2,u_42)
layer 2 incoming edges: 73
split the incoming edges: 73 33 40
the value pair of raw_data is: 6265
split the outgoings edges: 83 80 75 155
add node: MDDNode(2,u_88) MDDNode(2,u_89), remove node: MDDNode(2,u_43)
layer 2 incoming edges: 64
split the incoming edges: 64 27 37
the value pair of raw_data is: 6265
split the outgoings edges: 82 73 77 150
add node: MDDNode(2,u_90) MDDNode(2,u_91), remove node: MDDNode(2,u_44)
layer 2 incoming edges: 72
split the incoming edges: 72 33 39
the value pair of raw_data is: 6265
split the outgoings edges: 75 72 67 139
add node: MDDNode(2,u_92) MDDNode(2,u_93), remove node: MDDNode(2,u_45)
3 8 64
layer 3 incoming edges: 153
split the incoming edges: 153 88 65
the value pair of raw_data is: 202
split the outgoings edges: 106 91 83 174
add node: MDDNode(3,u_94) MDDNode(3,u_95), remove node: MDDNode(3,u_46)
layer 3 incoming edges: 161
split the incoming edges: 161 83 78
the value pair of raw_data is: 202
split the outgoings edges: 108 95 92 187
add node: MDDNode(3,u_96) MDDNode(3,u_97), remove node: MDDNode(3,u_47)
layer 3 incoming edges: 179
split the incoming edges: 179 88 91
the value pair of raw_data is: 202
split the outgoings edges: 107 99 104 203
add node: MDDNode(3,u_98) MDDNode(3,u_99), remove node: MDDNode(3,u_48)
layer 3 incoming edges: 148
split the incoming edges: 148 68 80
the value pair of raw_data is: 202
split the outgoings edges: 98 71 87 158
add node: MDDNode(3,u_100) MDDNode(3,u_101), remove node: MDDNode(3,u_49)
layer 3 incoming edges: 117
split the incoming edges: 117 67 50
the value pair of raw_data is: 202
split the outgoings edges: 79 75 56 131
add node: MDDNode(3,u_102) MDDNode(3,u_103), remove node: MDDNode(3,u_50)
layer 3 incoming edges: 120
split the incoming edges: 120 54 66
the value pair of raw_data is: 202
split the outgoings edges: 77 68 64 132
add node: MDDNode(3,u_104) MDDNode(3,u_105), remove node: MDDNode(3,u_51)
layer 3 incoming edges: 135
split the incoming edges: 135 68 67
the value pair of raw_data is: 202
split the outgoings edges: 70 60 65 125
add node: MDDNode(3,u_106) MDDNode(3,u_107), remove node: MDDNode(3,u_52)
layer 3 incoming edges: 158
split the incoming edges: 158 82 76
the value pair of raw_data is: 202
split the outgoings edges: 81 72 71 143
add node: MDDNode(3,u_108) MDDNode(3,u_109), remove node: MDDNode(3,u_53)
4 8 64
layer 4 incoming edges: 167
split the incoming edges: 167 87 80
the value pair of raw_data is: 161
split the outgoings edges: 1 1 1 2
add node: MDDNode(4,u_110) MDDNode(4,u_111), remove node: MDDNode(4,u_54)
layer 4 incoming edges: 166
split the incoming edges: 166 80 86
the value pair of raw_data is: 161
split the outgoings edges: 1 1 1 2
add node: MDDNode(4,u_112) MDDNode(4,u_113), remove node: MDDNode(4,u_55)
layer 4 incoming edges: 176
split the incoming edges: 176 87 89
the value pair of raw_data is: 161
split the outgoings edges: 1 1 1 2
add node: MDDNode(4,u_114) MDDNode(4,u_115), remove node: MDDNode(4,u_56)
layer 4 incoming edges: 138
split the incoming edges: 138 61 77
the value pair of raw_data is: 161
split the outgoings edges: 1 1 1 2
add node: MDDNode(4,u_116) MDDNode(4,u_117), remove node: MDDNode(4,u_57)
layer 4 incoming edges: 168
split the incoming edges: 168 81 87
the value pair of raw_data is: 161
split the outgoings edges: 1 1 1 2
add node: MDDNode(4,u_118) MDDNode(4,u_119), remove node: MDDNode(4,u_58)
layer 4 incoming edges: 143
split the incoming edges: 143 68 75
the value pair of raw_data is: 161
split the outgoings edges: 1 1 1 2
add node: MDDNode(4,u_120) MDDNode(4,u_121), remove node: MDDNode(4,u_59)
layer 4 incoming edges: 144
split the incoming edges: 144 80 64
the value pair of raw_data is: 161
split the outgoings edges: 1 1 1 2
add node: MDDNode(4,u_122) MDDNode(4,u_123), remove node: MDDNode(4,u_60)
layer 4 incoming edges: 151
split the incoming edges: 151 70 81
the value pair of raw_data is: 161
split the outgoings edges: 1 1 1 2
add node: MDDNode(4,u_124) MDDNode(4,u_125), remove node: MDDNode(4,u_61)
1 16 64
layer 1 incoming edges: 7
one of splitted has no income edge:0 7
layer 1 incoming edges: 5
split the incoming edges: 5 3 2
the value pair of raw_data is: 492
split the outgoings edges: 19 13 6 19
add node: MDDNode(1,u_126) MDDNode(1,u_127), remove node: MDDNode(1,u_63)
layer 1 incoming edges: 3
split the incoming edges: 3 2 1
the value pair of raw_data is: 492
split the outgoings edges: 15 9 6 15
add node: MDDNode(1,u_128) MDDNode(1,u_129), remove node: MDDNode(1,u_64)
layer 1 incoming edges: 8
split the incoming edges: 8 5 3
the value pair of raw_data is: 492
split the outgoings edges: 25 22 3 25
add node: MDDNode(1,u_130) MDDNode(1,u_131), remove node: MDDNode(1,u_65)
layer 1 incoming edges: 7
split the incoming edges: 7 3 4
the value pair of raw_data is: 492
split the outgoings edges: 32 8 24 32
add node: MDDNode(1,u_132) MDDNode(1,u_133), remove node: MDDNode(1,u_66)
layer 1 incoming edges: 6
split the incoming edges: 6 2 4
the value pair of raw_data is: 492
split the outgoings edges: 24 4 20 24
add node: MDDNode(1,u_134) MDDNode(1,u_135), remove node: MDDNode(1,u_67)
layer 1 incoming edges: 8
split the incoming edges: 8 3 5
the value pair of raw_data is: 492
split the outgoings edges: 40 16 24 40
add node: MDDNode(1,u_136) MDDNode(1,u_137), remove node: MDDNode(1,u_68)
layer 1 incoming edges: 7
split the incoming edges: 7 2 5
the value pair of raw_data is: 492
split the outgoings edges: 30 9 21 30
add node: MDDNode(1,u_138) MDDNode(1,u_139), remove node: MDDNode(1,u_69)
layer 1 incoming edges: 8
split the incoming edges: 8 5 3
the value pair of raw_data is: 492
split the outgoings edges: 33 19 14 33
add node: MDDNode(1,u_140) MDDNode(1,u_141), remove node: MDDNode(1,u_70)
layer 1 incoming edges: 7
split the incoming edges: 7 2 5
the value pair of raw_data is: 492
split the outgoings edges: 37 7 30 37
add node: MDDNode(1,u_142) MDDNode(1,u_143), remove node: MDDNode(1,u_71)
layer 1 incoming edges: 11
split the incoming edges: 11 4 7
the value pair of raw_data is: 492
split the outgoings edges: 44 11 33 44
add node: MDDNode(1,u_144) MDDNode(1,u_145), remove node: MDDNode(1,u_72)
layer 1 incoming edges: 5
split the incoming edges: 5 3 2
the value pair of raw_data is: 492
split the outgoings edges: 16 9 7 16
add node: MDDNode(1,u_146) MDDNode(1,u_147), remove node: MDDNode(1,u_73)
layer 1 incoming edges: 6
split the incoming edges: 6 5 1
the value pair of raw_data is: 492
split the outgoings edges: 26 21 5 26
add node: MDDNode(1,u_148) MDDNode(1,u_149), remove node: MDDNode(1,u_74)
layer 1 incoming edges: 12
split the incoming edges: 12 5 7
the value pair of raw_data is: 492
split the outgoings edges: 55 31 24 55
add node: MDDNode(1,u_150) MDDNode(1,u_151), remove node: MDDNode(1,u_75)
layer 1 incoming edges: 3
split the incoming edges: 3 2 1
the value pair of raw_data is: 492
split the outgoings edges: 16 10 6 16
add node: MDDNode(1,u_152) MDDNode(1,u_153), remove node: MDDNode(1,u_76)
layer 1 incoming edges: 8
split the incoming edges: 8 5 3
the value pair of raw_data is: 492
split the outgoings edges: 54 45 9 54
add node: MDDNode(1,u_154) MDDNode(1,u_155), remove node: MDDNode(1,u_77)
2 16 64
layer 2 incoming edges: 21
split the incoming edges: 21 13 8
the value pair of raw_data is: 6265
split the outgoings edges: 67 51 61 112
add node: MDDNode(2,u_156) MDDNode(2,u_157), remove node: MDDNode(2,u_78)
layer 2 incoming edges: 33
split the incoming edges: 33 14 19
the value pair of raw_data is: 6265
split the outgoings edges: 75 65 70 135
add node: MDDNode(2,u_158) MDDNode(2,u_159), remove node: MDDNode(2,u_79)
layer 2 incoming edges: 26
split the incoming edges: 26 12 14
the value pair of raw_data is: 6265
split the outgoings edges: 78 74 66 140
add node: MDDNode(2,u_160) MDDNode(2,u_161), remove node: MDDNode(2,u_80)
layer 2 incoming edges: 28
split the incoming edges: 28 11 17
the value pair of raw_data is: 6265
split the outgoings edges: 63 46 59 105
add node: MDDNode(2,u_162) MDDNode(2,u_163), remove node: MDDNode(2,u_81)
layer 2 incoming edges: 23
split the incoming edges: 23 6 17
the value pair of raw_data is: 6265
split the outgoings edges: 74 49 69 118
add node: MDDNode(2,u_164) MDDNode(2,u_165), remove node: MDDNode(2,u_82)
layer 2 incoming edges: 30
split the incoming edges: 30 13 17
the value pair of raw_data is: 6265
split the outgoings edges: 74 56 71 127
add node: MDDNode(2,u_166) MDDNode(2,u_167), remove node: MDDNode(2,u_83)
layer 2 incoming edges: 22
split the incoming edges: 22 13 9
the value pair of raw_data is: 6265
split the outgoings edges: 69 68 48 116
add node: MDDNode(2,u_168) MDDNode(2,u_169), remove node: MDDNode(2,u_84)
layer 2 incoming edges: 34
split the incoming edges: 34 20 14
the value pair of raw_data is: 6265
split the outgoings edges: 83 69 81 150
add node: MDDNode(2,u_170) MDDNode(2,u_171), remove node: MDDNode(2,u_85)
layer 2 incoming edges: 34
split the incoming edges: 34 16 18
the value pair of raw_data is: 6265
split the outgoings edges: 72 63 60 123
add node: MDDNode(2,u_172) MDDNode(2,u_173), remove node: MDDNode(2,u_86)
layer 2 incoming edges: 31
split the incoming edges: 31 15 16
the value pair of raw_data is: 6265
split the outgoings edges: 72 61 67 128
add node: MDDNode(2,u_174) MDDNode(2,u_175), remove node: MDDNode(2,u_87)
layer 2 incoming edges: 33
split the incoming edges: 33 21 12
the value pair of raw_data is: 6265
split the outgoings edges: 80 75 64 139
add node: MDDNode(2,u_176) MDDNode(2,u_177), remove node: MDDNode(2,u_88)
layer 2 incoming edges: 40
split the incoming edges: 40 23 17
the value pair of raw_data is: 6265
split the outgoings edges: 75 72 68 140
add node: MDDNode(2,u_178) MDDNode(2,u_179), remove node: MDDNode(2,u_89)
layer 2 incoming edges: 27
split the incoming edges: 27 11 16
the value pair of raw_data is: 6265
split the outgoings edges: 73 58 60 118
add node: MDDNode(2,u_180) MDDNode(2,u_181), remove node: MDDNode(2,u_90)
layer 2 incoming edges: 37
split the incoming edges: 37 14 23
the value pair of raw_data is: 6265
split the outgoings edges: 77 51 76 127
add node: MDDNode(2,u_182) MDDNode(2,u_183), remove node: MDDNode(2,u_91)
layer 2 incoming edges: 33
split the incoming edges: 33 16 17
the value pair of raw_data is: 6265
split the outgoings edges: 72 62 65 127
add node: MDDNode(2,u_184) MDDNode(2,u_185), remove node: MDDNode(2,u_92)
layer 2 incoming edges: 39
split the incoming edges: 39 19 20
the value pair of raw_data is: 6265
split the outgoings edges: 67 53 62 115
add node: MDDNode(2,u_186) MDDNode(2,u_187), remove node: MDDNode(2,u_93)
3 16 64
layer 3 incoming edges: 146
split the incoming edges: 146 69 77
the value pair of raw_data is: 202
split the outgoings edges: 91 69 76 145
add node: MDDNode(3,u_188) MDDNode(3,u_189), remove node: MDDNode(3,u_94)
layer 3 incoming edges: 108
split the incoming edges: 108 59 49
the value pair of raw_data is: 202
split the outgoings edges: 83 70 71 141
add node: MDDNode(3,u_190) MDDNode(3,u_191), remove node: MDDNode(3,u_95)
layer 3 incoming edges: 144
split the incoming edges: 144 65 79
the value pair of raw_data is: 202
split the outgoings edges: 95 77 87 164
add node: MDDNode(3,u_192) MDDNode(3,u_193), remove node: MDDNode(3,u_96)
layer 3 incoming edges: 134
split the incoming edges: 134 70 64
the value pair of raw_data is: 202
split the outgoings edges: 92 82 64 146
add node: MDDNode(3,u_194) MDDNode(3,u_195), remove node: MDDNode(3,u_97)
layer 3 incoming edges: 154
split the incoming edges: 154 87 67
the value pair of raw_data is: 202
split the outgoings edges: 99 77 81 158
add node: MDDNode(3,u_196) MDDNode(3,u_197), remove node: MDDNode(3,u_98)
layer 3 incoming edges: 164
split the incoming edges: 164 86 78
the value pair of raw_data is: 202
split the outgoings edges: 104 88 81 169
add node: MDDNode(3,u_198) MDDNode(3,u_199), remove node: MDDNode(3,u_99)
layer 3 incoming edges: 123
split the incoming edges: 123 62 61
the value pair of raw_data is: 202
split the outgoings edges: 71 57 63 120
add node: MDDNode(3,u_200) MDDNode(3,u_201), remove node: MDDNode(3,u_100)
layer 3 incoming edges: 129
split the incoming edges: 129 62 67
the value pair of raw_data is: 202
split the outgoings edges: 87 75 78 153
add node: MDDNode(3,u_202) MDDNode(3,u_203), remove node: MDDNode(3,u_101)
layer 3 incoming edges: 113
split the incoming edges: 113 55 58
the value pair of raw_data is: 202
split the outgoings edges: 75 59 69 128
add node: MDDNode(3,u_204) MDDNode(3,u_205), remove node: MDDNode(3,u_102)
layer 3 incoming edges: 88
split the incoming edges: 88 37 51
the value pair of raw_data is: 202
split the outgoings edges: 56 40 43 83
add node: MDDNode(3,u_206) MDDNode(3,u_207), remove node: MDDNode(3,u_103)
layer 3 incoming edges: 94
split the incoming edges: 94 50 44
the value pair of raw_data is: 202
split the outgoings edges: 68 66 37 103
add node: MDDNode(3,u_208) MDDNode(3,u_209), remove node: MDDNode(3,u_104)
layer 3 incoming edges: 112
split the incoming edges: 112 66 46
the value pair of raw_data is: 202
split the outgoings edges: 64 58 39 97
add node: MDDNode(3,u_210) MDDNode(3,u_211), remove node: MDDNode(3,u_105)
layer 3 incoming edges: 121
split the incoming edges: 121 55 66
the value pair of raw_data is: 202
split the outgoings edges: 60 44 49 93
add node: MDDNode(3,u_212) MDDNode(3,u_213), remove node: MDDNode(3,u_106)
layer 3 incoming edges: 108
split the incoming edges: 108 47 61
the value pair of raw_data is: 202
split the outgoings edges: 65 54 58 112
add node: MDDNode(3,u_214) MDDNode(3,u_215), remove node: MDDNode(3,u_107)
layer 3 incoming edges: 146
split the incoming edges: 146 62 84
the value pair of raw_data is: 202
split the outgoings edges: 72 61 61 122
add node: MDDNode(3,u_216) MDDNode(3,u_217), remove node: MDDNode(3,u_108)
layer 3 incoming edges: 136
split the incoming edges: 136 65 71
the value pair of raw_data is: 202
split the outgoings edges: 71 62 55 117
add node: MDDNode(3,u_218) MDDNode(3,u_219), remove node: MDDNode(3,u_109)
4 16 64
layer 4 incoming edges: 146
split the incoming edges: 146 82 64
the value pair of raw_data is: 161
split the outgoings edges: 1 1 1 2
add node: MDDNode(4,u_220) MDDNode(4,u_221), remove node: MDDNode(4,u_110)
layer 4 incoming edges: 132
split the incoming edges: 132 72 60
the value pair of raw_data is: 161
split the outgoings edges: 1 1 1 2
add node: MDDNode(4,u_222) MDDNode(4,u_223), remove node: MDDNode(4,u_111)
layer 4 incoming edges: 141
split the incoming edges: 141 61 80
the value pair of raw_data is: 161
split the outgoings edges: 1 1 1 2
add node: MDDNode(4,u_224) MDDNode(4,u_225), remove node: MDDNode(4,u_112)
layer 4 incoming edges: 141
split the incoming edges: 141 69 72
the value pair of raw_data is: 161
split the outgoings edges: 1 1 1 2
add node: MDDNode(4,u_226) MDDNode(4,u_227), remove node: MDDNode(4,u_113)
layer 4 incoming edges: 147
split the incoming edges: 147 69 78
the value pair of raw_data is: 161
split the outgoings edges: 1 1 1 2
add node: MDDNode(4,u_228) MDDNode(4,u_229), remove node: MDDNode(4,u_114)
layer 4 incoming edges: 146
split the incoming edges: 146 73 73
the value pair of raw_data is: 161
split the outgoings edges: 1 1 1 2
add node: MDDNode(4,u_230) MDDNode(4,u_231), remove node: MDDNode(4,u_115)
layer 4 incoming edges: 93
split the incoming edges: 93 51 42
the value pair of raw_data is: 161
split the outgoings edges: 1 1 1 2
add node: MDDNode(4,u_232) MDDNode(4,u_233), remove node: MDDNode(4,u_116)
layer 4 incoming edges: 119
split the incoming edges: 119 62 57
the value pair of raw_data is: 161
split the outgoings edges: 1 1 1 2
add node: MDDNode(4,u_234) MDDNode(4,u_235), remove node: MDDNode(4,u_117)
layer 4 incoming edges: 135
split the incoming edges: 135 68 67
the value pair of raw_data is: 161
split the outgoings edges: 1 1 1 2
add node: MDDNode(4,u_236) MDDNode(4,u_237), remove node: MDDNode(4,u_118)
layer 4 incoming edges: 148
split the incoming edges: 148 79 69
the value pair of raw_data is: 161
split the outgoings edges: 1 1 1 2
add node: MDDNode(4,u_238) MDDNode(4,u_239), remove node: MDDNode(4,u_119)
layer 4 incoming edges: 115
split the incoming edges: 115 64 51
the value pair of raw_data is: 161
split the outgoings edges: 1 1 1 2
add node: MDDNode(4,u_240) MDDNode(4,u_241), remove node: MDDNode(4,u_120)
layer 4 incoming edges: 119
split the incoming edges: 119 54 65
the value pair of raw_data is: 161
split the outgoings edges: 1 1 1 2
add node: MDDNode(4,u_242) MDDNode(4,u_243), remove node: MDDNode(4,u_121)
layer 4 incoming edges: 131
split the incoming edges: 131 61 70
the value pair of raw_data is: 161
split the outgoings edges: 1 1 1 2
add node: MDDNode(4,u_244) MDDNode(4,u_245), remove node: MDDNode(4,u_122)
layer 4 incoming edges: 100
split the incoming edges: 100 47 53
the value pair of raw_data is: 161
split the outgoings edges: 1 1 1 2
add node: MDDNode(4,u_246) MDDNode(4,u_247), remove node: MDDNode(4,u_123)
layer 4 incoming edges: 113
split the incoming edges: 113 61 52
the value pair of raw_data is: 161
split the outgoings edges: 1 1 1 2
add node: MDDNode(4,u_248) MDDNode(4,u_249), remove node: MDDNode(4,u_124)
layer 4 incoming edges: 125
split the incoming edges: 125 59 66
the value pair of raw_data is: 161
split the outgoings edges: 1 1 1 2
add node: MDDNode(4,u_250) MDDNode(4,u_251), remove node: MDDNode(4,u_125)
1 31 64
layer 1 incoming edges: 7
split the incoming edges: 7 5 2
the value pair of raw_data is: 492
split the outgoings edges: 25 13 12 25
add node: MDDNode(1,u_252) MDDNode(1,u_253), remove node: MDDNode(1,u_62)
layer 1 incoming edges: 3
split the incoming edges: 3 2 1
the value pair of raw_data is: 492
split the outgoings edges: 13 11 2 13
add node: MDDNode(1,u_254) MDDNode(1,u_255), remove node: MDDNode(1,u_126)
layer 1 incoming edges: 2
one of splitted has no income edge:0 2
layer 1 incoming edges: 2
one of splitted has no income edge:2 0
layer 1 incoming edges: 1
one of splitted has no income edge:0 1
layer 1 incoming edges: 5
split the incoming edges: 5 3 2
the value pair of raw_data is: 492
split the outgoings edges: 22 15 7 22
add node: MDDNode(1,u_256) MDDNode(1,u_257), remove node: MDDNode(1,u_130)
layer 1 incoming edges: 3
one of splitted has no income edge:3 0
layer 1 incoming edges: 3
split the incoming edges: 3 1 2
the value pair of raw_data is: 492
split the outgoings edges: 8 1 7 8
add node: MDDNode(1,u_258) MDDNode(1,u_259), remove node: MDDNode(1,u_132)
layer 1 incoming edges: 4
split the incoming edges: 4 3 1
the value pair of raw_data is: 492
split the outgoings edges: 24 10 14 24
add node: MDDNode(1,u_260) MDDNode(1,u_261), remove node: MDDNode(1,u_133)
layer 1 incoming edges: 2
one of splitted has no income edge:2 0
layer 1 incoming edges: 4
split the incoming edges: 4 3 1
the value pair of raw_data is: 492
split the outgoings edges: 20 18 2 20
add node: MDDNode(1,u_262) MDDNode(1,u_263), remove node: MDDNode(1,u_135)
layer 1 incoming edges: 3
split the incoming edges: 3 1 2
the value pair of raw_data is: 492
split the outgoings edges: 16 2 14 16
add node: MDDNode(1,u_264) MDDNode(1,u_265), remove node: MDDNode(1,u_136)
layer 1 incoming edges: 5
split the incoming edges: 5 2 3
the value pair of raw_data is: 492
split the outgoings edges: 24 10 14 24
add node: MDDNode(1,u_266) MDDNode(1,u_267), remove node: MDDNode(1,u_137)
layer 1 incoming edges: 2
split the incoming edges: 2 1 1
the value pair of raw_data is: 492
split the outgoings edges: 9 3 6 9
add node: MDDNode(1,u_268) MDDNode(1,u_269), remove node: MDDNode(1,u_138)
layer 1 incoming edges: 5
split the incoming edges: 5 2 3
the value pair of raw_data is: 492
split the outgoings edges: 21 14 7 21
add node: MDDNode(1,u_270) MDDNode(1,u_271), remove node: MDDNode(1,u_139)
layer 1 incoming edges: 5
split the incoming edges: 5 1 4
the value pair of raw_data is: 492
split the outgoings edges: 19 6 13 19
add node: MDDNode(1,u_272) MDDNode(1,u_273), remove node: MDDNode(1,u_140)
layer 1 incoming edges: 3
one of splitted has no income edge:3 0
layer 1 incoming edges: 2
one of splitted has no income edge:2 0
layer 1 incoming edges: 5
split the incoming edges: 5 4 1
the value pair of raw_data is: 492
split the outgoings edges: 30 26 4 30
add node: MDDNode(1,u_274) MDDNode(1,u_275), remove node: MDDNode(1,u_143)
layer 1 incoming edges: 4
split the incoming edges: 4 2 2
the value pair of raw_data is: 492
split the outgoings edges: 11 4 7 11
add node: MDDNode(1,u_276) MDDNode(1,u_277), remove node: MDDNode(1,u_144)
layer 1 incoming edges: 7
split the incoming edges: 7 6 1
the value pair of raw_data is: 492
split the outgoings edges: 33 28 5 33
add node: MDDNode(1,u_278) MDDNode(1,u_279), remove node: MDDNode(1,u_145)
layer 1 incoming edges: 3
split the incoming edges: 3 1 2
the value pair of raw_data is: 492
split the outgoings edges: 9 6 3 9
add node: MDDNode(1,u_280) MDDNode(1,u_281), remove node: MDDNode(1,u_146)
layer 1 incoming edges: 2
one of splitted has no income edge:0 2
layer 1 incoming edges: 5
split the incoming edges: 5 2 3
the value pair of raw_data is: 492
split the outgoings edges: 21 12 9 21
add node: MDDNode(1,u_282) MDDNode(1,u_283), remove node: MDDNode(1,u_148)
layer 1 incoming edges: 1
one of splitted has no income edge:1 0
layer 1 incoming edges: 5
split the incoming edges: 5 3 2
the value pair of raw_data is: 492
split the outgoings edges: 31 21 10 31
add node: MDDNode(1,u_284) MDDNode(1,u_285), remove node: MDDNode(1,u_150)
layer 1 incoming edges: 7
split the incoming edges: 7 4 3
the value pair of raw_data is: 492
split the outgoings edges: 24 17 7 24
add node: MDDNode(1,u_286) MDDNode(1,u_287), remove node: MDDNode(1,u_151)
layer 1 incoming edges: 2
split the incoming edges: 2 1 1
the value pair of raw_data is: 492
split the outgoings edges: 10 8 2 10
add node: MDDNode(1,u_288) MDDNode(1,u_289), remove node: MDDNode(1,u_152)
layer 1 incoming edges: 1
one of splitted has no income edge:0 1
layer 1 incoming edges: 5
split the incoming edges: 5 2 3
the value pair of raw_data is: 492
split the outgoings edges: 45 17 28 45
add node: MDDNode(1,u_290) MDDNode(1,u_291), remove node: MDDNode(1,u_154)
layer 1 incoming edges: 3
split the incoming edges: 3 2 1
the value pair of raw_data is: 492
split the outgoings edges: 9 8 1 9
add node: MDDNode(1,u_292) MDDNode(1,u_293), remove node: MDDNode(1,u_155)
2 32 64
layer 2 incoming edges: 13
split the incoming edges: 13 8 5
the value pair of raw_data is: 6265
split the outgoings edges: 51 48 24 72
add node: MDDNode(2,u_294) MDDNode(2,u_295), remove node: MDDNode(2,u_156)
layer 2 incoming edges: 8
split the incoming edges: 8 6 2
the value pair of raw_data is: 6265
split the outgoings edges: 61 56 20 76
add node: MDDNode(2,u_296) MDDNode(2,u_297), remove node: MDDNode(2,u_157)
layer 2 incoming edges: 14
split the incoming edges: 14 8 6
the value pair of raw_data is: 6265
split the outgoings edges: 65 58 53 111
add node: MDDNode(2,u_298) MDDNode(2,u_299), remove node: MDDNode(2,u_158)
layer 2 incoming edges: 19
split the incoming edges: 19 8 11
the value pair of raw_data is: 6265
split the outgoings edges: 70 43 69 112
add node: MDDNode(2,u_300) MDDNode(2,u_301), remove node: MDDNode(2,u_159)
layer 2 incoming edges: 12
split the incoming edges: 12 8 4
the value pair of raw_data is: 6265
split the outgoings edges: 74 61 59 120
add node: MDDNode(2,u_302) MDDNode(2,u_303), remove node: MDDNode(2,u_160)
layer 2 incoming edges: 14
split the incoming edges: 14 8 6
the value pair of raw_data is: 6265
split the outgoings edges: 66 61 26 87
add node: MDDNode(2,u_304) MDDNode(2,u_305), remove node: MDDNode(2,u_161)
layer 2 incoming edges: 11
split the incoming edges: 11 3 8
the value pair of raw_data is: 6265
split the outgoings edges: 46 33 36 69
add node: MDDNode(2,u_306) MDDNode(2,u_307), remove node: MDDNode(2,u_162)
layer 2 incoming edges: 17
split the incoming edges: 17 10 7
the value pair of raw_data is: 6265
split the outgoings edges: 59 54 35 89
add node: MDDNode(2,u_308) MDDNode(2,u_309), remove node: MDDNode(2,u_163)
layer 2 incoming edges: 6
split the incoming edges: 6 4 2
the value pair of raw_data is: 6265
split the outgoings edges: 49 40 33 73
add node: MDDNode(2,u_310) MDDNode(2,u_311), remove node: MDDNode(2,u_164)
layer 2 incoming edges: 17
split the incoming edges: 17 12 5
the value pair of raw_data is: 6265
split the outgoings edges: 69 61 40 101
add node: MDDNode(2,u_312) MDDNode(2,u_313), remove node: MDDNode(2,u_165)
layer 2 incoming edges: 13
split the incoming edges: 13 8 5
the value pair of raw_data is: 6265
split the outgoings edges: 56 44 48 92
add node: MDDNode(2,u_314) MDDNode(2,u_315), remove node: MDDNode(2,u_166)
layer 2 incoming edges: 17
split the incoming edges: 17 9 8
the value pair of raw_data is: 6265
split the outgoings edges: 71 64 45 109
add node: MDDNode(2,u_316) MDDNode(2,u_317), remove node: MDDNode(2,u_167)
layer 2 incoming edges: 13
split the incoming edges: 13 8 5
the value pair of raw_data is: 6265
split the outgoings edges: 68 54 62 116
add node: MDDNode(2,u_318) MDDNode(2,u_319), remove node: MDDNode(2,u_168)
layer 2 incoming edges: 9
split the incoming edges: 9 4 5
the value pair of raw_data is: 6265
split the outgoings edges: 48 35 40 75
add node: MDDNode(2,u_320) MDDNode(2,u_321), remove node: MDDNode(2,u_169)
layer 2 incoming edges: 20
split the incoming edges: 20 12 8
the value pair of raw_data is: 6265
split the outgoings edges: 69 62 53 115
add node: MDDNode(2,u_322) MDDNode(2,u_323), remove node: MDDNode(2,u_170)
layer 2 incoming edges: 14
split the incoming edges: 14 8 6
the value pair of raw_data is: 6265
split the outgoings edges: 81 81 36 117
add node: MDDNode(2,u_324) MDDNode(2,u_325), remove node: MDDNode(2,u_171)
layer 2 incoming edges: 16
split the incoming edges: 16 10 6
the value pair of raw_data is: 6265
split the outgoings edges: 63 55 45 100
add node: MDDNode(2,u_326) MDDNode(2,u_327), remove node: MDDNode(2,u_172)
layer 2 incoming edges: 18
split the incoming edges: 18 10 8
the value pair of raw_data is: 6265
split the outgoings edges: 60 44 50 94
add node: MDDNode(2,u_328) MDDNode(2,u_329), remove node: MDDNode(2,u_173)
layer 2 incoming edges: 15
split the incoming edges: 15 5 10
the value pair of raw_data is: 6265
split the outgoings edges: 61 52 49 101
add node: MDDNode(2,u_330) MDDNode(2,u_331), remove node: MDDNode(2,u_174)
layer 2 incoming edges: 16
split the incoming edges: 16 9 7
the value pair of raw_data is: 6265
split the outgoings edges: 67 61 59 120
add node: MDDNode(2,u_332) MDDNode(2,u_333), remove node: MDDNode(2,u_175)
layer 2 incoming edges: 21
split the incoming edges: 21 13 8
the value pair of raw_data is: 6265
split the outgoings edges: 75 69 53 122
add node: MDDNode(2,u_334) MDDNode(2,u_335), remove node: MDDNode(2,u_176)
layer 2 incoming edges: 12
split the incoming edges: 12 8 4
the value pair of raw_data is: 6265
split the outgoings edges: 64 57 35 92
add node: MDDNode(2,u_336) MDDNode(2,u_337), remove node: MDDNode(2,u_177)
layer 2 incoming edges: 23
split the incoming edges: 23 8 15
the value pair of raw_data is: 6265
split the outgoings edges: 72 49 71 120
add node: MDDNode(2,u_338) MDDNode(2,u_339), remove node: MDDNode(2,u_178)
layer 2 incoming edges: 17
split the incoming edges: 17 11 6
the value pair of raw_data is: 6265
split the outgoings edges: 68 64 50 114
add node: MDDNode(2,u_340) MDDNode(2,u_341), remove node: MDDNode(2,u_179)
layer 2 incoming edges: 11
split the incoming edges: 11 8 3
the value pair of raw_data is: 6265
split the outgoings edges: 58 54 33 87
add node: MDDNode(2,u_342) MDDNode(2,u_343), remove node: MDDNode(2,u_180)
layer 2 incoming edges: 16
split the incoming edges: 16 5 11
the value pair of raw_data is: 6265
split the outgoings edges: 60 34 52 86
add node: MDDNode(2,u_344) MDDNode(2,u_345), remove node: MDDNode(2,u_181)
layer 2 incoming edges: 14
split the incoming edges: 14 7 7
the value pair of raw_data is: 6265
split the outgoings edges: 51 47 43 90
add node: MDDNode(2,u_346) MDDNode(2,u_347), remove node: MDDNode(2,u_182)
layer 2 incoming edges: 23
split the incoming edges: 23 11 12
the value pair of raw_data is: 6265
split the outgoings edges: 76 54 72 126
add node: MDDNode(2,u_348) MDDNode(2,u_349), remove node: MDDNode(2,u_183)
layer 2 incoming edges: 16
split the incoming edges: 16 6 10
the value pair of raw_data is: 6265
split the outgoings edges: 62 52 40 92
add node: MDDNode(2,u_350) MDDNode(2,u_351), remove node: MDDNode(2,u_184)
layer 2 incoming edges: 17
split the incoming edges: 17 9 8
the value pair of raw_data is: 6265
split the outgoings edges: 65 56 53 109
add node: MDDNode(2,u_352) MDDNode(2,u_353), remove node: MDDNode(2,u_185)
layer 2 incoming edges: 19
split the incoming edges: 19 11 8
the value pair of raw_data is: 6265
split the outgoings edges: 53 35 46 81
add node: MDDNode(2,u_354) MDDNode(2,u_355), remove node: MDDNode(2,u_186)
layer 2 incoming edges: 20
split the incoming edges: 20 9 11
the value pair of raw_data is: 6265
split the outgoings edges: 62 41 49 90
add node: MDDNode(2,u_356) MDDNode(2,u_357), remove node: MDDNode(2,u_187)
3 32 64
layer 3 incoming edges: 102
split the incoming edges: 102 55 47
the value pair of raw_data is: 202
split the outgoings edges: 69 67 51 118
add node: MDDNode(3,u_358) MDDNode(3,u_359), remove node: MDDNode(3,u_188)
layer 3 incoming edges: 112
split the incoming edges: 112 63 49
the value pair of raw_data is: 202
split the outgoings edges: 76 60 63 123
add node: MDDNode(3,u_360) MDDNode(3,u_361), remove node: MDDNode(3,u_189)
layer 3 incoming edges: 95
split the incoming edges: 95 52 43
the value pair of raw_data is: 202
split the outgoings edges: 70 61 52 113
add node: MDDNode(3,u_362) MDDNode(3,u_363), remove node: MDDNode(3,u_190)
layer 3 incoming edges: 75
split the incoming edges: 75 49 26
the value pair of raw_data is: 202
split the outgoings edges: 71 56 47 103
add node: MDDNode(3,u_364) MDDNode(3,u_365), remove node: MDDNode(3,u_191)
layer 3 incoming edges: 104
split the incoming edges: 104 52 52
the value pair of raw_data is: 202
split the outgoings edges: 77 48 66 114
add node: MDDNode(3,u_366) MDDNode(3,u_367), remove node: MDDNode(3,u_192)
layer 3 incoming edges: 123
split the incoming edges: 123 52 71
the value pair of raw_data is: 202
split the outgoings edges: 87 80 63 143
add node: MDDNode(3,u_368) MDDNode(3,u_369), remove node: MDDNode(3,u_193)
layer 3 incoming edges: 112
split the incoming edges: 112 59 53
the value pair of raw_data is: 202
split the outgoings edges: 82 74 55 129
add node: MDDNode(3,u_370) MDDNode(3,u_371), remove node: MDDNode(3,u_194)
layer 3 incoming edges: 103
split the incoming edges: 103 46 57
the value pair of raw_data is: 202
split the outgoings edges: 64 45 53 98
add node: MDDNode(3,u_372) MDDNode(3,u_373), remove node: MDDNode(3,u_195)
layer 3 incoming edges: 140
split the incoming edges: 140 66 74
the value pair of raw_data is: 202
split the outgoings edges: 77 70 61 131
add node: MDDNode(3,u_374) MDDNode(3,u_375), remove node: MDDNode(3,u_196)
layer 3 incoming edges: 110
split the incoming edges: 110 56 54
the value pair of raw_data is: 202
split the outgoings edges: 81 60 75 135
add node: MDDNode(3,u_376) MDDNode(3,u_377), remove node: MDDNode(3,u_197)
layer 3 incoming edges: 125
split the incoming edges: 125 75 50
the value pair of raw_data is: 202
split the outgoings edges: 88 78 60 138
add node: MDDNode(3,u_378) MDDNode(3,u_379), remove node: MDDNode(3,u_198)
layer 3 incoming edges: 123
split the incoming edges: 123 66 57
the value pair of raw_data is: 202
split the outgoings edges: 81 77 66 143
add node: MDDNode(3,u_380) MDDNode(3,u_381), remove node: MDDNode(3,u_199)
layer 3 incoming edges: 96
split the incoming edges: 96 55 41
the value pair of raw_data is: 202
split the outgoings edges: 57 45 45 90
add node: MDDNode(3,u_382) MDDNode(3,u_383), remove node: MDDNode(3,u_200)
layer 3 incoming edges: 93
split the incoming edges: 93 40 53
the value pair of raw_data is: 202
split the outgoings edges: 63 50 44 94
add node: MDDNode(3,u_384) MDDNode(3,u_385), remove node: MDDNode(3,u_201)
layer 3 incoming edges: 92
split the incoming edges: 92 52 40
the value pair of raw_data is: 202
split the outgoings edges: 75 60 56 116
add node: MDDNode(3,u_386) MDDNode(3,u_387), remove node: MDDNode(3,u_202)
layer 3 incoming edges: 110
split the incoming edges: 110 57 53
the value pair of raw_data is: 202
split the outgoings edges: 78 67 66 133
add node: MDDNode(3,u_388) MDDNode(3,u_389), remove node: MDDNode(3,u_203)
layer 3 incoming edges: 82
split the incoming edges: 82 34 48
the value pair of raw_data is: 202
split the outgoings edges: 59 44 53 97
add node: MDDNode(3,u_390) MDDNode(3,u_391), remove node: MDDNode(3,u_204)
layer 3 incoming edges: 94
split the incoming edges: 94 49 45
the value pair of raw_data is: 202
split the outgoings edges: 69 45 45 90
add node: MDDNode(3,u_392) MDDNode(3,u_393), remove node: MDDNode(3,u_205)
layer 3 incoming edges: 62
split the incoming edges: 62 32 30
the value pair of raw_data is: 202
split the outgoings edges: 40 21 35 56
add node: MDDNode(3,u_394) MDDNode(3,u_395), remove node: MDDNode(3,u_206)
layer 3 incoming edges: 81
split the incoming edges: 81 41 40
the value pair of raw_data is: 202
split the outgoings edges: 43 34 37 71
add node: MDDNode(3,u_396) MDDNode(3,u_397), remove node: MDDNode(3,u_207)
layer 3 incoming edges: 76
split the incoming edges: 76 37 39
the value pair of raw_data is: 202
split the outgoings edges: 66 62 48 110
add node: MDDNode(3,u_398) MDDNode(3,u_399), remove node: MDDNode(3,u_208)
layer 3 incoming edges: 72
split the incoming edges: 72 32 40
the value pair of raw_data is: 202
split the outgoings edges: 37 31 28 59
add node: MDDNode(3,u_400) MDDNode(3,u_401), remove node: MDDNode(3,u_209)
layer 3 incoming edges: 102
split the incoming edges: 102 47 55
the value pair of raw_data is: 202
split the outgoings edges: 58 41 53 94
add node: MDDNode(3,u_402) MDDNode(3,u_403), remove node: MDDNode(3,u_210)
layer 3 incoming edges: 74
split the incoming edges: 74 33 41
the value pair of raw_data is: 202
split the outgoings edges: 39 34 26 60
add node: MDDNode(3,u_404) MDDNode(3,u_405), remove node: MDDNode(3,u_211)
layer 3 incoming edges: 93
split the incoming edges: 93 51 42
the value pair of raw_data is: 202
split the outgoings edges: 44 39 32 71
add node: MDDNode(3,u_406) MDDNode(3,u_407), remove node: MDDNode(3,u_212)
layer 3 incoming edges: 106
split the incoming edges: 106 58 48
the value pair of raw_data is: 202
split the outgoings edges: 49 35 42 77
add node: MDDNode(3,u_408) MDDNode(3,u_409), remove node: MDDNode(3,u_213)
layer 3 incoming edges: 67
split the incoming edges: 67 40 27
the value pair of raw_data is: 202
split the outgoings edges: 54 48 30 78
add node: MDDNode(3,u_410) MDDNode(3,u_411), remove node: MDDNode(3,u_214)
layer 3 incoming edges: 94
split the incoming edges: 94 48 46
the value pair of raw_data is: 202
split the outgoings edges: 58 52 33 85
add node: MDDNode(3,u_412) MDDNode(3,u_413), remove node: MDDNode(3,u_215)
layer 3 incoming edges: 100
split the incoming edges: 100 59 41
the value pair of raw_data is: 202
split the outgoings edges: 61 49 51 100
add node: MDDNode(3,u_414) MDDNode(3,u_415), remove node: MDDNode(3,u_216)
layer 3 incoming edges: 135
split the incoming edges: 135 57 78
the value pair of raw_data is: 202
split the outgoings edges: 61 53 51 104
add node: MDDNode(3,u_416) MDDNode(3,u_417), remove node: MDDNode(3,u_217)
layer 3 incoming edges: 98
split the incoming edges: 98 52 46
the value pair of raw_data is: 202
split the outgoings edges: 62 59 42 101
add node: MDDNode(3,u_418) MDDNode(3,u_419), remove node: MDDNode(3,u_218)
layer 3 incoming edges: 107
split the incoming edges: 107 57 50
the value pair of raw_data is: 202
split the outgoings edges: 55 46 49 95
add node: MDDNode(3,u_420) MDDNode(3,u_421), remove node: MDDNode(3,u_219)
4 32 64
layer 4 incoming edges: 128
split the incoming edges: 128 59 69
the value pair of raw_data is: 161
split the outgoings edges: 1 1 1 2
add node: MDDNode(4,u_422) MDDNode(4,u_423), remove node: MDDNode(4,u_220)
layer 4 incoming edges: 104
split the incoming edges: 104 50 54
the value pair of raw_data is: 161
split the outgoings edges: 1 1 1 2
add node: MDDNode(4,u_424) MDDNode(4,u_425), remove node: MDDNode(4,u_221)
layer 4 incoming edges: 115
split the incoming edges: 115 52 63
the value pair of raw_data is: 161
split the outgoings edges: 1 1 1 2
add node: MDDNode(4,u_426) MDDNode(4,u_427), remove node: MDDNode(4,u_222)
layer 4 incoming edges: 101
split the incoming edges: 101 47 54
the value pair of raw_data is: 161
split the outgoings edges: 1 1 1 2
add node: MDDNode(4,u_428) MDDNode(4,u_429), remove node: MDDNode(4,u_223)
layer 4 incoming edges: 106
split the incoming edges: 106 57 49
the value pair of raw_data is: 161
split the outgoings edges: 1 1 1 2
add node: MDDNode(4,u_430) MDDNode(4,u_431), remove node: MDDNode(4,u_224)
layer 4 incoming edges: 135
split the incoming edges: 135 71 64
the value pair of raw_data is: 161
split the outgoings edges: 1 1 1 2
add node: MDDNode(4,u_432) MDDNode(4,u_433), remove node: MDDNode(4,u_225)
layer 4 incoming edges: 109
split the incoming edges: 109 57 52
the value pair of raw_data is: 161
split the outgoings edges: 1 1 1 2
add node: MDDNode(4,u_434) MDDNode(4,u_435), remove node: MDDNode(4,u_226)
layer 4 incoming edges: 114
split the incoming edges: 114 66 48
the value pair of raw_data is: 161
split the outgoings edges: 1 1 1 2
add node: MDDNode(4,u_436) MDDNode(4,u_437), remove node: MDDNode(4,u_227)
layer 4 incoming edges: 111
split the incoming edges: 111 54 57
the value pair of raw_data is: 161
split the outgoings edges: 1 1 1 2
add node: MDDNode(4,u_438) MDDNode(4,u_439), remove node: MDDNode(4,u_228)
layer 4 incoming edges: 126
split the incoming edges: 126 66 60
the value pair of raw_data is: 161
split the outgoings edges: 1 1 1 2
add node: MDDNode(4,u_440) MDDNode(4,u_441), remove node: MDDNode(4,u_229)
layer 4 incoming edges: 123
split the incoming edges: 123 70 53
the value pair of raw_data is: 161
split the outgoings edges: 1 1 1 2
add node: MDDNode(4,u_442) MDDNode(4,u_443), remove node: MDDNode(4,u_230)
layer 4 incoming edges: 114
split the incoming edges: 114 56 58
the value pair of raw_data is: 161
split the outgoings edges: 1 1 1 2
add node: MDDNode(4,u_444) MDDNode(4,u_445), remove node: MDDNode(4,u_231)
layer 4 incoming edges: 84
split the incoming edges: 84 33 51
the value pair of raw_data is: 161
split the outgoings edges: 1 1 1 2
add node: MDDNode(4,u_446) MDDNode(4,u_447), remove node: MDDNode(4,u_232)
layer 4 incoming edges: 62
split the incoming edges: 62 31 31
the value pair of raw_data is: 161
split the outgoings edges: 1 1 1 2
add node: MDDNode(4,u_448) MDDNode(4,u_449), remove node: MDDNode(4,u_233)
layer 4 incoming edges: 96
split the incoming edges: 96 44 52
the value pair of raw_data is: 161
split the outgoings edges: 1 1 1 2
add node: MDDNode(4,u_450) MDDNode(4,u_451), remove node: MDDNode(4,u_234)
layer 4 incoming edges: 89
split the incoming edges: 89 53 36
the value pair of raw_data is: 161
split the outgoings edges: 1 1 1 2
add node: MDDNode(4,u_452) MDDNode(4,u_453), remove node: MDDNode(4,u_235)
layer 4 incoming edges: 108
split the incoming edges: 108 61 47
the value pair of raw_data is: 161
split the outgoings edges: 1 1 1 2
add node: MDDNode(4,u_454) MDDNode(4,u_455), remove node: MDDNode(4,u_236)
layer 4 incoming edges: 107
split the incoming edges: 107 51 56
the value pair of raw_data is: 161
split the outgoings edges: 1 1 1 2
add node: MDDNode(4,u_456) MDDNode(4,u_457), remove node: MDDNode(4,u_237)
layer 4 incoming edges: 125
split the incoming edges: 125 58 67
the value pair of raw_data is: 161
split the outgoings edges: 1 1 1 2
add node: MDDNode(4,u_458) MDDNode(4,u_459), remove node: MDDNode(4,u_238)
layer 4 incoming edges: 109
split the incoming edges: 109 53 56
the value pair of raw_data is: 161
split the outgoings edges: 1 1 1 2
add node: MDDNode(4,u_460) MDDNode(4,u_461), remove node: MDDNode(4,u_239)
layer 4 incoming edges: 98
split the incoming edges: 98 45 53
the value pair of raw_data is: 161
split the outgoings edges: 1 1 1 2
add node: MDDNode(4,u_462) MDDNode(4,u_463), remove node: MDDNode(4,u_240)
layer 4 incoming edges: 76
split the incoming edges: 76 37 39
the value pair of raw_data is: 161
split the outgoings edges: 1 1 1 2
add node: MDDNode(4,u_464) MDDNode(4,u_465), remove node: MDDNode(4,u_241)
layer 4 incoming edges: 84
split the incoming edges: 84 38 46
the value pair of raw_data is: 161
split the outgoings edges: 1 1 1 2
add node: MDDNode(4,u_466) MDDNode(4,u_467), remove node: MDDNode(4,u_242)
layer 4 incoming edges: 104
split the incoming edges: 104 56 48
the value pair of raw_data is: 161
split the outgoings edges: 1 1 1 2
add node: MDDNode(4,u_468) MDDNode(4,u_469), remove node: MDDNode(4,u_243)
layer 4 incoming edges: 104
split the incoming edges: 104 44 60
the value pair of raw_data is: 161
split the outgoings edges: 1 1 1 2
add node: MDDNode(4,u_470) MDDNode(4,u_471), remove node: MDDNode(4,u_244)
layer 4 incoming edges: 114
split the incoming edges: 114 59 55
the value pair of raw_data is: 161
split the outgoings edges: 1 1 1 2
add node: MDDNode(4,u_472) MDDNode(4,u_473), remove node: MDDNode(4,u_245)
layer 4 incoming edges: 75
split the incoming edges: 75 43 32
the value pair of raw_data is: 161
split the outgoings edges: 1 1 1 2
add node: MDDNode(4,u_474) MDDNode(4,u_475), remove node: MDDNode(4,u_246)
layer 4 incoming edges: 75
split the incoming edges: 75 38 37
the value pair of raw_data is: 161
split the outgoings edges: 1 1 1 2
add node: MDDNode(4,u_476) MDDNode(4,u_477), remove node: MDDNode(4,u_247)
layer 4 incoming edges: 94
split the incoming edges: 94 50 44
the value pair of raw_data is: 161
split the outgoings edges: 1 1 1 2
add node: MDDNode(4,u_478) MDDNode(4,u_479), remove node: MDDNode(4,u_248)
layer 4 incoming edges: 80
split the incoming edges: 80 40 40
the value pair of raw_data is: 161
split the outgoings edges: 1 1 1 2
add node: MDDNode(4,u_480) MDDNode(4,u_481), remove node: MDDNode(4,u_249)
layer 4 incoming edges: 97
split the incoming edges: 97 42 55
the value pair of raw_data is: 161
split the outgoings edges: 1 1 1 2
add node: MDDNode(4,u_482) MDDNode(4,u_483), remove node: MDDNode(4,u_250)
layer 4 incoming edges: 102
split the incoming edges: 102 55 47
the value pair of raw_data is: 161
split the outgoings edges: 1 1 1 2
add node: MDDNode(4,u_484) MDDNode(4,u_485), remove node: MDDNode(4,u_251)
1 52 64
layer 1 incoming edges: 2
one of splitted has no income edge:2 0
layer 1 incoming edges: 2
split the incoming edges: 2 1 1
the value pair of raw_data is: 492
split the outgoings edges: 9 1 8 9
add node: MDDNode(1,u_486) MDDNode(1,u_487), remove node: MDDNode(1,u_128)
layer 1 incoming edges: 1
one of splitted has no income edge:1 0
layer 1 incoming edges: 3
one of splitted has no income edge:0 3
layer 1 incoming edges: 2
split the incoming edges: 2 1 1
the value pair of raw_data is: 492
split the outgoings edges: 4 2 2 4
add node: MDDNode(1,u_488) MDDNode(1,u_489), remove node: MDDNode(1,u_134)
layer 1 incoming edges: 3
split the incoming edges: 3 2 1
the value pair of raw_data is: 492
split the outgoings edges: 14 8 6 14
add node: MDDNode(1,u_490) MDDNode(1,u_491), remove node: MDDNode(1,u_141)
layer 1 incoming edges: 2
split the incoming edges: 2 1 1
the value pair of raw_data is: 492
split the outgoings edges: 7 6 1 7
add node: MDDNode(1,u_492) MDDNode(1,u_493), remove node: MDDNode(1,u_142)
layer 1 incoming edges: 2
split the incoming edges: 2 1 1
the value pair of raw_data is: 492
split the outgoings edges: 7 3 4 7
add node: MDDNode(1,u_494) MDDNode(1,u_495), remove node: MDDNode(1,u_147)
layer 1 incoming edges: 1
one of splitted has no income edge:1 0
layer 1 incoming edges: 1
one of splitted has no income edge:0 1
layer 1 incoming edges: 5
split the incoming edges: 5 2 3
the value pair of raw_data is: 492
split the outgoings edges: 13 8 5 13
add node: MDDNode(1,u_496) MDDNode(1,u_497), remove node: MDDNode(1,u_252)
layer 1 incoming edges: 2
one of splitted has no income edge:0 2
layer 1 incoming edges: 2
one of splitted has no income edge:0 2
layer 1 incoming edges: 1
one of splitted has no income edge:1 0
layer 1 incoming edges: 3
split the incoming edges: 3 2 1
the value pair of raw_data is: 492
split the outgoings edges: 15 11 4 15
add node: MDDNode(1,u_498) MDDNode(1,u_499), remove node: MDDNode(1,u_256)
layer 1 incoming edges: 2
split the incoming edges: 2 1 1
the value pair of raw_data is: 492
split the outgoings edges: 7 6 1 7
add node: MDDNode(1,u_500) MDDNode(1,u_501), remove node: MDDNode(1,u_257)
layer 1 incoming edges: 1
one of splitted has no income edge:1 0
layer 1 incoming edges: 2
one of splitted has no income edge:0 2
layer 1 incoming edges: 3
split the incoming edges: 3 2 1
the value pair of raw_data is: 492
split the outgoings edges: 10 7 3 10
add node: MDDNode(1,u_502) MDDNode(1,u_503), remove node: MDDNode(1,u_260)
layer 1 incoming edges: 1
one of splitted has no income edge:1 0
layer 1 incoming edges: 3
one of splitted has no income edge:0 3
layer 1 incoming edges: 1
one of splitted has no income edge:1 0
layer 1 incoming edges: 1
one of splitted has no income edge:0 1
layer 1 incoming edges: 2
split the incoming edges: 2 1 1
the value pair of raw_data is: 492
split the outgoings edges: 14 2 12 14
add node: MDDNode(1,u_504) MDDNode(1,u_505), remove node: MDDNode(1,u_265)
layer 1 incoming edges: 2
one of splitted has no income edge:2 0
layer 1 incoming edges: 3
one of splitted has no income edge:0 3
layer 1 incoming edges: 1
one of splitted has no income edge:0 1
layer 1 incoming edges: 1
one of splitted has no income edge:1 0
layer 1 incoming edges: 2
split the incoming edges: 2 1 1
the value pair of raw_data is: 492
split the outgoings edges: 14 6 8 14
add node: MDDNode(1,u_506) MDDNode(1,u_507), remove node: MDDNode(1,u_270)
layer 1 incoming edges: 3
split the incoming edges: 3 2 1
the value pair of raw_data is: 492
split the outgoings edges: 7 4 3 7
add node: MDDNode(1,u_508) MDDNode(1,u_509), remove node: MDDNode(1,u_271)
layer 1 incoming edges: 1
one of splitted has no income edge:0 1
layer 1 incoming edges: 4
node canot be splitted, beacause reaching the bound!: 64
layer 1 incoming edges: 4
node canot be splitted, beacause reaching the bound!: 64
layer 1 incoming edges: 1
one of splitted has no income edge:0 1
layer 1 incoming edges: 2
one of splitted has no income edge:2 0
layer 1 incoming edges: 2
node canot be splitted, beacause reaching the bound!: 64
layer 1 incoming edges: 6
node canot be splitted, beacause reaching the bound!: 64
layer 1 incoming edges: 1
one of splitted has no income edge:0 1
layer 1 incoming edges: 1
one of splitted has no income edge:1 0
layer 1 incoming edges: 2
one of splitted has no income edge:2 0
layer 1 incoming edges: 2
node canot be splitted, beacause reaching the bound!: 64
layer 1 incoming edges: 3
node canot be splitted, beacause reaching the bound!: 64
layer 1 incoming edges: 3
one of splitted has no income edge:0 3
layer 1 incoming edges: 2
one of splitted has no income edge:0 2
layer 1 incoming edges: 4
node canot be splitted, beacause reaching the bound!: 64
layer 1 incoming edges: 3
one of splitted has no income edge:3 0
layer 1 incoming edges: 1
one of splitted has no income edge:0 1
layer 1 incoming edges: 1
one of splitted has no income edge:1 0
layer 1 incoming edges: 2
one of splitted has no income edge:2 0
layer 1 incoming edges: 3
node canot be splitted, beacause reaching the bound!: 64
layer 1 incoming edges: 2
one of splitted has no income edge:2 0
layer 1 incoming edges: 1
one of splitted has no income edge:0 1
The bucket size: [25]
the graph width list : [1, 64, 64, 64, 64, 1]
iter= 1 dev 0.2761   test 0.2616   intelligible 0.3333   english 0.2769   gold 0.5120   save acc: 0.3333 time: 2019-11-28T01:35 
iter= 2 dev 0.3095   test 0.3065   intelligible 0.3913   english 0.3230   gold 0.6764   save acc: 0.3913 time: 2019-11-28T01:36 
iter= 3 dev 0.3097   test 0.3016   intelligible 0.3917   english 0.3227   gold 0.6952   save acc: 0.3917 time: 2019-11-28T01:37 
iter= 4 dev 0.3149   test 0.3182   intelligible 0.4102   english 0.3373   gold 0.7226   save acc: 0.4102 time: 2019-11-28T01:38 
iter= 5 dev 0.3237   test 0.3228   intelligible 0.4186   english 0.3441   gold 0.7466   save acc: 0.4186 time: 2019-11-28T01:39 
iter= 6 dev 0.3280   test 0.3151   intelligible 0.4098   english 0.3376   gold 0.7158   
iter= 7 dev 0.3270   test 0.3200   intelligible 0.4136   english 0.3409   gold 0.7517   
iter= 8 dev 0.3291   test 0.3073   intelligible 0.3992   english 0.3287   gold 0.6815   
iter= 9 dev 0.3254   test 0.3114   intelligible 0.4087   english 0.3361   gold 0.7466   
iter= 10 dev 0.3273   test 0.3153   intelligible 0.4125   english 0.3391   gold 0.7483   
iter= 11 dev 0.3299   test 0.3140   intelligible 0.4102   english 0.3367   gold 0.7517   
iter= 12 dev 0.3308   test 0.3104   intelligible 0.4053   english 0.3331   gold 0.7363   
iter= 13 dev 0.3320   test 0.3133   intelligible 0.4087   english 0.3364   gold 0.7432   
iter= 14 dev 0.3282   test 0.3091   intelligible 0.4064   english 0.3340   gold 0.7397   
iter= 15 dev 0.3282   test 0.3122   intelligible 0.4106   english 0.3364   gold 0.7466   
iter= 16 dev 0.3280   test 0.3104   intelligible 0.4083   english 0.3352   gold 0.7414   
iter= 17 dev 0.3291   test 0.3120   intelligible 0.4098   english 0.3370   gold 0.7380   
iter= 18 dev 0.3273   test 0.3109   intelligible 0.4080   english 0.3358   gold 0.7312   
iter= 19 dev 0.3275   test 0.3114   intelligible 0.4091   english 0.3364   gold 0.7380   
iter= 20 dev 0.3268   test 0.3125   intelligible 0.4102   english 0.3373   gold 0.7380   
iter= 21 dev 0.3268   test 0.3107   intelligible 0.4076   english 0.3352   gold 0.7295   
