args Namespace(config='configs/config_l.json', dataset='dataset/IFTTT/msr_data.pkl', load_model=None, mode='train', output='model/ifttt/width-64/pid-3-', width='64')
configure: {'max_word_id': 4000, 'bidirectional': True, 'cell_type': 'lstm', 'decoder': 'attention', 'embedding_size': 50, 'keep_prob': 0.5, 'memory_size': 25, 'num_layers': 1, 'num_units': 50, 'use_embedding': True, 'epoches': 20, 'batch_size': 32, 'init': {'name': 'random_uniform_initializer', 'scale': 0.1}, 'lr_scheduler': {'decay_steps': 5000, 'init_lr': 0.01, 'staircase': True}, 'max_grad_norm': 1, 'optimizer': 'AdamOptimizer'}
# path 8580
save to model/ifttt/width-64/pid-3-IFTTT-w-64.json
load json
numArcLayers: 5
1 1 64
layer 1 incoming edges: 111
split the incoming edges: 111 51 60
the value pair of raw_data is: 492
split the outgoings edges: 443 170 291 461
add node: MDDNode(1,u_6) MDDNode(1,u_7), remove node: MDDNode(1,u_1)
2 1 64
layer 2 incoming edges: 461
split the incoming edges: 461 262 199
the value pair of raw_data is: 6265
split the outgoings edges: 88 88 88 176
add node: MDDNode(2,u_8) MDDNode(2,u_9), remove node: MDDNode(2,u_2)
3 1 64
layer 3 incoming edges: 176
split the incoming edges: 176 88 88
the value pair of raw_data is: 202
split the outgoings edges: 161 123 132 255
add node: MDDNode(3,u_10) MDDNode(3,u_11), remove node: MDDNode(3,u_3)
4 1 64
layer 4 incoming edges: 255
split the incoming edges: 255 118 137
the value pair of raw_data is: 161
split the outgoings edges: 1 1 1 2
add node: MDDNode(4,u_12) MDDNode(4,u_13), remove node: MDDNode(4,u_4)
1 2 64
layer 1 incoming edges: 51
split the incoming edges: 51 24 27
the value pair of raw_data is: 492
split the outgoings edges: 170 75 103 178
add node: MDDNode(1,u_14) MDDNode(1,u_15), remove node: MDDNode(1,u_6)
layer 1 incoming edges: 60
split the incoming edges: 60 33 27
the value pair of raw_data is: 492
split the outgoings edges: 291 162 135 297
add node: MDDNode(1,u_16) MDDNode(1,u_17), remove node: MDDNode(1,u_7)
2 2 64
layer 2 incoming edges: 269
split the incoming edges: 269 128 141
the value pair of raw_data is: 6265
split the outgoings edges: 88 85 87 172
add node: MDDNode(2,u_18) MDDNode(2,u_19), remove node: MDDNode(2,u_8)
layer 2 incoming edges: 206
split the incoming edges: 206 98 108
the value pair of raw_data is: 6265
split the outgoings edges: 88 86 87 173
add node: MDDNode(2,u_20) MDDNode(2,u_21), remove node: MDDNode(2,u_9)
3 2 64
layer 3 incoming edges: 174
split the incoming edges: 174 85 89
the value pair of raw_data is: 202
split the outgoings edges: 123 108 113 221
add node: MDDNode(3,u_22) MDDNode(3,u_23), remove node: MDDNode(3,u_10)
layer 3 incoming edges: 171
split the incoming edges: 171 93 78
the value pair of raw_data is: 202
split the outgoings edges: 132 112 101 213
add node: MDDNode(3,u_24) MDDNode(3,u_25), remove node: MDDNode(3,u_11)
4 2 64
layer 4 incoming edges: 199
split the incoming edges: 199 104 95
the value pair of raw_data is: 161
split the outgoings edges: 1 1 1 2
add node: MDDNode(4,u_26) MDDNode(4,u_27), remove node: MDDNode(4,u_12)
layer 4 incoming edges: 235
split the incoming edges: 235 114 121
the value pair of raw_data is: 161
split the outgoings edges: 1 1 1 2
add node: MDDNode(4,u_28) MDDNode(4,u_29), remove node: MDDNode(4,u_13)
1 4 64
layer 1 incoming edges: 24
split the incoming edges: 24 19 5
the value pair of raw_data is: 492
split the outgoings edges: 75 65 12 77
add node: MDDNode(1,u_30) MDDNode(1,u_31), remove node: MDDNode(1,u_14)
layer 1 incoming edges: 27
split the incoming edges: 27 13 14
the value pair of raw_data is: 492
split the outgoings edges: 103 44 61 105
add node: MDDNode(1,u_32) MDDNode(1,u_33), remove node: MDDNode(1,u_15)
layer 1 incoming edges: 33
split the incoming edges: 33 20 13
the value pair of raw_data is: 492
split the outgoings edges: 162 101 61 162
add node: MDDNode(1,u_34) MDDNode(1,u_35), remove node: MDDNode(1,u_16)
layer 1 incoming edges: 27
split the incoming edges: 27 16 11
the value pair of raw_data is: 492
split the outgoings edges: 135 85 54 139
add node: MDDNode(1,u_36) MDDNode(1,u_37), remove node: MDDNode(1,u_17)
2 4 64
layer 2 incoming edges: 130
split the incoming edges: 130 63 67
the value pair of raw_data is: 6265
split the outgoings edges: 85 80 79 159
add node: MDDNode(2,u_38) MDDNode(2,u_39), remove node: MDDNode(2,u_18)
layer 2 incoming edges: 144
split the incoming edges: 144 74 70
the value pair of raw_data is: 6265
split the outgoings edges: 87 82 83 165
add node: MDDNode(2,u_40) MDDNode(2,u_41), remove node: MDDNode(2,u_19)
layer 2 incoming edges: 99
split the incoming edges: 99 49 50
the value pair of raw_data is: 6265
split the outgoings edges: 86 81 81 162
add node: MDDNode(2,u_42) MDDNode(2,u_43), remove node: MDDNode(2,u_20)
layer 2 incoming edges: 110
split the incoming edges: 110 62 48
the value pair of raw_data is: 6265
split the outgoings edges: 87 71 86 157
add node: MDDNode(2,u_44) MDDNode(2,u_45), remove node: MDDNode(2,u_21)
3 4 64
layer 3 incoming edges: 160
split the incoming edges: 160 78 82
the value pair of raw_data is: 202
split the outgoings edges: 108 87 95 182
add node: MDDNode(3,u_46) MDDNode(3,u_47), remove node: MDDNode(3,u_22)
layer 3 incoming edges: 165
split the incoming edges: 165 85 80
the value pair of raw_data is: 202
split the outgoings edges: 113 95 85 180
add node: MDDNode(3,u_48) MDDNode(3,u_49), remove node: MDDNode(3,u_23)
layer 3 incoming edges: 174
split the incoming edges: 174 92 82
the value pair of raw_data is: 202
split the outgoings edges: 112 92 95 187
add node: MDDNode(3,u_50) MDDNode(3,u_51), remove node: MDDNode(3,u_24)
layer 3 incoming edges: 144
split the incoming edges: 144 87 57
the value pair of raw_data is: 202
split the outgoings edges: 101 89 61 150
add node: MDDNode(3,u_52) MDDNode(3,u_53), remove node: MDDNode(3,u_25)
4 4 64
layer 4 incoming edges: 170
split the incoming edges: 170 81 89
the value pair of raw_data is: 161
split the outgoings edges: 1 1 1 2
add node: MDDNode(4,u_54) MDDNode(4,u_55), remove node: MDDNode(4,u_26)
layer 4 incoming edges: 158
split the incoming edges: 158 91 67
the value pair of raw_data is: 161
split the outgoings edges: 1 1 1 2
add node: MDDNode(4,u_56) MDDNode(4,u_57), remove node: MDDNode(4,u_27)
layer 4 incoming edges: 178
split the incoming edges: 178 89 89
the value pair of raw_data is: 161
split the outgoings edges: 1 1 1 2
add node: MDDNode(4,u_58) MDDNode(4,u_59), remove node: MDDNode(4,u_28)
layer 4 incoming edges: 193
split the incoming edges: 193 89 104
the value pair of raw_data is: 161
split the outgoings edges: 1 1 1 2
add node: MDDNode(4,u_60) MDDNode(4,u_61), remove node: MDDNode(4,u_29)
1 8 64
layer 1 incoming edges: 19
split the incoming edges: 19 10 9
the value pair of raw_data is: 492
split the outgoings edges: 65 37 28 65
add node: MDDNode(1,u_62) MDDNode(1,u_63), remove node: MDDNode(1,u_30)
layer 1 incoming edges: 5
split the incoming edges: 5 3 2
the value pair of raw_data is: 492
split the outgoings edges: 12 10 2 12
add node: MDDNode(1,u_64) MDDNode(1,u_65), remove node: MDDNode(1,u_31)
layer 1 incoming edges: 13
split the incoming edges: 13 7 6
the value pair of raw_data is: 492
split the outgoings edges: 44 26 18 44
add node: MDDNode(1,u_66) MDDNode(1,u_67), remove node: MDDNode(1,u_32)
layer 1 incoming edges: 14
split the incoming edges: 14 4 10
the value pair of raw_data is: 492
split the outgoings edges: 61 14 47 61
add node: MDDNode(1,u_68) MDDNode(1,u_69), remove node: MDDNode(1,u_33)
layer 1 incoming edges: 20
split the incoming edges: 20 10 10
the value pair of raw_data is: 492
split the outgoings edges: 101 43 63 106
add node: MDDNode(1,u_70) MDDNode(1,u_71), remove node: MDDNode(1,u_34)
layer 1 incoming edges: 13
split the incoming edges: 13 6 7
the value pair of raw_data is: 492
split the outgoings edges: 61 25 36 61
add node: MDDNode(1,u_72) MDDNode(1,u_73), remove node: MDDNode(1,u_35)
layer 1 incoming edges: 16
split the incoming edges: 16 8 8
the value pair of raw_data is: 492
split the outgoings edges: 85 46 39 85
add node: MDDNode(1,u_74) MDDNode(1,u_75), remove node: MDDNode(1,u_36)
layer 1 incoming edges: 11
split the incoming edges: 11 6 5
the value pair of raw_data is: 492
split the outgoings edges: 54 27 27 54
add node: MDDNode(1,u_76) MDDNode(1,u_77), remove node: MDDNode(1,u_37)
2 8 64
layer 2 incoming edges: 63
split the incoming edges: 63 25 38
the value pair of raw_data is: 6265
split the outgoings edges: 80 76 73 149
add node: MDDNode(2,u_78) MDDNode(2,u_79), remove node: MDDNode(2,u_38)
layer 2 incoming edges: 67
split the incoming edges: 67 29 38
the value pair of raw_data is: 6265
split the outgoings edges: 79 74 74 148
add node: MDDNode(2,u_80) MDDNode(2,u_81), remove node: MDDNode(2,u_39)
layer 2 incoming edges: 75
split the incoming edges: 75 36 39
the value pair of raw_data is: 6265
split the outgoings edges: 82 79 80 159
add node: MDDNode(2,u_82) MDDNode(2,u_83), remove node: MDDNode(2,u_40)
layer 2 incoming edges: 73
split the incoming edges: 73 32 41
the value pair of raw_data is: 6265
split the outgoings edges: 83 66 82 148
add node: MDDNode(2,u_84) MDDNode(2,u_85), remove node: MDDNode(2,u_41)
layer 2 incoming edges: 49
split the incoming edges: 49 28 21
the value pair of raw_data is: 6265
split the outgoings edges: 81 74 74 148
add node: MDDNode(2,u_86) MDDNode(2,u_87), remove node: MDDNode(2,u_42)
layer 2 incoming edges: 51
split the incoming edges: 51 18 33
the value pair of raw_data is: 6265
split the outgoings edges: 81 74 77 151
add node: MDDNode(2,u_88) MDDNode(2,u_89), remove node: MDDNode(2,u_43)
layer 2 incoming edges: 62
split the incoming edges: 62 29 33
the value pair of raw_data is: 6265
split the outgoings edges: 71 66 66 132
add node: MDDNode(2,u_90) MDDNode(2,u_91), remove node: MDDNode(2,u_44)
layer 2 incoming edges: 48
split the incoming edges: 48 21 27
the value pair of raw_data is: 6265
split the outgoings edges: 86 82 75 157
add node: MDDNode(2,u_92) MDDNode(2,u_93), remove node: MDDNode(2,u_45)
3 8 64
layer 3 incoming edges: 139
split the incoming edges: 139 72 67
the value pair of raw_data is: 202
split the outgoings edges: 87 77 75 152
add node: MDDNode(3,u_94) MDDNode(3,u_95), remove node: MDDNode(3,u_46)
layer 3 incoming edges: 155
split the incoming edges: 155 78 77
the value pair of raw_data is: 202
split the outgoings edges: 95 86 71 157
add node: MDDNode(3,u_96) MDDNode(3,u_97), remove node: MDDNode(3,u_47)
layer 3 incoming edges: 166
split the incoming edges: 166 92 74
the value pair of raw_data is: 202
split the outgoings edges: 95 92 79 171
add node: MDDNode(3,u_98) MDDNode(3,u_99), remove node: MDDNode(3,u_48)
layer 3 incoming edges: 143
split the incoming edges: 143 69 74
the value pair of raw_data is: 202
split the outgoings edges: 85 63 70 133
add node: MDDNode(3,u_100) MDDNode(3,u_101), remove node: MDDNode(3,u_49)
layer 3 incoming edges: 165
split the incoming edges: 165 81 84
the value pair of raw_data is: 202
split the outgoings edges: 92 82 84 166
add node: MDDNode(3,u_102) MDDNode(3,u_103), remove node: MDDNode(3,u_50)
layer 3 incoming edges: 154
split the incoming edges: 154 76 78
the value pair of raw_data is: 202
split the outgoings edges: 95 81 82 163
add node: MDDNode(3,u_104) MDDNode(3,u_105), remove node: MDDNode(3,u_51)
layer 3 incoming edges: 165
split the incoming edges: 165 88 77
the value pair of raw_data is: 202
split the outgoings edges: 89 85 70 155
add node: MDDNode(3,u_106) MDDNode(3,u_107), remove node: MDDNode(3,u_52)
layer 3 incoming edges: 105
split the incoming edges: 105 49 56
the value pair of raw_data is: 202
split the outgoings edges: 61 50 47 97
add node: MDDNode(3,u_108) MDDNode(3,u_109), remove node: MDDNode(3,u_53)
4 8 64
layer 4 incoming edges: 138
split the incoming edges: 138 67 71
the value pair of raw_data is: 161
split the outgoings edges: 1 1 1 2
add node: MDDNode(4,u_110) MDDNode(4,u_111), remove node: MDDNode(4,u_54)
layer 4 incoming edges: 154
split the incoming edges: 154 74 80
the value pair of raw_data is: 161
split the outgoings edges: 1 1 1 2
add node: MDDNode(4,u_112) MDDNode(4,u_113), remove node: MDDNode(4,u_55)
layer 4 incoming edges: 154
split the incoming edges: 154 78 76
the value pair of raw_data is: 161
split the outgoings edges: 1 1 1 2
add node: MDDNode(4,u_114) MDDNode(4,u_115), remove node: MDDNode(4,u_56)
layer 4 incoming edges: 120
split the incoming edges: 120 55 65
the value pair of raw_data is: 161
split the outgoings edges: 1 1 1 2
add node: MDDNode(4,u_116) MDDNode(4,u_117), remove node: MDDNode(4,u_57)
layer 4 incoming edges: 153
split the incoming edges: 153 78 75
the value pair of raw_data is: 161
split the outgoings edges: 1 1 1 2
add node: MDDNode(4,u_118) MDDNode(4,u_119), remove node: MDDNode(4,u_58)
layer 4 incoming edges: 148
split the incoming edges: 148 83 65
the value pair of raw_data is: 161
split the outgoings edges: 1 1 1 2
add node: MDDNode(4,u_120) MDDNode(4,u_121), remove node: MDDNode(4,u_59)
layer 4 incoming edges: 151
split the incoming edges: 151 85 66
the value pair of raw_data is: 161
split the outgoings edges: 1 1 1 2
add node: MDDNode(4,u_122) MDDNode(4,u_123), remove node: MDDNode(4,u_60)
layer 4 incoming edges: 176
split the incoming edges: 176 94 82
the value pair of raw_data is: 161
split the outgoings edges: 1 1 1 2
add node: MDDNode(4,u_124) MDDNode(4,u_125), remove node: MDDNode(4,u_61)
1 16 64
layer 1 incoming edges: 10
split the incoming edges: 10 6 4
the value pair of raw_data is: 492
split the outgoings edges: 37 21 17 38
add node: MDDNode(1,u_126) MDDNode(1,u_127), remove node: MDDNode(1,u_62)
layer 1 incoming edges: 9
split the incoming edges: 9 5 4
the value pair of raw_data is: 492
split the outgoings edges: 28 22 6 28
add node: MDDNode(1,u_128) MDDNode(1,u_129), remove node: MDDNode(1,u_63)
layer 1 incoming edges: 3
split the incoming edges: 3 1 2
the value pair of raw_data is: 492
split the outgoings edges: 10 6 4 10
add node: MDDNode(1,u_130) MDDNode(1,u_131), remove node: MDDNode(1,u_64)
layer 1 incoming edges: 2
one of splitted has no income edge:2 0
layer 1 incoming edges: 7
split the incoming edges: 7 4 3
the value pair of raw_data is: 492
split the outgoings edges: 26 13 13 26
add node: MDDNode(1,u_132) MDDNode(1,u_133), remove node: MDDNode(1,u_66)
layer 1 incoming edges: 6
split the incoming edges: 6 4 2
the value pair of raw_data is: 492
split the outgoings edges: 18 14 6 20
add node: MDDNode(1,u_134) MDDNode(1,u_135), remove node: MDDNode(1,u_67)
layer 1 incoming edges: 4
split the incoming edges: 4 1 3
the value pair of raw_data is: 492
split the outgoings edges: 14 4 10 14
add node: MDDNode(1,u_136) MDDNode(1,u_137), remove node: MDDNode(1,u_68)
layer 1 incoming edges: 10
split the incoming edges: 10 7 3
the value pair of raw_data is: 492
split the outgoings edges: 47 35 12 47
add node: MDDNode(1,u_138) MDDNode(1,u_139), remove node: MDDNode(1,u_69)
layer 1 incoming edges: 10
split the incoming edges: 10 4 6
the value pair of raw_data is: 492
split the outgoings edges: 43 24 19 43
add node: MDDNode(1,u_140) MDDNode(1,u_141), remove node: MDDNode(1,u_70)
layer 1 incoming edges: 10
split the incoming edges: 10 3 7
the value pair of raw_data is: 492
split the outgoings edges: 63 25 38 63
add node: MDDNode(1,u_142) MDDNode(1,u_143), remove node: MDDNode(1,u_71)
layer 1 incoming edges: 6
split the incoming edges: 6 3 3
the value pair of raw_data is: 492
split the outgoings edges: 25 14 11 25
add node: MDDNode(1,u_144) MDDNode(1,u_145), remove node: MDDNode(1,u_72)
layer 1 incoming edges: 7
split the incoming edges: 7 4 3
the value pair of raw_data is: 492
split the outgoings edges: 36 20 16 36
add node: MDDNode(1,u_146) MDDNode(1,u_147), remove node: MDDNode(1,u_73)
layer 1 incoming edges: 8
split the incoming edges: 8 3 5
the value pair of raw_data is: 492
split the outgoings edges: 46 17 29 46
add node: MDDNode(1,u_148) MDDNode(1,u_149), remove node: MDDNode(1,u_74)
layer 1 incoming edges: 8
split the incoming edges: 8 3 5
the value pair of raw_data is: 492
split the outgoings edges: 39 11 28 39
add node: MDDNode(1,u_150) MDDNode(1,u_151), remove node: MDDNode(1,u_75)
layer 1 incoming edges: 6
split the incoming edges: 6 3 3
the value pair of raw_data is: 492
split the outgoings edges: 27 9 19 28
add node: MDDNode(1,u_152) MDDNode(1,u_153), remove node: MDDNode(1,u_76)
layer 1 incoming edges: 5
split the incoming edges: 5 3 2
the value pair of raw_data is: 492
split the outgoings edges: 27 23 4 27
add node: MDDNode(1,u_154) MDDNode(1,u_155), remove node: MDDNode(1,u_77)
2 16 64
layer 2 incoming edges: 25
split the incoming edges: 25 13 12
the value pair of raw_data is: 6265
split the outgoings edges: 76 71 54 125
add node: MDDNode(2,u_156) MDDNode(2,u_157), remove node: MDDNode(2,u_78)
layer 2 incoming edges: 38
split the incoming edges: 38 18 20
the value pair of raw_data is: 6265
split the outgoings edges: 73 70 67 137
add node: MDDNode(2,u_158) MDDNode(2,u_159), remove node: MDDNode(2,u_79)
layer 2 incoming edges: 29
split the incoming edges: 29 18 11
the value pair of raw_data is: 6265
split the outgoings edges: 74 61 60 121
add node: MDDNode(2,u_160) MDDNode(2,u_161), remove node: MDDNode(2,u_80)
layer 2 incoming edges: 38
split the incoming edges: 38 23 15
the value pair of raw_data is: 6265
split the outgoings edges: 74 70 61 131
add node: MDDNode(2,u_162) MDDNode(2,u_163), remove node: MDDNode(2,u_81)
layer 2 incoming edges: 37
split the incoming edges: 37 21 16
the value pair of raw_data is: 6265
split the outgoings edges: 79 74 67 141
add node: MDDNode(2,u_164) MDDNode(2,u_165), remove node: MDDNode(2,u_82)
layer 2 incoming edges: 39
split the incoming edges: 39 17 22
the value pair of raw_data is: 6265
split the outgoings edges: 80 73 63 136
add node: MDDNode(2,u_166) MDDNode(2,u_167), remove node: MDDNode(2,u_83)
layer 2 incoming edges: 32
split the incoming edges: 32 21 11
the value pair of raw_data is: 6265
split the outgoings edges: 66 61 42 103
add node: MDDNode(2,u_168) MDDNode(2,u_169), remove node: MDDNode(2,u_84)
layer 2 incoming edges: 43
split the incoming edges: 43 23 20
the value pair of raw_data is: 6265
split the outgoings edges: 82 62 81 143
add node: MDDNode(2,u_170) MDDNode(2,u_171), remove node: MDDNode(2,u_85)
layer 2 incoming edges: 28
split the incoming edges: 28 12 16
the value pair of raw_data is: 6265
split the outgoings edges: 74 60 65 125
add node: MDDNode(2,u_172) MDDNode(2,u_173), remove node: MDDNode(2,u_86)
layer 2 incoming edges: 21
split the incoming edges: 21 10 11
the value pair of raw_data is: 6265
split the outgoings edges: 74 69 54 123
add node: MDDNode(2,u_174) MDDNode(2,u_175), remove node: MDDNode(2,u_87)
layer 2 incoming edges: 18
split the incoming edges: 18 7 11
the value pair of raw_data is: 6265
split the outgoings edges: 74 52 66 118
add node: MDDNode(2,u_176) MDDNode(2,u_177), remove node: MDDNode(2,u_88)
layer 2 incoming edges: 33
split the incoming edges: 33 16 17
the value pair of raw_data is: 6265
split the outgoings edges: 77 60 72 132
add node: MDDNode(2,u_178) MDDNode(2,u_179), remove node: MDDNode(2,u_89)
layer 2 incoming edges: 29
split the incoming edges: 29 14 15
the value pair of raw_data is: 6265
split the outgoings edges: 66 53 58 111
add node: MDDNode(2,u_180) MDDNode(2,u_181), remove node: MDDNode(2,u_90)
layer 2 incoming edges: 33
split the incoming edges: 33 15 18
the value pair of raw_data is: 6265
split the outgoings edges: 66 54 61 115
add node: MDDNode(2,u_182) MDDNode(2,u_183), remove node: MDDNode(2,u_91)
layer 2 incoming edges: 21
split the incoming edges: 21 10 11
the value pair of raw_data is: 6265
split the outgoings edges: 82 82 55 137
add node: MDDNode(2,u_184) MDDNode(2,u_185), remove node: MDDNode(2,u_92)
layer 2 incoming edges: 28
split the incoming edges: 28 17 11
the value pair of raw_data is: 6265
split the outgoings edges: 75 66 56 122
add node: MDDNode(2,u_186) MDDNode(2,u_187), remove node: MDDNode(2,u_93)
3 16 64
layer 3 incoming edges: 119
split the incoming edges: 119 65 54
the value pair of raw_data is: 202
split the outgoings edges: 77 63 61 124
add node: MDDNode(3,u_188) MDDNode(3,u_189), remove node: MDDNode(3,u_94)
layer 3 incoming edges: 113
split the incoming edges: 113 52 61
the value pair of raw_data is: 202
split the outgoings edges: 75 53 74 127
add node: MDDNode(3,u_190) MDDNode(3,u_191), remove node: MDDNode(3,u_95)
layer 3 incoming edges: 131
split the incoming edges: 131 67 64
the value pair of raw_data is: 202
split the outgoings edges: 86 76 70 146
add node: MDDNode(3,u_192) MDDNode(3,u_193), remove node: MDDNode(3,u_96)
layer 3 incoming edges: 134
split the incoming edges: 134 66 68
the value pair of raw_data is: 202
split the outgoings edges: 71 58 62 120
add node: MDDNode(3,u_194) MDDNode(3,u_195), remove node: MDDNode(3,u_97)
layer 3 incoming edges: 155
split the incoming edges: 155 71 84
the value pair of raw_data is: 202
split the outgoings edges: 92 77 85 162
add node: MDDNode(3,u_196) MDDNode(3,u_197), remove node: MDDNode(3,u_98)
layer 3 incoming edges: 130
split the incoming edges: 130 60 70
the value pair of raw_data is: 202
split the outgoings edges: 79 69 64 133
add node: MDDNode(3,u_198) MDDNode(3,u_199), remove node: MDDNode(3,u_99)
layer 3 incoming edges: 124
split the incoming edges: 124 63 61
the value pair of raw_data is: 202
split the outgoings edges: 63 60 49 109
add node: MDDNode(3,u_200) MDDNode(3,u_201), remove node: MDDNode(3,u_100)
layer 3 incoming edges: 128
split the incoming edges: 128 65 63
the value pair of raw_data is: 202
split the outgoings edges: 70 58 56 114
add node: MDDNode(3,u_202) MDDNode(3,u_203), remove node: MDDNode(3,u_101)
layer 3 incoming edges: 135
split the incoming edges: 135 65 70
the value pair of raw_data is: 202
split the outgoings edges: 82 55 71 126
add node: MDDNode(3,u_204) MDDNode(3,u_205), remove node: MDDNode(3,u_102)
layer 3 incoming edges: 138
split the incoming edges: 138 69 69
the value pair of raw_data is: 202
split the outgoings edges: 84 62 71 133
add node: MDDNode(3,u_206) MDDNode(3,u_207), remove node: MDDNode(3,u_103)
layer 3 incoming edges: 125
split the incoming edges: 125 67 58
the value pair of raw_data is: 202
split the outgoings edges: 81 76 72 148
add node: MDDNode(3,u_208) MDDNode(3,u_209), remove node: MDDNode(3,u_104)
layer 3 incoming edges: 134
split the incoming edges: 134 78 56
the value pair of raw_data is: 202
split the outgoings edges: 82 67 65 132
add node: MDDNode(3,u_210) MDDNode(3,u_211), remove node: MDDNode(3,u_105)
layer 3 incoming edges: 149
split the incoming edges: 149 69 80
the value pair of raw_data is: 202
split the outgoings edges: 85 70 81 151
add node: MDDNode(3,u_212) MDDNode(3,u_213), remove node: MDDNode(3,u_106)
layer 3 incoming edges: 130
split the incoming edges: 130 70 60
the value pair of raw_data is: 202
split the outgoings edges: 70 54 52 106
add node: MDDNode(3,u_214) MDDNode(3,u_215), remove node: MDDNode(3,u_107)
layer 3 incoming edges: 85
split the incoming edges: 85 46 39
the value pair of raw_data is: 202
split the outgoings edges: 50 38 44 82
add node: MDDNode(3,u_216) MDDNode(3,u_217), remove node: MDDNode(3,u_108)
layer 3 incoming edges: 90
split the incoming edges: 90 41 49
the value pair of raw_data is: 202
split the outgoings edges: 47 37 35 72
add node: MDDNode(3,u_218) MDDNode(3,u_219), remove node: MDDNode(3,u_109)
4 16 64
layer 4 incoming edges: 110
split the incoming edges: 110 46 64
the value pair of raw_data is: 161
split the outgoings edges: 1 1 1 2
add node: MDDNode(4,u_220) MDDNode(4,u_221), remove node: MDDNode(4,u_110)
layer 4 incoming edges: 115
split the incoming edges: 115 45 70
the value pair of raw_data is: 161
split the outgoings edges: 1 1 1 2
add node: MDDNode(4,u_222) MDDNode(4,u_223), remove node: MDDNode(4,u_111)
layer 4 incoming edges: 118
split the incoming edges: 118 50 68
the value pair of raw_data is: 161
split the outgoings edges: 1 1 1 2
add node: MDDNode(4,u_224) MDDNode(4,u_225), remove node: MDDNode(4,u_112)
layer 4 incoming edges: 121
split the incoming edges: 121 61 60
the value pair of raw_data is: 161
split the outgoings edges: 1 1 1 2
add node: MDDNode(4,u_226) MDDNode(4,u_227), remove node: MDDNode(4,u_113)
layer 4 incoming edges: 134
split the incoming edges: 134 66 68
the value pair of raw_data is: 161
split the outgoings edges: 1 1 1 2
add node: MDDNode(4,u_228) MDDNode(4,u_229), remove node: MDDNode(4,u_114)
layer 4 incoming edges: 121
split the incoming edges: 121 57 64
the value pair of raw_data is: 161
split the outgoings edges: 1 1 1 2
add node: MDDNode(4,u_230) MDDNode(4,u_231), remove node: MDDNode(4,u_115)
layer 4 incoming edges: 98
split the incoming edges: 98 43 55
the value pair of raw_data is: 161
split the outgoings edges: 1 1 1 2
add node: MDDNode(4,u_232) MDDNode(4,u_233), remove node: MDDNode(4,u_116)
layer 4 incoming edges: 114
split the incoming edges: 114 63 51
the value pair of raw_data is: 161
split the outgoings edges: 1 1 1 2
add node: MDDNode(4,u_234) MDDNode(4,u_235), remove node: MDDNode(4,u_117)
layer 4 incoming edges: 136
split the incoming edges: 136 63 73
the value pair of raw_data is: 161
split the outgoings edges: 1 1 1 2
add node: MDDNode(4,u_236) MDDNode(4,u_237), remove node: MDDNode(4,u_118)
layer 4 incoming edges: 129
split the incoming edges: 129 67 62
the value pair of raw_data is: 161
split the outgoings edges: 1 1 1 2
add node: MDDNode(4,u_238) MDDNode(4,u_239), remove node: MDDNode(4,u_119)
layer 4 incoming edges: 137
split the incoming edges: 137 69 68
the value pair of raw_data is: 161
split the outgoings edges: 1 1 1 2
add node: MDDNode(4,u_240) MDDNode(4,u_241), remove node: MDDNode(4,u_120)
layer 4 incoming edges: 105
split the incoming edges: 105 52 53
the value pair of raw_data is: 161
split the outgoings edges: 1 1 1 2
add node: MDDNode(4,u_242) MDDNode(4,u_243), remove node: MDDNode(4,u_121)
layer 4 incoming edges: 142
split the incoming edges: 142 63 79
the value pair of raw_data is: 161
split the outgoings edges: 1 1 1 2
add node: MDDNode(4,u_244) MDDNode(4,u_245), remove node: MDDNode(4,u_122)
layer 4 incoming edges: 109
split the incoming edges: 109 61 48
the value pair of raw_data is: 161
split the outgoings edges: 1 1 1 2
add node: MDDNode(4,u_246) MDDNode(4,u_247), remove node: MDDNode(4,u_123)
layer 4 incoming edges: 160
split the incoming edges: 160 71 89
the value pair of raw_data is: 161
split the outgoings edges: 1 1 1 2
add node: MDDNode(4,u_248) MDDNode(4,u_249), remove node: MDDNode(4,u_124)
layer 4 incoming edges: 136
split the incoming edges: 136 54 82
the value pair of raw_data is: 161
split the outgoings edges: 1 1 1 2
add node: MDDNode(4,u_250) MDDNode(4,u_251), remove node: MDDNode(4,u_125)
1 31 64
layer 1 incoming edges: 2
one of splitted has no income edge:0 2
layer 1 incoming edges: 6
split the incoming edges: 6 3 3
the value pair of raw_data is: 492
split the outgoings edges: 21 8 13 21
add node: MDDNode(1,u_252) MDDNode(1,u_253), remove node: MDDNode(1,u_126)
layer 1 incoming edges: 4
split the incoming edges: 4 2 2
the value pair of raw_data is: 492
split the outgoings edges: 17 6 11 17
add node: MDDNode(1,u_254) MDDNode(1,u_255), remove node: MDDNode(1,u_127)
layer 1 incoming edges: 5
split the incoming edges: 5 2 3
the value pair of raw_data is: 492
split the outgoings edges: 22 14 8 22
add node: MDDNode(1,u_256) MDDNode(1,u_257), remove node: MDDNode(1,u_128)
layer 1 incoming edges: 4
split the incoming edges: 4 1 3
the value pair of raw_data is: 492
split the outgoings edges: 6 2 4 6
add node: MDDNode(1,u_258) MDDNode(1,u_259), remove node: MDDNode(1,u_129)
layer 1 incoming edges: 1
one of splitted has no income edge:1 0
layer 1 incoming edges: 2
one of splitted has no income edge:2 0
layer 1 incoming edges: 4
split the incoming edges: 4 1 3
the value pair of raw_data is: 492
split the outgoings edges: 13 6 7 13
add node: MDDNode(1,u_260) MDDNode(1,u_261), remove node: MDDNode(1,u_132)
layer 1 incoming edges: 3
one of splitted has no income edge:0 3
layer 1 incoming edges: 4
split the incoming edges: 4 2 2
the value pair of raw_data is: 492
split the outgoings edges: 14 5 9 14
add node: MDDNode(1,u_262) MDDNode(1,u_263), remove node: MDDNode(1,u_134)
layer 1 incoming edges: 2
one of splitted has no income edge:0 2
layer 1 incoming edges: 1
one of splitted has no income edge:0 1
layer 1 incoming edges: 3
split the incoming edges: 3 1 2
the value pair of raw_data is: 492
split the outgoings edges: 10 6 4 10
add node: MDDNode(1,u_264) MDDNode(1,u_265), remove node: MDDNode(1,u_137)
layer 1 incoming edges: 7
split the incoming edges: 7 3 4
the value pair of raw_data is: 492
split the outgoings edges: 35 18 17 35
add node: MDDNode(1,u_266) MDDNode(1,u_267), remove node: MDDNode(1,u_138)
layer 1 incoming edges: 3
split the incoming edges: 3 2 1
the value pair of raw_data is: 492
split the outgoings edges: 12 10 2 12
add node: MDDNode(1,u_268) MDDNode(1,u_269), remove node: MDDNode(1,u_139)
layer 1 incoming edges: 4
one of splitted has no income edge:0 4
layer 1 incoming edges: 6
split the incoming edges: 6 2 4
the value pair of raw_data is: 492
split the outgoings edges: 19 6 13 19
add node: MDDNode(1,u_270) MDDNode(1,u_271), remove node: MDDNode(1,u_141)
layer 1 incoming edges: 3
one of splitted has no income edge:3 0
layer 1 incoming edges: 7
split the incoming edges: 7 3 4
the value pair of raw_data is: 492
split the outgoings edges: 38 20 18 38
add node: MDDNode(1,u_272) MDDNode(1,u_273), remove node: MDDNode(1,u_143)
layer 1 incoming edges: 3
split the incoming edges: 3 1 2
the value pair of raw_data is: 492
split the outgoings edges: 14 4 10 14
add node: MDDNode(1,u_274) MDDNode(1,u_275), remove node: MDDNode(1,u_144)
layer 1 incoming edges: 3
one of splitted has no income edge:3 0
layer 1 incoming edges: 4
split the incoming edges: 4 1 3
the value pair of raw_data is: 492
split the outgoings edges: 20 6 14 20
add node: MDDNode(1,u_276) MDDNode(1,u_277), remove node: MDDNode(1,u_146)
layer 1 incoming edges: 3
one of splitted has no income edge:0 3
layer 1 incoming edges: 3
split the incoming edges: 3 2 1
the value pair of raw_data is: 492
split the outgoings edges: 17 9 8 17
add node: MDDNode(1,u_278) MDDNode(1,u_279), remove node: MDDNode(1,u_148)
layer 1 incoming edges: 5
split the incoming edges: 5 1 4
the value pair of raw_data is: 492
split the outgoings edges: 29 1 28 29
add node: MDDNode(1,u_280) MDDNode(1,u_281), remove node: MDDNode(1,u_149)
layer 1 incoming edges: 3
one of splitted has no income edge:0 3
layer 1 incoming edges: 5
split the incoming edges: 5 2 3
the value pair of raw_data is: 492
split the outgoings edges: 28 8 20 28
add node: MDDNode(1,u_282) MDDNode(1,u_283), remove node: MDDNode(1,u_151)
layer 1 incoming edges: 3
split the incoming edges: 3 2 1
the value pair of raw_data is: 492
split the outgoings edges: 9 3 6 9
add node: MDDNode(1,u_284) MDDNode(1,u_285), remove node: MDDNode(1,u_152)
layer 1 incoming edges: 3
one of splitted has no income edge:3 0
layer 1 incoming edges: 3
split the incoming edges: 3 2 1
the value pair of raw_data is: 492
split the outgoings edges: 23 18 5 23
add node: MDDNode(1,u_286) MDDNode(1,u_287), remove node: MDDNode(1,u_154)
layer 1 incoming edges: 2
one of splitted has no income edge:0 2
2 32 64
layer 2 incoming edges: 13
split the incoming edges: 13 9 4
the value pair of raw_data is: 6265
split the outgoings edges: 71 67 41 108
add node: MDDNode(2,u_288) MDDNode(2,u_289), remove node: MDDNode(2,u_156)
layer 2 incoming edges: 12
split the incoming edges: 12 6 6
the value pair of raw_data is: 6265
split the outgoings edges: 54 33 41 74
add node: MDDNode(2,u_290) MDDNode(2,u_291), remove node: MDDNode(2,u_157)
layer 2 incoming edges: 18
split the incoming edges: 18 5 13
the value pair of raw_data is: 6265
split the outgoings edges: 70 50 63 113
add node: MDDNode(2,u_292) MDDNode(2,u_293), remove node: MDDNode(2,u_158)
layer 2 incoming edges: 20
split the incoming edges: 20 2 18
the value pair of raw_data is: 6265
split the outgoings edges: 67 27 66 93
add node: MDDNode(2,u_294) MDDNode(2,u_295), remove node: MDDNode(2,u_159)
layer 2 incoming edges: 18
split the incoming edges: 18 6 12
the value pair of raw_data is: 6265
split the outgoings edges: 61 25 58 83
add node: MDDNode(2,u_296) MDDNode(2,u_297), remove node: MDDNode(2,u_160)
layer 2 incoming edges: 11
split the incoming edges: 11 4 7
the value pair of raw_data is: 6265
split the outgoings edges: 60 36 47 83
add node: MDDNode(2,u_298) MDDNode(2,u_299), remove node: MDDNode(2,u_161)
layer 2 incoming edges: 23
split the incoming edges: 23 14 9
the value pair of raw_data is: 6265
split the outgoings edges: 70 65 52 117
add node: MDDNode(2,u_300) MDDNode(2,u_301), remove node: MDDNode(2,u_162)
layer 2 incoming edges: 15
split the incoming edges: 15 9 6
the value pair of raw_data is: 6265
split the outgoings edges: 61 40 55 95
add node: MDDNode(2,u_302) MDDNode(2,u_303), remove node: MDDNode(2,u_163)
layer 2 incoming edges: 21
split the incoming edges: 21 12 9
the value pair of raw_data is: 6265
split the outgoings edges: 74 66 65 131
add node: MDDNode(2,u_304) MDDNode(2,u_305), remove node: MDDNode(2,u_164)
layer 2 incoming edges: 16
split the incoming edges: 16 8 8
the value pair of raw_data is: 6265
split the outgoings edges: 67 40 65 105
add node: MDDNode(2,u_306) MDDNode(2,u_307), remove node: MDDNode(2,u_165)
layer 2 incoming edges: 17
split the incoming edges: 17 6 11
the value pair of raw_data is: 6265
split the outgoings edges: 73 36 68 104
add node: MDDNode(2,u_308) MDDNode(2,u_309), remove node: MDDNode(2,u_166)
layer 2 incoming edges: 22
split the incoming edges: 22 12 10
the value pair of raw_data is: 6265
split the outgoings edges: 63 53 54 107
add node: MDDNode(2,u_310) MDDNode(2,u_311), remove node: MDDNode(2,u_167)
layer 2 incoming edges: 21
split the incoming edges: 21 8 13
the value pair of raw_data is: 6265
split the outgoings edges: 61 36 57 93
add node: MDDNode(2,u_312) MDDNode(2,u_313), remove node: MDDNode(2,u_168)
layer 2 incoming edges: 11
split the incoming edges: 11 3 8
the value pair of raw_data is: 6265
split the outgoings edges: 42 20 39 59
add node: MDDNode(2,u_314) MDDNode(2,u_315), remove node: MDDNode(2,u_169)
layer 2 incoming edges: 23
split the incoming edges: 23 10 13
the value pair of raw_data is: 6265
split the outgoings edges: 62 55 53 108
add node: MDDNode(2,u_316) MDDNode(2,u_317), remove node: MDDNode(2,u_170)
layer 2 incoming edges: 20
split the incoming edges: 20 14 6
the value pair of raw_data is: 6265
split the outgoings edges: 81 80 43 123
add node: MDDNode(2,u_318) MDDNode(2,u_319), remove node: MDDNode(2,u_171)
layer 2 incoming edges: 12
split the incoming edges: 12 6 6
the value pair of raw_data is: 6265
split the outgoings edges: 60 44 47 91
add node: MDDNode(2,u_320) MDDNode(2,u_321), remove node: MDDNode(2,u_172)
layer 2 incoming edges: 16
split the incoming edges: 16 11 5
the value pair of raw_data is: 6265
split the outgoings edges: 65 54 51 105
add node: MDDNode(2,u_322) MDDNode(2,u_323), remove node: MDDNode(2,u_173)
layer 2 incoming edges: 10
split the incoming edges: 10 5 5
the value pair of raw_data is: 6265
split the outgoings edges: 69 61 56 117
add node: MDDNode(2,u_324) MDDNode(2,u_325), remove node: MDDNode(2,u_174)
layer 2 incoming edges: 11
split the incoming edges: 11 6 5
the value pair of raw_data is: 6265
split the outgoings edges: 54 46 41 87
add node: MDDNode(2,u_326) MDDNode(2,u_327), remove node: MDDNode(2,u_175)
layer 2 incoming edges: 7
split the incoming edges: 7 3 4
the value pair of raw_data is: 6265
split the outgoings edges: 52 21 49 70
add node: MDDNode(2,u_328) MDDNode(2,u_329), remove node: MDDNode(2,u_176)
layer 2 incoming edges: 11
split the incoming edges: 11 6 5
the value pair of raw_data is: 6265
split the outgoings edges: 66 55 50 105
add node: MDDNode(2,u_330) MDDNode(2,u_331), remove node: MDDNode(2,u_177)
layer 2 incoming edges: 16
split the incoming edges: 16 7 9
the value pair of raw_data is: 6265
split the outgoings edges: 60 47 46 93
add node: MDDNode(2,u_332) MDDNode(2,u_333), remove node: MDDNode(2,u_178)
layer 2 incoming edges: 17
split the incoming edges: 17 8 9
the value pair of raw_data is: 6265
split the outgoings edges: 72 50 67 117
add node: MDDNode(2,u_334) MDDNode(2,u_335), remove node: MDDNode(2,u_179)
layer 2 incoming edges: 14
split the incoming edges: 14 5 9
the value pair of raw_data is: 6265
split the outgoings edges: 53 39 40 79
add node: MDDNode(2,u_336) MDDNode(2,u_337), remove node: MDDNode(2,u_180)
layer 2 incoming edges: 15
split the incoming edges: 15 11 4
the value pair of raw_data is: 6265
split the outgoings edges: 58 57 31 88
add node: MDDNode(2,u_338) MDDNode(2,u_339), remove node: MDDNode(2,u_181)
layer 2 incoming edges: 15
split the incoming edges: 15 6 9
the value pair of raw_data is: 6265
split the outgoings edges: 54 51 43 94
add node: MDDNode(2,u_340) MDDNode(2,u_341), remove node: MDDNode(2,u_182)
layer 2 incoming edges: 18
split the incoming edges: 18 11 7
the value pair of raw_data is: 6265
split the outgoings edges: 61 38 59 97
add node: MDDNode(2,u_342) MDDNode(2,u_343), remove node: MDDNode(2,u_183)
layer 2 incoming edges: 10
split the incoming edges: 10 2 8
the value pair of raw_data is: 6265
split the outgoings edges: 82 42 74 116
add node: MDDNode(2,u_344) MDDNode(2,u_345), remove node: MDDNode(2,u_184)
layer 2 incoming edges: 11
split the incoming edges: 11 6 5
the value pair of raw_data is: 6265
split the outgoings edges: 55 36 43 79
add node: MDDNode(2,u_346) MDDNode(2,u_347), remove node: MDDNode(2,u_185)
layer 2 incoming edges: 17
split the incoming edges: 17 8 9
the value pair of raw_data is: 6265
split the outgoings edges: 66 53 57 110
add node: MDDNode(2,u_348) MDDNode(2,u_349), remove node: MDDNode(2,u_186)
layer 2 incoming edges: 11
split the incoming edges: 11 5 6
the value pair of raw_data is: 6265
split the outgoings edges: 56 56 31 87
add node: MDDNode(2,u_350) MDDNode(2,u_351), remove node: MDDNode(2,u_187)
3 32 64
layer 3 incoming edges: 102
split the incoming edges: 102 54 48
the value pair of raw_data is: 202
split the outgoings edges: 63 57 46 103
add node: MDDNode(3,u_352) MDDNode(3,u_353), remove node: MDDNode(3,u_188)
layer 3 incoming edges: 81
split the incoming edges: 81 41 40
the value pair of raw_data is: 202
split the outgoings edges: 61 43 48 91
add node: MDDNode(3,u_354) MDDNode(3,u_355), remove node: MDDNode(3,u_189)
layer 3 incoming edges: 83
split the incoming edges: 83 40 43
the value pair of raw_data is: 202
split the outgoings edges: 53 48 37 85
add node: MDDNode(3,u_356) MDDNode(3,u_357), remove node: MDDNode(3,u_190)
layer 3 incoming edges: 98
split the incoming edges: 98 49 49
the value pair of raw_data is: 202
split the outgoings edges: 74 56 62 118
add node: MDDNode(3,u_358) MDDNode(3,u_359), remove node: MDDNode(3,u_191)
layer 3 incoming edges: 100
split the incoming edges: 100 62 38
the value pair of raw_data is: 202
split the outgoings edges: 76 62 56 118
add node: MDDNode(3,u_360) MDDNode(3,u_361), remove node: MDDNode(3,u_192)
layer 3 incoming edges: 102
split the incoming edges: 102 58 44
the value pair of raw_data is: 202
split the outgoings edges: 70 58 52 110
add node: MDDNode(3,u_362) MDDNode(3,u_363), remove node: MDDNode(3,u_193)
layer 3 incoming edges: 103
split the incoming edges: 103 40 63
the value pair of raw_data is: 202
split the outgoings edges: 58 35 57 92
add node: MDDNode(3,u_364) MDDNode(3,u_365), remove node: MDDNode(3,u_194)
layer 3 incoming edges: 111
split the incoming edges: 111 60 51
the value pair of raw_data is: 202
split the outgoings edges: 62 53 59 112
add node: MDDNode(3,u_366) MDDNode(3,u_367), remove node: MDDNode(3,u_195)
layer 3 incoming edges: 108
split the incoming edges: 108 43 65
the value pair of raw_data is: 202
split the outgoings edges: 77 61 69 130
add node: MDDNode(3,u_368) MDDNode(3,u_369), remove node: MDDNode(3,u_196)
layer 3 incoming edges: 123
split the incoming edges: 123 57 66
the value pair of raw_data is: 202
split the outgoings edges: 85 78 77 155
add node: MDDNode(3,u_370) MDDNode(3,u_371), remove node: MDDNode(3,u_197)
layer 3 incoming edges: 94
split the incoming edges: 94 41 53
the value pair of raw_data is: 202
split the outgoings edges: 69 53 58 111
add node: MDDNode(3,u_372) MDDNode(3,u_373), remove node: MDDNode(3,u_198)
layer 3 incoming edges: 104
split the incoming edges: 104 55 49
the value pair of raw_data is: 202
split the outgoings edges: 64 54 47 101
add node: MDDNode(3,u_374) MDDNode(3,u_375), remove node: MDDNode(3,u_199)
layer 3 incoming edges: 97
split the incoming edges: 97 49 48
the value pair of raw_data is: 202
split the outgoings edges: 60 52 51 103
add node: MDDNode(3,u_376) MDDNode(3,u_377), remove node: MDDNode(3,u_200)
layer 3 incoming edges: 95
split the incoming edges: 95 43 52
the value pair of raw_data is: 202
split the outgoings edges: 49 41 45 86
add node: MDDNode(3,u_378) MDDNode(3,u_379), remove node: MDDNode(3,u_201)
layer 3 incoming edges: 104
split the incoming edges: 104 53 51
the value pair of raw_data is: 202
split the outgoings edges: 58 50 45 95
add node: MDDNode(3,u_380) MDDNode(3,u_381), remove node: MDDNode(3,u_202)
layer 3 incoming edges: 95
split the incoming edges: 95 54 41
the value pair of raw_data is: 202
split the outgoings edges: 56 43 40 83
add node: MDDNode(3,u_382) MDDNode(3,u_383), remove node: MDDNode(3,u_203)
layer 3 incoming edges: 108
split the incoming edges: 108 56 52
the value pair of raw_data is: 202
split the outgoings edges: 55 44 44 88
add node: MDDNode(3,u_384) MDDNode(3,u_385), remove node: MDDNode(3,u_204)
layer 3 incoming edges: 108
split the incoming edges: 108 64 44
the value pair of raw_data is: 202
split the outgoings edges: 71 61 35 96
add node: MDDNode(3,u_386) MDDNode(3,u_387), remove node: MDDNode(3,u_205)
layer 3 incoming edges: 106
split the incoming edges: 106 58 48
the value pair of raw_data is: 202
split the outgoings edges: 62 60 45 105
add node: MDDNode(3,u_388) MDDNode(3,u_389), remove node: MDDNode(3,u_206)
layer 3 incoming edges: 108
split the incoming edges: 108 63 45
the value pair of raw_data is: 202
split the outgoings edges: 71 68 45 113
add node: MDDNode(3,u_390) MDDNode(3,u_391), remove node: MDDNode(3,u_207)
layer 3 incoming edges: 108
split the incoming edges: 108 55 53
the value pair of raw_data is: 202
split the outgoings edges: 76 58 66 124
add node: MDDNode(3,u_392) MDDNode(3,u_393), remove node: MDDNode(3,u_208)
layer 3 incoming edges: 87
split the incoming edges: 87 42 45
the value pair of raw_data is: 202
split the outgoings edges: 72 59 55 114
add node: MDDNode(3,u_394) MDDNode(3,u_395), remove node: MDDNode(3,u_209)
layer 3 incoming edges: 124
split the incoming edges: 124 63 61
the value pair of raw_data is: 202
split the outgoings edges: 67 61 50 111
add node: MDDNode(3,u_396) MDDNode(3,u_397), remove node: MDDNode(3,u_210)
layer 3 incoming edges: 87
split the incoming edges: 87 48 39
the value pair of raw_data is: 202
split the outgoings edges: 65 58 58 116
add node: MDDNode(3,u_398) MDDNode(3,u_399), remove node: MDDNode(3,u_211)
layer 3 incoming edges: 110
split the incoming edges: 110 56 54
the value pair of raw_data is: 202
split the outgoings edges: 70 62 55 117
add node: MDDNode(3,u_400) MDDNode(3,u_401), remove node: MDDNode(3,u_212)
layer 3 incoming edges: 128
split the incoming edges: 128 63 65
the value pair of raw_data is: 202
split the outgoings edges: 81 69 58 127
add node: MDDNode(3,u_402) MDDNode(3,u_403), remove node: MDDNode(3,u_213)
layer 3 incoming edges: 96
split the incoming edges: 96 50 46
the value pair of raw_data is: 202
split the outgoings edges: 54 44 41 85
add node: MDDNode(3,u_404) MDDNode(3,u_405), remove node: MDDNode(3,u_214)
layer 3 incoming edges: 96
split the incoming edges: 96 44 52
the value pair of raw_data is: 202
split the outgoings edges: 52 51 47 98
add node: MDDNode(3,u_406) MDDNode(3,u_407), remove node: MDDNode(3,u_215)
layer 3 incoming edges: 74
split the incoming edges: 74 33 41
the value pair of raw_data is: 202
split the outgoings edges: 38 28 35 63
add node: MDDNode(3,u_408) MDDNode(3,u_409), remove node: MDDNode(3,u_216)
layer 3 incoming edges: 60
split the incoming edges: 60 32 28
the value pair of raw_data is: 202
split the outgoings edges: 44 31 38 69
add node: MDDNode(3,u_410) MDDNode(3,u_411), remove node: MDDNode(3,u_217)
layer 3 incoming edges: 60
split the incoming edges: 60 25 35
the value pair of raw_data is: 202
split the outgoings edges: 37 26 33 59
add node: MDDNode(3,u_412) MDDNode(3,u_413), remove node: MDDNode(3,u_218)
layer 3 incoming edges: 71
split the incoming edges: 71 31 40
the value pair of raw_data is: 202
split the outgoings edges: 35 30 31 61
add node: MDDNode(3,u_414) MDDNode(3,u_415), remove node: MDDNode(3,u_219)
4 32 64
layer 4 incoming edges: 78
split the incoming edges: 78 46 32
the value pair of raw_data is: 161
split the outgoings edges: 1 1 1 2
add node: MDDNode(4,u_416) MDDNode(4,u_417), remove node: MDDNode(4,u_220)
layer 4 incoming edges: 107
split the incoming edges: 107 46 61
the value pair of raw_data is: 161
split the outgoings edges: 1 1 1 2
add node: MDDNode(4,u_418) MDDNode(4,u_419), remove node: MDDNode(4,u_221)
layer 4 incoming edges: 72
split the incoming edges: 72 38 34
the value pair of raw_data is: 161
split the outgoings edges: 1 1 1 2
add node: MDDNode(4,u_420) MDDNode(4,u_421), remove node: MDDNode(4,u_222)
layer 4 incoming edges: 114
split the incoming edges: 114 51 63
the value pair of raw_data is: 161
split the outgoings edges: 1 1 1 2
add node: MDDNode(4,u_422) MDDNode(4,u_423), remove node: MDDNode(4,u_223)
layer 4 incoming edges: 83
split the incoming edges: 83 36 47
the value pair of raw_data is: 161
split the outgoings edges: 1 1 1 2
add node: MDDNode(4,u_424) MDDNode(4,u_425), remove node: MDDNode(4,u_224)
layer 4 incoming edges: 110
split the incoming edges: 110 58 52
the value pair of raw_data is: 161
split the outgoings edges: 1 1 1 2
add node: MDDNode(4,u_426) MDDNode(4,u_427), remove node: MDDNode(4,u_225)
layer 4 incoming edges: 101
split the incoming edges: 101 42 59
the value pair of raw_data is: 161
split the outgoings edges: 1 1 1 2
add node: MDDNode(4,u_428) MDDNode(4,u_429), remove node: MDDNode(4,u_226)
layer 4 incoming edges: 95
split the incoming edges: 95 48 47
the value pair of raw_data is: 161
split the outgoings edges: 1 1 1 2
add node: MDDNode(4,u_430) MDDNode(4,u_431), remove node: MDDNode(4,u_227)
layer 4 incoming edges: 109
split the incoming edges: 109 52 57
the value pair of raw_data is: 161
split the outgoings edges: 1 1 1 2
add node: MDDNode(4,u_432) MDDNode(4,u_433), remove node: MDDNode(4,u_228)
layer 4 incoming edges: 105
split the incoming edges: 105 39 66
the value pair of raw_data is: 161
split the outgoings edges: 1 1 1 2
add node: MDDNode(4,u_434) MDDNode(4,u_435), remove node: MDDNode(4,u_229)
layer 4 incoming edges: 90
split the incoming edges: 90 50 40
the value pair of raw_data is: 161
split the outgoings edges: 1 1 1 2
add node: MDDNode(4,u_436) MDDNode(4,u_437), remove node: MDDNode(4,u_230)
layer 4 incoming edges: 102
split the incoming edges: 102 50 52
the value pair of raw_data is: 161
split the outgoings edges: 1 1 1 2
add node: MDDNode(4,u_438) MDDNode(4,u_439), remove node: MDDNode(4,u_231)
layer 4 incoming edges: 75
split the incoming edges: 75 48 27
the value pair of raw_data is: 161
split the outgoings edges: 1 1 1 2
add node: MDDNode(4,u_440) MDDNode(4,u_441), remove node: MDDNode(4,u_232)
layer 4 incoming edges: 92
split the incoming edges: 92 42 50
the value pair of raw_data is: 161
split the outgoings edges: 1 1 1 2
add node: MDDNode(4,u_442) MDDNode(4,u_443), remove node: MDDNode(4,u_233)
layer 4 incoming edges: 102
split the incoming edges: 102 62 40
the value pair of raw_data is: 161
split the outgoings edges: 1 1 1 2
add node: MDDNode(4,u_444) MDDNode(4,u_445), remove node: MDDNode(4,u_234)
layer 4 incoming edges: 81
split the incoming edges: 81 37 44
the value pair of raw_data is: 161
split the outgoings edges: 1 1 1 2
add node: MDDNode(4,u_446) MDDNode(4,u_447), remove node: MDDNode(4,u_235)
layer 4 incoming edges: 104
split the incoming edges: 104 44 60
the value pair of raw_data is: 161
split the outgoings edges: 1 1 1 2
add node: MDDNode(4,u_448) MDDNode(4,u_449), remove node: MDDNode(4,u_236)
layer 4 incoming edges: 123
split the incoming edges: 123 63 60
the value pair of raw_data is: 161
split the outgoings edges: 1 1 1 2
add node: MDDNode(4,u_450) MDDNode(4,u_451), remove node: MDDNode(4,u_237)
layer 4 incoming edges: 111
split the incoming edges: 111 60 51
the value pair of raw_data is: 161
split the outgoings edges: 1 1 1 2
add node: MDDNode(4,u_452) MDDNode(4,u_453), remove node: MDDNode(4,u_238)
layer 4 incoming edges: 98
split the incoming edges: 98 41 57
the value pair of raw_data is: 161
split the outgoings edges: 1 1 1 2
add node: MDDNode(4,u_454) MDDNode(4,u_455), remove node: MDDNode(4,u_239)
layer 4 incoming edges: 110
split the incoming edges: 110 55 55
the value pair of raw_data is: 161
split the outgoings edges: 1 1 1 2
add node: MDDNode(4,u_456) MDDNode(4,u_457), remove node: MDDNode(4,u_240)
layer 4 incoming edges: 104
split the incoming edges: 104 40 64
the value pair of raw_data is: 161
split the outgoings edges: 1 1 1 2
add node: MDDNode(4,u_458) MDDNode(4,u_459), remove node: MDDNode(4,u_241)
layer 4 incoming edges: 83
split the incoming edges: 83 37 46
the value pair of raw_data is: 161
split the outgoings edges: 1 1 1 2
add node: MDDNode(4,u_460) MDDNode(4,u_461), remove node: MDDNode(4,u_242)
layer 4 incoming edges: 84
split the incoming edges: 84 40 44
the value pair of raw_data is: 161
split the outgoings edges: 1 1 1 2
add node: MDDNode(4,u_462) MDDNode(4,u_463), remove node: MDDNode(4,u_243)
layer 4 incoming edges: 110
split the incoming edges: 110 51 59
the value pair of raw_data is: 161
split the outgoings edges: 1 1 1 2
add node: MDDNode(4,u_464) MDDNode(4,u_465), remove node: MDDNode(4,u_244)
layer 4 incoming edges: 129
split the incoming edges: 129 62 67
the value pair of raw_data is: 161
split the outgoings edges: 1 1 1 2
add node: MDDNode(4,u_466) MDDNode(4,u_467), remove node: MDDNode(4,u_245)
layer 4 incoming edges: 103
split the incoming edges: 103 59 44
the value pair of raw_data is: 161
split the outgoings edges: 1 1 1 2
add node: MDDNode(4,u_468) MDDNode(4,u_469), remove node: MDDNode(4,u_246)
layer 4 incoming edges: 75
split the incoming edges: 75 44 31
the value pair of raw_data is: 161
split the outgoings edges: 1 1 1 2
add node: MDDNode(4,u_470) MDDNode(4,u_471), remove node: MDDNode(4,u_247)
layer 4 incoming edges: 111
split the incoming edges: 111 56 55
the value pair of raw_data is: 161
split the outgoings edges: 1 1 1 2
add node: MDDNode(4,u_472) MDDNode(4,u_473), remove node: MDDNode(4,u_248)
layer 4 incoming edges: 149
split the incoming edges: 149 83 66
the value pair of raw_data is: 161
split the outgoings edges: 1 1 1 2
add node: MDDNode(4,u_474) MDDNode(4,u_475), remove node: MDDNode(4,u_249)
layer 4 incoming edges: 89
split the incoming edges: 89 47 42
the value pair of raw_data is: 161
split the outgoings edges: 1 1 1 2
add node: MDDNode(4,u_476) MDDNode(4,u_477), remove node: MDDNode(4,u_250)
layer 4 incoming edges: 140
split the incoming edges: 140 67 73
the value pair of raw_data is: 161
split the outgoings edges: 1 1 1 2
add node: MDDNode(4,u_478) MDDNode(4,u_479), remove node: MDDNode(4,u_251)
1 49 64
layer 1 incoming edges: 2
split the incoming edges: 2 1 1
the value pair of raw_data is: 492
split the outgoings edges: 2 1 1 2
add node: MDDNode(1,u_480) MDDNode(1,u_481), remove node: MDDNode(1,u_65)
layer 1 incoming edges: 1
one of splitted has no income edge:0 1
layer 1 incoming edges: 2
one of splitted has no income edge:2 0
layer 1 incoming edges: 3
split the incoming edges: 3 1 2
the value pair of raw_data is: 492
split the outgoings edges: 13 10 3 13
add node: MDDNode(1,u_482) MDDNode(1,u_483), remove node: MDDNode(1,u_133)
layer 1 incoming edges: 2
split the incoming edges: 2 1 1
the value pair of raw_data is: 492
split the outgoings edges: 6 4 2 6
add node: MDDNode(1,u_484) MDDNode(1,u_485), remove node: MDDNode(1,u_135)
layer 1 incoming edges: 1
one of splitted has no income edge:1 0
layer 1 incoming edges: 4
split the incoming edges: 4 2 2
the value pair of raw_data is: 492
split the outgoings edges: 24 15 9 24
add node: MDDNode(1,u_486) MDDNode(1,u_487), remove node: MDDNode(1,u_140)
layer 1 incoming edges: 3
split the incoming edges: 3 2 1
the value pair of raw_data is: 492
split the outgoings edges: 25 20 5 25
add node: MDDNode(1,u_488) MDDNode(1,u_489), remove node: MDDNode(1,u_142)
layer 1 incoming edges: 3
one of splitted has no income edge:0 3
layer 1 incoming edges: 3
split the incoming edges: 3 1 2
the value pair of raw_data is: 492
split the outgoings edges: 16 6 10 16
add node: MDDNode(1,u_490) MDDNode(1,u_491), remove node: MDDNode(1,u_147)
layer 1 incoming edges: 3
split the incoming edges: 3 1 2
the value pair of raw_data is: 492
split the outgoings edges: 11 1 10 11
add node: MDDNode(1,u_492) MDDNode(1,u_493), remove node: MDDNode(1,u_150)
layer 1 incoming edges: 3
split the incoming edges: 3 2 1
the value pair of raw_data is: 492
split the outgoings edges: 19 10 9 19
add node: MDDNode(1,u_494) MDDNode(1,u_495), remove node: MDDNode(1,u_153)
layer 1 incoming edges: 2
split the incoming edges: 2 1 1
the value pair of raw_data is: 492
split the outgoings edges: 4 2 2 4
add node: MDDNode(1,u_496) MDDNode(1,u_497), remove node: MDDNode(1,u_155)
layer 1 incoming edges: 3
split the incoming edges: 3 2 1
the value pair of raw_data is: 492
split the outgoings edges: 8 7 1 8
add node: MDDNode(1,u_498) MDDNode(1,u_499), remove node: MDDNode(1,u_252)
layer 1 incoming edges: 3
one of splitted has no income edge:0 3
layer 1 incoming edges: 2
one of splitted has no income edge:0 2
layer 1 incoming edges: 2
one of splitted has no income edge:2 0
layer 1 incoming edges: 2
one of splitted has no income edge:2 0
layer 1 incoming edges: 3
split the incoming edges: 3 1 2
the value pair of raw_data is: 492
split the outgoings edges: 8 1 7 8
add node: MDDNode(1,u_500) MDDNode(1,u_501), remove node: MDDNode(1,u_257)
layer 1 incoming edges: 1
one of splitted has no income edge:1 0
layer 1 incoming edges: 3
one of splitted has no income edge:0 3
layer 1 incoming edges: 1
one of splitted has no income edge:0 1
layer 1 incoming edges: 3
split the incoming edges: 3 2 1
the value pair of raw_data is: 492
split the outgoings edges: 7 5 2 7
add node: MDDNode(1,u_502) MDDNode(1,u_503), remove node: MDDNode(1,u_261)
layer 1 incoming edges: 2
split the incoming edges: 2 1 1
the value pair of raw_data is: 492
split the outgoings edges: 5 3 2 5
add node: MDDNode(1,u_504) MDDNode(1,u_505), remove node: MDDNode(1,u_262)
layer 1 incoming edges: 2
split the incoming edges: 2 1 1
the value pair of raw_data is: 492
split the outgoings edges: 9 4 5 9
add node: MDDNode(1,u_506) MDDNode(1,u_507), remove node: MDDNode(1,u_263)
layer 1 incoming edges: 1
one of splitted has no income edge:0 1
layer 1 incoming edges: 2
one of splitted has no income edge:0 2
layer 1 incoming edges: 3
split the incoming edges: 3 1 2
the value pair of raw_data is: 492
split the outgoings edges: 18 12 6 18
add node: MDDNode(1,u_508) MDDNode(1,u_509), remove node: MDDNode(1,u_266)
layer 1 incoming edges: 4
node canot be splitted, beacause reaching the bound!: 64
layer 1 incoming edges: 2
node canot be splitted, beacause reaching the bound!: 64
layer 1 incoming edges: 1
one of splitted has no income edge:1 0
layer 1 incoming edges: 2
one of splitted has no income edge:0 2
layer 1 incoming edges: 4
one of splitted has no income edge:4 0
layer 1 incoming edges: 3
node canot be splitted, beacause reaching the bound!: 64
layer 1 incoming edges: 4
node canot be splitted, beacause reaching the bound!: 64
layer 1 incoming edges: 1
one of splitted has no income edge:1 0
layer 1 incoming edges: 2
one of splitted has no income edge:2 0
layer 1 incoming edges: 1
one of splitted has no income edge:0 1
layer 1 incoming edges: 3
node canot be splitted, beacause reaching the bound!: 64
layer 1 incoming edges: 2
one of splitted has no income edge:0 2
layer 1 incoming edges: 1
one of splitted has no income edge:1 0
layer 1 incoming edges: 1
one of splitted has no income edge:1 0
layer 1 incoming edges: 4
node canot be splitted, beacause reaching the bound!: 64
layer 1 incoming edges: 2
one of splitted has no income edge:0 2
layer 1 incoming edges: 3
node canot be splitted, beacause reaching the bound!: 64
layer 1 incoming edges: 2
node canot be splitted, beacause reaching the bound!: 64
layer 1 incoming edges: 1
one of splitted has no income edge:0 1
layer 1 incoming edges: 2
one of splitted has no income edge:2 0
layer 1 incoming edges: 1
one of splitted has no income edge:1 0
The bucket size: [25]
the graph width list : [1, 64, 64, 64, 64, 1]
iter= 1 dev 0.2782   test 0.2742   intelligible 0.3477   english 0.2879   gold 0.5428   save acc: 0.3477 time: 2019-11-28T00:48 
iter= 2 dev 0.2941   test 0.3032   intelligible 0.3924   english 0.3233   gold 0.6661   save acc: 0.3924 time: 2019-11-28T00:49 
iter= 3 dev 0.3197   test 0.3174   intelligible 0.4110   english 0.3388   gold 0.7312   save acc: 0.4110 time: 2019-11-28T00:50 
iter= 4 dev 0.3216   test 0.3179   intelligible 0.4068   english 0.3385   gold 0.7072   
iter= 5 dev 0.3310   test 0.3270   intelligible 0.4231   english 0.3504   gold 0.7260   save acc: 0.4231 time: 2019-11-28T00:52 
iter= 6 dev 0.3268   test 0.3262   intelligible 0.4254   english 0.3480   gold 0.7620   save acc: 0.4254 time: 2019-11-28T00:53 
iter= 7 dev 0.3270   test 0.3303   intelligible 0.4284   english 0.3543   gold 0.7517   save acc: 0.4284 time: 2019-11-28T00:55 
iter= 8 dev 0.3213   test 0.3311   intelligible 0.4311   english 0.3548   gold 0.7483   save acc: 0.4311 time: 2019-11-28T00:56 
iter= 9 dev 0.3256   test 0.3303   intelligible 0.4280   english 0.3540   gold 0.7432   
iter= 10 dev 0.3273   test 0.3376   intelligible 0.4402   english 0.3632   gold 0.7432   save acc: 0.4402 time: 2019-11-28T00:59 
iter= 11 dev 0.3237   test 0.3311   intelligible 0.4303   english 0.3543   gold 0.7432   
iter= 12 dev 0.3242   test 0.3303   intelligible 0.4311   english 0.3551   gold 0.7483   
iter= 13 dev 0.3284   test 0.3329   intelligible 0.4318   english 0.3575   gold 0.7449   
iter= 14 dev 0.3291   test 0.3321   intelligible 0.4322   english 0.3563   gold 0.7449   
iter= 15 dev 0.3296   test 0.3332   intelligible 0.4345   english 0.3578   gold 0.7432   
iter= 16 dev 0.3256   test 0.3339   intelligible 0.4318   english 0.3563   gold 0.7397   
iter= 17 dev 0.3280   test 0.3334   intelligible 0.4345   english 0.3578   gold 0.7449   
iter= 18 dev 0.3289   test 0.3368   intelligible 0.4390   english 0.3623   gold 0.7500   
iter= 19 dev 0.3275   test 0.3339   intelligible 0.4352   english 0.3587   gold 0.7466   
iter= 20 dev 0.3277   test 0.3306   intelligible 0.4318   english 0.3551   gold 0.7432   
iter= 21 dev 0.3289   test 0.3319   intelligible 0.4322   english 0.3566   gold 0.7414   
