args Namespace(config='configs/config_l.json', dataset='dataset/IFTTT/msr_data.pkl', load_model=None, mode='train', output='model/ifttt/width-64/pid-2-', width='64')
configure: {'max_word_id': 4000, 'bidirectional': True, 'cell_type': 'lstm', 'decoder': 'attention', 'embedding_size': 50, 'keep_prob': 0.5, 'memory_size': 25, 'num_layers': 1, 'num_units': 50, 'use_embedding': True, 'epoches': 20, 'batch_size': 32, 'init': {'name': 'random_uniform_initializer', 'scale': 0.1}, 'lr_scheduler': {'decay_steps': 5000, 'init_lr': 0.01, 'staircase': True}, 'max_grad_norm': 1, 'optimizer': 'AdamOptimizer'}
# path 8580
save to model/ifttt/width-64/pid-2-IFTTT-w-64.json
load json
numArcLayers: 5
1 1 64
layer 1 incoming edges: 111
split the incoming edges: 111 56 55
the value pair of raw_data is: 492
split the outgoings edges: 443 215 250 465
add node: MDDNode(1,u_6) MDDNode(1,u_7), remove node: MDDNode(1,u_1)
2 1 64
layer 2 incoming edges: 465
split the incoming edges: 465 231 234
the value pair of raw_data is: 6265
split the outgoings edges: 88 88 88 176
add node: MDDNode(2,u_8) MDDNode(2,u_9), remove node: MDDNode(2,u_2)
3 1 64
layer 3 incoming edges: 176
split the incoming edges: 176 93 83
the value pair of raw_data is: 202
split the outgoings edges: 161 124 116 240
add node: MDDNode(3,u_10) MDDNode(3,u_11), remove node: MDDNode(3,u_3)
4 1 64
layer 4 incoming edges: 240
split the incoming edges: 240 113 127
the value pair of raw_data is: 161
split the outgoings edges: 1 1 1 2
add node: MDDNode(4,u_12) MDDNode(4,u_13), remove node: MDDNode(4,u_4)
1 2 64
layer 1 incoming edges: 56
split the incoming edges: 56 27 29
the value pair of raw_data is: 492
split the outgoings edges: 215 89 135 224
add node: MDDNode(1,u_14) MDDNode(1,u_15), remove node: MDDNode(1,u_6)
layer 1 incoming edges: 55
split the incoming edges: 55 25 30
the value pair of raw_data is: 492
split the outgoings edges: 250 111 147 258
add node: MDDNode(1,u_16) MDDNode(1,u_17), remove node: MDDNode(1,u_7)
2 2 64
layer 2 incoming edges: 238
split the incoming edges: 238 126 112
the value pair of raw_data is: 6265
split the outgoings edges: 88 86 87 173
add node: MDDNode(2,u_18) MDDNode(2,u_19), remove node: MDDNode(2,u_8)
layer 2 incoming edges: 244
split the incoming edges: 244 117 127
the value pair of raw_data is: 6265
split the outgoings edges: 88 86 88 174
add node: MDDNode(2,u_20) MDDNode(2,u_21), remove node: MDDNode(2,u_9)
3 2 64
layer 3 incoming edges: 185
split the incoming edges: 185 92 93
the value pair of raw_data is: 202
split the outgoings edges: 124 111 99 210
add node: MDDNode(3,u_22) MDDNode(3,u_23), remove node: MDDNode(3,u_10)
layer 3 incoming edges: 162
split the incoming edges: 162 86 76
the value pair of raw_data is: 202
split the outgoings edges: 116 102 108 210
add node: MDDNode(3,u_24) MDDNode(3,u_25), remove node: MDDNode(3,u_11)
4 2 64
layer 4 incoming edges: 193
split the incoming edges: 193 92 101
the value pair of raw_data is: 161
split the outgoings edges: 1 1 1 2
add node: MDDNode(4,u_26) MDDNode(4,u_27), remove node: MDDNode(4,u_12)
layer 4 incoming edges: 227
split the incoming edges: 227 112 115
the value pair of raw_data is: 161
split the outgoings edges: 1 1 1 2
add node: MDDNode(4,u_28) MDDNode(4,u_29), remove node: MDDNode(4,u_13)
1 4 64
layer 1 incoming edges: 27
split the incoming edges: 27 13 14
the value pair of raw_data is: 492
split the outgoings edges: 89 45 47 92
add node: MDDNode(1,u_30) MDDNode(1,u_31), remove node: MDDNode(1,u_14)
layer 1 incoming edges: 29
split the incoming edges: 29 14 15
the value pair of raw_data is: 492
split the outgoings edges: 135 84 53 137
add node: MDDNode(1,u_32) MDDNode(1,u_33), remove node: MDDNode(1,u_15)
layer 1 incoming edges: 25
split the incoming edges: 25 11 14
the value pair of raw_data is: 492
split the outgoings edges: 111 44 67 111
add node: MDDNode(1,u_34) MDDNode(1,u_35), remove node: MDDNode(1,u_16)
layer 1 incoming edges: 30
split the incoming edges: 30 11 19
the value pair of raw_data is: 492
split the outgoings edges: 147 51 96 147
add node: MDDNode(1,u_36) MDDNode(1,u_37), remove node: MDDNode(1,u_17)
2 4 64
layer 2 incoming edges: 127
split the incoming edges: 127 69 58
the value pair of raw_data is: 6265
split the outgoings edges: 86 81 82 163
add node: MDDNode(2,u_38) MDDNode(2,u_39), remove node: MDDNode(2,u_18)
layer 2 incoming edges: 114
split the incoming edges: 114 47 67
the value pair of raw_data is: 6265
split the outgoings edges: 87 76 83 159
add node: MDDNode(2,u_40) MDDNode(2,u_41), remove node: MDDNode(2,u_19)
layer 2 incoming edges: 118
split the incoming edges: 118 50 68
the value pair of raw_data is: 6265
split the outgoings edges: 86 79 82 161
add node: MDDNode(2,u_42) MDDNode(2,u_43), remove node: MDDNode(2,u_20)
layer 2 incoming edges: 128
split the incoming edges: 128 74 54
the value pair of raw_data is: 6265
split the outgoings edges: 88 87 82 169
add node: MDDNode(2,u_44) MDDNode(2,u_45), remove node: MDDNode(2,u_21)
3 4 64
layer 3 incoming edges: 169
split the incoming edges: 169 78 91
the value pair of raw_data is: 202
split the outgoings edges: 111 83 91 174
add node: MDDNode(3,u_46) MDDNode(3,u_47), remove node: MDDNode(3,u_22)
layer 3 incoming edges: 176
split the incoming edges: 176 88 88
the value pair of raw_data is: 202
split the outgoings edges: 99 80 83 163
add node: MDDNode(3,u_48) MDDNode(3,u_49), remove node: MDDNode(3,u_23)
layer 3 incoming edges: 162
split the incoming edges: 162 85 77
the value pair of raw_data is: 202
split the outgoings edges: 102 78 77 155
add node: MDDNode(3,u_50) MDDNode(3,u_51), remove node: MDDNode(3,u_24)
layer 3 incoming edges: 145
split the incoming edges: 145 70 75
the value pair of raw_data is: 202
split the outgoings edges: 108 78 96 174
add node: MDDNode(3,u_52) MDDNode(3,u_53), remove node: MDDNode(3,u_25)
4 4 64
layer 4 incoming edges: 151
split the incoming edges: 151 73 78
the value pair of raw_data is: 161
split the outgoings edges: 1 1 1 2
add node: MDDNode(4,u_54) MDDNode(4,u_55), remove node: MDDNode(4,u_26)
layer 4 incoming edges: 161
split the incoming edges: 161 78 83
the value pair of raw_data is: 161
split the outgoings edges: 1 1 1 2
add node: MDDNode(4,u_56) MDDNode(4,u_57), remove node: MDDNode(4,u_27)
layer 4 incoming edges: 175
split the incoming edges: 175 83 92
the value pair of raw_data is: 161
split the outgoings edges: 1 1 1 2
add node: MDDNode(4,u_58) MDDNode(4,u_59), remove node: MDDNode(4,u_28)
layer 4 incoming edges: 179
split the incoming edges: 179 92 87
the value pair of raw_data is: 161
split the outgoings edges: 1 1 1 2
add node: MDDNode(4,u_60) MDDNode(4,u_61), remove node: MDDNode(4,u_29)
1 8 64
layer 1 incoming edges: 13
split the incoming edges: 13 6 7
the value pair of raw_data is: 492
split the outgoings edges: 45 25 20 45
add node: MDDNode(1,u_62) MDDNode(1,u_63), remove node: MDDNode(1,u_30)
layer 1 incoming edges: 14
split the incoming edges: 14 9 5
the value pair of raw_data is: 492
split the outgoings edges: 47 34 15 49
add node: MDDNode(1,u_64) MDDNode(1,u_65), remove node: MDDNode(1,u_31)
layer 1 incoming edges: 14
split the incoming edges: 14 9 5
the value pair of raw_data is: 492
split the outgoings edges: 84 64 20 84
add node: MDDNode(1,u_66) MDDNode(1,u_67), remove node: MDDNode(1,u_32)
layer 1 incoming edges: 15
split the incoming edges: 15 8 7
the value pair of raw_data is: 492
split the outgoings edges: 53 34 19 53
add node: MDDNode(1,u_68) MDDNode(1,u_69), remove node: MDDNode(1,u_33)
layer 1 incoming edges: 11
split the incoming edges: 11 7 4
the value pair of raw_data is: 492
split the outgoings edges: 44 25 19 44
add node: MDDNode(1,u_70) MDDNode(1,u_71), remove node: MDDNode(1,u_34)
layer 1 incoming edges: 14
split the incoming edges: 14 9 5
the value pair of raw_data is: 492
split the outgoings edges: 67 45 23 68
add node: MDDNode(1,u_72) MDDNode(1,u_73), remove node: MDDNode(1,u_35)
layer 1 incoming edges: 11
split the incoming edges: 11 6 5
the value pair of raw_data is: 492
split the outgoings edges: 51 18 33 51
add node: MDDNode(1,u_74) MDDNode(1,u_75), remove node: MDDNode(1,u_36)
layer 1 incoming edges: 19
split the incoming edges: 19 12 7
the value pair of raw_data is: 492
split the outgoings edges: 96 49 47 96
add node: MDDNode(1,u_76) MDDNode(1,u_77), remove node: MDDNode(1,u_37)
2 8 64
layer 2 incoming edges: 69
split the incoming edges: 69 33 36
the value pair of raw_data is: 6265
split the outgoings edges: 81 62 81 143
add node: MDDNode(2,u_78) MDDNode(2,u_79), remove node: MDDNode(2,u_38)
layer 2 incoming edges: 59
split the incoming edges: 59 28 31
the value pair of raw_data is: 6265
split the outgoings edges: 82 73 79 152
add node: MDDNode(2,u_80) MDDNode(2,u_81), remove node: MDDNode(2,u_39)
layer 2 incoming edges: 47
split the incoming edges: 47 22 25
the value pair of raw_data is: 6265
split the outgoings edges: 76 65 70 135
add node: MDDNode(2,u_82) MDDNode(2,u_83), remove node: MDDNode(2,u_40)
layer 2 incoming edges: 68
split the incoming edges: 68 33 35
the value pair of raw_data is: 6265
split the outgoings edges: 83 71 78 149
add node: MDDNode(2,u_84) MDDNode(2,u_85), remove node: MDDNode(2,u_41)
layer 2 incoming edges: 50
split the incoming edges: 50 22 28
the value pair of raw_data is: 6265
split the outgoings edges: 79 71 75 146
add node: MDDNode(2,u_86) MDDNode(2,u_87), remove node: MDDNode(2,u_42)
layer 2 incoming edges: 69
split the incoming edges: 69 35 34
the value pair of raw_data is: 6265
split the outgoings edges: 82 72 78 150
add node: MDDNode(2,u_88) MDDNode(2,u_89), remove node: MDDNode(2,u_43)
layer 2 incoming edges: 74
split the incoming edges: 74 40 34
the value pair of raw_data is: 6265
split the outgoings edges: 87 81 79 160
add node: MDDNode(2,u_90) MDDNode(2,u_91), remove node: MDDNode(2,u_44)
layer 2 incoming edges: 54
split the incoming edges: 54 28 26
the value pair of raw_data is: 6265
split the outgoings edges: 82 78 73 151
add node: MDDNode(2,u_92) MDDNode(2,u_93), remove node: MDDNode(2,u_45)
3 8 64
layer 3 incoming edges: 143
split the incoming edges: 143 73 70
the value pair of raw_data is: 202
split the outgoings edges: 83 77 67 144
add node: MDDNode(3,u_94) MDDNode(3,u_95), remove node: MDDNode(3,u_46)
layer 3 incoming edges: 164
split the incoming edges: 164 74 90
the value pair of raw_data is: 202
split the outgoings edges: 91 76 81 157
add node: MDDNode(3,u_96) MDDNode(3,u_97), remove node: MDDNode(3,u_47)
layer 3 incoming edges: 165
split the incoming edges: 165 90 75
the value pair of raw_data is: 202
split the outgoings edges: 80 62 70 132
add node: MDDNode(3,u_98) MDDNode(3,u_99), remove node: MDDNode(3,u_48)
layer 3 incoming edges: 157
split the incoming edges: 157 69 88
the value pair of raw_data is: 202
split the outgoings edges: 83 72 79 151
add node: MDDNode(3,u_100) MDDNode(3,u_101), remove node: MDDNode(3,u_49)
layer 3 incoming edges: 155
split the incoming edges: 155 80 75
the value pair of raw_data is: 202
split the outgoings edges: 78 70 59 129
add node: MDDNode(3,u_102) MDDNode(3,u_103), remove node: MDDNode(3,u_50)
layer 3 incoming edges: 140
split the incoming edges: 140 73 67
the value pair of raw_data is: 202
split the outgoings edges: 77 67 66 133
add node: MDDNode(3,u_104) MDDNode(3,u_105), remove node: MDDNode(3,u_51)
layer 3 incoming edges: 127
split the incoming edges: 127 51 76
the value pair of raw_data is: 202
split the outgoings edges: 78 63 71 134
add node: MDDNode(3,u_106) MDDNode(3,u_107), remove node: MDDNode(3,u_52)
layer 3 incoming edges: 135
split the incoming edges: 135 77 58
the value pair of raw_data is: 202
split the outgoings edges: 96 83 86 169
add node: MDDNode(3,u_108) MDDNode(3,u_109), remove node: MDDNode(3,u_53)
4 8 64
layer 4 incoming edges: 128
split the incoming edges: 128 65 63
the value pair of raw_data is: 161
split the outgoings edges: 1 1 1 2
add node: MDDNode(4,u_110) MDDNode(4,u_111), remove node: MDDNode(4,u_54)
layer 4 incoming edges: 136
split the incoming edges: 136 70 66
the value pair of raw_data is: 161
split the outgoings edges: 1 1 1 2
add node: MDDNode(4,u_112) MDDNode(4,u_113), remove node: MDDNode(4,u_55)
layer 4 incoming edges: 138
split the incoming edges: 138 66 72
the value pair of raw_data is: 161
split the outgoings edges: 1 1 1 2
add node: MDDNode(4,u_114) MDDNode(4,u_115), remove node: MDDNode(4,u_56)
layer 4 incoming edges: 136
split the incoming edges: 136 70 66
the value pair of raw_data is: 161
split the outgoings edges: 1 1 1 2
add node: MDDNode(4,u_116) MDDNode(4,u_117), remove node: MDDNode(4,u_57)
layer 4 incoming edges: 147
split the incoming edges: 147 79 68
the value pair of raw_data is: 161
split the outgoings edges: 1 1 1 2
add node: MDDNode(4,u_118) MDDNode(4,u_119), remove node: MDDNode(4,u_58)
layer 4 incoming edges: 162
split the incoming edges: 162 80 82
the value pair of raw_data is: 161
split the outgoings edges: 1 1 1 2
add node: MDDNode(4,u_120) MDDNode(4,u_121), remove node: MDDNode(4,u_59)
layer 4 incoming edges: 157
split the incoming edges: 157 75 82
the value pair of raw_data is: 161
split the outgoings edges: 1 1 1 2
add node: MDDNode(4,u_122) MDDNode(4,u_123), remove node: MDDNode(4,u_60)
layer 4 incoming edges: 145
split the incoming edges: 145 71 74
the value pair of raw_data is: 161
split the outgoings edges: 1 1 1 2
add node: MDDNode(4,u_124) MDDNode(4,u_125), remove node: MDDNode(4,u_61)
1 16 64
layer 1 incoming edges: 6
split the incoming edges: 6 2 4
the value pair of raw_data is: 492
split the outgoings edges: 25 3 22 25
add node: MDDNode(1,u_126) MDDNode(1,u_127), remove node: MDDNode(1,u_62)
layer 1 incoming edges: 7
split the incoming edges: 7 4 3
the value pair of raw_data is: 492
split the outgoings edges: 20 11 9 20
add node: MDDNode(1,u_128) MDDNode(1,u_129), remove node: MDDNode(1,u_63)
layer 1 incoming edges: 9
split the incoming edges: 9 5 4
the value pair of raw_data is: 492
split the outgoings edges: 34 21 13 34
add node: MDDNode(1,u_130) MDDNode(1,u_131), remove node: MDDNode(1,u_64)
layer 1 incoming edges: 5
split the incoming edges: 5 2 3
the value pair of raw_data is: 492
split the outgoings edges: 15 5 10 15
add node: MDDNode(1,u_132) MDDNode(1,u_133), remove node: MDDNode(1,u_65)
layer 1 incoming edges: 9
split the incoming edges: 9 3 6
the value pair of raw_data is: 492
split the outgoings edges: 64 17 47 64
add node: MDDNode(1,u_134) MDDNode(1,u_135), remove node: MDDNode(1,u_66)
layer 1 incoming edges: 5
split the incoming edges: 5 2 3
the value pair of raw_data is: 492
split the outgoings edges: 20 11 9 20
add node: MDDNode(1,u_136) MDDNode(1,u_137), remove node: MDDNode(1,u_67)
layer 1 incoming edges: 8
split the incoming edges: 8 1 7
the value pair of raw_data is: 492
split the outgoings edges: 34 6 28 34
add node: MDDNode(1,u_138) MDDNode(1,u_139), remove node: MDDNode(1,u_68)
layer 1 incoming edges: 7
split the incoming edges: 7 2 5
the value pair of raw_data is: 492
split the outgoings edges: 19 4 15 19
add node: MDDNode(1,u_140) MDDNode(1,u_141), remove node: MDDNode(1,u_69)
layer 1 incoming edges: 7
split the incoming edges: 7 2 5
the value pair of raw_data is: 492
split the outgoings edges: 25 6 19 25
add node: MDDNode(1,u_142) MDDNode(1,u_143), remove node: MDDNode(1,u_70)
layer 1 incoming edges: 4
split the incoming edges: 4 1 3
the value pair of raw_data is: 492
split the outgoings edges: 19 14 5 19
add node: MDDNode(1,u_144) MDDNode(1,u_145), remove node: MDDNode(1,u_71)
layer 1 incoming edges: 9
split the incoming edges: 9 6 3
the value pair of raw_data is: 492
split the outgoings edges: 45 34 11 45
add node: MDDNode(1,u_146) MDDNode(1,u_147), remove node: MDDNode(1,u_72)
layer 1 incoming edges: 5
split the incoming edges: 5 2 3
the value pair of raw_data is: 492
split the outgoings edges: 23 9 14 23
add node: MDDNode(1,u_148) MDDNode(1,u_149), remove node: MDDNode(1,u_73)
layer 1 incoming edges: 6
split the incoming edges: 6 4 2
the value pair of raw_data is: 492
split the outgoings edges: 18 10 8 18
add node: MDDNode(1,u_150) MDDNode(1,u_151), remove node: MDDNode(1,u_74)
layer 1 incoming edges: 5
split the incoming edges: 5 3 2
the value pair of raw_data is: 492
split the outgoings edges: 33 22 11 33
add node: MDDNode(1,u_152) MDDNode(1,u_153), remove node: MDDNode(1,u_75)
layer 1 incoming edges: 12
split the incoming edges: 12 6 6
the value pair of raw_data is: 492
split the outgoings edges: 49 25 24 49
add node: MDDNode(1,u_154) MDDNode(1,u_155), remove node: MDDNode(1,u_76)
layer 1 incoming edges: 7
split the incoming edges: 7 4 3
the value pair of raw_data is: 492
split the outgoings edges: 47 33 14 47
add node: MDDNode(1,u_156) MDDNode(1,u_157), remove node: MDDNode(1,u_77)
2 16 64
layer 2 incoming edges: 33
split the incoming edges: 33 22 11
the value pair of raw_data is: 6265
split the outgoings edges: 62 55 55 110
add node: MDDNode(2,u_158) MDDNode(2,u_159), remove node: MDDNode(2,u_78)
layer 2 incoming edges: 36
split the incoming edges: 36 21 15
the value pair of raw_data is: 6265
split the outgoings edges: 81 74 65 139
add node: MDDNode(2,u_160) MDDNode(2,u_161), remove node: MDDNode(2,u_79)
layer 2 incoming edges: 28
split the incoming edges: 28 18 10
the value pair of raw_data is: 6265
split the outgoings edges: 73 65 59 124
add node: MDDNode(2,u_162) MDDNode(2,u_163), remove node: MDDNode(2,u_80)
layer 2 incoming edges: 31
split the incoming edges: 31 18 13
the value pair of raw_data is: 6265
split the outgoings edges: 79 64 70 134
add node: MDDNode(2,u_164) MDDNode(2,u_165), remove node: MDDNode(2,u_81)
layer 2 incoming edges: 22
split the incoming edges: 22 7 15
the value pair of raw_data is: 6265
split the outgoings edges: 65 40 59 99
add node: MDDNode(2,u_166) MDDNode(2,u_167), remove node: MDDNode(2,u_82)
layer 2 incoming edges: 25
split the incoming edges: 25 11 14
the value pair of raw_data is: 6265
split the outgoings edges: 70 46 63 109
add node: MDDNode(2,u_168) MDDNode(2,u_169), remove node: MDDNode(2,u_83)
layer 2 incoming edges: 33
split the incoming edges: 33 16 17
the value pair of raw_data is: 6265
split the outgoings edges: 71 68 55 123
add node: MDDNode(2,u_170) MDDNode(2,u_171), remove node: MDDNode(2,u_84)
layer 2 incoming edges: 35
split the incoming edges: 35 22 13
the value pair of raw_data is: 6265
split the outgoings edges: 78 73 56 129
add node: MDDNode(2,u_172) MDDNode(2,u_173), remove node: MDDNode(2,u_85)
layer 2 incoming edges: 22
split the incoming edges: 22 10 12
the value pair of raw_data is: 6265
split the outgoings edges: 71 49 68 117
add node: MDDNode(2,u_174) MDDNode(2,u_175), remove node: MDDNode(2,u_86)
layer 2 incoming edges: 28
split the incoming edges: 28 14 14
the value pair of raw_data is: 6265
split the outgoings edges: 75 67 64 131
add node: MDDNode(2,u_176) MDDNode(2,u_177), remove node: MDDNode(2,u_87)
layer 2 incoming edges: 35
split the incoming edges: 35 17 18
the value pair of raw_data is: 6265
split the outgoings edges: 72 69 57 126
add node: MDDNode(2,u_178) MDDNode(2,u_179), remove node: MDDNode(2,u_88)
layer 2 incoming edges: 34
split the incoming edges: 34 17 17
the value pair of raw_data is: 6265
split the outgoings edges: 78 64 73 137
add node: MDDNode(2,u_180) MDDNode(2,u_181), remove node: MDDNode(2,u_89)
layer 2 incoming edges: 40
split the incoming edges: 40 14 26
the value pair of raw_data is: 6265
split the outgoings edges: 81 67 75 142
add node: MDDNode(2,u_182) MDDNode(2,u_183), remove node: MDDNode(2,u_90)
layer 2 incoming edges: 34
split the incoming edges: 34 18 16
the value pair of raw_data is: 6265
split the outgoings edges: 79 67 74 141
add node: MDDNode(2,u_184) MDDNode(2,u_185), remove node: MDDNode(2,u_91)
layer 2 incoming edges: 28
split the incoming edges: 28 13 15
the value pair of raw_data is: 6265
split the outgoings edges: 78 71 65 136
add node: MDDNode(2,u_186) MDDNode(2,u_187), remove node: MDDNode(2,u_92)
layer 2 incoming edges: 26
split the incoming edges: 26 11 15
the value pair of raw_data is: 6265
split the outgoings edges: 73 44 69 113
add node: MDDNode(2,u_188) MDDNode(2,u_189), remove node: MDDNode(2,u_93)
3 16 64
layer 3 incoming edges: 128
split the incoming edges: 128 57 71
the value pair of raw_data is: 202
split the outgoings edges: 77 61 68 129
add node: MDDNode(3,u_190) MDDNode(3,u_191), remove node: MDDNode(3,u_94)
layer 3 incoming edges: 124
split the incoming edges: 124 51 73
the value pair of raw_data is: 202
split the outgoings edges: 67 57 63 120
add node: MDDNode(3,u_192) MDDNode(3,u_193), remove node: MDDNode(3,u_95)
layer 3 incoming edges: 120
split the incoming edges: 120 58 62
the value pair of raw_data is: 202
split the outgoings edges: 76 63 61 124
add node: MDDNode(3,u_194) MDDNode(3,u_195), remove node: MDDNode(3,u_96)
layer 3 incoming edges: 162
split the incoming edges: 162 90 72
the value pair of raw_data is: 202
split the outgoings edges: 81 72 68 140
add node: MDDNode(3,u_196) MDDNode(3,u_197), remove node: MDDNode(3,u_97)
layer 3 incoming edges: 150
split the incoming edges: 150 72 78
the value pair of raw_data is: 202
split the outgoings edges: 62 49 61 110
add node: MDDNode(3,u_198) MDDNode(3,u_199), remove node: MDDNode(3,u_98)
layer 3 incoming edges: 124
split the incoming edges: 124 62 62
the value pair of raw_data is: 202
split the outgoings edges: 70 61 51 112
add node: MDDNode(3,u_200) MDDNode(3,u_201), remove node: MDDNode(3,u_99)
layer 3 incoming edges: 114
split the incoming edges: 114 51 63
the value pair of raw_data is: 202
split the outgoings edges: 72 58 66 124
add node: MDDNode(3,u_202) MDDNode(3,u_203), remove node: MDDNode(3,u_100)
layer 3 incoming edges: 147
split the incoming edges: 147 81 66
the value pair of raw_data is: 202
split the outgoings edges: 79 69 68 137
add node: MDDNode(3,u_204) MDDNode(3,u_205), remove node: MDDNode(3,u_101)
layer 3 incoming edges: 134
split the incoming edges: 134 77 57
the value pair of raw_data is: 202
split the outgoings edges: 70 66 51 117
add node: MDDNode(3,u_206) MDDNode(3,u_207), remove node: MDDNode(3,u_102)
layer 3 incoming edges: 129
split the incoming edges: 129 68 61
the value pair of raw_data is: 202
split the outgoings edges: 59 49 51 100
add node: MDDNode(3,u_208) MDDNode(3,u_209), remove node: MDDNode(3,u_103)
layer 3 incoming edges: 121
split the incoming edges: 121 69 52
the value pair of raw_data is: 202
split the outgoings edges: 67 59 49 108
add node: MDDNode(3,u_210) MDDNode(3,u_211), remove node: MDDNode(3,u_104)
layer 3 incoming edges: 114
split the incoming edges: 114 65 49
the value pair of raw_data is: 202
split the outgoings edges: 66 49 52 101
add node: MDDNode(3,u_212) MDDNode(3,u_213), remove node: MDDNode(3,u_105)
layer 3 incoming edges: 86
split the incoming edges: 86 47 39
the value pair of raw_data is: 202
split the outgoings edges: 63 55 43 98
add node: MDDNode(3,u_214) MDDNode(3,u_215), remove node: MDDNode(3,u_106)
layer 3 incoming edges: 130
split the incoming edges: 130 63 67
the value pair of raw_data is: 202
split the outgoings edges: 71 60 61 121
add node: MDDNode(3,u_216) MDDNode(3,u_217), remove node: MDDNode(3,u_107)
layer 3 incoming edges: 130
split the incoming edges: 130 64 66
the value pair of raw_data is: 202
split the outgoings edges: 83 73 68 141
add node: MDDNode(3,u_218) MDDNode(3,u_219), remove node: MDDNode(3,u_108)
layer 3 incoming edges: 97
split the incoming edges: 97 49 48
the value pair of raw_data is: 202
split the outgoings edges: 86 63 72 135
add node: MDDNode(3,u_220) MDDNode(3,u_221), remove node: MDDNode(3,u_109)
4 16 64
layer 4 incoming edges: 114
split the incoming edges: 114 64 50
the value pair of raw_data is: 161
split the outgoings edges: 1 1 1 2
add node: MDDNode(4,u_222) MDDNode(4,u_223), remove node: MDDNode(4,u_110)
layer 4 incoming edges: 111
split the incoming edges: 111 50 61
the value pair of raw_data is: 161
split the outgoings edges: 1 1 1 2
add node: MDDNode(4,u_224) MDDNode(4,u_225), remove node: MDDNode(4,u_111)
layer 4 incoming edges: 118
split the incoming edges: 118 70 48
the value pair of raw_data is: 161
split the outgoings edges: 1 1 1 2
add node: MDDNode(4,u_226) MDDNode(4,u_227), remove node: MDDNode(4,u_112)
layer 4 incoming edges: 117
split the incoming edges: 117 55 62
the value pair of raw_data is: 161
split the outgoings edges: 1 1 1 2
add node: MDDNode(4,u_228) MDDNode(4,u_229), remove node: MDDNode(4,u_113)
layer 4 incoming edges: 111
split the incoming edges: 111 52 59
the value pair of raw_data is: 161
split the outgoings edges: 1 1 1 2
add node: MDDNode(4,u_230) MDDNode(4,u_231), remove node: MDDNode(4,u_114)
layer 4 incoming edges: 122
split the incoming edges: 122 66 56
the value pair of raw_data is: 161
split the outgoings edges: 1 1 1 2
add node: MDDNode(4,u_232) MDDNode(4,u_233), remove node: MDDNode(4,u_115)
layer 4 incoming edges: 118
split the incoming edges: 118 60 58
the value pair of raw_data is: 161
split the outgoings edges: 1 1 1 2
add node: MDDNode(4,u_234) MDDNode(4,u_235), remove node: MDDNode(4,u_116)
layer 4 incoming edges: 104
split the incoming edges: 104 46 58
the value pair of raw_data is: 161
split the outgoings edges: 1 1 1 2
add node: MDDNode(4,u_236) MDDNode(4,u_237), remove node: MDDNode(4,u_117)
layer 4 incoming edges: 139
split the incoming edges: 139 70 69
the value pair of raw_data is: 161
split the outgoings edges: 1 1 1 2
add node: MDDNode(4,u_238) MDDNode(4,u_239), remove node: MDDNode(4,u_118)
layer 4 incoming edges: 108
split the incoming edges: 108 50 58
the value pair of raw_data is: 161
split the outgoings edges: 1 1 1 2
add node: MDDNode(4,u_240) MDDNode(4,u_241), remove node: MDDNode(4,u_119)
layer 4 incoming edges: 128
split the incoming edges: 128 69 59
the value pair of raw_data is: 161
split the outgoings edges: 1 1 1 2
add node: MDDNode(4,u_242) MDDNode(4,u_243), remove node: MDDNode(4,u_120)
layer 4 incoming edges: 131
split the incoming edges: 131 72 59
the value pair of raw_data is: 161
split the outgoings edges: 1 1 1 2
add node: MDDNode(4,u_244) MDDNode(4,u_245), remove node: MDDNode(4,u_121)
layer 4 incoming edges: 127
split the incoming edges: 127 73 54
the value pair of raw_data is: 161
split the outgoings edges: 1 1 1 2
add node: MDDNode(4,u_246) MDDNode(4,u_247), remove node: MDDNode(4,u_122)
layer 4 incoming edges: 131
split the incoming edges: 131 62 69
the value pair of raw_data is: 161
split the outgoings edges: 1 1 1 2
add node: MDDNode(4,u_248) MDDNode(4,u_249), remove node: MDDNode(4,u_123)
layer 4 incoming edges: 120
split the incoming edges: 120 59 61
the value pair of raw_data is: 161
split the outgoings edges: 1 1 1 2
add node: MDDNode(4,u_250) MDDNode(4,u_251), remove node: MDDNode(4,u_124)
layer 4 incoming edges: 118
split the incoming edges: 118 65 53
the value pair of raw_data is: 161
split the outgoings edges: 1 1 1 2
add node: MDDNode(4,u_252) MDDNode(4,u_253), remove node: MDDNode(4,u_125)
1 32 64
layer 1 incoming edges: 2
split the incoming edges: 2 1 1
the value pair of raw_data is: 492
split the outgoings edges: 3 2 1 3
add node: MDDNode(1,u_254) MDDNode(1,u_255), remove node: MDDNode(1,u_126)
layer 1 incoming edges: 4
split the incoming edges: 4 1 3
the value pair of raw_data is: 492
split the outgoings edges: 22 9 13 22
add node: MDDNode(1,u_256) MDDNode(1,u_257), remove node: MDDNode(1,u_127)
layer 1 incoming edges: 4
split the incoming edges: 4 1 3
the value pair of raw_data is: 492
split the outgoings edges: 11 6 5 11
add node: MDDNode(1,u_258) MDDNode(1,u_259), remove node: MDDNode(1,u_128)
layer 1 incoming edges: 3
split the incoming edges: 3 2 1
the value pair of raw_data is: 492
split the outgoings edges: 9 6 3 9
add node: MDDNode(1,u_260) MDDNode(1,u_261), remove node: MDDNode(1,u_129)
layer 1 incoming edges: 5
split the incoming edges: 5 3 2
the value pair of raw_data is: 492
split the outgoings edges: 21 15 8 23
add node: MDDNode(1,u_262) MDDNode(1,u_263), remove node: MDDNode(1,u_130)
layer 1 incoming edges: 4
split the incoming edges: 4 3 1
the value pair of raw_data is: 492
split the outgoings edges: 13 11 2 13
add node: MDDNode(1,u_264) MDDNode(1,u_265), remove node: MDDNode(1,u_131)
layer 1 incoming edges: 2
split the incoming edges: 2 1 1
the value pair of raw_data is: 492
split the outgoings edges: 5 4 1 5
add node: MDDNode(1,u_266) MDDNode(1,u_267), remove node: MDDNode(1,u_132)
layer 1 incoming edges: 3
split the incoming edges: 3 1 2
the value pair of raw_data is: 492
split the outgoings edges: 10 2 8 10
add node: MDDNode(1,u_268) MDDNode(1,u_269), remove node: MDDNode(1,u_133)
layer 1 incoming edges: 3
split the incoming edges: 3 2 1
the value pair of raw_data is: 492
split the outgoings edges: 17 9 8 17
add node: MDDNode(1,u_270) MDDNode(1,u_271), remove node: MDDNode(1,u_134)
layer 1 incoming edges: 6
split the incoming edges: 6 4 2
the value pair of raw_data is: 492
split the outgoings edges: 47 35 12 47
add node: MDDNode(1,u_272) MDDNode(1,u_273), remove node: MDDNode(1,u_135)
layer 1 incoming edges: 2
split the incoming edges: 2 1 1
the value pair of raw_data is: 492
split the outgoings edges: 11 4 7 11
add node: MDDNode(1,u_274) MDDNode(1,u_275), remove node: MDDNode(1,u_136)
layer 1 incoming edges: 3
one of splitted has no income edge:3 0
layer 1 incoming edges: 1
one of splitted has no income edge:0 1
layer 1 incoming edges: 7
split the incoming edges: 7 1 6
the value pair of raw_data is: 492
split the outgoings edges: 28 1 27 28
add node: MDDNode(1,u_276) MDDNode(1,u_277), remove node: MDDNode(1,u_139)
layer 1 incoming edges: 2
one of splitted has no income edge:2 0
layer 1 incoming edges: 5
split the incoming edges: 5 2 3
the value pair of raw_data is: 492
split the outgoings edges: 15 8 7 15
add node: MDDNode(1,u_278) MDDNode(1,u_279), remove node: MDDNode(1,u_141)
layer 1 incoming edges: 2
one of splitted has no income edge:0 2
layer 1 incoming edges: 5
split the incoming edges: 5 2 3
the value pair of raw_data is: 492
split the outgoings edges: 19 7 12 19
add node: MDDNode(1,u_280) MDDNode(1,u_281), remove node: MDDNode(1,u_143)
layer 1 incoming edges: 1
one of splitted has no income edge:0 1
layer 1 incoming edges: 3
one of splitted has no income edge:3 0
layer 1 incoming edges: 6
split the incoming edges: 6 3 3
the value pair of raw_data is: 492
split the outgoings edges: 34 10 24 34
add node: MDDNode(1,u_282) MDDNode(1,u_283), remove node: MDDNode(1,u_146)
layer 1 incoming edges: 3
one of splitted has no income edge:3 0
layer 1 incoming edges: 2
one of splitted has no income edge:0 2
layer 1 incoming edges: 3
split the incoming edges: 3 2 1
the value pair of raw_data is: 492
split the outgoings edges: 14 9 5 14
add node: MDDNode(1,u_284) MDDNode(1,u_285), remove node: MDDNode(1,u_149)
layer 1 incoming edges: 4
split the incoming edges: 4 3 1
the value pair of raw_data is: 492
split the outgoings edges: 10 8 2 10
add node: MDDNode(1,u_286) MDDNode(1,u_287), remove node: MDDNode(1,u_150)
layer 1 incoming edges: 2
split the incoming edges: 2 1 1
the value pair of raw_data is: 492
split the outgoings edges: 8 2 6 8
add node: MDDNode(1,u_288) MDDNode(1,u_289), remove node: MDDNode(1,u_151)
layer 1 incoming edges: 3
one of splitted has no income edge:0 3
layer 1 incoming edges: 2
one of splitted has no income edge:0 2
layer 1 incoming edges: 6
split the incoming edges: 6 4 2
the value pair of raw_data is: 492
split the outgoings edges: 25 15 10 25
add node: MDDNode(1,u_290) MDDNode(1,u_291), remove node: MDDNode(1,u_154)
layer 1 incoming edges: 6
split the incoming edges: 6 3 3
the value pair of raw_data is: 492
split the outgoings edges: 24 11 13 24
add node: MDDNode(1,u_292) MDDNode(1,u_293), remove node: MDDNode(1,u_155)
layer 1 incoming edges: 4
split the incoming edges: 4 1 3
the value pair of raw_data is: 492
split the outgoings edges: 33 6 27 33
add node: MDDNode(1,u_294) MDDNode(1,u_295), remove node: MDDNode(1,u_156)
layer 1 incoming edges: 3
split the incoming edges: 3 2 1
the value pair of raw_data is: 492
split the outgoings edges: 14 3 11 14
add node: MDDNode(1,u_296) MDDNode(1,u_297), remove node: MDDNode(1,u_157)
2 32 64
layer 2 incoming edges: 22
split the incoming edges: 22 12 10
the value pair of raw_data is: 6265
split the outgoings edges: 55 48 42 90
add node: MDDNode(2,u_298) MDDNode(2,u_299), remove node: MDDNode(2,u_158)
layer 2 incoming edges: 11
split the incoming edges: 11 6 5
the value pair of raw_data is: 6265
split the outgoings edges: 55 48 46 94
add node: MDDNode(2,u_300) MDDNode(2,u_301), remove node: MDDNode(2,u_159)
layer 2 incoming edges: 21
split the incoming edges: 21 10 11
the value pair of raw_data is: 6265
split the outgoings edges: 74 55 67 122
add node: MDDNode(2,u_302) MDDNode(2,u_303), remove node: MDDNode(2,u_160)
layer 2 incoming edges: 15
split the incoming edges: 15 3 12
the value pair of raw_data is: 6265
split the outgoings edges: 65 22 62 84
add node: MDDNode(2,u_304) MDDNode(2,u_305), remove node: MDDNode(2,u_161)
layer 2 incoming edges: 18
split the incoming edges: 18 11 7
the value pair of raw_data is: 6265
split the outgoings edges: 65 51 52 103
add node: MDDNode(2,u_306) MDDNode(2,u_307), remove node: MDDNode(2,u_162)
layer 2 incoming edges: 10
split the incoming edges: 10 4 6
the value pair of raw_data is: 6265
split the outgoings edges: 59 33 58 91
add node: MDDNode(2,u_308) MDDNode(2,u_309), remove node: MDDNode(2,u_163)
layer 2 incoming edges: 18
split the incoming edges: 18 12 6
the value pair of raw_data is: 6265
split the outgoings edges: 64 56 45 101
add node: MDDNode(2,u_310) MDDNode(2,u_311), remove node: MDDNode(2,u_164)
layer 2 incoming edges: 13
split the incoming edges: 13 4 9
the value pair of raw_data is: 6265
split the outgoings edges: 70 49 60 109
add node: MDDNode(2,u_312) MDDNode(2,u_313), remove node: MDDNode(2,u_165)
layer 2 incoming edges: 7
split the incoming edges: 7 3 4
the value pair of raw_data is: 6265
split the outgoings edges: 40 24 35 59
add node: MDDNode(2,u_314) MDDNode(2,u_315), remove node: MDDNode(2,u_166)
layer 2 incoming edges: 15
split the incoming edges: 15 8 7
the value pair of raw_data is: 6265
split the outgoings edges: 59 50 43 93
add node: MDDNode(2,u_316) MDDNode(2,u_317), remove node: MDDNode(2,u_167)
layer 2 incoming edges: 11
split the incoming edges: 11 4 7
the value pair of raw_data is: 6265
split the outgoings edges: 46 36 27 63
add node: MDDNode(2,u_318) MDDNode(2,u_319), remove node: MDDNode(2,u_168)
layer 2 incoming edges: 14
split the incoming edges: 14 7 7
the value pair of raw_data is: 6265
split the outgoings edges: 63 49 57 106
add node: MDDNode(2,u_320) MDDNode(2,u_321), remove node: MDDNode(2,u_169)
layer 2 incoming edges: 16
split the incoming edges: 16 9 7
the value pair of raw_data is: 6265
split the outgoings edges: 68 55 65 120
add node: MDDNode(2,u_322) MDDNode(2,u_323), remove node: MDDNode(2,u_170)
layer 2 incoming edges: 17
split the incoming edges: 17 8 9
the value pair of raw_data is: 6265
split the outgoings edges: 55 37 48 85
add node: MDDNode(2,u_324) MDDNode(2,u_325), remove node: MDDNode(2,u_171)
layer 2 incoming edges: 22
split the incoming edges: 22 9 13
the value pair of raw_data is: 6265
split the outgoings edges: 73 45 72 117
add node: MDDNode(2,u_326) MDDNode(2,u_327), remove node: MDDNode(2,u_172)
layer 2 incoming edges: 13
split the incoming edges: 13 5 8
the value pair of raw_data is: 6265
split the outgoings edges: 56 39 52 91
add node: MDDNode(2,u_328) MDDNode(2,u_329), remove node: MDDNode(2,u_173)
layer 2 incoming edges: 10
split the incoming edges: 10 3 7
the value pair of raw_data is: 6265
split the outgoings edges: 49 9 48 57
add node: MDDNode(2,u_330) MDDNode(2,u_331), remove node: MDDNode(2,u_174)
layer 2 incoming edges: 12
split the incoming edges: 12 5 7
the value pair of raw_data is: 6265
split the outgoings edges: 68 44 65 109
add node: MDDNode(2,u_332) MDDNode(2,u_333), remove node: MDDNode(2,u_175)
layer 2 incoming edges: 14
split the incoming edges: 14 8 6
the value pair of raw_data is: 6265
split the outgoings edges: 67 65 46 111
add node: MDDNode(2,u_334) MDDNode(2,u_335), remove node: MDDNode(2,u_176)
layer 2 incoming edges: 14
split the incoming edges: 14 5 9
the value pair of raw_data is: 6265
split the outgoings edges: 64 47 55 102
add node: MDDNode(2,u_336) MDDNode(2,u_337), remove node: MDDNode(2,u_177)
layer 2 incoming edges: 17
split the incoming edges: 17 11 6
the value pair of raw_data is: 6265
split the outgoings edges: 69 62 48 110
add node: MDDNode(2,u_338) MDDNode(2,u_339), remove node: MDDNode(2,u_178)
layer 2 incoming edges: 18
split the incoming edges: 18 10 8
the value pair of raw_data is: 6265
split the outgoings edges: 57 52 32 84
add node: MDDNode(2,u_340) MDDNode(2,u_341), remove node: MDDNode(2,u_179)
layer 2 incoming edges: 18
split the incoming edges: 18 8 10
the value pair of raw_data is: 6265
split the outgoings edges: 64 47 62 109
add node: MDDNode(2,u_342) MDDNode(2,u_343), remove node: MDDNode(2,u_180)
layer 2 incoming edges: 17
split the incoming edges: 17 11 6
the value pair of raw_data is: 6265
split the outgoings edges: 73 71 35 106
add node: MDDNode(2,u_344) MDDNode(2,u_345), remove node: MDDNode(2,u_181)
layer 2 incoming edges: 14
split the incoming edges: 14 6 8
the value pair of raw_data is: 6265
split the outgoings edges: 67 52 63 115
add node: MDDNode(2,u_346) MDDNode(2,u_347), remove node: MDDNode(2,u_182)
layer 2 incoming edges: 26
split the incoming edges: 26 12 14
the value pair of raw_data is: 6265
split the outgoings edges: 75 58 72 130
add node: MDDNode(2,u_348) MDDNode(2,u_349), remove node: MDDNode(2,u_183)
layer 2 incoming edges: 18
split the incoming edges: 18 8 10
the value pair of raw_data is: 6265
split the outgoings edges: 67 54 53 107
add node: MDDNode(2,u_350) MDDNode(2,u_351), remove node: MDDNode(2,u_184)
layer 2 incoming edges: 16
split the incoming edges: 16 10 6
the value pair of raw_data is: 6265
split the outgoings edges: 74 68 42 110
add node: MDDNode(2,u_352) MDDNode(2,u_353), remove node: MDDNode(2,u_185)
layer 2 incoming edges: 14
split the incoming edges: 14 5 9
the value pair of raw_data is: 6265
split the outgoings edges: 71 52 64 116
add node: MDDNode(2,u_354) MDDNode(2,u_355), remove node: MDDNode(2,u_186)
layer 2 incoming edges: 15
split the incoming edges: 15 10 5
the value pair of raw_data is: 6265
split the outgoings edges: 65 56 44 100
add node: MDDNode(2,u_356) MDDNode(2,u_357), remove node: MDDNode(2,u_187)
layer 2 incoming edges: 11
split the incoming edges: 11 7 4
the value pair of raw_data is: 6265
split the outgoings edges: 44 37 32 69
add node: MDDNode(2,u_358) MDDNode(2,u_359), remove node: MDDNode(2,u_188)
layer 2 incoming edges: 15
split the incoming edges: 15 13 2
the value pair of raw_data is: 6265
split the outgoings edges: 69 62 40 102
add node: MDDNode(2,u_360) MDDNode(2,u_361), remove node: MDDNode(2,u_189)
3 32 64
layer 3 incoming edges: 91
split the incoming edges: 91 53 38
the value pair of raw_data is: 202
split the outgoings edges: 61 53 50 103
add node: MDDNode(3,u_362) MDDNode(3,u_363), remove node: MDDNode(3,u_190)
layer 3 incoming edges: 113
split the incoming edges: 113 50 63
the value pair of raw_data is: 202
split the outgoings edges: 68 51 55 106
add node: MDDNode(3,u_364) MDDNode(3,u_365), remove node: MDDNode(3,u_191)
layer 3 incoming edges: 86
split the incoming edges: 86 42 44
the value pair of raw_data is: 202
split the outgoings edges: 57 43 46 89
add node: MDDNode(3,u_366) MDDNode(3,u_367), remove node: MDDNode(3,u_192)
layer 3 incoming edges: 119
split the incoming edges: 119 58 61
the value pair of raw_data is: 202
split the outgoings edges: 63 56 50 106
add node: MDDNode(3,u_368) MDDNode(3,u_369), remove node: MDDNode(3,u_193)
layer 3 incoming edges: 93
split the incoming edges: 93 46 47
the value pair of raw_data is: 202
split the outgoings edges: 63 56 49 105
add node: MDDNode(3,u_370) MDDNode(3,u_371), remove node: MDDNode(3,u_194)
layer 3 incoming edges: 101
split the incoming edges: 101 51 50
the value pair of raw_data is: 202
split the outgoings edges: 61 50 53 103
add node: MDDNode(3,u_372) MDDNode(3,u_373), remove node: MDDNode(3,u_195)
layer 3 incoming edges: 145
split the incoming edges: 145 76 69
the value pair of raw_data is: 202
split the outgoings edges: 72 52 59 111
add node: MDDNode(3,u_374) MDDNode(3,u_375), remove node: MDDNode(3,u_196)
layer 3 incoming edges: 118
split the incoming edges: 118 59 59
the value pair of raw_data is: 202
split the outgoings edges: 68 51 67 118
add node: MDDNode(3,u_376) MDDNode(3,u_377), remove node: MDDNode(3,u_197)
layer 3 incoming edges: 111
split the incoming edges: 111 47 64
the value pair of raw_data is: 202
split the outgoings edges: 49 34 46 80
add node: MDDNode(3,u_378) MDDNode(3,u_379), remove node: MDDNode(3,u_198)
layer 3 incoming edges: 113
split the incoming edges: 113 61 52
the value pair of raw_data is: 202
split the outgoings edges: 61 53 47 100
add node: MDDNode(3,u_380) MDDNode(3,u_381), remove node: MDDNode(3,u_199)
layer 3 incoming edges: 91
split the incoming edges: 91 45 46
the value pair of raw_data is: 202
split the outgoings edges: 61 49 37 86
add node: MDDNode(3,u_382) MDDNode(3,u_383), remove node: MDDNode(3,u_200)
layer 3 incoming edges: 96
split the incoming edges: 96 51 45
the value pair of raw_data is: 202
split the outgoings edges: 51 42 34 76
add node: MDDNode(3,u_384) MDDNode(3,u_385), remove node: MDDNode(3,u_201)
layer 3 incoming edges: 75
split the incoming edges: 75 35 40
the value pair of raw_data is: 202
split the outgoings edges: 58 49 44 93
add node: MDDNode(3,u_386) MDDNode(3,u_387), remove node: MDDNode(3,u_202)
layer 3 incoming edges: 101
split the incoming edges: 101 54 47
the value pair of raw_data is: 202
split the outgoings edges: 66 56 52 108
add node: MDDNode(3,u_388) MDDNode(3,u_389), remove node: MDDNode(3,u_203)
layer 3 incoming edges: 127
split the incoming edges: 127 59 68
the value pair of raw_data is: 202
split the outgoings edges: 69 63 65 128
add node: MDDNode(3,u_390) MDDNode(3,u_391), remove node: MDDNode(3,u_204)
layer 3 incoming edges: 102
split the incoming edges: 102 46 56
the value pair of raw_data is: 202
split the outgoings edges: 68 45 54 99
add node: MDDNode(3,u_392) MDDNode(3,u_393), remove node: MDDNode(3,u_205)
layer 3 incoming edges: 119
split the incoming edges: 119 54 65
the value pair of raw_data is: 202
split the outgoings edges: 66 59 53 112
add node: MDDNode(3,u_394) MDDNode(3,u_395), remove node: MDDNode(3,u_206)
layer 3 incoming edges: 92
split the incoming edges: 92 42 50
the value pair of raw_data is: 202
split the outgoings edges: 51 38 40 78
add node: MDDNode(3,u_396) MDDNode(3,u_397), remove node: MDDNode(3,u_207)
layer 3 incoming edges: 105
split the incoming edges: 105 44 61
the value pair of raw_data is: 202
split the outgoings edges: 49 41 46 87
add node: MDDNode(3,u_398) MDDNode(3,u_399), remove node: MDDNode(3,u_208)
layer 3 incoming edges: 102
split the incoming edges: 102 48 54
the value pair of raw_data is: 202
split the outgoings edges: 51 45 41 86
add node: MDDNode(3,u_400) MDDNode(3,u_401), remove node: MDDNode(3,u_209)
layer 3 incoming edges: 116
split the incoming edges: 116 52 64
the value pair of raw_data is: 202
split the outgoings edges: 59 54 45 99
add node: MDDNode(3,u_402) MDDNode(3,u_403), remove node: MDDNode(3,u_210)
layer 3 incoming edges: 80
split the incoming edges: 80 45 35
the value pair of raw_data is: 202
split the outgoings edges: 49 36 38 74
add node: MDDNode(3,u_404) MDDNode(3,u_405), remove node: MDDNode(3,u_211)
layer 3 incoming edges: 105
split the incoming edges: 105 48 57
the value pair of raw_data is: 202
split the outgoings edges: 49 43 36 79
add node: MDDNode(3,u_406) MDDNode(3,u_407), remove node: MDDNode(3,u_212)
layer 3 incoming edges: 72
split the incoming edges: 72 41 31
the value pair of raw_data is: 202
split the outgoings edges: 52 44 30 74
add node: MDDNode(3,u_408) MDDNode(3,u_409), remove node: MDDNode(3,u_213)
layer 3 incoming edges: 68
split the incoming edges: 68 32 36
the value pair of raw_data is: 202
split the outgoings edges: 55 38 39 77
add node: MDDNode(3,u_410) MDDNode(3,u_411), remove node: MDDNode(3,u_214)
layer 3 incoming edges: 64
split the incoming edges: 64 28 36
the value pair of raw_data is: 202
split the outgoings edges: 43 32 37 69
add node: MDDNode(3,u_412) MDDNode(3,u_413), remove node: MDDNode(3,u_215)
layer 3 incoming edges: 102
split the incoming edges: 102 56 46
the value pair of raw_data is: 202
split the outgoings edges: 60 46 47 93
add node: MDDNode(3,u_414) MDDNode(3,u_415), remove node: MDDNode(3,u_216)
layer 3 incoming edges: 107
split the incoming edges: 107 56 51
the value pair of raw_data is: 202
split the outgoings edges: 61 52 41 93
add node: MDDNode(3,u_416) MDDNode(3,u_417), remove node: MDDNode(3,u_217)
layer 3 incoming edges: 96
split the incoming edges: 96 43 53
the value pair of raw_data is: 202
split the outgoings edges: 73 58 61 119
add node: MDDNode(3,u_418) MDDNode(3,u_419), remove node: MDDNode(3,u_218)
layer 3 incoming edges: 101
split the incoming edges: 101 57 44
the value pair of raw_data is: 202
split the outgoings edges: 68 50 61 111
add node: MDDNode(3,u_420) MDDNode(3,u_421), remove node: MDDNode(3,u_219)
layer 3 incoming edges: 79
split the incoming edges: 79 35 44
the value pair of raw_data is: 202
split the outgoings edges: 63 47 53 100
add node: MDDNode(3,u_422) MDDNode(3,u_423), remove node: MDDNode(3,u_220)
layer 3 incoming edges: 75
split the incoming edges: 75 37 38
the value pair of raw_data is: 202
split the outgoings edges: 72 62 55 117
add node: MDDNode(3,u_424) MDDNode(3,u_425), remove node: MDDNode(3,u_221)
4 32 64
layer 4 incoming edges: 96
split the incoming edges: 96 48 48
the value pair of raw_data is: 161
split the outgoings edges: 1 1 1 2
add node: MDDNode(4,u_426) MDDNode(4,u_427), remove node: MDDNode(4,u_222)
layer 4 incoming edges: 77
split the incoming edges: 77 37 40
the value pair of raw_data is: 161
split the outgoings edges: 1 1 1 2
add node: MDDNode(4,u_428) MDDNode(4,u_429), remove node: MDDNode(4,u_223)
layer 4 incoming edges: 81
split the incoming edges: 81 42 39
the value pair of raw_data is: 161
split the outgoings edges: 1 1 1 2
add node: MDDNode(4,u_430) MDDNode(4,u_431), remove node: MDDNode(4,u_224)
layer 4 incoming edges: 98
split the incoming edges: 98 45 53
the value pair of raw_data is: 161
split the outgoings edges: 1 1 1 2
add node: MDDNode(4,u_432) MDDNode(4,u_433), remove node: MDDNode(4,u_225)
layer 4 incoming edges: 113
split the incoming edges: 113 60 53
the value pair of raw_data is: 161
split the outgoings edges: 1 1 1 2
add node: MDDNode(4,u_434) MDDNode(4,u_435), remove node: MDDNode(4,u_226)
layer 4 incoming edges: 78
split the incoming edges: 78 38 40
the value pair of raw_data is: 161
split the outgoings edges: 1 1 1 2
add node: MDDNode(4,u_436) MDDNode(4,u_437), remove node: MDDNode(4,u_227)
layer 4 incoming edges: 92
split the incoming edges: 92 42 50
the value pair of raw_data is: 161
split the outgoings edges: 1 1 1 2
add node: MDDNode(4,u_438) MDDNode(4,u_439), remove node: MDDNode(4,u_228)
layer 4 incoming edges: 102
split the incoming edges: 102 44 58
the value pair of raw_data is: 161
split the outgoings edges: 1 1 1 2
add node: MDDNode(4,u_440) MDDNode(4,u_441), remove node: MDDNode(4,u_229)
layer 4 incoming edges: 84
split the incoming edges: 84 39 45
the value pair of raw_data is: 161
split the outgoings edges: 1 1 1 2
add node: MDDNode(4,u_442) MDDNode(4,u_443), remove node: MDDNode(4,u_230)
layer 4 incoming edges: 93
split the incoming edges: 93 51 42
the value pair of raw_data is: 161
split the outgoings edges: 1 1 1 2
add node: MDDNode(4,u_444) MDDNode(4,u_445), remove node: MDDNode(4,u_231)
layer 4 incoming edges: 109
split the incoming edges: 109 57 52
the value pair of raw_data is: 161
split the outgoings edges: 1 1 1 2
add node: MDDNode(4,u_446) MDDNode(4,u_447), remove node: MDDNode(4,u_232)
layer 4 incoming edges: 86
split the incoming edges: 86 40 46
the value pair of raw_data is: 161
split the outgoings edges: 1 1 1 2
add node: MDDNode(4,u_448) MDDNode(4,u_449), remove node: MDDNode(4,u_233)
layer 4 incoming edges: 93
split the incoming edges: 93 49 44
the value pair of raw_data is: 161
split the outgoings edges: 1 1 1 2
add node: MDDNode(4,u_450) MDDNode(4,u_451), remove node: MDDNode(4,u_234)
layer 4 incoming edges: 92
split the incoming edges: 92 54 38
the value pair of raw_data is: 161
split the outgoings edges: 1 1 1 2
add node: MDDNode(4,u_452) MDDNode(4,u_453), remove node: MDDNode(4,u_235)
layer 4 incoming edges: 70
split the incoming edges: 70 40 30
the value pair of raw_data is: 161
split the outgoings edges: 1 1 1 2
add node: MDDNode(4,u_454) MDDNode(4,u_455), remove node: MDDNode(4,u_236)
layer 4 incoming edges: 94
split the incoming edges: 94 38 56
the value pair of raw_data is: 161
split the outgoings edges: 1 1 1 2
add node: MDDNode(4,u_456) MDDNode(4,u_457), remove node: MDDNode(4,u_237)
layer 4 incoming edges: 114
split the incoming edges: 114 63 51
the value pair of raw_data is: 161
split the outgoings edges: 1 1 1 2
add node: MDDNode(4,u_458) MDDNode(4,u_459), remove node: MDDNode(4,u_238)
layer 4 incoming edges: 110
split the incoming edges: 110 51 59
the value pair of raw_data is: 161
split the outgoings edges: 1 1 1 2
add node: MDDNode(4,u_460) MDDNode(4,u_461), remove node: MDDNode(4,u_239)
layer 4 incoming edges: 82
split the incoming edges: 82 40 42
the value pair of raw_data is: 161
split the outgoings edges: 1 1 1 2
add node: MDDNode(4,u_462) MDDNode(4,u_463), remove node: MDDNode(4,u_240)
layer 4 incoming edges: 92
split the incoming edges: 92 43 49
the value pair of raw_data is: 161
split the outgoings edges: 1 1 1 2
add node: MDDNode(4,u_464) MDDNode(4,u_465), remove node: MDDNode(4,u_241)
layer 4 incoming edges: 113
split the incoming edges: 113 53 60
the value pair of raw_data is: 161
split the outgoings edges: 1 1 1 2
add node: MDDNode(4,u_466) MDDNode(4,u_467), remove node: MDDNode(4,u_242)
layer 4 incoming edges: 102
split the incoming edges: 102 52 50
the value pair of raw_data is: 161
split the outgoings edges: 1 1 1 2
add node: MDDNode(4,u_468) MDDNode(4,u_469), remove node: MDDNode(4,u_243)
layer 4 incoming edges: 111
split the incoming edges: 111 61 50
the value pair of raw_data is: 161
split the outgoings edges: 1 1 1 2
add node: MDDNode(4,u_470) MDDNode(4,u_471), remove node: MDDNode(4,u_244)
layer 4 incoming edges: 96
split the incoming edges: 96 52 44
the value pair of raw_data is: 161
split the outgoings edges: 1 1 1 2
add node: MDDNode(4,u_472) MDDNode(4,u_473), remove node: MDDNode(4,u_245)
layer 4 incoming edges: 122
split the incoming edges: 122 62 60
the value pair of raw_data is: 161
split the outgoings edges: 1 1 1 2
add node: MDDNode(4,u_474) MDDNode(4,u_475), remove node: MDDNode(4,u_246)
layer 4 incoming edges: 84
split the incoming edges: 84 32 52
the value pair of raw_data is: 161
split the outgoings edges: 1 1 1 2
add node: MDDNode(4,u_476) MDDNode(4,u_477), remove node: MDDNode(4,u_247)
layer 4 incoming edges: 99
split the incoming edges: 99 59 40
the value pair of raw_data is: 161
split the outgoings edges: 1 1 1 2
add node: MDDNode(4,u_478) MDDNode(4,u_479), remove node: MDDNode(4,u_248)
layer 4 incoming edges: 112
split the incoming edges: 112 56 56
the value pair of raw_data is: 161
split the outgoings edges: 1 1 1 2
add node: MDDNode(4,u_480) MDDNode(4,u_481), remove node: MDDNode(4,u_249)
layer 4 incoming edges: 97
split the incoming edges: 97 43 54
the value pair of raw_data is: 161
split the outgoings edges: 1 1 1 2
add node: MDDNode(4,u_482) MDDNode(4,u_483), remove node: MDDNode(4,u_250)
layer 4 incoming edges: 102
split the incoming edges: 102 48 54
the value pair of raw_data is: 161
split the outgoings edges: 1 1 1 2
add node: MDDNode(4,u_484) MDDNode(4,u_485), remove node: MDDNode(4,u_251)
layer 4 incoming edges: 103
split the incoming edges: 103 41 62
the value pair of raw_data is: 161
split the outgoings edges: 1 1 1 2
add node: MDDNode(4,u_486) MDDNode(4,u_487), remove node: MDDNode(4,u_252)
layer 4 incoming edges: 82
split the incoming edges: 82 41 41
the value pair of raw_data is: 161
split the outgoings edges: 1 1 1 2
add node: MDDNode(4,u_488) MDDNode(4,u_489), remove node: MDDNode(4,u_253)
1 54 64
layer 1 incoming edges: 3
one of splitted has no income edge:0 3
layer 1 incoming edges: 1
one of splitted has no income edge:0 1
layer 1 incoming edges: 2
one of splitted has no income edge:0 2
layer 1 incoming edges: 2
one of splitted has no income edge:0 2
layer 1 incoming edges: 1
one of splitted has no income edge:1 0
layer 1 incoming edges: 3
split the incoming edges: 3 1 2
the value pair of raw_data is: 492
split the outgoings edges: 5 2 3 5
add node: MDDNode(1,u_490) MDDNode(1,u_491), remove node: MDDNode(1,u_145)
layer 1 incoming edges: 3
split the incoming edges: 3 1 2
the value pair of raw_data is: 492
split the outgoings edges: 11 4 7 11
add node: MDDNode(1,u_492) MDDNode(1,u_493), remove node: MDDNode(1,u_147)
layer 1 incoming edges: 2
one of splitted has no income edge:0 2
layer 1 incoming edges: 3
split the incoming edges: 3 1 2
the value pair of raw_data is: 492
split the outgoings edges: 22 14 8 22
add node: MDDNode(1,u_494) MDDNode(1,u_495), remove node: MDDNode(1,u_152)
layer 1 incoming edges: 2
split the incoming edges: 2 1 1
the value pair of raw_data is: 492
split the outgoings edges: 11 1 10 11
add node: MDDNode(1,u_496) MDDNode(1,u_497), remove node: MDDNode(1,u_153)
layer 1 incoming edges: 1
one of splitted has no income edge:0 1
layer 1 incoming edges: 1
one of splitted has no income edge:1 0
layer 1 incoming edges: 1
one of splitted has no income edge:1 0
layer 1 incoming edges: 3
split the incoming edges: 3 2 1
the value pair of raw_data is: 492
split the outgoings edges: 13 11 2 13
add node: MDDNode(1,u_498) MDDNode(1,u_499), remove node: MDDNode(1,u_257)
layer 1 incoming edges: 1
one of splitted has no income edge:0 1
layer 1 incoming edges: 3
split the incoming edges: 3 1 2
the value pair of raw_data is: 492
split the outgoings edges: 5 1 4 5
add node: MDDNode(1,u_500) MDDNode(1,u_501), remove node: MDDNode(1,u_259)
layer 1 incoming edges: 2
split the incoming edges: 2 1 1
the value pair of raw_data is: 492
split the outgoings edges: 6 4 2 6
add node: MDDNode(1,u_502) MDDNode(1,u_503), remove node: MDDNode(1,u_260)
layer 1 incoming edges: 1
one of splitted has no income edge:0 1
layer 1 incoming edges: 3
split the incoming edges: 3 2 1
the value pair of raw_data is: 492
split the outgoings edges: 15 9 6 15
add node: MDDNode(1,u_504) MDDNode(1,u_505), remove node: MDDNode(1,u_262)
layer 1 incoming edges: 2
split the incoming edges: 2 1 1
the value pair of raw_data is: 492
split the outgoings edges: 8 6 2 8
add node: MDDNode(1,u_506) MDDNode(1,u_507), remove node: MDDNode(1,u_263)
layer 1 incoming edges: 3
split the incoming edges: 3 2 1
the value pair of raw_data is: 492
split the outgoings edges: 11 9 2 11
add node: MDDNode(1,u_508) MDDNode(1,u_509), remove node: MDDNode(1,u_264)
layer 1 incoming edges: 1
one of splitted has no income edge:0 1
layer 1 incoming edges: 1
one of splitted has no income edge:0 1
layer 1 incoming edges: 1
one of splitted has no income edge:1 0
layer 1 incoming edges: 1
one of splitted has no income edge:0 1
layer 1 incoming edges: 2
one of splitted has no income edge:0 2
layer 1 incoming edges: 2
one of splitted has no income edge:2 0
layer 1 incoming edges: 1
one of splitted has no income edge:0 1
layer 1 incoming edges: 4
node canot be splitted, beacause reaching the bound!: 64
layer 1 incoming edges: 2
one of splitted has no income edge:2 0
layer 1 incoming edges: 1
one of splitted has no income edge:1 0
layer 1 incoming edges: 1
one of splitted has no income edge:1 0
layer 1 incoming edges: 1
one of splitted has no income edge:0 1
layer 1 incoming edges: 6
node canot be splitted, beacause reaching the bound!: 64
layer 1 incoming edges: 2
one of splitted has no income edge:2 0
layer 1 incoming edges: 3
node canot be splitted, beacause reaching the bound!: 64
layer 1 incoming edges: 2
one of splitted has no income edge:2 0
layer 1 incoming edges: 3
node canot be splitted, beacause reaching the bound!: 64
layer 1 incoming edges: 3
node canot be splitted, beacause reaching the bound!: 64
layer 1 incoming edges: 3
one of splitted has no income edge:0 3
layer 1 incoming edges: 2
node canot be splitted, beacause reaching the bound!: 64
layer 1 incoming edges: 1
one of splitted has no income edge:0 1
layer 1 incoming edges: 3
node canot be splitted, beacause reaching the bound!: 64
layer 1 incoming edges: 1
one of splitted has no income edge:1 0
layer 1 incoming edges: 1
one of splitted has no income edge:1 0
layer 1 incoming edges: 1
one of splitted has no income edge:1 0
layer 1 incoming edges: 4
one of splitted has no income edge:4 0
layer 1 incoming edges: 2
node canot be splitted, beacause reaching the bound!: 64
layer 1 incoming edges: 3
node canot be splitted, beacause reaching the bound!: 64
layer 1 incoming edges: 3
one of splitted has no income edge:3 0
layer 1 incoming edges: 1
one of splitted has no income edge:0 1
layer 1 incoming edges: 3
node canot be splitted, beacause reaching the bound!: 64
layer 1 incoming edges: 2
one of splitted has no income edge:2 0
layer 1 incoming edges: 1
one of splitted has no income edge:0 1
The bucket size: [25]
the graph width list : [1, 64, 64, 64, 64, 1]
iter= 1 dev 0.2694   test 0.2670   intelligible 0.3375   english 0.2802   gold 0.5377   save acc: 0.3375 time: 2019-11-28T00:25 
iter= 2 dev 0.2998   test 0.2926   intelligible 0.3814   english 0.3141   gold 0.6096   save acc: 0.3814 time: 2019-11-28T00:26 
iter= 3 dev 0.3097   test 0.3184   intelligible 0.4080   english 0.3370   gold 0.6832   save acc: 0.4080 time: 2019-11-28T00:26 
iter= 4 dev 0.3218   test 0.3220   intelligible 0.4152   english 0.3412   gold 0.7260   save acc: 0.4152 time: 2019-11-28T00:27 
iter= 5 dev 0.3251   test 0.3143   intelligible 0.4049   english 0.3340   gold 0.6712   
iter= 6 dev 0.3242   test 0.3254   intelligible 0.4212   english 0.3474   gold 0.7397   save acc: 0.4212 time: 2019-11-28T00:29 
iter= 7 dev 0.3280   test 0.3298   intelligible 0.4265   english 0.3516   gold 0.7329   save acc: 0.4265 time: 2019-11-28T00:30 
iter= 8 dev 0.3322   test 0.3259   intelligible 0.4223   english 0.3456   gold 0.7449   
iter= 9 dev 0.3280   test 0.3259   intelligible 0.4212   english 0.3450   gold 0.7551   
iter= 10 dev 0.3334   test 0.3295   intelligible 0.4261   english 0.3498   gold 0.7483   
iter= 11 dev 0.3301   test 0.3169   intelligible 0.4091   english 0.3361   gold 0.6849   
iter= 12 dev 0.3315   test 0.3177   intelligible 0.4091   english 0.3370   gold 0.6866   
iter= 13 dev 0.3332   test 0.3184   intelligible 0.4117   english 0.3385   gold 0.6866   
iter= 14 dev 0.3315   test 0.3140   intelligible 0.4049   english 0.3334   gold 0.6764   
iter= 15 dev 0.3289   test 0.3166   intelligible 0.4106   english 0.3370   gold 0.6798   
iter= 16 dev 0.3282   test 0.3169   intelligible 0.4102   english 0.3376   gold 0.6815   
iter= 17 dev 0.3299   test 0.3140   intelligible 0.4057   english 0.3334   gold 0.6815   
iter= 18 dev 0.3310   test 0.3138   intelligible 0.4064   english 0.3334   gold 0.6849   
iter= 19 dev 0.3313   test 0.3122   intelligible 0.4042   english 0.3325   gold 0.6815   
iter= 20 dev 0.3291   test 0.3130   intelligible 0.4053   english 0.3328   gold 0.6747   
iter= 21 dev 0.3303   test 0.3125   intelligible 0.4038   english 0.3319   gold 0.6798   
