args Namespace(config='configs/config_l.json', dataset='dataset/IFTTT/msr_data.pkl', load_model=None, mode='train', output='model/ifttt/width-64/pid-4-', width='64')
configure: {'max_word_id': 4000, 'bidirectional': True, 'cell_type': 'lstm', 'decoder': 'attention', 'embedding_size': 50, 'keep_prob': 0.5, 'memory_size': 25, 'num_layers': 1, 'num_units': 50, 'use_embedding': True, 'epoches': 20, 'batch_size': 32, 'init': {'name': 'random_uniform_initializer', 'scale': 0.1}, 'lr_scheduler': {'decay_steps': 5000, 'init_lr': 0.01, 'staircase': True}, 'max_grad_norm': 1, 'optimizer': 'AdamOptimizer'}
# path 8580
save to model/ifttt/width-64/pid-4-IFTTT-w-64.json
load json
numArcLayers: 5
1 1 64
layer 1 incoming edges: 111
split the incoming edges: 111 54 57
the value pair of raw_data is: 492
split the outgoings edges: 443 252 207 459
add node: MDDNode(1,u_6) MDDNode(1,u_7), remove node: MDDNode(1,u_1)
2 1 64
layer 2 incoming edges: 459
split the incoming edges: 459 215 244
the value pair of raw_data is: 6265
split the outgoings edges: 88 88 88 176
add node: MDDNode(2,u_8) MDDNode(2,u_9), remove node: MDDNode(2,u_2)
3 1 64
layer 3 incoming edges: 176
split the incoming edges: 176 88 88
the value pair of raw_data is: 202
split the outgoings edges: 161 125 112 237
add node: MDDNode(3,u_10) MDDNode(3,u_11), remove node: MDDNode(3,u_3)
4 1 64
layer 4 incoming edges: 237
split the incoming edges: 237 116 121
the value pair of raw_data is: 161
split the outgoings edges: 1 1 1 2
add node: MDDNode(4,u_12) MDDNode(4,u_13), remove node: MDDNode(4,u_4)
1 2 64
layer 1 incoming edges: 54
split the incoming edges: 54 23 31
the value pair of raw_data is: 492
split the outgoings edges: 252 102 155 257
add node: MDDNode(1,u_14) MDDNode(1,u_15), remove node: MDDNode(1,u_6)
layer 1 incoming edges: 57
split the incoming edges: 57 27 30
the value pair of raw_data is: 492
split the outgoings edges: 207 118 94 212
add node: MDDNode(1,u_16) MDDNode(1,u_17), remove node: MDDNode(1,u_7)
2 2 64
layer 2 incoming edges: 221
split the incoming edges: 221 111 110
the value pair of raw_data is: 6265
split the outgoings edges: 88 86 88 174
add node: MDDNode(2,u_18) MDDNode(2,u_19), remove node: MDDNode(2,u_8)
layer 2 incoming edges: 248
split the incoming edges: 248 124 124
the value pair of raw_data is: 6265
split the outgoings edges: 88 84 85 169
add node: MDDNode(2,u_20) MDDNode(2,u_21), remove node: MDDNode(2,u_9)
3 2 64
layer 3 incoming edges: 170
split the incoming edges: 170 84 86
the value pair of raw_data is: 202
split the outgoings edges: 125 100 107 207
add node: MDDNode(3,u_22) MDDNode(3,u_23), remove node: MDDNode(3,u_10)
layer 3 incoming edges: 173
split the incoming edges: 173 90 83
the value pair of raw_data is: 202
split the outgoings edges: 112 107 90 197
add node: MDDNode(3,u_24) MDDNode(3,u_25), remove node: MDDNode(3,u_11)
4 2 64
layer 4 incoming edges: 191
split the incoming edges: 191 87 104
the value pair of raw_data is: 161
split the outgoings edges: 1 1 1 2
add node: MDDNode(4,u_26) MDDNode(4,u_27), remove node: MDDNode(4,u_12)
layer 4 incoming edges: 213
split the incoming edges: 213 116 97
the value pair of raw_data is: 161
split the outgoings edges: 1 1 1 2
add node: MDDNode(4,u_28) MDDNode(4,u_29), remove node: MDDNode(4,u_13)
1 4 64
layer 1 incoming edges: 23
split the incoming edges: 23 9 14
the value pair of raw_data is: 492
split the outgoings edges: 102 31 72 103
add node: MDDNode(1,u_30) MDDNode(1,u_31), remove node: MDDNode(1,u_14)
layer 1 incoming edges: 31
split the incoming edges: 31 14 17
the value pair of raw_data is: 492
split the outgoings edges: 155 62 94 156
add node: MDDNode(1,u_32) MDDNode(1,u_33), remove node: MDDNode(1,u_15)
layer 1 incoming edges: 27
split the incoming edges: 27 16 11
the value pair of raw_data is: 492
split the outgoings edges: 118 73 45 118
add node: MDDNode(1,u_34) MDDNode(1,u_35), remove node: MDDNode(1,u_16)
layer 1 incoming edges: 30
split the incoming edges: 30 13 17
the value pair of raw_data is: 492
split the outgoings edges: 94 37 62 99
add node: MDDNode(1,u_36) MDDNode(1,u_37), remove node: MDDNode(1,u_17)
2 4 64
layer 2 incoming edges: 111
split the incoming edges: 111 53 58
the value pair of raw_data is: 6265
split the outgoings edges: 86 82 81 163
add node: MDDNode(2,u_38) MDDNode(2,u_39), remove node: MDDNode(2,u_18)
layer 2 incoming edges: 115
split the incoming edges: 115 49 66
the value pair of raw_data is: 6265
split the outgoings edges: 88 83 80 163
add node: MDDNode(2,u_40) MDDNode(2,u_41), remove node: MDDNode(2,u_19)
layer 2 incoming edges: 124
split the incoming edges: 124 64 60
the value pair of raw_data is: 6265
split the outgoings edges: 84 81 79 160
add node: MDDNode(2,u_42) MDDNode(2,u_43), remove node: MDDNode(2,u_20)
layer 2 incoming edges: 126
split the incoming edges: 126 55 71
the value pair of raw_data is: 6265
split the outgoings edges: 85 80 82 162
add node: MDDNode(2,u_44) MDDNode(2,u_45), remove node: MDDNode(2,u_21)
3 4 64
layer 3 incoming edges: 160
split the incoming edges: 160 75 85
the value pair of raw_data is: 202
split the outgoings edges: 100 81 96 177
add node: MDDNode(3,u_46) MDDNode(3,u_47), remove node: MDDNode(3,u_22)
layer 3 incoming edges: 159
split the incoming edges: 159 85 74
the value pair of raw_data is: 202
split the outgoings edges: 107 100 77 177
add node: MDDNode(3,u_48) MDDNode(3,u_49), remove node: MDDNode(3,u_23)
layer 3 incoming edges: 171
split the incoming edges: 171 83 88
the value pair of raw_data is: 202
split the outgoings edges: 107 87 98 185
add node: MDDNode(3,u_50) MDDNode(3,u_51), remove node: MDDNode(3,u_24)
layer 3 incoming edges: 158
split the incoming edges: 158 91 67
the value pair of raw_data is: 202
split the outgoings edges: 90 80 76 156
add node: MDDNode(3,u_52) MDDNode(3,u_53), remove node: MDDNode(3,u_25)
4 4 64
layer 4 incoming edges: 153
split the incoming edges: 153 85 68
the value pair of raw_data is: 161
split the outgoings edges: 1 1 1 2
add node: MDDNode(4,u_54) MDDNode(4,u_55), remove node: MDDNode(4,u_26)
layer 4 incoming edges: 181
split the incoming edges: 181 83 98
the value pair of raw_data is: 161
split the outgoings edges: 1 1 1 2
add node: MDDNode(4,u_56) MDDNode(4,u_57), remove node: MDDNode(4,u_27)
layer 4 incoming edges: 199
split the incoming edges: 199 102 97
the value pair of raw_data is: 161
split the outgoings edges: 1 1 1 2
add node: MDDNode(4,u_58) MDDNode(4,u_59), remove node: MDDNode(4,u_28)
layer 4 incoming edges: 162
split the incoming edges: 162 79 83
the value pair of raw_data is: 161
split the outgoings edges: 1 1 1 2
add node: MDDNode(4,u_60) MDDNode(4,u_61), remove node: MDDNode(4,u_29)
1 8 64
layer 1 incoming edges: 9
split the incoming edges: 9 5 4
the value pair of raw_data is: 492
split the outgoings edges: 31 19 12 31
add node: MDDNode(1,u_62) MDDNode(1,u_63), remove node: MDDNode(1,u_30)
layer 1 incoming edges: 14
split the incoming edges: 14 5 9
the value pair of raw_data is: 492
split the outgoings edges: 72 23 49 72
add node: MDDNode(1,u_64) MDDNode(1,u_65), remove node: MDDNode(1,u_31)
layer 1 incoming edges: 14
split the incoming edges: 14 6 8
the value pair of raw_data is: 492
split the outgoings edges: 62 29 33 62
add node: MDDNode(1,u_66) MDDNode(1,u_67), remove node: MDDNode(1,u_32)
layer 1 incoming edges: 17
split the incoming edges: 17 12 5
the value pair of raw_data is: 492
split the outgoings edges: 94 73 21 94
add node: MDDNode(1,u_68) MDDNode(1,u_69), remove node: MDDNode(1,u_33)
layer 1 incoming edges: 16
split the incoming edges: 16 10 6
the value pair of raw_data is: 492
split the outgoings edges: 73 55 18 73
add node: MDDNode(1,u_70) MDDNode(1,u_71), remove node: MDDNode(1,u_34)
layer 1 incoming edges: 11
split the incoming edges: 11 6 5
the value pair of raw_data is: 492
split the outgoings edges: 45 25 20 45
add node: MDDNode(1,u_72) MDDNode(1,u_73), remove node: MDDNode(1,u_35)
layer 1 incoming edges: 13
split the incoming edges: 13 6 7
the value pair of raw_data is: 492
split the outgoings edges: 37 19 18 37
add node: MDDNode(1,u_74) MDDNode(1,u_75), remove node: MDDNode(1,u_36)
layer 1 incoming edges: 17
split the incoming edges: 17 6 11
the value pair of raw_data is: 492
split the outgoings edges: 62 31 33 64
add node: MDDNode(1,u_76) MDDNode(1,u_77), remove node: MDDNode(1,u_37)
2 8 64
layer 2 incoming edges: 53
split the incoming edges: 53 25 28
the value pair of raw_data is: 6265
split the outgoings edges: 82 70 77 147
add node: MDDNode(2,u_78) MDDNode(2,u_79), remove node: MDDNode(2,u_38)
layer 2 incoming edges: 58
split the incoming edges: 58 31 27
the value pair of raw_data is: 6265
split the outgoings edges: 81 72 76 148
add node: MDDNode(2,u_80) MDDNode(2,u_81), remove node: MDDNode(2,u_39)
layer 2 incoming edges: 49
split the incoming edges: 49 29 20
the value pair of raw_data is: 6265
split the outgoings edges: 83 82 66 148
add node: MDDNode(2,u_82) MDDNode(2,u_83), remove node: MDDNode(2,u_40)
layer 2 incoming edges: 68
split the incoming edges: 68 36 32
the value pair of raw_data is: 6265
split the outgoings edges: 80 75 65 140
add node: MDDNode(2,u_84) MDDNode(2,u_85), remove node: MDDNode(2,u_41)
layer 2 incoming edges: 64
split the incoming edges: 64 33 31
the value pair of raw_data is: 6265
split the outgoings edges: 81 73 77 150
add node: MDDNode(2,u_86) MDDNode(2,u_87), remove node: MDDNode(2,u_42)
layer 2 incoming edges: 60
split the incoming edges: 60 35 25
the value pair of raw_data is: 6265
split the outgoings edges: 79 74 72 146
add node: MDDNode(2,u_88) MDDNode(2,u_89), remove node: MDDNode(2,u_43)
layer 2 incoming edges: 55
split the incoming edges: 55 22 33
the value pair of raw_data is: 6265
split the outgoings edges: 80 67 73 140
add node: MDDNode(2,u_90) MDDNode(2,u_91), remove node: MDDNode(2,u_44)
layer 2 incoming edges: 71
split the incoming edges: 71 27 44
the value pair of raw_data is: 6265
split the outgoings edges: 82 72 79 151
add node: MDDNode(2,u_92) MDDNode(2,u_93), remove node: MDDNode(2,u_45)
3 8 64
layer 3 incoming edges: 135
split the incoming edges: 135 77 58
the value pair of raw_data is: 202
split the outgoings edges: 81 56 66 122
add node: MDDNode(3,u_94) MDDNode(3,u_95), remove node: MDDNode(3,u_46)
layer 3 incoming edges: 153
split the incoming edges: 153 78 75
the value pair of raw_data is: 202
split the outgoings edges: 96 86 74 160
add node: MDDNode(3,u_96) MDDNode(3,u_97), remove node: MDDNode(3,u_47)
layer 3 incoming edges: 150
split the incoming edges: 150 76 74
the value pair of raw_data is: 202
split the outgoings edges: 100 86 73 159
add node: MDDNode(3,u_98) MDDNode(3,u_99), remove node: MDDNode(3,u_48)
layer 3 incoming edges: 127
split the incoming edges: 127 65 62
the value pair of raw_data is: 202
split the outgoings edges: 77 66 67 133
add node: MDDNode(3,u_100) MDDNode(3,u_101), remove node: MDDNode(3,u_49)
layer 3 incoming edges: 153
split the incoming edges: 153 83 70
the value pair of raw_data is: 202
split the outgoings edges: 87 74 66 140
add node: MDDNode(3,u_102) MDDNode(3,u_103), remove node: MDDNode(3,u_50)
layer 3 incoming edges: 162
split the incoming edges: 162 78 84
the value pair of raw_data is: 202
split the outgoings edges: 98 82 93 175
add node: MDDNode(3,u_104) MDDNode(3,u_105), remove node: MDDNode(3,u_51)
layer 3 incoming edges: 169
split the incoming edges: 169 97 72
the value pair of raw_data is: 202
split the outgoings edges: 80 75 66 141
add node: MDDNode(3,u_106) MDDNode(3,u_107), remove node: MDDNode(3,u_52)
layer 3 incoming edges: 121
split the incoming edges: 121 62 59
the value pair of raw_data is: 202
split the outgoings edges: 76 63 70 133
add node: MDDNode(3,u_108) MDDNode(3,u_109), remove node: MDDNode(3,u_53)
4 8 64
layer 4 incoming edges: 142
split the incoming edges: 142 72 70
the value pair of raw_data is: 161
split the outgoings edges: 1 1 1 2
add node: MDDNode(4,u_110) MDDNode(4,u_111), remove node: MDDNode(4,u_54)
layer 4 incoming edges: 126
split the incoming edges: 126 75 51
the value pair of raw_data is: 161
split the outgoings edges: 1 1 1 2
add node: MDDNode(4,u_112) MDDNode(4,u_113), remove node: MDDNode(4,u_55)
layer 4 incoming edges: 138
split the incoming edges: 138 74 64
the value pair of raw_data is: 161
split the outgoings edges: 1 1 1 2
add node: MDDNode(4,u_114) MDDNode(4,u_115), remove node: MDDNode(4,u_56)
layer 4 incoming edges: 159
split the incoming edges: 159 78 81
the value pair of raw_data is: 161
split the outgoings edges: 1 1 1 2
add node: MDDNode(4,u_116) MDDNode(4,u_117), remove node: MDDNode(4,u_57)
layer 4 incoming edges: 170
split the incoming edges: 170 75 95
the value pair of raw_data is: 161
split the outgoings edges: 1 1 1 2
add node: MDDNode(4,u_118) MDDNode(4,u_119), remove node: MDDNode(4,u_58)
layer 4 incoming edges: 156
split the incoming edges: 156 68 88
the value pair of raw_data is: 161
split the outgoings edges: 1 1 1 2
add node: MDDNode(4,u_120) MDDNode(4,u_121), remove node: MDDNode(4,u_59)
layer 4 incoming edges: 135
split the incoming edges: 135 72 63
the value pair of raw_data is: 161
split the outgoings edges: 1 1 1 2
add node: MDDNode(4,u_122) MDDNode(4,u_123), remove node: MDDNode(4,u_60)
layer 4 incoming edges: 137
split the incoming edges: 137 83 54
the value pair of raw_data is: 161
split the outgoings edges: 1 1 1 2
add node: MDDNode(4,u_124) MDDNode(4,u_125), remove node: MDDNode(4,u_61)
1 16 64
layer 1 incoming edges: 5
split the incoming edges: 5 2 3
the value pair of raw_data is: 492
split the outgoings edges: 19 5 14 19
add node: MDDNode(1,u_126) MDDNode(1,u_127), remove node: MDDNode(1,u_62)
layer 1 incoming edges: 4
split the incoming edges: 4 3 1
the value pair of raw_data is: 492
split the outgoings edges: 12 11 1 12
add node: MDDNode(1,u_128) MDDNode(1,u_129), remove node: MDDNode(1,u_63)
layer 1 incoming edges: 5
one of splitted has no income edge:0 5
layer 1 incoming edges: 9
split the incoming edges: 9 2 7
the value pair of raw_data is: 492
split the outgoings edges: 49 3 47 50
add node: MDDNode(1,u_130) MDDNode(1,u_131), remove node: MDDNode(1,u_65)
layer 1 incoming edges: 6
split the incoming edges: 6 3 3
the value pair of raw_data is: 492
split the outgoings edges: 29 18 11 29
add node: MDDNode(1,u_132) MDDNode(1,u_133), remove node: MDDNode(1,u_66)
layer 1 incoming edges: 8
split the incoming edges: 8 4 4
the value pair of raw_data is: 492
split the outgoings edges: 33 20 13 33
add node: MDDNode(1,u_134) MDDNode(1,u_135), remove node: MDDNode(1,u_67)
layer 1 incoming edges: 12
split the incoming edges: 12 7 5
the value pair of raw_data is: 492
split the outgoings edges: 73 59 14 73
add node: MDDNode(1,u_136) MDDNode(1,u_137), remove node: MDDNode(1,u_68)
layer 1 incoming edges: 5
split the incoming edges: 5 3 2
the value pair of raw_data is: 492
split the outgoings edges: 21 13 8 21
add node: MDDNode(1,u_138) MDDNode(1,u_139), remove node: MDDNode(1,u_69)
layer 1 incoming edges: 10
split the incoming edges: 10 5 5
the value pair of raw_data is: 492
split the outgoings edges: 55 25 30 55
add node: MDDNode(1,u_140) MDDNode(1,u_141), remove node: MDDNode(1,u_70)
layer 1 incoming edges: 6
split the incoming edges: 6 5 1
the value pair of raw_data is: 492
split the outgoings edges: 18 15 3 18
add node: MDDNode(1,u_142) MDDNode(1,u_143), remove node: MDDNode(1,u_71)
layer 1 incoming edges: 6
split the incoming edges: 6 3 3
the value pair of raw_data is: 492
split the outgoings edges: 25 8 17 25
add node: MDDNode(1,u_144) MDDNode(1,u_145), remove node: MDDNode(1,u_72)
layer 1 incoming edges: 5
split the incoming edges: 5 1 4
the value pair of raw_data is: 492
split the outgoings edges: 20 2 18 20
add node: MDDNode(1,u_146) MDDNode(1,u_147), remove node: MDDNode(1,u_73)
layer 1 incoming edges: 6
split the incoming edges: 6 3 3
the value pair of raw_data is: 492
split the outgoings edges: 19 15 4 19
add node: MDDNode(1,u_148) MDDNode(1,u_149), remove node: MDDNode(1,u_74)
layer 1 incoming edges: 7
split the incoming edges: 7 4 3
the value pair of raw_data is: 492
split the outgoings edges: 18 6 12 18
add node: MDDNode(1,u_150) MDDNode(1,u_151), remove node: MDDNode(1,u_75)
layer 1 incoming edges: 6
split the incoming edges: 6 4 2
the value pair of raw_data is: 492
split the outgoings edges: 31 14 17 31
add node: MDDNode(1,u_152) MDDNode(1,u_153), remove node: MDDNode(1,u_76)
layer 1 incoming edges: 11
split the incoming edges: 11 6 5
the value pair of raw_data is: 492
split the outgoings edges: 33 16 17 33
add node: MDDNode(1,u_154) MDDNode(1,u_155), remove node: MDDNode(1,u_77)
2 16 64
layer 2 incoming edges: 25
split the incoming edges: 25 10 15
the value pair of raw_data is: 6265
split the outgoings edges: 70 46 59 105
add node: MDDNode(2,u_156) MDDNode(2,u_157), remove node: MDDNode(2,u_78)
layer 2 incoming edges: 28
split the incoming edges: 28 15 13
the value pair of raw_data is: 6265
split the outgoings edges: 77 64 75 139
add node: MDDNode(2,u_158) MDDNode(2,u_159), remove node: MDDNode(2,u_79)
layer 2 incoming edges: 31
split the incoming edges: 31 22 9
the value pair of raw_data is: 6265
split the outgoings edges: 72 66 58 124
add node: MDDNode(2,u_160) MDDNode(2,u_161), remove node: MDDNode(2,u_80)
layer 2 incoming edges: 27
split the incoming edges: 27 15 12
the value pair of raw_data is: 6265
split the outgoings edges: 76 58 70 128
add node: MDDNode(2,u_162) MDDNode(2,u_163), remove node: MDDNode(2,u_81)
layer 2 incoming edges: 29
split the incoming edges: 29 14 15
the value pair of raw_data is: 6265
split the outgoings edges: 82 47 81 128
add node: MDDNode(2,u_164) MDDNode(2,u_165), remove node: MDDNode(2,u_82)
layer 2 incoming edges: 20
split the incoming edges: 20 9 11
the value pair of raw_data is: 6265
split the outgoings edges: 66 62 44 106
add node: MDDNode(2,u_166) MDDNode(2,u_167), remove node: MDDNode(2,u_83)
layer 2 incoming edges: 37
split the incoming edges: 37 17 20
the value pair of raw_data is: 6265
split the outgoings edges: 75 64 64 128
add node: MDDNode(2,u_168) MDDNode(2,u_169), remove node: MDDNode(2,u_84)
layer 2 incoming edges: 32
split the incoming edges: 32 16 16
the value pair of raw_data is: 6265
split the outgoings edges: 65 59 59 118
add node: MDDNode(2,u_170) MDDNode(2,u_171), remove node: MDDNode(2,u_85)
layer 2 incoming edges: 33
split the incoming edges: 33 16 17
the value pair of raw_data is: 6265
split the outgoings edges: 73 65 62 127
add node: MDDNode(2,u_172) MDDNode(2,u_173), remove node: MDDNode(2,u_86)
layer 2 incoming edges: 31
split the incoming edges: 31 17 14
the value pair of raw_data is: 6265
split the outgoings edges: 77 72 65 137
add node: MDDNode(2,u_174) MDDNode(2,u_175), remove node: MDDNode(2,u_87)
layer 2 incoming edges: 35
split the incoming edges: 35 13 22
the value pair of raw_data is: 6265
split the outgoings edges: 74 52 71 123
add node: MDDNode(2,u_176) MDDNode(2,u_177), remove node: MDDNode(2,u_88)
layer 2 incoming edges: 25
split the incoming edges: 25 11 14
the value pair of raw_data is: 6265
split the outgoings edges: 72 59 65 124
add node: MDDNode(2,u_178) MDDNode(2,u_179), remove node: MDDNode(2,u_89)
layer 2 incoming edges: 22
split the incoming edges: 22 12 10
the value pair of raw_data is: 6265
split the outgoings edges: 67 54 57 111
add node: MDDNode(2,u_180) MDDNode(2,u_181), remove node: MDDNode(2,u_90)
layer 2 incoming edges: 33
split the incoming edges: 33 13 20
the value pair of raw_data is: 6265
split the outgoings edges: 73 59 69 128
add node: MDDNode(2,u_182) MDDNode(2,u_183), remove node: MDDNode(2,u_91)
layer 2 incoming edges: 27
split the incoming edges: 27 9 18
the value pair of raw_data is: 6265
split the outgoings edges: 72 54 60 114
add node: MDDNode(2,u_184) MDDNode(2,u_185), remove node: MDDNode(2,u_92)
layer 2 incoming edges: 44
split the incoming edges: 44 21 23
the value pair of raw_data is: 6265
split the outgoings edges: 79 60 68 128
add node: MDDNode(2,u_186) MDDNode(2,u_187), remove node: MDDNode(2,u_93)
3 16 64
layer 3 incoming edges: 126
split the incoming edges: 126 61 65
the value pair of raw_data is: 202
split the outgoings edges: 56 49 44 93
add node: MDDNode(3,u_188) MDDNode(3,u_189), remove node: MDDNode(3,u_94)
layer 3 incoming edges: 102
split the incoming edges: 102 53 49
the value pair of raw_data is: 202
split the outgoings edges: 66 64 53 117
add node: MDDNode(3,u_190) MDDNode(3,u_191), remove node: MDDNode(3,u_95)
layer 3 incoming edges: 122
split the incoming edges: 122 60 62
the value pair of raw_data is: 202
split the outgoings edges: 86 64 76 140
add node: MDDNode(3,u_192) MDDNode(3,u_193), remove node: MDDNode(3,u_96)
layer 3 incoming edges: 122
split the incoming edges: 122 66 56
the value pair of raw_data is: 202
split the outgoings edges: 74 68 47 115
add node: MDDNode(3,u_194) MDDNode(3,u_195), remove node: MDDNode(3,u_97)
layer 3 incoming edges: 128
split the incoming edges: 128 62 66
the value pair of raw_data is: 202
split the outgoings edges: 86 66 75 141
add node: MDDNode(3,u_196) MDDNode(3,u_197), remove node: MDDNode(3,u_98)
layer 3 incoming edges: 126
split the incoming edges: 126 68 58
the value pair of raw_data is: 202
split the outgoings edges: 73 61 61 122
add node: MDDNode(3,u_198) MDDNode(3,u_199), remove node: MDDNode(3,u_99)
layer 3 incoming edges: 107
split the incoming edges: 107 51 56
the value pair of raw_data is: 202
split the outgoings edges: 66 55 55 110
add node: MDDNode(3,u_200) MDDNode(3,u_201), remove node: MDDNode(3,u_100)
layer 3 incoming edges: 98
split the incoming edges: 98 59 39
the value pair of raw_data is: 202
split the outgoings edges: 67 60 42 102
add node: MDDNode(3,u_202) MDDNode(3,u_203), remove node: MDDNode(3,u_101)
layer 3 incoming edges: 140
split the incoming edges: 140 63 77
the value pair of raw_data is: 202
split the outgoings edges: 74 60 66 126
add node: MDDNode(3,u_204) MDDNode(3,u_205), remove node: MDDNode(3,u_102)
layer 3 incoming edges: 120
split the incoming edges: 120 61 59
the value pair of raw_data is: 202
split the outgoings edges: 66 57 52 109
add node: MDDNode(3,u_206) MDDNode(3,u_207), remove node: MDDNode(3,u_103)
layer 3 incoming edges: 137
split the incoming edges: 137 68 69
the value pair of raw_data is: 202
split the outgoings edges: 82 71 67 138
add node: MDDNode(3,u_208) MDDNode(3,u_209), remove node: MDDNode(3,u_104)
layer 3 incoming edges: 138
split the incoming edges: 138 77 61
the value pair of raw_data is: 202
split the outgoings edges: 93 79 69 148
add node: MDDNode(3,u_210) MDDNode(3,u_211), remove node: MDDNode(3,u_105)
layer 3 incoming edges: 165
split the incoming edges: 165 76 89
the value pair of raw_data is: 202
split the outgoings edges: 75 54 65 119
add node: MDDNode(3,u_212) MDDNode(3,u_213), remove node: MDDNode(3,u_106)
layer 3 incoming edges: 127
split the incoming edges: 127 54 73
the value pair of raw_data is: 202
split the outgoings edges: 66 48 48 96
add node: MDDNode(3,u_214) MDDNode(3,u_215), remove node: MDDNode(3,u_107)
layer 3 incoming edges: 108
split the incoming edges: 108 52 56
the value pair of raw_data is: 202
split the outgoings edges: 63 56 54 110
add node: MDDNode(3,u_216) MDDNode(3,u_217), remove node: MDDNode(3,u_108)
layer 3 incoming edges: 102
split the incoming edges: 102 55 47
the value pair of raw_data is: 202
split the outgoings edges: 70 61 57 118
add node: MDDNode(3,u_218) MDDNode(3,u_219), remove node: MDDNode(3,u_109)
4 16 64
layer 4 incoming edges: 116
split the incoming edges: 116 54 62
the value pair of raw_data is: 161
split the outgoings edges: 1 1 1 2
add node: MDDNode(4,u_220) MDDNode(4,u_221), remove node: MDDNode(4,u_110)
layer 4 incoming edges: 114
split the incoming edges: 114 52 62
the value pair of raw_data is: 161
split the outgoings edges: 1 1 1 2
add node: MDDNode(4,u_222) MDDNode(4,u_223), remove node: MDDNode(4,u_111)
layer 4 incoming edges: 125
split the incoming edges: 125 58 67
the value pair of raw_data is: 161
split the outgoings edges: 1 1 1 2
add node: MDDNode(4,u_224) MDDNode(4,u_225), remove node: MDDNode(4,u_112)
layer 4 incoming edges: 85
split the incoming edges: 85 42 43
the value pair of raw_data is: 161
split the outgoings edges: 1 1 1 2
add node: MDDNode(4,u_226) MDDNode(4,u_227), remove node: MDDNode(4,u_113)
layer 4 incoming edges: 114
split the incoming edges: 114 59 55
the value pair of raw_data is: 161
split the outgoings edges: 1 1 1 2
add node: MDDNode(4,u_228) MDDNode(4,u_229), remove node: MDDNode(4,u_114)
layer 4 incoming edges: 104
split the incoming edges: 104 55 49
the value pair of raw_data is: 161
split the outgoings edges: 1 1 1 2
add node: MDDNode(4,u_230) MDDNode(4,u_231), remove node: MDDNode(4,u_115)
layer 4 incoming edges: 127
split the incoming edges: 127 64 63
the value pair of raw_data is: 161
split the outgoings edges: 1 1 1 2
add node: MDDNode(4,u_232) MDDNode(4,u_233), remove node: MDDNode(4,u_116)
layer 4 incoming edges: 136
split the incoming edges: 136 68 68
the value pair of raw_data is: 161
split the outgoings edges: 1 1 1 2
add node: MDDNode(4,u_234) MDDNode(4,u_235), remove node: MDDNode(4,u_117)
layer 4 incoming edges: 125
split the incoming edges: 125 65 60
the value pair of raw_data is: 161
split the outgoings edges: 1 1 1 2
add node: MDDNode(4,u_236) MDDNode(4,u_237), remove node: MDDNode(4,u_118)
layer 4 incoming edges: 149
split the incoming edges: 149 73 76
the value pair of raw_data is: 161
split the outgoings edges: 1 1 1 2
add node: MDDNode(4,u_238) MDDNode(4,u_239), remove node: MDDNode(4,u_119)
layer 4 incoming edges: 114
split the incoming edges: 114 59 55
the value pair of raw_data is: 161
split the outgoings edges: 1 1 1 2
add node: MDDNode(4,u_240) MDDNode(4,u_241), remove node: MDDNode(4,u_120)
layer 4 incoming edges: 150
split the incoming edges: 150 84 66
the value pair of raw_data is: 161
split the outgoings edges: 1 1 1 2
add node: MDDNode(4,u_242) MDDNode(4,u_243), remove node: MDDNode(4,u_121)
layer 4 incoming edges: 115
split the incoming edges: 115 61 54
the value pair of raw_data is: 161
split the outgoings edges: 1 1 1 2
add node: MDDNode(4,u_244) MDDNode(4,u_245), remove node: MDDNode(4,u_122)
layer 4 incoming edges: 102
split the incoming edges: 102 42 60
the value pair of raw_data is: 161
split the outgoings edges: 1 1 1 2
add node: MDDNode(4,u_246) MDDNode(4,u_247), remove node: MDDNode(4,u_123)
layer 4 incoming edges: 136
split the incoming edges: 136 71 65
the value pair of raw_data is: 161
split the outgoings edges: 1 1 1 2
add node: MDDNode(4,u_248) MDDNode(4,u_249), remove node: MDDNode(4,u_124)
layer 4 incoming edges: 92
split the incoming edges: 92 38 54
the value pair of raw_data is: 161
split the outgoings edges: 1 1 1 2
add node: MDDNode(4,u_250) MDDNode(4,u_251), remove node: MDDNode(4,u_125)
1 31 64
layer 1 incoming edges: 5
split the incoming edges: 5 4 1
the value pair of raw_data is: 492
split the outgoings edges: 23 21 2 23
add node: MDDNode(1,u_252) MDDNode(1,u_253), remove node: MDDNode(1,u_64)
layer 1 incoming edges: 2
one of splitted has no income edge:0 2
layer 1 incoming edges: 3
split the incoming edges: 3 1 2
the value pair of raw_data is: 492
split the outgoings edges: 14 6 8 14
add node: MDDNode(1,u_254) MDDNode(1,u_255), remove node: MDDNode(1,u_127)
layer 1 incoming edges: 3
one of splitted has no income edge:0 3
layer 1 incoming edges: 1
one of splitted has no income edge:1 0
layer 1 incoming edges: 2
split the incoming edges: 2 1 1
the value pair of raw_data is: 492
split the outgoings edges: 3 2 1 3
add node: MDDNode(1,u_256) MDDNode(1,u_257), remove node: MDDNode(1,u_130)
layer 1 incoming edges: 7
split the incoming edges: 7 3 4
the value pair of raw_data is: 492
split the outgoings edges: 47 21 34 55
add node: MDDNode(1,u_258) MDDNode(1,u_259), remove node: MDDNode(1,u_131)
layer 1 incoming edges: 3
one of splitted has no income edge:0 3
layer 1 incoming edges: 3
split the incoming edges: 3 1 2
the value pair of raw_data is: 492
split the outgoings edges: 11 2 9 11
add node: MDDNode(1,u_260) MDDNode(1,u_261), remove node: MDDNode(1,u_133)
layer 1 incoming edges: 4
split the incoming edges: 4 3 1
the value pair of raw_data is: 492
split the outgoings edges: 20 14 6 20
add node: MDDNode(1,u_262) MDDNode(1,u_263), remove node: MDDNode(1,u_134)
layer 1 incoming edges: 4
split the incoming edges: 4 1 3
the value pair of raw_data is: 492
split the outgoings edges: 13 6 7 13
add node: MDDNode(1,u_264) MDDNode(1,u_265), remove node: MDDNode(1,u_135)
layer 1 incoming edges: 7
split the incoming edges: 7 2 5
the value pair of raw_data is: 492
split the outgoings edges: 59 20 39 59
add node: MDDNode(1,u_266) MDDNode(1,u_267), remove node: MDDNode(1,u_136)
layer 1 incoming edges: 5
split the incoming edges: 5 3 2
the value pair of raw_data is: 492
split the outgoings edges: 14 10 4 14
add node: MDDNode(1,u_268) MDDNode(1,u_269), remove node: MDDNode(1,u_137)
layer 1 incoming edges: 3
split the incoming edges: 3 2 1
the value pair of raw_data is: 492
split the outgoings edges: 13 9 4 13
add node: MDDNode(1,u_270) MDDNode(1,u_271), remove node: MDDNode(1,u_138)
layer 1 incoming edges: 2
split the incoming edges: 2 1 1
the value pair of raw_data is: 492
split the outgoings edges: 8 2 6 8
add node: MDDNode(1,u_272) MDDNode(1,u_273), remove node: MDDNode(1,u_139)
layer 1 incoming edges: 5
split the incoming edges: 5 4 1
the value pair of raw_data is: 492
split the outgoings edges: 25 20 5 25
add node: MDDNode(1,u_274) MDDNode(1,u_275), remove node: MDDNode(1,u_140)
layer 1 incoming edges: 5
split the incoming edges: 5 2 3
the value pair of raw_data is: 492
split the outgoings edges: 30 7 23 30
add node: MDDNode(1,u_276) MDDNode(1,u_277), remove node: MDDNode(1,u_141)
layer 1 incoming edges: 5
split the incoming edges: 5 4 1
the value pair of raw_data is: 492
split the outgoings edges: 15 8 7 15
add node: MDDNode(1,u_278) MDDNode(1,u_279), remove node: MDDNode(1,u_142)
layer 1 incoming edges: 1
one of splitted has no income edge:1 0
layer 1 incoming edges: 3
one of splitted has no income edge:0 3
layer 1 incoming edges: 3
split the incoming edges: 3 1 2
the value pair of raw_data is: 492
split the outgoings edges: 17 5 12 17
add node: MDDNode(1,u_280) MDDNode(1,u_281), remove node: MDDNode(1,u_145)
layer 1 incoming edges: 1
one of splitted has no income edge:1 0
layer 1 incoming edges: 4
split the incoming edges: 4 2 2
the value pair of raw_data is: 492
split the outgoings edges: 18 13 5 18
add node: MDDNode(1,u_282) MDDNode(1,u_283), remove node: MDDNode(1,u_147)
layer 1 incoming edges: 3
split the incoming edges: 3 1 2
the value pair of raw_data is: 492
split the outgoings edges: 15 9 6 15
add node: MDDNode(1,u_284) MDDNode(1,u_285), remove node: MDDNode(1,u_148)
layer 1 incoming edges: 3
split the incoming edges: 3 2 1
the value pair of raw_data is: 492
split the outgoings edges: 4 3 1 4
add node: MDDNode(1,u_286) MDDNode(1,u_287), remove node: MDDNode(1,u_149)
layer 1 incoming edges: 4
split the incoming edges: 4 2 2
the value pair of raw_data is: 492
split the outgoings edges: 6 4 2 6
add node: MDDNode(1,u_288) MDDNode(1,u_289), remove node: MDDNode(1,u_150)
layer 1 incoming edges: 3
split the incoming edges: 3 2 1
the value pair of raw_data is: 492
split the outgoings edges: 12 4 8 12
add node: MDDNode(1,u_290) MDDNode(1,u_291), remove node: MDDNode(1,u_151)
layer 1 incoming edges: 4
split the incoming edges: 4 2 2
the value pair of raw_data is: 492
split the outgoings edges: 14 11 3 14
add node: MDDNode(1,u_292) MDDNode(1,u_293), remove node: MDDNode(1,u_152)
layer 1 incoming edges: 2
one of splitted has no income edge:2 0
layer 1 incoming edges: 6
split the incoming edges: 6 1 5
the value pair of raw_data is: 492
split the outgoings edges: 16 1 15 16
add node: MDDNode(1,u_294) MDDNode(1,u_295), remove node: MDDNode(1,u_154)
layer 1 incoming edges: 5
one of splitted has no income edge:0 5
2 32 64
layer 2 incoming edges: 10
split the incoming edges: 10 3 7
the value pair of raw_data is: 6265
split the outgoings edges: 46 28 40 68
add node: MDDNode(2,u_296) MDDNode(2,u_297), remove node: MDDNode(2,u_156)
layer 2 incoming edges: 15
split the incoming edges: 15 8 7
the value pair of raw_data is: 6265
split the outgoings edges: 59 42 40 82
add node: MDDNode(2,u_298) MDDNode(2,u_299), remove node: MDDNode(2,u_157)
layer 2 incoming edges: 15
split the incoming edges: 15 8 7
the value pair of raw_data is: 6265
split the outgoings edges: 64 55 46 101
add node: MDDNode(2,u_300) MDDNode(2,u_301), remove node: MDDNode(2,u_158)
layer 2 incoming edges: 13
split the incoming edges: 13 8 5
the value pair of raw_data is: 6265
split the outgoings edges: 75 70 39 109
add node: MDDNode(2,u_302) MDDNode(2,u_303), remove node: MDDNode(2,u_159)
layer 2 incoming edges: 22
split the incoming edges: 22 9 13
the value pair of raw_data is: 6265
split the outgoings edges: 66 45 63 108
add node: MDDNode(2,u_304) MDDNode(2,u_305), remove node: MDDNode(2,u_160)
layer 2 incoming edges: 9
split the incoming edges: 9 6 3
the value pair of raw_data is: 6265
split the outgoings edges: 58 52 25 77
add node: MDDNode(2,u_306) MDDNode(2,u_307), remove node: MDDNode(2,u_161)
layer 2 incoming edges: 15
split the incoming edges: 15 5 10
the value pair of raw_data is: 6265
split the outgoings edges: 58 49 46 95
add node: MDDNode(2,u_308) MDDNode(2,u_309), remove node: MDDNode(2,u_162)
layer 2 incoming edges: 12
split the incoming edges: 12 6 6
the value pair of raw_data is: 6265
split the outgoings edges: 70 70 39 109
add node: MDDNode(2,u_310) MDDNode(2,u_311), remove node: MDDNode(2,u_163)
layer 2 incoming edges: 14
split the incoming edges: 14 11 3
the value pair of raw_data is: 6265
split the outgoings edges: 47 45 26 71
add node: MDDNode(2,u_312) MDDNode(2,u_313), remove node: MDDNode(2,u_164)
layer 2 incoming edges: 15
split the incoming edges: 15 5 10
the value pair of raw_data is: 6265
split the outgoings edges: 81 52 77 129
add node: MDDNode(2,u_314) MDDNode(2,u_315), remove node: MDDNode(2,u_165)
layer 2 incoming edges: 9
split the incoming edges: 9 3 6
the value pair of raw_data is: 6265
split the outgoings edges: 62 27 57 84
add node: MDDNode(2,u_316) MDDNode(2,u_317), remove node: MDDNode(2,u_166)
layer 2 incoming edges: 11
split the incoming edges: 11 5 6
the value pair of raw_data is: 6265
split the outgoings edges: 44 20 41 61
add node: MDDNode(2,u_318) MDDNode(2,u_319), remove node: MDDNode(2,u_167)
layer 2 incoming edges: 17
split the incoming edges: 17 4 13
the value pair of raw_data is: 6265
split the outgoings edges: 64 29 56 85
add node: MDDNode(2,u_320) MDDNode(2,u_321), remove node: MDDNode(2,u_168)
layer 2 incoming edges: 21
split the incoming edges: 21 7 14
the value pair of raw_data is: 6265
split the outgoings edges: 64 55 55 110
add node: MDDNode(2,u_322) MDDNode(2,u_323), remove node: MDDNode(2,u_169)
layer 2 incoming edges: 16
split the incoming edges: 16 11 5
the value pair of raw_data is: 6265
split the outgoings edges: 59 53 41 94
add node: MDDNode(2,u_324) MDDNode(2,u_325), remove node: MDDNode(2,u_170)
layer 2 incoming edges: 16
split the incoming edges: 16 11 5
the value pair of raw_data is: 6265
split the outgoings edges: 59 57 21 78
add node: MDDNode(2,u_326) MDDNode(2,u_327), remove node: MDDNode(2,u_171)
layer 2 incoming edges: 16
split the incoming edges: 16 10 6
the value pair of raw_data is: 6265
split the outgoings edges: 65 57 55 112
add node: MDDNode(2,u_328) MDDNode(2,u_329), remove node: MDDNode(2,u_172)
layer 2 incoming edges: 17
split the incoming edges: 17 9 8
the value pair of raw_data is: 6265
split the outgoings edges: 62 51 47 98
add node: MDDNode(2,u_330) MDDNode(2,u_331), remove node: MDDNode(2,u_173)
layer 2 incoming edges: 17
split the incoming edges: 17 10 7
the value pair of raw_data is: 6265
split the outgoings edges: 72 61 56 117
add node: MDDNode(2,u_332) MDDNode(2,u_333), remove node: MDDNode(2,u_174)
layer 2 incoming edges: 15
split the incoming edges: 15 7 8
the value pair of raw_data is: 6265
split the outgoings edges: 65 53 59 112
add node: MDDNode(2,u_334) MDDNode(2,u_335), remove node: MDDNode(2,u_175)
layer 2 incoming edges: 14
split the incoming edges: 14 8 6
the value pair of raw_data is: 6265
split the outgoings edges: 52 43 31 74
add node: MDDNode(2,u_336) MDDNode(2,u_337), remove node: MDDNode(2,u_176)
layer 2 incoming edges: 22
split the incoming edges: 22 7 15
the value pair of raw_data is: 6265
split the outgoings edges: 71 54 66 120
add node: MDDNode(2,u_338) MDDNode(2,u_339), remove node: MDDNode(2,u_177)
layer 2 incoming edges: 12
split the incoming edges: 12 6 6
the value pair of raw_data is: 6265
split the outgoings edges: 59 53 43 96
add node: MDDNode(2,u_340) MDDNode(2,u_341), remove node: MDDNode(2,u_178)
layer 2 incoming edges: 14
split the incoming edges: 14 8 6
the value pair of raw_data is: 6265
split the outgoings edges: 65 61 31 92
add node: MDDNode(2,u_342) MDDNode(2,u_343), remove node: MDDNode(2,u_179)
layer 2 incoming edges: 12
split the incoming edges: 12 3 9
the value pair of raw_data is: 6265
split the outgoings edges: 54 23 49 72
add node: MDDNode(2,u_344) MDDNode(2,u_345), remove node: MDDNode(2,u_180)
layer 2 incoming edges: 11
split the incoming edges: 11 3 8
the value pair of raw_data is: 6265
split the outgoings edges: 57 31 54 85
add node: MDDNode(2,u_346) MDDNode(2,u_347), remove node: MDDNode(2,u_181)
layer 2 incoming edges: 13
split the incoming edges: 13 9 4
the value pair of raw_data is: 6265
split the outgoings edges: 59 53 33 86
add node: MDDNode(2,u_348) MDDNode(2,u_349), remove node: MDDNode(2,u_182)
layer 2 incoming edges: 21
split the incoming edges: 21 12 9
the value pair of raw_data is: 6265
split the outgoings edges: 69 62 53 115
add node: MDDNode(2,u_350) MDDNode(2,u_351), remove node: MDDNode(2,u_183)
layer 2 incoming edges: 9
split the incoming edges: 9 5 4
the value pair of raw_data is: 6265
split the outgoings edges: 54 48 26 74
add node: MDDNode(2,u_352) MDDNode(2,u_353), remove node: MDDNode(2,u_184)
layer 2 incoming edges: 18
split the incoming edges: 18 9 9
the value pair of raw_data is: 6265
split the outgoings edges: 60 54 51 105
add node: MDDNode(2,u_354) MDDNode(2,u_355), remove node: MDDNode(2,u_185)
layer 2 incoming edges: 21
split the incoming edges: 21 8 13
the value pair of raw_data is: 6265
split the outgoings edges: 60 32 57 89
add node: MDDNode(2,u_356) MDDNode(2,u_357), remove node: MDDNode(2,u_186)
layer 2 incoming edges: 25
split the incoming edges: 25 11 14
the value pair of raw_data is: 6265
split the outgoings edges: 68 49 64 113
add node: MDDNode(2,u_358) MDDNode(2,u_359), remove node: MDDNode(2,u_187)
3 32 64
layer 3 incoming edges: 92
split the incoming edges: 92 45 47
the value pair of raw_data is: 202
split the outgoings edges: 49 46 32 78
add node: MDDNode(3,u_360) MDDNode(3,u_361), remove node: MDDNode(3,u_188)
layer 3 incoming edges: 101
split the incoming edges: 101 49 52
the value pair of raw_data is: 202
split the outgoings edges: 44 40 40 80
add node: MDDNode(3,u_362) MDDNode(3,u_363), remove node: MDDNode(3,u_189)
layer 3 incoming edges: 84
split the incoming edges: 84 36 48
the value pair of raw_data is: 202
split the outgoings edges: 64 45 52 97
add node: MDDNode(3,u_364) MDDNode(3,u_365), remove node: MDDNode(3,u_190)
layer 3 incoming edges: 78
split the incoming edges: 78 38 40
the value pair of raw_data is: 202
split the outgoings edges: 53 44 34 78
add node: MDDNode(3,u_366) MDDNode(3,u_367), remove node: MDDNode(3,u_191)
layer 3 incoming edges: 90
split the incoming edges: 90 49 41
the value pair of raw_data is: 202
split the outgoings edges: 64 52 41 93
add node: MDDNode(3,u_368) MDDNode(3,u_369), remove node: MDDNode(3,u_192)
layer 3 incoming edges: 92
split the incoming edges: 92 50 42
the value pair of raw_data is: 202
split the outgoings edges: 76 53 56 109
add node: MDDNode(3,u_370) MDDNode(3,u_371), remove node: MDDNode(3,u_193)
layer 3 incoming edges: 102
split the incoming edges: 102 52 50
the value pair of raw_data is: 202
split the outgoings edges: 68 62 36 98
add node: MDDNode(3,u_372) MDDNode(3,u_373), remove node: MDDNode(3,u_194)
layer 3 incoming edges: 83
split the incoming edges: 83 43 40
the value pair of raw_data is: 202
split the outgoings edges: 47 36 38 74
add node: MDDNode(3,u_374) MDDNode(3,u_375), remove node: MDDNode(3,u_195)
layer 3 incoming edges: 92
split the incoming edges: 92 39 53
the value pair of raw_data is: 202
split the outgoings edges: 66 48 58 106
add node: MDDNode(3,u_376) MDDNode(3,u_377), remove node: MDDNode(3,u_196)
layer 3 incoming edges: 110
split the incoming edges: 110 51 59
the value pair of raw_data is: 202
split the outgoings edges: 75 56 68 124
add node: MDDNode(3,u_378) MDDNode(3,u_379), remove node: MDDNode(3,u_197)
layer 3 incoming edges: 101
split the incoming edges: 101 51 50
the value pair of raw_data is: 202
split the outgoings edges: 61 48 43 91
add node: MDDNode(3,u_380) MDDNode(3,u_381), remove node: MDDNode(3,u_198)
layer 3 incoming edges: 97
split the incoming edges: 97 49 48
the value pair of raw_data is: 202
split the outgoings edges: 61 47 56 103
add node: MDDNode(3,u_382) MDDNode(3,u_383), remove node: MDDNode(3,u_199)
layer 3 incoming edges: 77
split the incoming edges: 77 40 37
the value pair of raw_data is: 202
split the outgoings edges: 55 45 47 92
add node: MDDNode(3,u_384) MDDNode(3,u_385), remove node: MDDNode(3,u_200)
layer 3 incoming edges: 84
split the incoming edges: 84 51 33
the value pair of raw_data is: 202
split the outgoings edges: 55 41 44 85
add node: MDDNode(3,u_386) MDDNode(3,u_387), remove node: MDDNode(3,u_201)
layer 3 incoming edges: 88
split the incoming edges: 88 43 45
the value pair of raw_data is: 202
split the outgoings edges: 60 59 51 110
add node: MDDNode(3,u_388) MDDNode(3,u_389), remove node: MDDNode(3,u_202)
layer 3 incoming edges: 62
split the incoming edges: 62 37 25
the value pair of raw_data is: 202
split the outgoings edges: 42 24 35 59
add node: MDDNode(3,u_390) MDDNode(3,u_391), remove node: MDDNode(3,u_203)
layer 3 incoming edges: 99
split the incoming edges: 99 56 43
the value pair of raw_data is: 202
split the outgoings edges: 60 57 47 104
add node: MDDNode(3,u_392) MDDNode(3,u_393), remove node: MDDNode(3,u_204)
layer 3 incoming edges: 121
split the incoming edges: 121 69 52
the value pair of raw_data is: 202
split the outgoings edges: 66 51 53 104
add node: MDDNode(3,u_394) MDDNode(3,u_395), remove node: MDDNode(3,u_205)
layer 3 incoming edges: 90
split the incoming edges: 90 46 44
the value pair of raw_data is: 202
split the outgoings edges: 57 46 47 93
add node: MDDNode(3,u_396) MDDNode(3,u_397), remove node: MDDNode(3,u_206)
layer 3 incoming edges: 102
split the incoming edges: 102 50 52
the value pair of raw_data is: 202
split the outgoings edges: 52 45 48 93
add node: MDDNode(3,u_398) MDDNode(3,u_399), remove node: MDDNode(3,u_207)
layer 3 incoming edges: 95
split the incoming edges: 95 43 52
the value pair of raw_data is: 202
split the outgoings edges: 71 51 44 95
add node: MDDNode(3,u_400) MDDNode(3,u_401), remove node: MDDNode(3,u_208)
layer 3 incoming edges: 108
split the incoming edges: 108 53 55
the value pair of raw_data is: 202
split the outgoings edges: 67 54 48 102
add node: MDDNode(3,u_402) MDDNode(3,u_403), remove node: MDDNode(3,u_209)
layer 3 incoming edges: 108
split the incoming edges: 108 53 55
the value pair of raw_data is: 202
split the outgoings edges: 79 65 72 137
add node: MDDNode(3,u_404) MDDNode(3,u_405), remove node: MDDNode(3,u_210)
layer 3 incoming edges: 89
split the incoming edges: 89 40 49
the value pair of raw_data is: 202
split the outgoings edges: 69 47 50 97
add node: MDDNode(3,u_406) MDDNode(3,u_407), remove node: MDDNode(3,u_211)
layer 3 incoming edges: 106
split the incoming edges: 106 54 52
the value pair of raw_data is: 202
split the outgoings edges: 54 43 49 92
add node: MDDNode(3,u_408) MDDNode(3,u_409), remove node: MDDNode(3,u_212)
layer 3 incoming edges: 138
split the incoming edges: 138 69 69
the value pair of raw_data is: 202
split the outgoings edges: 65 57 51 108
add node: MDDNode(3,u_410) MDDNode(3,u_411), remove node: MDDNode(3,u_213)
layer 3 incoming edges: 86
split the incoming edges: 86 45 41
the value pair of raw_data is: 202
split the outgoings edges: 48 34 45 79
add node: MDDNode(3,u_412) MDDNode(3,u_413), remove node: MDDNode(3,u_214)
layer 3 incoming edges: 113
split the incoming edges: 113 65 48
the value pair of raw_data is: 202
split the outgoings edges: 48 44 40 84
add node: MDDNode(3,u_414) MDDNode(3,u_415), remove node: MDDNode(3,u_215)
layer 3 incoming edges: 77
split the incoming edges: 77 43 34
the value pair of raw_data is: 202
split the outgoings edges: 56 38 43 81
add node: MDDNode(3,u_416) MDDNode(3,u_417), remove node: MDDNode(3,u_216)
layer 3 incoming edges: 89
split the incoming edges: 89 50 39
the value pair of raw_data is: 202
split the outgoings edges: 54 52 43 95
add node: MDDNode(3,u_418) MDDNode(3,u_419), remove node: MDDNode(3,u_217)
layer 3 incoming edges: 91
split the incoming edges: 91 48 43
the value pair of raw_data is: 202
split the outgoings edges: 61 49 55 104
add node: MDDNode(3,u_420) MDDNode(3,u_421), remove node: MDDNode(3,u_218)
layer 3 incoming edges: 76
split the incoming edges: 76 38 38
the value pair of raw_data is: 202
split the outgoings edges: 57 52 48 100
add node: MDDNode(3,u_422) MDDNode(3,u_423), remove node: MDDNode(3,u_219)
4 32 64
layer 4 incoming edges: 91
split the incoming edges: 91 49 42
the value pair of raw_data is: 161
split the outgoings edges: 1 1 1 2
add node: MDDNode(4,u_424) MDDNode(4,u_425), remove node: MDDNode(4,u_220)
layer 4 incoming edges: 103
split the incoming edges: 103 55 48
the value pair of raw_data is: 161
split the outgoings edges: 1 1 1 2
add node: MDDNode(4,u_426) MDDNode(4,u_427), remove node: MDDNode(4,u_221)
layer 4 incoming edges: 81
split the incoming edges: 81 39 42
the value pair of raw_data is: 161
split the outgoings edges: 1 1 1 2
add node: MDDNode(4,u_428) MDDNode(4,u_429), remove node: MDDNode(4,u_222)
layer 4 incoming edges: 98
split the incoming edges: 98 51 47
the value pair of raw_data is: 161
split the outgoings edges: 1 1 1 2
add node: MDDNode(4,u_430) MDDNode(4,u_431), remove node: MDDNode(4,u_223)
layer 4 incoming edges: 99
split the incoming edges: 99 57 42
the value pair of raw_data is: 161
split the outgoings edges: 1 1 1 2
add node: MDDNode(4,u_432) MDDNode(4,u_433), remove node: MDDNode(4,u_224)
layer 4 incoming edges: 107
split the incoming edges: 107 46 61
the value pair of raw_data is: 161
split the outgoings edges: 1 1 1 2
add node: MDDNode(4,u_434) MDDNode(4,u_435), remove node: MDDNode(4,u_225)
layer 4 incoming edges: 72
split the incoming edges: 72 34 38
the value pair of raw_data is: 161
split the outgoings edges: 1 1 1 2
add node: MDDNode(4,u_436) MDDNode(4,u_437), remove node: MDDNode(4,u_226)
layer 4 incoming edges: 73
split the incoming edges: 73 41 32
the value pair of raw_data is: 161
split the outgoings edges: 1 1 1 2
add node: MDDNode(4,u_438) MDDNode(4,u_439), remove node: MDDNode(4,u_227)
layer 4 incoming edges: 89
split the incoming edges: 89 50 39
the value pair of raw_data is: 161
split the outgoings edges: 1 1 1 2
add node: MDDNode(4,u_440) MDDNode(4,u_441), remove node: MDDNode(4,u_228)
layer 4 incoming edges: 89
split the incoming edges: 89 47 42
the value pair of raw_data is: 161
split the outgoings edges: 1 1 1 2
add node: MDDNode(4,u_442) MDDNode(4,u_443), remove node: MDDNode(4,u_229)
layer 4 incoming edges: 79
split the incoming edges: 79 41 38
the value pair of raw_data is: 161
split the outgoings edges: 1 1 1 2
add node: MDDNode(4,u_444) MDDNode(4,u_445), remove node: MDDNode(4,u_230)
layer 4 incoming edges: 83
split the incoming edges: 83 38 45
the value pair of raw_data is: 161
split the outgoings edges: 1 1 1 2
add node: MDDNode(4,u_446) MDDNode(4,u_447), remove node: MDDNode(4,u_231)
layer 4 incoming edges: 102
split the incoming edges: 102 50 52
the value pair of raw_data is: 161
split the outgoings edges: 1 1 1 2
add node: MDDNode(4,u_448) MDDNode(4,u_449), remove node: MDDNode(4,u_232)
layer 4 incoming edges: 98
split the incoming edges: 98 48 50
the value pair of raw_data is: 161
split the outgoings edges: 1 1 1 2
add node: MDDNode(4,u_450) MDDNode(4,u_451), remove node: MDDNode(4,u_233)
layer 4 incoming edges: 105
split the incoming edges: 105 53 52
the value pair of raw_data is: 161
split the outgoings edges: 1 1 1 2
add node: MDDNode(4,u_452) MDDNode(4,u_453), remove node: MDDNode(4,u_234)
layer 4 incoming edges: 112
split the incoming edges: 112 44 68
the value pair of raw_data is: 161
split the outgoings edges: 1 1 1 2
add node: MDDNode(4,u_454) MDDNode(4,u_455), remove node: MDDNode(4,u_235)
layer 4 incoming edges: 98
split the incoming edges: 98 47 51
the value pair of raw_data is: 161
split the outgoings edges: 1 1 1 2
add node: MDDNode(4,u_456) MDDNode(4,u_457), remove node: MDDNode(4,u_236)
layer 4 incoming edges: 89
split the incoming edges: 89 40 49
the value pair of raw_data is: 161
split the outgoings edges: 1 1 1 2
add node: MDDNode(4,u_458) MDDNode(4,u_459), remove node: MDDNode(4,u_237)
layer 4 incoming edges: 110
split the incoming edges: 110 48 62
the value pair of raw_data is: 161
split the outgoings edges: 1 1 1 2
add node: MDDNode(4,u_460) MDDNode(4,u_461), remove node: MDDNode(4,u_238)
layer 4 incoming edges: 122
split the incoming edges: 122 66 56
the value pair of raw_data is: 161
split the outgoings edges: 1 1 1 2
add node: MDDNode(4,u_462) MDDNode(4,u_463), remove node: MDDNode(4,u_239)
layer 4 incoming edges: 97
split the incoming edges: 97 46 51
the value pair of raw_data is: 161
split the outgoings edges: 1 1 1 2
add node: MDDNode(4,u_464) MDDNode(4,u_465), remove node: MDDNode(4,u_240)
layer 4 incoming edges: 81
split the incoming edges: 81 38 43
the value pair of raw_data is: 161
split the outgoings edges: 1 1 1 2
add node: MDDNode(4,u_466) MDDNode(4,u_467), remove node: MDDNode(4,u_241)
layer 4 incoming edges: 133
split the incoming edges: 133 60 73
the value pair of raw_data is: 161
split the outgoings edges: 1 1 1 2
add node: MDDNode(4,u_468) MDDNode(4,u_469), remove node: MDDNode(4,u_242)
layer 4 incoming edges: 106
split the incoming edges: 106 57 49
the value pair of raw_data is: 161
split the outgoings edges: 1 1 1 2
add node: MDDNode(4,u_470) MDDNode(4,u_471), remove node: MDDNode(4,u_243)
layer 4 incoming edges: 97
split the incoming edges: 97 46 51
the value pair of raw_data is: 161
split the outgoings edges: 1 1 1 2
add node: MDDNode(4,u_472) MDDNode(4,u_473), remove node: MDDNode(4,u_244)
layer 4 incoming edges: 83
split the incoming edges: 83 44 39
the value pair of raw_data is: 161
split the outgoings edges: 1 1 1 2
add node: MDDNode(4,u_474) MDDNode(4,u_475), remove node: MDDNode(4,u_245)
layer 4 incoming edges: 72
split the incoming edges: 72 35 37
the value pair of raw_data is: 161
split the outgoings edges: 1 1 1 2
add node: MDDNode(4,u_476) MDDNode(4,u_477), remove node: MDDNode(4,u_246)
layer 4 incoming edges: 99
split the incoming edges: 99 50 49
the value pair of raw_data is: 161
split the outgoings edges: 1 1 1 2
add node: MDDNode(4,u_478) MDDNode(4,u_479), remove node: MDDNode(4,u_247)
layer 4 incoming edges: 114
split the incoming edges: 114 48 66
the value pair of raw_data is: 161
split the outgoings edges: 1 1 1 2
add node: MDDNode(4,u_480) MDDNode(4,u_481), remove node: MDDNode(4,u_248)
layer 4 incoming edges: 106
split the incoming edges: 106 45 61
the value pair of raw_data is: 161
split the outgoings edges: 1 1 1 2
add node: MDDNode(4,u_482) MDDNode(4,u_483), remove node: MDDNode(4,u_249)
layer 4 incoming edges: 65
split the incoming edges: 65 22 43
the value pair of raw_data is: 161
split the outgoings edges: 1 1 1 2
add node: MDDNode(4,u_484) MDDNode(4,u_485), remove node: MDDNode(4,u_250)
layer 4 incoming edges: 92
split the incoming edges: 92 44 48
the value pair of raw_data is: 161
split the outgoings edges: 1 1 1 2
add node: MDDNode(4,u_486) MDDNode(4,u_487), remove node: MDDNode(4,u_251)
1 53 64
layer 1 incoming edges: 2
split the incoming edges: 2 1 1
the value pair of raw_data is: 492
split the outgoings edges: 5 4 1 5
add node: MDDNode(1,u_488) MDDNode(1,u_489), remove node: MDDNode(1,u_126)
layer 1 incoming edges: 3
split the incoming edges: 3 1 2
the value pair of raw_data is: 492
split the outgoings edges: 11 2 9 11
add node: MDDNode(1,u_490) MDDNode(1,u_491), remove node: MDDNode(1,u_128)
layer 1 incoming edges: 1
one of splitted has no income edge:0 1
layer 1 incoming edges: 3
split the incoming edges: 3 2 1
the value pair of raw_data is: 492
split the outgoings edges: 18 13 5 18
add node: MDDNode(1,u_492) MDDNode(1,u_493), remove node: MDDNode(1,u_132)
layer 1 incoming edges: 1
one of splitted has no income edge:1 0
layer 1 incoming edges: 3
split the incoming edges: 3 2 1
the value pair of raw_data is: 492
split the outgoings edges: 8 4 4 8
add node: MDDNode(1,u_494) MDDNode(1,u_495), remove node: MDDNode(1,u_144)
layer 1 incoming edges: 1
one of splitted has no income edge:0 1
layer 1 incoming edges: 2
one of splitted has no income edge:2 0
layer 1 incoming edges: 5
split the incoming edges: 5 3 2
the value pair of raw_data is: 492
split the outgoings edges: 17 14 5 19
add node: MDDNode(1,u_496) MDDNode(1,u_497), remove node: MDDNode(1,u_155)
layer 1 incoming edges: 4
split the incoming edges: 4 2 2
the value pair of raw_data is: 492
split the outgoings edges: 21 13 8 21
add node: MDDNode(1,u_498) MDDNode(1,u_499), remove node: MDDNode(1,u_252)
layer 1 incoming edges: 1
one of splitted has no income edge:1 0
layer 1 incoming edges: 1
one of splitted has no income edge:1 0
layer 1 incoming edges: 2
split the incoming edges: 2 1 1
the value pair of raw_data is: 492
split the outgoings edges: 8 3 5 8
add node: MDDNode(1,u_500) MDDNode(1,u_501), remove node: MDDNode(1,u_255)
layer 1 incoming edges: 1
one of splitted has no income edge:1 0
layer 1 incoming edges: 1
one of splitted has no income edge:1 0
layer 1 incoming edges: 3
one of splitted has no income edge:3 0
layer 1 incoming edges: 4
split the incoming edges: 4 3 1
the value pair of raw_data is: 492
split the outgoings edges: 34 20 14 34
add node: MDDNode(1,u_502) MDDNode(1,u_503), remove node: MDDNode(1,u_259)
layer 1 incoming edges: 1
one of splitted has no income edge:1 0
layer 1 incoming edges: 2
one of splitted has no income edge:2 0
layer 1 incoming edges: 3
split the incoming edges: 3 1 2
the value pair of raw_data is: 492
split the outgoings edges: 14 6 8 14
add node: MDDNode(1,u_504) MDDNode(1,u_505), remove node: MDDNode(1,u_262)
layer 1 incoming edges: 1
one of splitted has no income edge:0 1
layer 1 incoming edges: 1
one of splitted has no income edge:0 1
layer 1 incoming edges: 3
split the incoming edges: 3 1 2
the value pair of raw_data is: 492
split the outgoings edges: 7 2 5 7
add node: MDDNode(1,u_506) MDDNode(1,u_507), remove node: MDDNode(1,u_265)
layer 1 incoming edges: 2
split the incoming edges: 2 1 1
the value pair of raw_data is: 492
split the outgoings edges: 20 12 8 20
add node: MDDNode(1,u_508) MDDNode(1,u_509), remove node: MDDNode(1,u_266)
layer 1 incoming edges: 5
node canot be splitted, beacause reaching the bound!: 64
layer 1 incoming edges: 3
one of splitted has no income edge:0 3
layer 1 incoming edges: 2
one of splitted has no income edge:0 2
layer 1 incoming edges: 2
one of splitted has no income edge:2 0
layer 1 incoming edges: 1
one of splitted has no income edge:0 1
layer 1 incoming edges: 1
one of splitted has no income edge:0 1
layer 1 incoming edges: 1
one of splitted has no income edge:1 0
layer 1 incoming edges: 4
node canot be splitted, beacause reaching the bound!: 64
layer 1 incoming edges: 1
one of splitted has no income edge:0 1
layer 1 incoming edges: 2
one of splitted has no income edge:0 2
layer 1 incoming edges: 3
one of splitted has no income edge:3 0
layer 1 incoming edges: 4
node canot be splitted, beacause reaching the bound!: 64
layer 1 incoming edges: 1
one of splitted has no income edge:0 1
layer 1 incoming edges: 1
one of splitted has no income edge:1 0
layer 1 incoming edges: 2
one of splitted has no income edge:2 0
layer 1 incoming edges: 2
one of splitted has no income edge:0 2
layer 1 incoming edges: 2
one of splitted has no income edge:0 2
layer 1 incoming edges: 1
one of splitted has no income edge:0 1
layer 1 incoming edges: 2
node canot be splitted, beacause reaching the bound!: 64
layer 1 incoming edges: 2
node canot be splitted, beacause reaching the bound!: 64
layer 1 incoming edges: 1
one of splitted has no income edge:1 0
layer 1 incoming edges: 2
node canot be splitted, beacause reaching the bound!: 64
layer 1 incoming edges: 2
one of splitted has no income edge:0 2
layer 1 incoming edges: 2
node canot be splitted, beacause reaching the bound!: 64
layer 1 incoming edges: 1
one of splitted has no income edge:0 1
layer 1 incoming edges: 2
node canot be splitted, beacause reaching the bound!: 64
layer 1 incoming edges: 2
one of splitted has no income edge:0 2
layer 1 incoming edges: 1
one of splitted has no income edge:1 0
layer 1 incoming edges: 5
node canot be splitted, beacause reaching the bound!: 64
The bucket size: [25]
the graph width list : [1, 64, 64, 64, 64, 1]
iter= 1 dev 0.2685   test 0.2554   intelligible 0.3273   english 0.2719   gold 0.5205   save acc: 0.3273 time: 2019-11-28T01:13 
iter= 2 dev 0.3062   test 0.2890   intelligible 0.3742   english 0.3108   gold 0.6045   save acc: 0.3742 time: 2019-11-28T01:14 
iter= 3 dev 0.3085   test 0.2967   intelligible 0.3864   english 0.3186   gold 0.6284   save acc: 0.3864 time: 2019-11-28T01:15 
iter= 4 dev 0.3092   test 0.3016   intelligible 0.3917   english 0.3233   gold 0.6473   save acc: 0.3917 time: 2019-11-28T01:16 
iter= 5 dev 0.3126   test 0.2998   intelligible 0.3852   english 0.3183   gold 0.6490   
iter= 6 dev 0.3123   test 0.3029   intelligible 0.3928   english 0.3227   gold 0.6541   save acc: 0.3928 time: 2019-11-28T01:18 
iter= 7 dev 0.3149   test 0.3120   intelligible 0.3985   english 0.3311   gold 0.6610   save acc: 0.3985 time: 2019-11-28T01:19 
iter= 8 dev 0.3166   test 0.3099   intelligible 0.3985   english 0.3296   gold 0.6558   
iter= 9 dev 0.3187   test 0.3120   intelligible 0.3996   english 0.3319   gold 0.6627   save acc: 0.3996 time: 2019-11-28T01:21 
iter= 10 dev 0.3164   test 0.3091   intelligible 0.3977   english 0.3299   gold 0.6575   
iter= 11 dev 0.3166   test 0.3114   intelligible 0.3996   english 0.3311   gold 0.6729   
iter= 12 dev 0.3161   test 0.3047   intelligible 0.3905   english 0.3242   gold 0.6575   
iter= 13 dev 0.3173   test 0.3096   intelligible 0.3989   english 0.3302   gold 0.6627   
iter= 14 dev 0.3154   test 0.3081   intelligible 0.3970   english 0.3290   gold 0.6575   
iter= 15 dev 0.3159   test 0.3096   intelligible 0.3985   english 0.3299   gold 0.6627   
iter= 16 dev 0.3130   test 0.3102   intelligible 0.3973   english 0.3290   gold 0.6610   
iter= 17 dev 0.3149   test 0.3078   intelligible 0.3958   english 0.3278   gold 0.6610   
iter= 18 dev 0.3147   test 0.3076   intelligible 0.3958   english 0.3278   gold 0.6610   
iter= 19 dev 0.3147   test 0.3078   intelligible 0.3973   english 0.3290   gold 0.6575   
iter= 20 dev 0.3147   test 0.3091   intelligible 0.3970   english 0.3290   gold 0.6575   
iter= 21 dev 0.3152   test 0.3083   intelligible 0.3973   english 0.3290   gold 0.6575   
