args Namespace(config='configs/config_l.json', dataset='dataset/IFTTT/msr_data.pkl', load_model=None, mode='train', output='model/ifttt/width-64/pid-8-', width='64')
configure: {'max_word_id': 4000, 'bidirectional': True, 'cell_type': 'lstm', 'decoder': 'attention', 'embedding_size': 50, 'keep_prob': 0.5, 'memory_size': 25, 'num_layers': 1, 'num_units': 50, 'use_embedding': True, 'epoches': 20, 'batch_size': 32, 'init': {'name': 'random_uniform_initializer', 'scale': 0.1}, 'lr_scheduler': {'decay_steps': 5000, 'init_lr': 0.01, 'staircase': True}, 'max_grad_norm': 1, 'optimizer': 'AdamOptimizer'}
# path 8580
save to model/ifttt/width-64/pid-8-IFTTT-w-64.json
load json
numArcLayers: 5
1 1 64
layer 1 incoming edges: 111
split the incoming edges: 111 56 55
the value pair of raw_data is: 492
split the outgoings edges: 443 209 253 462
add node: MDDNode(1,u_6) MDDNode(1,u_7), remove node: MDDNode(1,u_1)
2 1 64
layer 2 incoming edges: 462
split the incoming edges: 462 208 254
the value pair of raw_data is: 6265
split the outgoings edges: 88 88 88 176
add node: MDDNode(2,u_8) MDDNode(2,u_9), remove node: MDDNode(2,u_2)
3 1 64
layer 3 incoming edges: 176
split the incoming edges: 176 96 80
the value pair of raw_data is: 202
split the outgoings edges: 161 137 132 269
add node: MDDNode(3,u_10) MDDNode(3,u_11), remove node: MDDNode(3,u_3)
4 1 64
layer 4 incoming edges: 269
split the incoming edges: 269 124 145
the value pair of raw_data is: 161
split the outgoings edges: 1 1 1 2
add node: MDDNode(4,u_12) MDDNode(4,u_13), remove node: MDDNode(4,u_4)
1 2 64
layer 1 incoming edges: 56
split the incoming edges: 56 29 27
the value pair of raw_data is: 492
split the outgoings edges: 209 125 91 216
add node: MDDNode(1,u_14) MDDNode(1,u_15), remove node: MDDNode(1,u_6)
layer 1 incoming edges: 55
split the incoming edges: 55 28 27
the value pair of raw_data is: 492
split the outgoings edges: 253 142 117 259
add node: MDDNode(1,u_16) MDDNode(1,u_17), remove node: MDDNode(1,u_7)
2 2 64
layer 2 incoming edges: 212
split the incoming edges: 212 97 115
the value pair of raw_data is: 6265
split the outgoings edges: 88 83 87 170
add node: MDDNode(2,u_18) MDDNode(2,u_19), remove node: MDDNode(2,u_8)
layer 2 incoming edges: 263
split the incoming edges: 263 126 137
the value pair of raw_data is: 6265
split the outgoings edges: 88 85 87 172
add node: MDDNode(2,u_20) MDDNode(2,u_21), remove node: MDDNode(2,u_9)
3 2 64
layer 3 incoming edges: 189
split the incoming edges: 189 89 100
the value pair of raw_data is: 202
split the outgoings edges: 137 112 123 235
add node: MDDNode(3,u_22) MDDNode(3,u_23), remove node: MDDNode(3,u_10)
layer 3 incoming edges: 153
split the incoming edges: 153 68 85
the value pair of raw_data is: 202
split the outgoings edges: 132 97 118 215
add node: MDDNode(3,u_24) MDDNode(3,u_25), remove node: MDDNode(3,u_11)
4 2 64
layer 4 incoming edges: 211
split the incoming edges: 211 106 105
the value pair of raw_data is: 161
split the outgoings edges: 1 1 1 2
add node: MDDNode(4,u_26) MDDNode(4,u_27), remove node: MDDNode(4,u_12)
layer 4 incoming edges: 239
split the incoming edges: 239 124 115
the value pair of raw_data is: 161
split the outgoings edges: 1 1 1 2
add node: MDDNode(4,u_28) MDDNode(4,u_29), remove node: MDDNode(4,u_13)
1 4 64
layer 1 incoming edges: 29
split the incoming edges: 29 10 19
the value pair of raw_data is: 492
split the outgoings edges: 125 45 80 125
add node: MDDNode(1,u_30) MDDNode(1,u_31), remove node: MDDNode(1,u_14)
layer 1 incoming edges: 27
split the incoming edges: 27 10 17
the value pair of raw_data is: 492
split the outgoings edges: 91 45 49 94
add node: MDDNode(1,u_32) MDDNode(1,u_33), remove node: MDDNode(1,u_15)
layer 1 incoming edges: 28
split the incoming edges: 28 15 13
the value pair of raw_data is: 492
split the outgoings edges: 142 87 57 144
add node: MDDNode(1,u_34) MDDNode(1,u_35), remove node: MDDNode(1,u_16)
layer 1 incoming edges: 27
split the incoming edges: 27 12 15
the value pair of raw_data is: 492
split the outgoings edges: 117 35 82 117
add node: MDDNode(1,u_36) MDDNode(1,u_37), remove node: MDDNode(1,u_17)
2 4 64
layer 2 incoming edges: 99
split the incoming edges: 99 42 57
the value pair of raw_data is: 6265
split the outgoings edges: 83 75 79 154
add node: MDDNode(2,u_38) MDDNode(2,u_39), remove node: MDDNode(2,u_18)
layer 2 incoming edges: 115
split the incoming edges: 115 57 58
the value pair of raw_data is: 6265
split the outgoings edges: 87 84 83 167
add node: MDDNode(2,u_40) MDDNode(2,u_41), remove node: MDDNode(2,u_19)
layer 2 incoming edges: 128
split the incoming edges: 128 64 64
the value pair of raw_data is: 6265
split the outgoings edges: 85 83 82 165
add node: MDDNode(2,u_42) MDDNode(2,u_43), remove node: MDDNode(2,u_20)
layer 2 incoming edges: 138
split the incoming edges: 138 70 68
the value pair of raw_data is: 6265
split the outgoings edges: 87 81 83 164
add node: MDDNode(2,u_44) MDDNode(2,u_45), remove node: MDDNode(2,u_21)
3 4 64
layer 3 incoming edges: 171
split the incoming edges: 171 81 90
the value pair of raw_data is: 202
split the outgoings edges: 112 102 85 187
add node: MDDNode(3,u_46) MDDNode(3,u_47), remove node: MDDNode(3,u_22)
layer 3 incoming edges: 189
split the incoming edges: 189 112 77
the value pair of raw_data is: 202
split the outgoings edges: 123 113 104 217
add node: MDDNode(3,u_48) MDDNode(3,u_49), remove node: MDDNode(3,u_23)
layer 3 incoming edges: 130
split the incoming edges: 130 56 74
the value pair of raw_data is: 202
split the outgoings edges: 97 80 88 168
add node: MDDNode(3,u_50) MDDNode(3,u_51), remove node: MDDNode(3,u_24)
layer 3 incoming edges: 160
split the incoming edges: 160 77 83
the value pair of raw_data is: 202
split the outgoings edges: 118 100 100 200
add node: MDDNode(3,u_52) MDDNode(3,u_53), remove node: MDDNode(3,u_25)
4 4 64
layer 4 incoming edges: 182
split the incoming edges: 182 77 105
the value pair of raw_data is: 161
split the outgoings edges: 1 1 1 2
add node: MDDNode(4,u_54) MDDNode(4,u_55), remove node: MDDNode(4,u_26)
layer 4 incoming edges: 177
split the incoming edges: 177 95 82
the value pair of raw_data is: 161
split the outgoings edges: 1 1 1 2
add node: MDDNode(4,u_56) MDDNode(4,u_57), remove node: MDDNode(4,u_27)
layer 4 incoming edges: 216
split the incoming edges: 216 104 112
the value pair of raw_data is: 161
split the outgoings edges: 1 1 1 2
add node: MDDNode(4,u_58) MDDNode(4,u_59), remove node: MDDNode(4,u_28)
layer 4 incoming edges: 197
split the incoming edges: 197 104 93
the value pair of raw_data is: 161
split the outgoings edges: 1 1 1 2
add node: MDDNode(4,u_60) MDDNode(4,u_61), remove node: MDDNode(4,u_29)
1 8 64
layer 1 incoming edges: 10
split the incoming edges: 10 5 5
the value pair of raw_data is: 492
split the outgoings edges: 45 17 28 45
add node: MDDNode(1,u_62) MDDNode(1,u_63), remove node: MDDNode(1,u_30)
layer 1 incoming edges: 19
split the incoming edges: 19 7 12
the value pair of raw_data is: 492
split the outgoings edges: 80 17 66 83
add node: MDDNode(1,u_64) MDDNode(1,u_65), remove node: MDDNode(1,u_31)
layer 1 incoming edges: 10
split the incoming edges: 10 6 4
the value pair of raw_data is: 492
split the outgoings edges: 45 34 11 45
add node: MDDNode(1,u_66) MDDNode(1,u_67), remove node: MDDNode(1,u_32)
layer 1 incoming edges: 17
split the incoming edges: 17 6 11
the value pair of raw_data is: 492
split the outgoings edges: 49 22 29 51
add node: MDDNode(1,u_68) MDDNode(1,u_69), remove node: MDDNode(1,u_33)
layer 1 incoming edges: 15
split the incoming edges: 15 11 4
the value pair of raw_data is: 492
split the outgoings edges: 87 65 22 87
add node: MDDNode(1,u_70) MDDNode(1,u_71), remove node: MDDNode(1,u_34)
layer 1 incoming edges: 13
split the incoming edges: 13 7 6
the value pair of raw_data is: 492
split the outgoings edges: 57 37 20 57
add node: MDDNode(1,u_72) MDDNode(1,u_73), remove node: MDDNode(1,u_35)
layer 1 incoming edges: 12
split the incoming edges: 12 6 6
the value pair of raw_data is: 492
split the outgoings edges: 35 19 16 35
add node: MDDNode(1,u_74) MDDNode(1,u_75), remove node: MDDNode(1,u_36)
layer 1 incoming edges: 15
split the incoming edges: 15 6 9
the value pair of raw_data is: 492
split the outgoings edges: 82 19 65 84
add node: MDDNode(1,u_76) MDDNode(1,u_77), remove node: MDDNode(1,u_37)
2 8 64
layer 2 incoming edges: 43
split the incoming edges: 43 24 19
the value pair of raw_data is: 6265
split the outgoings edges: 75 71 61 132
add node: MDDNode(2,u_78) MDDNode(2,u_79), remove node: MDDNode(2,u_38)
layer 2 incoming edges: 58
split the incoming edges: 58 33 25
the value pair of raw_data is: 6265
split the outgoings edges: 79 74 74 148
add node: MDDNode(2,u_80) MDDNode(2,u_81), remove node: MDDNode(2,u_39)
layer 2 incoming edges: 58
split the incoming edges: 58 25 33
the value pair of raw_data is: 6265
split the outgoings edges: 84 79 79 158
add node: MDDNode(2,u_82) MDDNode(2,u_83), remove node: MDDNode(2,u_40)
layer 2 incoming edges: 58
split the incoming edges: 58 28 30
the value pair of raw_data is: 6265
split the outgoings edges: 83 77 73 150
add node: MDDNode(2,u_84) MDDNode(2,u_85), remove node: MDDNode(2,u_41)
layer 2 incoming edges: 64
split the incoming edges: 64 30 34
the value pair of raw_data is: 6265
split the outgoings edges: 83 61 83 144
add node: MDDNode(2,u_86) MDDNode(2,u_87), remove node: MDDNode(2,u_42)
layer 2 incoming edges: 65
split the incoming edges: 65 27 38
the value pair of raw_data is: 6265
split the outgoings edges: 82 71 79 150
add node: MDDNode(2,u_88) MDDNode(2,u_89), remove node: MDDNode(2,u_43)
layer 2 incoming edges: 72
split the incoming edges: 72 45 27
the value pair of raw_data is: 6265
split the outgoings edges: 81 79 68 147
add node: MDDNode(2,u_90) MDDNode(2,u_91), remove node: MDDNode(2,u_44)
layer 2 incoming edges: 69
split the incoming edges: 69 31 38
the value pair of raw_data is: 6265
split the outgoings edges: 83 70 80 150
add node: MDDNode(2,u_92) MDDNode(2,u_93), remove node: MDDNode(2,u_45)
3 8 64
layer 3 incoming edges: 144
split the incoming edges: 144 76 68
the value pair of raw_data is: 202
split the outgoings edges: 102 89 77 166
add node: MDDNode(3,u_94) MDDNode(3,u_95), remove node: MDDNode(3,u_46)
layer 3 incoming edges: 169
split the incoming edges: 169 89 80
the value pair of raw_data is: 202
split the outgoings edges: 85 79 51 130
add node: MDDNode(3,u_96) MDDNode(3,u_97), remove node: MDDNode(3,u_47)
layer 3 incoming edges: 207
split the incoming edges: 207 108 99
the value pair of raw_data is: 202
split the outgoings edges: 113 95 104 199
add node: MDDNode(3,u_98) MDDNode(3,u_99), remove node: MDDNode(3,u_48)
layer 3 incoming edges: 138
split the incoming edges: 138 72 66
the value pair of raw_data is: 202
split the outgoings edges: 104 80 83 163
add node: MDDNode(3,u_100) MDDNode(3,u_101), remove node: MDDNode(3,u_49)
layer 3 incoming edges: 107
split the incoming edges: 107 58 49
the value pair of raw_data is: 202
split the outgoings edges: 80 66 63 129
add node: MDDNode(3,u_102) MDDNode(3,u_103), remove node: MDDNode(3,u_50)
layer 3 incoming edges: 134
split the incoming edges: 134 65 69
the value pair of raw_data is: 202
split the outgoings edges: 88 69 76 145
add node: MDDNode(3,u_104) MDDNode(3,u_105), remove node: MDDNode(3,u_51)
layer 3 incoming edges: 135
split the incoming edges: 135 56 79
the value pair of raw_data is: 202
split the outgoings edges: 100 70 91 161
add node: MDDNode(3,u_106) MDDNode(3,u_107), remove node: MDDNode(3,u_52)
layer 3 incoming edges: 145
split the incoming edges: 145 70 75
the value pair of raw_data is: 202
split the outgoings edges: 100 75 79 154
add node: MDDNode(3,u_108) MDDNode(3,u_109), remove node: MDDNode(3,u_53)
4 8 64
layer 4 incoming edges: 126
split the incoming edges: 126 58 68
the value pair of raw_data is: 161
split the outgoings edges: 1 1 1 2
add node: MDDNode(4,u_110) MDDNode(4,u_111), remove node: MDDNode(4,u_54)
layer 4 incoming edges: 172
split the incoming edges: 172 96 76
the value pair of raw_data is: 161
split the outgoings edges: 1 1 1 2
add node: MDDNode(4,u_112) MDDNode(4,u_113), remove node: MDDNode(4,u_55)
layer 4 incoming edges: 157
split the incoming edges: 157 77 80
the value pair of raw_data is: 161
split the outgoings edges: 1 1 1 2
add node: MDDNode(4,u_114) MDDNode(4,u_115), remove node: MDDNode(4,u_56)
layer 4 incoming edges: 125
split the incoming edges: 125 58 67
the value pair of raw_data is: 161
split the outgoings edges: 1 1 1 2
add node: MDDNode(4,u_116) MDDNode(4,u_117), remove node: MDDNode(4,u_57)
layer 4 incoming edges: 167
split the incoming edges: 167 89 78
the value pair of raw_data is: 161
split the outgoings edges: 1 1 1 2
add node: MDDNode(4,u_118) MDDNode(4,u_119), remove node: MDDNode(4,u_58)
layer 4 incoming edges: 177
split the incoming edges: 177 79 98
the value pair of raw_data is: 161
split the outgoings edges: 1 1 1 2
add node: MDDNode(4,u_120) MDDNode(4,u_121), remove node: MDDNode(4,u_59)
layer 4 incoming edges: 169
split the incoming edges: 169 78 91
the value pair of raw_data is: 161
split the outgoings edges: 1 1 1 2
add node: MDDNode(4,u_122) MDDNode(4,u_123), remove node: MDDNode(4,u_60)
layer 4 incoming edges: 154
split the incoming edges: 154 75 79
the value pair of raw_data is: 161
split the outgoings edges: 1 1 1 2
add node: MDDNode(4,u_124) MDDNode(4,u_125), remove node: MDDNode(4,u_61)
1 16 64
layer 1 incoming edges: 5
split the incoming edges: 5 4 1
the value pair of raw_data is: 492
split the outgoings edges: 17 11 6 17
add node: MDDNode(1,u_126) MDDNode(1,u_127), remove node: MDDNode(1,u_62)
layer 1 incoming edges: 5
split the incoming edges: 5 2 3
the value pair of raw_data is: 492
split the outgoings edges: 28 18 12 30
add node: MDDNode(1,u_128) MDDNode(1,u_129), remove node: MDDNode(1,u_63)
layer 1 incoming edges: 7
split the incoming edges: 7 3 4
the value pair of raw_data is: 492
split the outgoings edges: 17 11 6 17
add node: MDDNode(1,u_130) MDDNode(1,u_131), remove node: MDDNode(1,u_64)
layer 1 incoming edges: 12
split the incoming edges: 12 7 5
the value pair of raw_data is: 492
split the outgoings edges: 66 46 20 66
add node: MDDNode(1,u_132) MDDNode(1,u_133), remove node: MDDNode(1,u_65)
layer 1 incoming edges: 6
split the incoming edges: 6 3 3
the value pair of raw_data is: 492
split the outgoings edges: 34 10 24 34
add node: MDDNode(1,u_134) MDDNode(1,u_135), remove node: MDDNode(1,u_66)
layer 1 incoming edges: 4
split the incoming edges: 4 1 3
the value pair of raw_data is: 492
split the outgoings edges: 11 3 8 11
add node: MDDNode(1,u_136) MDDNode(1,u_137), remove node: MDDNode(1,u_67)
layer 1 incoming edges: 6
split the incoming edges: 6 5 1
the value pair of raw_data is: 492
split the outgoings edges: 22 18 4 22
add node: MDDNode(1,u_138) MDDNode(1,u_139), remove node: MDDNode(1,u_68)
layer 1 incoming edges: 11
split the incoming edges: 11 8 3
the value pair of raw_data is: 492
split the outgoings edges: 29 26 5 31
add node: MDDNode(1,u_140) MDDNode(1,u_141), remove node: MDDNode(1,u_69)
layer 1 incoming edges: 11
split the incoming edges: 11 7 4
the value pair of raw_data is: 492
split the outgoings edges: 65 41 24 65
add node: MDDNode(1,u_142) MDDNode(1,u_143), remove node: MDDNode(1,u_70)
layer 1 incoming edges: 4
split the incoming edges: 4 2 2
the value pair of raw_data is: 492
split the outgoings edges: 22 6 16 22
add node: MDDNode(1,u_144) MDDNode(1,u_145), remove node: MDDNode(1,u_71)
layer 1 incoming edges: 7
split the incoming edges: 7 3 4
the value pair of raw_data is: 492
split the outgoings edges: 37 16 21 37
add node: MDDNode(1,u_146) MDDNode(1,u_147), remove node: MDDNode(1,u_72)
layer 1 incoming edges: 6
split the incoming edges: 6 4 2
the value pair of raw_data is: 492
split the outgoings edges: 20 17 3 20
add node: MDDNode(1,u_148) MDDNode(1,u_149), remove node: MDDNode(1,u_73)
layer 1 incoming edges: 6
split the incoming edges: 6 1 5
the value pair of raw_data is: 492
split the outgoings edges: 19 2 17 19
add node: MDDNode(1,u_150) MDDNode(1,u_151), remove node: MDDNode(1,u_74)
layer 1 incoming edges: 6
split the incoming edges: 6 4 2
the value pair of raw_data is: 492
split the outgoings edges: 16 13 3 16
add node: MDDNode(1,u_152) MDDNode(1,u_153), remove node: MDDNode(1,u_75)
layer 1 incoming edges: 6
split the incoming edges: 6 3 3
the value pair of raw_data is: 492
split the outgoings edges: 19 11 8 19
add node: MDDNode(1,u_154) MDDNode(1,u_155), remove node: MDDNode(1,u_76)
layer 1 incoming edges: 9
split the incoming edges: 9 7 2
the value pair of raw_data is: 492
split the outgoings edges: 65 54 11 65
add node: MDDNode(1,u_156) MDDNode(1,u_157), remove node: MDDNode(1,u_77)
2 16 64
layer 2 incoming edges: 25
split the incoming edges: 25 12 13
the value pair of raw_data is: 6265
split the outgoings edges: 71 62 60 122
add node: MDDNode(2,u_158) MDDNode(2,u_159), remove node: MDDNode(2,u_78)
layer 2 incoming edges: 20
split the incoming edges: 20 9 11
the value pair of raw_data is: 6265
split the outgoings edges: 61 48 45 93
add node: MDDNode(2,u_160) MDDNode(2,u_161), remove node: MDDNode(2,u_79)
layer 2 incoming edges: 34
split the incoming edges: 34 11 23
the value pair of raw_data is: 6265
split the outgoings edges: 74 66 65 131
add node: MDDNode(2,u_162) MDDNode(2,u_163), remove node: MDDNode(2,u_80)
layer 2 incoming edges: 25
split the incoming edges: 25 11 14
the value pair of raw_data is: 6265
split the outgoings edges: 74 57 74 131
add node: MDDNode(2,u_164) MDDNode(2,u_165), remove node: MDDNode(2,u_81)
layer 2 incoming edges: 25
split the incoming edges: 25 11 14
the value pair of raw_data is: 6265
split the outgoings edges: 79 60 72 132
add node: MDDNode(2,u_166) MDDNode(2,u_167), remove node: MDDNode(2,u_82)
layer 2 incoming edges: 33
split the incoming edges: 33 16 17
the value pair of raw_data is: 6265
split the outgoings edges: 79 71 59 130
add node: MDDNode(2,u_168) MDDNode(2,u_169), remove node: MDDNode(2,u_83)
layer 2 incoming edges: 28
split the incoming edges: 28 12 16
the value pair of raw_data is: 6265
split the outgoings edges: 77 72 64 136
add node: MDDNode(2,u_170) MDDNode(2,u_171), remove node: MDDNode(2,u_84)
layer 2 incoming edges: 30
split the incoming edges: 30 15 15
the value pair of raw_data is: 6265
split the outgoings edges: 73 62 65 127
add node: MDDNode(2,u_172) MDDNode(2,u_173), remove node: MDDNode(2,u_85)
layer 2 incoming edges: 30
split the incoming edges: 30 14 16
the value pair of raw_data is: 6265
split the outgoings edges: 61 48 51 99
add node: MDDNode(2,u_174) MDDNode(2,u_175), remove node: MDDNode(2,u_86)
layer 2 incoming edges: 34
split the incoming edges: 34 17 17
the value pair of raw_data is: 6265
split the outgoings edges: 83 74 77 151
add node: MDDNode(2,u_176) MDDNode(2,u_177), remove node: MDDNode(2,u_87)
layer 2 incoming edges: 27
split the incoming edges: 27 17 10
the value pair of raw_data is: 6265
split the outgoings edges: 71 56 63 119
add node: MDDNode(2,u_178) MDDNode(2,u_179), remove node: MDDNode(2,u_88)
layer 2 incoming edges: 38
split the incoming edges: 38 24 14
the value pair of raw_data is: 6265
split the outgoings edges: 79 75 73 148
add node: MDDNode(2,u_180) MDDNode(2,u_181), remove node: MDDNode(2,u_89)
layer 2 incoming edges: 46
split the incoming edges: 46 25 21
the value pair of raw_data is: 6265
split the outgoings edges: 79 69 69 138
add node: MDDNode(2,u_182) MDDNode(2,u_183), remove node: MDDNode(2,u_90)
layer 2 incoming edges: 27
split the incoming edges: 27 14 13
the value pair of raw_data is: 6265
split the outgoings edges: 68 66 52 118
add node: MDDNode(2,u_184) MDDNode(2,u_185), remove node: MDDNode(2,u_91)
layer 2 incoming edges: 31
split the incoming edges: 31 17 14
the value pair of raw_data is: 6265
split the outgoings edges: 70 62 55 117
add node: MDDNode(2,u_186) MDDNode(2,u_187), remove node: MDDNode(2,u_92)
layer 2 incoming edges: 38
split the incoming edges: 38 23 15
the value pair of raw_data is: 6265
split the outgoings edges: 80 74 66 140
add node: MDDNode(2,u_188) MDDNode(2,u_189), remove node: MDDNode(2,u_93)
3 16 64
layer 3 incoming edges: 121
split the incoming edges: 121 60 61
the value pair of raw_data is: 202
split the outgoings edges: 89 67 63 130
add node: MDDNode(3,u_190) MDDNode(3,u_191), remove node: MDDNode(3,u_94)
layer 3 incoming edges: 123
split the incoming edges: 123 70 53
the value pair of raw_data is: 202
split the outgoings edges: 77 62 57 119
add node: MDDNode(3,u_192) MDDNode(3,u_193), remove node: MDDNode(3,u_95)
layer 3 incoming edges: 156
split the incoming edges: 156 80 76
the value pair of raw_data is: 202
split the outgoings edges: 79 71 71 142
add node: MDDNode(3,u_194) MDDNode(3,u_195), remove node: MDDNode(3,u_96)
layer 3 incoming edges: 137
split the incoming edges: 137 75 62
the value pair of raw_data is: 202
split the outgoings edges: 51 51 40 91
add node: MDDNode(3,u_196) MDDNode(3,u_197), remove node: MDDNode(3,u_97)
layer 3 incoming edges: 186
split the incoming edges: 186 95 91
the value pair of raw_data is: 202
split the outgoings edges: 95 85 82 167
add node: MDDNode(3,u_198) MDDNode(3,u_199), remove node: MDDNode(3,u_98)
layer 3 incoming edges: 179
split the incoming edges: 179 95 84
the value pair of raw_data is: 202
split the outgoings edges: 104 96 82 178
add node: MDDNode(3,u_200) MDDNode(3,u_201), remove node: MDDNode(3,u_99)
layer 3 incoming edges: 124
split the incoming edges: 124 66 58
the value pair of raw_data is: 202
split the outgoings edges: 80 61 70 131
add node: MDDNode(3,u_202) MDDNode(3,u_203), remove node: MDDNode(3,u_100)
layer 3 incoming edges: 119
split the incoming edges: 119 59 60
the value pair of raw_data is: 202
split the outgoings edges: 83 64 71 135
add node: MDDNode(3,u_204) MDDNode(3,u_205), remove node: MDDNode(3,u_101)
layer 3 incoming edges: 98
split the incoming edges: 98 59 39
the value pair of raw_data is: 202
split the outgoings edges: 66 50 43 93
add node: MDDNode(3,u_206) MDDNode(3,u_207), remove node: MDDNode(3,u_102)
layer 3 incoming edges: 83
split the incoming edges: 83 46 37
the value pair of raw_data is: 202
split the outgoings edges: 63 45 44 89
add node: MDDNode(3,u_208) MDDNode(3,u_209), remove node: MDDNode(3,u_103)
layer 3 incoming edges: 115
split the incoming edges: 115 55 60
the value pair of raw_data is: 202
split the outgoings edges: 69 57 62 119
add node: MDDNode(3,u_210) MDDNode(3,u_211), remove node: MDDNode(3,u_104)
layer 3 incoming edges: 118
split the incoming edges: 118 51 67
the value pair of raw_data is: 202
split the outgoings edges: 76 67 53 120
add node: MDDNode(3,u_212) MDDNode(3,u_213), remove node: MDDNode(3,u_105)
layer 3 incoming edges: 92
split the incoming edges: 92 53 39
the value pair of raw_data is: 202
split the outgoings edges: 70 65 47 112
add node: MDDNode(3,u_214) MDDNode(3,u_215), remove node: MDDNode(3,u_106)
layer 3 incoming edges: 132
split the incoming edges: 132 62 70
the value pair of raw_data is: 202
split the outgoings edges: 91 69 69 138
add node: MDDNode(3,u_216) MDDNode(3,u_217), remove node: MDDNode(3,u_107)
layer 3 incoming edges: 119
split the incoming edges: 119 64 55
the value pair of raw_data is: 202
split the outgoings edges: 75 65 54 119
add node: MDDNode(3,u_218) MDDNode(3,u_219), remove node: MDDNode(3,u_108)
layer 3 incoming edges: 130
split the incoming edges: 130 69 61
the value pair of raw_data is: 202
split the outgoings edges: 79 55 70 125
add node: MDDNode(3,u_220) MDDNode(3,u_221), remove node: MDDNode(3,u_109)
4 16 64
layer 4 incoming edges: 91
split the incoming edges: 91 51 40
the value pair of raw_data is: 161
split the outgoings edges: 1 1 1 2
add node: MDDNode(4,u_222) MDDNode(4,u_223), remove node: MDDNode(4,u_110)
layer 4 incoming edges: 120
split the incoming edges: 120 67 53
the value pair of raw_data is: 161
split the outgoings edges: 1 1 1 2
add node: MDDNode(4,u_224) MDDNode(4,u_225), remove node: MDDNode(4,u_111)
layer 4 incoming edges: 153
split the incoming edges: 153 81 72
the value pair of raw_data is: 161
split the outgoings edges: 1 1 1 2
add node: MDDNode(4,u_226) MDDNode(4,u_227), remove node: MDDNode(4,u_112)
layer 4 incoming edges: 115
split the incoming edges: 115 51 64
the value pair of raw_data is: 161
split the outgoings edges: 1 1 1 2
add node: MDDNode(4,u_228) MDDNode(4,u_229), remove node: MDDNode(4,u_113)
layer 4 incoming edges: 118
split the incoming edges: 118 59 59
the value pair of raw_data is: 161
split the outgoings edges: 1 1 1 2
add node: MDDNode(4,u_230) MDDNode(4,u_231), remove node: MDDNode(4,u_114)
layer 4 incoming edges: 127
split the incoming edges: 127 63 64
the value pair of raw_data is: 161
split the outgoings edges: 1 1 1 2
add node: MDDNode(4,u_232) MDDNode(4,u_233), remove node: MDDNode(4,u_115)
layer 4 incoming edges: 86
split the incoming edges: 86 41 45
the value pair of raw_data is: 161
split the outgoings edges: 1 1 1 2
add node: MDDNode(4,u_234) MDDNode(4,u_235), remove node: MDDNode(4,u_116)
layer 4 incoming edges: 110
split the incoming edges: 110 51 59
the value pair of raw_data is: 161
split the outgoings edges: 1 1 1 2
add node: MDDNode(4,u_236) MDDNode(4,u_237), remove node: MDDNode(4,u_117)
layer 4 incoming edges: 147
split the incoming edges: 147 58 89
the value pair of raw_data is: 161
split the outgoings edges: 1 1 1 2
add node: MDDNode(4,u_238) MDDNode(4,u_239), remove node: MDDNode(4,u_118)
layer 4 incoming edges: 132
split the incoming edges: 132 70 62
the value pair of raw_data is: 161
split the outgoings edges: 1 1 1 2
add node: MDDNode(4,u_240) MDDNode(4,u_241), remove node: MDDNode(4,u_119)
layer 4 incoming edges: 129
split the incoming edges: 129 69 60
the value pair of raw_data is: 161
split the outgoings edges: 1 1 1 2
add node: MDDNode(4,u_242) MDDNode(4,u_243), remove node: MDDNode(4,u_120)
layer 4 incoming edges: 159
split the incoming edges: 159 77 82
the value pair of raw_data is: 161
split the outgoings edges: 1 1 1 2
add node: MDDNode(4,u_244) MDDNode(4,u_245), remove node: MDDNode(4,u_121)
layer 4 incoming edges: 128
split the incoming edges: 128 57 71
the value pair of raw_data is: 161
split the outgoings edges: 1 1 1 2
add node: MDDNode(4,u_246) MDDNode(4,u_247), remove node: MDDNode(4,u_122)
layer 4 incoming edges: 150
split the incoming edges: 150 70 80
the value pair of raw_data is: 161
split the outgoings edges: 1 1 1 2
add node: MDDNode(4,u_248) MDDNode(4,u_249), remove node: MDDNode(4,u_123)
layer 4 incoming edges: 123
split the incoming edges: 123 56 67
the value pair of raw_data is: 161
split the outgoings edges: 1 1 1 2
add node: MDDNode(4,u_250) MDDNode(4,u_251), remove node: MDDNode(4,u_124)
layer 4 incoming edges: 120
split the incoming edges: 120 64 56
the value pair of raw_data is: 161
split the outgoings edges: 1 1 1 2
add node: MDDNode(4,u_252) MDDNode(4,u_253), remove node: MDDNode(4,u_125)
1 32 64
layer 1 incoming edges: 4
split the incoming edges: 4 1 3
the value pair of raw_data is: 492
split the outgoings edges: 11 3 8 11
add node: MDDNode(1,u_254) MDDNode(1,u_255), remove node: MDDNode(1,u_126)
layer 1 incoming edges: 1
one of splitted has no income edge:1 0
layer 1 incoming edges: 2
one of splitted has no income edge:0 2
layer 1 incoming edges: 3
one of splitted has no income edge:0 3
layer 1 incoming edges: 3
split the incoming edges: 3 1 2
the value pair of raw_data is: 492
split the outgoings edges: 11 2 9 11
add node: MDDNode(1,u_256) MDDNode(1,u_257), remove node: MDDNode(1,u_130)
layer 1 incoming edges: 4
split the incoming edges: 4 1 3
the value pair of raw_data is: 492
split the outgoings edges: 6 1 5 6
add node: MDDNode(1,u_258) MDDNode(1,u_259), remove node: MDDNode(1,u_131)
layer 1 incoming edges: 7
split the incoming edges: 7 2 5
the value pair of raw_data is: 492
split the outgoings edges: 46 13 33 46
add node: MDDNode(1,u_260) MDDNode(1,u_261), remove node: MDDNode(1,u_132)
layer 1 incoming edges: 5
split the incoming edges: 5 3 2
the value pair of raw_data is: 492
split the outgoings edges: 20 14 6 20
add node: MDDNode(1,u_262) MDDNode(1,u_263), remove node: MDDNode(1,u_133)
layer 1 incoming edges: 3
one of splitted has no income edge:3 0
layer 1 incoming edges: 3
split the incoming edges: 3 1 2
the value pair of raw_data is: 492
split the outgoings edges: 24 6 18 24
add node: MDDNode(1,u_264) MDDNode(1,u_265), remove node: MDDNode(1,u_135)
layer 1 incoming edges: 1
one of splitted has no income edge:0 1
layer 1 incoming edges: 3
split the incoming edges: 3 1 2
the value pair of raw_data is: 492
split the outgoings edges: 8 5 3 8
add node: MDDNode(1,u_266) MDDNode(1,u_267), remove node: MDDNode(1,u_137)
layer 1 incoming edges: 5
split the incoming edges: 5 3 2
the value pair of raw_data is: 492
split the outgoings edges: 18 13 5 18
add node: MDDNode(1,u_268) MDDNode(1,u_269), remove node: MDDNode(1,u_138)
layer 1 incoming edges: 1
one of splitted has no income edge:0 1
layer 1 incoming edges: 8
split the incoming edges: 8 2 6
the value pair of raw_data is: 492
split the outgoings edges: 26 7 19 26
add node: MDDNode(1,u_270) MDDNode(1,u_271), remove node: MDDNode(1,u_140)
layer 1 incoming edges: 3
split the incoming edges: 3 2 1
the value pair of raw_data is: 492
split the outgoings edges: 5 4 1 5
add node: MDDNode(1,u_272) MDDNode(1,u_273), remove node: MDDNode(1,u_141)
layer 1 incoming edges: 7
split the incoming edges: 7 2 5
the value pair of raw_data is: 492
split the outgoings edges: 41 15 26 41
add node: MDDNode(1,u_274) MDDNode(1,u_275), remove node: MDDNode(1,u_142)
layer 1 incoming edges: 4
split the incoming edges: 4 1 3
the value pair of raw_data is: 492
split the outgoings edges: 24 6 18 24
add node: MDDNode(1,u_276) MDDNode(1,u_277), remove node: MDDNode(1,u_143)
layer 1 incoming edges: 2
split the incoming edges: 2 1 1
the value pair of raw_data is: 492
split the outgoings edges: 6 2 4 6
add node: MDDNode(1,u_278) MDDNode(1,u_279), remove node: MDDNode(1,u_144)
layer 1 incoming edges: 2
split the incoming edges: 2 1 1
the value pair of raw_data is: 492
split the outgoings edges: 16 12 4 16
add node: MDDNode(1,u_280) MDDNode(1,u_281), remove node: MDDNode(1,u_145)
layer 1 incoming edges: 3
split the incoming edges: 3 1 2
the value pair of raw_data is: 492
split the outgoings edges: 16 7 9 16
add node: MDDNode(1,u_282) MDDNode(1,u_283), remove node: MDDNode(1,u_146)
layer 1 incoming edges: 4
split the incoming edges: 4 2 2
the value pair of raw_data is: 492
split the outgoings edges: 21 6 15 21
add node: MDDNode(1,u_284) MDDNode(1,u_285), remove node: MDDNode(1,u_147)
layer 1 incoming edges: 4
split the incoming edges: 4 2 2
the value pair of raw_data is: 492
split the outgoings edges: 17 14 3 17
add node: MDDNode(1,u_286) MDDNode(1,u_287), remove node: MDDNode(1,u_148)
layer 1 incoming edges: 2
split the incoming edges: 2 1 1
the value pair of raw_data is: 492
split the outgoings edges: 3 1 2 3
add node: MDDNode(1,u_288) MDDNode(1,u_289), remove node: MDDNode(1,u_149)
layer 1 incoming edges: 1
one of splitted has no income edge:1 0
layer 1 incoming edges: 5
split the incoming edges: 5 4 1
the value pair of raw_data is: 492
split the outgoings edges: 17 15 2 17
add node: MDDNode(1,u_290) MDDNode(1,u_291), remove node: MDDNode(1,u_151)
layer 1 incoming edges: 4
split the incoming edges: 4 2 2
the value pair of raw_data is: 492
split the outgoings edges: 13 6 7 13
add node: MDDNode(1,u_292) MDDNode(1,u_293), remove node: MDDNode(1,u_152)
layer 1 incoming edges: 2
split the incoming edges: 2 1 1
the value pair of raw_data is: 492
split the outgoings edges: 3 1 2 3
add node: MDDNode(1,u_294) MDDNode(1,u_295), remove node: MDDNode(1,u_153)
layer 1 incoming edges: 3
split the incoming edges: 3 1 2
the value pair of raw_data is: 492
split the outgoings edges: 11 5 6 11
add node: MDDNode(1,u_296) MDDNode(1,u_297), remove node: MDDNode(1,u_154)
layer 1 incoming edges: 3
split the incoming edges: 3 2 1
the value pair of raw_data is: 492
split the outgoings edges: 8 7 1 8
add node: MDDNode(1,u_298) MDDNode(1,u_299), remove node: MDDNode(1,u_155)
layer 1 incoming edges: 7
split the incoming edges: 7 4 3
the value pair of raw_data is: 492
split the outgoings edges: 54 40 14 54
add node: MDDNode(1,u_300) MDDNode(1,u_301), remove node: MDDNode(1,u_156)
layer 1 incoming edges: 2
one of splitted has no income edge:0 2
2 32 64
layer 2 incoming edges: 12
split the incoming edges: 12 7 5
the value pair of raw_data is: 6265
split the outgoings edges: 62 48 48 96
add node: MDDNode(2,u_302) MDDNode(2,u_303), remove node: MDDNode(2,u_158)
layer 2 incoming edges: 13
split the incoming edges: 13 3 10
the value pair of raw_data is: 6265
split the outgoings edges: 60 9 59 68
add node: MDDNode(2,u_304) MDDNode(2,u_305), remove node: MDDNode(2,u_159)
layer 2 incoming edges: 9
split the incoming edges: 9 1 8
the value pair of raw_data is: 6265
split the outgoings edges: 48 29 40 69
add node: MDDNode(2,u_306) MDDNode(2,u_307), remove node: MDDNode(2,u_160)
layer 2 incoming edges: 11
split the incoming edges: 11 2 9
the value pair of raw_data is: 6265
split the outgoings edges: 45 4 44 48
add node: MDDNode(2,u_308) MDDNode(2,u_309), remove node: MDDNode(2,u_161)
layer 2 incoming edges: 11
split the incoming edges: 11 5 6
the value pair of raw_data is: 6265
split the outgoings edges: 66 52 57 109
add node: MDDNode(2,u_310) MDDNode(2,u_311), remove node: MDDNode(2,u_162)
layer 2 incoming edges: 23
split the incoming edges: 23 11 12
the value pair of raw_data is: 6265
split the outgoings edges: 65 58 46 104
add node: MDDNode(2,u_312) MDDNode(2,u_313), remove node: MDDNode(2,u_163)
layer 2 incoming edges: 11
split the incoming edges: 11 4 7
the value pair of raw_data is: 6265
split the outgoings edges: 57 32 52 84
add node: MDDNode(2,u_314) MDDNode(2,u_315), remove node: MDDNode(2,u_164)
layer 2 incoming edges: 14
split the incoming edges: 14 7 7
the value pair of raw_data is: 6265
split the outgoings edges: 74 63 51 114
add node: MDDNode(2,u_316) MDDNode(2,u_317), remove node: MDDNode(2,u_165)
layer 2 incoming edges: 11
split the incoming edges: 11 6 5
the value pair of raw_data is: 6265
split the outgoings edges: 60 43 45 88
add node: MDDNode(2,u_318) MDDNode(2,u_319), remove node: MDDNode(2,u_166)
layer 2 incoming edges: 14
split the incoming edges: 14 6 8
the value pair of raw_data is: 6265
split the outgoings edges: 72 43 71 114
add node: MDDNode(2,u_320) MDDNode(2,u_321), remove node: MDDNode(2,u_167)
layer 2 incoming edges: 16
split the incoming edges: 16 6 10
the value pair of raw_data is: 6265
split the outgoings edges: 71 33 67 100
add node: MDDNode(2,u_322) MDDNode(2,u_323), remove node: MDDNode(2,u_168)
layer 2 incoming edges: 17
split the incoming edges: 17 11 6
the value pair of raw_data is: 6265
split the outgoings edges: 59 55 35 90
add node: MDDNode(2,u_324) MDDNode(2,u_325), remove node: MDDNode(2,u_169)
layer 2 incoming edges: 12
split the incoming edges: 12 4 8
the value pair of raw_data is: 6265
split the outgoings edges: 72 23 70 93
add node: MDDNode(2,u_326) MDDNode(2,u_327), remove node: MDDNode(2,u_170)
layer 2 incoming edges: 16
split the incoming edges: 16 9 7
the value pair of raw_data is: 6265
split the outgoings edges: 64 44 58 102
add node: MDDNode(2,u_328) MDDNode(2,u_329), remove node: MDDNode(2,u_171)
layer 2 incoming edges: 15
split the incoming edges: 15 5 10
the value pair of raw_data is: 6265
split the outgoings edges: 62 38 55 93
add node: MDDNode(2,u_330) MDDNode(2,u_331), remove node: MDDNode(2,u_172)
layer 2 incoming edges: 15
split the incoming edges: 15 11 4
the value pair of raw_data is: 6265
split the outgoings edges: 65 65 16 81
add node: MDDNode(2,u_332) MDDNode(2,u_333), remove node: MDDNode(2,u_173)
layer 2 incoming edges: 14
split the incoming edges: 14 4 10
the value pair of raw_data is: 6265
split the outgoings edges: 48 33 36 69
add node: MDDNode(2,u_334) MDDNode(2,u_335), remove node: MDDNode(2,u_174)
layer 2 incoming edges: 16
split the incoming edges: 16 9 7
the value pair of raw_data is: 6265
split the outgoings edges: 51 40 44 84
add node: MDDNode(2,u_336) MDDNode(2,u_337), remove node: MDDNode(2,u_175)
layer 2 incoming edges: 17
split the incoming edges: 17 5 12
the value pair of raw_data is: 6265
split the outgoings edges: 74 60 59 119
add node: MDDNode(2,u_338) MDDNode(2,u_339), remove node: MDDNode(2,u_176)
layer 2 incoming edges: 17
split the incoming edges: 17 11 6
the value pair of raw_data is: 6265
split the outgoings edges: 77 67 62 129
add node: MDDNode(2,u_340) MDDNode(2,u_341), remove node: MDDNode(2,u_177)
layer 2 incoming edges: 17
split the incoming edges: 17 8 9
the value pair of raw_data is: 6265
split the outgoings edges: 56 44 46 90
add node: MDDNode(2,u_342) MDDNode(2,u_343), remove node: MDDNode(2,u_178)
layer 2 incoming edges: 10
split the incoming edges: 10 6 4
the value pair of raw_data is: 6265
split the outgoings edges: 63 59 33 92
add node: MDDNode(2,u_344) MDDNode(2,u_345), remove node: MDDNode(2,u_179)
layer 2 incoming edges: 24
split the incoming edges: 24 14 10
the value pair of raw_data is: 6265
split the outgoings edges: 75 61 64 125
add node: MDDNode(2,u_346) MDDNode(2,u_347), remove node: MDDNode(2,u_180)
layer 2 incoming edges: 14
split the incoming edges: 14 6 8
the value pair of raw_data is: 6265
split the outgoings edges: 73 71 56 127
add node: MDDNode(2,u_348) MDDNode(2,u_349), remove node: MDDNode(2,u_181)
layer 2 incoming edges: 25
split the incoming edges: 25 12 13
the value pair of raw_data is: 6265
split the outgoings edges: 69 62 59 121
add node: MDDNode(2,u_350) MDDNode(2,u_351), remove node: MDDNode(2,u_182)
layer 2 incoming edges: 21
split the incoming edges: 21 10 11
the value pair of raw_data is: 6265
split the outgoings edges: 69 58 58 116
add node: MDDNode(2,u_352) MDDNode(2,u_353), remove node: MDDNode(2,u_183)
layer 2 incoming edges: 14
split the incoming edges: 14 8 6
the value pair of raw_data is: 6265
split the outgoings edges: 66 60 43 103
add node: MDDNode(2,u_354) MDDNode(2,u_355), remove node: MDDNode(2,u_184)
layer 2 incoming edges: 13
split the incoming edges: 13 8 5
the value pair of raw_data is: 6265
split the outgoings edges: 52 40 44 84
add node: MDDNode(2,u_356) MDDNode(2,u_357), remove node: MDDNode(2,u_185)
layer 2 incoming edges: 17
split the incoming edges: 17 6 11
the value pair of raw_data is: 6265
split the outgoings edges: 62 42 54 96
add node: MDDNode(2,u_358) MDDNode(2,u_359), remove node: MDDNode(2,u_186)
layer 2 incoming edges: 14
split the incoming edges: 14 4 10
the value pair of raw_data is: 6265
split the outgoings edges: 55 24 51 75
add node: MDDNode(2,u_360) MDDNode(2,u_361), remove node: MDDNode(2,u_187)
layer 2 incoming edges: 23
split the incoming edges: 23 6 17
the value pair of raw_data is: 6265
split the outgoings edges: 74 51 72 123
add node: MDDNode(2,u_362) MDDNode(2,u_363), remove node: MDDNode(2,u_188)
layer 2 incoming edges: 15
split the incoming edges: 15 5 10
the value pair of raw_data is: 6265
split the outgoings edges: 66 45 63 108
add node: MDDNode(2,u_364) MDDNode(2,u_365), remove node: MDDNode(2,u_189)
3 32 64
layer 3 incoming edges: 92
split the incoming edges: 92 52 40
the value pair of raw_data is: 202
split the outgoings edges: 67 53 58 111
add node: MDDNode(3,u_366) MDDNode(3,u_367), remove node: MDDNode(3,u_190)
layer 3 incoming edges: 92
split the incoming edges: 92 51 41
the value pair of raw_data is: 202
split the outgoings edges: 63 54 37 91
add node: MDDNode(3,u_368) MDDNode(3,u_369), remove node: MDDNode(3,u_191)
layer 3 incoming edges: 116
split the incoming edges: 116 53 63
the value pair of raw_data is: 202
split the outgoings edges: 62 47 49 96
add node: MDDNode(3,u_370) MDDNode(3,u_371), remove node: MDDNode(3,u_192)
layer 3 incoming edges: 81
split the incoming edges: 81 42 39
the value pair of raw_data is: 202
split the outgoings edges: 57 41 48 89
add node: MDDNode(3,u_372) MDDNode(3,u_373), remove node: MDDNode(3,u_193)
layer 3 incoming edges: 124
split the incoming edges: 124 59 65
the value pair of raw_data is: 202
split the outgoings edges: 71 60 55 115
add node: MDDNode(3,u_374) MDDNode(3,u_375), remove node: MDDNode(3,u_194)
layer 3 incoming edges: 112
split the incoming edges: 112 61 51
the value pair of raw_data is: 202
split the outgoings edges: 71 63 47 110
add node: MDDNode(3,u_376) MDDNode(3,u_377), remove node: MDDNode(3,u_195)
layer 3 incoming edges: 113
split the incoming edges: 113 56 57
the value pair of raw_data is: 202
split the outgoings edges: 51 47 36 83
add node: MDDNode(3,u_378) MDDNode(3,u_379), remove node: MDDNode(3,u_196)
layer 3 incoming edges: 95
split the incoming edges: 95 51 44
the value pair of raw_data is: 202
split the outgoings edges: 40 33 34 67
add node: MDDNode(3,u_380) MDDNode(3,u_381), remove node: MDDNode(3,u_197)
layer 3 incoming edges: 142
split the incoming edges: 142 64 78
the value pair of raw_data is: 202
split the outgoings edges: 85 73 74 147
add node: MDDNode(3,u_382) MDDNode(3,u_383), remove node: MDDNode(3,u_198)
layer 3 incoming edges: 138
split the incoming edges: 138 73 65
the value pair of raw_data is: 202
split the outgoings edges: 82 68 67 135
add node: MDDNode(3,u_384) MDDNode(3,u_385), remove node: MDDNode(3,u_199)
layer 3 incoming edges: 154
split the incoming edges: 154 76 78
the value pair of raw_data is: 202
split the outgoings edges: 96 87 81 168
add node: MDDNode(3,u_386) MDDNode(3,u_387), remove node: MDDNode(3,u_200)
layer 3 incoming edges: 134
split the incoming edges: 134 74 60
the value pair of raw_data is: 202
split the outgoings edges: 82 72 67 139
add node: MDDNode(3,u_388) MDDNode(3,u_389), remove node: MDDNode(3,u_201)
layer 3 incoming edges: 106
split the incoming edges: 106 54 52
the value pair of raw_data is: 202
split the outgoings edges: 61 54 54 108
add node: MDDNode(3,u_390) MDDNode(3,u_391), remove node: MDDNode(3,u_202)
layer 3 incoming edges: 86
split the incoming edges: 86 45 41
the value pair of raw_data is: 202
split the outgoings edges: 70 49 67 116
add node: MDDNode(3,u_392) MDDNode(3,u_393), remove node: MDDNode(3,u_203)
layer 3 incoming edges: 87
split the incoming edges: 87 48 39
the value pair of raw_data is: 202
split the outgoings edges: 64 50 54 104
add node: MDDNode(3,u_394) MDDNode(3,u_395), remove node: MDDNode(3,u_204)
layer 3 incoming edges: 96
split the incoming edges: 96 55 41
the value pair of raw_data is: 202
split the outgoings edges: 71 57 46 103
add node: MDDNode(3,u_396) MDDNode(3,u_397), remove node: MDDNode(3,u_205)
layer 3 incoming edges: 91
split the incoming edges: 91 40 51
the value pair of raw_data is: 202
split the outgoings edges: 50 45 43 88
add node: MDDNode(3,u_398) MDDNode(3,u_399), remove node: MDDNode(3,u_206)
layer 3 incoming edges: 58
split the incoming edges: 58 31 27
the value pair of raw_data is: 202
split the outgoings edges: 43 19 40 59
add node: MDDNode(3,u_400) MDDNode(3,u_401), remove node: MDDNode(3,u_207)
layer 3 incoming edges: 69
split the incoming edges: 69 34 35
the value pair of raw_data is: 202
split the outgoings edges: 45 33 38 71
add node: MDDNode(3,u_402) MDDNode(3,u_403), remove node: MDDNode(3,u_208)
layer 3 incoming edges: 57
split the incoming edges: 57 26 31
the value pair of raw_data is: 202
split the outgoings edges: 44 32 37 69
add node: MDDNode(3,u_404) MDDNode(3,u_405), remove node: MDDNode(3,u_209)
layer 3 incoming edges: 84
split the incoming edges: 84 39 45
the value pair of raw_data is: 202
split the outgoings edges: 57 42 44 86
add node: MDDNode(3,u_406) MDDNode(3,u_407), remove node: MDDNode(3,u_210)
layer 3 incoming edges: 102
split the incoming edges: 102 50 52
the value pair of raw_data is: 202
split the outgoings edges: 62 55 51 106
add node: MDDNode(3,u_408) MDDNode(3,u_409), remove node: MDDNode(3,u_211)
layer 3 incoming edges: 77
split the incoming edges: 77 40 37
the value pair of raw_data is: 202
split the outgoings edges: 67 51 47 98
add node: MDDNode(3,u_410) MDDNode(3,u_411), remove node: MDDNode(3,u_212)
layer 3 incoming edges: 99
split the incoming edges: 99 57 42
the value pair of raw_data is: 202
split the outgoings edges: 53 50 40 90
add node: MDDNode(3,u_412) MDDNode(3,u_413), remove node: MDDNode(3,u_213)
layer 3 incoming edges: 80
split the incoming edges: 80 39 41
the value pair of raw_data is: 202
split the outgoings edges: 65 59 57 116
add node: MDDNode(3,u_414) MDDNode(3,u_415), remove node: MDDNode(3,u_214)
layer 3 incoming edges: 61
split the incoming edges: 61 34 27
the value pair of raw_data is: 202
split the outgoings edges: 47 38 32 70
add node: MDDNode(3,u_416) MDDNode(3,u_417), remove node: MDDNode(3,u_215)
layer 3 incoming edges: 95
split the incoming edges: 95 47 48
the value pair of raw_data is: 202
split the outgoings edges: 69 49 64 113
add node: MDDNode(3,u_418) MDDNode(3,u_419), remove node: MDDNode(3,u_216)
layer 3 incoming edges: 99
split the incoming edges: 99 53 46
the value pair of raw_data is: 202
split the outgoings edges: 69 63 55 118
add node: MDDNode(3,u_420) MDDNode(3,u_421), remove node: MDDNode(3,u_217)
layer 3 incoming edges: 105
split the incoming edges: 105 57 48
the value pair of raw_data is: 202
split the outgoings edges: 65 62 48 110
add node: MDDNode(3,u_422) MDDNode(3,u_423), remove node: MDDNode(3,u_218)
layer 3 incoming edges: 84
split the incoming edges: 84 41 43
the value pair of raw_data is: 202
split the outgoings edges: 54 46 39 85
add node: MDDNode(3,u_424) MDDNode(3,u_425), remove node: MDDNode(3,u_219)
layer 3 incoming edges: 95
split the incoming edges: 95 42 53
the value pair of raw_data is: 202
split the outgoings edges: 55 52 45 97
add node: MDDNode(3,u_426) MDDNode(3,u_427), remove node: MDDNode(3,u_220)
layer 3 incoming edges: 90
split the incoming edges: 90 44 46
the value pair of raw_data is: 202
split the outgoings edges: 70 56 57 113
add node: MDDNode(3,u_428) MDDNode(3,u_429), remove node: MDDNode(3,u_221)
4 32 64
layer 4 incoming edges: 85
split the incoming edges: 85 34 51
the value pair of raw_data is: 161
split the outgoings edges: 1 1 1 2
add node: MDDNode(4,u_430) MDDNode(4,u_431), remove node: MDDNode(4,u_222)
layer 4 incoming edges: 63
split the incoming edges: 63 31 32
the value pair of raw_data is: 161
split the outgoings edges: 1 1 1 2
add node: MDDNode(4,u_432) MDDNode(4,u_433), remove node: MDDNode(4,u_223)
layer 4 incoming edges: 102
split the incoming edges: 102 57 45
the value pair of raw_data is: 161
split the outgoings edges: 1 1 1 2
add node: MDDNode(4,u_434) MDDNode(4,u_435), remove node: MDDNode(4,u_224)
layer 4 incoming edges: 84
split the incoming edges: 84 44 40
the value pair of raw_data is: 161
split the outgoings edges: 1 1 1 2
add node: MDDNode(4,u_436) MDDNode(4,u_437), remove node: MDDNode(4,u_225)
layer 4 incoming edges: 129
split the incoming edges: 129 77 52
the value pair of raw_data is: 161
split the outgoings edges: 1 1 1 2
add node: MDDNode(4,u_438) MDDNode(4,u_439), remove node: MDDNode(4,u_226)
layer 4 incoming edges: 119
split the incoming edges: 119 54 65
the value pair of raw_data is: 161
split the outgoings edges: 1 1 1 2
add node: MDDNode(4,u_440) MDDNode(4,u_441), remove node: MDDNode(4,u_227)
layer 4 incoming edges: 76
split the incoming edges: 76 43 33
the value pair of raw_data is: 161
split the outgoings edges: 1 1 1 2
add node: MDDNode(4,u_442) MDDNode(4,u_443), remove node: MDDNode(4,u_228)
layer 4 incoming edges: 101
split the incoming edges: 101 47 54
the value pair of raw_data is: 161
split the outgoings edges: 1 1 1 2
add node: MDDNode(4,u_444) MDDNode(4,u_445), remove node: MDDNode(4,u_229)
layer 4 incoming edges: 101
split the incoming edges: 101 40 61
the value pair of raw_data is: 161
split the outgoings edges: 1 1 1 2
add node: MDDNode(4,u_446) MDDNode(4,u_447), remove node: MDDNode(4,u_230)
layer 4 incoming edges: 102
split the incoming edges: 102 43 59
the value pair of raw_data is: 161
split the outgoings edges: 1 1 1 2
add node: MDDNode(4,u_448) MDDNode(4,u_449), remove node: MDDNode(4,u_231)
layer 4 incoming edges: 101
split the incoming edges: 101 52 49
the value pair of raw_data is: 161
split the outgoings edges: 1 1 1 2
add node: MDDNode(4,u_450) MDDNode(4,u_451), remove node: MDDNode(4,u_232)
layer 4 incoming edges: 109
split the incoming edges: 109 44 65
the value pair of raw_data is: 161
split the outgoings edges: 1 1 1 2
add node: MDDNode(4,u_452) MDDNode(4,u_453), remove node: MDDNode(4,u_233)
layer 4 incoming edges: 68
split the incoming edges: 68 34 34
the value pair of raw_data is: 161
split the outgoings edges: 1 1 1 2
add node: MDDNode(4,u_454) MDDNode(4,u_455), remove node: MDDNode(4,u_234)
layer 4 incoming edges: 70
split the incoming edges: 70 38 32
the value pair of raw_data is: 161
split the outgoings edges: 1 1 1 2
add node: MDDNode(4,u_456) MDDNode(4,u_457), remove node: MDDNode(4,u_235)
layer 4 incoming edges: 82
split the incoming edges: 82 51 31
the value pair of raw_data is: 161
split the outgoings edges: 1 1 1 2
add node: MDDNode(4,u_458) MDDNode(4,u_459), remove node: MDDNode(4,u_236)
layer 4 incoming edges: 102
split the incoming edges: 102 59 43
the value pair of raw_data is: 161
split the outgoings edges: 1 1 1 2
add node: MDDNode(4,u_460) MDDNode(4,u_461), remove node: MDDNode(4,u_237)
layer 4 incoming edges: 95
split the incoming edges: 95 41 54
the value pair of raw_data is: 161
split the outgoings edges: 1 1 1 2
add node: MDDNode(4,u_462) MDDNode(4,u_463), remove node: MDDNode(4,u_238)
layer 4 incoming edges: 143
split the incoming edges: 143 65 78
the value pair of raw_data is: 161
split the outgoings edges: 1 1 1 2
add node: MDDNode(4,u_464) MDDNode(4,u_465), remove node: MDDNode(4,u_239)
layer 4 incoming edges: 112
split the incoming edges: 112 56 56
the value pair of raw_data is: 161
split the outgoings edges: 1 1 1 2
add node: MDDNode(4,u_466) MDDNode(4,u_467), remove node: MDDNode(4,u_240)
layer 4 incoming edges: 104
split the incoming edges: 104 52 52
the value pair of raw_data is: 161
split the outgoings edges: 1 1 1 2
add node: MDDNode(4,u_468) MDDNode(4,u_469), remove node: MDDNode(4,u_241)
layer 4 incoming edges: 112
split the incoming edges: 112 57 55
the value pair of raw_data is: 161
split the outgoings edges: 1 1 1 2
add node: MDDNode(4,u_470) MDDNode(4,u_471), remove node: MDDNode(4,u_242)
layer 4 incoming edges: 94
split the incoming edges: 94 51 43
the value pair of raw_data is: 161
split the outgoings edges: 1 1 1 2
add node: MDDNode(4,u_472) MDDNode(4,u_473), remove node: MDDNode(4,u_243)
layer 4 incoming edges: 126
split the incoming edges: 126 66 60
the value pair of raw_data is: 161
split the outgoings edges: 1 1 1 2
add node: MDDNode(4,u_474) MDDNode(4,u_475), remove node: MDDNode(4,u_244)
layer 4 incoming edges: 137
split the incoming edges: 137 67 70
the value pair of raw_data is: 161
split the outgoings edges: 1 1 1 2
add node: MDDNode(4,u_476) MDDNode(4,u_477), remove node: MDDNode(4,u_245)
layer 4 incoming edges: 91
split the incoming edges: 91 44 47
the value pair of raw_data is: 161
split the outgoings edges: 1 1 1 2
add node: MDDNode(4,u_478) MDDNode(4,u_479), remove node: MDDNode(4,u_246)
layer 4 incoming edges: 120
split the incoming edges: 120 60 60
the value pair of raw_data is: 161
split the outgoings edges: 1 1 1 2
add node: MDDNode(4,u_480) MDDNode(4,u_481), remove node: MDDNode(4,u_247)
layer 4 incoming edges: 112
split the incoming edges: 112 55 57
the value pair of raw_data is: 161
split the outgoings edges: 1 1 1 2
add node: MDDNode(4,u_482) MDDNode(4,u_483), remove node: MDDNode(4,u_248)
layer 4 incoming edges: 129
split the incoming edges: 129 61 68
the value pair of raw_data is: 161
split the outgoings edges: 1 1 1 2
add node: MDDNode(4,u_484) MDDNode(4,u_485), remove node: MDDNode(4,u_249)
layer 4 incoming edges: 91
split the incoming edges: 91 46 45
the value pair of raw_data is: 161
split the outgoings edges: 1 1 1 2
add node: MDDNode(4,u_486) MDDNode(4,u_487), remove node: MDDNode(4,u_250)
layer 4 incoming edges: 112
split the incoming edges: 112 55 57
the value pair of raw_data is: 161
split the outgoings edges: 1 1 1 2
add node: MDDNode(4,u_488) MDDNode(4,u_489), remove node: MDDNode(4,u_251)
layer 4 incoming edges: 101
split the incoming edges: 101 45 56
the value pair of raw_data is: 161
split the outgoings edges: 1 1 1 2
add node: MDDNode(4,u_490) MDDNode(4,u_491), remove node: MDDNode(4,u_252)
layer 4 incoming edges: 98
split the incoming edges: 98 52 46
the value pair of raw_data is: 161
split the outgoings edges: 1 1 1 2
add node: MDDNode(4,u_492) MDDNode(4,u_493), remove node: MDDNode(4,u_253)
1 56 64
layer 1 incoming edges: 1
one of splitted has no income edge:1 0
layer 1 incoming edges: 2
split the incoming edges: 2 1 1
the value pair of raw_data is: 492
split the outgoings edges: 18 2 16 18
add node: MDDNode(1,u_494) MDDNode(1,u_495), remove node: MDDNode(1,u_128)
layer 1 incoming edges: 3
split the incoming edges: 3 2 1
the value pair of raw_data is: 492
split the outgoings edges: 12 11 1 12
add node: MDDNode(1,u_496) MDDNode(1,u_497), remove node: MDDNode(1,u_129)
layer 1 incoming edges: 3
split the incoming edges: 3 1 2
the value pair of raw_data is: 492
split the outgoings edges: 10 6 5 11
add node: MDDNode(1,u_498) MDDNode(1,u_499), remove node: MDDNode(1,u_134)
layer 1 incoming edges: 1
one of splitted has no income edge:0 1
layer 1 incoming edges: 1
one of splitted has no income edge:1 0
layer 1 incoming edges: 1
one of splitted has no income edge:0 1
layer 1 incoming edges: 2
split the incoming edges: 2 1 1
the value pair of raw_data is: 492
split the outgoings edges: 11 3 8 11
add node: MDDNode(1,u_500) MDDNode(1,u_501), remove node: MDDNode(1,u_157)
layer 1 incoming edges: 1
one of splitted has no income edge:1 0
layer 1 incoming edges: 3
one of splitted has no income edge:0 3
layer 1 incoming edges: 1
one of splitted has no income edge:0 1
layer 1 incoming edges: 2
one of splitted has no income edge:2 0
layer 1 incoming edges: 1
one of splitted has no income edge:1 0
layer 1 incoming edges: 3
split the incoming edges: 3 2 1
the value pair of raw_data is: 492
split the outgoings edges: 5 3 2 5
add node: MDDNode(1,u_502) MDDNode(1,u_503), remove node: MDDNode(1,u_259)
layer 1 incoming edges: 2
one of splitted has no income edge:0 2
layer 1 incoming edges: 5
one of splitted has no income edge:0 5
layer 1 incoming edges: 3
split the incoming edges: 3 2 1
the value pair of raw_data is: 492
split the outgoings edges: 14 9 5 14
add node: MDDNode(1,u_504) MDDNode(1,u_505), remove node: MDDNode(1,u_262)
layer 1 incoming edges: 2
one of splitted has no income edge:0 2
layer 1 incoming edges: 1
one of splitted has no income edge:1 0
layer 1 incoming edges: 2
split the incoming edges: 2 1 1
the value pair of raw_data is: 492
split the outgoings edges: 18 14 4 18
add node: MDDNode(1,u_506) MDDNode(1,u_507), remove node: MDDNode(1,u_265)
layer 1 incoming edges: 1
one of splitted has no income edge:0 1
layer 1 incoming edges: 2
split the incoming edges: 2 1 1
the value pair of raw_data is: 492
split the outgoings edges: 3 2 1 3
add node: MDDNode(1,u_508) MDDNode(1,u_509), remove node: MDDNode(1,u_267)
layer 1 incoming edges: 3
node canot be splitted, beacause reaching the bound!: 64
layer 1 incoming edges: 2
node canot be splitted, beacause reaching the bound!: 64
layer 1 incoming edges: 2
one of splitted has no income edge:0 2
layer 1 incoming edges: 6
node canot be splitted, beacause reaching the bound!: 64
layer 1 incoming edges: 2
one of splitted has no income edge:2 0
layer 1 incoming edges: 1
one of splitted has no income edge:1 0
layer 1 incoming edges: 2
node canot be splitted, beacause reaching the bound!: 64
layer 1 incoming edges: 5
node canot be splitted, beacause reaching the bound!: 64
layer 1 incoming edges: 1
one of splitted has no income edge:1 0
layer 1 incoming edges: 3
node canot be splitted, beacause reaching the bound!: 64
layer 1 incoming edges: 1
one of splitted has no income edge:1 0
layer 1 incoming edges: 1
one of splitted has no income edge:0 1
layer 1 incoming edges: 1
one of splitted has no income edge:1 0
layer 1 incoming edges: 1
one of splitted has no income edge:1 0
layer 1 incoming edges: 1
one of splitted has no income edge:0 1
layer 1 incoming edges: 2
node canot be splitted, beacause reaching the bound!: 64
layer 1 incoming edges: 2
node canot be splitted, beacause reaching the bound!: 64
layer 1 incoming edges: 2
node canot be splitted, beacause reaching the bound!: 64
layer 1 incoming edges: 2
one of splitted has no income edge:0 2
layer 1 incoming edges: 2
node canot be splitted, beacause reaching the bound!: 64
layer 1 incoming edges: 1
one of splitted has no income edge:0 1
layer 1 incoming edges: 1
one of splitted has no income edge:0 1
layer 1 incoming edges: 4
node canot be splitted, beacause reaching the bound!: 64
layer 1 incoming edges: 1
one of splitted has no income edge:0 1
layer 1 incoming edges: 2
one of splitted has no income edge:2 0
layer 1 incoming edges: 2
one of splitted has no income edge:2 0
layer 1 incoming edges: 1
one of splitted has no income edge:0 1
layer 1 incoming edges: 1
one of splitted has no income edge:1 0
layer 1 incoming edges: 1
one of splitted has no income edge:1 0
layer 1 incoming edges: 2
one of splitted has no income edge:0 2
layer 1 incoming edges: 2
node canot be splitted, beacause reaching the bound!: 64
layer 1 incoming edges: 1
one of splitted has no income edge:0 1
layer 1 incoming edges: 4
node canot be splitted, beacause reaching the bound!: 64
layer 1 incoming edges: 3
node canot be splitted, beacause reaching the bound!: 64
The bucket size: [25]
the graph width list : [1, 64, 64, 64, 64, 1]
iter= 1 dev 0.2583   test 0.2352   intelligible 0.3019   english 0.2478   gold 0.4880   save acc: 0.3019 time: 2019-11-28T02:42 
iter= 2 dev 0.2846   test 0.2771   intelligible 0.3606   english 0.2945   gold 0.6558   save acc: 0.3606 time: 2019-11-28T02:43 
iter= 3 dev 0.2964   test 0.2918   intelligible 0.3780   english 0.3093   gold 0.6918   save acc: 0.3780 time: 2019-11-28T02:43 
iter= 4 dev 0.3130   test 0.2970   intelligible 0.3837   english 0.3159   gold 0.6353   save acc: 0.3837 time: 2019-11-28T02:44 
iter= 5 dev 0.3114   test 0.3034   intelligible 0.3917   english 0.3218   gold 0.6935   save acc: 0.3917 time: 2019-11-28T02:45 
iter= 6 dev 0.3090   test 0.3050   intelligible 0.3943   english 0.3233   gold 0.7140   save acc: 0.3943 time: 2019-11-28T02:46 
iter= 7 dev 0.3152   test 0.3014   intelligible 0.3879   english 0.3189   gold 0.6592   
iter= 8 dev 0.3114   test 0.3107   intelligible 0.4038   english 0.3308   gold 0.7363   save acc: 0.4038 time: 2019-11-28T02:48 
iter= 9 dev 0.3216   test 0.3179   intelligible 0.4121   english 0.3385   gold 0.7414   save acc: 0.4121 time: 2019-11-28T02:49 
iter= 10 dev 0.3168   test 0.3153   intelligible 0.4076   english 0.3349   gold 0.7329   
iter= 11 dev 0.3171   test 0.3099   intelligible 0.4061   english 0.3328   gold 0.7329   
iter= 12 dev 0.3185   test 0.3138   intelligible 0.4076   english 0.3331   gold 0.7380   
iter= 13 dev 0.3171   test 0.3125   intelligible 0.4068   english 0.3322   gold 0.7483   
iter= 14 dev 0.3149   test 0.3138   intelligible 0.4064   english 0.3331   gold 0.7449   
iter= 15 dev 0.3145   test 0.3120   intelligible 0.4045   english 0.3311   gold 0.7414   
iter= 16 dev 0.3140   test 0.3102   intelligible 0.4019   english 0.3293   gold 0.7363   
iter= 17 dev 0.3164   test 0.3133   intelligible 0.4061   english 0.3325   gold 0.7397   
iter= 18 dev 0.3175   test 0.3135   intelligible 0.4053   english 0.3325   gold 0.7346   
iter= 19 dev 0.3168   test 0.3125   intelligible 0.4053   english 0.3319   gold 0.7363   
iter= 20 dev 0.3171   test 0.3117   intelligible 0.4038   english 0.3308   gold 0.7312   
iter= 21 dev 0.3149   test 0.3112   intelligible 0.4030   english 0.3308   gold 0.7329   
