args Namespace(config='configs/config_l.json', dataset='dataset/IFTTT/msr_data.pkl', load_model=None, mode='train', output='model/ifttt/width-64/pid-10-', width='64')
configure: {'max_word_id': 4000, 'bidirectional': True, 'cell_type': 'lstm', 'decoder': 'attention', 'embedding_size': 50, 'keep_prob': 0.5, 'memory_size': 25, 'num_layers': 1, 'num_units': 50, 'use_embedding': True, 'epoches': 20, 'batch_size': 32, 'init': {'name': 'random_uniform_initializer', 'scale': 0.1}, 'lr_scheduler': {'decay_steps': 5000, 'init_lr': 0.01, 'staircase': True}, 'max_grad_norm': 1, 'optimizer': 'AdamOptimizer'}
# path 8580
save to model/ifttt/width-64/pid-10-IFTTT-w-64.json
load json
numArcLayers: 5
1 1 64
layer 1 incoming edges: 111
split the incoming edges: 111 49 62
the value pair of raw_data is: 492
split the outgoings edges: 443 206 258 464
add node: MDDNode(1,u_6) MDDNode(1,u_7), remove node: MDDNode(1,u_1)
2 1 64
layer 2 incoming edges: 464
split the incoming edges: 464 240 224
the value pair of raw_data is: 6265
split the outgoings edges: 88 88 88 176
add node: MDDNode(2,u_8) MDDNode(2,u_9), remove node: MDDNode(2,u_2)
3 1 64
layer 3 incoming edges: 176
split the incoming edges: 176 88 88
the value pair of raw_data is: 202
split the outgoings edges: 161 133 145 278
add node: MDDNode(3,u_10) MDDNode(3,u_11), remove node: MDDNode(3,u_3)
4 1 64
layer 4 incoming edges: 278
split the incoming edges: 278 152 126
the value pair of raw_data is: 161
split the outgoings edges: 1 1 1 2
add node: MDDNode(4,u_12) MDDNode(4,u_13), remove node: MDDNode(4,u_4)
1 2 64
layer 1 incoming edges: 49
split the incoming edges: 49 26 23
the value pair of raw_data is: 492
split the outgoings edges: 206 109 102 211
add node: MDDNode(1,u_14) MDDNode(1,u_15), remove node: MDDNode(1,u_6)
layer 1 incoming edges: 62
split the incoming edges: 62 33 29
the value pair of raw_data is: 492
split the outgoings edges: 258 128 134 262
add node: MDDNode(1,u_16) MDDNode(1,u_17), remove node: MDDNode(1,u_7)
2 2 64
layer 2 incoming edges: 245
split the incoming edges: 245 136 109
the value pair of raw_data is: 6265
split the outgoings edges: 88 85 88 173
add node: MDDNode(2,u_18) MDDNode(2,u_19), remove node: MDDNode(2,u_8)
layer 2 incoming edges: 228
split the incoming edges: 228 112 116
the value pair of raw_data is: 6265
split the outgoings edges: 88 85 84 169
add node: MDDNode(2,u_20) MDDNode(2,u_21), remove node: MDDNode(2,u_9)
3 2 64
layer 3 incoming edges: 169
split the incoming edges: 169 88 81
the value pair of raw_data is: 202
split the outgoings edges: 133 116 94 210
add node: MDDNode(3,u_22) MDDNode(3,u_23), remove node: MDDNode(3,u_10)
layer 3 incoming edges: 173
split the incoming edges: 173 81 92
the value pair of raw_data is: 202
split the outgoings edges: 145 108 104 212
add node: MDDNode(3,u_24) MDDNode(3,u_25), remove node: MDDNode(3,u_11)
4 2 64
layer 4 incoming edges: 222
split the incoming edges: 222 111 111
the value pair of raw_data is: 161
split the outgoings edges: 1 1 1 2
add node: MDDNode(4,u_26) MDDNode(4,u_27), remove node: MDDNode(4,u_12)
layer 4 incoming edges: 200
split the incoming edges: 200 102 98
the value pair of raw_data is: 161
split the outgoings edges: 1 1 1 2
add node: MDDNode(4,u_28) MDDNode(4,u_29), remove node: MDDNode(4,u_13)
1 4 64
layer 1 incoming edges: 26
split the incoming edges: 26 8 18
the value pair of raw_data is: 492
split the outgoings edges: 109 39 70 109
add node: MDDNode(1,u_30) MDDNode(1,u_31), remove node: MDDNode(1,u_14)
layer 1 incoming edges: 23
split the incoming edges: 23 9 14
the value pair of raw_data is: 492
split the outgoings edges: 102 36 68 104
add node: MDDNode(1,u_32) MDDNode(1,u_33), remove node: MDDNode(1,u_15)
layer 1 incoming edges: 33
split the incoming edges: 33 21 12
the value pair of raw_data is: 492
split the outgoings edges: 128 73 58 131
add node: MDDNode(1,u_34) MDDNode(1,u_35), remove node: MDDNode(1,u_16)
layer 1 incoming edges: 29
split the incoming edges: 29 14 15
the value pair of raw_data is: 492
split the outgoings edges: 134 73 63 136
add node: MDDNode(1,u_36) MDDNode(1,u_37), remove node: MDDNode(1,u_17)
2 4 64
layer 2 incoming edges: 138
split the incoming edges: 138 70 68
the value pair of raw_data is: 6265
split the outgoings edges: 85 82 80 162
add node: MDDNode(2,u_38) MDDNode(2,u_39), remove node: MDDNode(2,u_18)
layer 2 incoming edges: 113
split the incoming edges: 113 55 58
the value pair of raw_data is: 6265
split the outgoings edges: 88 83 87 170
add node: MDDNode(2,u_40) MDDNode(2,u_41), remove node: MDDNode(2,u_19)
layer 2 incoming edges: 113
split the incoming edges: 113 56 57
the value pair of raw_data is: 6265
split the outgoings edges: 85 78 79 157
add node: MDDNode(2,u_42) MDDNode(2,u_43), remove node: MDDNode(2,u_20)
layer 2 incoming edges: 116
split the incoming edges: 116 53 63
the value pair of raw_data is: 6265
split the outgoings edges: 84 78 81 159
add node: MDDNode(2,u_44) MDDNode(2,u_45), remove node: MDDNode(2,u_21)
3 4 64
layer 3 incoming edges: 166
split the incoming edges: 166 87 79
the value pair of raw_data is: 202
split the outgoings edges: 116 93 98 191
add node: MDDNode(3,u_46) MDDNode(3,u_47), remove node: MDDNode(3,u_22)
layer 3 incoming edges: 149
split the incoming edges: 149 74 75
the value pair of raw_data is: 202
split the outgoings edges: 94 71 63 134
add node: MDDNode(3,u_48) MDDNode(3,u_49), remove node: MDDNode(3,u_23)
layer 3 incoming edges: 153
split the incoming edges: 153 72 81
the value pair of raw_data is: 202
split the outgoings edges: 108 94 101 195
add node: MDDNode(3,u_50) MDDNode(3,u_51), remove node: MDDNode(3,u_24)
layer 3 incoming edges: 180
split the incoming edges: 180 85 95
the value pair of raw_data is: 202
split the outgoings edges: 104 88 95 183
add node: MDDNode(3,u_52) MDDNode(3,u_53), remove node: MDDNode(3,u_25)
4 4 64
layer 4 incoming edges: 184
split the incoming edges: 184 95 89
the value pair of raw_data is: 161
split the outgoings edges: 1 1 1 2
add node: MDDNode(4,u_54) MDDNode(4,u_55), remove node: MDDNode(4,u_26)
layer 4 incoming edges: 185
split the incoming edges: 185 91 94
the value pair of raw_data is: 161
split the outgoings edges: 1 1 1 2
add node: MDDNode(4,u_56) MDDNode(4,u_57), remove node: MDDNode(4,u_27)
layer 4 incoming edges: 169
split the incoming edges: 169 91 78
the value pair of raw_data is: 161
split the outgoings edges: 1 1 1 2
add node: MDDNode(4,u_58) MDDNode(4,u_59), remove node: MDDNode(4,u_28)
layer 4 incoming edges: 165
split the incoming edges: 165 81 84
the value pair of raw_data is: 161
split the outgoings edges: 1 1 1 2
add node: MDDNode(4,u_60) MDDNode(4,u_61), remove node: MDDNode(4,u_29)
1 8 64
layer 1 incoming edges: 8
split the incoming edges: 8 3 5
the value pair of raw_data is: 492
split the outgoings edges: 39 25 16 41
add node: MDDNode(1,u_62) MDDNode(1,u_63), remove node: MDDNode(1,u_30)
layer 1 incoming edges: 18
split the incoming edges: 18 10 8
the value pair of raw_data is: 492
split the outgoings edges: 70 32 42 74
add node: MDDNode(1,u_64) MDDNode(1,u_65), remove node: MDDNode(1,u_31)
layer 1 incoming edges: 9
split the incoming edges: 9 5 4
the value pair of raw_data is: 492
split the outgoings edges: 36 17 19 36
add node: MDDNode(1,u_66) MDDNode(1,u_67), remove node: MDDNode(1,u_32)
layer 1 incoming edges: 14
split the incoming edges: 14 9 5
the value pair of raw_data is: 492
split the outgoings edges: 68 54 14 68
add node: MDDNode(1,u_68) MDDNode(1,u_69), remove node: MDDNode(1,u_33)
layer 1 incoming edges: 21
split the incoming edges: 21 12 9
the value pair of raw_data is: 492
split the outgoings edges: 73 44 30 74
add node: MDDNode(1,u_70) MDDNode(1,u_71), remove node: MDDNode(1,u_34)
layer 1 incoming edges: 12
split the incoming edges: 12 7 5
the value pair of raw_data is: 492
split the outgoings edges: 58 45 13 58
add node: MDDNode(1,u_72) MDDNode(1,u_73), remove node: MDDNode(1,u_35)
layer 1 incoming edges: 14
split the incoming edges: 14 8 6
the value pair of raw_data is: 492
split the outgoings edges: 73 40 33 73
add node: MDDNode(1,u_74) MDDNode(1,u_75), remove node: MDDNode(1,u_36)
layer 1 incoming edges: 15
split the incoming edges: 15 8 7
the value pair of raw_data is: 492
split the outgoings edges: 63 31 32 63
add node: MDDNode(1,u_76) MDDNode(1,u_77), remove node: MDDNode(1,u_37)
2 8 64
layer 2 incoming edges: 71
split the incoming edges: 71 28 43
the value pair of raw_data is: 6265
split the outgoings edges: 82 77 78 155
add node: MDDNode(2,u_78) MDDNode(2,u_79), remove node: MDDNode(2,u_38)
layer 2 incoming edges: 70
split the incoming edges: 70 25 45
the value pair of raw_data is: 6265
split the outgoings edges: 80 69 75 144
add node: MDDNode(2,u_80) MDDNode(2,u_81), remove node: MDDNode(2,u_39)
layer 2 incoming edges: 56
split the incoming edges: 56 26 30
the value pair of raw_data is: 6265
split the outgoings edges: 83 71 76 147
add node: MDDNode(2,u_82) MDDNode(2,u_83), remove node: MDDNode(2,u_40)
layer 2 incoming edges: 58
split the incoming edges: 58 29 29
the value pair of raw_data is: 6265
split the outgoings edges: 87 77 84 161
add node: MDDNode(2,u_84) MDDNode(2,u_85), remove node: MDDNode(2,u_41)
layer 2 incoming edges: 56
split the incoming edges: 56 24 32
the value pair of raw_data is: 6265
split the outgoings edges: 78 73 71 144
add node: MDDNode(2,u_86) MDDNode(2,u_87), remove node: MDDNode(2,u_42)
layer 2 incoming edges: 59
split the incoming edges: 59 25 34
the value pair of raw_data is: 6265
split the outgoings edges: 79 73 71 144
add node: MDDNode(2,u_88) MDDNode(2,u_89), remove node: MDDNode(2,u_43)
layer 2 incoming edges: 54
split the incoming edges: 54 27 27
the value pair of raw_data is: 6265
split the outgoings edges: 78 73 66 139
add node: MDDNode(2,u_90) MDDNode(2,u_91), remove node: MDDNode(2,u_44)
layer 2 incoming edges: 63
split the incoming edges: 63 37 26
the value pair of raw_data is: 6265
split the outgoings edges: 81 76 66 142
add node: MDDNode(2,u_92) MDDNode(2,u_93), remove node: MDDNode(2,u_45)
3 8 64
layer 3 incoming edges: 159
split the incoming edges: 159 70 89
the value pair of raw_data is: 202
split the outgoings edges: 93 77 82 159
add node: MDDNode(3,u_94) MDDNode(3,u_95), remove node: MDDNode(3,u_46)
layer 3 incoming edges: 141
split the incoming edges: 141 66 75
the value pair of raw_data is: 202
split the outgoings edges: 98 77 80 157
add node: MDDNode(3,u_96) MDDNode(3,u_97), remove node: MDDNode(3,u_47)
layer 3 incoming edges: 136
split the incoming edges: 136 71 65
the value pair of raw_data is: 202
split the outgoings edges: 71 53 52 105
add node: MDDNode(3,u_98) MDDNode(3,u_99), remove node: MDDNode(3,u_48)
layer 3 incoming edges: 135
split the incoming edges: 135 69 66
the value pair of raw_data is: 202
split the outgoings edges: 63 54 51 105
add node: MDDNode(3,u_100) MDDNode(3,u_101), remove node: MDDNode(3,u_49)
layer 3 incoming edges: 130
split the incoming edges: 130 67 63
the value pair of raw_data is: 202
split the outgoings edges: 94 87 76 163
add node: MDDNode(3,u_102) MDDNode(3,u_103), remove node: MDDNode(3,u_50)
layer 3 incoming edges: 146
split the incoming edges: 146 79 67
the value pair of raw_data is: 202
split the outgoings edges: 101 86 96 182
add node: MDDNode(3,u_104) MDDNode(3,u_105), remove node: MDDNode(3,u_51)
layer 3 incoming edges: 160
split the incoming edges: 160 71 89
the value pair of raw_data is: 202
split the outgoings edges: 88 64 77 141
add node: MDDNode(3,u_106) MDDNode(3,u_107), remove node: MDDNode(3,u_52)
layer 3 incoming edges: 169
split the incoming edges: 169 82 87
the value pair of raw_data is: 202
split the outgoings edges: 95 79 75 154
add node: MDDNode(3,u_108) MDDNode(3,u_109), remove node: MDDNode(3,u_53)
4 8 64
layer 4 incoming edges: 165
split the incoming edges: 165 96 69
the value pair of raw_data is: 161
split the outgoings edges: 1 1 1 2
add node: MDDNode(4,u_110) MDDNode(4,u_111), remove node: MDDNode(4,u_54)
layer 4 incoming edges: 142
split the incoming edges: 142 60 82
the value pair of raw_data is: 161
split the outgoings edges: 1 1 1 2
add node: MDDNode(4,u_112) MDDNode(4,u_113), remove node: MDDNode(4,u_55)
layer 4 incoming edges: 154
split the incoming edges: 154 81 73
the value pair of raw_data is: 161
split the outgoings edges: 1 1 1 2
add node: MDDNode(4,u_114) MDDNode(4,u_115), remove node: MDDNode(4,u_56)
layer 4 incoming edges: 157
split the incoming edges: 157 76 81
the value pair of raw_data is: 161
split the outgoings edges: 1 1 1 2
add node: MDDNode(4,u_116) MDDNode(4,u_117), remove node: MDDNode(4,u_57)
layer 4 incoming edges: 149
split the incoming edges: 149 76 73
the value pair of raw_data is: 161
split the outgoings edges: 1 1 1 2
add node: MDDNode(4,u_118) MDDNode(4,u_119), remove node: MDDNode(4,u_58)
layer 4 incoming edges: 129
split the incoming edges: 129 62 67
the value pair of raw_data is: 161
split the outgoings edges: 1 1 1 2
add node: MDDNode(4,u_120) MDDNode(4,u_121), remove node: MDDNode(4,u_59)
layer 4 incoming edges: 131
split the incoming edges: 131 61 70
the value pair of raw_data is: 161
split the outgoings edges: 1 1 1 2
add node: MDDNode(4,u_122) MDDNode(4,u_123), remove node: MDDNode(4,u_60)
layer 4 incoming edges: 139
split the incoming edges: 139 69 70
the value pair of raw_data is: 161
split the outgoings edges: 1 1 1 2
add node: MDDNode(4,u_124) MDDNode(4,u_125), remove node: MDDNode(4,u_61)
1 16 64
layer 1 incoming edges: 3
one of splitted has no income edge:0 3
layer 1 incoming edges: 5
split the incoming edges: 5 3 2
the value pair of raw_data is: 492
split the outgoings edges: 16 11 5 16
add node: MDDNode(1,u_126) MDDNode(1,u_127), remove node: MDDNode(1,u_63)
layer 1 incoming edges: 10
split the incoming edges: 10 6 4
the value pair of raw_data is: 492
split the outgoings edges: 32 18 16 34
add node: MDDNode(1,u_128) MDDNode(1,u_129), remove node: MDDNode(1,u_64)
layer 1 incoming edges: 8
split the incoming edges: 8 3 5
the value pair of raw_data is: 492
split the outgoings edges: 42 13 29 42
add node: MDDNode(1,u_130) MDDNode(1,u_131), remove node: MDDNode(1,u_65)
layer 1 incoming edges: 5
split the incoming edges: 5 3 2
the value pair of raw_data is: 492
split the outgoings edges: 17 15 2 17
add node: MDDNode(1,u_132) MDDNode(1,u_133), remove node: MDDNode(1,u_66)
layer 1 incoming edges: 4
split the incoming edges: 4 1 3
the value pair of raw_data is: 492
split the outgoings edges: 19 4 15 19
add node: MDDNode(1,u_134) MDDNode(1,u_135), remove node: MDDNode(1,u_67)
layer 1 incoming edges: 9
split the incoming edges: 9 3 6
the value pair of raw_data is: 492
split the outgoings edges: 54 17 37 54
add node: MDDNode(1,u_136) MDDNode(1,u_137), remove node: MDDNode(1,u_68)
layer 1 incoming edges: 5
split the incoming edges: 5 3 2
the value pair of raw_data is: 492
split the outgoings edges: 14 8 6 14
add node: MDDNode(1,u_138) MDDNode(1,u_139), remove node: MDDNode(1,u_69)
layer 1 incoming edges: 12
split the incoming edges: 12 6 6
the value pair of raw_data is: 492
split the outgoings edges: 44 17 27 44
add node: MDDNode(1,u_140) MDDNode(1,u_141), remove node: MDDNode(1,u_70)
layer 1 incoming edges: 9
split the incoming edges: 9 3 6
the value pair of raw_data is: 492
split the outgoings edges: 30 15 16 31
add node: MDDNode(1,u_142) MDDNode(1,u_143), remove node: MDDNode(1,u_71)
layer 1 incoming edges: 7
one of splitted has no income edge:7 0
layer 1 incoming edges: 5
split the incoming edges: 5 2 3
the value pair of raw_data is: 492
split the outgoings edges: 13 7 6 13
add node: MDDNode(1,u_144) MDDNode(1,u_145), remove node: MDDNode(1,u_73)
layer 1 incoming edges: 8
split the incoming edges: 8 6 2
the value pair of raw_data is: 492
split the outgoings edges: 40 36 6 42
add node: MDDNode(1,u_146) MDDNode(1,u_147), remove node: MDDNode(1,u_74)
layer 1 incoming edges: 6
split the incoming edges: 6 5 1
the value pair of raw_data is: 492
split the outgoings edges: 33 27 6 33
add node: MDDNode(1,u_148) MDDNode(1,u_149), remove node: MDDNode(1,u_75)
layer 1 incoming edges: 8
split the incoming edges: 8 1 7
the value pair of raw_data is: 492
split the outgoings edges: 31 5 26 31
add node: MDDNode(1,u_150) MDDNode(1,u_151), remove node: MDDNode(1,u_76)
layer 1 incoming edges: 7
split the incoming edges: 7 4 3
the value pair of raw_data is: 492
split the outgoings edges: 32 21 11 32
add node: MDDNode(1,u_152) MDDNode(1,u_153), remove node: MDDNode(1,u_77)
2 16 64
layer 2 incoming edges: 28
split the incoming edges: 28 14 14
the value pair of raw_data is: 6265
split the outgoings edges: 77 74 70 144
add node: MDDNode(2,u_154) MDDNode(2,u_155), remove node: MDDNode(2,u_78)
layer 2 incoming edges: 44
split the incoming edges: 44 21 23
the value pair of raw_data is: 6265
split the outgoings edges: 78 70 66 136
add node: MDDNode(2,u_156) MDDNode(2,u_157), remove node: MDDNode(2,u_79)
layer 2 incoming edges: 25
split the incoming edges: 25 12 13
the value pair of raw_data is: 6265
split the outgoings edges: 69 56 57 113
add node: MDDNode(2,u_158) MDDNode(2,u_159), remove node: MDDNode(2,u_80)
layer 2 incoming edges: 47
split the incoming edges: 47 22 25
the value pair of raw_data is: 6265
split the outgoings edges: 75 68 71 139
add node: MDDNode(2,u_160) MDDNode(2,u_161), remove node: MDDNode(2,u_81)
layer 2 incoming edges: 26
split the incoming edges: 26 12 14
the value pair of raw_data is: 6265
split the outgoings edges: 71 62 67 129
add node: MDDNode(2,u_162) MDDNode(2,u_163), remove node: MDDNode(2,u_82)
layer 2 incoming edges: 30
split the incoming edges: 30 10 20
the value pair of raw_data is: 6265
split the outgoings edges: 76 62 67 129
add node: MDDNode(2,u_164) MDDNode(2,u_165), remove node: MDDNode(2,u_83)
layer 2 incoming edges: 29
split the incoming edges: 29 12 17
the value pair of raw_data is: 6265
split the outgoings edges: 77 70 68 138
add node: MDDNode(2,u_166) MDDNode(2,u_167), remove node: MDDNode(2,u_84)
layer 2 incoming edges: 29
split the incoming edges: 29 19 10
the value pair of raw_data is: 6265
split the outgoings edges: 84 76 68 144
add node: MDDNode(2,u_168) MDDNode(2,u_169), remove node: MDDNode(2,u_85)
layer 2 incoming edges: 24
split the incoming edges: 24 14 10
the value pair of raw_data is: 6265
split the outgoings edges: 73 68 47 115
add node: MDDNode(2,u_170) MDDNode(2,u_171), remove node: MDDNode(2,u_86)
layer 2 incoming edges: 32
split the incoming edges: 32 14 18
the value pair of raw_data is: 6265
split the outgoings edges: 71 66 56 122
add node: MDDNode(2,u_172) MDDNode(2,u_173), remove node: MDDNode(2,u_87)
layer 2 incoming edges: 25
split the incoming edges: 25 11 14
the value pair of raw_data is: 6265
split the outgoings edges: 73 63 56 119
add node: MDDNode(2,u_174) MDDNode(2,u_175), remove node: MDDNode(2,u_88)
layer 2 incoming edges: 35
split the incoming edges: 35 21 14
the value pair of raw_data is: 6265
split the outgoings edges: 71 67 51 118
add node: MDDNode(2,u_176) MDDNode(2,u_177), remove node: MDDNode(2,u_89)
layer 2 incoming edges: 28
split the incoming edges: 28 17 11
the value pair of raw_data is: 6265
split the outgoings edges: 73 70 51 121
add node: MDDNode(2,u_178) MDDNode(2,u_179), remove node: MDDNode(2,u_90)
layer 2 incoming edges: 27
split the incoming edges: 27 14 13
the value pair of raw_data is: 6265
split the outgoings edges: 66 49 58 107
add node: MDDNode(2,u_180) MDDNode(2,u_181), remove node: MDDNode(2,u_91)
layer 2 incoming edges: 37
split the incoming edges: 37 24 13
the value pair of raw_data is: 6265
split the outgoings edges: 76 73 47 120
add node: MDDNode(2,u_182) MDDNode(2,u_183), remove node: MDDNode(2,u_92)
layer 2 incoming edges: 26
split the incoming edges: 26 8 18
the value pair of raw_data is: 6265
split the outgoings edges: 66 38 63 101
add node: MDDNode(2,u_184) MDDNode(2,u_185), remove node: MDDNode(2,u_93)
3 16 64
layer 3 incoming edges: 116
split the incoming edges: 116 60 56
the value pair of raw_data is: 202
split the outgoings edges: 77 67 58 125
add node: MDDNode(3,u_186) MDDNode(3,u_187), remove node: MDDNode(3,u_94)
layer 3 incoming edges: 144
split the incoming edges: 144 70 74
the value pair of raw_data is: 202
split the outgoings edges: 82 71 71 142
add node: MDDNode(3,u_188) MDDNode(3,u_189), remove node: MDDNode(3,u_95)
layer 3 incoming edges: 111
split the incoming edges: 111 60 51
the value pair of raw_data is: 202
split the outgoings edges: 77 71 65 136
add node: MDDNode(3,u_190) MDDNode(3,u_191), remove node: MDDNode(3,u_96)
layer 3 incoming edges: 124
split the incoming edges: 124 70 54
the value pair of raw_data is: 202
split the outgoings edges: 80 63 62 125
add node: MDDNode(3,u_192) MDDNode(3,u_193), remove node: MDDNode(3,u_97)
layer 3 incoming edges: 125
split the incoming edges: 125 64 61
the value pair of raw_data is: 202
split the outgoings edges: 53 48 38 86
add node: MDDNode(3,u_194) MDDNode(3,u_195), remove node: MDDNode(3,u_98)
layer 3 incoming edges: 107
split the incoming edges: 107 47 60
the value pair of raw_data is: 202
split the outgoings edges: 52 45 44 89
add node: MDDNode(3,u_196) MDDNode(3,u_197), remove node: MDDNode(3,u_99)
layer 3 incoming edges: 118
split the incoming edges: 118 63 55
the value pair of raw_data is: 202
split the outgoings edges: 54 46 41 87
add node: MDDNode(3,u_198) MDDNode(3,u_199), remove node: MDDNode(3,u_100)
layer 3 incoming edges: 108
split the incoming edges: 108 55 53
the value pair of raw_data is: 202
split the outgoings edges: 51 46 45 91
add node: MDDNode(3,u_200) MDDNode(3,u_201), remove node: MDDNode(3,u_101)
layer 3 incoming edges: 112
split the incoming edges: 112 57 55
the value pair of raw_data is: 202
split the outgoings edges: 87 62 56 118
add node: MDDNode(3,u_202) MDDNode(3,u_203), remove node: MDDNode(3,u_102)
layer 3 incoming edges: 112
split the incoming edges: 112 56 56
the value pair of raw_data is: 202
split the outgoings edges: 76 68 64 132
add node: MDDNode(3,u_204) MDDNode(3,u_205), remove node: MDDNode(3,u_103)
layer 3 incoming edges: 130
split the incoming edges: 130 62 68
the value pair of raw_data is: 202
split the outgoings edges: 86 70 70 140
add node: MDDNode(3,u_206) MDDNode(3,u_207), remove node: MDDNode(3,u_104)
layer 3 incoming edges: 120
split the incoming edges: 120 54 66
the value pair of raw_data is: 202
split the outgoings edges: 96 70 78 148
add node: MDDNode(3,u_208) MDDNode(3,u_209), remove node: MDDNode(3,u_105)
layer 3 incoming edges: 124
split the incoming edges: 124 59 65
the value pair of raw_data is: 202
split the outgoings edges: 64 49 55 104
add node: MDDNode(3,u_210) MDDNode(3,u_211), remove node: MDDNode(3,u_106)
layer 3 incoming edges: 154
split the incoming edges: 154 77 77
the value pair of raw_data is: 202
split the outgoings edges: 77 67 73 140
add node: MDDNode(3,u_212) MDDNode(3,u_213), remove node: MDDNode(3,u_107)
layer 3 incoming edges: 139
split the incoming edges: 139 60 79
the value pair of raw_data is: 202
split the outgoings edges: 79 71 70 141
add node: MDDNode(3,u_214) MDDNode(3,u_215), remove node: MDDNode(3,u_108)
layer 3 incoming edges: 151
split the incoming edges: 151 77 74
the value pair of raw_data is: 202
split the outgoings edges: 75 65 68 133
add node: MDDNode(3,u_216) MDDNode(3,u_217), remove node: MDDNode(3,u_109)
4 16 64
layer 4 incoming edges: 159
split the incoming edges: 159 75 84
the value pair of raw_data is: 161
split the outgoings edges: 1 1 1 2
add node: MDDNode(4,u_218) MDDNode(4,u_219), remove node: MDDNode(4,u_110)
layer 4 incoming edges: 116
split the incoming edges: 116 57 59
the value pair of raw_data is: 161
split the outgoings edges: 1 1 1 2
add node: MDDNode(4,u_220) MDDNode(4,u_221), remove node: MDDNode(4,u_111)
layer 4 incoming edges: 96
split the incoming edges: 96 55 41
the value pair of raw_data is: 161
split the outgoings edges: 1 1 1 2
add node: MDDNode(4,u_222) MDDNode(4,u_223), remove node: MDDNode(4,u_112)
layer 4 incoming edges: 136
split the incoming edges: 136 67 69
the value pair of raw_data is: 161
split the outgoings edges: 1 1 1 2
add node: MDDNode(4,u_224) MDDNode(4,u_225), remove node: MDDNode(4,u_113)
layer 4 incoming edges: 137
split the incoming edges: 137 65 72
the value pair of raw_data is: 161
split the outgoings edges: 1 1 1 2
add node: MDDNode(4,u_226) MDDNode(4,u_227), remove node: MDDNode(4,u_114)
layer 4 incoming edges: 121
split the incoming edges: 121 67 54
the value pair of raw_data is: 161
split the outgoings edges: 1 1 1 2
add node: MDDNode(4,u_228) MDDNode(4,u_229), remove node: MDDNode(4,u_115)
layer 4 incoming edges: 131
split the incoming edges: 131 66 65
the value pair of raw_data is: 161
split the outgoings edges: 1 1 1 2
add node: MDDNode(4,u_230) MDDNode(4,u_231), remove node: MDDNode(4,u_116)
layer 4 incoming edges: 129
split the incoming edges: 129 65 64
the value pair of raw_data is: 161
split the outgoings edges: 1 1 1 2
add node: MDDNode(4,u_232) MDDNode(4,u_233), remove node: MDDNode(4,u_117)
layer 4 incoming edges: 122
split the incoming edges: 122 61 61
the value pair of raw_data is: 161
split the outgoings edges: 1 1 1 2
add node: MDDNode(4,u_234) MDDNode(4,u_235), remove node: MDDNode(4,u_118)
layer 4 incoming edges: 118
split the incoming edges: 118 60 58
the value pair of raw_data is: 161
split the outgoings edges: 1 1 1 2
add node: MDDNode(4,u_236) MDDNode(4,u_237), remove node: MDDNode(4,u_119)
layer 4 incoming edges: 103
split the incoming edges: 103 51 52
the value pair of raw_data is: 161
split the outgoings edges: 1 1 1 2
add node: MDDNode(4,u_238) MDDNode(4,u_239), remove node: MDDNode(4,u_120)
layer 4 incoming edges: 110
split the incoming edges: 110 58 52
the value pair of raw_data is: 161
split the outgoings edges: 1 1 1 2
add node: MDDNode(4,u_240) MDDNode(4,u_241), remove node: MDDNode(4,u_121)
layer 4 incoming edges: 102
split the incoming edges: 102 53 49
the value pair of raw_data is: 161
split the outgoings edges: 1 1 1 2
add node: MDDNode(4,u_242) MDDNode(4,u_243), remove node: MDDNode(4,u_122)
layer 4 incoming edges: 116
split the incoming edges: 116 55 61
the value pair of raw_data is: 161
split the outgoings edges: 1 1 1 2
add node: MDDNode(4,u_244) MDDNode(4,u_245), remove node: MDDNode(4,u_123)
layer 4 incoming edges: 119
split the incoming edges: 119 55 64
the value pair of raw_data is: 161
split the outgoings edges: 1 1 1 2
add node: MDDNode(4,u_246) MDDNode(4,u_247), remove node: MDDNode(4,u_124)
layer 4 incoming edges: 122
split the incoming edges: 122 57 65
the value pair of raw_data is: 161
split the outgoings edges: 1 1 1 2
add node: MDDNode(4,u_248) MDDNode(4,u_249), remove node: MDDNode(4,u_125)
1 30 64
layer 1 incoming edges: 3
split the incoming edges: 3 2 1
the value pair of raw_data is: 492
split the outgoings edges: 25 23 2 25
add node: MDDNode(1,u_250) MDDNode(1,u_251), remove node: MDDNode(1,u_62)
layer 1 incoming edges: 7
split the incoming edges: 7 4 3
the value pair of raw_data is: 492
split the outgoings edges: 45 22 23 45
add node: MDDNode(1,u_252) MDDNode(1,u_253), remove node: MDDNode(1,u_72)
layer 1 incoming edges: 3
one of splitted has no income edge:0 3
layer 1 incoming edges: 2
one of splitted has no income edge:0 2
layer 1 incoming edges: 6
split the incoming edges: 6 5 1
the value pair of raw_data is: 492
split the outgoings edges: 18 15 3 18
add node: MDDNode(1,u_254) MDDNode(1,u_255), remove node: MDDNode(1,u_128)
layer 1 incoming edges: 4
split the incoming edges: 4 3 1
the value pair of raw_data is: 492
split the outgoings edges: 16 11 5 16
add node: MDDNode(1,u_256) MDDNode(1,u_257), remove node: MDDNode(1,u_129)
layer 1 incoming edges: 3
split the incoming edges: 3 1 2
the value pair of raw_data is: 492
split the outgoings edges: 13 6 7 13
add node: MDDNode(1,u_258) MDDNode(1,u_259), remove node: MDDNode(1,u_130)
layer 1 incoming edges: 5
split the incoming edges: 5 1 4
the value pair of raw_data is: 492
split the outgoings edges: 29 5 24 29
add node: MDDNode(1,u_260) MDDNode(1,u_261), remove node: MDDNode(1,u_131)
layer 1 incoming edges: 3
split the incoming edges: 3 2 1
the value pair of raw_data is: 492
split the outgoings edges: 15 4 11 15
add node: MDDNode(1,u_262) MDDNode(1,u_263), remove node: MDDNode(1,u_132)
layer 1 incoming edges: 2
split the incoming edges: 2 1 1
the value pair of raw_data is: 492
split the outgoings edges: 2 1 1 2
add node: MDDNode(1,u_264) MDDNode(1,u_265), remove node: MDDNode(1,u_133)
layer 1 incoming edges: 1
one of splitted has no income edge:0 1
layer 1 incoming edges: 3
one of splitted has no income edge:0 3
layer 1 incoming edges: 3
one of splitted has no income edge:3 0
layer 1 incoming edges: 6
split the incoming edges: 6 2 4
the value pair of raw_data is: 492
split the outgoings edges: 37 13 24 37
add node: MDDNode(1,u_266) MDDNode(1,u_267), remove node: MDDNode(1,u_137)
layer 1 incoming edges: 3
split the incoming edges: 3 1 2
the value pair of raw_data is: 492
split the outgoings edges: 8 1 7 8
add node: MDDNode(1,u_268) MDDNode(1,u_269), remove node: MDDNode(1,u_138)
layer 1 incoming edges: 2
split the incoming edges: 2 1 1
the value pair of raw_data is: 492
split the outgoings edges: 6 5 1 6
add node: MDDNode(1,u_270) MDDNode(1,u_271), remove node: MDDNode(1,u_139)
layer 1 incoming edges: 6
split the incoming edges: 6 4 2
the value pair of raw_data is: 492
split the outgoings edges: 17 14 3 17
add node: MDDNode(1,u_272) MDDNode(1,u_273), remove node: MDDNode(1,u_140)
layer 1 incoming edges: 6
split the incoming edges: 6 5 1
the value pair of raw_data is: 492
split the outgoings edges: 27 20 7 27
add node: MDDNode(1,u_274) MDDNode(1,u_275), remove node: MDDNode(1,u_141)
layer 1 incoming edges: 3
split the incoming edges: 3 2 1
the value pair of raw_data is: 492
split the outgoings edges: 15 12 3 15
add node: MDDNode(1,u_276) MDDNode(1,u_277), remove node: MDDNode(1,u_142)
layer 1 incoming edges: 6
split the incoming edges: 6 3 3
the value pair of raw_data is: 492
split the outgoings edges: 16 6 10 16
add node: MDDNode(1,u_278) MDDNode(1,u_279), remove node: MDDNode(1,u_143)
layer 1 incoming edges: 2
split the incoming edges: 2 1 1
the value pair of raw_data is: 492
split the outgoings edges: 7 6 1 7
add node: MDDNode(1,u_280) MDDNode(1,u_281), remove node: MDDNode(1,u_144)
layer 1 incoming edges: 3
split the incoming edges: 3 1 2
the value pair of raw_data is: 492
split the outgoings edges: 6 3 3 6
add node: MDDNode(1,u_282) MDDNode(1,u_283), remove node: MDDNode(1,u_145)
layer 1 incoming edges: 6
split the incoming edges: 6 2 4
the value pair of raw_data is: 492
split the outgoings edges: 36 3 33 36
add node: MDDNode(1,u_284) MDDNode(1,u_285), remove node: MDDNode(1,u_146)
layer 1 incoming edges: 2
one of splitted has no income edge:2 0
layer 1 incoming edges: 5
one of splitted has no income edge:0 5
layer 1 incoming edges: 1
one of splitted has no income edge:0 1
layer 1 incoming edges: 1
one of splitted has no income edge:0 1
layer 1 incoming edges: 7
split the incoming edges: 7 2 5
the value pair of raw_data is: 492
split the outgoings edges: 26 10 16 26
add node: MDDNode(1,u_286) MDDNode(1,u_287), remove node: MDDNode(1,u_151)
layer 1 incoming edges: 4
split the incoming edges: 4 2 2
the value pair of raw_data is: 492
split the outgoings edges: 21 7 14 21
add node: MDDNode(1,u_288) MDDNode(1,u_289), remove node: MDDNode(1,u_152)
layer 1 incoming edges: 3
split the incoming edges: 3 2 1
the value pair of raw_data is: 492
split the outgoings edges: 11 9 2 11
add node: MDDNode(1,u_290) MDDNode(1,u_291), remove node: MDDNode(1,u_153)
2 32 64
layer 2 incoming edges: 14
split the incoming edges: 14 6 8
the value pair of raw_data is: 6265
split the outgoings edges: 74 63 59 122
add node: MDDNode(2,u_292) MDDNode(2,u_293), remove node: MDDNode(2,u_154)
layer 2 incoming edges: 14
split the incoming edges: 14 4 10
the value pair of raw_data is: 6265
split the outgoings edges: 70 59 64 123
add node: MDDNode(2,u_294) MDDNode(2,u_295), remove node: MDDNode(2,u_155)
layer 2 incoming edges: 21
split the incoming edges: 21 12 9
the value pair of raw_data is: 6265
split the outgoings edges: 70 66 52 118
add node: MDDNode(2,u_296) MDDNode(2,u_297), remove node: MDDNode(2,u_156)
layer 2 incoming edges: 23
split the incoming edges: 23 12 11
the value pair of raw_data is: 6265
split the outgoings edges: 66 49 66 115
add node: MDDNode(2,u_298) MDDNode(2,u_299), remove node: MDDNode(2,u_157)
layer 2 incoming edges: 12
split the incoming edges: 12 2 10
the value pair of raw_data is: 6265
split the outgoings edges: 56 29 51 80
add node: MDDNode(2,u_300) MDDNode(2,u_301), remove node: MDDNode(2,u_158)
layer 2 incoming edges: 13
split the incoming edges: 13 3 10
the value pair of raw_data is: 6265
split the outgoings edges: 57 17 57 74
add node: MDDNode(2,u_302) MDDNode(2,u_303), remove node: MDDNode(2,u_159)
layer 2 incoming edges: 22
split the incoming edges: 22 13 9
the value pair of raw_data is: 6265
split the outgoings edges: 68 50 62 112
add node: MDDNode(2,u_304) MDDNode(2,u_305), remove node: MDDNode(2,u_160)
layer 2 incoming edges: 25
split the incoming edges: 25 12 13
the value pair of raw_data is: 6265
split the outgoings edges: 71 59 61 120
add node: MDDNode(2,u_306) MDDNode(2,u_307), remove node: MDDNode(2,u_161)
layer 2 incoming edges: 12
split the incoming edges: 12 8 4
the value pair of raw_data is: 6265
split the outgoings edges: 62 55 46 101
add node: MDDNode(2,u_308) MDDNode(2,u_309), remove node: MDDNode(2,u_162)
layer 2 incoming edges: 14
split the incoming edges: 14 7 7
the value pair of raw_data is: 6265
split the outgoings edges: 67 55 57 112
add node: MDDNode(2,u_310) MDDNode(2,u_311), remove node: MDDNode(2,u_163)
layer 2 incoming edges: 10
split the incoming edges: 10 4 6
the value pair of raw_data is: 6265
split the outgoings edges: 62 30 61 91
add node: MDDNode(2,u_312) MDDNode(2,u_313), remove node: MDDNode(2,u_164)
layer 2 incoming edges: 20
split the incoming edges: 20 11 9
the value pair of raw_data is: 6265
split the outgoings edges: 67 62 55 117
add node: MDDNode(2,u_314) MDDNode(2,u_315), remove node: MDDNode(2,u_165)
layer 2 incoming edges: 12
split the incoming edges: 12 4 8
the value pair of raw_data is: 6265
split the outgoings edges: 70 51 62 113
add node: MDDNode(2,u_316) MDDNode(2,u_317), remove node: MDDNode(2,u_166)
layer 2 incoming edges: 17
split the incoming edges: 17 9 8
the value pair of raw_data is: 6265
split the outgoings edges: 68 64 53 117
add node: MDDNode(2,u_318) MDDNode(2,u_319), remove node: MDDNode(2,u_167)
layer 2 incoming edges: 19
split the incoming edges: 19 12 7
the value pair of raw_data is: 6265
split the outgoings edges: 76 73 46 119
add node: MDDNode(2,u_320) MDDNode(2,u_321), remove node: MDDNode(2,u_168)
layer 2 incoming edges: 10
split the incoming edges: 10 8 2
the value pair of raw_data is: 6265
split the outgoings edges: 68 68 7 75
add node: MDDNode(2,u_322) MDDNode(2,u_323), remove node: MDDNode(2,u_169)
layer 2 incoming edges: 14
split the incoming edges: 14 8 6
the value pair of raw_data is: 6265
split the outgoings edges: 68 49 62 111
add node: MDDNode(2,u_324) MDDNode(2,u_325), remove node: MDDNode(2,u_170)
layer 2 incoming edges: 10
split the incoming edges: 10 5 5
the value pair of raw_data is: 6265
split the outgoings edges: 47 28 40 68
add node: MDDNode(2,u_326) MDDNode(2,u_327), remove node: MDDNode(2,u_171)
layer 2 incoming edges: 14
split the incoming edges: 14 7 7
the value pair of raw_data is: 6265
split the outgoings edges: 66 57 58 115
add node: MDDNode(2,u_328) MDDNode(2,u_329), remove node: MDDNode(2,u_172)
layer 2 incoming edges: 18
split the incoming edges: 18 9 9
the value pair of raw_data is: 6265
split the outgoings edges: 56 52 29 81
add node: MDDNode(2,u_330) MDDNode(2,u_331), remove node: MDDNode(2,u_173)
layer 2 incoming edges: 11
split the incoming edges: 11 4 7
the value pair of raw_data is: 6265
split the outgoings edges: 63 27 62 89
add node: MDDNode(2,u_332) MDDNode(2,u_333), remove node: MDDNode(2,u_174)
layer 2 incoming edges: 14
split the incoming edges: 14 7 7
the value pair of raw_data is: 6265
split the outgoings edges: 56 41 46 87
add node: MDDNode(2,u_334) MDDNode(2,u_335), remove node: MDDNode(2,u_175)
layer 2 incoming edges: 21
split the incoming edges: 21 12 9
the value pair of raw_data is: 6265
split the outgoings edges: 67 65 47 112
add node: MDDNode(2,u_336) MDDNode(2,u_337), remove node: MDDNode(2,u_176)
layer 2 incoming edges: 14
split the incoming edges: 14 7 7
the value pair of raw_data is: 6265
split the outgoings edges: 51 39 37 76
add node: MDDNode(2,u_338) MDDNode(2,u_339), remove node: MDDNode(2,u_177)
layer 2 incoming edges: 17
split the incoming edges: 17 6 11
the value pair of raw_data is: 6265
split the outgoings edges: 70 33 67 100
add node: MDDNode(2,u_340) MDDNode(2,u_341), remove node: MDDNode(2,u_178)
layer 2 incoming edges: 11
split the incoming edges: 11 5 6
the value pair of raw_data is: 6265
split the outgoings edges: 51 36 42 78
add node: MDDNode(2,u_342) MDDNode(2,u_343), remove node: MDDNode(2,u_179)
layer 2 incoming edges: 14
split the incoming edges: 14 4 10
the value pair of raw_data is: 6265
split the outgoings edges: 49 25 44 69
add node: MDDNode(2,u_344) MDDNode(2,u_345), remove node: MDDNode(2,u_180)
layer 2 incoming edges: 13
split the incoming edges: 13 6 7
the value pair of raw_data is: 6265
split the outgoings edges: 58 35 53 88
add node: MDDNode(2,u_346) MDDNode(2,u_347), remove node: MDDNode(2,u_181)
layer 2 incoming edges: 24
split the incoming edges: 24 18 6
the value pair of raw_data is: 6265
split the outgoings edges: 73 71 49 120
add node: MDDNode(2,u_348) MDDNode(2,u_349), remove node: MDDNode(2,u_182)
layer 2 incoming edges: 13
split the incoming edges: 13 7 6
the value pair of raw_data is: 6265
split the outgoings edges: 47 34 31 65
add node: MDDNode(2,u_350) MDDNode(2,u_351), remove node: MDDNode(2,u_183)
layer 2 incoming edges: 8
split the incoming edges: 8 3 5
the value pair of raw_data is: 6265
split the outgoings edges: 38 14 37 51
add node: MDDNode(2,u_352) MDDNode(2,u_353), remove node: MDDNode(2,u_184)
layer 2 incoming edges: 18
split the incoming edges: 18 8 10
the value pair of raw_data is: 6265
split the outgoings edges: 63 40 56 96
add node: MDDNode(2,u_354) MDDNode(2,u_355), remove node: MDDNode(2,u_185)
3 32 64
layer 3 incoming edges: 90
split the incoming edges: 90 52 38
the value pair of raw_data is: 202
split the outgoings edges: 67 55 49 104
add node: MDDNode(3,u_356) MDDNode(3,u_357), remove node: MDDNode(3,u_186)
layer 3 incoming edges: 97
split the incoming edges: 97 46 51
the value pair of raw_data is: 202
split the outgoings edges: 58 44 57 101
add node: MDDNode(3,u_358) MDDNode(3,u_359), remove node: MDDNode(3,u_187)
layer 3 incoming edges: 102
split the incoming edges: 102 49 53
the value pair of raw_data is: 202
split the outgoings edges: 71 59 57 116
add node: MDDNode(3,u_360) MDDNode(3,u_361), remove node: MDDNode(3,u_188)
layer 3 incoming edges: 116
split the incoming edges: 116 59 57
the value pair of raw_data is: 202
split the outgoings edges: 71 55 66 121
add node: MDDNode(3,u_362) MDDNode(3,u_363), remove node: MDDNode(3,u_189)
layer 3 incoming edges: 92
split the incoming edges: 92 49 43
the value pair of raw_data is: 202
split the outgoings edges: 71 61 47 108
add node: MDDNode(3,u_364) MDDNode(3,u_365), remove node: MDDNode(3,u_190)
layer 3 incoming edges: 77
split the incoming edges: 77 39 38
the value pair of raw_data is: 202
split the outgoings edges: 65 54 43 97
add node: MDDNode(3,u_366) MDDNode(3,u_367), remove node: MDDNode(3,u_191)
layer 3 incoming edges: 106
split the incoming edges: 106 48 58
the value pair of raw_data is: 202
split the outgoings edges: 63 58 43 101
add node: MDDNode(3,u_368) MDDNode(3,u_369), remove node: MDDNode(3,u_192)
layer 3 incoming edges: 81
split the incoming edges: 81 43 38
the value pair of raw_data is: 202
split the outgoings edges: 62 50 44 94
add node: MDDNode(3,u_370) MDDNode(3,u_371), remove node: MDDNode(3,u_193)
layer 3 incoming edges: 103
split the incoming edges: 103 40 63
the value pair of raw_data is: 202
split the outgoings edges: 48 33 47 80
add node: MDDNode(3,u_372) MDDNode(3,u_373), remove node: MDDNode(3,u_194)
layer 3 incoming edges: 106
split the incoming edges: 106 49 57
the value pair of raw_data is: 202
split the outgoings edges: 38 32 33 65
add node: MDDNode(3,u_374) MDDNode(3,u_375), remove node: MDDNode(3,u_195)
layer 3 incoming edges: 74
split the incoming edges: 74 32 42
the value pair of raw_data is: 202
split the outgoings edges: 45 31 36 67
add node: MDDNode(3,u_376) MDDNode(3,u_377), remove node: MDDNode(3,u_196)
layer 3 incoming edges: 93
split the incoming edges: 93 50 43
the value pair of raw_data is: 202
split the outgoings edges: 44 38 33 71
add node: MDDNode(3,u_378) MDDNode(3,u_379), remove node: MDDNode(3,u_197)
layer 3 incoming edges: 101
split the incoming edges: 101 47 54
the value pair of raw_data is: 202
split the outgoings edges: 46 37 37 74
add node: MDDNode(3,u_380) MDDNode(3,u_381), remove node: MDDNode(3,u_198)
layer 3 incoming edges: 87
split the incoming edges: 87 38 49
the value pair of raw_data is: 202
split the outgoings edges: 41 30 35 65
add node: MDDNode(3,u_382) MDDNode(3,u_383), remove node: MDDNode(3,u_199)
layer 3 incoming edges: 81
split the incoming edges: 81 42 39
the value pair of raw_data is: 202
split the outgoings edges: 46 34 38 72
add node: MDDNode(3,u_384) MDDNode(3,u_385), remove node: MDDNode(3,u_200)
layer 3 incoming edges: 80
split the incoming edges: 80 39 41
the value pair of raw_data is: 202
split the outgoings edges: 45 35 44 79
add node: MDDNode(3,u_386) MDDNode(3,u_387), remove node: MDDNode(3,u_201)
layer 3 incoming edges: 88
split the incoming edges: 88 42 46
the value pair of raw_data is: 202
split the outgoings edges: 62 52 50 102
add node: MDDNode(3,u_388) MDDNode(3,u_389), remove node: MDDNode(3,u_202)
layer 3 incoming edges: 85
split the incoming edges: 85 48 37
the value pair of raw_data is: 202
split the outgoings edges: 56 47 51 98
add node: MDDNode(3,u_390) MDDNode(3,u_391), remove node: MDDNode(3,u_203)
layer 3 incoming edges: 92
split the incoming edges: 92 44 48
the value pair of raw_data is: 202
split the outgoings edges: 68 57 57 114
add node: MDDNode(3,u_392) MDDNode(3,u_393), remove node: MDDNode(3,u_204)
layer 3 incoming edges: 91
split the incoming edges: 91 46 45
the value pair of raw_data is: 202
split the outgoings edges: 64 44 56 100
add node: MDDNode(3,u_394) MDDNode(3,u_395), remove node: MDDNode(3,u_205)
layer 3 incoming edges: 100
split the incoming edges: 100 42 58
the value pair of raw_data is: 202
split the outgoings edges: 70 53 58 111
add node: MDDNode(3,u_396) MDDNode(3,u_397), remove node: MDDNode(3,u_206)
layer 3 incoming edges: 101
split the incoming edges: 101 58 43
the value pair of raw_data is: 202
split the outgoings edges: 70 68 53 121
add node: MDDNode(3,u_398) MDDNode(3,u_399), remove node: MDDNode(3,u_207)
layer 3 incoming edges: 87
split the incoming edges: 87 48 39
the value pair of raw_data is: 202
split the outgoings edges: 70 59 59 118
add node: MDDNode(3,u_400) MDDNode(3,u_401), remove node: MDDNode(3,u_208)
layer 3 incoming edges: 110
split the incoming edges: 110 57 53
the value pair of raw_data is: 202
split the outgoings edges: 78 67 62 129
add node: MDDNode(3,u_402) MDDNode(3,u_403), remove node: MDDNode(3,u_209)
layer 3 incoming edges: 97
split the incoming edges: 97 50 47
the value pair of raw_data is: 202
split the outgoings edges: 49 49 37 86
add node: MDDNode(3,u_404) MDDNode(3,u_405), remove node: MDDNode(3,u_210)
layer 3 incoming edges: 100
split the incoming edges: 100 48 52
the value pair of raw_data is: 202
split the outgoings edges: 55 44 50 94
add node: MDDNode(3,u_406) MDDNode(3,u_407), remove node: MDDNode(3,u_211)
layer 3 incoming edges: 117
split the incoming edges: 117 67 50
the value pair of raw_data is: 202
split the outgoings edges: 67 61 50 111
add node: MDDNode(3,u_408) MDDNode(3,u_409), remove node: MDDNode(3,u_212)
layer 3 incoming edges: 123
split the incoming edges: 123 61 62
the value pair of raw_data is: 202
split the outgoings edges: 73 54 66 120
add node: MDDNode(3,u_410) MDDNode(3,u_411), remove node: MDDNode(3,u_213)
layer 3 incoming edges: 93
split the incoming edges: 93 46 47
the value pair of raw_data is: 202
split the outgoings edges: 71 61 53 114
add node: MDDNode(3,u_412) MDDNode(3,u_413), remove node: MDDNode(3,u_214)
layer 3 incoming edges: 115
split the incoming edges: 115 61 54
the value pair of raw_data is: 202
split the outgoings edges: 70 63 55 118
add node: MDDNode(3,u_414) MDDNode(3,u_415), remove node: MDDNode(3,u_215)
layer 3 incoming edges: 116
split the incoming edges: 116 70 46
the value pair of raw_data is: 202
split the outgoings edges: 65 49 44 93
add node: MDDNode(3,u_416) MDDNode(3,u_417), remove node: MDDNode(3,u_216)
layer 3 incoming edges: 114
split the incoming edges: 114 61 53
the value pair of raw_data is: 202
split the outgoings edges: 68 57 53 110
add node: MDDNode(3,u_418) MDDNode(3,u_419), remove node: MDDNode(3,u_217)
4 32 64
layer 4 incoming edges: 117
split the incoming edges: 117 60 57
the value pair of raw_data is: 161
split the outgoings edges: 1 1 1 2
add node: MDDNode(4,u_420) MDDNode(4,u_421), remove node: MDDNode(4,u_218)
layer 4 incoming edges: 133
split the incoming edges: 133 73 60
the value pair of raw_data is: 161
split the outgoings edges: 1 1 1 2
add node: MDDNode(4,u_422) MDDNode(4,u_423), remove node: MDDNode(4,u_219)
layer 4 incoming edges: 91
split the incoming edges: 91 38 53
the value pair of raw_data is: 161
split the outgoings edges: 1 1 1 2
add node: MDDNode(4,u_424) MDDNode(4,u_425), remove node: MDDNode(4,u_220)
layer 4 incoming edges: 99
split the incoming edges: 99 52 47
the value pair of raw_data is: 161
split the outgoings edges: 1 1 1 2
add node: MDDNode(4,u_426) MDDNode(4,u_427), remove node: MDDNode(4,u_221)
layer 4 incoming edges: 90
split the incoming edges: 90 43 47
the value pair of raw_data is: 161
split the outgoings edges: 1 1 1 2
add node: MDDNode(4,u_428) MDDNode(4,u_429), remove node: MDDNode(4,u_222)
layer 4 incoming edges: 68
split the incoming edges: 68 36 32
the value pair of raw_data is: 161
split the outgoings edges: 1 1 1 2
add node: MDDNode(4,u_430) MDDNode(4,u_431), remove node: MDDNode(4,u_223)
layer 4 incoming edges: 109
split the incoming edges: 109 57 52
the value pair of raw_data is: 161
split the outgoings edges: 1 1 1 2
add node: MDDNode(4,u_432) MDDNode(4,u_433), remove node: MDDNode(4,u_224)
layer 4 incoming edges: 110
split the incoming edges: 110 66 44
the value pair of raw_data is: 161
split the outgoings edges: 1 1 1 2
add node: MDDNode(4,u_434) MDDNode(4,u_435), remove node: MDDNode(4,u_225)
layer 4 incoming edges: 105
split the incoming edges: 105 52 53
the value pair of raw_data is: 161
split the outgoings edges: 1 1 1 2
add node: MDDNode(4,u_436) MDDNode(4,u_437), remove node: MDDNode(4,u_226)
layer 4 incoming edges: 113
split the incoming edges: 113 56 57
the value pair of raw_data is: 161
split the outgoings edges: 1 1 1 2
add node: MDDNode(4,u_438) MDDNode(4,u_439), remove node: MDDNode(4,u_227)
layer 4 incoming edges: 116
split the incoming edges: 116 63 53
the value pair of raw_data is: 161
split the outgoings edges: 1 1 1 2
add node: MDDNode(4,u_440) MDDNode(4,u_441), remove node: MDDNode(4,u_228)
layer 4 incoming edges: 84
split the incoming edges: 84 44 40
the value pair of raw_data is: 161
split the outgoings edges: 1 1 1 2
add node: MDDNode(4,u_442) MDDNode(4,u_443), remove node: MDDNode(4,u_229)
layer 4 incoming edges: 115
split the incoming edges: 115 61 54
the value pair of raw_data is: 161
split the outgoings edges: 1 1 1 2
add node: MDDNode(4,u_444) MDDNode(4,u_445), remove node: MDDNode(4,u_230)
layer 4 incoming edges: 112
split the incoming edges: 112 55 57
the value pair of raw_data is: 161
split the outgoings edges: 1 1 1 2
add node: MDDNode(4,u_446) MDDNode(4,u_447), remove node: MDDNode(4,u_231)
layer 4 incoming edges: 105
split the incoming edges: 105 59 46
the value pair of raw_data is: 161
split the outgoings edges: 1 1 1 2
add node: MDDNode(4,u_448) MDDNode(4,u_449), remove node: MDDNode(4,u_232)
layer 4 incoming edges: 101
split the incoming edges: 101 37 64
the value pair of raw_data is: 161
split the outgoings edges: 1 1 1 2
add node: MDDNode(4,u_450) MDDNode(4,u_451), remove node: MDDNode(4,u_233)
layer 4 incoming edges: 98
split the incoming edges: 98 44 54
the value pair of raw_data is: 161
split the outgoings edges: 1 1 1 2
add node: MDDNode(4,u_452) MDDNode(4,u_453), remove node: MDDNode(4,u_234)
layer 4 incoming edges: 95
split the incoming edges: 95 48 47
the value pair of raw_data is: 161
split the outgoings edges: 1 1 1 2
add node: MDDNode(4,u_454) MDDNode(4,u_455), remove node: MDDNode(4,u_235)
layer 4 incoming edges: 95
split the incoming edges: 95 51 44
the value pair of raw_data is: 161
split the outgoings edges: 1 1 1 2
add node: MDDNode(4,u_456) MDDNode(4,u_457), remove node: MDDNode(4,u_236)
layer 4 incoming edges: 90
split the incoming edges: 90 42 48
the value pair of raw_data is: 161
split the outgoings edges: 1 1 1 2
add node: MDDNode(4,u_458) MDDNode(4,u_459), remove node: MDDNode(4,u_237)
layer 4 incoming edges: 83
split the incoming edges: 83 48 35
the value pair of raw_data is: 161
split the outgoings edges: 1 1 1 2
add node: MDDNode(4,u_460) MDDNode(4,u_461), remove node: MDDNode(4,u_238)
layer 4 incoming edges: 82
split the incoming edges: 82 42 40
the value pair of raw_data is: 161
split the outgoings edges: 1 1 1 2
add node: MDDNode(4,u_462) MDDNode(4,u_463), remove node: MDDNode(4,u_239)
layer 4 incoming edges: 100
split the incoming edges: 100 45 55
the value pair of raw_data is: 161
split the outgoings edges: 1 1 1 2
add node: MDDNode(4,u_464) MDDNode(4,u_465), remove node: MDDNode(4,u_240)
layer 4 incoming edges: 84
split the incoming edges: 84 36 48
the value pair of raw_data is: 161
split the outgoings edges: 1 1 1 2
add node: MDDNode(4,u_466) MDDNode(4,u_467), remove node: MDDNode(4,u_241)
layer 4 incoming edges: 85
split the incoming edges: 85 41 44
the value pair of raw_data is: 161
split the outgoings edges: 1 1 1 2
add node: MDDNode(4,u_468) MDDNode(4,u_469), remove node: MDDNode(4,u_242)
layer 4 incoming edges: 84
split the incoming edges: 84 46 38
the value pair of raw_data is: 161
split the outgoings edges: 1 1 1 2
add node: MDDNode(4,u_470) MDDNode(4,u_471), remove node: MDDNode(4,u_243)
layer 4 incoming edges: 88
split the incoming edges: 88 41 47
the value pair of raw_data is: 161
split the outgoings edges: 1 1 1 2
add node: MDDNode(4,u_472) MDDNode(4,u_473), remove node: MDDNode(4,u_244)
layer 4 incoming edges: 103
split the incoming edges: 103 55 48
the value pair of raw_data is: 161
split the outgoings edges: 1 1 1 2
add node: MDDNode(4,u_474) MDDNode(4,u_475), remove node: MDDNode(4,u_245)
layer 4 incoming edges: 95
split the incoming edges: 95 47 48
the value pair of raw_data is: 161
split the outgoings edges: 1 1 1 2
add node: MDDNode(4,u_476) MDDNode(4,u_477), remove node: MDDNode(4,u_246)
layer 4 incoming edges: 102
split the incoming edges: 102 53 49
the value pair of raw_data is: 161
split the outgoings edges: 1 1 1 2
add node: MDDNode(4,u_478) MDDNode(4,u_479), remove node: MDDNode(4,u_247)
layer 4 incoming edges: 92
split the incoming edges: 92 46 46
the value pair of raw_data is: 161
split the outgoings edges: 1 1 1 2
add node: MDDNode(4,u_480) MDDNode(4,u_481), remove node: MDDNode(4,u_248)
layer 4 incoming edges: 110
split the incoming edges: 110 52 58
the value pair of raw_data is: 161
split the outgoings edges: 1 1 1 2
add node: MDDNode(4,u_482) MDDNode(4,u_483), remove node: MDDNode(4,u_249)
1 51 64
layer 1 incoming edges: 3
split the incoming edges: 3 1 2
the value pair of raw_data is: 492
split the outgoings edges: 11 2 9 11
add node: MDDNode(1,u_484) MDDNode(1,u_485), remove node: MDDNode(1,u_126)
layer 1 incoming edges: 2
one of splitted has no income edge:2 0
layer 1 incoming edges: 1
one of splitted has no income edge:0 1
layer 1 incoming edges: 3
split the incoming edges: 3 1 2
the value pair of raw_data is: 492
split the outgoings edges: 15 6 9 15
add node: MDDNode(1,u_486) MDDNode(1,u_487), remove node: MDDNode(1,u_135)
layer 1 incoming edges: 3
split the incoming edges: 3 1 2
the value pair of raw_data is: 492
split the outgoings edges: 17 4 13 17
add node: MDDNode(1,u_488) MDDNode(1,u_489), remove node: MDDNode(1,u_136)
layer 1 incoming edges: 2
split the incoming edges: 2 1 1
the value pair of raw_data is: 492
split the outgoings edges: 6 3 3 6
add node: MDDNode(1,u_490) MDDNode(1,u_491), remove node: MDDNode(1,u_147)
layer 1 incoming edges: 5
split the incoming edges: 5 4 1
the value pair of raw_data is: 492
split the outgoings edges: 27 21 6 27
add node: MDDNode(1,u_492) MDDNode(1,u_493), remove node: MDDNode(1,u_148)
layer 1 incoming edges: 1
one of splitted has no income edge:1 0
layer 1 incoming edges: 1
one of splitted has no income edge:1 0
layer 1 incoming edges: 2
split the incoming edges: 2 1 1
the value pair of raw_data is: 492
split the outgoings edges: 23 14 9 23
add node: MDDNode(1,u_494) MDDNode(1,u_495), remove node: MDDNode(1,u_250)
layer 1 incoming edges: 1
one of splitted has no income edge:1 0
layer 1 incoming edges: 4
split the incoming edges: 4 2 2
the value pair of raw_data is: 492
split the outgoings edges: 22 8 14 22
add node: MDDNode(1,u_496) MDDNode(1,u_497), remove node: MDDNode(1,u_252)
layer 1 incoming edges: 3
split the incoming edges: 3 1 2
the value pair of raw_data is: 492
split the outgoings edges: 23 7 16 23
add node: MDDNode(1,u_498) MDDNode(1,u_499), remove node: MDDNode(1,u_253)
layer 1 incoming edges: 5
split the incoming edges: 5 2 3
the value pair of raw_data is: 492
split the outgoings edges: 15 5 10 15
add node: MDDNode(1,u_500) MDDNode(1,u_501), remove node: MDDNode(1,u_254)
layer 1 incoming edges: 1
one of splitted has no income edge:1 0
layer 1 incoming edges: 3
split the incoming edges: 3 1 2
the value pair of raw_data is: 492
split the outgoings edges: 11 1 10 11
add node: MDDNode(1,u_502) MDDNode(1,u_503), remove node: MDDNode(1,u_256)
layer 1 incoming edges: 1
one of splitted has no income edge:0 1
layer 1 incoming edges: 1
one of splitted has no income edge:1 0
layer 1 incoming edges: 2
split the incoming edges: 2 1 1
the value pair of raw_data is: 492
split the outgoings edges: 7 2 5 7
add node: MDDNode(1,u_504) MDDNode(1,u_505), remove node: MDDNode(1,u_259)
layer 1 incoming edges: 1
one of splitted has no income edge:1 0
layer 1 incoming edges: 4
one of splitted has no income edge:0 4
layer 1 incoming edges: 2
split the incoming edges: 2 1 1
the value pair of raw_data is: 492
split the outgoings edges: 4 2 2 4
add node: MDDNode(1,u_506) MDDNode(1,u_507), remove node: MDDNode(1,u_262)
layer 1 incoming edges: 1
one of splitted has no income edge:0 1
layer 1 incoming edges: 1
one of splitted has no income edge:0 1
layer 1 incoming edges: 1
one of splitted has no income edge:1 0
layer 1 incoming edges: 2
split the incoming edges: 2 1 1
the value pair of raw_data is: 492
split the outgoings edges: 13 8 5 13
add node: MDDNode(1,u_508) MDDNode(1,u_509), remove node: MDDNode(1,u_266)
layer 1 incoming edges: 4
one of splitted has no income edge:0 4
layer 1 incoming edges: 1
one of splitted has no income edge:1 0
layer 1 incoming edges: 2
node canot be splitted, beacause reaching the bound!: 64
layer 1 incoming edges: 1
one of splitted has no income edge:0 1
layer 1 incoming edges: 1
one of splitted has no income edge:1 0
layer 1 incoming edges: 4
node canot be splitted, beacause reaching the bound!: 64
layer 1 incoming edges: 2
node canot be splitted, beacause reaching the bound!: 64
layer 1 incoming edges: 5
node canot be splitted, beacause reaching the bound!: 64
layer 1 incoming edges: 1
one of splitted has no income edge:1 0
layer 1 incoming edges: 2
node canot be splitted, beacause reaching the bound!: 64
layer 1 incoming edges: 1
one of splitted has no income edge:1 0
layer 1 incoming edges: 3
node canot be splitted, beacause reaching the bound!: 64
layer 1 incoming edges: 3
node canot be splitted, beacause reaching the bound!: 64
layer 1 incoming edges: 1
one of splitted has no income edge:1 0
layer 1 incoming edges: 1
one of splitted has no income edge:0 1
layer 1 incoming edges: 1
one of splitted has no income edge:1 0
layer 1 incoming edges: 2
one of splitted has no income edge:0 2
layer 1 incoming edges: 2
node canot be splitted, beacause reaching the bound!: 64
layer 1 incoming edges: 4
node canot be splitted, beacause reaching the bound!: 64
layer 1 incoming edges: 2
one of splitted has no income edge:2 0
layer 1 incoming edges: 5
node canot be splitted, beacause reaching the bound!: 64
layer 1 incoming edges: 2
one of splitted has no income edge:2 0
layer 1 incoming edges: 2
one of splitted has no income edge:2 0
layer 1 incoming edges: 2
one of splitted has no income edge:0 2
layer 1 incoming edges: 1
one of splitted has no income edge:1 0
The bucket size: [25]
the graph width list : [1, 64, 64, 64, 64, 1]
iter= 1 dev 0.2742   test 0.2455   intelligible 0.3227   english 0.2638   gold 0.4983   save acc: 0.3227 time: 2019-11-28T03:25 
iter= 2 dev 0.2991   test 0.2877   intelligible 0.3765   english 0.3084   gold 0.6182   save acc: 0.3765 time: 2019-11-28T03:26 
iter= 3 dev 0.3164   test 0.2946   intelligible 0.3795   english 0.3135   gold 0.6164   save acc: 0.3795 time: 2019-11-28T03:27 
iter= 4 dev 0.3268   test 0.3215   intelligible 0.4148   english 0.3418   gold 0.7329   save acc: 0.4148 time: 2019-11-28T03:28 
iter= 5 dev 0.3291   test 0.3187   intelligible 0.4163   english 0.3418   gold 0.7312   save acc: 0.4163 time: 2019-11-28T03:29 
iter= 6 dev 0.3280   test 0.3270   intelligible 0.4242   english 0.3492   gold 0.7295   save acc: 0.4242 time: 2019-11-28T03:29 
iter= 7 dev 0.3227   test 0.3215   intelligible 0.4208   english 0.3438   gold 0.7397   
iter= 8 dev 0.3334   test 0.3321   intelligible 0.4356   english 0.3578   gold 0.7568   save acc: 0.4356 time: 2019-11-28T03:31 
iter= 9 dev 0.3258   test 0.3272   intelligible 0.4242   english 0.3501   gold 0.7380   
iter= 10 dev 0.3308   test 0.3301   intelligible 0.4280   english 0.3528   gold 0.7517   
iter= 11 dev 0.3242   test 0.3270   intelligible 0.4254   english 0.3501   gold 0.7397   
iter= 12 dev 0.3265   test 0.3251   intelligible 0.4242   english 0.3480   gold 0.7380   
iter= 13 dev 0.3270   test 0.3195   intelligible 0.4163   english 0.3424   gold 0.7414   
iter= 14 dev 0.3265   test 0.3205   intelligible 0.4182   english 0.3435   gold 0.7414   
iter= 15 dev 0.3256   test 0.3213   intelligible 0.4197   english 0.3447   gold 0.7432   
iter= 16 dev 0.3258   test 0.3215   intelligible 0.4205   english 0.3450   gold 0.7483   
iter= 17 dev 0.3239   test 0.3218   intelligible 0.4197   english 0.3435   gold 0.7449   
iter= 18 dev 0.3242   test 0.3189   intelligible 0.4163   english 0.3415   gold 0.7397   
iter= 19 dev 0.3244   test 0.3202   intelligible 0.4189   english 0.3438   gold 0.7449   
iter= 20 dev 0.3246   test 0.3213   intelligible 0.4182   english 0.3438   gold 0.7449   
iter= 21 dev 0.3230   test 0.3197   intelligible 0.4186   english 0.3430   gold 0.7432   
