args Namespace(config='configs/config_l.json', dataset='dataset/IFTTT/msr_data.pkl', load_model=None, mode='train', output='model/ifttt/width-64/pid-9-', width='64')
configure: {'max_word_id': 4000, 'bidirectional': True, 'cell_type': 'lstm', 'decoder': 'attention', 'embedding_size': 50, 'keep_prob': 0.5, 'memory_size': 25, 'num_layers': 1, 'num_units': 50, 'use_embedding': True, 'epoches': 20, 'batch_size': 32, 'init': {'name': 'random_uniform_initializer', 'scale': 0.1}, 'lr_scheduler': {'decay_steps': 5000, 'init_lr': 0.01, 'staircase': True}, 'max_grad_norm': 1, 'optimizer': 'AdamOptimizer'}
# path 8580
save to model/ifttt/width-64/pid-9-IFTTT-w-64.json
load json
numArcLayers: 5
1 1 64
layer 1 incoming edges: 111
split the incoming edges: 111 63 48
the value pair of raw_data is: 492
split the outgoings edges: 443 266 192 458
add node: MDDNode(1,u_6) MDDNode(1,u_7), remove node: MDDNode(1,u_1)
2 1 64
layer 2 incoming edges: 458
split the incoming edges: 458 245 213
the value pair of raw_data is: 6265
split the outgoings edges: 88 87 87 174
add node: MDDNode(2,u_8) MDDNode(2,u_9), remove node: MDDNode(2,u_2)
3 1 64
layer 3 incoming edges: 174
split the incoming edges: 174 97 77
the value pair of raw_data is: 202
split the outgoings edges: 161 120 118 238
add node: MDDNode(3,u_10) MDDNode(3,u_11), remove node: MDDNode(3,u_3)
4 1 64
layer 4 incoming edges: 238
split the incoming edges: 238 111 127
the value pair of raw_data is: 161
split the outgoings edges: 1 1 1 2
add node: MDDNode(4,u_12) MDDNode(4,u_13), remove node: MDDNode(4,u_4)
1 2 64
layer 1 incoming edges: 63
split the incoming edges: 63 39 24
the value pair of raw_data is: 492
split the outgoings edges: 266 186 84 270
add node: MDDNode(1,u_14) MDDNode(1,u_15), remove node: MDDNode(1,u_6)
layer 1 incoming edges: 48
split the incoming edges: 48 25 23
the value pair of raw_data is: 492
split the outgoings edges: 192 99 99 198
add node: MDDNode(1,u_16) MDDNode(1,u_17), remove node: MDDNode(1,u_7)
2 2 64
layer 2 incoming edges: 249
split the incoming edges: 249 125 124
the value pair of raw_data is: 6265
split the outgoings edges: 87 86 84 170
add node: MDDNode(2,u_18) MDDNode(2,u_19), remove node: MDDNode(2,u_8)
layer 2 incoming edges: 219
split the incoming edges: 219 111 108
the value pair of raw_data is: 6265
split the outgoings edges: 87 84 85 169
add node: MDDNode(2,u_20) MDDNode(2,u_21), remove node: MDDNode(2,u_9)
3 2 64
layer 3 incoming edges: 190
split the incoming edges: 190 95 95
the value pair of raw_data is: 202
split the outgoings edges: 120 102 104 206
add node: MDDNode(3,u_22) MDDNode(3,u_23), remove node: MDDNode(3,u_10)
layer 3 incoming edges: 149
split the incoming edges: 149 60 89
the value pair of raw_data is: 202
split the outgoings edges: 118 87 99 186
add node: MDDNode(3,u_24) MDDNode(3,u_25), remove node: MDDNode(3,u_11)
4 2 64
layer 4 incoming edges: 186
split the incoming edges: 186 92 94
the value pair of raw_data is: 161
split the outgoings edges: 1 1 1 2
add node: MDDNode(4,u_26) MDDNode(4,u_27), remove node: MDDNode(4,u_12)
layer 4 incoming edges: 206
split the incoming edges: 206 89 117
the value pair of raw_data is: 161
split the outgoings edges: 1 1 1 2
add node: MDDNode(4,u_28) MDDNode(4,u_29), remove node: MDDNode(4,u_13)
1 4 64
layer 1 incoming edges: 39
split the incoming edges: 39 15 24
the value pair of raw_data is: 492
split the outgoings edges: 186 89 102 191
add node: MDDNode(1,u_30) MDDNode(1,u_31), remove node: MDDNode(1,u_14)
layer 1 incoming edges: 24
split the incoming edges: 24 14 10
the value pair of raw_data is: 492
split the outgoings edges: 84 54 32 86
add node: MDDNode(1,u_32) MDDNode(1,u_33), remove node: MDDNode(1,u_15)
layer 1 incoming edges: 25
split the incoming edges: 25 12 13
the value pair of raw_data is: 492
split the outgoings edges: 99 49 52 101
add node: MDDNode(1,u_34) MDDNode(1,u_35), remove node: MDDNode(1,u_16)
layer 1 incoming edges: 23
split the incoming edges: 23 8 15
the value pair of raw_data is: 492
split the outgoings edges: 99 40 59 99
add node: MDDNode(1,u_36) MDDNode(1,u_37), remove node: MDDNode(1,u_17)
2 4 64
layer 2 incoming edges: 125
split the incoming edges: 125 63 62
the value pair of raw_data is: 6265
split the outgoings edges: 86 83 79 162
add node: MDDNode(2,u_38) MDDNode(2,u_39), remove node: MDDNode(2,u_18)
layer 2 incoming edges: 126
split the incoming edges: 126 68 58
the value pair of raw_data is: 6265
split the outgoings edges: 84 79 80 159
add node: MDDNode(2,u_40) MDDNode(2,u_41), remove node: MDDNode(2,u_19)
layer 2 incoming edges: 114
split the incoming edges: 114 55 59
the value pair of raw_data is: 6265
split the outgoings edges: 84 79 79 158
add node: MDDNode(2,u_42) MDDNode(2,u_43), remove node: MDDNode(2,u_20)
layer 2 incoming edges: 112
split the incoming edges: 112 58 54
the value pair of raw_data is: 6265
split the outgoings edges: 85 82 79 161
add node: MDDNode(2,u_44) MDDNode(2,u_45), remove node: MDDNode(2,u_21)
3 4 64
layer 3 incoming edges: 181
split the incoming edges: 181 100 81
the value pair of raw_data is: 202
split the outgoings edges: 102 91 83 174
add node: MDDNode(3,u_46) MDDNode(3,u_47), remove node: MDDNode(3,u_22)
layer 3 incoming edges: 178
split the incoming edges: 178 89 89
the value pair of raw_data is: 202
split the outgoings edges: 104 91 96 187
add node: MDDNode(3,u_48) MDDNode(3,u_49), remove node: MDDNode(3,u_23)
layer 3 incoming edges: 114
split the incoming edges: 114 58 56
the value pair of raw_data is: 202
split the outgoings edges: 87 59 73 132
add node: MDDNode(3,u_50) MDDNode(3,u_51), remove node: MDDNode(3,u_24)
layer 3 incoming edges: 167
split the incoming edges: 167 82 85
the value pair of raw_data is: 202
split the outgoings edges: 99 87 94 181
add node: MDDNode(3,u_52) MDDNode(3,u_53), remove node: MDDNode(3,u_25)
4 4 64
layer 4 incoming edges: 154
split the incoming edges: 154 71 83
the value pair of raw_data is: 161
split the outgoings edges: 1 1 1 2
add node: MDDNode(4,u_54) MDDNode(4,u_55), remove node: MDDNode(4,u_26)
layer 4 incoming edges: 166
split the incoming edges: 166 80 86
the value pair of raw_data is: 161
split the outgoings edges: 1 1 1 2
add node: MDDNode(4,u_56) MDDNode(4,u_57), remove node: MDDNode(4,u_27)
layer 4 incoming edges: 154
split the incoming edges: 154 82 72
the value pair of raw_data is: 161
split the outgoings edges: 1 1 1 2
add node: MDDNode(4,u_58) MDDNode(4,u_59), remove node: MDDNode(4,u_28)
layer 4 incoming edges: 200
split the incoming edges: 200 90 110
the value pair of raw_data is: 161
split the outgoings edges: 1 1 1 2
add node: MDDNode(4,u_60) MDDNode(4,u_61), remove node: MDDNode(4,u_29)
1 8 64
layer 1 incoming edges: 15
split the incoming edges: 15 8 7
the value pair of raw_data is: 492
split the outgoings edges: 89 47 42 89
add node: MDDNode(1,u_62) MDDNode(1,u_63), remove node: MDDNode(1,u_30)
layer 1 incoming edges: 24
split the incoming edges: 24 9 15
the value pair of raw_data is: 492
split the outgoings edges: 102 41 69 110
add node: MDDNode(1,u_64) MDDNode(1,u_65), remove node: MDDNode(1,u_31)
layer 1 incoming edges: 14
split the incoming edges: 14 7 7
the value pair of raw_data is: 492
split the outgoings edges: 54 26 28 54
add node: MDDNode(1,u_66) MDDNode(1,u_67), remove node: MDDNode(1,u_32)
layer 1 incoming edges: 10
split the incoming edges: 10 6 4
the value pair of raw_data is: 492
split the outgoings edges: 32 22 12 34
add node: MDDNode(1,u_68) MDDNode(1,u_69), remove node: MDDNode(1,u_33)
layer 1 incoming edges: 12
split the incoming edges: 12 7 5
the value pair of raw_data is: 492
split the outgoings edges: 49 35 14 49
add node: MDDNode(1,u_70) MDDNode(1,u_71), remove node: MDDNode(1,u_34)
layer 1 incoming edges: 13
split the incoming edges: 13 7 6
the value pair of raw_data is: 492
split the outgoings edges: 52 35 18 53
add node: MDDNode(1,u_72) MDDNode(1,u_73), remove node: MDDNode(1,u_35)
layer 1 incoming edges: 8
split the incoming edges: 8 3 5
the value pair of raw_data is: 492
split the outgoings edges: 40 13 27 40
add node: MDDNode(1,u_74) MDDNode(1,u_75), remove node: MDDNode(1,u_36)
layer 1 incoming edges: 15
split the incoming edges: 15 7 8
the value pair of raw_data is: 492
split the outgoings edges: 59 32 27 59
add node: MDDNode(1,u_76) MDDNode(1,u_77), remove node: MDDNode(1,u_37)
2 8 64
layer 2 incoming edges: 66
split the incoming edges: 66 34 32
the value pair of raw_data is: 6265
split the outgoings edges: 83 82 77 159
add node: MDDNode(2,u_78) MDDNode(2,u_79), remove node: MDDNode(2,u_38)
layer 2 incoming edges: 63
split the incoming edges: 63 38 25
the value pair of raw_data is: 6265
split the outgoings edges: 79 75 70 145
add node: MDDNode(2,u_80) MDDNode(2,u_81), remove node: MDDNode(2,u_39)
layer 2 incoming edges: 72
split the incoming edges: 72 35 37
the value pair of raw_data is: 6265
split the outgoings edges: 79 72 75 147
add node: MDDNode(2,u_82) MDDNode(2,u_83), remove node: MDDNode(2,u_40)
layer 2 incoming edges: 59
split the incoming edges: 59 33 26
the value pair of raw_data is: 6265
split the outgoings edges: 80 70 73 143
add node: MDDNode(2,u_84) MDDNode(2,u_85), remove node: MDDNode(2,u_41)
layer 2 incoming edges: 55
split the incoming edges: 55 33 22
the value pair of raw_data is: 6265
split the outgoings edges: 79 69 78 147
add node: MDDNode(2,u_86) MDDNode(2,u_87), remove node: MDDNode(2,u_42)
layer 2 incoming edges: 60
split the incoming edges: 60 27 33
the value pair of raw_data is: 6265
split the outgoings edges: 79 71 76 147
add node: MDDNode(2,u_88) MDDNode(2,u_89), remove node: MDDNode(2,u_43)
layer 2 incoming edges: 58
split the incoming edges: 58 29 29
the value pair of raw_data is: 6265
split the outgoings edges: 82 81 70 151
add node: MDDNode(2,u_90) MDDNode(2,u_91), remove node: MDDNode(2,u_44)
layer 2 incoming edges: 55
split the incoming edges: 55 33 22
the value pair of raw_data is: 6265
split the outgoings edges: 79 75 67 142
add node: MDDNode(2,u_92) MDDNode(2,u_93), remove node: MDDNode(2,u_45)
3 8 64
layer 3 incoming edges: 186
split the incoming edges: 186 87 99
the value pair of raw_data is: 202
split the outgoings edges: 91 74 85 159
add node: MDDNode(3,u_94) MDDNode(3,u_95), remove node: MDDNode(3,u_46)
layer 3 incoming edges: 153
split the incoming edges: 153 81 72
the value pair of raw_data is: 202
split the outgoings edges: 83 75 69 144
add node: MDDNode(3,u_96) MDDNode(3,u_97), remove node: MDDNode(3,u_47)
layer 3 incoming edges: 166
split the incoming edges: 166 89 77
the value pair of raw_data is: 202
split the outgoings edges: 91 80 66 146
add node: MDDNode(3,u_98) MDDNode(3,u_99), remove node: MDDNode(3,u_48)
layer 3 incoming edges: 165
split the incoming edges: 165 91 74
the value pair of raw_data is: 202
split the outgoings edges: 96 84 85 169
add node: MDDNode(3,u_100) MDDNode(3,u_101), remove node: MDDNode(3,u_49)
layer 3 incoming edges: 108
split the incoming edges: 108 50 58
the value pair of raw_data is: 202
split the outgoings edges: 59 43 52 95
add node: MDDNode(3,u_102) MDDNode(3,u_103), remove node: MDDNode(3,u_50)
layer 3 incoming edges: 99
split the incoming edges: 99 52 47
the value pair of raw_data is: 202
split the outgoings edges: 73 70 56 126
add node: MDDNode(3,u_104) MDDNode(3,u_105), remove node: MDDNode(3,u_51)
layer 3 incoming edges: 152
split the incoming edges: 152 70 82
the value pair of raw_data is: 202
split the outgoings edges: 87 64 79 143
add node: MDDNode(3,u_106) MDDNode(3,u_107), remove node: MDDNode(3,u_52)
layer 3 incoming edges: 152
split the incoming edges: 152 72 80
the value pair of raw_data is: 202
split the outgoings edges: 94 77 81 158
add node: MDDNode(3,u_108) MDDNode(3,u_109), remove node: MDDNode(3,u_53)
4 8 64
layer 4 incoming edges: 117
split the incoming edges: 117 60 57
the value pair of raw_data is: 161
split the outgoings edges: 1 1 1 2
add node: MDDNode(4,u_110) MDDNode(4,u_111), remove node: MDDNode(4,u_54)
layer 4 incoming edges: 138
split the incoming edges: 138 69 69
the value pair of raw_data is: 161
split the outgoings edges: 1 1 1 2
add node: MDDNode(4,u_112) MDDNode(4,u_113), remove node: MDDNode(4,u_55)
layer 4 incoming edges: 138
split the incoming edges: 138 66 72
the value pair of raw_data is: 161
split the outgoings edges: 1 1 1 2
add node: MDDNode(4,u_114) MDDNode(4,u_115), remove node: MDDNode(4,u_56)
layer 4 incoming edges: 146
split the incoming edges: 146 72 74
the value pair of raw_data is: 161
split the outgoings edges: 1 1 1 2
add node: MDDNode(4,u_116) MDDNode(4,u_117), remove node: MDDNode(4,u_57)
layer 4 incoming edges: 147
split the incoming edges: 147 73 74
the value pair of raw_data is: 161
split the outgoings edges: 1 1 1 2
add node: MDDNode(4,u_118) MDDNode(4,u_119), remove node: MDDNode(4,u_58)
layer 4 incoming edges: 125
split the incoming edges: 125 71 54
the value pair of raw_data is: 161
split the outgoings edges: 1 1 1 2
add node: MDDNode(4,u_120) MDDNode(4,u_121), remove node: MDDNode(4,u_59)
layer 4 incoming edges: 148
split the incoming edges: 148 78 70
the value pair of raw_data is: 161
split the outgoings edges: 1 1 1 2
add node: MDDNode(4,u_122) MDDNode(4,u_123), remove node: MDDNode(4,u_60)
layer 4 incoming edges: 181
split the incoming edges: 181 78 103
the value pair of raw_data is: 161
split the outgoings edges: 1 1 1 2
add node: MDDNode(4,u_124) MDDNode(4,u_125), remove node: MDDNode(4,u_61)
1 16 64
layer 1 incoming edges: 8
split the incoming edges: 8 5 3
the value pair of raw_data is: 492
split the outgoings edges: 47 23 24 47
add node: MDDNode(1,u_126) MDDNode(1,u_127), remove node: MDDNode(1,u_62)
layer 1 incoming edges: 7
split the incoming edges: 7 4 3
the value pair of raw_data is: 492
split the outgoings edges: 42 26 16 42
add node: MDDNode(1,u_128) MDDNode(1,u_129), remove node: MDDNode(1,u_63)
layer 1 incoming edges: 9
split the incoming edges: 9 2 7
the value pair of raw_data is: 492
split the outgoings edges: 41 8 33 41
add node: MDDNode(1,u_130) MDDNode(1,u_131), remove node: MDDNode(1,u_64)
layer 1 incoming edges: 15
split the incoming edges: 15 11 4
the value pair of raw_data is: 492
split the outgoings edges: 69 53 16 69
add node: MDDNode(1,u_132) MDDNode(1,u_133), remove node: MDDNode(1,u_65)
layer 1 incoming edges: 7
split the incoming edges: 7 3 4
the value pair of raw_data is: 492
split the outgoings edges: 26 16 10 26
add node: MDDNode(1,u_134) MDDNode(1,u_135), remove node: MDDNode(1,u_66)
layer 1 incoming edges: 7
split the incoming edges: 7 1 6
the value pair of raw_data is: 492
split the outgoings edges: 28 4 24 28
add node: MDDNode(1,u_136) MDDNode(1,u_137), remove node: MDDNode(1,u_67)
layer 1 incoming edges: 6
split the incoming edges: 6 1 5
the value pair of raw_data is: 492
split the outgoings edges: 22 6 16 22
add node: MDDNode(1,u_138) MDDNode(1,u_139), remove node: MDDNode(1,u_68)
layer 1 incoming edges: 4
split the incoming edges: 4 3 1
the value pair of raw_data is: 492
split the outgoings edges: 12 10 2 12
add node: MDDNode(1,u_140) MDDNode(1,u_141), remove node: MDDNode(1,u_69)
layer 1 incoming edges: 7
split the incoming edges: 7 6 1
the value pair of raw_data is: 492
split the outgoings edges: 35 20 16 36
add node: MDDNode(1,u_142) MDDNode(1,u_143), remove node: MDDNode(1,u_70)
layer 1 incoming edges: 5
split the incoming edges: 5 2 3
the value pair of raw_data is: 492
split the outgoings edges: 14 5 9 14
add node: MDDNode(1,u_144) MDDNode(1,u_145), remove node: MDDNode(1,u_71)
layer 1 incoming edges: 7
split the incoming edges: 7 2 5
the value pair of raw_data is: 492
split the outgoings edges: 35 7 28 35
add node: MDDNode(1,u_146) MDDNode(1,u_147), remove node: MDDNode(1,u_72)
layer 1 incoming edges: 6
split the incoming edges: 6 4 2
the value pair of raw_data is: 492
split the outgoings edges: 18 11 7 18
add node: MDDNode(1,u_148) MDDNode(1,u_149), remove node: MDDNode(1,u_73)
layer 1 incoming edges: 3
split the incoming edges: 3 1 2
the value pair of raw_data is: 492
split the outgoings edges: 13 1 12 13
add node: MDDNode(1,u_150) MDDNode(1,u_151), remove node: MDDNode(1,u_74)
layer 1 incoming edges: 5
split the incoming edges: 5 2 3
the value pair of raw_data is: 492
split the outgoings edges: 27 6 21 27
add node: MDDNode(1,u_152) MDDNode(1,u_153), remove node: MDDNode(1,u_75)
layer 1 incoming edges: 7
split the incoming edges: 7 4 3
the value pair of raw_data is: 492
split the outgoings edges: 32 20 12 32
add node: MDDNode(1,u_154) MDDNode(1,u_155), remove node: MDDNode(1,u_76)
layer 1 incoming edges: 8
split the incoming edges: 8 3 5
the value pair of raw_data is: 492
split the outgoings edges: 27 15 12 27
add node: MDDNode(1,u_156) MDDNode(1,u_157), remove node: MDDNode(1,u_77)
2 16 64
layer 2 incoming edges: 34
split the incoming edges: 34 18 16
the value pair of raw_data is: 6265
split the outgoings edges: 82 75 75 150
add node: MDDNode(2,u_158) MDDNode(2,u_159), remove node: MDDNode(2,u_78)
layer 2 incoming edges: 33
split the incoming edges: 33 20 13
the value pair of raw_data is: 6265
split the outgoings edges: 77 74 60 134
add node: MDDNode(2,u_160) MDDNode(2,u_161), remove node: MDDNode(2,u_79)
layer 2 incoming edges: 38
split the incoming edges: 38 18 20
the value pair of raw_data is: 6265
split the outgoings edges: 75 65 67 132
add node: MDDNode(2,u_162) MDDNode(2,u_163), remove node: MDDNode(2,u_80)
layer 2 incoming edges: 25
split the incoming edges: 25 10 15
the value pair of raw_data is: 6265
split the outgoings edges: 70 53 56 109
add node: MDDNode(2,u_164) MDDNode(2,u_165), remove node: MDDNode(2,u_81)
layer 2 incoming edges: 35
split the incoming edges: 35 15 20
the value pair of raw_data is: 6265
split the outgoings edges: 72 59 64 123
add node: MDDNode(2,u_166) MDDNode(2,u_167), remove node: MDDNode(2,u_82)
layer 2 incoming edges: 37
split the incoming edges: 37 20 17
the value pair of raw_data is: 6265
split the outgoings edges: 75 61 74 135
add node: MDDNode(2,u_168) MDDNode(2,u_169), remove node: MDDNode(2,u_83)
layer 2 incoming edges: 33
split the incoming edges: 33 23 10
the value pair of raw_data is: 6265
split the outgoings edges: 70 65 55 120
add node: MDDNode(2,u_170) MDDNode(2,u_171), remove node: MDDNode(2,u_84)
layer 2 incoming edges: 26
split the incoming edges: 26 11 15
the value pair of raw_data is: 6265
split the outgoings edges: 73 49 68 117
add node: MDDNode(2,u_172) MDDNode(2,u_173), remove node: MDDNode(2,u_85)
layer 2 incoming edges: 33
split the incoming edges: 33 19 14
the value pair of raw_data is: 6265
split the outgoings edges: 69 50 60 110
add node: MDDNode(2,u_174) MDDNode(2,u_175), remove node: MDDNode(2,u_86)
layer 2 incoming edges: 22
split the incoming edges: 22 8 14
the value pair of raw_data is: 6265
split the outgoings edges: 78 65 62 127
add node: MDDNode(2,u_176) MDDNode(2,u_177), remove node: MDDNode(2,u_87)
layer 2 incoming edges: 27
split the incoming edges: 27 10 17
the value pair of raw_data is: 6265
split the outgoings edges: 71 54 69 123
add node: MDDNode(2,u_178) MDDNode(2,u_179), remove node: MDDNode(2,u_88)
layer 2 incoming edges: 33
split the incoming edges: 33 14 19
the value pair of raw_data is: 6265
split the outgoings edges: 76 71 69 140
add node: MDDNode(2,u_180) MDDNode(2,u_181), remove node: MDDNode(2,u_89)
layer 2 incoming edges: 29
split the incoming edges: 29 15 14
the value pair of raw_data is: 6265
split the outgoings edges: 81 71 69 140
add node: MDDNode(2,u_182) MDDNode(2,u_183), remove node: MDDNode(2,u_90)
layer 2 incoming edges: 29
split the incoming edges: 29 14 15
the value pair of raw_data is: 6265
split the outgoings edges: 70 62 62 124
add node: MDDNode(2,u_184) MDDNode(2,u_185), remove node: MDDNode(2,u_91)
layer 2 incoming edges: 33
split the incoming edges: 33 12 21
the value pair of raw_data is: 6265
split the outgoings edges: 75 50 74 124
add node: MDDNode(2,u_186) MDDNode(2,u_187), remove node: MDDNode(2,u_92)
layer 2 incoming edges: 22
split the incoming edges: 22 11 11
the value pair of raw_data is: 6265
split the outgoings edges: 67 66 46 112
add node: MDDNode(2,u_188) MDDNode(2,u_189), remove node: MDDNode(2,u_93)
3 16 64
layer 3 incoming edges: 155
split the incoming edges: 155 71 84
the value pair of raw_data is: 202
split the outgoings edges: 74 62 65 127
add node: MDDNode(3,u_190) MDDNode(3,u_191), remove node: MDDNode(3,u_94)
layer 3 incoming edges: 168
split the incoming edges: 168 83 85
the value pair of raw_data is: 202
split the outgoings edges: 85 75 72 147
add node: MDDNode(3,u_192) MDDNode(3,u_193), remove node: MDDNode(3,u_95)
layer 3 incoming edges: 146
split the incoming edges: 146 77 69
the value pair of raw_data is: 202
split the outgoings edges: 75 59 62 121
add node: MDDNode(3,u_194) MDDNode(3,u_195), remove node: MDDNode(3,u_96)
layer 3 incoming edges: 123
split the incoming edges: 123 62 61
the value pair of raw_data is: 202
split the outgoings edges: 69 62 51 113
add node: MDDNode(3,u_196) MDDNode(3,u_197), remove node: MDDNode(3,u_97)
layer 3 incoming edges: 148
split the incoming edges: 148 70 78
the value pair of raw_data is: 202
split the outgoings edges: 80 72 67 139
add node: MDDNode(3,u_198) MDDNode(3,u_199), remove node: MDDNode(3,u_98)
layer 3 incoming edges: 129
split the incoming edges: 129 62 67
the value pair of raw_data is: 202
split the outgoings edges: 66 52 55 107
add node: MDDNode(3,u_200) MDDNode(3,u_201), remove node: MDDNode(3,u_99)
layer 3 incoming edges: 153
split the incoming edges: 153 76 77
the value pair of raw_data is: 202
split the outgoings edges: 84 61 72 133
add node: MDDNode(3,u_202) MDDNode(3,u_203), remove node: MDDNode(3,u_100)
layer 3 incoming edges: 126
split the incoming edges: 126 69 57
the value pair of raw_data is: 202
split the outgoings edges: 85 68 68 136
add node: MDDNode(3,u_204) MDDNode(3,u_205), remove node: MDDNode(3,u_101)
layer 3 incoming edges: 83
split the incoming edges: 83 40 43
the value pair of raw_data is: 202
split the outgoings edges: 43 31 41 72
add node: MDDNode(3,u_206) MDDNode(3,u_207), remove node: MDDNode(3,u_102)
layer 3 incoming edges: 99
split the incoming edges: 99 56 43
the value pair of raw_data is: 202
split the outgoings edges: 52 43 34 77
add node: MDDNode(3,u_208) MDDNode(3,u_209), remove node: MDDNode(3,u_103)
layer 3 incoming edges: 91
split the incoming edges: 91 46 45
the value pair of raw_data is: 202
split the outgoings edges: 70 67 56 123
add node: MDDNode(3,u_210) MDDNode(3,u_211), remove node: MDDNode(3,u_104)
layer 3 incoming edges: 80
split the incoming edges: 80 39 41
the value pair of raw_data is: 202
split the outgoings edges: 56 41 47 88
add node: MDDNode(3,u_212) MDDNode(3,u_213), remove node: MDDNode(3,u_105)
layer 3 incoming edges: 118
split the incoming edges: 118 63 55
the value pair of raw_data is: 202
split the outgoings edges: 64 53 56 109
add node: MDDNode(3,u_214) MDDNode(3,u_215), remove node: MDDNode(3,u_106)
layer 3 incoming edges: 143
split the incoming edges: 143 54 89
the value pair of raw_data is: 202
split the outgoings edges: 79 66 63 129
add node: MDDNode(3,u_216) MDDNode(3,u_217), remove node: MDDNode(3,u_107)
layer 3 incoming edges: 125
split the incoming edges: 125 71 54
the value pair of raw_data is: 202
split the outgoings edges: 77 61 65 126
add node: MDDNode(3,u_218) MDDNode(3,u_219), remove node: MDDNode(3,u_108)
layer 3 incoming edges: 133
split the incoming edges: 133 74 59
the value pair of raw_data is: 202
split the outgoings edges: 81 61 69 130
add node: MDDNode(3,u_220) MDDNode(3,u_221), remove node: MDDNode(3,u_109)
4 16 64
layer 4 incoming edges: 101
split the incoming edges: 101 56 45
the value pair of raw_data is: 161
split the outgoings edges: 1 1 1 2
add node: MDDNode(4,u_222) MDDNode(4,u_223), remove node: MDDNode(4,u_110)
layer 4 incoming edges: 95
split the incoming edges: 95 49 46
the value pair of raw_data is: 161
split the outgoings edges: 1 1 1 2
add node: MDDNode(4,u_224) MDDNode(4,u_225), remove node: MDDNode(4,u_111)
layer 4 incoming edges: 102
split the incoming edges: 102 44 58
the value pair of raw_data is: 161
split the outgoings edges: 1 1 1 2
add node: MDDNode(4,u_226) MDDNode(4,u_227), remove node: MDDNode(4,u_112)
layer 4 incoming edges: 109
split the incoming edges: 109 55 54
the value pair of raw_data is: 161
split the outgoings edges: 1 1 1 2
add node: MDDNode(4,u_228) MDDNode(4,u_229), remove node: MDDNode(4,u_113)
layer 4 incoming edges: 111
split the incoming edges: 111 60 51
the value pair of raw_data is: 161
split the outgoings edges: 1 1 1 2
add node: MDDNode(4,u_230) MDDNode(4,u_231), remove node: MDDNode(4,u_114)
layer 4 incoming edges: 116
split the incoming edges: 116 55 61
the value pair of raw_data is: 161
split the outgoings edges: 1 1 1 2
add node: MDDNode(4,u_232) MDDNode(4,u_233), remove node: MDDNode(4,u_115)
layer 4 incoming edges: 126
split the incoming edges: 126 65 61
the value pair of raw_data is: 161
split the outgoings edges: 1 1 1 2
add node: MDDNode(4,u_234) MDDNode(4,u_235), remove node: MDDNode(4,u_116)
layer 4 incoming edges: 120
split the incoming edges: 120 50 70
the value pair of raw_data is: 161
split the outgoings edges: 1 1 1 2
add node: MDDNode(4,u_236) MDDNode(4,u_237), remove node: MDDNode(4,u_117)
layer 4 incoming edges: 122
split the incoming edges: 122 55 67
the value pair of raw_data is: 161
split the outgoings edges: 1 1 1 2
add node: MDDNode(4,u_238) MDDNode(4,u_239), remove node: MDDNode(4,u_118)
layer 4 incoming edges: 122
split the incoming edges: 122 69 53
the value pair of raw_data is: 161
split the outgoings edges: 1 1 1 2
add node: MDDNode(4,u_240) MDDNode(4,u_241), remove node: MDDNode(4,u_119)
layer 4 incoming edges: 113
split the incoming edges: 113 53 60
the value pair of raw_data is: 161
split the outgoings edges: 1 1 1 2
add node: MDDNode(4,u_242) MDDNode(4,u_243), remove node: MDDNode(4,u_120)
layer 4 incoming edges: 96
split the incoming edges: 96 47 49
the value pair of raw_data is: 161
split the outgoings edges: 1 1 1 2
add node: MDDNode(4,u_244) MDDNode(4,u_245), remove node: MDDNode(4,u_121)
layer 4 incoming edges: 130
split the incoming edges: 130 76 54
the value pair of raw_data is: 161
split the outgoings edges: 1 1 1 2
add node: MDDNode(4,u_246) MDDNode(4,u_247), remove node: MDDNode(4,u_122)
layer 4 incoming edges: 112
split the incoming edges: 112 51 61
the value pair of raw_data is: 161
split the outgoings edges: 1 1 1 2
add node: MDDNode(4,u_248) MDDNode(4,u_249), remove node: MDDNode(4,u_123)
layer 4 incoming edges: 126
split the incoming edges: 126 52 74
the value pair of raw_data is: 161
split the outgoings edges: 1 1 1 2
add node: MDDNode(4,u_250) MDDNode(4,u_251), remove node: MDDNode(4,u_124)
layer 4 incoming edges: 176
split the incoming edges: 176 97 79
the value pair of raw_data is: 161
split the outgoings edges: 1 1 1 2
add node: MDDNode(4,u_252) MDDNode(4,u_253), remove node: MDDNode(4,u_125)
1 32 64
layer 1 incoming edges: 5
split the incoming edges: 5 3 2
the value pair of raw_data is: 492
split the outgoings edges: 23 3 20 23
add node: MDDNode(1,u_254) MDDNode(1,u_255), remove node: MDDNode(1,u_126)
layer 1 incoming edges: 3
split the incoming edges: 3 1 2
the value pair of raw_data is: 492
split the outgoings edges: 24 12 12 24
add node: MDDNode(1,u_256) MDDNode(1,u_257), remove node: MDDNode(1,u_127)
layer 1 incoming edges: 4
split the incoming edges: 4 2 2
the value pair of raw_data is: 492
split the outgoings edges: 26 20 6 26
add node: MDDNode(1,u_258) MDDNode(1,u_259), remove node: MDDNode(1,u_128)
layer 1 incoming edges: 3
split the incoming edges: 3 2 1
the value pair of raw_data is: 492
split the outgoings edges: 16 14 2 16
add node: MDDNode(1,u_260) MDDNode(1,u_261), remove node: MDDNode(1,u_129)
layer 1 incoming edges: 2
one of splitted has no income edge:2 0
layer 1 incoming edges: 7
split the incoming edges: 7 2 5
the value pair of raw_data is: 492
split the outgoings edges: 33 3 30 33
add node: MDDNode(1,u_262) MDDNode(1,u_263), remove node: MDDNode(1,u_131)
layer 1 incoming edges: 11
split the incoming edges: 11 7 4
the value pair of raw_data is: 492
split the outgoings edges: 53 33 21 54
add node: MDDNode(1,u_264) MDDNode(1,u_265), remove node: MDDNode(1,u_132)
layer 1 incoming edges: 4
split the incoming edges: 4 3 1
the value pair of raw_data is: 492
split the outgoings edges: 16 15 1 16
add node: MDDNode(1,u_266) MDDNode(1,u_267), remove node: MDDNode(1,u_133)
layer 1 incoming edges: 3
split the incoming edges: 3 2 1
the value pair of raw_data is: 492
split the outgoings edges: 16 11 5 16
add node: MDDNode(1,u_268) MDDNode(1,u_269), remove node: MDDNode(1,u_134)
layer 1 incoming edges: 4
split the incoming edges: 4 2 2
the value pair of raw_data is: 492
split the outgoings edges: 10 5 5 10
add node: MDDNode(1,u_270) MDDNode(1,u_271), remove node: MDDNode(1,u_135)
layer 1 incoming edges: 1
one of splitted has no income edge:0 1
layer 1 incoming edges: 6
split the incoming edges: 6 2 4
the value pair of raw_data is: 492
split the outgoings edges: 24 11 13 24
add node: MDDNode(1,u_272) MDDNode(1,u_273), remove node: MDDNode(1,u_137)
layer 1 incoming edges: 1
one of splitted has no income edge:1 0
layer 1 incoming edges: 5
split the incoming edges: 5 1 4
the value pair of raw_data is: 492
split the outgoings edges: 16 2 14 16
add node: MDDNode(1,u_274) MDDNode(1,u_275), remove node: MDDNode(1,u_139)
layer 1 incoming edges: 3
split the incoming edges: 3 1 2
the value pair of raw_data is: 492
split the outgoings edges: 10 4 6 10
add node: MDDNode(1,u_276) MDDNode(1,u_277), remove node: MDDNode(1,u_140)
layer 1 incoming edges: 1
one of splitted has no income edge:0 1
layer 1 incoming edges: 6
split the incoming edges: 6 5 1
the value pair of raw_data is: 492
split the outgoings edges: 20 18 2 20
add node: MDDNode(1,u_278) MDDNode(1,u_279), remove node: MDDNode(1,u_142)
layer 1 incoming edges: 1
one of splitted has no income edge:1 0
layer 1 incoming edges: 2
split the incoming edges: 2 1 1
the value pair of raw_data is: 492
split the outgoings edges: 5 3 2 5
add node: MDDNode(1,u_280) MDDNode(1,u_281), remove node: MDDNode(1,u_144)
layer 1 incoming edges: 3
split the incoming edges: 3 1 2
the value pair of raw_data is: 492
split the outgoings edges: 9 6 3 9
add node: MDDNode(1,u_282) MDDNode(1,u_283), remove node: MDDNode(1,u_145)
layer 1 incoming edges: 2
one of splitted has no income edge:0 2
layer 1 incoming edges: 5
split the incoming edges: 5 1 4
the value pair of raw_data is: 492
split the outgoings edges: 28 11 17 28
add node: MDDNode(1,u_284) MDDNode(1,u_285), remove node: MDDNode(1,u_147)
layer 1 incoming edges: 4
split the incoming edges: 4 1 3
the value pair of raw_data is: 492
split the outgoings edges: 11 2 9 11
add node: MDDNode(1,u_286) MDDNode(1,u_287), remove node: MDDNode(1,u_148)
layer 1 incoming edges: 2
one of splitted has no income edge:0 2
layer 1 incoming edges: 1
one of splitted has no income edge:0 1
layer 1 incoming edges: 2
split the incoming edges: 2 1 1
the value pair of raw_data is: 492
split the outgoings edges: 12 6 6 12
add node: MDDNode(1,u_288) MDDNode(1,u_289), remove node: MDDNode(1,u_151)
layer 1 incoming edges: 2
split the incoming edges: 2 1 1
the value pair of raw_data is: 492
split the outgoings edges: 6 2 4 6
add node: MDDNode(1,u_290) MDDNode(1,u_291), remove node: MDDNode(1,u_152)
layer 1 incoming edges: 3
split the incoming edges: 3 1 2
the value pair of raw_data is: 492
split the outgoings edges: 21 2 19 21
add node: MDDNode(1,u_292) MDDNode(1,u_293), remove node: MDDNode(1,u_153)
layer 1 incoming edges: 4
one of splitted has no income edge:4 0
layer 1 incoming edges: 3
one of splitted has no income edge:3 0
layer 1 incoming edges: 3
split the incoming edges: 3 2 1
the value pair of raw_data is: 492
split the outgoings edges: 15 13 2 15
add node: MDDNode(1,u_294) MDDNode(1,u_295), remove node: MDDNode(1,u_156)
layer 1 incoming edges: 5
split the incoming edges: 5 2 3
the value pair of raw_data is: 492
split the outgoings edges: 12 4 8 12
add node: MDDNode(1,u_296) MDDNode(1,u_297), remove node: MDDNode(1,u_157)
2 32 64
layer 2 incoming edges: 18
split the incoming edges: 18 9 9
the value pair of raw_data is: 6265
split the outgoings edges: 75 58 70 128
add node: MDDNode(2,u_298) MDDNode(2,u_299), remove node: MDDNode(2,u_158)
layer 2 incoming edges: 16
split the incoming edges: 16 8 8
the value pair of raw_data is: 6265
split the outgoings edges: 75 65 67 132
add node: MDDNode(2,u_300) MDDNode(2,u_301), remove node: MDDNode(2,u_159)
layer 2 incoming edges: 20
split the incoming edges: 20 9 11
the value pair of raw_data is: 6265
split the outgoings edges: 74 67 59 126
add node: MDDNode(2,u_302) MDDNode(2,u_303), remove node: MDDNode(2,u_160)
layer 2 incoming edges: 13
split the incoming edges: 13 7 6
the value pair of raw_data is: 6265
split the outgoings edges: 60 47 50 97
add node: MDDNode(2,u_304) MDDNode(2,u_305), remove node: MDDNode(2,u_161)
layer 2 incoming edges: 18
split the incoming edges: 18 9 9
the value pair of raw_data is: 6265
split the outgoings edges: 65 55 53 108
add node: MDDNode(2,u_306) MDDNode(2,u_307), remove node: MDDNode(2,u_162)
layer 2 incoming edges: 20
split the incoming edges: 20 9 11
the value pair of raw_data is: 6265
split the outgoings edges: 67 46 64 110
add node: MDDNode(2,u_308) MDDNode(2,u_309), remove node: MDDNode(2,u_163)
layer 2 incoming edges: 10
split the incoming edges: 10 4 6
the value pair of raw_data is: 6265
split the outgoings edges: 53 23 49 72
add node: MDDNode(2,u_310) MDDNode(2,u_311), remove node: MDDNode(2,u_164)
layer 2 incoming edges: 15
split the incoming edges: 15 8 7
the value pair of raw_data is: 6265
split the outgoings edges: 56 42 45 87
add node: MDDNode(2,u_312) MDDNode(2,u_313), remove node: MDDNode(2,u_165)
layer 2 incoming edges: 15
split the incoming edges: 15 8 7
the value pair of raw_data is: 6265
split the outgoings edges: 59 52 48 100
add node: MDDNode(2,u_314) MDDNode(2,u_315), remove node: MDDNode(2,u_166)
layer 2 incoming edges: 21
split the incoming edges: 21 12 9
the value pair of raw_data is: 6265
split the outgoings edges: 64 60 37 97
add node: MDDNode(2,u_316) MDDNode(2,u_317), remove node: MDDNode(2,u_167)
layer 2 incoming edges: 20
split the incoming edges: 20 8 12
the value pair of raw_data is: 6265
split the outgoings edges: 61 52 50 102
add node: MDDNode(2,u_318) MDDNode(2,u_319), remove node: MDDNode(2,u_168)
layer 2 incoming edges: 17
split the incoming edges: 17 8 9
the value pair of raw_data is: 6265
split the outgoings edges: 74 57 67 124
add node: MDDNode(2,u_320) MDDNode(2,u_321), remove node: MDDNode(2,u_169)
layer 2 incoming edges: 23
split the incoming edges: 23 11 12
the value pair of raw_data is: 6265
split the outgoings edges: 65 57 53 110
add node: MDDNode(2,u_322) MDDNode(2,u_323), remove node: MDDNode(2,u_170)
layer 2 incoming edges: 10
split the incoming edges: 10 4 6
the value pair of raw_data is: 6265
split the outgoings edges: 55 37 47 84
add node: MDDNode(2,u_324) MDDNode(2,u_325), remove node: MDDNode(2,u_171)
layer 2 incoming edges: 11
split the incoming edges: 11 6 5
the value pair of raw_data is: 6265
split the outgoings edges: 49 40 33 73
add node: MDDNode(2,u_326) MDDNode(2,u_327), remove node: MDDNode(2,u_172)
layer 2 incoming edges: 15
split the incoming edges: 15 4 11
the value pair of raw_data is: 6265
split the outgoings edges: 68 40 62 102
add node: MDDNode(2,u_328) MDDNode(2,u_329), remove node: MDDNode(2,u_173)
layer 2 incoming edges: 19
split the incoming edges: 19 8 11
the value pair of raw_data is: 6265
split the outgoings edges: 50 37 42 79
add node: MDDNode(2,u_330) MDDNode(2,u_331), remove node: MDDNode(2,u_174)
layer 2 incoming edges: 14
split the incoming edges: 14 10 4
the value pair of raw_data is: 6265
split the outgoings edges: 60 55 45 100
add node: MDDNode(2,u_332) MDDNode(2,u_333), remove node: MDDNode(2,u_175)
layer 2 incoming edges: 8
split the incoming edges: 8 6 2
the value pair of raw_data is: 6265
split the outgoings edges: 65 61 21 82
add node: MDDNode(2,u_334) MDDNode(2,u_335), remove node: MDDNode(2,u_176)
layer 2 incoming edges: 14
split the incoming edges: 14 9 5
the value pair of raw_data is: 6265
split the outgoings edges: 62 49 57 106
add node: MDDNode(2,u_336) MDDNode(2,u_337), remove node: MDDNode(2,u_177)
layer 2 incoming edges: 10
split the incoming edges: 10 3 7
the value pair of raw_data is: 6265
split the outgoings edges: 54 39 45 84
add node: MDDNode(2,u_338) MDDNode(2,u_339), remove node: MDDNode(2,u_178)
layer 2 incoming edges: 17
split the incoming edges: 17 11 6
the value pair of raw_data is: 6265
split the outgoings edges: 69 66 56 122
add node: MDDNode(2,u_340) MDDNode(2,u_341), remove node: MDDNode(2,u_179)
layer 2 incoming edges: 14
split the incoming edges: 14 7 7
the value pair of raw_data is: 6265
split the outgoings edges: 71 57 57 114
add node: MDDNode(2,u_342) MDDNode(2,u_343), remove node: MDDNode(2,u_180)
layer 2 incoming edges: 19
split the incoming edges: 19 8 11
the value pair of raw_data is: 6265
split the outgoings edges: 69 48 65 113
add node: MDDNode(2,u_344) MDDNode(2,u_345), remove node: MDDNode(2,u_181)
layer 2 incoming edges: 15
split the incoming edges: 15 5 10
the value pair of raw_data is: 6265
split the outgoings edges: 71 40 67 107
add node: MDDNode(2,u_346) MDDNode(2,u_347), remove node: MDDNode(2,u_182)
layer 2 incoming edges: 14
split the incoming edges: 14 5 9
the value pair of raw_data is: 6265
split the outgoings edges: 69 50 65 115
add node: MDDNode(2,u_348) MDDNode(2,u_349), remove node: MDDNode(2,u_183)
layer 2 incoming edges: 14
split the incoming edges: 14 4 10
the value pair of raw_data is: 6265
split the outgoings edges: 62 56 42 98
add node: MDDNode(2,u_350) MDDNode(2,u_351), remove node: MDDNode(2,u_184)
layer 2 incoming edges: 15
split the incoming edges: 15 5 10
the value pair of raw_data is: 6265
split the outgoings edges: 62 46 57 103
add node: MDDNode(2,u_352) MDDNode(2,u_353), remove node: MDDNode(2,u_185)
layer 2 incoming edges: 12
split the incoming edges: 12 6 6
the value pair of raw_data is: 6265
split the outgoings edges: 50 42 39 81
add node: MDDNode(2,u_354) MDDNode(2,u_355), remove node: MDDNode(2,u_186)
layer 2 incoming edges: 21
split the incoming edges: 21 15 6
the value pair of raw_data is: 6265
split the outgoings edges: 74 70 47 117
add node: MDDNode(2,u_356) MDDNode(2,u_357), remove node: MDDNode(2,u_187)
layer 2 incoming edges: 11
split the incoming edges: 11 3 8
the value pair of raw_data is: 6265
split the outgoings edges: 66 26 61 87
add node: MDDNode(2,u_358) MDDNode(2,u_359), remove node: MDDNode(2,u_188)
layer 2 incoming edges: 11
split the incoming edges: 11 5 6
the value pair of raw_data is: 6265
split the outgoings edges: 46 26 42 68
add node: MDDNode(2,u_360) MDDNode(2,u_361), remove node: MDDNode(2,u_189)
3 32 64
layer 3 incoming edges: 113
split the incoming edges: 113 45 68
the value pair of raw_data is: 202
split the outgoings edges: 62 60 43 103
add node: MDDNode(3,u_362) MDDNode(3,u_363), remove node: MDDNode(3,u_190)
layer 3 incoming edges: 132
split the incoming edges: 132 70 62
the value pair of raw_data is: 202
split the outgoings edges: 65 55 57 112
add node: MDDNode(3,u_364) MDDNode(3,u_365), remove node: MDDNode(3,u_191)
layer 3 incoming edges: 133
split the incoming edges: 133 63 70
the value pair of raw_data is: 202
split the outgoings edges: 75 63 64 127
add node: MDDNode(3,u_366) MDDNode(3,u_367), remove node: MDDNode(3,u_192)
layer 3 incoming edges: 137
split the incoming edges: 137 63 74
the value pair of raw_data is: 202
split the outgoings edges: 72 61 57 118
add node: MDDNode(3,u_368) MDDNode(3,u_369), remove node: MDDNode(3,u_193)
layer 3 incoming edges: 123
split the incoming edges: 123 62 61
the value pair of raw_data is: 202
split the outgoings edges: 59 55 50 105
add node: MDDNode(3,u_370) MDDNode(3,u_371), remove node: MDDNode(3,u_194)
layer 3 incoming edges: 106
split the incoming edges: 106 49 57
the value pair of raw_data is: 202
split the outgoings edges: 62 51 51 102
add node: MDDNode(3,u_372) MDDNode(3,u_373), remove node: MDDNode(3,u_195)
layer 3 incoming edges: 104
split the incoming edges: 104 52 52
the value pair of raw_data is: 202
split the outgoings edges: 62 55 50 105
add node: MDDNode(3,u_374) MDDNode(3,u_375), remove node: MDDNode(3,u_196)
layer 3 incoming edges: 99
split the incoming edges: 99 48 51
the value pair of raw_data is: 202
split the outgoings edges: 51 39 42 81
add node: MDDNode(3,u_376) MDDNode(3,u_377), remove node: MDDNode(3,u_197)
layer 3 incoming edges: 118
split the incoming edges: 118 66 52
the value pair of raw_data is: 202
split the outgoings edges: 72 68 58 126
add node: MDDNode(3,u_378) MDDNode(3,u_379), remove node: MDDNode(3,u_198)
layer 3 incoming edges: 126
split the incoming edges: 126 68 58
the value pair of raw_data is: 202
split the outgoings edges: 67 48 59 107
add node: MDDNode(3,u_380) MDDNode(3,u_381), remove node: MDDNode(3,u_199)
layer 3 incoming edges: 103
split the incoming edges: 103 54 49
the value pair of raw_data is: 202
split the outgoings edges: 52 49 33 82
add node: MDDNode(3,u_382) MDDNode(3,u_383), remove node: MDDNode(3,u_200)
layer 3 incoming edges: 110
split the incoming edges: 110 50 60
the value pair of raw_data is: 202
split the outgoings edges: 55 43 43 86
add node: MDDNode(3,u_384) MDDNode(3,u_385), remove node: MDDNode(3,u_201)
layer 3 incoming edges: 115
split the incoming edges: 115 63 52
the value pair of raw_data is: 202
split the outgoings edges: 61 53 49 102
add node: MDDNode(3,u_386) MDDNode(3,u_387), remove node: MDDNode(3,u_202)
layer 3 incoming edges: 123
split the incoming edges: 123 64 59
the value pair of raw_data is: 202
split the outgoings edges: 72 65 51 116
add node: MDDNode(3,u_388) MDDNode(3,u_389), remove node: MDDNode(3,u_203)
layer 3 incoming edges: 110
split the incoming edges: 110 62 48
the value pair of raw_data is: 202
split the outgoings edges: 68 62 46 108
add node: MDDNode(3,u_390) MDDNode(3,u_391), remove node: MDDNode(3,u_204)
layer 3 incoming edges: 88
split the incoming edges: 88 45 43
the value pair of raw_data is: 202
split the outgoings edges: 68 59 56 115
add node: MDDNode(3,u_392) MDDNode(3,u_393), remove node: MDDNode(3,u_205)
layer 3 incoming edges: 62
split the incoming edges: 62 33 29
the value pair of raw_data is: 202
split the outgoings edges: 31 29 26 55
add node: MDDNode(3,u_394) MDDNode(3,u_395), remove node: MDDNode(3,u_206)
layer 3 incoming edges: 67
split the incoming edges: 67 32 35
the value pair of raw_data is: 202
split the outgoings edges: 41 28 36 64
add node: MDDNode(3,u_396) MDDNode(3,u_397), remove node: MDDNode(3,u_207)
layer 3 incoming edges: 87
split the incoming edges: 87 39 48
the value pair of raw_data is: 202
split the outgoings edges: 43 28 39 67
add node: MDDNode(3,u_398) MDDNode(3,u_399), remove node: MDDNode(3,u_208)
layer 3 incoming edges: 65
split the incoming edges: 65 36 29
the value pair of raw_data is: 202
split the outgoings edges: 34 29 25 54
add node: MDDNode(3,u_400) MDDNode(3,u_401), remove node: MDDNode(3,u_209)
layer 3 incoming edges: 72
split the incoming edges: 72 37 35
the value pair of raw_data is: 202
split the outgoings edges: 67 51 59 110
add node: MDDNode(3,u_402) MDDNode(3,u_403), remove node: MDDNode(3,u_210)
layer 3 incoming edges: 71
split the incoming edges: 71 29 42
the value pair of raw_data is: 202
split the outgoings edges: 56 45 53 98
add node: MDDNode(3,u_404) MDDNode(3,u_405), remove node: MDDNode(3,u_211)
layer 3 incoming edges: 60
split the incoming edges: 60 28 32
the value pair of raw_data is: 202
split the outgoings edges: 41 28 39 67
add node: MDDNode(3,u_406) MDDNode(3,u_407), remove node: MDDNode(3,u_212)
layer 3 incoming edges: 69
split the incoming edges: 69 29 40
the value pair of raw_data is: 202
split the outgoings edges: 47 41 39 80
add node: MDDNode(3,u_408) MDDNode(3,u_409), remove node: MDDNode(3,u_213)
layer 3 incoming edges: 102
split the incoming edges: 102 54 48
the value pair of raw_data is: 202
split the outgoings edges: 53 46 39 85
add node: MDDNode(3,u_410) MDDNode(3,u_411), remove node: MDDNode(3,u_214)
layer 3 incoming edges: 87
split the incoming edges: 87 49 38
the value pair of raw_data is: 202
split the outgoings edges: 56 46 45 91
add node: MDDNode(3,u_412) MDDNode(3,u_413), remove node: MDDNode(3,u_215)
layer 3 incoming edges: 79
split the incoming edges: 79 37 42
the value pair of raw_data is: 202
split the outgoings edges: 66 55 44 99
add node: MDDNode(3,u_414) MDDNode(3,u_415), remove node: MDDNode(3,u_216)
layer 3 incoming edges: 140
split the incoming edges: 140 73 67
the value pair of raw_data is: 202
split the outgoings edges: 63 50 54 104
add node: MDDNode(3,u_416) MDDNode(3,u_417), remove node: MDDNode(3,u_217)
layer 3 incoming edges: 113
split the incoming edges: 113 58 55
the value pair of raw_data is: 202
split the outgoings edges: 61 44 54 98
add node: MDDNode(3,u_418) MDDNode(3,u_419), remove node: MDDNode(3,u_218)
layer 3 incoming edges: 94
split the incoming edges: 94 53 41
the value pair of raw_data is: 202
split the outgoings edges: 65 58 42 100
add node: MDDNode(3,u_420) MDDNode(3,u_421), remove node: MDDNode(3,u_219)
layer 3 incoming edges: 124
split the incoming edges: 124 65 59
the value pair of raw_data is: 202
split the outgoings edges: 61 56 50 106
add node: MDDNode(3,u_422) MDDNode(3,u_423), remove node: MDDNode(3,u_220)
layer 3 incoming edges: 96
split the incoming edges: 96 58 38
the value pair of raw_data is: 202
split the outgoings edges: 69 61 47 108
add node: MDDNode(3,u_424) MDDNode(3,u_425), remove node: MDDNode(3,u_221)
4 32 64
layer 4 incoming edges: 90
split the incoming edges: 90 47 43
the value pair of raw_data is: 161
split the outgoings edges: 1 1 1 2
add node: MDDNode(4,u_426) MDDNode(4,u_427), remove node: MDDNode(4,u_222)
layer 4 incoming edges: 73
split the incoming edges: 73 42 31
the value pair of raw_data is: 161
split the outgoings edges: 1 1 1 2
add node: MDDNode(4,u_428) MDDNode(4,u_429), remove node: MDDNode(4,u_223)
layer 4 incoming edges: 77
split the incoming edges: 77 43 34
the value pair of raw_data is: 161
split the outgoings edges: 1 1 1 2
add node: MDDNode(4,u_430) MDDNode(4,u_431), remove node: MDDNode(4,u_224)
layer 4 incoming edges: 72
split the incoming edges: 72 32 40
the value pair of raw_data is: 161
split the outgoings edges: 1 1 1 2
add node: MDDNode(4,u_432) MDDNode(4,u_433), remove node: MDDNode(4,u_225)
layer 4 incoming edges: 68
split the incoming edges: 68 41 27
the value pair of raw_data is: 161
split the outgoings edges: 1 1 1 2
add node: MDDNode(4,u_434) MDDNode(4,u_435), remove node: MDDNode(4,u_226)
layer 4 incoming edges: 104
split the incoming edges: 104 53 51
the value pair of raw_data is: 161
split the outgoings edges: 1 1 1 2
add node: MDDNode(4,u_436) MDDNode(4,u_437), remove node: MDDNode(4,u_227)
layer 4 incoming edges: 91
split the incoming edges: 91 53 38
the value pair of raw_data is: 161
split the outgoings edges: 1 1 1 2
add node: MDDNode(4,u_438) MDDNode(4,u_439), remove node: MDDNode(4,u_228)
layer 4 incoming edges: 84
split the incoming edges: 84 36 48
the value pair of raw_data is: 161
split the outgoings edges: 1 1 1 2
add node: MDDNode(4,u_440) MDDNode(4,u_441), remove node: MDDNode(4,u_229)
layer 4 incoming edges: 97
split the incoming edges: 97 54 43
the value pair of raw_data is: 161
split the outgoings edges: 1 1 1 2
add node: MDDNode(4,u_442) MDDNode(4,u_443), remove node: MDDNode(4,u_230)
layer 4 incoming edges: 82
split the incoming edges: 82 32 50
the value pair of raw_data is: 161
split the outgoings edges: 1 1 1 2
add node: MDDNode(4,u_444) MDDNode(4,u_445), remove node: MDDNode(4,u_231)
layer 4 incoming edges: 91
split the incoming edges: 91 51 40
the value pair of raw_data is: 161
split the outgoings edges: 1 1 1 2
add node: MDDNode(4,u_446) MDDNode(4,u_447), remove node: MDDNode(4,u_232)
layer 4 incoming edges: 106
split the incoming edges: 106 58 48
the value pair of raw_data is: 161
split the outgoings edges: 1 1 1 2
add node: MDDNode(4,u_448) MDDNode(4,u_449), remove node: MDDNode(4,u_233)
layer 4 incoming edges: 108
split the incoming edges: 108 54 54
the value pair of raw_data is: 161
split the outgoings edges: 1 1 1 2
add node: MDDNode(4,u_450) MDDNode(4,u_451), remove node: MDDNode(4,u_234)
layer 4 incoming edges: 103
split the incoming edges: 103 52 51
the value pair of raw_data is: 161
split the outgoings edges: 1 1 1 2
add node: MDDNode(4,u_452) MDDNode(4,u_453), remove node: MDDNode(4,u_235)
layer 4 incoming edges: 81
split the incoming edges: 81 44 37
the value pair of raw_data is: 161
split the outgoings edges: 1 1 1 2
add node: MDDNode(4,u_454) MDDNode(4,u_455), remove node: MDDNode(4,u_236)
layer 4 incoming edges: 115
split the incoming edges: 115 50 65
the value pair of raw_data is: 161
split the outgoings edges: 1 1 1 2
add node: MDDNode(4,u_456) MDDNode(4,u_457), remove node: MDDNode(4,u_237)
layer 4 incoming edges: 89
split the incoming edges: 89 49 40
the value pair of raw_data is: 161
split the outgoings edges: 1 1 1 2
add node: MDDNode(4,u_458) MDDNode(4,u_459), remove node: MDDNode(4,u_238)
layer 4 incoming edges: 115
split the incoming edges: 115 59 56
the value pair of raw_data is: 161
split the outgoings edges: 1 1 1 2
add node: MDDNode(4,u_460) MDDNode(4,u_461), remove node: MDDNode(4,u_239)
layer 4 incoming edges: 120
split the incoming edges: 120 65 55
the value pair of raw_data is: 161
split the outgoings edges: 1 1 1 2
add node: MDDNode(4,u_462) MDDNode(4,u_463), remove node: MDDNode(4,u_240)
layer 4 incoming edges: 87
split the incoming edges: 87 46 41
the value pair of raw_data is: 161
split the outgoings edges: 1 1 1 2
add node: MDDNode(4,u_464) MDDNode(4,u_465), remove node: MDDNode(4,u_241)
layer 4 incoming edges: 82
split the incoming edges: 82 43 39
the value pair of raw_data is: 161
split the outgoings edges: 1 1 1 2
add node: MDDNode(4,u_466) MDDNode(4,u_467), remove node: MDDNode(4,u_242)
layer 4 incoming edges: 101
split the incoming edges: 101 61 40
the value pair of raw_data is: 161
split the outgoings edges: 1 1 1 2
add node: MDDNode(4,u_468) MDDNode(4,u_469), remove node: MDDNode(4,u_243)
layer 4 incoming edges: 87
split the incoming edges: 87 45 42
the value pair of raw_data is: 161
split the outgoings edges: 1 1 1 2
add node: MDDNode(4,u_470) MDDNode(4,u_471), remove node: MDDNode(4,u_244)
layer 4 incoming edges: 85
split the incoming edges: 85 39 46
the value pair of raw_data is: 161
split the outgoings edges: 1 1 1 2
add node: MDDNode(4,u_472) MDDNode(4,u_473), remove node: MDDNode(4,u_245)
layer 4 incoming edges: 123
split the incoming edges: 123 66 57
the value pair of raw_data is: 161
split the outgoings edges: 1 1 1 2
add node: MDDNode(4,u_474) MDDNode(4,u_475), remove node: MDDNode(4,u_246)
layer 4 incoming edges: 93
split the incoming edges: 93 55 38
the value pair of raw_data is: 161
split the outgoings edges: 1 1 1 2
add node: MDDNode(4,u_476) MDDNode(4,u_477), remove node: MDDNode(4,u_247)
layer 4 incoming edges: 77
split the incoming edges: 77 37 40
the value pair of raw_data is: 161
split the outgoings edges: 1 1 1 2
add node: MDDNode(4,u_478) MDDNode(4,u_479), remove node: MDDNode(4,u_248)
layer 4 incoming edges: 101
split the incoming edges: 101 54 47
the value pair of raw_data is: 161
split the outgoings edges: 1 1 1 2
add node: MDDNode(4,u_480) MDDNode(4,u_481), remove node: MDDNode(4,u_249)
layer 4 incoming edges: 81
split the incoming edges: 81 34 47
the value pair of raw_data is: 161
split the outgoings edges: 1 1 1 2
add node: MDDNode(4,u_482) MDDNode(4,u_483), remove node: MDDNode(4,u_250)
layer 4 incoming edges: 116
split the incoming edges: 116 53 63
the value pair of raw_data is: 161
split the outgoings edges: 1 1 1 2
add node: MDDNode(4,u_484) MDDNode(4,u_485), remove node: MDDNode(4,u_251)
layer 4 incoming edges: 150
split the incoming edges: 150 83 67
the value pair of raw_data is: 161
split the outgoings edges: 1 1 1 2
add node: MDDNode(4,u_486) MDDNode(4,u_487), remove node: MDDNode(4,u_252)
layer 4 incoming edges: 132
split the incoming edges: 132 67 65
the value pair of raw_data is: 161
split the outgoings edges: 1 1 1 2
add node: MDDNode(4,u_488) MDDNode(4,u_489), remove node: MDDNode(4,u_253)
1 54 64
layer 1 incoming edges: 2
split the incoming edges: 2 1 1
the value pair of raw_data is: 492
split the outgoings edges: 8 6 2 8
add node: MDDNode(1,u_490) MDDNode(1,u_491), remove node: MDDNode(1,u_130)
layer 1 incoming edges: 1
one of splitted has no income edge:1 0
layer 1 incoming edges: 1
one of splitted has no income edge:0 1
layer 1 incoming edges: 1
one of splitted has no income edge:0 1
layer 1 incoming edges: 1
one of splitted has no income edge:0 1
layer 1 incoming edges: 2
split the incoming edges: 2 1 1
the value pair of raw_data is: 492
split the outgoings edges: 7 3 4 7
add node: MDDNode(1,u_492) MDDNode(1,u_493), remove node: MDDNode(1,u_146)
layer 1 incoming edges: 2
one of splitted has no income edge:0 2
layer 1 incoming edges: 1
one of splitted has no income edge:0 1
layer 1 incoming edges: 4
one of splitted has no income edge:0 4
layer 1 incoming edges: 3
split the incoming edges: 3 2 1
the value pair of raw_data is: 492
split the outgoings edges: 12 11 1 12
add node: MDDNode(1,u_494) MDDNode(1,u_495), remove node: MDDNode(1,u_155)
layer 1 incoming edges: 3
one of splitted has no income edge:0 3
layer 1 incoming edges: 2
split the incoming edges: 2 1 1
the value pair of raw_data is: 492
split the outgoings edges: 20 6 14 20
add node: MDDNode(1,u_496) MDDNode(1,u_497), remove node: MDDNode(1,u_255)
layer 1 incoming edges: 1
one of splitted has no income edge:1 0
layer 1 incoming edges: 2
split the incoming edges: 2 1 1
the value pair of raw_data is: 492
split the outgoings edges: 12 10 2 12
add node: MDDNode(1,u_498) MDDNode(1,u_499), remove node: MDDNode(1,u_257)
layer 1 incoming edges: 2
one of splitted has no income edge:0 2
layer 1 incoming edges: 2
one of splitted has no income edge:0 2
layer 1 incoming edges: 2
one of splitted has no income edge:2 0
layer 1 incoming edges: 1
one of splitted has no income edge:1 0
layer 1 incoming edges: 2
one of splitted has no income edge:2 0
layer 1 incoming edges: 5
split the incoming edges: 5 2 3
the value pair of raw_data is: 492
split the outgoings edges: 30 15 17 32
add node: MDDNode(1,u_500) MDDNode(1,u_501), remove node: MDDNode(1,u_263)
layer 1 incoming edges: 7
split the incoming edges: 7 4 3
the value pair of raw_data is: 492
split the outgoings edges: 33 14 19 33
add node: MDDNode(1,u_502) MDDNode(1,u_503), remove node: MDDNode(1,u_264)
layer 1 incoming edges: 4
split the incoming edges: 4 2 2
the value pair of raw_data is: 492
split the outgoings edges: 21 3 18 21
add node: MDDNode(1,u_504) MDDNode(1,u_505), remove node: MDDNode(1,u_265)
layer 1 incoming edges: 3
split the incoming edges: 3 2 1
the value pair of raw_data is: 492
split the outgoings edges: 15 7 8 15
add node: MDDNode(1,u_506) MDDNode(1,u_507), remove node: MDDNode(1,u_266)
layer 1 incoming edges: 1
one of splitted has no income edge:1 0
layer 1 incoming edges: 2
split the incoming edges: 2 1 1
the value pair of raw_data is: 492
split the outgoings edges: 11 2 9 11
add node: MDDNode(1,u_508) MDDNode(1,u_509), remove node: MDDNode(1,u_268)
layer 1 incoming edges: 1
one of splitted has no income edge:1 0
layer 1 incoming edges: 2
node canot be splitted, beacause reaching the bound!: 64
layer 1 incoming edges: 2
one of splitted has no income edge:0 2
layer 1 incoming edges: 2
one of splitted has no income edge:0 2
layer 1 incoming edges: 4
node canot be splitted, beacause reaching the bound!: 64
layer 1 incoming edges: 1
one of splitted has no income edge:0 1
layer 1 incoming edges: 4
node canot be splitted, beacause reaching the bound!: 64
layer 1 incoming edges: 1
one of splitted has no income edge:1 0
layer 1 incoming edges: 2
one of splitted has no income edge:0 2
layer 1 incoming edges: 5
node canot be splitted, beacause reaching the bound!: 64
layer 1 incoming edges: 1
one of splitted has no income edge:1 0
layer 1 incoming edges: 1
one of splitted has no income edge:1 0
layer 1 incoming edges: 1
one of splitted has no income edge:1 0
layer 1 incoming edges: 1
one of splitted has no income edge:1 0
layer 1 incoming edges: 2
node canot be splitted, beacause reaching the bound!: 64
layer 1 incoming edges: 1
one of splitted has no income edge:0 1
layer 1 incoming edges: 4
node canot be splitted, beacause reaching the bound!: 64
layer 1 incoming edges: 1
one of splitted has no income edge:1 0
layer 1 incoming edges: 3
node canot be splitted, beacause reaching the bound!: 64
layer 1 incoming edges: 1
one of splitted has no income edge:0 1
layer 1 incoming edges: 1
one of splitted has no income edge:0 1
layer 1 incoming edges: 1
one of splitted has no income edge:0 1
layer 1 incoming edges: 1
one of splitted has no income edge:0 1
layer 1 incoming edges: 1
one of splitted has no income edge:1 0
layer 1 incoming edges: 2
node canot be splitted, beacause reaching the bound!: 64
layer 1 incoming edges: 2
one of splitted has no income edge:2 0
layer 1 incoming edges: 1
one of splitted has no income edge:1 0
layer 1 incoming edges: 2
node canot be splitted, beacause reaching the bound!: 64
layer 1 incoming edges: 3
node canot be splitted, beacause reaching the bound!: 64
The bucket size: [25]
the graph width list : [1, 64, 64, 64, 64, 1]
iter= 1 dev 0.2609   test 0.2347   intelligible 0.3034   english 0.2493   gold 0.5000   save acc: 0.3034 time: 2019-11-28T03:03 
iter= 2 dev 0.2687   test 0.2541   intelligible 0.3258   english 0.2683   gold 0.5582   save acc: 0.3258 time: 2019-11-28T03:04 
iter= 3 dev 0.2884   test 0.2696   intelligible 0.3485   english 0.2855   gold 0.5942   save acc: 0.3485 time: 2019-11-28T03:05 
iter= 4 dev 0.2981   test 0.2794   intelligible 0.3591   english 0.2951   gold 0.6284   save acc: 0.3591 time: 2019-11-28T03:06 
iter= 5 dev 0.3026   test 0.2758   intelligible 0.3530   english 0.2903   gold 0.6164   
iter= 6 dev 0.3019   test 0.2921   intelligible 0.3754   english 0.3081   gold 0.6901   save acc: 0.3754 time: 2019-11-28T03:08 
iter= 7 dev 0.3135   test 0.2910   intelligible 0.3754   english 0.3090   gold 0.6404   
iter= 8 dev 0.3064   test 0.2825   intelligible 0.3659   english 0.3007   gold 0.6353   
iter= 9 dev 0.3031   test 0.2884   intelligible 0.3720   english 0.3064   gold 0.6353   
iter= 10 dev 0.3021   test 0.2846   intelligible 0.3674   english 0.3022   gold 0.6438   
iter= 11 dev 0.3064   test 0.2846   intelligible 0.3667   english 0.3025   gold 0.6507   
iter= 12 dev 0.2972   test 0.2856   intelligible 0.3670   english 0.3025   gold 0.6370   
iter= 13 dev 0.3026   test 0.2890   intelligible 0.3708   english 0.3055   gold 0.6455   
iter= 14 dev 0.3045   test 0.2872   intelligible 0.3697   english 0.3055   gold 0.6507   
iter= 15 dev 0.3057   test 0.2903   intelligible 0.3727   english 0.3079   gold 0.6455   
iter= 16 dev 0.3028   test 0.2822   intelligible 0.3636   english 0.2995   gold 0.6421   
iter= 17 dev 0.3043   test 0.2882   intelligible 0.3708   english 0.3064   gold 0.6473   
iter= 18 dev 0.3038   test 0.2872   intelligible 0.3689   english 0.3043   gold 0.6438   
iter= 19 dev 0.3040   test 0.2882   intelligible 0.3712   english 0.3058   gold 0.6438   
iter= 20 dev 0.3050   test 0.2864   intelligible 0.3678   english 0.3034   gold 0.6455   
iter= 21 dev 0.3031   test 0.2861   intelligible 0.3674   english 0.3025   gold 0.6421   
