args Namespace(config='configs/config_l.json', dataset='dataset/IFTTT/msr_data.pkl', load_model=None, mode='train', output='model/ifttt/width-58/', width='58')
configure: {'max_word_id': 4000, 'bidirectional': True, 'cell_type': 'gru', 'decoder': 'attention', 'embedding_size': 160, 'keep_prob': 0.45, 'memory_size': 25, 'num_units': 160, 'use_embedding': True, 'epoches': 15, 'batch_size': 32, 'init': {'name': 'random_uniform_initializer', 'scale': 0.1}, 'lr_scheduler': {'decay_steps': 5000, 'init_lr': 0.002, 'decay_rate': 0.9, 'staircase': True}, 'max_grad_norm': 1, 'optimizer': 'AdamOptimizer'}
# path 8549
model/ifttt/width-58/dataset-w-58.pkl
load raw and dump to file
numArcLayers: 5
1 1 58
layer 1 incoming edges: 111
choose: News & information
split the incoming edges: 111 13 98
the value pair of raw_data is: 492
split the outgoings edges: 443 60 386 446
add node: MDDNode(1,u_6) MDDNode(1,u_7), remove node: MDDNode(1,u_1)
1 2 58
layer 1 incoming edges: 98
choose: Photo & video
split the incoming edges: 98 9 89
the value pair of raw_data is: 492
split the outgoings edges: 386 35 351 386
add node: MDDNode(1,u_8) MDDNode(1,u_9), remove node: MDDNode(1,u_7)
1 3 58
layer 1 incoming edges: 89
choose: Social networks
split the incoming edges: 89 7 82
the value pair of raw_data is: 492
split the outgoings edges: 351 55 296 351
add node: MDDNode(1,u_10) MDDNode(1,u_11), remove node: MDDNode(1,u_9)
1 4 58
layer 1 incoming edges: 82
choose: Others
split the incoming edges: 82 7 75
the value pair of raw_data is: 492
split the outgoings edges: 296 21 280 301
add node: MDDNode(1,u_12) MDDNode(1,u_13), remove node: MDDNode(1,u_11)
1 5 58
layer 1 incoming edges: 75
choose: Shopping
split the incoming edges: 75 6 69
the value pair of raw_data is: 492
split the outgoings edges: 280 23 257 280
add node: MDDNode(1,u_14) MDDNode(1,u_15), remove node: MDDNode(1,u_13)
1 6 58
layer 1 incoming edges: 69
choose: Bookmarking
split the incoming edges: 69 6 63
the value pair of raw_data is: 492
split the outgoings edges: 257 12 245 257
add node: MDDNode(1,u_16) MDDNode(1,u_17), remove node: MDDNode(1,u_15)
1 7 58
layer 1 incoming edges: 63
choose: Security & monitoring systems
split the incoming edges: 63 5 58
the value pair of raw_data is: 492
split the outgoings edges: 245 18 228 246
add node: MDDNode(1,u_18) MDDNode(1,u_19), remove node: MDDNode(1,u_17)
1 8 58
layer 1 incoming edges: 58
choose: Mobile devices & accessories
split the incoming edges: 58 4 54
the value pair of raw_data is: 492
split the outgoings edges: 228 12 216 228
add node: MDDNode(1,u_20) MDDNode(1,u_21), remove node: MDDNode(1,u_19)
1 9 58
layer 1 incoming edges: 54
choose: Health & fitness
split the incoming edges: 54 4 50
the value pair of raw_data is: 492
split the outgoings edges: 216 26 191 217
add node: MDDNode(1,u_22) MDDNode(1,u_23), remove node: MDDNode(1,u_21)
1 10 58
layer 1 incoming edges: 50
choose: Finance & payments
split the incoming edges: 50 4 46
the value pair of raw_data is: 492
split the outgoings edges: 191 17 174 191
add node: MDDNode(1,u_24) MDDNode(1,u_25), remove node: MDDNode(1,u_23)
1 11 58
layer 1 incoming edges: 46
choose: Notifications
split the incoming edges: 46 3 43
the value pair of raw_data is: 492
split the outgoings edges: 174 4 170 174
add node: MDDNode(1,u_26) MDDNode(1,u_27), remove node: MDDNode(1,u_25)
1 12 58
layer 1 incoming edges: 43
choose: Gardening
split the incoming edges: 43 3 40
the value pair of raw_data is: 492
split the outgoings edges: 170 9 161 170
add node: MDDNode(1,u_28) MDDNode(1,u_29), remove node: MDDNode(1,u_27)
1 13 58
layer 1 incoming edges: 40
choose: Blogging
split the incoming edges: 40 3 37
the value pair of raw_data is: 492
split the outgoings edges: 161 13 148 161
add node: MDDNode(1,u_30) MDDNode(1,u_31), remove node: MDDNode(1,u_29)
1 14 58
layer 1 incoming edges: 37
choose: Power monitoring & management
split the incoming edges: 37 3 34
the value pair of raw_data is: 492
split the outgoings edges: 148 11 139 150
add node: MDDNode(1,u_32) MDDNode(1,u_33), remove node: MDDNode(1,u_31)
1 15 58
layer 1 incoming edges: 34
choose: Smart hubs & systems
split the incoming edges: 34 3 31
the value pair of raw_data is: 492
split the outgoings edges: 139 20 125 145
add node: MDDNode(1,u_34) MDDNode(1,u_35), remove node: MDDNode(1,u_33)
1 16 58
layer 1 incoming edges: 31
choose: Weather
split the incoming edges: 31 3 28
the value pair of raw_data is: 492
split the outgoings edges: 125 30 97 127
add node: MDDNode(1,u_36) MDDNode(1,u_37), remove node: MDDNode(1,u_35)
1 17 58
layer 1 incoming edges: 28
choose: Email
split the incoming edges: 28 3 25
the value pair of raw_data is: 492
split the outgoings edges: 97 10 87 97
add node: MDDNode(1,u_38) MDDNode(1,u_39), remove node: MDDNode(1,u_37)
1 18 58
layer 1 incoming edges: 25
choose: Environment control & monitoring
split the incoming edges: 25 3 22
the value pair of raw_data is: 492
split the outgoings edges: 87 9 78 87
add node: MDDNode(1,u_40) MDDNode(1,u_41), remove node: MDDNode(1,u_39)
1 19 58
layer 1 incoming edges: 22
choose: Task management & to-dos
split the incoming edges: 22 2 20
the value pair of raw_data is: 492
split the outgoings edges: 78 11 67 78
add node: MDDNode(1,u_42) MDDNode(1,u_43), remove node: MDDNode(1,u_41)
1 20 58
layer 1 incoming edges: 20
choose: Communication
split the incoming edges: 20 2 18
the value pair of raw_data is: 492
split the outgoings edges: 67 12 55 67
add node: MDDNode(1,u_44) MDDNode(1,u_45), remove node: MDDNode(1,u_43)
1 21 58
layer 1 incoming edges: 18
choose: Appliances
split the incoming edges: 18 2 16
the value pair of raw_data is: 492
split the outgoings edges: 55 2 53 55
add node: MDDNode(1,u_46) MDDNode(1,u_47), remove node: MDDNode(1,u_45)
1 22 58
layer 1 incoming edges: 16
choose: DIY electronics
split the incoming edges: 16 2 14
the value pair of raw_data is: 492
split the outgoings edges: 53 2 51 53
add node: MDDNode(1,u_48) MDDNode(1,u_49), remove node: MDDNode(1,u_47)
1 23 58
layer 1 incoming edges: 14
choose: Contacts
split the incoming edges: 14 2 12
the value pair of raw_data is: 492
split the outgoings edges: 51 3 48 51
add node: MDDNode(1,u_50) MDDNode(1,u_51), remove node: MDDNode(1,u_49)
1 24 58
layer 1 incoming edges: 13
only split: [MDDArc('space', MDDNode(0, 's'), MDDNode(1, 'u_6'))]
split the incoming edges: 13 1 12
the value pair of raw_data is: 492
split the outgoings edges: 60 8 52 60
add node: MDDNode(1,u_52) MDDNode(1,u_53), remove node: MDDNode(1,u_6)
1 25 58
layer 1 incoming edges: 12
choose: Connected car
split the incoming edges: 12 2 10
the value pair of raw_data is: 492
split the outgoings edges: 48 10 38 48
add node: MDDNode(1,u_54) MDDNode(1,u_55), remove node: MDDNode(1,u_51)
1 26 58
layer 1 incoming edges: 12
only split: [MDDArc('sports_illustrated', MDDNode(0, 's'), MDDNode(1, 'u_53'))]
split the incoming edges: 12 1 11
the value pair of raw_data is: 492
split the outgoings edges: 52 2 52 54
add node: MDDNode(1,u_56) MDDNode(1,u_57), remove node: MDDNode(1,u_53)
1 27 58
layer 1 incoming edges: 11
only split: [MDDArc('espn', MDDNode(0, 's'), MDDNode(1, 'u_57'))]
split the incoming edges: 11 1 10
the value pair of raw_data is: 492
split the outgoings edges: 52 6 46 52
add node: MDDNode(1,u_58) MDDNode(1,u_59), remove node: MDDNode(1,u_57)
1 28 58
layer 1 incoming edges: 10
choose: Calendars & scheduling
split the incoming edges: 10 2 8
the value pair of raw_data is: 492
split the outgoings edges: 38 8 30 38
add node: MDDNode(1,u_60) MDDNode(1,u_61), remove node: MDDNode(1,u_55)
1 29 58
layer 1 incoming edges: 10
only split: [MDDArc('ifttt', MDDNode(0, 's'), MDDNode(1, 'u_59'))]
split the incoming edges: 10 1 9
the value pair of raw_data is: 492
split the outgoings edges: 46 11 35 46
add node: MDDNode(1,u_62) MDDNode(1,u_63), remove node: MDDNode(1,u_59)
1 30 58
layer 1 incoming edges: 9
only split: [MDDArc('ios_photos', MDDNode(0, 's'), MDDNode(1, 'u_8'))]
split the incoming edges: 9 1 8
the value pair of raw_data is: 492
split the outgoings edges: 35 6 32 38
add node: MDDNode(1,u_64) MDDNode(1,u_65), remove node: MDDNode(1,u_8)
1 31 58
layer 1 incoming edges: 9
only split: [MDDArc('instyle', MDDNode(0, 's'), MDDNode(1, 'u_63'))]
split the incoming edges: 9 1 8
the value pair of raw_data is: 492
split the outgoings edges: 35 2 35 37
add node: MDDNode(1,u_66) MDDNode(1,u_67), remove node: MDDNode(1,u_63)
1 32 58
layer 1 incoming edges: 8
choose: Lighting
split the incoming edges: 8 1 7
the value pair of raw_data is: 492
split the outgoings edges: 30 3 27 30
add node: MDDNode(1,u_68) MDDNode(1,u_69), remove node: MDDNode(1,u_61)
1 33 58
layer 1 incoming edges: 8
only split: [MDDArc('giphy', MDDNode(0, 's'), MDDNode(1, 'u_65'))]
split the incoming edges: 8 1 7
the value pair of raw_data is: 492
split the outgoings edges: 32 3 29 32
add node: MDDNode(1,u_70) MDDNode(1,u_71), remove node: MDDNode(1,u_65)
1 34 58
layer 1 incoming edges: 8
only split: [MDDArc('the_new_york_times', MDDNode(0, 's'), MDDNode(1, 'u_67'))]
split the incoming edges: 8 1 7
the value pair of raw_data is: 492
split the outgoings edges: 35 8 27 35
add node: MDDNode(1,u_72) MDDNode(1,u_73), remove node: MDDNode(1,u_67)
1 35 58
layer 1 incoming edges: 7
only split: [MDDArc('twitter', MDDNode(0, 's'), MDDNode(1, 'u_10'))]
split the incoming edges: 7 1 6
the value pair of raw_data is: 492
split the outgoings edges: 55 10 45 55
add node: MDDNode(1,u_74) MDDNode(1,u_75), remove node: MDDNode(1,u_10)
1 36 58
layer 1 incoming edges: 7
only split: [MDDArc('up_by_jawbone', MDDNode(0, 's'), MDDNode(1, 'u_12'))]
split the incoming edges: 7 1 6
the value pair of raw_data is: 492
split the outgoings edges: 21 13 8 21
add node: MDDNode(1,u_76) MDDNode(1,u_77), remove node: MDDNode(1,u_12)
1 37 58
layer 1 incoming edges: 7
choose: Journaling & personal data
split the incoming edges: 7 1 6
the value pair of raw_data is: 492
split the outgoings edges: 27 3 24 27
add node: MDDNode(1,u_78) MDDNode(1,u_79), remove node: MDDNode(1,u_69)
1 38 58
layer 1 incoming edges: 7
only split: [MDDArc('android_photos', MDDNode(0, 's'), MDDNode(1, 'u_71'))]
split the incoming edges: 7 1 6
the value pair of raw_data is: 492
split the outgoings edges: 29 3 26 29
add node: MDDNode(1,u_80) MDDNode(1,u_81), remove node: MDDNode(1,u_71)
1 39 58
layer 1 incoming edges: 7
only split: [MDDArc('appzapp', MDDNode(0, 's'), MDDNode(1, 'u_73'))]
split the incoming edges: 7 1 6
the value pair of raw_data is: 492
split the outgoings edges: 27 6 21 27
add node: MDDNode(1,u_82) MDDNode(1,u_83), remove node: MDDNode(1,u_73)
1 40 58
layer 1 incoming edges: 6
only split: [MDDArc('boxoh_package_tracking', MDDNode(0, 's'), MDDNode(1, 'u_14'))]
split the incoming edges: 6 1 5
the value pair of raw_data is: 492
split the outgoings edges: 23 1 22 23
add node: MDDNode(1,u_84) MDDNode(1,u_85), remove node: MDDNode(1,u_14)
1 41 58
layer 1 incoming edges: 6
only split: [MDDArc('instapaper', MDDNode(0, 's'), MDDNode(1, 'u_16'))]
split the incoming edges: 6 1 5
the value pair of raw_data is: 492
split the outgoings edges: 12 5 7 12
add node: MDDNode(1,u_86) MDDNode(1,u_87), remove node: MDDNode(1,u_16)
1 42 58
layer 1 incoming edges: 6
only split: [MDDArc('foursquare', MDDNode(0, 's'), MDDNode(1, 'u_75'))]
split the incoming edges: 6 1 5
the value pair of raw_data is: 492
split the outgoings edges: 45 7 38 45
add node: MDDNode(1,u_88) MDDNode(1,u_89), remove node: MDDNode(1,u_75)
1 43 58
layer 1 incoming edges: 6
only split: [MDDArc('entertainment_weekly', MDDNode(0, 's'), MDDNode(1, 'u_77'))]
split the incoming edges: 6 1 5
the value pair of raw_data is: 492
split the outgoings edges: 8 2 6 8
add node: MDDNode(1,u_90) MDDNode(1,u_91), remove node: MDDNode(1,u_77)
1 44 58
layer 1 incoming edges: 6
choose: Developer tools
split the incoming edges: 6 1 5
the value pair of raw_data is: 492
split the outgoings edges: 24 5 19 24
add node: MDDNode(1,u_92) MDDNode(1,u_93), remove node: MDDNode(1,u_79)
1 45 58
layer 1 incoming edges: 6
only split: [MDDArc('dailymotion', MDDNode(0, 's'), MDDNode(1, 'u_81'))]
split the incoming edges: 6 1 5
the value pair of raw_data is: 492
split the outgoings edges: 26 3 24 27
add node: MDDNode(1,u_94) MDDNode(1,u_95), remove node: MDDNode(1,u_81)
1 46 58
layer 1 incoming edges: 6
only split: [MDDArc('time', MDDNode(0, 's'), MDDNode(1, 'u_83'))]
split the incoming edges: 6 1 5
the value pair of raw_data is: 492
split the outgoings edges: 21 2 19 21
add node: MDDNode(1,u_96) MDDNode(1,u_97), remove node: MDDNode(1,u_83)
1 47 58
layer 1 incoming edges: 5
only split: [MDDArc('myfox_homecontrol', MDDNode(0, 's'), MDDNode(1, 'u_18'))]
split the incoming edges: 5 1 4
the value pair of raw_data is: 492
split the outgoings edges: 18 5 13 18
add node: MDDNode(1,u_98) MDDNode(1,u_99), remove node: MDDNode(1,u_18)
1 48 58
layer 1 incoming edges: 5
only split: [MDDArc('trackif', MDDNode(0, 's'), MDDNode(1, 'u_85'))]
split the incoming edges: 5 1 4
the value pair of raw_data is: 492
split the outgoings edges: 22 6 16 22
add node: MDDNode(1,u_100) MDDNode(1,u_101), remove node: MDDNode(1,u_85)
1 49 58
layer 1 incoming edges: 5
only split: [MDDArc('pinboard', MDDNode(0, 's'), MDDNode(1, 'u_87'))]
split the incoming edges: 5 1 4
the value pair of raw_data is: 492
split the outgoings edges: 7 2 7 9
add node: MDDNode(1,u_102) MDDNode(1,u_103), remove node: MDDNode(1,u_87)
1 50 58
layer 1 incoming edges: 5
only split: [MDDArc('reddit', MDDNode(0, 's'), MDDNode(1, 'u_89'))]
split the incoming edges: 5 1 4
the value pair of raw_data is: 492
split the outgoings edges: 38 9 30 39
add node: MDDNode(1,u_104) MDDNode(1,u_105), remove node: MDDNode(1,u_89)
1 51 58
layer 1 incoming edges: 5
only split: [MDDArc('yo', MDDNode(0, 's'), MDDNode(1, 'u_91'))]
split the incoming edges: 5 1 4
the value pair of raw_data is: 492
split the outgoings edges: 6 1 5 6
add node: MDDNode(1,u_106) MDDNode(1,u_107), remove node: MDDNode(1,u_91)
1 52 58
layer 1 incoming edges: 5
choose: Business tools
split the incoming edges: 5 1 4
the value pair of raw_data is: 492
split the outgoings edges: 19 2 17 19
add node: MDDNode(1,u_108) MDDNode(1,u_109), remove node: MDDNode(1,u_93)
1 53 58
layer 1 incoming edges: 5
only split: [MDDArc('500px', MDDNode(0, 's'), MDDNode(1, 'u_95'))]
split the incoming edges: 5 1 4
the value pair of raw_data is: 492
split the outgoings edges: 24 6 18 24
add node: MDDNode(1,u_110) MDDNode(1,u_111), remove node: MDDNode(1,u_95)
1 54 58
layer 1 incoming edges: 5
only split: [MDDArc('digg', MDDNode(0, 's'), MDDNode(1, 'u_97'))]
split the incoming edges: 5 1 4
the value pair of raw_data is: 492
split the outgoings edges: 19 8 11 19
add node: MDDNode(1,u_112) MDDNode(1,u_113), remove node: MDDNode(1,u_97)
1 55 58
layer 1 incoming edges: 4
only split: [MDDArc('ios_reminders', MDDNode(0, 's'), MDDNode(1, 'u_20'))]
split the incoming edges: 4 1 3
the value pair of raw_data is: 492
split the outgoings edges: 12 4 8 12
add node: MDDNode(1,u_114) MDDNode(1,u_115), remove node: MDDNode(1,u_20)
1 56 58
layer 1 incoming edges: 4
only split: [MDDArc('misfit', MDDNode(0, 's'), MDDNode(1, 'u_22'))]
split the incoming edges: 4 1 3
the value pair of raw_data is: 492
split the outgoings edges: 26 5 25 30
add node: MDDNode(1,u_116) MDDNode(1,u_117), remove node: MDDNode(1,u_22)
1 57 58
layer 1 incoming edges: 4
only split: [MDDArc('stocks', MDDNode(0, 's'), MDDNode(1, 'u_24'))]
split the incoming edges: 4 1 3
the value pair of raw_data is: 492
split the outgoings edges: 17 6 11 17
add node: MDDNode(1,u_118) MDDNode(1,u_119), remove node: MDDNode(1,u_24)
dump to the pickle
the graph width list : [1, 58, 1, 1, 1, 1]
it 1 train 0.3379   train_h 0.1655   train_v 0.9345   dev 0.2919   dev_h 0.1770   dev_v 0.9267   new_test 0.3506   new_test_h 0.1624   new_test_v 0.9280   save acc: 0.3506 T: 2020-01-10T11:04 
it 2 train 0.4252   train_h 0.1437   train_v 0.9433   dev 0.3426   dev_h 0.1644   dev_v 0.9412   new_test 0.4488   new_test_h 0.1378   new_test_v 0.9559   save acc: 0.4488 T: 2020-01-10T11:07 
it 3 train 0.4761   train_h 0.1310   train_v 0.9477   dev 0.3385   dev_h 0.1654   dev_v 0.9308   new_test 0.4610   new_test_h 0.1348   new_test_v 0.9462   
it 4 train 0.5155   train_h 0.1211   train_v 0.9485   dev 0.3469   dev_h 0.1633   dev_v 0.9303   new_test 0.4626   new_test_h 0.1344   new_test_v 0.9495   save acc: 0.4626 T: 2020-01-10T11:13 
it 5 train 0.5447   train_h 0.1138   train_v 0.9509   dev 0.3527   dev_h 0.1618   dev_v 0.9253   new_test 0.4642   new_test_h 0.1339   new_test_v 0.9579   save acc: 0.4642 T: 2020-01-10T11:16 
it 6 train 0.5700   train_h 0.1075   train_v 0.9541   dev 0.3493   dev_h 0.1627   dev_v 0.9335   new_test 0.4561   new_test_h 0.1360   new_test_v 0.9503   
it 7 train 0.5871   train_h 0.1032   train_v 0.9563   dev 0.3539   dev_h 0.1615   dev_v 0.9342   new_test 0.4630   new_test_h 0.1342   new_test_v 0.9519   save acc: 0.4630 T: 2020-01-10T11:22 
it 8 train 0.6033   train_h 0.0992   train_v 0.9569   dev 0.3474   dev_h 0.1632   dev_v 0.9303   new_test 0.4654   new_test_h 0.1336   new_test_v 0.9499   
it 9 train 0.6167   train_h 0.0958   train_v 0.9586   dev 0.3479   dev_h 0.1630   dev_v 0.9286   new_test 0.4610   new_test_h 0.1348   new_test_v 0.9503   
it 10 train 0.6255   train_h 0.0936   train_v 0.9606   dev 0.3467   dev_h 0.1633   dev_v 0.9318   new_test 0.4622   new_test_h 0.1345   new_test_v 0.9458   
it 11 train 0.6337   train_h 0.0916   train_v 0.9600   dev 0.3476   dev_h 0.1631   dev_v 0.9286   new_test 0.4569   new_test_h 0.1358   new_test_v 0.9486   
it 12 train 0.6401   train_h 0.0900   train_v 0.9620   dev 0.3435   dev_h 0.1641   dev_v 0.9284   new_test 0.4590   new_test_h 0.1353   new_test_v 0.9495   
it 13 train 0.6443   train_h 0.0889   train_v 0.9617   dev 0.3467   dev_h 0.1633   dev_v 0.9284   new_test 0.4626   new_test_h 0.1344   new_test_v 0.9523   
it 14 train 0.6473   train_h 0.0882   train_v 0.9617   dev 0.3462   dev_h 0.1635   dev_v 0.9270   new_test 0.4606   new_test_h 0.1349   new_test_v 0.9495   
it 15 train 0.6513   train_h 0.0872   train_v 0.9629   dev 0.3462   dev_h 0.1635   dev_v 0.9284   new_test 0.4626   new_test_h 0.1344   new_test_v 0.9486   
it 16 train 0.6535   train_h 0.0866   train_v 0.9621   dev 0.3450   dev_h 0.1638   dev_v 0.9270   new_test 0.4565   new_test_h 0.1359   new_test_v 0.9470   
