args Namespace(config='configs/config_l.json', dataset='dataset/IFTTT/msr_data.pkl', load_model=None, mode='train', output='model/ifttt/width-80/', width='80')
configure: {'max_word_id': 3782, 'bidirectional': True, 'cell_type': 'lstm', 'decoder': 'attention', 'embedding_size': 100, 'keep_prob': 0.75, 'memory_size': 100, 'num_units': 100, 'use_embedding': True, 'epoches': 12, 'batch_size': 20, 'init': {'name': 'random_uniform_initializer', 'scale': 0.1}, 'lr_scheduler': {'decay_steps': 5000, 'init_lr': 0.02, 'decay_rate': 0.9, 'staircase': True}, 'max_grad_norm': 1, 'optimizer': 'AdamOptimizer'}
# path 8549
model/ifttt/width-80/dataset-w-80.pkl
load raw and dump to file
numArcLayers: 5
layer:1, node:MDDNode(1,u_1), in=111, out=443
choose: News & information
split in: 111 -> (98,13)
split out: 443 -> (386,60,446)
add: MDDNode(1,u-6) MDDNode(1,u-7), del:MDDNode(1,u_1)
2 (13,60) (98,386) 
layer:1, node:MDDNode(1,u-7), in=98, out=386
choose: Photo & video
split in: 98 -> (89,9)
split out: 386 -> (351,35,386)
add: MDDNode(1,u-8) MDDNode(1,u-9), del:MDDNode(1,u-7)
3 (13,60) (9,35) (89,351) 
layer:1, node:MDDNode(1,u-9), in=89, out=351
choose: Social networks
split in: 89 -> (82,7)
split out: 351 -> (296,55,351)
add: MDDNode(1,u-10) MDDNode(1,u-11), del:MDDNode(1,u-9)
4 (13,60) (9,35) (7,55) (82,296) 
layer:1, node:MDDNode(1,u-11), in=82, out=296
choose: Others
split in: 82 -> (75,7)
split out: 296 -> (280,21,301)
add: MDDNode(1,u-12) MDDNode(1,u-13), del:MDDNode(1,u-11)
5 (13,60) (9,35) (7,55) (7,21) (75,280) 
layer:1, node:MDDNode(1,u-13), in=75, out=280
choose: Shopping
split in: 75 -> (69,6)
split out: 280 -> (257,23,280)
add: MDDNode(1,u-14) MDDNode(1,u-15), del:MDDNode(1,u-13)
6 (13,60) (9,35) (7,55) (7,21) (6,23) (69,257) 
layer:1, node:MDDNode(1,u-15), in=69, out=257
choose: Bookmarking
split in: 69 -> (63,6)
split out: 257 -> (245,12,257)
add: MDDNode(1,u-16) MDDNode(1,u-17), del:MDDNode(1,u-15)
7 (13,60) (9,35) (7,55) (7,21) (6,23) (6,12) (63,245) 
layer:1, node:MDDNode(1,u-17), in=63, out=245
choose: Security & monitoring systems
split in: 63 -> (58,5)
split out: 245 -> (228,18,246)
add: MDDNode(1,u-18) MDDNode(1,u-19), del:MDDNode(1,u-17)
8 (13,60) (9,35) (7,55) (7,21) (6,23) (6,12) (5,18) (58,228) 
layer:1, node:MDDNode(1,u-19), in=58, out=228
choose: Finance & payments
split in: 58 -> (54,4)
split out: 228 -> (211,17,228)
add: MDDNode(1,u-20) MDDNode(1,u-21), del:MDDNode(1,u-19)
9 (13,60) (9,35) (7,55) (7,21) (6,23) (6,12) (5,18) (4,17) (54,211) 
layer:1, node:MDDNode(1,u-21), in=54, out=211
choose: Mobile devices & accessories
split in: 54 -> (50,4)
split out: 211 -> (199,12,211)
add: MDDNode(1,u-22) MDDNode(1,u-23), del:MDDNode(1,u-21)
10 (13,60) (9,35) (7,55) (7,21) (6,23) (6,12) (5,18) (4,17) (4,12) (50,199) 
layer:1, node:MDDNode(1,u-23), in=50, out=199
choose: Health & fitness
split in: 50 -> (46,4)
split out: 199 -> (174,26,200)
add: MDDNode(1,u-24) MDDNode(1,u-25), del:MDDNode(1,u-23)
11 (13,60) (9,35) (7,55) (7,21) (6,23) (6,12) (5,18) (4,17) (4,12) (4,26) (46,174) 
layer:1, node:MDDNode(1,u-25), in=46, out=174
choose: Communication
split in: 46 -> (43,3)
split out: 174 -> (161,13,174)
add: MDDNode(1,u-26) MDDNode(1,u-27), del:MDDNode(1,u-25)
12 (13,60) (9,35) (7,55) (7,21) (6,23) (6,12) (5,18) (4,17) (4,12) (4,26) (3,13) (43,161) 
layer:1, node:MDDNode(1,u-27), in=43, out=161
choose: Blogging
split in: 43 -> (40,3)
split out: 161 -> (148,13,161)
add: MDDNode(1,u-28) MDDNode(1,u-29), del:MDDNode(1,u-27)
13 (13,60) (9,35) (7,55) (7,21) (6,23) (6,12) (5,18) (4,17) (4,12) (4,26) (3,13) (3,13) (40,148) 
layer:1, node:MDDNode(1,u-29), in=40, out=148
choose: Power monitoring & management
split in: 40 -> (37,3)
split out: 148 -> (139,11,150)
add: MDDNode(1,u-30) MDDNode(1,u-31), del:MDDNode(1,u-29)
14 (13,60) (9,35) (7,55) (7,21) (6,23) (6,12) (5,18) (4,17) (4,12) (4,26) (3,13) (3,13) (3,11) (37,139) 
layer:1, node:MDDNode(1,u-31), in=37, out=139
choose: Weather
split in: 37 -> (34,3)
split out: 139 -> (113,30,143)
add: MDDNode(1,u-32) MDDNode(1,u-33), del:MDDNode(1,u-31)
15 (13,60) (9,35) (7,55) (7,21) (6,23) (6,12) (5,18) (4,17) (4,12) (4,26) (3,13) (3,13) (3,11) (3,30) (34,113) 
layer:1, node:MDDNode(1,u-33), in=34, out=113
choose: Gardening
split in: 34 -> (31,3)
split out: 113 -> (104,9,113)
add: MDDNode(1,u-34) MDDNode(1,u-35), del:MDDNode(1,u-33)
16 (13,60) (9,35) (7,55) (7,21) (6,23) (6,12) (5,18) (4,17) (4,12) (4,26) (3,13) (3,13) (3,11) (3,30) (3,9) (31,104) 
layer:1, node:MDDNode(1,u-35), in=31, out=104
choose: Email
split in: 31 -> (28,3)
split out: 104 -> (94,10,104)
add: MDDNode(1,u-36) MDDNode(1,u-37), del:MDDNode(1,u-35)
17 (13,60) (9,35) (7,55) (7,21) (6,23) (6,12) (5,18) (4,17) (4,12) (4,26) (3,13) (3,13) (3,11) (3,30) (3,9) (3,10) (28,94) 
layer:1, node:MDDNode(1,u-37), in=28, out=94
choose: Environment control & monitoring
split in: 28 -> (25,3)
split out: 94 -> (87,9,96)
add: MDDNode(1,u-38) MDDNode(1,u-39), del:MDDNode(1,u-37)
18 (13,60) (9,35) (7,55) (7,21) (6,23) (6,12) (5,18) (4,17) (4,12) (4,26) (3,13) (3,13) (3,11) (3,30) (3,9) (3,10) (3,9) (25,87) 
layer:1, node:MDDNode(1,u-39), in=25, out=87
choose: Smart hubs & systems
split in: 25 -> (22,3)
split out: 87 -> (69,20,89)
add: MDDNode(1,u-40) MDDNode(1,u-41), del:MDDNode(1,u-39)
19 (13,60) (9,35) (7,55) (7,21) (6,23) (6,12) (5,18) (4,17) (4,12) (4,26) (3,13) (3,13) (3,11) (3,30) (3,9) (3,10) (3,9) (3,20) (22,69) 
layer:1, node:MDDNode(1,u-41), in=22, out=69
choose: Appliances
split in: 22 -> (20,2)
split out: 69 -> (67,2,69)
add: MDDNode(1,u-42) MDDNode(1,u-43), del:MDDNode(1,u-41)
20 (13,60) (9,35) (7,55) (7,21) (6,23) (6,12) (5,18) (4,17) (4,12) (4,26) (3,13) (3,13) (3,11) (3,30) (3,9) (3,10) (3,9) (3,20) (2,2) (20,67) 
layer:1, node:MDDNode(1,u-43), in=20, out=67
choose: Connected car
split in: 20 -> (18,2)
split out: 67 -> (57,10,67)
add: MDDNode(1,u-44) MDDNode(1,u-45), del:MDDNode(1,u-43)
21 (13,60) (9,35) (7,55) (7,21) (6,23) (6,12) (5,18) (4,17) (4,12) (4,26) (3,13) (3,13) (3,11) (3,30) (3,9) (3,10) (3,9) (3,20) (2,2) (2,10) (18,57) 
layer:1, node:MDDNode(1,u-45), in=18, out=57
choose: Notifications
split in: 18 -> (16,2)
split out: 57 -> (54,3,57)
add: MDDNode(1,u-46) MDDNode(1,u-47), del:MDDNode(1,u-45)
22 (13,60) (9,35) (7,55) (7,21) (6,23) (6,12) (5,18) (4,17) (4,12) (4,26) (3,13) (3,13) (3,11) (3,30) (3,9) (3,10) (3,9) (3,20) (2,2) (2,10) (2,3) (16,54) 
layer:1, node:MDDNode(1,u-47), in=16, out=54
choose: Contacts
split in: 16 -> (14,2)
split out: 54 -> (51,3,54)
add: MDDNode(1,u-48) MDDNode(1,u-49), del:MDDNode(1,u-47)
23 (13,60) (9,35) (7,55) (7,21) (6,23) (6,12) (5,18) (4,17) (4,12) (4,26) (3,13) (3,13) (3,11) (3,30) (3,9) (3,10) (3,9) (3,20) (2,2) (2,10) (2,3) (2,3) (14,51) 
layer:1, node:MDDNode(1,u-49), in=14, out=51
choose: Calendars & scheduling
split in: 14 -> (12,2)
split out: 51 -> (43,8,51)
add: MDDNode(1,u-50) MDDNode(1,u-51), del:MDDNode(1,u-49)
24 (13,60) (9,35) (7,55) (7,21) (6,23) (6,12) (5,18) (4,17) (4,12) (4,26) (3,13) (3,13) (3,11) (3,30) (3,9) (3,10) (3,9) (3,20) (2,2) (2,10) (2,3) (2,3) (2,8) (12,43) 
layer:1, node:MDDNode(1,u-6), in=13, out=60
split in: 13 -> (12,1)
split out: 60 -> (52,8,60)
add: MDDNode(1,u-52) MDDNode(1,u-53), del:MDDNode(1,u-6)
25 (9,35) (7,55) (7,21) (6,23) (6,12) (5,18) (4,17) (4,12) (4,26) (3,13) (3,13) (3,11) (3,30) (3,9) (3,10) (3,9) (3,20) (2,2) (2,10) (2,3) (2,3) (2,8) (12,43) (1,8) (12,52) 
layer:1, node:MDDNode(1,u-51), in=12, out=43
choose: Task management & to-dos
split in: 12 -> (10,2)
split out: 43 -> (32,11,43)
add: MDDNode(1,u-54) MDDNode(1,u-55), del:MDDNode(1,u-51)
26 (9,35) (7,55) (7,21) (6,23) (6,12) (5,18) (4,17) (4,12) (4,26) (3,13) (3,13) (3,11) (3,30) (3,9) (3,10) (3,9) (3,20) (2,2) (2,10) (2,3) (2,3) (2,8) (1,8) (12,52) (2,11) (10,32) 
layer:1, node:MDDNode(1,u-53), in=12, out=52
split in: 12 -> (11,1)
split out: 52 -> (50,2,52)
add: MDDNode(1,u-56) MDDNode(1,u-57), del:MDDNode(1,u-53)
27 (9,35) (7,55) (7,21) (6,23) (6,12) (5,18) (4,17) (4,12) (4,26) (3,13) (3,13) (3,11) (3,30) (3,9) (3,10) (3,9) (3,20) (2,2) (2,10) (2,3) (2,3) (2,8) (1,8) (2,11) (10,32) (1,2) (11,50) 
layer:1, node:MDDNode(1,u-57), in=11, out=50
split in: 11 -> (10,1)
split out: 50 -> (49,1,50)
add: MDDNode(1,u-58) MDDNode(1,u-59), del:MDDNode(1,u-57)
28 (9,35) (7,55) (7,21) (6,23) (6,12) (5,18) (4,17) (4,12) (4,26) (3,13) (3,13) (3,11) (3,30) (3,9) (3,10) (3,9) (3,20) (2,2) (2,10) (2,3) (2,3) (2,8) (1,8) (2,11) (10,32) (1,2) (1,1) (10,49) 
layer:1, node:MDDNode(1,u-55), in=10, out=32
choose: DIY electronics
split in: 10 -> (8,2)
split out: 32 -> (30,2,32)
add: MDDNode(1,u-60) MDDNode(1,u-61), del:MDDNode(1,u-55)
29 (9,35) (7,55) (7,21) (6,23) (6,12) (5,18) (4,17) (4,12) (4,26) (3,13) (3,13) (3,11) (3,30) (3,9) (3,10) (3,9) (3,20) (2,2) (2,10) (2,3) (2,3) (2,8) (1,8) (2,11) (1,2) (1,1) (10,49) (2,2) (8,30) 
layer:1, node:MDDNode(1,u-59), in=10, out=49
split in: 10 -> (9,1)
split out: 49 -> (43,6,49)
add: MDDNode(1,u-62) MDDNode(1,u-63), del:MDDNode(1,u-59)
30 (9,35) (7,55) (7,21) (6,23) (6,12) (5,18) (4,17) (4,12) (4,26) (3,13) (3,13) (3,11) (3,30) (3,9) (3,10) (3,9) (3,20) (2,2) (2,10) (2,3) (2,3) (2,8) (1,8) (2,11) (1,2) (1,1) (2,2) (8,30) (1,6) (9,43) 
layer:1, node:MDDNode(1,u-8), in=9, out=35
split in: 9 -> (8,1)
split out: 35 -> (29,6,35)
add: MDDNode(1,u-64) MDDNode(1,u-65), del:MDDNode(1,u-8)
31 (7,55) (7,21) (6,23) (6,12) (5,18) (4,17) (4,12) (4,26) (3,13) (3,13) (3,11) (3,30) (3,9) (3,10) (3,9) (3,20) (2,2) (2,10) (2,3) (2,3) (2,8) (1,8) (2,11) (1,2) (1,1) (2,2) (8,30) (1,6) (9,43) (1,6) (8,29) 
layer:1, node:MDDNode(1,u-63), in=9, out=43
split in: 9 -> (8,1)
split out: 43 -> (43,2,45)
add: MDDNode(1,u-66) MDDNode(1,u-67), del:MDDNode(1,u-63)
32 (7,55) (7,21) (6,23) (6,12) (5,18) (4,17) (4,12) (4,26) (3,13) (3,13) (3,11) (3,30) (3,9) (3,10) (3,9) (3,20) (2,2) (2,10) (2,3) (2,3) (2,8) (1,8) (2,11) (1,2) (1,1) (2,2) (8,30) (1,6) (1,6) (8,29) (1,2) (8,43) 
layer:1, node:MDDNode(1,u-61), in=8, out=30
choose: Music
split in: 8 -> (7,1)
split out: 30 -> (26,4,30)
add: MDDNode(1,u-68) MDDNode(1,u-69), del:MDDNode(1,u-61)
33 (7,55) (7,21) (6,23) (6,12) (5,18) (4,17) (4,12) (4,26) (3,13) (3,13) (3,11) (3,30) (3,9) (3,10) (3,9) (3,20) (2,2) (2,10) (2,3) (2,3) (2,8) (1,8) (2,11) (1,2) (1,1) (2,2) (1,6) (1,6) (8,29) (1,2) (8,43) (1,4) (7,26) 
layer:1, node:MDDNode(1,u-65), in=8, out=29
split in: 8 -> (7,1)
split out: 29 -> (27,3,30)
add: MDDNode(1,u-70) MDDNode(1,u-71), del:MDDNode(1,u-65)
34 (7,55) (7,21) (6,23) (6,12) (5,18) (4,17) (4,12) (4,26) (3,13) (3,13) (3,11) (3,30) (3,9) (3,10) (3,9) (3,20) (2,2) (2,10) (2,3) (2,3) (2,8) (1,8) (2,11) (1,2) (1,1) (2,2) (1,6) (1,6) (1,2) (8,43) (1,4) (7,26) (1,3) (7,27) 
layer:1, node:MDDNode(1,u-67), in=8, out=43
split in: 8 -> (7,1)
split out: 43 -> (35,8,43)
add: MDDNode(1,u-72) MDDNode(1,u-73), del:MDDNode(1,u-67)
35 (7,55) (7,21) (6,23) (6,12) (5,18) (4,17) (4,12) (4,26) (3,13) (3,13) (3,11) (3,30) (3,9) (3,10) (3,9) (3,20) (2,2) (2,10) (2,3) (2,3) (2,8) (1,8) (2,11) (1,2) (1,1) (2,2) (1,6) (1,6) (1,2) (1,4) (7,26) (1,3) (7,27) (1,8) (7,35) 
layer:1, node:MDDNode(1,u-10), in=7, out=55
split in: 7 -> (6,1)
split out: 55 -> (48,7,55)
add: MDDNode(1,u-74) MDDNode(1,u-75), del:MDDNode(1,u-10)
36 (7,21) (6,23) (6,12) (5,18) (4,17) (4,12) (4,26) (3,13) (3,13) (3,11) (3,30) (3,9) (3,10) (3,9) (3,20) (2,2) (2,10) (2,3) (2,3) (2,8) (1,8) (2,11) (1,2) (1,1) (2,2) (1,6) (1,6) (1,2) (1,4) (7,26) (1,3) (7,27) (1,8) (7,35) (1,7) (6,48) 
layer:1, node:MDDNode(1,u-12), in=7, out=21
split in: 7 -> (6,1)
split out: 21 -> (20,1,21)
add: MDDNode(1,u-76) MDDNode(1,u-77), del:MDDNode(1,u-12)
37 (6,23) (6,12) (5,18) (4,17) (4,12) (4,26) (3,13) (3,13) (3,11) (3,30) (3,9) (3,10) (3,9) (3,20) (2,2) (2,10) (2,3) (2,3) (2,8) (1,8) (2,11) (1,2) (1,1) (2,2) (1,6) (1,6) (1,2) (1,4) (7,26) (1,3) (7,27) (1,8) (7,35) (1,7) (6,48) (1,1) (6,20) 
layer:1, node:MDDNode(1,u-69), in=7, out=26
choose: Business tools
split in: 7 -> (6,1)
split out: 26 -> (24,2,26)
add: MDDNode(1,u-78) MDDNode(1,u-79), del:MDDNode(1,u-69)
38 (6,23) (6,12) (5,18) (4,17) (4,12) (4,26) (3,13) (3,13) (3,11) (3,30) (3,9) (3,10) (3,9) (3,20) (2,2) (2,10) (2,3) (2,3) (2,8) (1,8) (2,11) (1,2) (1,1) (2,2) (1,6) (1,6) (1,2) (1,4) (1,3) (7,27) (1,8) (7,35) (1,7) (6,48) (1,1) (6,20) (1,2) (6,24) 
layer:1, node:MDDNode(1,u-71), in=7, out=27
split in: 7 -> (6,1)
split out: 27 -> (22,5,27)
add: MDDNode(1,u-80) MDDNode(1,u-81), del:MDDNode(1,u-71)
39 (6,23) (6,12) (5,18) (4,17) (4,12) (4,26) (3,13) (3,13) (3,11) (3,30) (3,9) (3,10) (3,9) (3,20) (2,2) (2,10) (2,3) (2,3) (2,8) (1,8) (2,11) (1,2) (1,1) (2,2) (1,6) (1,6) (1,2) (1,4) (1,3) (1,8) (7,35) (1,7) (6,48) (1,1) (6,20) (1,2) (6,24) (1,5) (6,22) 
layer:1, node:MDDNode(1,u-73), in=7, out=35
split in: 7 -> (6,1)
split out: 35 -> (31,4,35)
add: MDDNode(1,u-82) MDDNode(1,u-83), del:MDDNode(1,u-73)
40 (6,23) (6,12) (5,18) (4,17) (4,12) (4,26) (3,13) (3,13) (3,11) (3,30) (3,9) (3,10) (3,9) (3,20) (2,2) (2,10) (2,3) (2,3) (2,8) (1,8) (2,11) (1,2) (1,1) (2,2) (1,6) (1,6) (1,2) (1,4) (1,3) (1,8) (1,7) (6,48) (1,1) (6,20) (1,2) (6,24) (1,5) (6,22) (1,4) (6,31) 
layer:1, node:MDDNode(1,u-14), in=6, out=23
split in: 6 -> (5,1)
split out: 23 -> (22,1,23)
add: MDDNode(1,u-84) MDDNode(1,u-85), del:MDDNode(1,u-14)
41 (6,12) (5,18) (4,17) (4,12) (4,26) (3,13) (3,13) (3,11) (3,30) (3,9) (3,10) (3,9) (3,20) (2,2) (2,10) (2,3) (2,3) (2,8) (1,8) (2,11) (1,2) (1,1) (2,2) (1,6) (1,6) (1,2) (1,4) (1,3) (1,8) (1,7) (6,48) (1,1) (6,20) (1,2) (6,24) (1,5) (6,22) (1,4) (6,31) (1,1) (5,22) 
layer:1, node:MDDNode(1,u-16), in=6, out=12
split in: 6 -> (5,1)
split out: 12 -> (12,2,14)
add: MDDNode(1,u-86) MDDNode(1,u-87), del:MDDNode(1,u-16)
42 (5,18) (4,17) (4,12) (4,26) (3,13) (3,13) (3,11) (3,30) (3,9) (3,10) (3,9) (3,20) (2,2) (2,10) (2,3) (2,3) (2,8) (1,8) (2,11) (1,2) (1,1) (2,2) (1,6) (1,6) (1,2) (1,4) (1,3) (1,8) (1,7) (6,48) (1,1) (6,20) (1,2) (6,24) (1,5) (6,22) (1,4) (6,31) (1,1) (5,22) (1,2) (5,12) 
layer:1, node:MDDNode(1,u-75), in=6, out=48
split in: 6 -> (5,1)
split out: 48 -> (42,6,48)
add: MDDNode(1,u-88) MDDNode(1,u-89), del:MDDNode(1,u-75)
43 (5,18) (4,17) (4,12) (4,26) (3,13) (3,13) (3,11) (3,30) (3,9) (3,10) (3,9) (3,20) (2,2) (2,10) (2,3) (2,3) (2,8) (1,8) (2,11) (1,2) (1,1) (2,2) (1,6) (1,6) (1,2) (1,4) (1,3) (1,8) (1,7) (1,1) (6,20) (1,2) (6,24) (1,5) (6,22) (1,4) (6,31) (1,1) (5,22) (1,2) (5,12) (1,6) (5,42) 
layer:1, node:MDDNode(1,u-77), in=6, out=20
split in: 6 -> (5,1)
split out: 20 -> (18,2,20)
add: MDDNode(1,u-90) MDDNode(1,u-91), del:MDDNode(1,u-77)
44 (5,18) (4,17) (4,12) (4,26) (3,13) (3,13) (3,11) (3,30) (3,9) (3,10) (3,9) (3,20) (2,2) (2,10) (2,3) (2,3) (2,8) (1,8) (2,11) (1,2) (1,1) (2,2) (1,6) (1,6) (1,2) (1,4) (1,3) (1,8) (1,7) (1,1) (1,2) (6,24) (1,5) (6,22) (1,4) (6,31) (1,1) (5,22) (1,2) (5,12) (1,6) (5,42) (1,2) (5,18) 
layer:1, node:MDDNode(1,u-79), in=6, out=24
choose: Pet trackers
split in: 6 -> (5,1)
split out: 24 -> (16,8,24)
add: MDDNode(1,u-92) MDDNode(1,u-93), del:MDDNode(1,u-79)
45 (5,18) (4,17) (4,12) (4,26) (3,13) (3,13) (3,11) (3,30) (3,9) (3,10) (3,9) (3,20) (2,2) (2,10) (2,3) (2,3) (2,8) (1,8) (2,11) (1,2) (1,1) (2,2) (1,6) (1,6) (1,2) (1,4) (1,3) (1,8) (1,7) (1,1) (1,2) (1,5) (6,22) (1,4) (6,31) (1,1) (5,22) (1,2) (5,12) (1,6) (5,42) (1,2) (5,18) (1,8) (5,16) 
layer:1, node:MDDNode(1,u-81), in=6, out=22
split in: 6 -> (5,1)
split out: 22 -> (21,2,23)
add: MDDNode(1,u-94) MDDNode(1,u-95), del:MDDNode(1,u-81)
46 (5,18) (4,17) (4,12) (4,26) (3,13) (3,13) (3,11) (3,30) (3,9) (3,10) (3,9) (3,20) (2,2) (2,10) (2,3) (2,3) (2,8) (1,8) (2,11) (1,2) (1,1) (2,2) (1,6) (1,6) (1,2) (1,4) (1,3) (1,8) (1,7) (1,1) (1,2) (1,5) (1,4) (6,31) (1,1) (5,22) (1,2) (5,12) (1,6) (5,42) (1,2) (5,18) (1,8) (5,16) (1,2) (5,21) 
layer:1, node:MDDNode(1,u-83), in=6, out=31
split in: 6 -> (5,1)
split out: 31 -> (31,2,33)
add: MDDNode(1,u-96) MDDNode(1,u-97), del:MDDNode(1,u-83)
47 (5,18) (4,17) (4,12) (4,26) (3,13) (3,13) (3,11) (3,30) (3,9) (3,10) (3,9) (3,20) (2,2) (2,10) (2,3) (2,3) (2,8) (1,8) (2,11) (1,2) (1,1) (2,2) (1,6) (1,6) (1,2) (1,4) (1,3) (1,8) (1,7) (1,1) (1,2) (1,5) (1,4) (1,1) (5,22) (1,2) (5,12) (1,6) (5,42) (1,2) (5,18) (1,8) (5,16) (1,2) (5,21) (1,2) (5,31) 
layer:1, node:MDDNode(1,u-18), in=5, out=18
split in: 5 -> (4,1)
split out: 18 -> (13,5,18)
add: MDDNode(1,u-98) MDDNode(1,u-99), del:MDDNode(1,u-18)
48 (4,17) (4,12) (4,26) (3,13) (3,13) (3,11) (3,30) (3,9) (3,10) (3,9) (3,20) (2,2) (2,10) (2,3) (2,3) (2,8) (1,8) (2,11) (1,2) (1,1) (2,2) (1,6) (1,6) (1,2) (1,4) (1,3) (1,8) (1,7) (1,1) (1,2) (1,5) (1,4) (1,1) (5,22) (1,2) (5,12) (1,6) (5,42) (1,2) (5,18) (1,8) (5,16) (1,2) (5,21) (1,2) (5,31) (1,5) (4,13) 
layer:1, node:MDDNode(1,u-85), in=5, out=22
split in: 5 -> (4,1)
split out: 22 -> (21,1,22)
add: MDDNode(1,u-100) MDDNode(1,u-101), del:MDDNode(1,u-85)
49 (4,17) (4,12) (4,26) (3,13) (3,13) (3,11) (3,30) (3,9) (3,10) (3,9) (3,20) (2,2) (2,10) (2,3) (2,3) (2,8) (1,8) (2,11) (1,2) (1,1) (2,2) (1,6) (1,6) (1,2) (1,4) (1,3) (1,8) (1,7) (1,1) (1,2) (1,5) (1,4) (1,1) (1,2) (5,12) (1,6) (5,42) (1,2) (5,18) (1,8) (5,16) (1,2) (5,21) (1,2) (5,31) (1,5) (4,13) (1,1) (4,21) 
layer:1, node:MDDNode(1,u-87), in=5, out=12
split in: 5 -> (4,1)
split out: 12 -> (11,1,12)
add: MDDNode(1,u-102) MDDNode(1,u-103), del:MDDNode(1,u-87)
50 (4,17) (4,12) (4,26) (3,13) (3,13) (3,11) (3,30) (3,9) (3,10) (3,9) (3,20) (2,2) (2,10) (2,3) (2,3) (2,8) (1,8) (2,11) (1,2) (1,1) (2,2) (1,6) (1,6) (1,2) (1,4) (1,3) (1,8) (1,7) (1,1) (1,2) (1,5) (1,4) (1,1) (1,2) (1,6) (5,42) (1,2) (5,18) (1,8) (5,16) (1,2) (5,21) (1,2) (5,31) (1,5) (4,13) (1,1) (4,21) (1,1) (4,11) 
layer:1, node:MDDNode(1,u-89), in=5, out=42
split in: 5 -> (4,1)
split out: 42 -> (41,2,43)
add: MDDNode(1,u-104) MDDNode(1,u-105), del:MDDNode(1,u-89)
51 (4,17) (4,12) (4,26) (3,13) (3,13) (3,11) (3,30) (3,9) (3,10) (3,9) (3,20) (2,2) (2,10) (2,3) (2,3) (2,8) (1,8) (2,11) (1,2) (1,1) (2,2) (1,6) (1,6) (1,2) (1,4) (1,3) (1,8) (1,7) (1,1) (1,2) (1,5) (1,4) (1,1) (1,2) (1,6) (1,2) (5,18) (1,8) (5,16) (1,2) (5,21) (1,2) (5,31) (1,5) (4,13) (1,1) (4,21) (1,1) (4,11) (1,2) (4,41) 
layer:1, node:MDDNode(1,u-91), in=5, out=18
split in: 5 -> (4,1)
split out: 18 -> (16,2,18)
add: MDDNode(1,u-106) MDDNode(1,u-107), del:MDDNode(1,u-91)
52 (4,17) (4,12) (4,26) (3,13) (3,13) (3,11) (3,30) (3,9) (3,10) (3,9) (3,20) (2,2) (2,10) (2,3) (2,3) (2,8) (1,8) (2,11) (1,2) (1,1) (2,2) (1,6) (1,6) (1,2) (1,4) (1,3) (1,8) (1,7) (1,1) (1,2) (1,5) (1,4) (1,1) (1,2) (1,6) (1,2) (1,8) (5,16) (1,2) (5,21) (1,2) (5,31) (1,5) (4,13) (1,1) (4,21) (1,1) (4,11) (1,2) (4,41) (1,2) (4,16) 
layer:1, node:MDDNode(1,u-93), in=5, out=16
choose: Cloud storage
split in: 5 -> (4,1)
split out: 16 -> (14,2,16)
add: MDDNode(1,u-108) MDDNode(1,u-109), del:MDDNode(1,u-93)
53 (4,17) (4,12) (4,26) (3,13) (3,13) (3,11) (3,30) (3,9) (3,10) (3,9) (3,20) (2,2) (2,10) (2,3) (2,3) (2,8) (1,8) (2,11) (1,2) (1,1) (2,2) (1,6) (1,6) (1,2) (1,4) (1,3) (1,8) (1,7) (1,1) (1,2) (1,5) (1,4) (1,1) (1,2) (1,6) (1,2) (1,8) (1,2) (5,21) (1,2) (5,31) (1,5) (4,13) (1,1) (4,21) (1,1) (4,11) (1,2) (4,41) (1,2) (4,16) (1,2) (4,14) 
layer:1, node:MDDNode(1,u-95), in=5, out=21
split in: 5 -> (4,1)
split out: 21 -> (15,6,21)
add: MDDNode(1,u-110) MDDNode(1,u-111), del:MDDNode(1,u-95)
54 (4,17) (4,12) (4,26) (3,13) (3,13) (3,11) (3,30) (3,9) (3,10) (3,9) (3,20) (2,2) (2,10) (2,3) (2,3) (2,8) (1,8) (2,11) (1,2) (1,1) (2,2) (1,6) (1,6) (1,2) (1,4) (1,3) (1,8) (1,7) (1,1) (1,2) (1,5) (1,4) (1,1) (1,2) (1,6) (1,2) (1,8) (1,2) (1,2) (5,31) (1,5) (4,13) (1,1) (4,21) (1,1) (4,11) (1,2) (4,41) (1,2) (4,16) (1,2) (4,14) (1,6) (4,15) 
layer:1, node:MDDNode(1,u-97), in=5, out=31
split in: 5 -> (4,1)
split out: 31 -> (23,8,31)
add: MDDNode(1,u-112) MDDNode(1,u-113), del:MDDNode(1,u-97)
55 (4,17) (4,12) (4,26) (3,13) (3,13) (3,11) (3,30) (3,9) (3,10) (3,9) (3,20) (2,2) (2,10) (2,3) (2,3) (2,8) (1,8) (2,11) (1,2) (1,1) (2,2) (1,6) (1,6) (1,2) (1,4) (1,3) (1,8) (1,7) (1,1) (1,2) (1,5) (1,4) (1,1) (1,2) (1,6) (1,2) (1,8) (1,2) (1,2) (1,5) (4,13) (1,1) (4,21) (1,1) (4,11) (1,2) (4,41) (1,2) (4,16) (1,2) (4,14) (1,6) (4,15) (1,8) (4,23) 
layer:1, node:MDDNode(1,u-20), in=4, out=17
split in: 4 -> (3,1)
split out: 17 -> (16,1,17)
add: MDDNode(1,u-114) MDDNode(1,u-115), del:MDDNode(1,u-20)
56 (4,12) (4,26) (3,13) (3,13) (3,11) (3,30) (3,9) (3,10) (3,9) (3,20) (2,2) (2,10) (2,3) (2,3) (2,8) (1,8) (2,11) (1,2) (1,1) (2,2) (1,6) (1,6) (1,2) (1,4) (1,3) (1,8) (1,7) (1,1) (1,2) (1,5) (1,4) (1,1) (1,2) (1,6) (1,2) (1,8) (1,2) (1,2) (1,5) (4,13) (1,1) (4,21) (1,1) (4,11) (1,2) (4,41) (1,2) (4,16) (1,2) (4,14) (1,6) (4,15) (1,8) (4,23) (1,1) (3,16) 
layer:1, node:MDDNode(1,u-22), in=4, out=12
split in: 4 -> (3,1)
split out: 12 -> (6,6,12)
add: MDDNode(1,u-116) MDDNode(1,u-117), del:MDDNode(1,u-22)
57 (4,26) (3,13) (3,13) (3,11) (3,30) (3,9) (3,10) (3,9) (3,20) (2,2) (2,10) (2,3) (2,3) (2,8) (1,8) (2,11) (1,2) (1,1) (2,2) (1,6) (1,6) (1,2) (1,4) (1,3) (1,8) (1,7) (1,1) (1,2) (1,5) (1,4) (1,1) (1,2) (1,6) (1,2) (1,8) (1,2) (1,2) (1,5) (4,13) (1,1) (4,21) (1,1) (4,11) (1,2) (4,41) (1,2) (4,16) (1,2) (4,14) (1,6) (4,15) (1,8) (4,23) (1,1) (3,16) (1,6) (3,6) 
layer:1, node:MDDNode(1,u-24), in=4, out=26
split in: 4 -> (3,1)
split out: 26 -> (18,8,26)
add: MDDNode(1,u-118) MDDNode(1,u-119), del:MDDNode(1,u-24)
58 (3,13) (3,13) (3,11) (3,30) (3,9) (3,10) (3,9) (3,20) (2,2) (2,10) (2,3) (2,3) (2,8) (1,8) (2,11) (1,2) (1,1) (2,2) (1,6) (1,6) (1,2) (1,4) (1,3) (1,8) (1,7) (1,1) (1,2) (1,5) (1,4) (1,1) (1,2) (1,6) (1,2) (1,8) (1,2) (1,2) (1,5) (4,13) (1,1) (4,21) (1,1) (4,11) (1,2) (4,41) (1,2) (4,16) (1,2) (4,14) (1,6) (4,15) (1,8) (4,23) (1,1) (3,16) (1,6) (3,6) (1,8) (3,18) 
layer:1, node:MDDNode(1,u-99), in=4, out=13
split in: 4 -> (3,1)
split out: 13 -> (10,3,13)
add: MDDNode(1,u-120) MDDNode(1,u-121), del:MDDNode(1,u-99)
59 (3,13) (3,13) (3,11) (3,30) (3,9) (3,10) (3,9) (3,20) (2,2) (2,10) (2,3) (2,3) (2,8) (1,8) (2,11) (1,2) (1,1) (2,2) (1,6) (1,6) (1,2) (1,4) (1,3) (1,8) (1,7) (1,1) (1,2) (1,5) (1,4) (1,1) (1,2) (1,6) (1,2) (1,8) (1,2) (1,2) (1,5) (1,1) (4,21) (1,1) (4,11) (1,2) (4,41) (1,2) (4,16) (1,2) (4,14) (1,6) (4,15) (1,8) (4,23) (1,1) (3,16) (1,6) (3,6) (1,8) (3,18) (1,3) (3,10) 
layer:1, node:MDDNode(1,u-101), in=4, out=21
split in: 4 -> (3,1)
split out: 21 -> (17,4,21)
add: MDDNode(1,u-122) MDDNode(1,u-123), del:MDDNode(1,u-101)
60 (3,13) (3,13) (3,11) (3,30) (3,9) (3,10) (3,9) (3,20) (2,2) (2,10) (2,3) (2,3) (2,8) (1,8) (2,11) (1,2) (1,1) (2,2) (1,6) (1,6) (1,2) (1,4) (1,3) (1,8) (1,7) (1,1) (1,2) (1,5) (1,4) (1,1) (1,2) (1,6) (1,2) (1,8) (1,2) (1,2) (1,5) (1,1) (1,1) (4,11) (1,2) (4,41) (1,2) (4,16) (1,2) (4,14) (1,6) (4,15) (1,8) (4,23) (1,1) (3,16) (1,6) (3,6) (1,8) (3,18) (1,3) (3,10) (1,4) (3,17) 
layer:1, node:MDDNode(1,u-103), in=4, out=11
split in: 4 -> (3,1)
split out: 11 -> (11,2,13)
add: MDDNode(1,u-124) MDDNode(1,u-125), del:MDDNode(1,u-103)
61 (3,13) (3,13) (3,11) (3,30) (3,9) (3,10) (3,9) (3,20) (2,2) (2,10) (2,3) (2,3) (2,8) (1,8) (2,11) (1,2) (1,1) (2,2) (1,6) (1,6) (1,2) (1,4) (1,3) (1,8) (1,7) (1,1) (1,2) (1,5) (1,4) (1,1) (1,2) (1,6) (1,2) (1,8) (1,2) (1,2) (1,5) (1,1) (1,1) (1,2) (4,41) (1,2) (4,16) (1,2) (4,14) (1,6) (4,15) (1,8) (4,23) (1,1) (3,16) (1,6) (3,6) (1,8) (3,18) (1,3) (3,10) (1,4) (3,17) (1,2) (3,11) 
layer:1, node:MDDNode(1,u-105), in=4, out=41
split in: 4 -> (3,1)
split out: 41 -> (31,10,41)
add: MDDNode(1,u-126) MDDNode(1,u-127), del:MDDNode(1,u-105)
62 (3,13) (3,13) (3,11) (3,30) (3,9) (3,10) (3,9) (3,20) (2,2) (2,10) (2,3) (2,3) (2,8) (1,8) (2,11) (1,2) (1,1) (2,2) (1,6) (1,6) (1,2) (1,4) (1,3) (1,8) (1,7) (1,1) (1,2) (1,5) (1,4) (1,1) (1,2) (1,6) (1,2) (1,8) (1,2) (1,2) (1,5) (1,1) (1,1) (1,2) (1,2) (4,16) (1,2) (4,14) (1,6) (4,15) (1,8) (4,23) (1,1) (3,16) (1,6) (3,6) (1,8) (3,18) (1,3) (3,10) (1,4) (3,17) (1,2) (3,11) (1,10) (3,31) 
layer:1, node:MDDNode(1,u-107), in=4, out=16
split in: 4 -> (3,1)
split out: 16 -> (15,1,16)
add: MDDNode(1,u-128) MDDNode(1,u-129), del:MDDNode(1,u-107)
63 (3,13) (3,13) (3,11) (3,30) (3,9) (3,10) (3,9) (3,20) (2,2) (2,10) (2,3) (2,3) (2,8) (1,8) (2,11) (1,2) (1,1) (2,2) (1,6) (1,6) (1,2) (1,4) (1,3) (1,8) (1,7) (1,1) (1,2) (1,5) (1,4) (1,1) (1,2) (1,6) (1,2) (1,8) (1,2) (1,2) (1,5) (1,1) (1,1) (1,2) (1,2) (1,2) (4,14) (1,6) (4,15) (1,8) (4,23) (1,1) (3,16) (1,6) (3,6) (1,8) (3,18) (1,3) (3,10) (1,4) (3,17) (1,2) (3,11) (1,10) (3,31) (1,1) (3,15) 
layer:1, node:MDDNode(1,u-109), in=4, out=14
choose: Location
split in: 4 -> (3,1)
split out: 14 -> (11,3,14)
add: MDDNode(1,u-130) MDDNode(1,u-131), del:MDDNode(1,u-109)
64 (3,13) (3,13) (3,11) (3,30) (3,9) (3,10) (3,9) (3,20) (2,2) (2,10) (2,3) (2,3) (2,8) (1,8) (2,11) (1,2) (1,1) (2,2) (1,6) (1,6) (1,2) (1,4) (1,3) (1,8) (1,7) (1,1) (1,2) (1,5) (1,4) (1,1) (1,2) (1,6) (1,2) (1,8) (1,2) (1,2) (1,5) (1,1) (1,1) (1,2) (1,2) (1,2) (1,6) (4,15) (1,8) (4,23) (1,1) (3,16) (1,6) (3,6) (1,8) (3,18) (1,3) (3,10) (1,4) (3,17) (1,2) (3,11) (1,10) (3,31) (1,1) (3,15) (1,3) (3,11) 
layer:1, node:MDDNode(1,u-111), in=4, out=15
split in: 4 -> (3,1)
split out: 15 -> (15,3,18)
add: MDDNode(1,u-132) MDDNode(1,u-133), del:MDDNode(1,u-111)
65 (3,13) (3,13) (3,11) (3,30) (3,9) (3,10) (3,9) (3,20) (2,2) (2,10) (2,3) (2,3) (2,8) (1,8) (2,11) (1,2) (1,1) (2,2) (1,6) (1,6) (1,2) (1,4) (1,3) (1,8) (1,7) (1,1) (1,2) (1,5) (1,4) (1,1) (1,2) (1,6) (1,2) (1,8) (1,2) (1,2) (1,5) (1,1) (1,1) (1,2) (1,2) (1,2) (1,6) (1,8) (4,23) (1,1) (3,16) (1,6) (3,6) (1,8) (3,18) (1,3) (3,10) (1,4) (3,17) (1,2) (3,11) (1,10) (3,31) (1,1) (3,15) (1,3) (3,11) (1,3) (3,15) 
layer:1, node:MDDNode(1,u-113), in=4, out=23
split in: 4 -> (3,1)
split out: 23 -> (12,11,23)
add: MDDNode(1,u-134) MDDNode(1,u-135), del:MDDNode(1,u-113)
66 (3,13) (3,13) (3,11) (3,30) (3,9) (3,10) (3,9) (3,20) (2,2) (2,10) (2,3) (2,3) (2,8) (1,8) (2,11) (1,2) (1,1) (2,2) (1,6) (1,6) (1,2) (1,4) (1,3) (1,8) (1,7) (1,1) (1,2) (1,5) (1,4) (1,1) (1,2) (1,6) (1,2) (1,8) (1,2) (1,2) (1,5) (1,1) (1,1) (1,2) (1,2) (1,2) (1,6) (1,8) (1,1) (3,16) (1,6) (3,6) (1,8) (3,18) (1,3) (3,10) (1,4) (3,17) (1,2) (3,11) (1,10) (3,31) (1,1) (3,15) (1,3) (3,11) (1,3) (3,15) (1,11) (3,12) 
layer:1, node:MDDNode(1,u-26), in=3, out=13
split in: 3 -> (2,1)
split out: 13 -> (7,6,13)
add: MDDNode(1,u-136) MDDNode(1,u-137), del:MDDNode(1,u-26)
67 (3,13) (3,11) (3,30) (3,9) (3,10) (3,9) (3,20) (2,2) (2,10) (2,3) (2,3) (2,8) (1,8) (2,11) (1,2) (1,1) (2,2) (1,6) (1,6) (1,2) (1,4) (1,3) (1,8) (1,7) (1,1) (1,2) (1,5) (1,4) (1,1) (1,2) (1,6) (1,2) (1,8) (1,2) (1,2) (1,5) (1,1) (1,1) (1,2) (1,2) (1,2) (1,6) (1,8) (1,1) (3,16) (1,6) (3,6) (1,8) (3,18) (1,3) (3,10) (1,4) (3,17) (1,2) (3,11) (1,10) (3,31) (1,1) (3,15) (1,3) (3,11) (1,3) (3,15) (1,11) (3,12) (1,6) (2,7) 
layer:1, node:MDDNode(1,u-28), in=3, out=13
split in: 3 -> (2,1)
split out: 13 -> (3,11,14)
add: MDDNode(1,u-138) MDDNode(1,u-139), del:MDDNode(1,u-28)
68 (3,11) (3,30) (3,9) (3,10) (3,9) (3,20) (2,2) (2,10) (2,3) (2,3) (2,8) (1,8) (2,11) (1,2) (1,1) (2,2) (1,6) (1,6) (1,2) (1,4) (1,3) (1,8) (1,7) (1,1) (1,2) (1,5) (1,4) (1,1) (1,2) (1,6) (1,2) (1,8) (1,2) (1,2) (1,5) (1,1) (1,1) (1,2) (1,2) (1,2) (1,6) (1,8) (1,1) (3,16) (1,6) (3,6) (1,8) (3,18) (1,3) (3,10) (1,4) (3,17) (1,2) (3,11) (1,10) (3,31) (1,1) (3,15) (1,3) (3,11) (1,3) (3,15) (1,11) (3,12) (1,6) (2,7) (1,11) (2,3) 
layer:1, node:MDDNode(1,u-30), in=3, out=11
split in: 3 -> (2,1)
split out: 11 -> (7,6,13)
add: MDDNode(1,u-140) MDDNode(1,u-141), del:MDDNode(1,u-30)
69 (3,30) (3,9) (3,10) (3,9) (3,20) (2,2) (2,10) (2,3) (2,3) (2,8) (1,8) (2,11) (1,2) (1,1) (2,2) (1,6) (1,6) (1,2) (1,4) (1,3) (1,8) (1,7) (1,1) (1,2) (1,5) (1,4) (1,1) (1,2) (1,6) (1,2) (1,8) (1,2) (1,2) (1,5) (1,1) (1,1) (1,2) (1,2) (1,2) (1,6) (1,8) (1,1) (3,16) (1,6) (3,6) (1,8) (3,18) (1,3) (3,10) (1,4) (3,17) (1,2) (3,11) (1,10) (3,31) (1,1) (3,15) (1,3) (3,11) (1,3) (3,15) (1,11) (3,12) (1,6) (2,7) (1,11) (2,3) (1,6) (2,7) 
layer:1, node:MDDNode(1,u-32), in=3, out=30
split in: 3 -> (2,1)
split out: 30 -> (16,14,30)
add: MDDNode(1,u-142) MDDNode(1,u-143), del:MDDNode(1,u-32)
70 (3,9) (3,10) (3,9) (3,20) (2,2) (2,10) (2,3) (2,3) (2,8) (1,8) (2,11) (1,2) (1,1) (2,2) (1,6) (1,6) (1,2) (1,4) (1,3) (1,8) (1,7) (1,1) (1,2) (1,5) (1,4) (1,1) (1,2) (1,6) (1,2) (1,8) (1,2) (1,2) (1,5) (1,1) (1,1) (1,2) (1,2) (1,2) (1,6) (1,8) (1,1) (3,16) (1,6) (3,6) (1,8) (3,18) (1,3) (3,10) (1,4) (3,17) (1,2) (3,11) (1,10) (3,31) (1,1) (3,15) (1,3) (3,11) (1,3) (3,15) (1,11) (3,12) (1,6) (2,7) (1,11) (2,3) (1,6) (2,7) (1,14) (2,16) 
layer:1, node:MDDNode(1,u-34), in=3, out=9
split in: 3 -> (2,1)
split out: 9 -> (7,2,9)
add: MDDNode(1,u-144) MDDNode(1,u-145), del:MDDNode(1,u-34)
71 (3,10) (3,9) (3,20) (2,2) (2,10) (2,3) (2,3) (2,8) (1,8) (2,11) (1,2) (1,1) (2,2) (1,6) (1,6) (1,2) (1,4) (1,3) (1,8) (1,7) (1,1) (1,2) (1,5) (1,4) (1,1) (1,2) (1,6) (1,2) (1,8) (1,2) (1,2) (1,5) (1,1) (1,1) (1,2) (1,2) (1,2) (1,6) (1,8) (1,1) (3,16) (1,6) (3,6) (1,8) (3,18) (1,3) (3,10) (1,4) (3,17) (1,2) (3,11) (1,10) (3,31) (1,1) (3,15) (1,3) (3,11) (1,3) (3,15) (1,11) (3,12) (1,6) (2,7) (1,11) (2,3) (1,6) (2,7) (1,14) (2,16) (1,2) (2,7) 
layer:1, node:MDDNode(1,u-36), in=3, out=10
split in: 3 -> (2,1)
split out: 10 -> (4,6,10)
add: MDDNode(1,u-146) MDDNode(1,u-147), del:MDDNode(1,u-36)
72 (3,9) (3,20) (2,2) (2,10) (2,3) (2,3) (2,8) (1,8) (2,11) (1,2) (1,1) (2,2) (1,6) (1,6) (1,2) (1,4) (1,3) (1,8) (1,7) (1,1) (1,2) (1,5) (1,4) (1,1) (1,2) (1,6) (1,2) (1,8) (1,2) (1,2) (1,5) (1,1) (1,1) (1,2) (1,2) (1,2) (1,6) (1,8) (1,1) (3,16) (1,6) (3,6) (1,8) (3,18) (1,3) (3,10) (1,4) (3,17) (1,2) (3,11) (1,10) (3,31) (1,1) (3,15) (1,3) (3,11) (1,3) (3,15) (1,11) (3,12) (1,6) (2,7) (1,11) (2,3) (1,6) (2,7) (1,14) (2,16) (1,2) (2,7) (1,6) (2,4) 
layer:1, node:MDDNode(1,u-38), in=3, out=9
split in: 3 -> (2,1)
split out: 9 -> (7,4,11)
add: MDDNode(1,u-148) MDDNode(1,u-149), del:MDDNode(1,u-38)
73 (3,20) (2,2) (2,10) (2,3) (2,3) (2,8) (1,8) (2,11) (1,2) (1,1) (2,2) (1,6) (1,6) (1,2) (1,4) (1,3) (1,8) (1,7) (1,1) (1,2) (1,5) (1,4) (1,1) (1,2) (1,6) (1,2) (1,8) (1,2) (1,2) (1,5) (1,1) (1,1) (1,2) (1,2) (1,2) (1,6) (1,8) (1,1) (3,16) (1,6) (3,6) (1,8) (3,18) (1,3) (3,10) (1,4) (3,17) (1,2) (3,11) (1,10) (3,31) (1,1) (3,15) (1,3) (3,11) (1,3) (3,15) (1,11) (3,12) (1,6) (2,7) (1,11) (2,3) (1,6) (2,7) (1,14) (2,16) (1,2) (2,7) (1,6) (2,4) (1,4) (2,7) 
layer:1, node:MDDNode(1,u-40), in=3, out=20
split in: 3 -> (2,1)
split out: 20 -> (19,1,20)
add: MDDNode(1,u-150) MDDNode(1,u-151), del:MDDNode(1,u-40)
74 (2,2) (2,10) (2,3) (2,3) (2,8) (1,8) (2,11) (1,2) (1,1) (2,2) (1,6) (1,6) (1,2) (1,4) (1,3) (1,8) (1,7) (1,1) (1,2) (1,5) (1,4) (1,1) (1,2) (1,6) (1,2) (1,8) (1,2) (1,2) (1,5) (1,1) (1,1) (1,2) (1,2) (1,2) (1,6) (1,8) (1,1) (3,16) (1,6) (3,6) (1,8) (3,18) (1,3) (3,10) (1,4) (3,17) (1,2) (3,11) (1,10) (3,31) (1,1) (3,15) (1,3) (3,11) (1,3) (3,15) (1,11) (3,12) (1,6) (2,7) (1,11) (2,3) (1,6) (2,7) (1,14) (2,16) (1,2) (2,7) (1,6) (2,4) (1,4) (2,7) (1,1) (2,19) 
layer:1, node:MDDNode(1,u-115), in=3, out=16
split in: 3 -> (2,1)
split out: 16 -> (11,5,16)
add: MDDNode(1,u-152) MDDNode(1,u-153), del:MDDNode(1,u-115)
75 (2,2) (2,10) (2,3) (2,3) (2,8) (1,8) (2,11) (1,2) (1,1) (2,2) (1,6) (1,6) (1,2) (1,4) (1,3) (1,8) (1,7) (1,1) (1,2) (1,5) (1,4) (1,1) (1,2) (1,6) (1,2) (1,8) (1,2) (1,2) (1,5) (1,1) (1,1) (1,2) (1,2) (1,2) (1,6) (1,8) (1,1) (1,6) (3,6) (1,8) (3,18) (1,3) (3,10) (1,4) (3,17) (1,2) (3,11) (1,10) (3,31) (1,1) (3,15) (1,3) (3,11) (1,3) (3,15) (1,11) (3,12) (1,6) (2,7) (1,11) (2,3) (1,6) (2,7) (1,14) (2,16) (1,2) (2,7) (1,6) (2,4) (1,4) (2,7) (1,1) (2,19) (1,5) (2,11) 
layer:1, node:MDDNode(1,u-117), in=3, out=6
split in: 3 -> (2,1)
split out: 6 -> (5,1,6)
add: MDDNode(1,u-154) MDDNode(1,u-155), del:MDDNode(1,u-117)
76 (2,2) (2,10) (2,3) (2,3) (2,8) (1,8) (2,11) (1,2) (1,1) (2,2) (1,6) (1,6) (1,2) (1,4) (1,3) (1,8) (1,7) (1,1) (1,2) (1,5) (1,4) (1,1) (1,2) (1,6) (1,2) (1,8) (1,2) (1,2) (1,5) (1,1) (1,1) (1,2) (1,2) (1,2) (1,6) (1,8) (1,1) (1,6) (1,8) (3,18) (1,3) (3,10) (1,4) (3,17) (1,2) (3,11) (1,10) (3,31) (1,1) (3,15) (1,3) (3,11) (1,3) (3,15) (1,11) (3,12) (1,6) (2,7) (1,11) (2,3) (1,6) (2,7) (1,14) (2,16) (1,2) (2,7) (1,6) (2,4) (1,4) (2,7) (1,1) (2,19) (1,5) (2,11) (1,1) (2,5) 
layer:1, node:MDDNode(1,u-119), in=3, out=18
split in: 3 -> (2,1)
split out: 18 -> (17,5,22)
add: MDDNode(1,u-156) MDDNode(1,u-157), del:MDDNode(1,u-119)
77 (2,2) (2,10) (2,3) (2,3) (2,8) (1,8) (2,11) (1,2) (1,1) (2,2) (1,6) (1,6) (1,2) (1,4) (1,3) (1,8) (1,7) (1,1) (1,2) (1,5) (1,4) (1,1) (1,2) (1,6) (1,2) (1,8) (1,2) (1,2) (1,5) (1,1) (1,1) (1,2) (1,2) (1,2) (1,6) (1,8) (1,1) (1,6) (1,8) (1,3) (3,10) (1,4) (3,17) (1,2) (3,11) (1,10) (3,31) (1,1) (3,15) (1,3) (3,11) (1,3) (3,15) (1,11) (3,12) (1,6) (2,7) (1,11) (2,3) (1,6) (2,7) (1,14) (2,16) (1,2) (2,7) (1,6) (2,4) (1,4) (2,7) (1,1) (2,19) (1,5) (2,11) (1,1) (2,5) (1,5) (2,17) 
layer:1, node:MDDNode(1,u-121), in=3, out=10
split in: 3 -> (2,1)
split out: 10 -> (9,1,10)
add: MDDNode(1,u-158) MDDNode(1,u-159), del:MDDNode(1,u-121)
78 (2,2) (2,10) (2,3) (2,3) (2,8) (1,8) (2,11) (1,2) (1,1) (2,2) (1,6) (1,6) (1,2) (1,4) (1,3) (1,8) (1,7) (1,1) (1,2) (1,5) (1,4) (1,1) (1,2) (1,6) (1,2) (1,8) (1,2) (1,2) (1,5) (1,1) (1,1) (1,2) (1,2) (1,2) (1,6) (1,8) (1,1) (1,6) (1,8) (1,3) (1,4) (3,17) (1,2) (3,11) (1,10) (3,31) (1,1) (3,15) (1,3) (3,11) (1,3) (3,15) (1,11) (3,12) (1,6) (2,7) (1,11) (2,3) (1,6) (2,7) (1,14) (2,16) (1,2) (2,7) (1,6) (2,4) (1,4) (2,7) (1,1) (2,19) (1,5) (2,11) (1,1) (2,5) (1,5) (2,17) (1,1) (2,9) 
layer:1, node:MDDNode(1,u-123), in=3, out=17
split in: 3 -> (2,1)
split out: 17 -> (15,2,17)
add: MDDNode(1,u-160) MDDNode(1,u-161), del:MDDNode(1,u-123)
79 (2,2) (2,10) (2,3) (2,3) (2,8) (1,8) (2,11) (1,2) (1,1) (2,2) (1,6) (1,6) (1,2) (1,4) (1,3) (1,8) (1,7) (1,1) (1,2) (1,5) (1,4) (1,1) (1,2) (1,6) (1,2) (1,8) (1,2) (1,2) (1,5) (1,1) (1,1) (1,2) (1,2) (1,2) (1,6) (1,8) (1,1) (1,6) (1,8) (1,3) (1,4) (1,2) (3,11) (1,10) (3,31) (1,1) (3,15) (1,3) (3,11) (1,3) (3,15) (1,11) (3,12) (1,6) (2,7) (1,11) (2,3) (1,6) (2,7) (1,14) (2,16) (1,2) (2,7) (1,6) (2,4) (1,4) (2,7) (1,1) (2,19) (1,5) (2,11) (1,1) (2,5) (1,5) (2,17) (1,1) (2,9) (1,2) (2,15) 
layer:1, node:MDDNode(1,u-125), in=3, out=11
split in: 3 -> (2,1)
split out: 11 -> (7,4,11)
add: MDDNode(1,u-162) MDDNode(1,u-163), del:MDDNode(1,u-125)
80 (2,2) (2,10) (2,3) (2,3) (2,8) (1,8) (2,11) (1,2) (1,1) (2,2) (1,6) (1,6) (1,2) (1,4) (1,3) (1,8) (1,7) (1,1) (1,2) (1,5) (1,4) (1,1) (1,2) (1,6) (1,2) (1,8) (1,2) (1,2) (1,5) (1,1) (1,1) (1,2) (1,2) (1,2) (1,6) (1,8) (1,1) (1,6) (1,8) (1,3) (1,4) (1,2) (1,10) (3,31) (1,1) (3,15) (1,3) (3,11) (1,3) (3,15) (1,11) (3,12) (1,6) (2,7) (1,11) (2,3) (1,6) (2,7) (1,14) (2,16) (1,2) (2,7) (1,6) (2,4) (1,4) (2,7) (1,1) (2,19) (1,5) (2,11) (1,1) (2,5) (1,5) (2,17) (1,1) (2,9) (1,2) (2,15) (1,4) (2,7) 
layer:3, node:MDDNode(3,u_3), in=88, out=161
choose: Notifications
split in: 88 -> (81,7)
split out: 161 -> (154,9,163)
add: MDDNode(3,u-164) MDDNode(3,u-165), del:MDDNode(3,u_3)
2 (7,9) (81,154) 
layer:3, node:MDDNode(3,u-165), in=81, out=154
choose: Others
split in: 81 -> (75,6)
split out: 154 -> (144,12,156)
add: MDDNode(3,u-166) MDDNode(3,u-167), del:MDDNode(3,u-165)
3 (7,9) (6,12) (75,144) 
layer:3, node:MDDNode(3,u-167), in=75, out=144
choose: Bookmarking
split in: 75 -> (69,6)
split out: 144 -> (138,7,145)
add: MDDNode(3,u-168) MDDNode(3,u-169), del:MDDNode(3,u-167)
4 (7,9) (6,12) (6,7) (69,138) 
layer:3, node:MDDNode(3,u-169), in=69, out=138
choose: Social networks
split in: 69 -> (63,6)
split out: 138 -> (125,14,139)
add: MDDNode(3,u-170) MDDNode(3,u-171), del:MDDNode(3,u-169)
5 (7,9) (6,12) (6,7) (6,14) (63,125) 
layer:3, node:MDDNode(3,u-171), in=63, out=125
choose: Security & monitoring systems
split in: 63 -> (59,4)
split out: 125 -> (108,17,125)
add: MDDNode(3,u-172) MDDNode(3,u-173), del:MDDNode(3,u-171)
6 (7,9) (6,12) (6,7) (6,14) (4,17) (59,108) 
layer:3, node:MDDNode(3,u-173), in=59, out=108
choose: Photo & video
split in: 59 -> (55,4)
split out: 108 -> (104,4,108)
add: MDDNode(3,u-174) MDDNode(3,u-175), del:MDDNode(3,u-173)
7 (7,9) (6,12) (6,7) (6,14) (4,17) (4,4) (55,104) 
layer:3, node:MDDNode(3,u-175), in=55, out=104
choose: Communication
split in: 55 -> (51,4)
split out: 104 -> (100,4,104)
add: MDDNode(3,u-176) MDDNode(3,u-177), del:MDDNode(3,u-175)
8 (7,9) (6,12) (6,7) (6,14) (4,17) (4,4) (4,4) (51,100) 
layer:3, node:MDDNode(3,u-177), in=51, out=100
choose: Email
split in: 51 -> (47,4)
split out: 100 -> (95,5,100)
add: MDDNode(3,u-178) MDDNode(3,u-179), del:MDDNode(3,u-177)
9 (7,9) (6,12) (6,7) (6,14) (4,17) (4,4) (4,4) (4,5) (47,95) 
layer:3, node:MDDNode(3,u-179), in=47, out=95
choose: Environment control & monitoring
split in: 47 -> (43,4)
split out: 95 -> (85,10,95)
add: MDDNode(3,u-180) MDDNode(3,u-181), del:MDDNode(3,u-179)
10 (7,9) (6,12) (6,7) (6,14) (4,17) (4,4) (4,4) (4,5) (4,10) (43,85) 
layer:3, node:MDDNode(3,u-181), in=43, out=85
choose: Cloud storage
split in: 43 -> (39,4)
split out: 85 -> (78,7,85)
add: MDDNode(3,u-182) MDDNode(3,u-183), del:MDDNode(3,u-181)
11 (7,9) (6,12) (6,7) (6,14) (4,17) (4,4) (4,4) (4,5) (4,10) (4,7) (39,78) 
layer:3, node:MDDNode(3,u-183), in=39, out=78
choose: Mobile devices & accessories
split in: 39 -> (35,4)
split out: 78 -> (73,7,80)
add: MDDNode(3,u-184) MDDNode(3,u-185), del:MDDNode(3,u-183)
12 (7,9) (6,12) (6,7) (6,14) (4,17) (4,4) (4,4) (4,5) (4,10) (4,7) (4,7) (35,73) 
layer:3, node:MDDNode(3,u-185), in=35, out=73
choose: Power monitoring & management
split in: 35 -> (31,4)
split out: 73 -> (69,9,78)
add: MDDNode(3,u-186) MDDNode(3,u-187), del:MDDNode(3,u-185)
13 (7,9) (6,12) (6,7) (6,14) (4,17) (4,4) (4,4) (4,5) (4,10) (4,7) (4,7) (4,9) (31,69) 
layer:3, node:MDDNode(3,u-187), in=31, out=69
choose: Smart hubs & systems
split in: 31 -> (28,3)
split out: 69 -> (60,9,69)
add: MDDNode(3,u-188) MDDNode(3,u-189), del:MDDNode(3,u-187)
14 (7,9) (6,12) (6,7) (6,14) (4,17) (4,4) (4,4) (4,5) (4,10) (4,7) (4,7) (4,9) (3,9) (28,60) 
layer:3, node:MDDNode(3,u-189), in=28, out=60
choose: Health & fitness
split in: 28 -> (25,3)
split out: 60 -> (58,3,61)
add: MDDNode(3,u-190) MDDNode(3,u-191), del:MDDNode(3,u-189)
15 (7,9) (6,12) (6,7) (6,14) (4,17) (4,4) (4,4) (4,5) (4,10) (4,7) (4,7) (4,9) (3,9) (3,3) (25,58) 
layer:3, node:MDDNode(3,u-191), in=25, out=58
choose: Blogging
split in: 25 -> (22,3)
split out: 58 -> (51,7,58)
add: MDDNode(3,u-192) MDDNode(3,u-193), del:MDDNode(3,u-191)
16 (7,9) (6,12) (6,7) (6,14) (4,17) (4,4) (4,4) (4,5) (4,10) (4,7) (4,7) (4,9) (3,9) (3,3) (3,7) (22,51) 
layer:3, node:MDDNode(3,u-193), in=22, out=51
choose: Lighting
split in: 22 -> (20,2)
split out: 51 -> (39,13,52)
add: MDDNode(3,u-194) MDDNode(3,u-195), del:MDDNode(3,u-193)
17 (7,9) (6,12) (6,7) (6,14) (4,17) (4,4) (4,4) (4,5) (4,10) (4,7) (4,7) (4,9) (3,9) (3,3) (3,7) (2,13) (20,39) 
layer:3, node:MDDNode(3,u-195), in=20, out=39
choose: Notes
split in: 20 -> (18,2)
split out: 39 -> (30,9,39)
add: MDDNode(3,u-196) MDDNode(3,u-197), del:MDDNode(3,u-195)
18 (7,9) (6,12) (6,7) (6,14) (4,17) (4,4) (4,4) (4,5) (4,10) (4,7) (4,7) (4,9) (3,9) (3,3) (3,7) (2,13) (2,9) (18,30) 
layer:3, node:MDDNode(3,u-197), in=18, out=30
choose: Developer tools
split in: 18 -> (16,2)
split out: 30 -> (27,3,30)
add: MDDNode(3,u-198) MDDNode(3,u-199), del:MDDNode(3,u-197)
19 (7,9) (6,12) (6,7) (6,14) (4,17) (4,4) (4,4) (4,5) (4,10) (4,7) (4,7) (4,9) (3,9) (3,3) (3,7) (2,13) (2,9) (2,3) (16,27) 
layer:3, node:MDDNode(3,u-199), in=16, out=27
choose: News & information
split in: 16 -> (14,2)
split out: 27 -> (24,3,27)
add: MDDNode(3,u-200) MDDNode(3,u-201), del:MDDNode(3,u-199)
20 (7,9) (6,12) (6,7) (6,14) (4,17) (4,4) (4,4) (4,5) (4,10) (4,7) (4,7) (4,9) (3,9) (3,3) (3,7) (2,13) (2,9) (2,3) (2,3) (14,24) 
layer:3, node:MDDNode(3,u-201), in=14, out=24
choose: Task management & to-dos
split in: 14 -> (12,2)
split out: 24 -> (22,3,25)
add: MDDNode(3,u-202) MDDNode(3,u-203), del:MDDNode(3,u-201)
21 (7,9) (6,12) (6,7) (6,14) (4,17) (4,4) (4,4) (4,5) (4,10) (4,7) (4,7) (4,9) (3,9) (3,3) (3,7) (2,13) (2,9) (2,3) (2,3) (2,3) (12,22) 
layer:3, node:MDDNode(3,u-203), in=12, out=22
choose: Business tools
split in: 12 -> (10,2)
split out: 22 -> (19,3,22)
add: MDDNode(3,u-204) MDDNode(3,u-205), del:MDDNode(3,u-203)
22 (7,9) (6,12) (6,7) (6,14) (4,17) (4,4) (4,4) (4,5) (4,10) (4,7) (4,7) (4,9) (3,9) (3,3) (3,7) (2,13) (2,9) (2,3) (2,3) (2,3) (2,3) (10,19) 
layer:3, node:MDDNode(3,u-205), in=10, out=19
choose: Gardening
split in: 10 -> (9,1)
split out: 19 -> (15,4,19)
add: MDDNode(3,u-206) MDDNode(3,u-207), del:MDDNode(3,u-205)
23 (7,9) (6,12) (6,7) (6,14) (4,17) (4,4) (4,4) (4,5) (4,10) (4,7) (4,7) (4,9) (3,9) (3,3) (3,7) (2,13) (2,9) (2,3) (2,3) (2,3) (2,3) (1,4) (9,15) 
layer:3, node:MDDNode(3,u-207), in=9, out=15
choose: Journaling & personal data
split in: 9 -> (8,1)
split out: 15 -> (11,4,15)
add: MDDNode(3,u-208) MDDNode(3,u-209), del:MDDNode(3,u-207)
24 (7,9) (6,12) (6,7) (6,14) (4,17) (4,4) (4,4) (4,5) (4,10) (4,7) (4,7) (4,9) (3,9) (3,3) (3,7) (2,13) (2,9) (2,3) (2,3) (2,3) (2,3) (1,4) (1,4) (8,11) 
layer:3, node:MDDNode(3,u-209), in=8, out=11
choose: Shopping
split in: 8 -> (7,1)
split out: 11 -> (10,1,11)
add: MDDNode(3,u-210) MDDNode(3,u-211), del:MDDNode(3,u-209)
25 (7,9) (6,12) (6,7) (6,14) (4,17) (4,4) (4,4) (4,5) (4,10) (4,7) (4,7) (4,9) (3,9) (3,3) (3,7) (2,13) (2,9) (2,3) (2,3) (2,3) (2,3) (1,4) (1,4) (1,1) (7,10) 
layer:3, node:MDDNode(3,u-164), in=7, out=9
split in: 7 -> (6,1)
split out: 9 -> (9,1,10)
add: MDDNode(3,u-212) MDDNode(3,u-213), del:MDDNode(3,u-164)
26 (6,12) (6,7) (6,14) (4,17) (4,4) (4,4) (4,5) (4,10) (4,7) (4,7) (4,9) (3,9) (3,3) (3,7) (2,13) (2,9) (2,3) (2,3) (2,3) (2,3) (1,4) (1,4) (1,1) (7,10) (1,1) (6,9) 
layer:3, node:MDDNode(3,u-211), in=7, out=10
choose: Calendars & scheduling
split in: 7 -> (6,1)
split out: 10 -> (9,1,10)
add: MDDNode(3,u-214) MDDNode(3,u-215), del:MDDNode(3,u-211)
27 (6,12) (6,7) (6,14) (4,17) (4,4) (4,4) (4,5) (4,10) (4,7) (4,7) (4,9) (3,9) (3,3) (3,7) (2,13) (2,9) (2,3) (2,3) (2,3) (2,3) (1,4) (1,4) (1,1) (1,1) (6,9) (1,1) (6,9) 
layer:3, node:MDDNode(3,u-166), in=6, out=12
split in: 6 -> (5,1)
split out: 12 -> (10,2,12)
add: MDDNode(3,u-216) MDDNode(3,u-217), del:MDDNode(3,u-166)
28 (6,7) (6,14) (4,17) (4,4) (4,4) (4,5) (4,10) (4,7) (4,7) (4,9) (3,9) (3,3) (3,7) (2,13) (2,9) (2,3) (2,3) (2,3) (2,3) (1,4) (1,4) (1,1) (1,1) (6,9) (1,1) (6,9) (1,2) (5,10) 
layer:3, node:MDDNode(3,u-168), in=6, out=7
split in: 6 -> (5,1)
split out: 7 -> (7,2,9)
add: MDDNode(3,u-218) MDDNode(3,u-219), del:MDDNode(3,u-168)
29 (6,14) (4,17) (4,4) (4,4) (4,5) (4,10) (4,7) (4,7) (4,9) (3,9) (3,3) (3,7) (2,13) (2,9) (2,3) (2,3) (2,3) (2,3) (1,4) (1,4) (1,1) (1,1) (6,9) (1,1) (6,9) (1,2) (5,10) (1,2) (5,7) 
layer:3, node:MDDNode(3,u-170), in=6, out=14
split in: 6 -> (5,1)
split out: 14 -> (14,3,17)
add: MDDNode(3,u-220) MDDNode(3,u-221), del:MDDNode(3,u-170)
30 (4,17) (4,4) (4,4) (4,5) (4,10) (4,7) (4,7) (4,9) (3,9) (3,3) (3,7) (2,13) (2,9) (2,3) (2,3) (2,3) (2,3) (1,4) (1,4) (1,1) (1,1) (6,9) (1,1) (6,9) (1,2) (5,10) (1,2) (5,7) (1,3) (5,14) 
layer:3, node:MDDNode(3,u-213), in=6, out=9
split in: 6 -> (5,1)
split out: 9 -> (8,2,10)
add: MDDNode(3,u-222) MDDNode(3,u-223), del:MDDNode(3,u-213)
31 (4,17) (4,4) (4,4) (4,5) (4,10) (4,7) (4,7) (4,9) (3,9) (3,3) (3,7) (2,13) (2,9) (2,3) (2,3) (2,3) (2,3) (1,4) (1,4) (1,1) (1,1) (1,1) (6,9) (1,2) (5,10) (1,2) (5,7) (1,3) (5,14) (1,2) (5,8) 
layer:3, node:MDDNode(3,u-215), in=6, out=9
choose: Pet trackers
split in: 6 -> (5,1)
split out: 9 -> (7,2,9)
add: MDDNode(3,u-224) MDDNode(3,u-225), del:MDDNode(3,u-215)
32 (4,17) (4,4) (4,4) (4,5) (4,10) (4,7) (4,7) (4,9) (3,9) (3,3) (3,7) (2,13) (2,9) (2,3) (2,3) (2,3) (2,3) (1,4) (1,4) (1,1) (1,1) (1,1) (1,2) (5,10) (1,2) (5,7) (1,3) (5,14) (1,2) (5,8) (1,2) (5,7) 
layer:3, node:MDDNode(3,u-217), in=5, out=10
split in: 5 -> (4,1)
split out: 10 -> (9,1,10)
add: MDDNode(3,u-226) MDDNode(3,u-227), del:MDDNode(3,u-217)
33 (4,17) (4,4) (4,4) (4,5) (4,10) (4,7) (4,7) (4,9) (3,9) (3,3) (3,7) (2,13) (2,9) (2,3) (2,3) (2,3) (2,3) (1,4) (1,4) (1,1) (1,1) (1,1) (1,2) (1,2) (5,7) (1,3) (5,14) (1,2) (5,8) (1,2) (5,7) (1,1) (4,9) 
layer:3, node:MDDNode(3,u-219), in=5, out=7
split in: 5 -> (4,1)
split out: 7 -> (6,1,7)
add: MDDNode(3,u-228) MDDNode(3,u-229), del:MDDNode(3,u-219)
34 (4,17) (4,4) (4,4) (4,5) (4,10) (4,7) (4,7) (4,9) (3,9) (3,3) (3,7) (2,13) (2,9) (2,3) (2,3) (2,3) (2,3) (1,4) (1,4) (1,1) (1,1) (1,1) (1,2) (1,2) (1,3) (5,14) (1,2) (5,8) (1,2) (5,7) (1,1) (4,9) (1,1) (4,6) 
layer:3, node:MDDNode(3,u-221), in=5, out=14
split in: 5 -> (4,1)
split out: 14 -> (12,2,14)
add: MDDNode(3,u-230) MDDNode(3,u-231), del:MDDNode(3,u-221)
35 (4,17) (4,4) (4,4) (4,5) (4,10) (4,7) (4,7) (4,9) (3,9) (3,3) (3,7) (2,13) (2,9) (2,3) (2,3) (2,3) (2,3) (1,4) (1,4) (1,1) (1,1) (1,1) (1,2) (1,2) (1,3) (1,2) (5,8) (1,2) (5,7) (1,1) (4,9) (1,1) (4,6) (1,2) (4,12) 
layer:3, node:MDDNode(3,u-223), in=5, out=8
split in: 5 -> (4,1)
split out: 8 -> (4,4,8)
add: MDDNode(3,u-232) MDDNode(3,u-233), del:MDDNode(3,u-223)
36 (4,17) (4,4) (4,4) (4,5) (4,10) (4,7) (4,7) (4,9) (3,9) (3,3) (3,7) (2,13) (2,9) (2,3) (2,3) (2,3) (2,3) (1,4) (1,4) (1,1) (1,1) (1,1) (1,2) (1,2) (1,3) (1,2) (1,2) (5,7) (1,1) (4,9) (1,1) (4,6) (1,2) (4,12) (1,4) (4,4) 
layer:3, node:MDDNode(3,u-225), in=5, out=7
choose: Routers & computer accessories
split in: 5 -> (4,1)
split out: 7 -> (6,1,7)
add: MDDNode(3,u-234) MDDNode(3,u-235), del:MDDNode(3,u-225)
37 (4,17) (4,4) (4,4) (4,5) (4,10) (4,7) (4,7) (4,9) (3,9) (3,3) (3,7) (2,13) (2,9) (2,3) (2,3) (2,3) (2,3) (1,4) (1,4) (1,1) (1,1) (1,1) (1,2) (1,2) (1,3) (1,2) (1,2) (1,1) (4,9) (1,1) (4,6) (1,2) (4,12) (1,4) (4,4) (1,1) (4,6) 
layer:3, node:MDDNode(3,u-172), in=4, out=17
split in: 4 -> (3,1)
split out: 17 -> (16,1,17)
add: MDDNode(3,u-236) MDDNode(3,u-237), del:MDDNode(3,u-172)
38 (4,4) (4,4) (4,5) (4,10) (4,7) (4,7) (4,9) (3,9) (3,3) (3,7) (2,13) (2,9) (2,3) (2,3) (2,3) (2,3) (1,4) (1,4) (1,1) (1,1) (1,1) (1,2) (1,2) (1,3) (1,2) (1,2) (1,1) (4,9) (1,1) (4,6) (1,2) (4,12) (1,4) (4,4) (1,1) (4,6) (1,1) (3,16) 
layer:3, node:MDDNode(3,u-174), in=4, out=4
split in: 4 -> (3,1)
split out: 4 -> (3,1,4)
add: MDDNode(3,u-238) MDDNode(3,u-239), del:MDDNode(3,u-174)
39 (4,4) (4,5) (4,10) (4,7) (4,7) (4,9) (3,9) (3,3) (3,7) (2,13) (2,9) (2,3) (2,3) (2,3) (2,3) (1,4) (1,4) (1,1) (1,1) (1,1) (1,2) (1,2) (1,3) (1,2) (1,2) (1,1) (4,9) (1,1) (4,6) (1,2) (4,12) (1,4) (4,4) (1,1) (4,6) (1,1) (3,16) (1,1) (3,3) 
layer:3, node:MDDNode(3,u-176), in=4, out=4
split in: 4 -> (3,1)
split out: 4 -> (3,1,4)
add: MDDNode(3,u-240) MDDNode(3,u-241), del:MDDNode(3,u-176)
40 (4,5) (4,10) (4,7) (4,7) (4,9) (3,9) (3,3) (3,7) (2,13) (2,9) (2,3) (2,3) (2,3) (2,3) (1,4) (1,4) (1,1) (1,1) (1,1) (1,2) (1,2) (1,3) (1,2) (1,2) (1,1) (4,9) (1,1) (4,6) (1,2) (4,12) (1,4) (4,4) (1,1) (4,6) (1,1) (3,16) (1,1) (3,3) (1,1) (3,3) 
layer:3, node:MDDNode(3,u-178), in=4, out=5
split in: 4 -> (3,1)
split out: 5 -> (4,1,5)
add: MDDNode(3,u-242) MDDNode(3,u-243), del:MDDNode(3,u-178)
41 (4,10) (4,7) (4,7) (4,9) (3,9) (3,3) (3,7) (2,13) (2,9) (2,3) (2,3) (2,3) (2,3) (1,4) (1,4) (1,1) (1,1) (1,1) (1,2) (1,2) (1,3) (1,2) (1,2) (1,1) (4,9) (1,1) (4,6) (1,2) (4,12) (1,4) (4,4) (1,1) (4,6) (1,1) (3,16) (1,1) (3,3) (1,1) (3,3) (1,1) (3,4) 
layer:3, node:MDDNode(3,u-180), in=4, out=10
split in: 4 -> (3,1)
split out: 10 -> (9,3,12)
add: MDDNode(3,u-244) MDDNode(3,u-245), del:MDDNode(3,u-180)
42 (4,7) (4,7) (4,9) (3,9) (3,3) (3,7) (2,13) (2,9) (2,3) (2,3) (2,3) (2,3) (1,4) (1,4) (1,1) (1,1) (1,1) (1,2) (1,2) (1,3) (1,2) (1,2) (1,1) (4,9) (1,1) (4,6) (1,2) (4,12) (1,4) (4,4) (1,1) (4,6) (1,1) (3,16) (1,1) (3,3) (1,1) (3,3) (1,1) (3,4) (1,3) (3,9) 
layer:3, node:MDDNode(3,u-182), in=4, out=7
split in: 4 -> (3,1)
split out: 7 -> (4,4,8)
add: MDDNode(3,u-246) MDDNode(3,u-247), del:MDDNode(3,u-182)
43 (4,7) (4,9) (3,9) (3,3) (3,7) (2,13) (2,9) (2,3) (2,3) (2,3) (2,3) (1,4) (1,4) (1,1) (1,1) (1,1) (1,2) (1,2) (1,3) (1,2) (1,2) (1,1) (4,9) (1,1) (4,6) (1,2) (4,12) (1,4) (4,4) (1,1) (4,6) (1,1) (3,16) (1,1) (3,3) (1,1) (3,3) (1,1) (3,4) (1,3) (3,9) (1,4) (3,4) 
layer:3, node:MDDNode(3,u-184), in=4, out=7
split in: 4 -> (3,1)
split out: 7 -> (6,1,7)
add: MDDNode(3,u-248) MDDNode(3,u-249), del:MDDNode(3,u-184)
44 (4,9) (3,9) (3,3) (3,7) (2,13) (2,9) (2,3) (2,3) (2,3) (2,3) (1,4) (1,4) (1,1) (1,1) (1,1) (1,2) (1,2) (1,3) (1,2) (1,2) (1,1) (4,9) (1,1) (4,6) (1,2) (4,12) (1,4) (4,4) (1,1) (4,6) (1,1) (3,16) (1,1) (3,3) (1,1) (3,3) (1,1) (3,4) (1,3) (3,9) (1,4) (3,4) (1,1) (3,6) 
layer:3, node:MDDNode(3,u-186), in=4, out=9
split in: 4 -> (3,1)
split out: 9 -> (7,2,9)
add: MDDNode(3,u-250) MDDNode(3,u-251), del:MDDNode(3,u-186)
45 (3,9) (3,3) (3,7) (2,13) (2,9) (2,3) (2,3) (2,3) (2,3) (1,4) (1,4) (1,1) (1,1) (1,1) (1,2) (1,2) (1,3) (1,2) (1,2) (1,1) (4,9) (1,1) (4,6) (1,2) (4,12) (1,4) (4,4) (1,1) (4,6) (1,1) (3,16) (1,1) (3,3) (1,1) (3,3) (1,1) (3,4) (1,3) (3,9) (1,4) (3,4) (1,1) (3,6) (1,2) (3,7) 
layer:3, node:MDDNode(3,u-227), in=4, out=9
split in: 4 -> (3,1)
split out: 9 -> (5,4,9)
add: MDDNode(3,u-252) MDDNode(3,u-253), del:MDDNode(3,u-227)
46 (3,9) (3,3) (3,7) (2,13) (2,9) (2,3) (2,3) (2,3) (2,3) (1,4) (1,4) (1,1) (1,1) (1,1) (1,2) (1,2) (1,3) (1,2) (1,2) (1,1) (1,1) (4,6) (1,2) (4,12) (1,4) (4,4) (1,1) (4,6) (1,1) (3,16) (1,1) (3,3) (1,1) (3,3) (1,1) (3,4) (1,3) (3,9) (1,4) (3,4) (1,1) (3,6) (1,2) (3,7) (1,4) (3,5) 
layer:3, node:MDDNode(3,u-229), in=4, out=6
split in: 4 -> (3,1)
split out: 6 -> (6,2,8)
add: MDDNode(3,u-254) MDDNode(3,u-255), del:MDDNode(3,u-229)
47 (3,9) (3,3) (3,7) (2,13) (2,9) (2,3) (2,3) (2,3) (2,3) (1,4) (1,4) (1,1) (1,1) (1,1) (1,2) (1,2) (1,3) (1,2) (1,2) (1,1) (1,1) (1,2) (4,12) (1,4) (4,4) (1,1) (4,6) (1,1) (3,16) (1,1) (3,3) (1,1) (3,3) (1,1) (3,4) (1,3) (3,9) (1,4) (3,4) (1,1) (3,6) (1,2) (3,7) (1,4) (3,5) (1,2) (3,6) 
layer:3, node:MDDNode(3,u-231), in=4, out=12
split in: 4 -> (3,1)
split out: 12 -> (9,3,12)
add: MDDNode(3,u-256) MDDNode(3,u-257), del:MDDNode(3,u-231)
48 (3,9) (3,3) (3,7) (2,13) (2,9) (2,3) (2,3) (2,3) (2,3) (1,4) (1,4) (1,1) (1,1) (1,1) (1,2) (1,2) (1,3) (1,2) (1,2) (1,1) (1,1) (1,2) (1,4) (4,4) (1,1) (4,6) (1,1) (3,16) (1,1) (3,3) (1,1) (3,3) (1,1) (3,4) (1,3) (3,9) (1,4) (3,4) (1,1) (3,6) (1,2) (3,7) (1,4) (3,5) (1,2) (3,6) (1,3) (3,9) 
layer:3, node:MDDNode(3,u-233), in=4, out=4
split in: 4 -> (3,1)
split out: 4 -> (4,1,5)
add: MDDNode(3,u-258) MDDNode(3,u-259), del:MDDNode(3,u-233)
49 (3,9) (3,3) (3,7) (2,13) (2,9) (2,3) (2,3) (2,3) (2,3) (1,4) (1,4) (1,1) (1,1) (1,1) (1,2) (1,2) (1,3) (1,2) (1,2) (1,1) (1,1) (1,2) (1,4) (1,1) (4,6) (1,1) (3,16) (1,1) (3,3) (1,1) (3,3) (1,1) (3,4) (1,3) (3,9) (1,4) (3,4) (1,1) (3,6) (1,2) (3,7) (1,4) (3,5) (1,2) (3,6) (1,3) (3,9) (1,1) (3,4) 
layer:3, node:MDDNode(3,u-235), in=4, out=6
choose: Clocks & displays
split in: 4 -> (3,1)
split out: 6 -> (5,1,6)
add: MDDNode(3,u-260) MDDNode(3,u-261), del:MDDNode(3,u-235)
50 (3,9) (3,3) (3,7) (2,13) (2,9) (2,3) (2,3) (2,3) (2,3) (1,4) (1,4) (1,1) (1,1) (1,1) (1,2) (1,2) (1,3) (1,2) (1,2) (1,1) (1,1) (1,2) (1,4) (1,1) (1,1) (3,16) (1,1) (3,3) (1,1) (3,3) (1,1) (3,4) (1,3) (3,9) (1,4) (3,4) (1,1) (3,6) (1,2) (3,7) (1,4) (3,5) (1,2) (3,6) (1,3) (3,9) (1,1) (3,4) (1,1) (3,5) 
layer:3, node:MDDNode(3,u-188), in=3, out=9
split in: 3 -> (2,1)
split out: 9 -> (8,1,9)
add: MDDNode(3,u-262) MDDNode(3,u-263), del:MDDNode(3,u-188)
51 (3,3) (3,7) (2,13) (2,9) (2,3) (2,3) (2,3) (2,3) (1,4) (1,4) (1,1) (1,1) (1,1) (1,2) (1,2) (1,3) (1,2) (1,2) (1,1) (1,1) (1,2) (1,4) (1,1) (1,1) (3,16) (1,1) (3,3) (1,1) (3,3) (1,1) (3,4) (1,3) (3,9) (1,4) (3,4) (1,1) (3,6) (1,2) (3,7) (1,4) (3,5) (1,2) (3,6) (1,3) (3,9) (1,1) (3,4) (1,1) (3,5) (1,1) (2,8) 
layer:3, node:MDDNode(3,u-190), in=3, out=3
split in: 3 -> (2,1)
split out: 3 -> (2,1,3)
add: MDDNode(3,u-264) MDDNode(3,u-265), del:MDDNode(3,u-190)
52 (3,7) (2,13) (2,9) (2,3) (2,3) (2,3) (2,3) (1,4) (1,4) (1,1) (1,1) (1,1) (1,2) (1,2) (1,3) (1,2) (1,2) (1,1) (1,1) (1,2) (1,4) (1,1) (1,1) (3,16) (1,1) (3,3) (1,1) (3,3) (1,1) (3,4) (1,3) (3,9) (1,4) (3,4) (1,1) (3,6) (1,2) (3,7) (1,4) (3,5) (1,2) (3,6) (1,3) (3,9) (1,1) (3,4) (1,1) (3,5) (1,1) (2,8) (1,1) (2,2) 
layer:3, node:MDDNode(3,u-192), in=3, out=7
split in: 3 -> (2,1)
split out: 7 -> (7,2,9)
add: MDDNode(3,u-266) MDDNode(3,u-267), del:MDDNode(3,u-192)
53 (2,13) (2,9) (2,3) (2,3) (2,3) (2,3) (1,4) (1,4) (1,1) (1,1) (1,1) (1,2) (1,2) (1,3) (1,2) (1,2) (1,1) (1,1) (1,2) (1,4) (1,1) (1,1) (3,16) (1,1) (3,3) (1,1) (3,3) (1,1) (3,4) (1,3) (3,9) (1,4) (3,4) (1,1) (3,6) (1,2) (3,7) (1,4) (3,5) (1,2) (3,6) (1,3) (3,9) (1,1) (3,4) (1,1) (3,5) (1,1) (2,8) (1,1) (2,2) (1,2) (2,7) 
layer:3, node:MDDNode(3,u-237), in=3, out=16
split in: 3 -> (2,1)
split out: 16 -> (12,4,16)
add: MDDNode(3,u-268) MDDNode(3,u-269), del:MDDNode(3,u-237)
54 (2,13) (2,9) (2,3) (2,3) (2,3) (2,3) (1,4) (1,4) (1,1) (1,1) (1,1) (1,2) (1,2) (1,3) (1,2) (1,2) (1,1) (1,1) (1,2) (1,4) (1,1) (1,1) (1,1) (3,3) (1,1) (3,3) (1,1) (3,4) (1,3) (3,9) (1,4) (3,4) (1,1) (3,6) (1,2) (3,7) (1,4) (3,5) (1,2) (3,6) (1,3) (3,9) (1,1) (3,4) (1,1) (3,5) (1,1) (2,8) (1,1) (2,2) (1,2) (2,7) (1,4) (2,12) 
layer:3, node:MDDNode(3,u-239), in=3, out=3
split in: 3 -> (2,1)
split out: 3 -> (2,1,3)
add: MDDNode(3,u-270) MDDNode(3,u-271), del:MDDNode(3,u-239)
55 (2,13) (2,9) (2,3) (2,3) (2,3) (2,3) (1,4) (1,4) (1,1) (1,1) (1,1) (1,2) (1,2) (1,3) (1,2) (1,2) (1,1) (1,1) (1,2) (1,4) (1,1) (1,1) (1,1) (1,1) (3,3) (1,1) (3,4) (1,3) (3,9) (1,4) (3,4) (1,1) (3,6) (1,2) (3,7) (1,4) (3,5) (1,2) (3,6) (1,3) (3,9) (1,1) (3,4) (1,1) (3,5) (1,1) (2,8) (1,1) (2,2) (1,2) (2,7) (1,4) (2,12) (1,1) (2,2) 
layer:3, node:MDDNode(3,u-241), in=3, out=3
split in: 3 -> (2,1)
split out: 3 -> (2,1,3)
add: MDDNode(3,u-272) MDDNode(3,u-273), del:MDDNode(3,u-241)
56 (2,13) (2,9) (2,3) (2,3) (2,3) (2,3) (1,4) (1,4) (1,1) (1,1) (1,1) (1,2) (1,2) (1,3) (1,2) (1,2) (1,1) (1,1) (1,2) (1,4) (1,1) (1,1) (1,1) (1,1) (1,1) (3,4) (1,3) (3,9) (1,4) (3,4) (1,1) (3,6) (1,2) (3,7) (1,4) (3,5) (1,2) (3,6) (1,3) (3,9) (1,1) (3,4) (1,1) (3,5) (1,1) (2,8) (1,1) (2,2) (1,2) (2,7) (1,4) (2,12) (1,1) (2,2) (1,1) (2,2) 
layer:3, node:MDDNode(3,u-243), in=3, out=4
split in: 3 -> (2,1)
split out: 4 -> (3,1,4)
add: MDDNode(3,u-274) MDDNode(3,u-275), del:MDDNode(3,u-243)
57 (2,13) (2,9) (2,3) (2,3) (2,3) (2,3) (1,4) (1,4) (1,1) (1,1) (1,1) (1,2) (1,2) (1,3) (1,2) (1,2) (1,1) (1,1) (1,2) (1,4) (1,1) (1,1) (1,1) (1,1) (1,1) (1,3) (3,9) (1,4) (3,4) (1,1) (3,6) (1,2) (3,7) (1,4) (3,5) (1,2) (3,6) (1,3) (3,9) (1,1) (3,4) (1,1) (3,5) (1,1) (2,8) (1,1) (2,2) (1,2) (2,7) (1,4) (2,12) (1,1) (2,2) (1,1) (2,2) (1,1) (2,3) 
layer:3, node:MDDNode(3,u-245), in=3, out=9
split in: 3 -> (2,1)
split out: 9 -> (4,5,9)
add: MDDNode(3,u-276) MDDNode(3,u-277), del:MDDNode(3,u-245)
58 (2,13) (2,9) (2,3) (2,3) (2,3) (2,3) (1,4) (1,4) (1,1) (1,1) (1,1) (1,2) (1,2) (1,3) (1,2) (1,2) (1,1) (1,1) (1,2) (1,4) (1,1) (1,1) (1,1) (1,1) (1,1) (1,3) (1,4) (3,4) (1,1) (3,6) (1,2) (3,7) (1,4) (3,5) (1,2) (3,6) (1,3) (3,9) (1,1) (3,4) (1,1) (3,5) (1,1) (2,8) (1,1) (2,2) (1,2) (2,7) (1,4) (2,12) (1,1) (2,2) (1,1) (2,2) (1,1) (2,3) (1,5) (2,4) 
layer:3, node:MDDNode(3,u-247), in=3, out=4
split in: 3 -> (2,1)
split out: 4 -> (3,3,6)
add: MDDNode(3,u-278) MDDNode(3,u-279), del:MDDNode(3,u-247)
59 (2,13) (2,9) (2,3) (2,3) (2,3) (2,3) (1,4) (1,4) (1,1) (1,1) (1,1) (1,2) (1,2) (1,3) (1,2) (1,2) (1,1) (1,1) (1,2) (1,4) (1,1) (1,1) (1,1) (1,1) (1,1) (1,3) (1,4) (1,1) (3,6) (1,2) (3,7) (1,4) (3,5) (1,2) (3,6) (1,3) (3,9) (1,1) (3,4) (1,1) (3,5) (1,1) (2,8) (1,1) (2,2) (1,2) (2,7) (1,4) (2,12) (1,1) (2,2) (1,1) (2,2) (1,1) (2,3) (1,5) (2,4) (1,3) (2,3) 
layer:3, node:MDDNode(3,u-249), in=3, out=6
split in: 3 -> (2,1)
split out: 6 -> (5,1,6)
add: MDDNode(3,u-280) MDDNode(3,u-281), del:MDDNode(3,u-249)
60 (2,13) (2,9) (2,3) (2,3) (2,3) (2,3) (1,4) (1,4) (1,1) (1,1) (1,1) (1,2) (1,2) (1,3) (1,2) (1,2) (1,1) (1,1) (1,2) (1,4) (1,1) (1,1) (1,1) (1,1) (1,1) (1,3) (1,4) (1,1) (1,2) (3,7) (1,4) (3,5) (1,2) (3,6) (1,3) (3,9) (1,1) (3,4) (1,1) (3,5) (1,1) (2,8) (1,1) (2,2) (1,2) (2,7) (1,4) (2,12) (1,1) (2,2) (1,1) (2,2) (1,1) (2,3) (1,5) (2,4) (1,3) (2,3) (1,1) (2,5) 
layer:3, node:MDDNode(3,u-251), in=3, out=7
split in: 3 -> (2,1)
split out: 7 -> (7,4,11)
add: MDDNode(3,u-282) MDDNode(3,u-283), del:MDDNode(3,u-251)
61 (2,13) (2,9) (2,3) (2,3) (2,3) (2,3) (1,4) (1,4) (1,1) (1,1) (1,1) (1,2) (1,2) (1,3) (1,2) (1,2) (1,1) (1,1) (1,2) (1,4) (1,1) (1,1) (1,1) (1,1) (1,1) (1,3) (1,4) (1,1) (1,2) (1,4) (3,5) (1,2) (3,6) (1,3) (3,9) (1,1) (3,4) (1,1) (3,5) (1,1) (2,8) (1,1) (2,2) (1,2) (2,7) (1,4) (2,12) (1,1) (2,2) (1,1) (2,2) (1,1) (2,3) (1,5) (2,4) (1,3) (2,3) (1,1) (2,5) (1,4) (2,7) 
layer:3, node:MDDNode(3,u-253), in=3, out=5
split in: 3 -> (2,1)
split out: 5 -> (4,1,5)
add: MDDNode(3,u-284) MDDNode(3,u-285), del:MDDNode(3,u-253)
62 (2,13) (2,9) (2,3) (2,3) (2,3) (2,3) (1,4) (1,4) (1,1) (1,1) (1,1) (1,2) (1,2) (1,3) (1,2) (1,2) (1,1) (1,1) (1,2) (1,4) (1,1) (1,1) (1,1) (1,1) (1,1) (1,3) (1,4) (1,1) (1,2) (1,4) (1,2) (3,6) (1,3) (3,9) (1,1) (3,4) (1,1) (3,5) (1,1) (2,8) (1,1) (2,2) (1,2) (2,7) (1,4) (2,12) (1,1) (2,2) (1,1) (2,2) (1,1) (2,3) (1,5) (2,4) (1,3) (2,3) (1,1) (2,5) (1,4) (2,7) (1,1) (2,4) 
layer:3, node:MDDNode(3,u-255), in=3, out=6
split in: 3 -> (2,1)
split out: 6 -> (5,1,6)
add: MDDNode(3,u-286) MDDNode(3,u-287), del:MDDNode(3,u-255)
63 (2,13) (2,9) (2,3) (2,3) (2,3) (2,3) (1,4) (1,4) (1,1) (1,1) (1,1) (1,2) (1,2) (1,3) (1,2) (1,2) (1,1) (1,1) (1,2) (1,4) (1,1) (1,1) (1,1) (1,1) (1,1) (1,3) (1,4) (1,1) (1,2) (1,4) (1,2) (1,3) (3,9) (1,1) (3,4) (1,1) (3,5) (1,1) (2,8) (1,1) (2,2) (1,2) (2,7) (1,4) (2,12) (1,1) (2,2) (1,1) (2,2) (1,1) (2,3) (1,5) (2,4) (1,3) (2,3) (1,1) (2,5) (1,4) (2,7) (1,1) (2,4) (1,1) (2,5) 
layer:3, node:MDDNode(3,u-257), in=3, out=9
split in: 3 -> (2,1)
split out: 9 -> (3,6,9)
add: MDDNode(3,u-288) MDDNode(3,u-289), del:MDDNode(3,u-257)
64 (2,13) (2,9) (2,3) (2,3) (2,3) (2,3) (1,4) (1,4) (1,1) (1,1) (1,1) (1,2) (1,2) (1,3) (1,2) (1,2) (1,1) (1,1) (1,2) (1,4) (1,1) (1,1) (1,1) (1,1) (1,1) (1,3) (1,4) (1,1) (1,2) (1,4) (1,2) (1,3) (1,1) (3,4) (1,1) (3,5) (1,1) (2,8) (1,1) (2,2) (1,2) (2,7) (1,4) (2,12) (1,1) (2,2) (1,1) (2,2) (1,1) (2,3) (1,5) (2,4) (1,3) (2,3) (1,1) (2,5) (1,4) (2,7) (1,1) (2,4) (1,1) (2,5) (1,6) (2,3) 
layer:3, node:MDDNode(3,u-259), in=3, out=4
split in: 3 -> (2,1)
split out: 4 -> (2,2,4)
add: MDDNode(3,u-290) MDDNode(3,u-291), del:MDDNode(3,u-259)
65 (2,13) (2,9) (2,3) (2,3) (2,3) (2,3) (1,4) (1,4) (1,1) (1,1) (1,1) (1,2) (1,2) (1,3) (1,2) (1,2) (1,1) (1,1) (1,2) (1,4) (1,1) (1,1) (1,1) (1,1) (1,1) (1,3) (1,4) (1,1) (1,2) (1,4) (1,2) (1,3) (1,1) (1,1) (3,5) (1,1) (2,8) (1,1) (2,2) (1,2) (2,7) (1,4) (2,12) (1,1) (2,2) (1,1) (2,2) (1,1) (2,3) (1,5) (2,4) (1,3) (2,3) (1,1) (2,5) (1,4) (2,7) (1,1) (2,4) (1,1) (2,5) (1,6) (2,3) (1,2) (2,2) 
layer:3, node:MDDNode(3,u-261), in=3, out=5
choose: Music
split in: 3 -> (2,1)
split out: 5 -> (3,2,5)
add: MDDNode(3,u-292) MDDNode(3,u-293), del:MDDNode(3,u-261)
66 (2,13) (2,9) (2,3) (2,3) (2,3) (2,3) (1,4) (1,4) (1,1) (1,1) (1,1) (1,2) (1,2) (1,3) (1,2) (1,2) (1,1) (1,1) (1,2) (1,4) (1,1) (1,1) (1,1) (1,1) (1,1) (1,3) (1,4) (1,1) (1,2) (1,4) (1,2) (1,3) (1,1) (1,1) (1,1) (2,8) (1,1) (2,2) (1,2) (2,7) (1,4) (2,12) (1,1) (2,2) (1,1) (2,2) (1,1) (2,3) (1,5) (2,4) (1,3) (2,3) (1,1) (2,5) (1,4) (2,7) (1,1) (2,4) (1,1) (2,5) (1,6) (2,3) (1,2) (2,2) (1,2) (2,3) 
layer:3, node:MDDNode(3,u-194), in=2, out=13
split in: 2 -> (1,1)
split out: 13 -> (5,8,13)
add: MDDNode(3,u-294) MDDNode(3,u-295), del:MDDNode(3,u-194)
67 (2,9) (2,3) (2,3) (2,3) (2,3) (1,4) (1,4) (1,1) (1,1) (1,1) (1,2) (1,2) (1,3) (1,2) (1,2) (1,1) (1,1) (1,2) (1,4) (1,1) (1,1) (1,1) (1,1) (1,1) (1,3) (1,4) (1,1) (1,2) (1,4) (1,2) (1,3) (1,1) (1,1) (1,1) (2,8) (1,1) (2,2) (1,2) (2,7) (1,4) (2,12) (1,1) (2,2) (1,1) (2,2) (1,1) (2,3) (1,5) (2,4) (1,3) (2,3) (1,1) (2,5) (1,4) (2,7) (1,1) (2,4) (1,1) (2,5) (1,6) (2,3) (1,2) (2,2) (1,2) (2,3) (1,8) (1,5) 
layer:3, node:MDDNode(3,u-196), in=2, out=9
split in: 2 -> (1,1)
split out: 9 -> (3,6,9)
add: MDDNode(3,u-296) MDDNode(3,u-297), del:MDDNode(3,u-196)
68 (2,3) (2,3) (2,3) (2,3) (1,4) (1,4) (1,1) (1,1) (1,1) (1,2) (1,2) (1,3) (1,2) (1,2) (1,1) (1,1) (1,2) (1,4) (1,1) (1,1) (1,1) (1,1) (1,1) (1,3) (1,4) (1,1) (1,2) (1,4) (1,2) (1,3) (1,1) (1,1) (1,1) (2,8) (1,1) (2,2) (1,2) (2,7) (1,4) (2,12) (1,1) (2,2) (1,1) (2,2) (1,1) (2,3) (1,5) (2,4) (1,3) (2,3) (1,1) (2,5) (1,4) (2,7) (1,1) (2,4) (1,1) (2,5) (1,6) (2,3) (1,2) (2,2) (1,2) (2,3) (1,8) (1,5) (1,6) (1,3) 
layer:3, node:MDDNode(3,u-198), in=2, out=3
split in: 2 -> (1,1)
split out: 3 -> (2,1,3)
add: MDDNode(3,u-298) MDDNode(3,u-299), del:MDDNode(3,u-198)
69 (2,3) (2,3) (2,3) (1,4) (1,4) (1,1) (1,1) (1,1) (1,2) (1,2) (1,3) (1,2) (1,2) (1,1) (1,1) (1,2) (1,4) (1,1) (1,1) (1,1) (1,1) (1,1) (1,3) (1,4) (1,1) (1,2) (1,4) (1,2) (1,3) (1,1) (1,1) (1,1) (2,8) (1,1) (2,2) (1,2) (2,7) (1,4) (2,12) (1,1) (2,2) (1,1) (2,2) (1,1) (2,3) (1,5) (2,4) (1,3) (2,3) (1,1) (2,5) (1,4) (2,7) (1,1) (2,4) (1,1) (2,5) (1,6) (2,3) (1,2) (2,2) (1,2) (2,3) (1,8) (1,5) (1,6) (1,3) (1,1) (1,2) 
layer:3, node:MDDNode(3,u-200), in=2, out=3
split in: 2 -> (1,1)
split out: 3 -> (2,1,3)
add: MDDNode(3,u-300) MDDNode(3,u-301), del:MDDNode(3,u-200)
70 (2,3) (2,3) (1,4) (1,4) (1,1) (1,1) (1,1) (1,2) (1,2) (1,3) (1,2) (1,2) (1,1) (1,1) (1,2) (1,4) (1,1) (1,1) (1,1) (1,1) (1,1) (1,3) (1,4) (1,1) (1,2) (1,4) (1,2) (1,3) (1,1) (1,1) (1,1) (2,8) (1,1) (2,2) (1,2) (2,7) (1,4) (2,12) (1,1) (2,2) (1,1) (2,2) (1,1) (2,3) (1,5) (2,4) (1,3) (2,3) (1,1) (2,5) (1,4) (2,7) (1,1) (2,4) (1,1) (2,5) (1,6) (2,3) (1,2) (2,2) (1,2) (2,3) (1,8) (1,5) (1,6) (1,3) (1,1) (1,2) (1,1) (1,2) 
layer:3, node:MDDNode(3,u-202), in=2, out=3
split in: 2 -> (1,1)
split out: 3 -> (2,1,3)
add: MDDNode(3,u-302) MDDNode(3,u-303), del:MDDNode(3,u-202)
71 (2,3) (1,4) (1,4) (1,1) (1,1) (1,1) (1,2) (1,2) (1,3) (1,2) (1,2) (1,1) (1,1) (1,2) (1,4) (1,1) (1,1) (1,1) (1,1) (1,1) (1,3) (1,4) (1,1) (1,2) (1,4) (1,2) (1,3) (1,1) (1,1) (1,1) (2,8) (1,1) (2,2) (1,2) (2,7) (1,4) (2,12) (1,1) (2,2) (1,1) (2,2) (1,1) (2,3) (1,5) (2,4) (1,3) (2,3) (1,1) (2,5) (1,4) (2,7) (1,1) (2,4) (1,1) (2,5) (1,6) (2,3) (1,2) (2,2) (1,2) (2,3) (1,8) (1,5) (1,6) (1,3) (1,1) (1,2) (1,1) (1,2) (1,1) (1,2) 
layer:3, node:MDDNode(3,u-204), in=2, out=3
split in: 2 -> (1,1)
split out: 3 -> (1,2,3)
add: MDDNode(3,u-304) MDDNode(3,u-305), del:MDDNode(3,u-204)
72 (1,4) (1,4) (1,1) (1,1) (1,1) (1,2) (1,2) (1,3) (1,2) (1,2) (1,1) (1,1) (1,2) (1,4) (1,1) (1,1) (1,1) (1,1) (1,1) (1,3) (1,4) (1,1) (1,2) (1,4) (1,2) (1,3) (1,1) (1,1) (1,1) (2,8) (1,1) (2,2) (1,2) (2,7) (1,4) (2,12) (1,1) (2,2) (1,1) (2,2) (1,1) (2,3) (1,5) (2,4) (1,3) (2,3) (1,1) (2,5) (1,4) (2,7) (1,1) (2,4) (1,1) (2,5) (1,6) (2,3) (1,2) (2,2) (1,2) (2,3) (1,8) (1,5) (1,6) (1,3) (1,1) (1,2) (1,1) (1,2) (1,1) (1,2) (1,2) (1,1) 
layer:3, node:MDDNode(3,u-263), in=2, out=8
split in: 2 -> (1,1)
split out: 8 -> (2,6,8)
add: MDDNode(3,u-306) MDDNode(3,u-307), del:MDDNode(3,u-263)
73 (1,4) (1,4) (1,1) (1,1) (1,1) (1,2) (1,2) (1,3) (1,2) (1,2) (1,1) (1,1) (1,2) (1,4) (1,1) (1,1) (1,1) (1,1) (1,1) (1,3) (1,4) (1,1) (1,2) (1,4) (1,2) (1,3) (1,1) (1,1) (1,1) (1,1) (2,2) (1,2) (2,7) (1,4) (2,12) (1,1) (2,2) (1,1) (2,2) (1,1) (2,3) (1,5) (2,4) (1,3) (2,3) (1,1) (2,5) (1,4) (2,7) (1,1) (2,4) (1,1) (2,5) (1,6) (2,3) (1,2) (2,2) (1,2) (2,3) (1,8) (1,5) (1,6) (1,3) (1,1) (1,2) (1,1) (1,2) (1,1) (1,2) (1,2) (1,1) (1,6) (1,2) 
layer:3, node:MDDNode(3,u-265), in=2, out=2
split in: 2 -> (1,1)
split out: 2 -> (2,1,3)
add: MDDNode(3,u-308) MDDNode(3,u-309), del:MDDNode(3,u-265)
74 (1,4) (1,4) (1,1) (1,1) (1,1) (1,2) (1,2) (1,3) (1,2) (1,2) (1,1) (1,1) (1,2) (1,4) (1,1) (1,1) (1,1) (1,1) (1,1) (1,3) (1,4) (1,1) (1,2) (1,4) (1,2) (1,3) (1,1) (1,1) (1,1) (1,1) (1,2) (2,7) (1,4) (2,12) (1,1) (2,2) (1,1) (2,2) (1,1) (2,3) (1,5) (2,4) (1,3) (2,3) (1,1) (2,5) (1,4) (2,7) (1,1) (2,4) (1,1) (2,5) (1,6) (2,3) (1,2) (2,2) (1,2) (2,3) (1,8) (1,5) (1,6) (1,3) (1,1) (1,2) (1,1) (1,2) (1,1) (1,2) (1,2) (1,1) (1,6) (1,2) (1,1) (1,2) 
layer:3, node:MDDNode(3,u-267), in=2, out=7
split in: 2 -> (1,1)
split out: 7 -> (6,2,8)
add: MDDNode(3,u-310) MDDNode(3,u-311), del:MDDNode(3,u-267)
75 (1,4) (1,4) (1,1) (1,1) (1,1) (1,2) (1,2) (1,3) (1,2) (1,2) (1,1) (1,1) (1,2) (1,4) (1,1) (1,1) (1,1) (1,1) (1,1) (1,3) (1,4) (1,1) (1,2) (1,4) (1,2) (1,3) (1,1) (1,1) (1,1) (1,1) (1,2) (1,4) (2,12) (1,1) (2,2) (1,1) (2,2) (1,1) (2,3) (1,5) (2,4) (1,3) (2,3) (1,1) (2,5) (1,4) (2,7) (1,1) (2,4) (1,1) (2,5) (1,6) (2,3) (1,2) (2,2) (1,2) (2,3) (1,8) (1,5) (1,6) (1,3) (1,1) (1,2) (1,1) (1,2) (1,1) (1,2) (1,2) (1,1) (1,6) (1,2) (1,1) (1,2) (1,2) (1,6) 
layer:3, node:MDDNode(3,u-269), in=2, out=12
split in: 2 -> (1,1)
split out: 12 -> (6,6,12)
add: MDDNode(3,u-312) MDDNode(3,u-313), del:MDDNode(3,u-269)
76 (1,4) (1,4) (1,1) (1,1) (1,1) (1,2) (1,2) (1,3) (1,2) (1,2) (1,1) (1,1) (1,2) (1,4) (1,1) (1,1) (1,1) (1,1) (1,1) (1,3) (1,4) (1,1) (1,2) (1,4) (1,2) (1,3) (1,1) (1,1) (1,1) (1,1) (1,2) (1,4) (1,1) (2,2) (1,1) (2,2) (1,1) (2,3) (1,5) (2,4) (1,3) (2,3) (1,1) (2,5) (1,4) (2,7) (1,1) (2,4) (1,1) (2,5) (1,6) (2,3) (1,2) (2,2) (1,2) (2,3) (1,8) (1,5) (1,6) (1,3) (1,1) (1,2) (1,1) (1,2) (1,1) (1,2) (1,2) (1,1) (1,6) (1,2) (1,1) (1,2) (1,2) (1,6) (1,6) (1,6) 
layer:3, node:MDDNode(3,u-271), in=2, out=2
split in: 2 -> (1,1)
split out: 2 -> (1,1,2)
add: MDDNode(3,u-314) MDDNode(3,u-315), del:MDDNode(3,u-271)
77 (1,4) (1,4) (1,1) (1,1) (1,1) (1,2) (1,2) (1,3) (1,2) (1,2) (1,1) (1,1) (1,2) (1,4) (1,1) (1,1) (1,1) (1,1) (1,1) (1,3) (1,4) (1,1) (1,2) (1,4) (1,2) (1,3) (1,1) (1,1) (1,1) (1,1) (1,2) (1,4) (1,1) (1,1) (2,2) (1,1) (2,3) (1,5) (2,4) (1,3) (2,3) (1,1) (2,5) (1,4) (2,7) (1,1) (2,4) (1,1) (2,5) (1,6) (2,3) (1,2) (2,2) (1,2) (2,3) (1,8) (1,5) (1,6) (1,3) (1,1) (1,2) (1,1) (1,2) (1,1) (1,2) (1,2) (1,1) (1,6) (1,2) (1,1) (1,2) (1,2) (1,6) (1,6) (1,6) (1,1) (1,1) 
layer:3, node:MDDNode(3,u-273), in=2, out=2
split in: 2 -> (1,1)
split out: 2 -> (1,1,2)
add: MDDNode(3,u-316) MDDNode(3,u-317), del:MDDNode(3,u-273)
78 (1,4) (1,4) (1,1) (1,1) (1,1) (1,2) (1,2) (1,3) (1,2) (1,2) (1,1) (1,1) (1,2) (1,4) (1,1) (1,1) (1,1) (1,1) (1,1) (1,3) (1,4) (1,1) (1,2) (1,4) (1,2) (1,3) (1,1) (1,1) (1,1) (1,1) (1,2) (1,4) (1,1) (1,1) (1,1) (2,3) (1,5) (2,4) (1,3) (2,3) (1,1) (2,5) (1,4) (2,7) (1,1) (2,4) (1,1) (2,5) (1,6) (2,3) (1,2) (2,2) (1,2) (2,3) (1,8) (1,5) (1,6) (1,3) (1,1) (1,2) (1,1) (1,2) (1,1) (1,2) (1,2) (1,1) (1,6) (1,2) (1,1) (1,2) (1,2) (1,6) (1,6) (1,6) (1,1) (1,1) (1,1) (1,1) 
layer:3, node:MDDNode(3,u-275), in=2, out=3
split in: 2 -> (1,1)
split out: 3 -> (1,2,3)
add: MDDNode(3,u-318) MDDNode(3,u-319), del:MDDNode(3,u-275)
79 (1,4) (1,4) (1,1) (1,1) (1,1) (1,2) (1,2) (1,3) (1,2) (1,2) (1,1) (1,1) (1,2) (1,4) (1,1) (1,1) (1,1) (1,1) (1,1) (1,3) (1,4) (1,1) (1,2) (1,4) (1,2) (1,3) (1,1) (1,1) (1,1) (1,1) (1,2) (1,4) (1,1) (1,1) (1,1) (1,5) (2,4) (1,3) (2,3) (1,1) (2,5) (1,4) (2,7) (1,1) (2,4) (1,1) (2,5) (1,6) (2,3) (1,2) (2,2) (1,2) (2,3) (1,8) (1,5) (1,6) (1,3) (1,1) (1,2) (1,1) (1,2) (1,1) (1,2) (1,2) (1,1) (1,6) (1,2) (1,1) (1,2) (1,2) (1,6) (1,6) (1,6) (1,1) (1,1) (1,1) (1,1) (1,2) (1,1) 
layer:3, node:MDDNode(3,u-277), in=2, out=4
split in: 2 -> (1,1)
split out: 4 -> (2,2,4)
add: MDDNode(3,u-320) MDDNode(3,u-321), del:MDDNode(3,u-277)
80 (1,4) (1,4) (1,1) (1,1) (1,1) (1,2) (1,2) (1,3) (1,2) (1,2) (1,1) (1,1) (1,2) (1,4) (1,1) (1,1) (1,1) (1,1) (1,1) (1,3) (1,4) (1,1) (1,2) (1,4) (1,2) (1,3) (1,1) (1,1) (1,1) (1,1) (1,2) (1,4) (1,1) (1,1) (1,1) (1,5) (1,3) (2,3) (1,1) (2,5) (1,4) (2,7) (1,1) (2,4) (1,1) (2,5) (1,6) (2,3) (1,2) (2,2) (1,2) (2,3) (1,8) (1,5) (1,6) (1,3) (1,1) (1,2) (1,1) (1,2) (1,1) (1,2) (1,2) (1,1) (1,6) (1,2) (1,1) (1,2) (1,2) (1,6) (1,6) (1,6) (1,1) (1,1) (1,1) (1,1) (1,2) (1,1) (1,2) (1,2) 
=profile=
(0, 111) 
(2, 2) (2, 10) (2, 3) (2, 3) (2, 8) (1, 8) (2, 11) (1, 2) (1, 1) (2, 2) (1, 6) (1, 6) (1, 2) (1, 4) (1, 3) (1, 8) (1, 7) (1, 1) (1, 2) (1, 5) (1, 4) (1, 1) (1, 2) (1, 6) (1, 2) (1, 8) (1, 2) (1, 2) (1, 5) (1, 1) (1, 1) (1, 2) (1, 2) (1, 2) (1, 6) (1, 8) (1, 1) (1, 6) (1, 8) (1, 3) (1, 4) (1, 2) (1, 10) (3, 31) (1, 1) (3, 15) (1, 3) (3, 11) (1, 3) (3, 15) (1, 11) (3, 12) (1, 6) (2, 7) (1, 11) (2, 3) (1, 6) (2, 7) (1, 14) (2, 16) (1, 2) (2, 7) (1, 6) (2, 4) (1, 4) (2, 7) (1, 1) (2, 19) (1, 5) (2, 11) (1, 1) (2, 5) (1, 5) (2, 17) (1, 1) (2, 9) (1, 2) (2, 15) (1, 4) (2, 7) 
(486, 88) 
(1, 4) (1, 4) (1, 1) (1, 1) (1, 1) (1, 2) (1, 2) (1, 3) (1, 2) (1, 2) (1, 1) (1, 1) (1, 2) (1, 4) (1, 1) (1, 1) (1, 1) (1, 1) (1, 1) (1, 3) (1, 4) (1, 1) (1, 2) (1, 4) (1, 2) (1, 3) (1, 1) (1, 1) (1, 1) (1, 1) (1, 2) (1, 4) (1, 1) (1, 1) (1, 1) (1, 5) (1, 3) (2, 3) (1, 1) (2, 5) (1, 4) (2, 7) (1, 1) (2, 4) (1, 1) (2, 5) (1, 6) (2, 3) (1, 2) (2, 2) (1, 2) (2, 3) (1, 8) (1, 5) (1, 6) (1, 3) (1, 1) (1, 2) (1, 1) (1, 2) (1, 1) (1, 2) (1, 2) (1, 1) (1, 6) (1, 2) (1, 1) (1, 2) (1, 2) (1, 6) (1, 6) (1, 6) (1, 1) (1, 1) (1, 1) (1, 1) (1, 2) (1, 1) (1, 2) (1, 2) 
(200, 1) 
(1, 0) 
dump to the pickle
the graph width list : [1, 80, 1, 80, 1, 1]
it 1 dev 28.52   dev_h 43.15   dev_v 99.52   new_test 37.40   new_test_h 32.40   new_test_v 99.68   save: 37.40 T: 2020-01-13T19:36 
it 2 dev 32.52   dev_h 40.84   dev_v 99.54   new_test 42.42   new_test_h 30.54   new_test_v 99.60   save: 42.42 T: 2020-01-13T19:39 
it 3 dev 31.73   dev_h 41.27   dev_v 99.69   new_test 42.74   new_test_h 30.06   new_test_v 99.51   
it 4 dev 31.17   dev_h 41.53   dev_v 99.61   new_test 41.61   new_test_h 30.60   new_test_v 99.64   
it 5 dev 32.06   dev_h 40.94   dev_v 99.52   new_test 42.38   new_test_h 30.07   new_test_v 99.43   
it 6 dev 31.41   dev_h 41.33   dev_v 99.40   new_test 42.18   new_test_h 30.46   new_test_v 99.51   
it 7 dev 31.65   dev_h 40.92   dev_v 99.57   new_test 43.15   new_test_h 29.87   new_test_v 99.19   
it 8 dev 31.70   dev_h 41.27   dev_v 99.57   new_test 42.18   new_test_h 30.37   new_test_v 99.51   
it 9 dev 31.46   dev_h 41.22   dev_v 99.57   new_test 42.22   new_test_h 30.34   new_test_v 99.68   
it 10 dev 31.44   dev_h 41.38   dev_v 99.40   new_test 41.85   new_test_h 30.54   new_test_v 99.60   
it 11 dev 31.41   dev_h 41.42   dev_v 99.40   new_test 41.61   new_test_h 30.68   new_test_v 99.56   
it 12 dev 31.46   dev_h 41.31   dev_v 99.52   new_test 42.14   new_test_h 30.51   new_test_v 99.56   
it 13 dev 31.24   dev_h 41.51   dev_v 99.49   new_test 42.14   new_test_h 30.57   new_test_v 99.39   
