args Namespace(config='configs/config_l.json', dataset='dataset/IFTTT/msr_data.pkl', load_model=None, mode='train', output='model/ifttt/width-32/pid-2-', width='32')
configure: {'max_word_id': 4000, 'bidirectional': True, 'cell_type': 'lstm', 'decoder': 'attention', 'embedding_size': 50, 'keep_prob': 0.5, 'memory_size': 25, 'num_layers': 1, 'num_units': 50, 'use_embedding': True, 'epoches': 20, 'batch_size': 32, 'init': {'name': 'random_uniform_initializer', 'scale': 0.1}, 'lr_scheduler': {'decay_steps': 5000, 'init_lr': 0.01, 'staircase': True}, 'max_grad_norm': 1, 'optimizer': 'AdamOptimizer'}
# path 8580
save to model/ifttt/width-32/pid-2-IFTTT-w-32.json
load json
numArcLayers: 5
1 1 32
layer 1 incoming edges: 111
split the incoming edges: 111 50 61
the value pair of raw_data is: 492
split the outgoings edges: 443 190 261 451
add node: MDDNode(1,u_6) MDDNode(1,u_7), remove node: MDDNode(1,u_1)
2 1 32
layer 2 incoming edges: 451
split the incoming edges: 451 224 227
the value pair of raw_data is: 6265
split the outgoings edges: 88 88 88 176
add node: MDDNode(2,u_8) MDDNode(2,u_9), remove node: MDDNode(2,u_2)
3 1 32
layer 3 incoming edges: 176
split the incoming edges: 176 92 84
the value pair of raw_data is: 202
split the outgoings edges: 161 137 108 245
add node: MDDNode(3,u_10) MDDNode(3,u_11), remove node: MDDNode(3,u_3)
4 1 32
layer 4 incoming edges: 245
split the incoming edges: 245 118 127
the value pair of raw_data is: 161
split the outgoings edges: 1 1 1 2
add node: MDDNode(4,u_12) MDDNode(4,u_13), remove node: MDDNode(4,u_4)
1 2 32
layer 1 incoming edges: 50
split the incoming edges: 50 25 25
the value pair of raw_data is: 492
split the outgoings edges: 190 97 101 198
add node: MDDNode(1,u_14) MDDNode(1,u_15), remove node: MDDNode(1,u_6)
layer 1 incoming edges: 61
split the incoming edges: 61 29 32
the value pair of raw_data is: 492
split the outgoings edges: 261 120 157 277
add node: MDDNode(1,u_16) MDDNode(1,u_17), remove node: MDDNode(1,u_7)
2 2 32
layer 2 incoming edges: 238
split the incoming edges: 238 119 119
the value pair of raw_data is: 6265
split the outgoings edges: 88 86 85 171
add node: MDDNode(2,u_18) MDDNode(2,u_19), remove node: MDDNode(2,u_8)
layer 2 incoming edges: 237
split the incoming edges: 237 116 121
the value pair of raw_data is: 6265
split the outgoings edges: 88 83 87 170
add node: MDDNode(2,u_20) MDDNode(2,u_21), remove node: MDDNode(2,u_9)
3 2 32
layer 3 incoming edges: 177
split the incoming edges: 177 85 92
the value pair of raw_data is: 202
split the outgoings edges: 137 125 111 236
add node: MDDNode(3,u_22) MDDNode(3,u_23), remove node: MDDNode(3,u_10)
layer 3 incoming edges: 164
split the incoming edges: 164 77 87
the value pair of raw_data is: 202
split the outgoings edges: 108 94 88 182
add node: MDDNode(3,u_24) MDDNode(3,u_25), remove node: MDDNode(3,u_11)
4 2 32
layer 4 incoming edges: 200
split the incoming edges: 200 98 102
the value pair of raw_data is: 161
split the outgoings edges: 1 1 1 2
add node: MDDNode(4,u_26) MDDNode(4,u_27), remove node: MDDNode(4,u_12)
layer 4 incoming edges: 218
split the incoming edges: 218 115 103
the value pair of raw_data is: 161
split the outgoings edges: 1 1 1 2
add node: MDDNode(4,u_28) MDDNode(4,u_29), remove node: MDDNode(4,u_13)
1 4 32
layer 1 incoming edges: 25
split the incoming edges: 25 16 9
the value pair of raw_data is: 492
split the outgoings edges: 97 55 43 98
add node: MDDNode(1,u_30) MDDNode(1,u_31), remove node: MDDNode(1,u_14)
layer 1 incoming edges: 25
split the incoming edges: 25 11 14
the value pair of raw_data is: 492
split the outgoings edges: 101 45 62 107
add node: MDDNode(1,u_32) MDDNode(1,u_33), remove node: MDDNode(1,u_15)
layer 1 incoming edges: 29
split the incoming edges: 29 17 12
the value pair of raw_data is: 492
split the outgoings edges: 120 67 53 120
add node: MDDNode(1,u_34) MDDNode(1,u_35), remove node: MDDNode(1,u_16)
layer 1 incoming edges: 32
split the incoming edges: 32 16 16
the value pair of raw_data is: 492
split the outgoings edges: 157 88 72 160
add node: MDDNode(1,u_36) MDDNode(1,u_37), remove node: MDDNode(1,u_17)
2 4 32
layer 2 incoming edges: 125
split the incoming edges: 125 58 67
the value pair of raw_data is: 6265
split the outgoings edges: 86 80 84 164
add node: MDDNode(2,u_38) MDDNode(2,u_39), remove node: MDDNode(2,u_18)
layer 2 incoming edges: 121
split the incoming edges: 121 61 60
the value pair of raw_data is: 6265
split the outgoings edges: 85 79 78 157
add node: MDDNode(2,u_40) MDDNode(2,u_41), remove node: MDDNode(2,u_19)
layer 2 incoming edges: 117
split the incoming edges: 117 54 63
the value pair of raw_data is: 6265
split the outgoings edges: 83 78 78 156
add node: MDDNode(2,u_42) MDDNode(2,u_43), remove node: MDDNode(2,u_20)
layer 2 incoming edges: 122
split the incoming edges: 122 60 62
the value pair of raw_data is: 6265
split the outgoings edges: 87 85 86 171
add node: MDDNode(2,u_44) MDDNode(2,u_45), remove node: MDDNode(2,u_21)
3 4 32
layer 3 incoming edges: 160
split the incoming edges: 160 74 86
the value pair of raw_data is: 202
split the outgoings edges: 125 104 113 217
add node: MDDNode(3,u_46) MDDNode(3,u_47), remove node: MDDNode(3,u_22)
layer 3 incoming edges: 170
split the incoming edges: 170 94 76
the value pair of raw_data is: 202
split the outgoings edges: 111 105 90 195
add node: MDDNode(3,u_48) MDDNode(3,u_49), remove node: MDDNode(3,u_23)
layer 3 incoming edges: 147
split the incoming edges: 147 75 72
the value pair of raw_data is: 202
split the outgoings edges: 94 83 82 165
add node: MDDNode(3,u_50) MDDNode(3,u_51), remove node: MDDNode(3,u_24)
layer 3 incoming edges: 171
split the incoming edges: 171 88 83
the value pair of raw_data is: 202
split the outgoings edges: 88 82 72 154
add node: MDDNode(3,u_52) MDDNode(3,u_53), remove node: MDDNode(3,u_25)
4 4 32
layer 4 incoming edges: 175
split the incoming edges: 175 96 79
the value pair of raw_data is: 161
split the outgoings edges: 1 1 1 2
add node: MDDNode(4,u_54) MDDNode(4,u_55), remove node: MDDNode(4,u_26)
layer 4 incoming edges: 177
split the incoming edges: 177 83 94
the value pair of raw_data is: 161
split the outgoings edges: 1 1 1 2
add node: MDDNode(4,u_56) MDDNode(4,u_57), remove node: MDDNode(4,u_27)
layer 4 incoming edges: 196
split the incoming edges: 196 99 97
the value pair of raw_data is: 161
split the outgoings edges: 1 1 1 2
add node: MDDNode(4,u_58) MDDNode(4,u_59), remove node: MDDNode(4,u_28)
layer 4 incoming edges: 183
split the incoming edges: 183 86 97
the value pair of raw_data is: 161
split the outgoings edges: 1 1 1 2
add node: MDDNode(4,u_60) MDDNode(4,u_61), remove node: MDDNode(4,u_29)
1 8 32
layer 1 incoming edges: 16
split the incoming edges: 16 8 8
the value pair of raw_data is: 492
split the outgoings edges: 55 32 25 57
add node: MDDNode(1,u_62) MDDNode(1,u_63), remove node: MDDNode(1,u_30)
layer 1 incoming edges: 9
split the incoming edges: 9 5 4
the value pair of raw_data is: 492
split the outgoings edges: 43 18 27 45
add node: MDDNode(1,u_64) MDDNode(1,u_65), remove node: MDDNode(1,u_31)
layer 1 incoming edges: 11
split the incoming edges: 11 6 5
the value pair of raw_data is: 492
split the outgoings edges: 45 22 26 48
add node: MDDNode(1,u_66) MDDNode(1,u_67), remove node: MDDNode(1,u_32)
layer 1 incoming edges: 14
split the incoming edges: 14 6 8
the value pair of raw_data is: 492
split the outgoings edges: 62 31 31 62
add node: MDDNode(1,u_68) MDDNode(1,u_69), remove node: MDDNode(1,u_33)
layer 1 incoming edges: 17
split the incoming edges: 17 6 11
the value pair of raw_data is: 492
split the outgoings edges: 67 23 44 67
add node: MDDNode(1,u_70) MDDNode(1,u_71), remove node: MDDNode(1,u_34)
layer 1 incoming edges: 12
split the incoming edges: 12 4 8
the value pair of raw_data is: 492
split the outgoings edges: 53 11 42 53
add node: MDDNode(1,u_72) MDDNode(1,u_73), remove node: MDDNode(1,u_35)
layer 1 incoming edges: 16
split the incoming edges: 16 8 8
the value pair of raw_data is: 492
split the outgoings edges: 88 44 44 88
add node: MDDNode(1,u_74) MDDNode(1,u_75), remove node: MDDNode(1,u_36)
layer 1 incoming edges: 16
split the incoming edges: 16 6 10
the value pair of raw_data is: 492
split the outgoings edges: 72 31 41 72
add node: MDDNode(1,u_76) MDDNode(1,u_77), remove node: MDDNode(1,u_37)
2 8 32
layer 2 incoming edges: 60
split the incoming edges: 60 34 26
the value pair of raw_data is: 6265
split the outgoings edges: 80 72 70 142
add node: MDDNode(2,u_78) MDDNode(2,u_79), remove node: MDDNode(2,u_38)
layer 2 incoming edges: 67
split the incoming edges: 67 34 33
the value pair of raw_data is: 6265
split the outgoings edges: 84 78 81 159
add node: MDDNode(2,u_80) MDDNode(2,u_81), remove node: MDDNode(2,u_39)
layer 2 incoming edges: 63
split the incoming edges: 63 37 26
the value pair of raw_data is: 6265
split the outgoings edges: 79 79 64 143
add node: MDDNode(2,u_82) MDDNode(2,u_83), remove node: MDDNode(2,u_40)
layer 2 incoming edges: 61
split the incoming edges: 61 27 34
the value pair of raw_data is: 6265
split the outgoings edges: 78 75 72 147
add node: MDDNode(2,u_84) MDDNode(2,u_85), remove node: MDDNode(2,u_41)
layer 2 incoming edges: 54
split the incoming edges: 54 22 32
the value pair of raw_data is: 6265
split the outgoings edges: 78 64 77 141
add node: MDDNode(2,u_86) MDDNode(2,u_87), remove node: MDDNode(2,u_42)
layer 2 incoming edges: 65
split the incoming edges: 65 33 32
the value pair of raw_data is: 6265
split the outgoings edges: 78 74 70 144
add node: MDDNode(2,u_88) MDDNode(2,u_89), remove node: MDDNode(2,u_43)
layer 2 incoming edges: 60
split the incoming edges: 60 33 27
the value pair of raw_data is: 6265
split the outgoings edges: 85 76 76 152
add node: MDDNode(2,u_90) MDDNode(2,u_91), remove node: MDDNode(2,u_44)
layer 2 incoming edges: 62
split the incoming edges: 62 30 32
the value pair of raw_data is: 6265
split the outgoings edges: 86 76 83 159
add node: MDDNode(2,u_92) MDDNode(2,u_93), remove node: MDDNode(2,u_45)
3 8 32
layer 3 incoming edges: 136
split the incoming edges: 136 59 77
the value pair of raw_data is: 202
split the outgoings edges: 104 77 75 152
add node: MDDNode(3,u_94) MDDNode(3,u_95), remove node: MDDNode(3,u_46)
layer 3 incoming edges: 155
split the incoming edges: 155 88 67
the value pair of raw_data is: 202
split the outgoings edges: 113 98 97 195
add node: MDDNode(3,u_96) MDDNode(3,u_97), remove node: MDDNode(3,u_47)
layer 3 incoming edges: 175
split the incoming edges: 175 86 89
the value pair of raw_data is: 202
split the outgoings edges: 105 103 89 192
add node: MDDNode(3,u_98) MDDNode(3,u_99), remove node: MDDNode(3,u_48)
layer 3 incoming edges: 134
split the incoming edges: 134 72 62
the value pair of raw_data is: 202
split the outgoings edges: 90 74 71 145
add node: MDDNode(3,u_100) MDDNode(3,u_101), remove node: MDDNode(3,u_49)
layer 3 incoming edges: 138
split the incoming edges: 138 69 69
the value pair of raw_data is: 202
split the outgoings edges: 83 67 69 136
add node: MDDNode(3,u_102) MDDNode(3,u_103), remove node: MDDNode(3,u_50)
layer 3 incoming edges: 134
split the incoming edges: 134 75 59
the value pair of raw_data is: 202
split the outgoings edges: 82 69 69 138
add node: MDDNode(3,u_104) MDDNode(3,u_105), remove node: MDDNode(3,u_51)
layer 3 incoming edges: 165
split the incoming edges: 165 80 85
the value pair of raw_data is: 202
split the outgoings edges: 82 50 78 128
add node: MDDNode(3,u_106) MDDNode(3,u_107), remove node: MDDNode(3,u_52)
layer 3 incoming edges: 150
split the incoming edges: 150 69 81
the value pair of raw_data is: 202
split the outgoings edges: 72 60 68 128
add node: MDDNode(3,u_108) MDDNode(3,u_109), remove node: MDDNode(3,u_53)
4 8 32
layer 4 incoming edges: 154
split the incoming edges: 154 73 81
the value pair of raw_data is: 161
split the outgoings edges: 1 1 1 2
add node: MDDNode(4,u_110) MDDNode(4,u_111), remove node: MDDNode(4,u_54)
layer 4 incoming edges: 122
split the incoming edges: 122 73 49
the value pair of raw_data is: 161
split the outgoings edges: 1 1 1 2
add node: MDDNode(4,u_112) MDDNode(4,u_113), remove node: MDDNode(4,u_55)
layer 4 incoming edges: 140
split the incoming edges: 140 73 67
the value pair of raw_data is: 161
split the outgoings edges: 1 1 1 2
add node: MDDNode(4,u_114) MDDNode(4,u_115), remove node: MDDNode(4,u_56)
layer 4 incoming edges: 155
split the incoming edges: 155 76 79
the value pair of raw_data is: 161
split the outgoings edges: 1 1 1 2
add node: MDDNode(4,u_116) MDDNode(4,u_117), remove node: MDDNode(4,u_57)
layer 4 incoming edges: 165
split the incoming edges: 165 81 84
the value pair of raw_data is: 161
split the outgoings edges: 1 1 1 2
add node: MDDNode(4,u_118) MDDNode(4,u_119), remove node: MDDNode(4,u_58)
layer 4 incoming edges: 165
split the incoming edges: 165 82 83
the value pair of raw_data is: 161
split the outgoings edges: 1 1 1 2
add node: MDDNode(4,u_120) MDDNode(4,u_121), remove node: MDDNode(4,u_59)
layer 4 incoming edges: 146
split the incoming edges: 146 81 65
the value pair of raw_data is: 161
split the outgoings edges: 1 1 1 2
add node: MDDNode(4,u_122) MDDNode(4,u_123), remove node: MDDNode(4,u_60)
layer 4 incoming edges: 167
split the incoming edges: 167 90 77
the value pair of raw_data is: 161
split the outgoings edges: 1 1 1 2
add node: MDDNode(4,u_124) MDDNode(4,u_125), remove node: MDDNode(4,u_61)
1 16 32
layer 1 incoming edges: 8
split the incoming edges: 8 5 3
the value pair of raw_data is: 492
split the outgoings edges: 32 18 14 32
add node: MDDNode(1,u_126) MDDNode(1,u_127), remove node: MDDNode(1,u_62)
layer 1 incoming edges: 8
split the incoming edges: 8 4 4
the value pair of raw_data is: 492
split the outgoings edges: 25 15 10 25
add node: MDDNode(1,u_128) MDDNode(1,u_129), remove node: MDDNode(1,u_63)
layer 1 incoming edges: 5
one of splitted has no income edge:0 5
layer 1 incoming edges: 4
split the incoming edges: 4 3 1
the value pair of raw_data is: 492
split the outgoings edges: 27 11 16 27
add node: MDDNode(1,u_130) MDDNode(1,u_131), remove node: MDDNode(1,u_65)
layer 1 incoming edges: 6
split the incoming edges: 6 5 1
the value pair of raw_data is: 492
split the outgoings edges: 22 21 1 22
add node: MDDNode(1,u_132) MDDNode(1,u_133), remove node: MDDNode(1,u_66)
layer 1 incoming edges: 5
split the incoming edges: 5 1 4
the value pair of raw_data is: 492
split the outgoings edges: 26 2 24 26
add node: MDDNode(1,u_134) MDDNode(1,u_135), remove node: MDDNode(1,u_67)
layer 1 incoming edges: 6
split the incoming edges: 6 4 2
the value pair of raw_data is: 492
split the outgoings edges: 31 27 4 31
add node: MDDNode(1,u_136) MDDNode(1,u_137), remove node: MDDNode(1,u_68)
layer 1 incoming edges: 8
split the incoming edges: 8 4 4
the value pair of raw_data is: 492
split the outgoings edges: 31 8 23 31
add node: MDDNode(1,u_138) MDDNode(1,u_139), remove node: MDDNode(1,u_69)
layer 1 incoming edges: 6
split the incoming edges: 6 2 4
the value pair of raw_data is: 492
split the outgoings edges: 23 5 18 23
add node: MDDNode(1,u_140) MDDNode(1,u_141), remove node: MDDNode(1,u_70)
layer 1 incoming edges: 11
split the incoming edges: 11 5 6
the value pair of raw_data is: 492
split the outgoings edges: 44 13 31 44
add node: MDDNode(1,u_142) MDDNode(1,u_143), remove node: MDDNode(1,u_71)
layer 1 incoming edges: 4
split the incoming edges: 4 1 3
the value pair of raw_data is: 492
split the outgoings edges: 11 7 4 11
add node: MDDNode(1,u_144) MDDNode(1,u_145), remove node: MDDNode(1,u_72)
layer 1 incoming edges: 8
split the incoming edges: 8 3 5
the value pair of raw_data is: 492
split the outgoings edges: 42 19 23 42
add node: MDDNode(1,u_146) MDDNode(1,u_147), remove node: MDDNode(1,u_73)
layer 1 incoming edges: 8
split the incoming edges: 8 6 2
the value pair of raw_data is: 492
split the outgoings edges: 44 37 7 44
add node: MDDNode(1,u_148) MDDNode(1,u_149), remove node: MDDNode(1,u_74)
layer 1 incoming edges: 8
split the incoming edges: 8 3 5
the value pair of raw_data is: 492
split the outgoings edges: 44 17 27 44
add node: MDDNode(1,u_150) MDDNode(1,u_151), remove node: MDDNode(1,u_75)
layer 1 incoming edges: 6
split the incoming edges: 6 4 2
the value pair of raw_data is: 492
split the outgoings edges: 31 15 16 31
add node: MDDNode(1,u_152) MDDNode(1,u_153), remove node: MDDNode(1,u_76)
layer 1 incoming edges: 10
split the incoming edges: 10 3 7
the value pair of raw_data is: 492
split the outgoings edges: 41 20 21 41
add node: MDDNode(1,u_154) MDDNode(1,u_155), remove node: MDDNode(1,u_77)
2 16 32
layer 2 incoming edges: 34
split the incoming edges: 34 18 16
the value pair of raw_data is: 6265
split the outgoings edges: 72 67 65 132
add node: MDDNode(2,u_156) MDDNode(2,u_157), remove node: MDDNode(2,u_78)
layer 2 incoming edges: 26
split the incoming edges: 26 12 14
the value pair of raw_data is: 6265
split the outgoings edges: 70 40 65 105
add node: MDDNode(2,u_158) MDDNode(2,u_159), remove node: MDDNode(2,u_79)
layer 2 incoming edges: 34
split the incoming edges: 34 18 16
the value pair of raw_data is: 6265
split the outgoings edges: 78 77 61 138
add node: MDDNode(2,u_160) MDDNode(2,u_161), remove node: MDDNode(2,u_80)
layer 2 incoming edges: 33
split the incoming edges: 33 22 11
the value pair of raw_data is: 6265
split the outgoings edges: 81 75 59 134
add node: MDDNode(2,u_162) MDDNode(2,u_163), remove node: MDDNode(2,u_81)
layer 2 incoming edges: 37
split the incoming edges: 37 15 22
the value pair of raw_data is: 6265
split the outgoings edges: 79 67 66 133
add node: MDDNode(2,u_164) MDDNode(2,u_165), remove node: MDDNode(2,u_82)
layer 2 incoming edges: 26
split the incoming edges: 26 13 13
the value pair of raw_data is: 6265
split the outgoings edges: 64 56 49 105
add node: MDDNode(2,u_166) MDDNode(2,u_167), remove node: MDDNode(2,u_83)
layer 2 incoming edges: 27
split the incoming edges: 27 16 11
the value pair of raw_data is: 6265
split the outgoings edges: 75 70 59 129
add node: MDDNode(2,u_168) MDDNode(2,u_169), remove node: MDDNode(2,u_84)
layer 2 incoming edges: 34
split the incoming edges: 34 16 18
the value pair of raw_data is: 6265
split the outgoings edges: 72 62 68 130
add node: MDDNode(2,u_170) MDDNode(2,u_171), remove node: MDDNode(2,u_85)
layer 2 incoming edges: 22
split the incoming edges: 22 10 12
the value pair of raw_data is: 6265
split the outgoings edges: 64 48 56 104
add node: MDDNode(2,u_172) MDDNode(2,u_173), remove node: MDDNode(2,u_86)
layer 2 incoming edges: 32
split the incoming edges: 32 18 14
the value pair of raw_data is: 6265
split the outgoings edges: 77 76 55 131
add node: MDDNode(2,u_174) MDDNode(2,u_175), remove node: MDDNode(2,u_87)
layer 2 incoming edges: 33
split the incoming edges: 33 15 18
the value pair of raw_data is: 6265
split the outgoings edges: 74 56 68 124
add node: MDDNode(2,u_176) MDDNode(2,u_177), remove node: MDDNode(2,u_88)
layer 2 incoming edges: 32
split the incoming edges: 32 16 16
the value pair of raw_data is: 6265
split the outgoings edges: 70 59 58 117
add node: MDDNode(2,u_178) MDDNode(2,u_179), remove node: MDDNode(2,u_89)
layer 2 incoming edges: 33
split the incoming edges: 33 15 18
the value pair of raw_data is: 6265
split the outgoings edges: 76 69 62 131
add node: MDDNode(2,u_180) MDDNode(2,u_181), remove node: MDDNode(2,u_90)
layer 2 incoming edges: 27
split the incoming edges: 27 11 16
the value pair of raw_data is: 6265
split the outgoings edges: 76 70 65 135
add node: MDDNode(2,u_182) MDDNode(2,u_183), remove node: MDDNode(2,u_91)
layer 2 incoming edges: 30
split the incoming edges: 30 16 14
the value pair of raw_data is: 6265
split the outgoings edges: 76 70 57 127
add node: MDDNode(2,u_184) MDDNode(2,u_185), remove node: MDDNode(2,u_92)
layer 2 incoming edges: 32
split the incoming edges: 32 13 19
the value pair of raw_data is: 6265
split the outgoings edges: 83 72 71 143
add node: MDDNode(2,u_186) MDDNode(2,u_187), remove node: MDDNode(2,u_93)
3 16 32
layer 3 incoming edges: 99
split the incoming edges: 99 41 58
the value pair of raw_data is: 202
split the outgoings edges: 77 65 58 123
add node: MDDNode(3,u_188) MDDNode(3,u_189), remove node: MDDNode(3,u_94)
layer 3 incoming edges: 120
split the incoming edges: 120 57 63
the value pair of raw_data is: 202
split the outgoings edges: 75 61 65 126
add node: MDDNode(3,u_190) MDDNode(3,u_191), remove node: MDDNode(3,u_95)
layer 3 incoming edges: 144
split the incoming edges: 144 71 73
the value pair of raw_data is: 202
split the outgoings edges: 98 79 73 152
add node: MDDNode(3,u_192) MDDNode(3,u_193), remove node: MDDNode(3,u_96)
layer 3 incoming edges: 110
split the incoming edges: 110 51 59
the value pair of raw_data is: 202
split the outgoings edges: 97 67 82 149
add node: MDDNode(3,u_194) MDDNode(3,u_195), remove node: MDDNode(3,u_97)
layer 3 incoming edges: 154
split the incoming edges: 154 71 83
the value pair of raw_data is: 202
split the outgoings edges: 103 92 88 180
add node: MDDNode(3,u_196) MDDNode(3,u_197), remove node: MDDNode(3,u_98)
layer 3 incoming edges: 160
split the incoming edges: 160 86 74
the value pair of raw_data is: 202
split the outgoings edges: 89 80 81 161
add node: MDDNode(3,u_198) MDDNode(3,u_199), remove node: MDDNode(3,u_99)
layer 3 incoming edges: 122
split the incoming edges: 122 53 69
the value pair of raw_data is: 202
split the outgoings edges: 74 61 58 119
add node: MDDNode(3,u_200) MDDNode(3,u_201), remove node: MDDNode(3,u_100)
layer 3 incoming edges: 107
split the incoming edges: 107 58 49
the value pair of raw_data is: 202
split the outgoings edges: 71 65 48 113
add node: MDDNode(3,u_202) MDDNode(3,u_203), remove node: MDDNode(3,u_101)
layer 3 incoming edges: 114
split the incoming edges: 114 60 54
the value pair of raw_data is: 202
split the outgoings edges: 67 57 51 108
add node: MDDNode(3,u_204) MDDNode(3,u_205), remove node: MDDNode(3,u_102)
layer 3 incoming edges: 113
split the incoming edges: 113 59 54
the value pair of raw_data is: 202
split the outgoings edges: 69 55 62 117
add node: MDDNode(3,u_206) MDDNode(3,u_207), remove node: MDDNode(3,u_103)
layer 3 incoming edges: 131
split the incoming edges: 131 55 76
the value pair of raw_data is: 202
split the outgoings edges: 69 50 62 112
add node: MDDNode(3,u_208) MDDNode(3,u_209), remove node: MDDNode(3,u_104)
layer 3 incoming edges: 102
split the incoming edges: 102 51 51
the value pair of raw_data is: 202
split the outgoings edges: 69 54 51 105
add node: MDDNode(3,u_210) MDDNode(3,u_211), remove node: MDDNode(3,u_105)
layer 3 incoming edges: 147
split the incoming edges: 147 67 80
the value pair of raw_data is: 202
split the outgoings edges: 50 44 47 91
add node: MDDNode(3,u_212) MDDNode(3,u_213), remove node: MDDNode(3,u_106)
layer 3 incoming edges: 148
split the incoming edges: 148 74 74
the value pair of raw_data is: 202
split the outgoings edges: 78 68 59 127
add node: MDDNode(3,u_214) MDDNode(3,u_215), remove node: MDDNode(3,u_107)
layer 3 incoming edges: 118
split the incoming edges: 118 60 58
the value pair of raw_data is: 202
split the outgoings edges: 60 49 45 94
add node: MDDNode(3,u_216) MDDNode(3,u_217), remove node: MDDNode(3,u_108)
layer 3 incoming edges: 129
split the incoming edges: 129 62 67
the value pair of raw_data is: 202
split the outgoings edges: 68 43 60 103
add node: MDDNode(3,u_218) MDDNode(3,u_219), remove node: MDDNode(3,u_109)
4 16 32
layer 4 incoming edges: 114
split the incoming edges: 114 55 59
the value pair of raw_data is: 161
split the outgoings edges: 1 1 1 2
add node: MDDNode(4,u_220) MDDNode(4,u_221), remove node: MDDNode(4,u_110)
layer 4 incoming edges: 121
split the incoming edges: 121 66 55
the value pair of raw_data is: 161
split the outgoings edges: 1 1 1 2
add node: MDDNode(4,u_222) MDDNode(4,u_223), remove node: MDDNode(4,u_111)
layer 4 incoming edges: 118
split the incoming edges: 118 64 54
the value pair of raw_data is: 161
split the outgoings edges: 1 1 1 2
add node: MDDNode(4,u_224) MDDNode(4,u_225), remove node: MDDNode(4,u_112)
layer 4 incoming edges: 76
split the incoming edges: 76 40 36
the value pair of raw_data is: 161
split the outgoings edges: 1 1 1 2
add node: MDDNode(4,u_226) MDDNode(4,u_227), remove node: MDDNode(4,u_113)
layer 4 incoming edges: 112
split the incoming edges: 112 61 51
the value pair of raw_data is: 161
split the outgoings edges: 1 1 1 2
add node: MDDNode(4,u_228) MDDNode(4,u_229), remove node: MDDNode(4,u_114)
layer 4 incoming edges: 107
split the incoming edges: 107 56 51
the value pair of raw_data is: 161
split the outgoings edges: 1 1 1 2
add node: MDDNode(4,u_230) MDDNode(4,u_231), remove node: MDDNode(4,u_115)
layer 4 incoming edges: 120
split the incoming edges: 120 60 60
the value pair of raw_data is: 161
split the outgoings edges: 1 1 1 2
add node: MDDNode(4,u_232) MDDNode(4,u_233), remove node: MDDNode(4,u_116)
layer 4 incoming edges: 127
split the incoming edges: 127 72 55
the value pair of raw_data is: 161
split the outgoings edges: 1 1 1 2
add node: MDDNode(4,u_234) MDDNode(4,u_235), remove node: MDDNode(4,u_117)
layer 4 incoming edges: 129
split the incoming edges: 129 62 67
the value pair of raw_data is: 161
split the outgoings edges: 1 1 1 2
add node: MDDNode(4,u_236) MDDNode(4,u_237), remove node: MDDNode(4,u_118)
layer 4 incoming edges: 140
split the incoming edges: 140 74 66
the value pair of raw_data is: 161
split the outgoings edges: 1 1 1 2
add node: MDDNode(4,u_238) MDDNode(4,u_239), remove node: MDDNode(4,u_119)
layer 4 incoming edges: 141
split the incoming edges: 141 63 78
the value pair of raw_data is: 161
split the outgoings edges: 1 1 1 2
add node: MDDNode(4,u_240) MDDNode(4,u_241), remove node: MDDNode(4,u_120)
layer 4 incoming edges: 139
split the incoming edges: 139 78 61
the value pair of raw_data is: 161
split the outgoings edges: 1 1 1 2
add node: MDDNode(4,u_242) MDDNode(4,u_243), remove node: MDDNode(4,u_121)
layer 4 incoming edges: 134
split the incoming edges: 134 70 64
the value pair of raw_data is: 161
split the outgoings edges: 1 1 1 2
add node: MDDNode(4,u_244) MDDNode(4,u_245), remove node: MDDNode(4,u_122)
layer 4 incoming edges: 115
split the incoming edges: 115 60 55
the value pair of raw_data is: 161
split the outgoings edges: 1 1 1 2
add node: MDDNode(4,u_246) MDDNode(4,u_247), remove node: MDDNode(4,u_123)
layer 4 incoming edges: 152
split the incoming edges: 152 76 76
the value pair of raw_data is: 161
split the outgoings edges: 1 1 1 2
add node: MDDNode(4,u_248) MDDNode(4,u_249), remove node: MDDNode(4,u_124)
layer 4 incoming edges: 135
split the incoming edges: 135 75 60
the value pair of raw_data is: 161
split the outgoings edges: 1 1 1 2
add node: MDDNode(4,u_250) MDDNode(4,u_251), remove node: MDDNode(4,u_125)
1 31 32
layer 1 incoming edges: 5
split the incoming edges: 5 2 3
the value pair of raw_data is: 492
split the outgoings edges: 18 7 11 18
add node: MDDNode(1,u_252) MDDNode(1,u_253), remove node: MDDNode(1,u_64)
layer 1 incoming edges: 5
node canot be splitted, beacause reaching the bound!: 32
layer 1 incoming edges: 3
one of splitted has no income edge:3 0
layer 1 incoming edges: 4
node canot be splitted, beacause reaching the bound!: 32
layer 1 incoming edges: 4
node canot be splitted, beacause reaching the bound!: 32
layer 1 incoming edges: 3
node canot be splitted, beacause reaching the bound!: 32
layer 1 incoming edges: 1
one of splitted has no income edge:0 1
layer 1 incoming edges: 5
node canot be splitted, beacause reaching the bound!: 32
layer 1 incoming edges: 1
one of splitted has no income edge:0 1
layer 1 incoming edges: 1
one of splitted has no income edge:0 1
layer 1 incoming edges: 4
node canot be splitted, beacause reaching the bound!: 32
layer 1 incoming edges: 4
node canot be splitted, beacause reaching the bound!: 32
layer 1 incoming edges: 2
one of splitted has no income edge:0 2
layer 1 incoming edges: 4
node canot be splitted, beacause reaching the bound!: 32
layer 1 incoming edges: 4
node canot be splitted, beacause reaching the bound!: 32
layer 1 incoming edges: 2
node canot be splitted, beacause reaching the bound!: 32
layer 1 incoming edges: 4
node canot be splitted, beacause reaching the bound!: 32
layer 1 incoming edges: 5
node canot be splitted, beacause reaching the bound!: 32
layer 1 incoming edges: 6
node canot be splitted, beacause reaching the bound!: 32
layer 1 incoming edges: 1
one of splitted has no income edge:1 0
layer 1 incoming edges: 3
node canot be splitted, beacause reaching the bound!: 32
layer 1 incoming edges: 3
node canot be splitted, beacause reaching the bound!: 32
layer 1 incoming edges: 5
node canot be splitted, beacause reaching the bound!: 32
layer 1 incoming edges: 6
node canot be splitted, beacause reaching the bound!: 32
layer 1 incoming edges: 2
one of splitted has no income edge:0 2
layer 1 incoming edges: 3
node canot be splitted, beacause reaching the bound!: 32
layer 1 incoming edges: 5
node canot be splitted, beacause reaching the bound!: 32
layer 1 incoming edges: 4
node canot be splitted, beacause reaching the bound!: 32
layer 1 incoming edges: 2
one of splitted has no income edge:2 0
layer 1 incoming edges: 3
node canot be splitted, beacause reaching the bound!: 32
layer 1 incoming edges: 7
node canot be splitted, beacause reaching the bound!: 32
The bucket size: [25]
the graph width list : [1, 32, 32, 32, 32, 1]
iter= 1 dev 0.2725   test 0.2649   intelligible 0.3417   english 0.2817   gold 0.5497   save acc: 0.3417 time: 2019-11-27T16:31 
iter= 2 dev 0.3009   test 0.2967   intelligible 0.3848   english 0.3174   gold 0.6644   save acc: 0.3848 time: 2019-11-27T16:32 
iter= 3 dev 0.3190   test 0.3171   intelligible 0.4102   english 0.3397   gold 0.7175   save acc: 0.4102 time: 2019-11-27T16:33 
iter= 4 dev 0.3239   test 0.3241   intelligible 0.4189   english 0.3465   gold 0.7277   save acc: 0.4189 time: 2019-11-27T16:34 
iter= 5 dev 0.3291   test 0.3272   intelligible 0.4292   english 0.3513   gold 0.7466   save acc: 0.4292 time: 2019-11-27T16:35 
iter= 6 dev 0.3308   test 0.3239   intelligible 0.4205   english 0.3459   gold 0.7397   
iter= 7 dev 0.3303   test 0.3283   intelligible 0.4242   english 0.3498   gold 0.7329   
iter= 8 dev 0.3289   test 0.3301   intelligible 0.4314   english 0.3543   gold 0.7329   save acc: 0.4314 time: 2019-11-27T16:38 
iter= 9 dev 0.3294   test 0.3311   intelligible 0.4288   english 0.3528   gold 0.7329   
iter= 10 dev 0.3308   test 0.3293   intelligible 0.4303   english 0.3531   gold 0.7397   
iter= 11 dev 0.3325   test 0.3301   intelligible 0.4288   english 0.3531   gold 0.7363   
iter= 12 dev 0.3358   test 0.3326   intelligible 0.4326   english 0.3560   gold 0.7363   save acc: 0.4326 time: 2019-11-27T16:42 
iter= 13 dev 0.3353   test 0.3303   intelligible 0.4292   english 0.3528   gold 0.7329   
iter= 14 dev 0.3334   test 0.3319   intelligible 0.4318   english 0.3546   gold 0.7449   
iter= 15 dev 0.3344   test 0.3293   intelligible 0.4292   english 0.3528   gold 0.7312   
iter= 16 dev 0.3334   test 0.3332   intelligible 0.4322   english 0.3554   gold 0.7380   
iter= 17 dev 0.3346   test 0.3288   intelligible 0.4273   english 0.3513   gold 0.7312   
iter= 18 dev 0.3320   test 0.3308   intelligible 0.4303   english 0.3537   gold 0.7380   
iter= 19 dev 0.3363   test 0.3288   intelligible 0.4280   english 0.3516   gold 0.7329   
iter= 20 dev 0.3355   test 0.3308   intelligible 0.4295   english 0.3531   gold 0.7312   
iter= 21 dev 0.3341   test 0.3295   intelligible 0.4269   english 0.3513   gold 0.7329   
