args Namespace(config='configs/config_l.json', dataset='dataset/IFTTT/msr_data.pkl', load_model=None, mode='train', output='model/ifttt/width-32/pid-8-', width='32')
configure: {'max_word_id': 4000, 'bidirectional': True, 'cell_type': 'lstm', 'decoder': 'attention', 'embedding_size': 50, 'keep_prob': 0.5, 'memory_size': 25, 'num_layers': 1, 'num_units': 50, 'use_embedding': True, 'epoches': 20, 'batch_size': 32, 'init': {'name': 'random_uniform_initializer', 'scale': 0.1}, 'lr_scheduler': {'decay_steps': 5000, 'init_lr': 0.01, 'staircase': True}, 'max_grad_norm': 1, 'optimizer': 'AdamOptimizer'}
# path 8580
save to model/ifttt/width-32/pid-8-IFTTT-w-32.json
load json
numArcLayers: 5
1 1 32
layer 1 incoming edges: 111
split the incoming edges: 111 42 69
the value pair of raw_data is: 492
split the outgoings edges: 443 186 273 459
add node: MDDNode(1,u_6) MDDNode(1,u_7), remove node: MDDNode(1,u_1)
2 1 32
layer 2 incoming edges: 459
split the incoming edges: 459 250 209
the value pair of raw_data is: 6265
split the outgoings edges: 88 88 87 175
add node: MDDNode(2,u_8) MDDNode(2,u_9), remove node: MDDNode(2,u_2)
3 1 32
layer 3 incoming edges: 175
split the incoming edges: 175 85 90
the value pair of raw_data is: 202
split the outgoings edges: 161 132 122 254
add node: MDDNode(3,u_10) MDDNode(3,u_11), remove node: MDDNode(3,u_3)
4 1 32
layer 4 incoming edges: 254
split the incoming edges: 254 125 129
the value pair of raw_data is: 161
split the outgoings edges: 1 1 1 2
add node: MDDNode(4,u_12) MDDNode(4,u_13), remove node: MDDNode(4,u_4)
1 2 32
layer 1 incoming edges: 42
split the incoming edges: 42 19 23
the value pair of raw_data is: 492
split the outgoings edges: 186 114 77 191
add node: MDDNode(1,u_14) MDDNode(1,u_15), remove node: MDDNode(1,u_6)
layer 1 incoming edges: 69
split the incoming edges: 69 35 34
the value pair of raw_data is: 492
split the outgoings edges: 273 164 117 281
add node: MDDNode(1,u_16) MDDNode(1,u_17), remove node: MDDNode(1,u_7)
2 2 32
layer 2 incoming edges: 260
split the incoming edges: 260 129 131
the value pair of raw_data is: 6265
split the outgoings edges: 88 86 85 171
add node: MDDNode(2,u_18) MDDNode(2,u_19), remove node: MDDNode(2,u_8)
layer 2 incoming edges: 212
split the incoming edges: 212 106 106
the value pair of raw_data is: 6265
split the outgoings edges: 87 84 84 168
add node: MDDNode(2,u_20) MDDNode(2,u_21), remove node: MDDNode(2,u_9)
3 2 32
layer 3 incoming edges: 163
split the incoming edges: 163 86 77
the value pair of raw_data is: 202
split the outgoings edges: 132 96 99 195
add node: MDDNode(3,u_22) MDDNode(3,u_23), remove node: MDDNode(3,u_10)
layer 3 incoming edges: 176
split the incoming edges: 176 94 82
the value pair of raw_data is: 202
split the outgoings edges: 122 101 98 199
add node: MDDNode(3,u_24) MDDNode(3,u_25), remove node: MDDNode(3,u_11)
4 2 32
layer 4 incoming edges: 190
split the incoming edges: 190 91 99
the value pair of raw_data is: 161
split the outgoings edges: 1 1 1 2
add node: MDDNode(4,u_26) MDDNode(4,u_27), remove node: MDDNode(4,u_12)
layer 4 incoming edges: 204
split the incoming edges: 204 109 95
the value pair of raw_data is: 161
split the outgoings edges: 1 1 1 2
add node: MDDNode(4,u_28) MDDNode(4,u_29), remove node: MDDNode(4,u_13)
1 4 32
layer 1 incoming edges: 19
split the incoming edges: 19 6 13
the value pair of raw_data is: 492
split the outgoings edges: 114 42 79 121
add node: MDDNode(1,u_30) MDDNode(1,u_31), remove node: MDDNode(1,u_14)
layer 1 incoming edges: 23
split the incoming edges: 23 10 13
the value pair of raw_data is: 492
split the outgoings edges: 77 43 34 77
add node: MDDNode(1,u_32) MDDNode(1,u_33), remove node: MDDNode(1,u_15)
layer 1 incoming edges: 35
split the incoming edges: 35 16 19
the value pair of raw_data is: 492
split the outgoings edges: 164 69 99 168
add node: MDDNode(1,u_34) MDDNode(1,u_35), remove node: MDDNode(1,u_16)
layer 1 incoming edges: 34
split the incoming edges: 34 13 21
the value pair of raw_data is: 492
split the outgoings edges: 117 42 77 119
add node: MDDNode(1,u_36) MDDNode(1,u_37), remove node: MDDNode(1,u_17)
2 4 32
layer 2 incoming edges: 132
split the incoming edges: 132 69 63
the value pair of raw_data is: 6265
split the outgoings edges: 86 85 82 167
add node: MDDNode(2,u_38) MDDNode(2,u_39), remove node: MDDNode(2,u_18)
layer 2 incoming edges: 139
split the incoming edges: 139 82 57
the value pair of raw_data is: 6265
split the outgoings edges: 85 82 81 163
add node: MDDNode(2,u_40) MDDNode(2,u_41), remove node: MDDNode(2,u_19)
layer 2 incoming edges: 107
split the incoming edges: 107 53 54
the value pair of raw_data is: 6265
split the outgoings edges: 84 77 77 154
add node: MDDNode(2,u_42) MDDNode(2,u_43), remove node: MDDNode(2,u_20)
layer 2 incoming edges: 107
split the incoming edges: 107 49 58
the value pair of raw_data is: 6265
split the outgoings edges: 84 78 80 158
add node: MDDNode(2,u_44) MDDNode(2,u_45), remove node: MDDNode(2,u_21)
3 4 32
layer 3 incoming edges: 164
split the incoming edges: 164 82 82
the value pair of raw_data is: 202
split the outgoings edges: 96 85 73 158
add node: MDDNode(3,u_46) MDDNode(3,u_47), remove node: MDDNode(3,u_22)
layer 3 incoming edges: 148
split the incoming edges: 148 69 79
the value pair of raw_data is: 202
split the outgoings edges: 99 84 81 165
add node: MDDNode(3,u_48) MDDNode(3,u_49), remove node: MDDNode(3,u_23)
layer 3 incoming edges: 177
split the incoming edges: 177 95 82
the value pair of raw_data is: 202
split the outgoings edges: 101 90 88 178
add node: MDDNode(3,u_50) MDDNode(3,u_51), remove node: MDDNode(3,u_24)
layer 3 incoming edges: 153
split the incoming edges: 153 87 66
the value pair of raw_data is: 202
split the outgoings edges: 98 82 77 159
add node: MDDNode(3,u_52) MDDNode(3,u_53), remove node: MDDNode(3,u_25)
4 4 32
layer 4 incoming edges: 152
split the incoming edges: 152 91 61
the value pair of raw_data is: 161
split the outgoings edges: 1 1 1 2
add node: MDDNode(4,u_54) MDDNode(4,u_55), remove node: MDDNode(4,u_26)
layer 4 incoming edges: 165
split the incoming edges: 165 92 73
the value pair of raw_data is: 161
split the outgoings edges: 1 1 1 2
add node: MDDNode(4,u_56) MDDNode(4,u_57), remove node: MDDNode(4,u_27)
layer 4 incoming edges: 185
split the incoming edges: 185 90 95
the value pair of raw_data is: 161
split the outgoings edges: 1 1 1 2
add node: MDDNode(4,u_58) MDDNode(4,u_59), remove node: MDDNode(4,u_28)
layer 4 incoming edges: 158
split the incoming edges: 158 70 88
the value pair of raw_data is: 161
split the outgoings edges: 1 1 1 2
add node: MDDNode(4,u_60) MDDNode(4,u_61), remove node: MDDNode(4,u_29)
1 8 32
layer 1 incoming edges: 6
split the incoming edges: 6 4 2
the value pair of raw_data is: 492
split the outgoings edges: 42 26 16 42
add node: MDDNode(1,u_62) MDDNode(1,u_63), remove node: MDDNode(1,u_30)
layer 1 incoming edges: 13
split the incoming edges: 13 6 7
the value pair of raw_data is: 492
split the outgoings edges: 79 51 28 79
add node: MDDNode(1,u_64) MDDNode(1,u_65), remove node: MDDNode(1,u_31)
layer 1 incoming edges: 10
split the incoming edges: 10 3 7
the value pair of raw_data is: 492
split the outgoings edges: 43 13 30 43
add node: MDDNode(1,u_66) MDDNode(1,u_67), remove node: MDDNode(1,u_32)
layer 1 incoming edges: 13
split the incoming edges: 13 8 5
the value pair of raw_data is: 492
split the outgoings edges: 34 21 13 34
add node: MDDNode(1,u_68) MDDNode(1,u_69), remove node: MDDNode(1,u_33)
layer 1 incoming edges: 16
split the incoming edges: 16 9 7
the value pair of raw_data is: 492
split the outgoings edges: 69 32 37 69
add node: MDDNode(1,u_70) MDDNode(1,u_71), remove node: MDDNode(1,u_34)
layer 1 incoming edges: 19
split the incoming edges: 19 12 7
the value pair of raw_data is: 492
split the outgoings edges: 99 60 39 99
add node: MDDNode(1,u_72) MDDNode(1,u_73), remove node: MDDNode(1,u_35)
layer 1 incoming edges: 13
split the incoming edges: 13 9 4
the value pair of raw_data is: 492
split the outgoings edges: 42 30 12 42
add node: MDDNode(1,u_74) MDDNode(1,u_75), remove node: MDDNode(1,u_36)
layer 1 incoming edges: 21
split the incoming edges: 21 7 14
the value pair of raw_data is: 492
split the outgoings edges: 77 35 45 80
add node: MDDNode(1,u_76) MDDNode(1,u_77), remove node: MDDNode(1,u_37)
2 8 32
layer 2 incoming edges: 70
split the incoming edges: 70 35 35
the value pair of raw_data is: 6265
split the outgoings edges: 85 77 82 159
add node: MDDNode(2,u_78) MDDNode(2,u_79), remove node: MDDNode(2,u_38)
layer 2 incoming edges: 63
split the incoming edges: 63 37 26
the value pair of raw_data is: 6265
split the outgoings edges: 82 74 75 149
add node: MDDNode(2,u_80) MDDNode(2,u_81), remove node: MDDNode(2,u_39)
layer 2 incoming edges: 82
split the incoming edges: 82 40 42
the value pair of raw_data is: 6265
split the outgoings edges: 82 80 81 161
add node: MDDNode(2,u_82) MDDNode(2,u_83), remove node: MDDNode(2,u_40)
layer 2 incoming edges: 58
split the incoming edges: 58 25 33
the value pair of raw_data is: 6265
split the outgoings edges: 81 80 74 154
add node: MDDNode(2,u_84) MDDNode(2,u_85), remove node: MDDNode(2,u_41)
layer 2 incoming edges: 53
split the incoming edges: 53 29 24
the value pair of raw_data is: 6265
split the outgoings edges: 77 73 66 139
add node: MDDNode(2,u_86) MDDNode(2,u_87), remove node: MDDNode(2,u_42)
layer 2 incoming edges: 54
split the incoming edges: 54 21 33
the value pair of raw_data is: 6265
split the outgoings edges: 77 66 76 142
add node: MDDNode(2,u_88) MDDNode(2,u_89), remove node: MDDNode(2,u_43)
layer 2 incoming edges: 50
split the incoming edges: 50 22 28
the value pair of raw_data is: 6265
split the outgoings edges: 78 65 77 142
add node: MDDNode(2,u_90) MDDNode(2,u_91), remove node: MDDNode(2,u_44)
layer 2 incoming edges: 58
split the incoming edges: 58 26 32
the value pair of raw_data is: 6265
split the outgoings edges: 80 67 78 145
add node: MDDNode(2,u_92) MDDNode(2,u_93), remove node: MDDNode(2,u_45)
3 8 32
layer 3 incoming edges: 154
split the incoming edges: 154 76 78
the value pair of raw_data is: 202
split the outgoings edges: 85 73 75 148
add node: MDDNode(3,u_94) MDDNode(3,u_95), remove node: MDDNode(3,u_46)
layer 3 incoming edges: 157
split the incoming edges: 157 77 80
the value pair of raw_data is: 202
split the outgoings edges: 73 61 66 127
add node: MDDNode(3,u_96) MDDNode(3,u_97), remove node: MDDNode(3,u_47)
layer 3 incoming edges: 124
split the incoming edges: 124 61 63
the value pair of raw_data is: 202
split the outgoings edges: 84 79 62 141
add node: MDDNode(3,u_98) MDDNode(3,u_99), remove node: MDDNode(3,u_48)
layer 3 incoming edges: 150
split the incoming edges: 150 75 75
the value pair of raw_data is: 202
split the outgoings edges: 81 75 73 148
add node: MDDNode(3,u_100) MDDNode(3,u_101), remove node: MDDNode(3,u_49)
layer 3 incoming edges: 176
split the incoming edges: 176 83 93
the value pair of raw_data is: 202
split the outgoings edges: 90 67 79 146
add node: MDDNode(3,u_102) MDDNode(3,u_103), remove node: MDDNode(3,u_50)
layer 3 incoming edges: 148
split the incoming edges: 148 66 82
the value pair of raw_data is: 202
split the outgoings edges: 88 74 73 147
add node: MDDNode(3,u_104) MDDNode(3,u_105), remove node: MDDNode(3,u_51)
layer 3 incoming edges: 158
split the incoming edges: 158 78 80
the value pair of raw_data is: 202
split the outgoings edges: 82 68 78 146
add node: MDDNode(3,u_106) MDDNode(3,u_107), remove node: MDDNode(3,u_52)
layer 3 incoming edges: 124
split the incoming edges: 124 57 67
the value pair of raw_data is: 202
split the outgoings edges: 77 72 62 134
add node: MDDNode(3,u_108) MDDNode(3,u_109), remove node: MDDNode(3,u_53)
4 8 32
layer 4 incoming edges: 162
split the incoming edges: 162 78 84
the value pair of raw_data is: 161
split the outgoings edges: 1 1 1 2
add node: MDDNode(4,u_110) MDDNode(4,u_111), remove node: MDDNode(4,u_54)
layer 4 incoming edges: 99
split the incoming edges: 99 53 46
the value pair of raw_data is: 161
split the outgoings edges: 1 1 1 2
add node: MDDNode(4,u_112) MDDNode(4,u_113), remove node: MDDNode(4,u_55)
layer 4 incoming edges: 155
split the incoming edges: 155 81 74
the value pair of raw_data is: 161
split the outgoings edges: 1 1 1 2
add node: MDDNode(4,u_114) MDDNode(4,u_115), remove node: MDDNode(4,u_56)
layer 4 incoming edges: 128
split the incoming edges: 128 58 70
the value pair of raw_data is: 161
split the outgoings edges: 1 1 1 2
add node: MDDNode(4,u_116) MDDNode(4,u_117), remove node: MDDNode(4,u_57)
layer 4 incoming edges: 157
split the incoming edges: 157 73 84
the value pair of raw_data is: 161
split the outgoings edges: 1 1 1 2
add node: MDDNode(4,u_118) MDDNode(4,u_119), remove node: MDDNode(4,u_58)
layer 4 incoming edges: 169
split the incoming edges: 169 85 84
the value pair of raw_data is: 161
split the outgoings edges: 1 1 1 2
add node: MDDNode(4,u_120) MDDNode(4,u_121), remove node: MDDNode(4,u_59)
layer 4 incoming edges: 116
split the incoming edges: 116 59 57
the value pair of raw_data is: 161
split the outgoings edges: 1 1 1 2
add node: MDDNode(4,u_122) MDDNode(4,u_123), remove node: MDDNode(4,u_60)
layer 4 incoming edges: 151
split the incoming edges: 151 85 66
the value pair of raw_data is: 161
split the outgoings edges: 1 1 1 2
add node: MDDNode(4,u_124) MDDNode(4,u_125), remove node: MDDNode(4,u_61)
1 16 32
layer 1 incoming edges: 4
one of splitted has no income edge:4 0
layer 1 incoming edges: 2
one of splitted has no income edge:2 0
layer 1 incoming edges: 6
split the incoming edges: 6 3 3
the value pair of raw_data is: 492
split the outgoings edges: 51 25 26 51
add node: MDDNode(1,u_126) MDDNode(1,u_127), remove node: MDDNode(1,u_64)
layer 1 incoming edges: 7
split the incoming edges: 7 3 4
the value pair of raw_data is: 492
split the outgoings edges: 28 11 17 28
add node: MDDNode(1,u_128) MDDNode(1,u_129), remove node: MDDNode(1,u_65)
layer 1 incoming edges: 3
split the incoming edges: 3 2 1
the value pair of raw_data is: 492
split the outgoings edges: 13 8 5 13
add node: MDDNode(1,u_130) MDDNode(1,u_131), remove node: MDDNode(1,u_66)
layer 1 incoming edges: 7
split the incoming edges: 7 2 5
the value pair of raw_data is: 492
split the outgoings edges: 30 15 15 30
add node: MDDNode(1,u_132) MDDNode(1,u_133), remove node: MDDNode(1,u_67)
layer 1 incoming edges: 8
split the incoming edges: 8 3 5
the value pair of raw_data is: 492
split the outgoings edges: 21 5 16 21
add node: MDDNode(1,u_134) MDDNode(1,u_135), remove node: MDDNode(1,u_68)
layer 1 incoming edges: 5
split the incoming edges: 5 4 1
the value pair of raw_data is: 492
split the outgoings edges: 13 12 1 13
add node: MDDNode(1,u_136) MDDNode(1,u_137), remove node: MDDNode(1,u_69)
layer 1 incoming edges: 9
split the incoming edges: 9 8 1
the value pair of raw_data is: 492
split the outgoings edges: 32 30 2 32
add node: MDDNode(1,u_138) MDDNode(1,u_139), remove node: MDDNode(1,u_70)
layer 1 incoming edges: 7
split the incoming edges: 7 5 2
the value pair of raw_data is: 492
split the outgoings edges: 37 30 7 37
add node: MDDNode(1,u_140) MDDNode(1,u_141), remove node: MDDNode(1,u_71)
layer 1 incoming edges: 12
split the incoming edges: 12 2 10
the value pair of raw_data is: 492
split the outgoings edges: 60 6 54 60
add node: MDDNode(1,u_142) MDDNode(1,u_143), remove node: MDDNode(1,u_72)
layer 1 incoming edges: 7
split the incoming edges: 7 3 4
the value pair of raw_data is: 492
split the outgoings edges: 39 18 21 39
add node: MDDNode(1,u_144) MDDNode(1,u_145), remove node: MDDNode(1,u_73)
layer 1 incoming edges: 9
split the incoming edges: 9 8 1
the value pair of raw_data is: 492
split the outgoings edges: 30 27 3 30
add node: MDDNode(1,u_146) MDDNode(1,u_147), remove node: MDDNode(1,u_74)
layer 1 incoming edges: 4
one of splitted has no income edge:4 0
layer 1 incoming edges: 7
split the incoming edges: 7 4 3
the value pair of raw_data is: 492
split the outgoings edges: 35 18 17 35
add node: MDDNode(1,u_148) MDDNode(1,u_149), remove node: MDDNode(1,u_76)
layer 1 incoming edges: 14
split the incoming edges: 14 5 9
the value pair of raw_data is: 492
split the outgoings edges: 45 16 29 45
add node: MDDNode(1,u_150) MDDNode(1,u_151), remove node: MDDNode(1,u_77)
2 16 32
layer 2 incoming edges: 35
split the incoming edges: 35 22 13
the value pair of raw_data is: 6265
split the outgoings edges: 77 72 61 133
add node: MDDNode(2,u_152) MDDNode(2,u_153), remove node: MDDNode(2,u_78)
layer 2 incoming edges: 35
split the incoming edges: 35 19 16
the value pair of raw_data is: 6265
split the outgoings edges: 82 75 69 144
add node: MDDNode(2,u_154) MDDNode(2,u_155), remove node: MDDNode(2,u_79)
layer 2 incoming edges: 37
split the incoming edges: 37 17 20
the value pair of raw_data is: 6265
split the outgoings edges: 74 66 68 134
add node: MDDNode(2,u_156) MDDNode(2,u_157), remove node: MDDNode(2,u_80)
layer 2 incoming edges: 26
split the incoming edges: 26 15 11
the value pair of raw_data is: 6265
split the outgoings edges: 75 62 61 123
add node: MDDNode(2,u_158) MDDNode(2,u_159), remove node: MDDNode(2,u_81)
layer 2 incoming edges: 40
split the incoming edges: 40 20 20
the value pair of raw_data is: 6265
split the outgoings edges: 80 72 70 142
add node: MDDNode(2,u_160) MDDNode(2,u_161), remove node: MDDNode(2,u_82)
layer 2 incoming edges: 42
split the incoming edges: 42 19 23
the value pair of raw_data is: 6265
split the outgoings edges: 81 72 70 142
add node: MDDNode(2,u_162) MDDNode(2,u_163), remove node: MDDNode(2,u_83)
layer 2 incoming edges: 25
split the incoming edges: 25 15 10
the value pair of raw_data is: 6265
split the outgoings edges: 80 66 64 130
add node: MDDNode(2,u_164) MDDNode(2,u_165), remove node: MDDNode(2,u_84)
layer 2 incoming edges: 33
split the incoming edges: 33 15 18
the value pair of raw_data is: 6265
split the outgoings edges: 74 51 72 123
add node: MDDNode(2,u_166) MDDNode(2,u_167), remove node: MDDNode(2,u_85)
layer 2 incoming edges: 29
split the incoming edges: 29 13 16
the value pair of raw_data is: 6265
split the outgoings edges: 73 67 64 131
add node: MDDNode(2,u_168) MDDNode(2,u_169), remove node: MDDNode(2,u_86)
layer 2 incoming edges: 24
split the incoming edges: 24 7 17
the value pair of raw_data is: 6265
split the outgoings edges: 66 43 65 108
add node: MDDNode(2,u_170) MDDNode(2,u_171), remove node: MDDNode(2,u_87)
layer 2 incoming edges: 21
split the incoming edges: 21 11 10
the value pair of raw_data is: 6265
split the outgoings edges: 66 60 46 106
add node: MDDNode(2,u_172) MDDNode(2,u_173), remove node: MDDNode(2,u_88)
layer 2 incoming edges: 33
split the incoming edges: 33 18 15
the value pair of raw_data is: 6265
split the outgoings edges: 76 70 59 129
add node: MDDNode(2,u_174) MDDNode(2,u_175), remove node: MDDNode(2,u_89)
layer 2 incoming edges: 22
split the incoming edges: 22 12 10
the value pair of raw_data is: 6265
split the outgoings edges: 65 60 51 111
add node: MDDNode(2,u_176) MDDNode(2,u_177), remove node: MDDNode(2,u_90)
layer 2 incoming edges: 28
split the incoming edges: 28 18 10
the value pair of raw_data is: 6265
split the outgoings edges: 77 71 62 133
add node: MDDNode(2,u_178) MDDNode(2,u_179), remove node: MDDNode(2,u_91)
layer 2 incoming edges: 26
split the incoming edges: 26 12 14
the value pair of raw_data is: 6265
split the outgoings edges: 67 53 62 115
add node: MDDNode(2,u_180) MDDNode(2,u_181), remove node: MDDNode(2,u_92)
layer 2 incoming edges: 32
split the incoming edges: 32 17 15
the value pair of raw_data is: 6265
split the outgoings edges: 78 74 51 125
add node: MDDNode(2,u_182) MDDNode(2,u_183), remove node: MDDNode(2,u_93)
3 16 32
layer 3 incoming edges: 127
split the incoming edges: 127 63 64
the value pair of raw_data is: 202
split the outgoings edges: 73 57 69 126
add node: MDDNode(3,u_184) MDDNode(3,u_185), remove node: MDDNode(3,u_94)
layer 3 incoming edges: 140
split the incoming edges: 140 68 72
the value pair of raw_data is: 202
split the outgoings edges: 75 67 62 129
add node: MDDNode(3,u_186) MDDNode(3,u_187), remove node: MDDNode(3,u_95)
layer 3 incoming edges: 134
split the incoming edges: 134 64 70
the value pair of raw_data is: 202
split the outgoings edges: 61 43 55 98
add node: MDDNode(3,u_188) MDDNode(3,u_189), remove node: MDDNode(3,u_96)
layer 3 incoming edges: 143
split the incoming edges: 143 76 67
the value pair of raw_data is: 202
split the outgoings edges: 66 56 54 110
add node: MDDNode(3,u_190) MDDNode(3,u_191), remove node: MDDNode(3,u_97)
layer 3 incoming edges: 100
split the incoming edges: 100 54 46
the value pair of raw_data is: 202
split the outgoings edges: 79 64 65 129
add node: MDDNode(3,u_192) MDDNode(3,u_193), remove node: MDDNode(3,u_98)
layer 3 incoming edges: 109
split the incoming edges: 109 58 51
the value pair of raw_data is: 202
split the outgoings edges: 62 56 54 110
add node: MDDNode(3,u_194) MDDNode(3,u_195), remove node: MDDNode(3,u_99)
layer 3 incoming edges: 135
split the incoming edges: 135 61 74
the value pair of raw_data is: 202
split the outgoings edges: 75 71 67 138
add node: MDDNode(3,u_196) MDDNode(3,u_197), remove node: MDDNode(3,u_100)
layer 3 incoming edges: 126
split the incoming edges: 126 69 57
the value pair of raw_data is: 202
split the outgoings edges: 73 65 62 127
add node: MDDNode(3,u_198) MDDNode(3,u_199), remove node: MDDNode(3,u_101)
layer 3 incoming edges: 135
split the incoming edges: 135 57 78
the value pair of raw_data is: 202
split the outgoings edges: 67 38 64 102
add node: MDDNode(3,u_200) MDDNode(3,u_201), remove node: MDDNode(3,u_102)
layer 3 incoming edges: 164
split the incoming edges: 164 81 83
the value pair of raw_data is: 202
split the outgoings edges: 79 76 76 152
add node: MDDNode(3,u_202) MDDNode(3,u_203), remove node: MDDNode(3,u_103)
layer 3 incoming edges: 111
split the incoming edges: 111 55 56
the value pair of raw_data is: 202
split the outgoings edges: 74 69 46 115
add node: MDDNode(3,u_204) MDDNode(3,u_205), remove node: MDDNode(3,u_104)
layer 3 incoming edges: 147
split the incoming edges: 147 70 77
the value pair of raw_data is: 202
split the outgoings edges: 73 50 65 115
add node: MDDNode(3,u_206) MDDNode(3,u_207), remove node: MDDNode(3,u_105)
layer 3 incoming edges: 122
split the incoming edges: 122 60 62
the value pair of raw_data is: 202
split the outgoings edges: 68 52 55 107
add node: MDDNode(3,u_208) MDDNode(3,u_209), remove node: MDDNode(3,u_106)
layer 3 incoming edges: 131
split the incoming edges: 131 73 58
the value pair of raw_data is: 202
split the outgoings edges: 78 65 57 122
add node: MDDNode(3,u_210) MDDNode(3,u_211), remove node: MDDNode(3,u_107)
layer 3 incoming edges: 93
split the incoming edges: 93 51 42
the value pair of raw_data is: 202
split the outgoings edges: 72 55 54 109
add node: MDDNode(3,u_212) MDDNode(3,u_213), remove node: MDDNode(3,u_108)
layer 3 incoming edges: 112
split the incoming edges: 112 56 56
the value pair of raw_data is: 202
split the outgoings edges: 62 51 52 103
add node: MDDNode(3,u_214) MDDNode(3,u_215), remove node: MDDNode(3,u_109)
4 16 32
layer 4 incoming edges: 129
split the incoming edges: 129 75 54
the value pair of raw_data is: 161
split the outgoings edges: 1 1 1 2
add node: MDDNode(4,u_216) MDDNode(4,u_217), remove node: MDDNode(4,u_110)
layer 4 incoming edges: 137
split the incoming edges: 137 62 75
the value pair of raw_data is: 161
split the outgoings edges: 1 1 1 2
add node: MDDNode(4,u_218) MDDNode(4,u_219), remove node: MDDNode(4,u_111)
layer 4 incoming edges: 90
split the incoming edges: 90 45 45
the value pair of raw_data is: 161
split the outgoings edges: 1 1 1 2
add node: MDDNode(4,u_220) MDDNode(4,u_221), remove node: MDDNode(4,u_112)
layer 4 incoming edges: 78
split the incoming edges: 78 49 29
the value pair of raw_data is: 161
split the outgoings edges: 1 1 1 2
add node: MDDNode(4,u_222) MDDNode(4,u_223), remove node: MDDNode(4,u_113)
layer 4 incoming edges: 133
split the incoming edges: 133 69 64
the value pair of raw_data is: 161
split the outgoings edges: 1 1 1 2
add node: MDDNode(4,u_224) MDDNode(4,u_225), remove node: MDDNode(4,u_114)
layer 4 incoming edges: 130
split the incoming edges: 130 63 67
the value pair of raw_data is: 161
split the outgoings edges: 1 1 1 2
add node: MDDNode(4,u_226) MDDNode(4,u_227), remove node: MDDNode(4,u_115)
layer 4 incoming edges: 98
split the incoming edges: 98 50 48
the value pair of raw_data is: 161
split the outgoings edges: 1 1 1 2
add node: MDDNode(4,u_228) MDDNode(4,u_229), remove node: MDDNode(4,u_116)
layer 4 incoming edges: 111
split the incoming edges: 111 50 61
the value pair of raw_data is: 161
split the outgoings edges: 1 1 1 2
add node: MDDNode(4,u_230) MDDNode(4,u_231), remove node: MDDNode(4,u_117)
layer 4 incoming edges: 124
split the incoming edges: 124 63 61
the value pair of raw_data is: 161
split the outgoings edges: 1 1 1 2
add node: MDDNode(4,u_232) MDDNode(4,u_233), remove node: MDDNode(4,u_118)
layer 4 incoming edges: 144
split the incoming edges: 144 81 63
the value pair of raw_data is: 161
split the outgoings edges: 1 1 1 2
add node: MDDNode(4,u_234) MDDNode(4,u_235), remove node: MDDNode(4,u_119)
layer 4 incoming edges: 142
split the incoming edges: 142 70 72
the value pair of raw_data is: 161
split the outgoings edges: 1 1 1 2
add node: MDDNode(4,u_236) MDDNode(4,u_237), remove node: MDDNode(4,u_120)
layer 4 incoming edges: 132
split the incoming edges: 132 67 65
the value pair of raw_data is: 161
split the outgoings edges: 1 1 1 2
add node: MDDNode(4,u_238) MDDNode(4,u_239), remove node: MDDNode(4,u_121)
layer 4 incoming edges: 101
split the incoming edges: 101 52 49
the value pair of raw_data is: 161
split the outgoings edges: 1 1 1 2
add node: MDDNode(4,u_240) MDDNode(4,u_241), remove node: MDDNode(4,u_122)
layer 4 incoming edges: 97
split the incoming edges: 97 46 51
the value pair of raw_data is: 161
split the outgoings edges: 1 1 1 2
add node: MDDNode(4,u_242) MDDNode(4,u_243), remove node: MDDNode(4,u_123)
layer 4 incoming edges: 138
split the incoming edges: 138 69 69
the value pair of raw_data is: 161
split the outgoings edges: 1 1 1 2
add node: MDDNode(4,u_244) MDDNode(4,u_245), remove node: MDDNode(4,u_124)
layer 4 incoming edges: 108
split the incoming edges: 108 62 46
the value pair of raw_data is: 161
split the outgoings edges: 1 1 1 2
add node: MDDNode(4,u_246) MDDNode(4,u_247), remove node: MDDNode(4,u_125)
1 29 32
layer 1 incoming edges: 4
split the incoming edges: 4 3 1
the value pair of raw_data is: 492
split the outgoings edges: 26 15 11 26
add node: MDDNode(1,u_248) MDDNode(1,u_249), remove node: MDDNode(1,u_62)
layer 1 incoming edges: 2
split the incoming edges: 2 1 1
the value pair of raw_data is: 492
split the outgoings edges: 16 14 4 18
add node: MDDNode(1,u_250) MDDNode(1,u_251), remove node: MDDNode(1,u_63)
layer 1 incoming edges: 4
one of splitted has no income edge:0 4
layer 1 incoming edges: 3
split the incoming edges: 3 2 1
the value pair of raw_data is: 492
split the outgoings edges: 25 12 13 25
add node: MDDNode(1,u_252) MDDNode(1,u_253), remove node: MDDNode(1,u_126)
layer 1 incoming edges: 3
one of splitted has no income edge:0 3
layer 1 incoming edges: 3
one of splitted has no income edge:0 3
layer 1 incoming edges: 4
node canot be splitted, beacause reaching the bound!: 32
layer 1 incoming edges: 2
one of splitted has no income edge:2 0
layer 1 incoming edges: 1
one of splitted has no income edge:0 1
layer 1 incoming edges: 2
one of splitted has no income edge:0 2
layer 1 incoming edges: 5
node canot be splitted, beacause reaching the bound!: 32
layer 1 incoming edges: 3
one of splitted has no income edge:3 0
layer 1 incoming edges: 5
node canot be splitted, beacause reaching the bound!: 32
layer 1 incoming edges: 4
node canot be splitted, beacause reaching the bound!: 32
layer 1 incoming edges: 1
one of splitted has no income edge:0 1
layer 1 incoming edges: 8
node canot be splitted, beacause reaching the bound!: 32
layer 1 incoming edges: 1
one of splitted has no income edge:0 1
layer 1 incoming edges: 5
node canot be splitted, beacause reaching the bound!: 32
layer 1 incoming edges: 2
node canot be splitted, beacause reaching the bound!: 32
layer 1 incoming edges: 2
one of splitted has no income edge:2 0
layer 1 incoming edges: 10
node canot be splitted, beacause reaching the bound!: 32
layer 1 incoming edges: 3
node canot be splitted, beacause reaching the bound!: 32
layer 1 incoming edges: 4
node canot be splitted, beacause reaching the bound!: 32
layer 1 incoming edges: 8
node canot be splitted, beacause reaching the bound!: 32
layer 1 incoming edges: 1
one of splitted has no income edge:1 0
layer 1 incoming edges: 4
node canot be splitted, beacause reaching the bound!: 32
layer 1 incoming edges: 3
node canot be splitted, beacause reaching the bound!: 32
layer 1 incoming edges: 5
node canot be splitted, beacause reaching the bound!: 32
layer 1 incoming edges: 9
node canot be splitted, beacause reaching the bound!: 32
The bucket size: [25]
the graph width list : [1, 32, 32, 32, 32, 1]
iter= 1 dev 0.2633   test 0.2654   intelligible 0.3409   english 0.2826   gold 0.5908   save acc: 0.3409 time: 2019-11-27T18:38 
iter= 2 dev 0.2991   test 0.2903   intelligible 0.3723   english 0.3058   gold 0.6216   save acc: 0.3723 time: 2019-11-27T18:38 
iter= 3 dev 0.3107   test 0.3133   intelligible 0.4091   english 0.3367   gold 0.7140   save acc: 0.4091 time: 2019-11-27T18:39 
iter= 4 dev 0.3175   test 0.3161   intelligible 0.4133   english 0.3400   gold 0.7192   save acc: 0.4133 time: 2019-11-27T18:40 
iter= 5 dev 0.3178   test 0.3192   intelligible 0.4182   english 0.3427   gold 0.7226   save acc: 0.4182 time: 2019-11-27T18:41 
iter= 6 dev 0.3239   test 0.3285   intelligible 0.4288   english 0.3516   gold 0.7500   save acc: 0.4288 time: 2019-11-27T18:42 
iter= 7 dev 0.3291   test 0.3288   intelligible 0.4258   english 0.3510   gold 0.7568   
iter= 8 dev 0.3258   test 0.3277   intelligible 0.4242   english 0.3486   gold 0.7620   
iter= 9 dev 0.3199   test 0.3321   intelligible 0.4288   english 0.3537   gold 0.7483   
iter= 10 dev 0.3246   test 0.3257   intelligible 0.4250   english 0.3489   gold 0.7551   
iter= 11 dev 0.3209   test 0.3254   intelligible 0.4269   english 0.3504   gold 0.7603   
iter= 12 dev 0.3237   test 0.3239   intelligible 0.4197   english 0.3447   gold 0.7603   
iter= 13 dev 0.3261   test 0.3228   intelligible 0.4231   english 0.3468   gold 0.7500   
iter= 14 dev 0.3251   test 0.3220   intelligible 0.4216   english 0.3465   gold 0.7500   
iter= 15 dev 0.3254   test 0.3228   intelligible 0.4227   english 0.3471   gold 0.7449   
iter= 16 dev 0.3258   test 0.3254   intelligible 0.4242   english 0.3486   gold 0.7500   
iter= 17 dev 0.3237   test 0.3262   intelligible 0.4258   english 0.3504   gold 0.7568   
iter= 18 dev 0.3225   test 0.3267   intelligible 0.4277   english 0.3507   gold 0.7534   
iter= 19 dev 0.3244   test 0.3231   intelligible 0.4212   english 0.3468   gold 0.7500   
iter= 20 dev 0.3225   test 0.3249   intelligible 0.4235   english 0.3486   gold 0.7551   
iter= 21 dev 0.3223   test 0.3244   intelligible 0.4231   english 0.3483   gold 0.7534   
