args Namespace(config='configs/config_l.json', dataset='dataset/IFTTT/msr_data.pkl', load_model=None, mode='train', output='model/ifttt/width-32/pid-10-', width='32')
configure: {'max_word_id': 4000, 'bidirectional': True, 'cell_type': 'lstm', 'decoder': 'attention', 'embedding_size': 50, 'keep_prob': 0.5, 'memory_size': 25, 'num_layers': 1, 'num_units': 50, 'use_embedding': True, 'epoches': 20, 'batch_size': 32, 'init': {'name': 'random_uniform_initializer', 'scale': 0.1}, 'lr_scheduler': {'decay_steps': 5000, 'init_lr': 0.01, 'staircase': True}, 'max_grad_norm': 1, 'optimizer': 'AdamOptimizer'}
# path 8580
save to model/ifttt/width-32/pid-10-IFTTT-w-32.json
load json
numArcLayers: 5
1 1 32
layer 1 incoming edges: 111
split the incoming edges: 111 50 61
the value pair of raw_data is: 492
split the outgoings edges: 443 208 252 460
add node: MDDNode(1,u_6) MDDNode(1,u_7), remove node: MDDNode(1,u_1)
2 1 32
layer 2 incoming edges: 460
split the incoming edges: 460 219 241
the value pair of raw_data is: 6265
split the outgoings edges: 88 88 88 176
add node: MDDNode(2,u_8) MDDNode(2,u_9), remove node: MDDNode(2,u_2)
3 1 32
layer 3 incoming edges: 176
split the incoming edges: 176 88 88
the value pair of raw_data is: 202
split the outgoings edges: 161 131 128 259
add node: MDDNode(3,u_10) MDDNode(3,u_11), remove node: MDDNode(3,u_3)
4 1 32
layer 4 incoming edges: 259
split the incoming edges: 259 129 130
the value pair of raw_data is: 161
split the outgoings edges: 1 1 1 2
add node: MDDNode(4,u_12) MDDNode(4,u_13), remove node: MDDNode(4,u_4)
1 2 32
layer 1 incoming edges: 50
split the incoming edges: 50 21 29
the value pair of raw_data is: 492
split the outgoings edges: 208 89 128 217
add node: MDDNode(1,u_14) MDDNode(1,u_15), remove node: MDDNode(1,u_6)
layer 1 incoming edges: 61
split the incoming edges: 61 32 29
the value pair of raw_data is: 492
split the outgoings edges: 252 118 138 256
add node: MDDNode(1,u_16) MDDNode(1,u_17), remove node: MDDNode(1,u_7)
2 2 32
layer 2 incoming edges: 226
split the incoming edges: 226 98 128
the value pair of raw_data is: 6265
split the outgoings edges: 88 84 84 168
add node: MDDNode(2,u_18) MDDNode(2,u_19), remove node: MDDNode(2,u_8)
layer 2 incoming edges: 247
split the incoming edges: 247 128 119
the value pair of raw_data is: 6265
split the outgoings edges: 88 85 88 173
add node: MDDNode(2,u_20) MDDNode(2,u_21), remove node: MDDNode(2,u_9)
3 2 32
layer 3 incoming edges: 170
split the incoming edges: 170 99 71
the value pair of raw_data is: 202
split the outgoings edges: 131 115 105 220
add node: MDDNode(3,u_22) MDDNode(3,u_23), remove node: MDDNode(3,u_10)
layer 3 incoming edges: 171
split the incoming edges: 171 73 98
the value pair of raw_data is: 202
split the outgoings edges: 128 81 115 196
add node: MDDNode(3,u_24) MDDNode(3,u_25), remove node: MDDNode(3,u_11)
4 2 32
layer 4 incoming edges: 207
split the incoming edges: 207 106 101
the value pair of raw_data is: 161
split the outgoings edges: 1 1 1 2
add node: MDDNode(4,u_26) MDDNode(4,u_27), remove node: MDDNode(4,u_12)
layer 4 incoming edges: 209
split the incoming edges: 209 111 98
the value pair of raw_data is: 161
split the outgoings edges: 1 1 1 2
add node: MDDNode(4,u_28) MDDNode(4,u_29), remove node: MDDNode(4,u_13)
1 4 32
layer 1 incoming edges: 21
split the incoming edges: 21 9 12
the value pair of raw_data is: 492
split the outgoings edges: 89 39 50 89
add node: MDDNode(1,u_30) MDDNode(1,u_31), remove node: MDDNode(1,u_14)
layer 1 incoming edges: 29
split the incoming edges: 29 15 14
the value pair of raw_data is: 492
split the outgoings edges: 128 77 51 128
add node: MDDNode(1,u_32) MDDNode(1,u_33), remove node: MDDNode(1,u_15)
layer 1 incoming edges: 32
split the incoming edges: 32 18 14
the value pair of raw_data is: 492
split the outgoings edges: 118 62 59 121
add node: MDDNode(1,u_34) MDDNode(1,u_35), remove node: MDDNode(1,u_16)
layer 1 incoming edges: 29
split the incoming edges: 29 15 14
the value pair of raw_data is: 492
split the outgoings edges: 138 63 76 139
add node: MDDNode(1,u_36) MDDNode(1,u_37), remove node: MDDNode(1,u_17)
2 4 32
layer 2 incoming edges: 98
split the incoming edges: 98 44 54
the value pair of raw_data is: 6265
split the outgoings edges: 84 80 79 159
add node: MDDNode(2,u_38) MDDNode(2,u_39), remove node: MDDNode(2,u_18)
layer 2 incoming edges: 130
split the incoming edges: 130 54 76
the value pair of raw_data is: 6265
split the outgoings edges: 84 83 82 165
add node: MDDNode(2,u_40) MDDNode(2,u_41), remove node: MDDNode(2,u_19)
layer 2 incoming edges: 130
split the incoming edges: 130 63 67
the value pair of raw_data is: 6265
split the outgoings edges: 85 82 80 162
add node: MDDNode(2,u_42) MDDNode(2,u_43), remove node: MDDNode(2,u_20)
layer 2 incoming edges: 119
split the incoming edges: 119 62 57
the value pair of raw_data is: 6265
split the outgoings edges: 88 82 82 164
add node: MDDNode(2,u_44) MDDNode(2,u_45), remove node: MDDNode(2,u_21)
3 4 32
layer 3 incoming edges: 187
split the incoming edges: 187 91 96
the value pair of raw_data is: 202
split the outgoings edges: 115 104 107 211
add node: MDDNode(3,u_46) MDDNode(3,u_47), remove node: MDDNode(3,u_22)
layer 3 incoming edges: 134
split the incoming edges: 134 64 70
the value pair of raw_data is: 202
split the outgoings edges: 105 80 83 163
add node: MDDNode(3,u_48) MDDNode(3,u_49), remove node: MDDNode(3,u_23)
layer 3 incoming edges: 141
split the incoming edges: 141 74 67
the value pair of raw_data is: 202
split the outgoings edges: 81 73 65 138
add node: MDDNode(3,u_50) MDDNode(3,u_51), remove node: MDDNode(3,u_24)
layer 3 incoming edges: 188
split the incoming edges: 188 96 92
the value pair of raw_data is: 202
split the outgoings edges: 115 101 103 204
add node: MDDNode(3,u_52) MDDNode(3,u_53), remove node: MDDNode(3,u_25)
4 4 32
layer 4 incoming edges: 182
split the incoming edges: 182 95 87
the value pair of raw_data is: 161
split the outgoings edges: 1 1 1 2
add node: MDDNode(4,u_54) MDDNode(4,u_55), remove node: MDDNode(4,u_26)
layer 4 incoming edges: 175
split the incoming edges: 175 76 99
the value pair of raw_data is: 161
split the outgoings edges: 1 1 1 2
add node: MDDNode(4,u_56) MDDNode(4,u_57), remove node: MDDNode(4,u_27)
layer 4 incoming edges: 186
split the incoming edges: 186 88 98
the value pair of raw_data is: 161
split the outgoings edges: 1 1 1 2
add node: MDDNode(4,u_58) MDDNode(4,u_59), remove node: MDDNode(4,u_28)
layer 4 incoming edges: 173
split the incoming edges: 173 77 96
the value pair of raw_data is: 161
split the outgoings edges: 1 1 1 2
add node: MDDNode(4,u_60) MDDNode(4,u_61), remove node: MDDNode(4,u_29)
1 8 32
layer 1 incoming edges: 9
split the incoming edges: 9 6 3
the value pair of raw_data is: 492
split the outgoings edges: 39 19 20 39
add node: MDDNode(1,u_62) MDDNode(1,u_63), remove node: MDDNode(1,u_30)
layer 1 incoming edges: 12
split the incoming edges: 12 6 6
the value pair of raw_data is: 492
split the outgoings edges: 50 28 22 50
add node: MDDNode(1,u_64) MDDNode(1,u_65), remove node: MDDNode(1,u_31)
layer 1 incoming edges: 15
split the incoming edges: 15 10 5
the value pair of raw_data is: 492
split the outgoings edges: 77 55 26 81
add node: MDDNode(1,u_66) MDDNode(1,u_67), remove node: MDDNode(1,u_32)
layer 1 incoming edges: 14
split the incoming edges: 14 6 8
the value pair of raw_data is: 492
split the outgoings edges: 51 19 32 51
add node: MDDNode(1,u_68) MDDNode(1,u_69), remove node: MDDNode(1,u_33)
layer 1 incoming edges: 18
split the incoming edges: 18 9 9
the value pair of raw_data is: 492
split the outgoings edges: 62 34 33 67
add node: MDDNode(1,u_70) MDDNode(1,u_71), remove node: MDDNode(1,u_34)
layer 1 incoming edges: 14
split the incoming edges: 14 9 5
the value pair of raw_data is: 492
split the outgoings edges: 59 43 18 61
add node: MDDNode(1,u_72) MDDNode(1,u_73), remove node: MDDNode(1,u_35)
layer 1 incoming edges: 15
split the incoming edges: 15 8 7
the value pair of raw_data is: 492
split the outgoings edges: 63 39 24 63
add node: MDDNode(1,u_74) MDDNode(1,u_75), remove node: MDDNode(1,u_36)
layer 1 incoming edges: 14
split the incoming edges: 14 10 4
the value pair of raw_data is: 492
split the outgoings edges: 76 50 26 76
add node: MDDNode(1,u_76) MDDNode(1,u_77), remove node: MDDNode(1,u_37)
2 8 32
layer 2 incoming edges: 46
split the incoming edges: 46 19 27
the value pair of raw_data is: 6265
split the outgoings edges: 80 58 78 136
add node: MDDNode(2,u_78) MDDNode(2,u_79), remove node: MDDNode(2,u_38)
layer 2 incoming edges: 54
split the incoming edges: 54 29 25
the value pair of raw_data is: 6265
split the outgoings edges: 79 74 72 146
add node: MDDNode(2,u_80) MDDNode(2,u_81), remove node: MDDNode(2,u_39)
layer 2 incoming edges: 54
split the incoming edges: 54 28 26
the value pair of raw_data is: 6265
split the outgoings edges: 83 80 75 155
add node: MDDNode(2,u_82) MDDNode(2,u_83), remove node: MDDNode(2,u_40)
layer 2 incoming edges: 78
split the incoming edges: 78 40 38
the value pair of raw_data is: 6265
split the outgoings edges: 82 73 77 150
add node: MDDNode(2,u_84) MDDNode(2,u_85), remove node: MDDNode(2,u_41)
layer 2 incoming edges: 65
split the incoming edges: 65 26 39
the value pair of raw_data is: 6265
split the outgoings edges: 82 69 76 145
add node: MDDNode(2,u_86) MDDNode(2,u_87), remove node: MDDNode(2,u_42)
layer 2 incoming edges: 67
split the incoming edges: 67 31 36
the value pair of raw_data is: 6265
split the outgoings edges: 80 75 73 148
add node: MDDNode(2,u_88) MDDNode(2,u_89), remove node: MDDNode(2,u_43)
layer 2 incoming edges: 65
split the incoming edges: 65 28 37
the value pair of raw_data is: 6265
split the outgoings edges: 82 65 81 146
add node: MDDNode(2,u_90) MDDNode(2,u_91), remove node: MDDNode(2,u_44)
layer 2 incoming edges: 59
split the incoming edges: 59 25 34
the value pair of raw_data is: 6265
split the outgoings edges: 82 81 74 155
add node: MDDNode(2,u_92) MDDNode(2,u_93), remove node: MDDNode(2,u_45)
3 8 32
layer 3 incoming edges: 163
split the incoming edges: 163 80 83
the value pair of raw_data is: 202
split the outgoings edges: 104 88 88 176
add node: MDDNode(3,u_94) MDDNode(3,u_95), remove node: MDDNode(3,u_46)
layer 3 incoming edges: 174
split the incoming edges: 174 92 82
the value pair of raw_data is: 202
split the outgoings edges: 107 91 89 180
add node: MDDNode(3,u_96) MDDNode(3,u_97), remove node: MDDNode(3,u_47)
layer 3 incoming edges: 118
split the incoming edges: 118 56 62
the value pair of raw_data is: 202
split the outgoings edges: 80 76 76 152
add node: MDDNode(3,u_98) MDDNode(3,u_99), remove node: MDDNode(3,u_48)
layer 3 incoming edges: 130
split the incoming edges: 130 76 54
the value pair of raw_data is: 202
split the outgoings edges: 83 74 60 134
add node: MDDNode(3,u_100) MDDNode(3,u_101), remove node: MDDNode(3,u_49)
layer 3 incoming edges: 132
split the incoming edges: 132 60 72
the value pair of raw_data is: 202
split the outgoings edges: 73 60 67 127
add node: MDDNode(3,u_102) MDDNode(3,u_103), remove node: MDDNode(3,u_50)
layer 3 incoming edges: 121
split the incoming edges: 121 60 61
the value pair of raw_data is: 202
split the outgoings edges: 65 60 52 112
add node: MDDNode(3,u_104) MDDNode(3,u_105), remove node: MDDNode(3,u_51)
layer 3 incoming edges: 171
split the incoming edges: 171 87 84
the value pair of raw_data is: 202
split the outgoings edges: 101 75 86 161
add node: MDDNode(3,u_106) MDDNode(3,u_107), remove node: MDDNode(3,u_52)
layer 3 incoming edges: 172
split the incoming edges: 172 89 83
the value pair of raw_data is: 202
split the outgoings edges: 103 90 94 184
add node: MDDNode(3,u_108) MDDNode(3,u_109), remove node: MDDNode(3,u_53)
4 8 32
layer 4 incoming edges: 161
split the incoming edges: 161 80 81
the value pair of raw_data is: 161
split the outgoings edges: 1 1 1 2
add node: MDDNode(4,u_110) MDDNode(4,u_111), remove node: MDDNode(4,u_54)
layer 4 incoming edges: 150
split the incoming edges: 150 72 78
the value pair of raw_data is: 161
split the outgoings edges: 1 1 1 2
add node: MDDNode(4,u_112) MDDNode(4,u_113), remove node: MDDNode(4,u_55)
layer 4 incoming edges: 130
split the incoming edges: 130 61 69
the value pair of raw_data is: 161
split the outgoings edges: 1 1 1 2
add node: MDDNode(4,u_114) MDDNode(4,u_115), remove node: MDDNode(4,u_56)
layer 4 incoming edges: 167
split the incoming edges: 167 78 89
the value pair of raw_data is: 161
split the outgoings edges: 1 1 1 2
add node: MDDNode(4,u_116) MDDNode(4,u_117), remove node: MDDNode(4,u_57)
layer 4 incoming edges: 156
split the incoming edges: 156 87 69
the value pair of raw_data is: 161
split the outgoings edges: 1 1 1 2
add node: MDDNode(4,u_118) MDDNode(4,u_119), remove node: MDDNode(4,u_58)
layer 4 incoming edges: 168
split the incoming edges: 168 89 79
the value pair of raw_data is: 161
split the outgoings edges: 1 1 1 2
add node: MDDNode(4,u_120) MDDNode(4,u_121), remove node: MDDNode(4,u_59)
layer 4 incoming edges: 130
split the incoming edges: 130 68 62
the value pair of raw_data is: 161
split the outgoings edges: 1 1 1 2
add node: MDDNode(4,u_122) MDDNode(4,u_123), remove node: MDDNode(4,u_60)
layer 4 incoming edges: 164
split the incoming edges: 164 90 74
the value pair of raw_data is: 161
split the outgoings edges: 1 1 1 2
add node: MDDNode(4,u_124) MDDNode(4,u_125), remove node: MDDNode(4,u_61)
1 16 32
layer 1 incoming edges: 6
split the incoming edges: 6 3 3
the value pair of raw_data is: 492
split the outgoings edges: 19 11 8 19
add node: MDDNode(1,u_126) MDDNode(1,u_127), remove node: MDDNode(1,u_62)
layer 1 incoming edges: 3
split the incoming edges: 3 2 1
the value pair of raw_data is: 492
split the outgoings edges: 20 9 13 22
add node: MDDNode(1,u_128) MDDNode(1,u_129), remove node: MDDNode(1,u_63)
layer 1 incoming edges: 6
split the incoming edges: 6 2 4
the value pair of raw_data is: 492
split the outgoings edges: 28 3 25 28
add node: MDDNode(1,u_130) MDDNode(1,u_131), remove node: MDDNode(1,u_64)
layer 1 incoming edges: 6
split the incoming edges: 6 4 2
the value pair of raw_data is: 492
split the outgoings edges: 22 18 4 22
add node: MDDNode(1,u_132) MDDNode(1,u_133), remove node: MDDNode(1,u_65)
layer 1 incoming edges: 10
split the incoming edges: 10 5 5
the value pair of raw_data is: 492
split the outgoings edges: 55 32 25 57
add node: MDDNode(1,u_134) MDDNode(1,u_135), remove node: MDDNode(1,u_66)
layer 1 incoming edges: 5
split the incoming edges: 5 3 2
the value pair of raw_data is: 492
split the outgoings edges: 26 6 20 26
add node: MDDNode(1,u_136) MDDNode(1,u_137), remove node: MDDNode(1,u_67)
layer 1 incoming edges: 6
split the incoming edges: 6 2 4
the value pair of raw_data is: 492
split the outgoings edges: 19 4 15 19
add node: MDDNode(1,u_138) MDDNode(1,u_139), remove node: MDDNode(1,u_68)
layer 1 incoming edges: 8
split the incoming edges: 8 6 2
the value pair of raw_data is: 492
split the outgoings edges: 32 24 8 32
add node: MDDNode(1,u_140) MDDNode(1,u_141), remove node: MDDNode(1,u_69)
layer 1 incoming edges: 9
split the incoming edges: 9 5 4
the value pair of raw_data is: 492
split the outgoings edges: 34 26 8 34
add node: MDDNode(1,u_142) MDDNode(1,u_143), remove node: MDDNode(1,u_70)
layer 1 incoming edges: 9
split the incoming edges: 9 5 4
the value pair of raw_data is: 492
split the outgoings edges: 33 15 18 33
add node: MDDNode(1,u_144) MDDNode(1,u_145), remove node: MDDNode(1,u_71)
layer 1 incoming edges: 9
split the incoming edges: 9 6 3
the value pair of raw_data is: 492
split the outgoings edges: 43 28 15 43
add node: MDDNode(1,u_146) MDDNode(1,u_147), remove node: MDDNode(1,u_72)
layer 1 incoming edges: 5
split the incoming edges: 5 4 1
the value pair of raw_data is: 492
split the outgoings edges: 18 16 2 18
add node: MDDNode(1,u_148) MDDNode(1,u_149), remove node: MDDNode(1,u_73)
layer 1 incoming edges: 8
split the incoming edges: 8 4 4
the value pair of raw_data is: 492
split the outgoings edges: 39 16 23 39
add node: MDDNode(1,u_150) MDDNode(1,u_151), remove node: MDDNode(1,u_74)
layer 1 incoming edges: 7
split the incoming edges: 7 3 4
the value pair of raw_data is: 492
split the outgoings edges: 24 3 21 24
add node: MDDNode(1,u_152) MDDNode(1,u_153), remove node: MDDNode(1,u_75)
layer 1 incoming edges: 10
split the incoming edges: 10 6 4
the value pair of raw_data is: 492
split the outgoings edges: 50 30 20 50
add node: MDDNode(1,u_154) MDDNode(1,u_155), remove node: MDDNode(1,u_76)
layer 1 incoming edges: 4
split the incoming edges: 4 2 2
the value pair of raw_data is: 492
split the outgoings edges: 26 16 10 26
add node: MDDNode(1,u_156) MDDNode(1,u_157), remove node: MDDNode(1,u_77)
2 16 32
layer 2 incoming edges: 19
split the incoming edges: 19 12 7
the value pair of raw_data is: 6265
split the outgoings edges: 58 53 35 88
add node: MDDNode(2,u_158) MDDNode(2,u_159), remove node: MDDNode(2,u_78)
layer 2 incoming edges: 27
split the incoming edges: 27 9 18
the value pair of raw_data is: 6265
split the outgoings edges: 78 70 65 135
add node: MDDNode(2,u_160) MDDNode(2,u_161), remove node: MDDNode(2,u_79)
layer 2 incoming edges: 29
split the incoming edges: 29 12 17
the value pair of raw_data is: 6265
split the outgoings edges: 74 69 59 128
add node: MDDNode(2,u_162) MDDNode(2,u_163), remove node: MDDNode(2,u_80)
layer 2 incoming edges: 25
split the incoming edges: 25 13 12
the value pair of raw_data is: 6265
split the outgoings edges: 72 69 46 115
add node: MDDNode(2,u_164) MDDNode(2,u_165), remove node: MDDNode(2,u_81)
layer 2 incoming edges: 29
split the incoming edges: 29 14 15
the value pair of raw_data is: 6265
split the outgoings edges: 80 68 71 139
add node: MDDNode(2,u_166) MDDNode(2,u_167), remove node: MDDNode(2,u_82)
layer 2 incoming edges: 27
split the incoming edges: 27 16 11
the value pair of raw_data is: 6265
split the outgoings edges: 75 65 65 130
add node: MDDNode(2,u_168) MDDNode(2,u_169), remove node: MDDNode(2,u_83)
layer 2 incoming edges: 40
split the incoming edges: 40 23 17
the value pair of raw_data is: 6265
split the outgoings edges: 73 66 58 124
add node: MDDNode(2,u_170) MDDNode(2,u_171), remove node: MDDNode(2,u_84)
layer 2 incoming edges: 38
split the incoming edges: 38 24 14
the value pair of raw_data is: 6265
split the outgoings edges: 77 72 65 137
add node: MDDNode(2,u_172) MDDNode(2,u_173), remove node: MDDNode(2,u_85)
layer 2 incoming edges: 26
split the incoming edges: 26 14 12
the value pair of raw_data is: 6265
split the outgoings edges: 69 65 46 111
add node: MDDNode(2,u_174) MDDNode(2,u_175), remove node: MDDNode(2,u_86)
layer 2 incoming edges: 39
split the incoming edges: 39 17 22
the value pair of raw_data is: 6265
split the outgoings edges: 76 63 66 129
add node: MDDNode(2,u_176) MDDNode(2,u_177), remove node: MDDNode(2,u_87)
layer 2 incoming edges: 31
split the incoming edges: 31 19 12
the value pair of raw_data is: 6265
split the outgoings edges: 75 70 62 132
add node: MDDNode(2,u_178) MDDNode(2,u_179), remove node: MDDNode(2,u_88)
layer 2 incoming edges: 36
split the incoming edges: 36 18 18
the value pair of raw_data is: 6265
split the outgoings edges: 73 67 63 130
add node: MDDNode(2,u_180) MDDNode(2,u_181), remove node: MDDNode(2,u_89)
layer 2 incoming edges: 28
split the incoming edges: 28 13 15
the value pair of raw_data is: 6265
split the outgoings edges: 65 53 59 112
add node: MDDNode(2,u_182) MDDNode(2,u_183), remove node: MDDNode(2,u_90)
layer 2 incoming edges: 39
split the incoming edges: 39 17 22
the value pair of raw_data is: 6265
split the outgoings edges: 81 67 79 146
add node: MDDNode(2,u_184) MDDNode(2,u_185), remove node: MDDNode(2,u_91)
layer 2 incoming edges: 25
split the incoming edges: 25 15 10
the value pair of raw_data is: 6265
split the outgoings edges: 81 72 67 139
add node: MDDNode(2,u_186) MDDNode(2,u_187), remove node: MDDNode(2,u_92)
layer 2 incoming edges: 34
split the incoming edges: 34 23 11
the value pair of raw_data is: 6265
split the outgoings edges: 74 69 52 121
add node: MDDNode(2,u_188) MDDNode(2,u_189), remove node: MDDNode(2,u_93)
3 16 32
layer 3 incoming edges: 136
split the incoming edges: 136 66 70
the value pair of raw_data is: 202
split the outgoings edges: 88 79 70 149
add node: MDDNode(3,u_190) MDDNode(3,u_191), remove node: MDDNode(3,u_94)
layer 3 incoming edges: 145
split the incoming edges: 145 76 69
the value pair of raw_data is: 202
split the outgoings edges: 88 73 72 145
add node: MDDNode(3,u_192) MDDNode(3,u_193), remove node: MDDNode(3,u_95)
layer 3 incoming edges: 156
split the incoming edges: 156 90 66
the value pair of raw_data is: 202
split the outgoings edges: 91 82 65 147
add node: MDDNode(3,u_194) MDDNode(3,u_195), remove node: MDDNode(3,u_96)
layer 3 incoming edges: 141
split the incoming edges: 141 73 68
the value pair of raw_data is: 202
split the outgoings edges: 89 82 71 153
add node: MDDNode(3,u_196) MDDNode(3,u_197), remove node: MDDNode(3,u_97)
layer 3 incoming edges: 96
split the incoming edges: 96 55 41
the value pair of raw_data is: 202
split the outgoings edges: 76 71 59 130
add node: MDDNode(3,u_198) MDDNode(3,u_199), remove node: MDDNode(3,u_98)
layer 3 incoming edges: 111
split the incoming edges: 111 51 60
the value pair of raw_data is: 202
split the outgoings edges: 76 49 68 117
add node: MDDNode(3,u_200) MDDNode(3,u_201), remove node: MDDNode(3,u_99)
layer 3 incoming edges: 119
split the incoming edges: 119 59 60
the value pair of raw_data is: 202
split the outgoings edges: 74 70 63 133
add node: MDDNode(3,u_202) MDDNode(3,u_203), remove node: MDDNode(3,u_100)
layer 3 incoming edges: 96
split the incoming edges: 96 50 46
the value pair of raw_data is: 202
split the outgoings edges: 60 57 40 97
add node: MDDNode(3,u_204) MDDNode(3,u_205), remove node: MDDNode(3,u_101)
layer 3 incoming edges: 102
split the incoming edges: 102 53 49
the value pair of raw_data is: 202
split the outgoings edges: 60 55 46 101
add node: MDDNode(3,u_206) MDDNode(3,u_207), remove node: MDDNode(3,u_102)
layer 3 incoming edges: 122
split the incoming edges: 122 67 55
the value pair of raw_data is: 202
split the outgoings edges: 67 58 56 114
add node: MDDNode(3,u_208) MDDNode(3,u_209), remove node: MDDNode(3,u_103)
layer 3 incoming edges: 101
split the incoming edges: 101 58 43
the value pair of raw_data is: 202
split the outgoings edges: 60 53 48 101
add node: MDDNode(3,u_210) MDDNode(3,u_211), remove node: MDDNode(3,u_104)
layer 3 incoming edges: 99
split the incoming edges: 99 45 54
the value pair of raw_data is: 202
split the outgoings edges: 52 37 44 81
add node: MDDNode(3,u_212) MDDNode(3,u_213), remove node: MDDNode(3,u_105)
layer 3 incoming edges: 156
split the incoming edges: 156 74 82
the value pair of raw_data is: 202
split the outgoings edges: 75 58 70 128
add node: MDDNode(3,u_214) MDDNode(3,u_215), remove node: MDDNode(3,u_106)
layer 3 incoming edges: 146
split the incoming edges: 146 69 77
the value pair of raw_data is: 202
split the outgoings edges: 86 77 72 149
add node: MDDNode(3,u_216) MDDNode(3,u_217), remove node: MDDNode(3,u_107)
layer 3 incoming edges: 148
split the incoming edges: 148 72 76
the value pair of raw_data is: 202
split the outgoings edges: 90 72 77 149
add node: MDDNode(3,u_218) MDDNode(3,u_219), remove node: MDDNode(3,u_108)
layer 3 incoming edges: 142
split the incoming edges: 142 67 75
the value pair of raw_data is: 202
split the outgoings edges: 94 76 77 153
add node: MDDNode(3,u_220) MDDNode(3,u_221), remove node: MDDNode(3,u_109)
4 16 32
layer 4 incoming edges: 134
split the incoming edges: 134 62 72
the value pair of raw_data is: 161
split the outgoings edges: 1 1 1 2
add node: MDDNode(4,u_222) MDDNode(4,u_223), remove node: MDDNode(4,u_110)
layer 4 incoming edges: 127
split the incoming edges: 127 73 54
the value pair of raw_data is: 161
split the outgoings edges: 1 1 1 2
add node: MDDNode(4,u_224) MDDNode(4,u_225), remove node: MDDNode(4,u_111)
layer 4 incoming edges: 117
split the incoming edges: 117 55 62
the value pair of raw_data is: 161
split the outgoings edges: 1 1 1 2
add node: MDDNode(4,u_226) MDDNode(4,u_227), remove node: MDDNode(4,u_112)
layer 4 incoming edges: 127
split the incoming edges: 127 56 71
the value pair of raw_data is: 161
split the outgoings edges: 1 1 1 2
add node: MDDNode(4,u_228) MDDNode(4,u_229), remove node: MDDNode(4,u_113)
layer 4 incoming edges: 104
split the incoming edges: 104 49 55
the value pair of raw_data is: 161
split the outgoings edges: 1 1 1 2
add node: MDDNode(4,u_230) MDDNode(4,u_231), remove node: MDDNode(4,u_114)
layer 4 incoming edges: 118
split the incoming edges: 118 68 50
the value pair of raw_data is: 161
split the outgoings edges: 1 1 1 2
add node: MDDNode(4,u_232) MDDNode(4,u_233), remove node: MDDNode(4,u_115)
layer 4 incoming edges: 129
split the incoming edges: 129 67 62
the value pair of raw_data is: 161
split the outgoings edges: 1 1 1 2
add node: MDDNode(4,u_234) MDDNode(4,u_235), remove node: MDDNode(4,u_116)
layer 4 incoming edges: 150
split the incoming edges: 150 78 72
the value pair of raw_data is: 161
split the outgoings edges: 1 1 1 2
add node: MDDNode(4,u_236) MDDNode(4,u_237), remove node: MDDNode(4,u_117)
layer 4 incoming edges: 146
split the incoming edges: 146 67 79
the value pair of raw_data is: 161
split the outgoings edges: 1 1 1 2
add node: MDDNode(4,u_238) MDDNode(4,u_239), remove node: MDDNode(4,u_118)
layer 4 incoming edges: 119
split the incoming edges: 119 56 63
the value pair of raw_data is: 161
split the outgoings edges: 1 1 1 2
add node: MDDNode(4,u_240) MDDNode(4,u_241), remove node: MDDNode(4,u_119)
layer 4 incoming edges: 158
split the incoming edges: 158 83 75
the value pair of raw_data is: 161
split the outgoings edges: 1 1 1 2
add node: MDDNode(4,u_242) MDDNode(4,u_243), remove node: MDDNode(4,u_120)
layer 4 incoming edges: 136
split the incoming edges: 136 76 60
the value pair of raw_data is: 161
split the outgoings edges: 1 1 1 2
add node: MDDNode(4,u_244) MDDNode(4,u_245), remove node: MDDNode(4,u_121)
layer 4 incoming edges: 100
split the incoming edges: 100 52 48
the value pair of raw_data is: 161
split the outgoings edges: 1 1 1 2
add node: MDDNode(4,u_246) MDDNode(4,u_247), remove node: MDDNode(4,u_122)
layer 4 incoming edges: 103
split the incoming edges: 103 47 56
the value pair of raw_data is: 161
split the outgoings edges: 1 1 1 2
add node: MDDNode(4,u_248) MDDNode(4,u_249), remove node: MDDNode(4,u_123)
layer 4 incoming edges: 149
split the incoming edges: 149 65 84
the value pair of raw_data is: 161
split the outgoings edges: 1 1 1 2
add node: MDDNode(4,u_250) MDDNode(4,u_251), remove node: MDDNode(4,u_124)
layer 4 incoming edges: 130
split the incoming edges: 130 82 48
the value pair of raw_data is: 161
split the outgoings edges: 1 1 1 2
add node: MDDNode(4,u_252) MDDNode(4,u_253), remove node: MDDNode(4,u_125)
The bucket size: [25]
the graph width list : [1, 32, 32, 32, 32, 1]
iter= 1 dev 0.2718   test 0.2755   intelligible 0.3515   english 0.2927   gold 0.6027   save acc: 0.3515 time: 2019-11-27T19:20 
iter= 2 dev 0.3000   test 0.3058   intelligible 0.3962   english 0.3284   gold 0.6712   save acc: 0.3962 time: 2019-11-27T19:21 
iter= 3 dev 0.3145   test 0.2990   intelligible 0.3867   english 0.3215   gold 0.6490   
iter= 4 dev 0.3147   test 0.3122   intelligible 0.4042   english 0.3325   gold 0.6815   save acc: 0.4042 time: 2019-11-27T19:23 
iter= 5 dev 0.3237   test 0.3280   intelligible 0.4254   english 0.3528   gold 0.7603   save acc: 0.4254 time: 2019-11-27T19:24 
iter= 6 dev 0.3204   test 0.3246   intelligible 0.4208   english 0.3477   gold 0.7586   
iter= 7 dev 0.3254   test 0.3122   intelligible 0.4072   english 0.3373   gold 0.7003   
iter= 8 dev 0.3244   test 0.3205   intelligible 0.4167   english 0.3432   gold 0.7003   
iter= 9 dev 0.3258   test 0.3182   intelligible 0.4114   english 0.3403   gold 0.7106   
iter= 10 dev 0.3230   test 0.3202   intelligible 0.4117   english 0.3409   gold 0.7038   
iter= 11 dev 0.3211   test 0.3177   intelligible 0.4102   english 0.3397   gold 0.7089   
iter= 12 dev 0.3223   test 0.3187   intelligible 0.4121   english 0.3412   gold 0.7123   
iter= 13 dev 0.3218   test 0.3205   intelligible 0.4121   english 0.3415   gold 0.7123   
iter= 14 dev 0.3218   test 0.3197   intelligible 0.4144   english 0.3418   gold 0.7106   
iter= 15 dev 0.3213   test 0.3208   intelligible 0.4144   english 0.3424   gold 0.7089   
iter= 16 dev 0.3223   test 0.3208   intelligible 0.4159   english 0.3432   gold 0.7123   
iter= 17 dev 0.3192   test 0.3177   intelligible 0.4095   english 0.3382   gold 0.7003   
iter= 18 dev 0.3194   test 0.3158   intelligible 0.4080   english 0.3367   gold 0.7003   
iter= 19 dev 0.3218   test 0.3169   intelligible 0.4091   english 0.3373   gold 0.6952   
iter= 20 dev 0.3213   test 0.3153   intelligible 0.4087   english 0.3373   gold 0.7003   
iter= 21 dev 0.3204   test 0.3153   intelligible 0.4080   english 0.3367   gold 0.6969   
