args Namespace(config='configs/config_l.json', dataset='dataset/IFTTT/msr_data.pkl', load_model=None, mode='train', output='model/ifttt/width-32/pid-6-', width='32')
configure: {'max_word_id': 4000, 'bidirectional': True, 'cell_type': 'lstm', 'decoder': 'attention', 'embedding_size': 50, 'keep_prob': 0.5, 'memory_size': 25, 'num_layers': 1, 'num_units': 50, 'use_embedding': True, 'epoches': 20, 'batch_size': 32, 'init': {'name': 'random_uniform_initializer', 'scale': 0.1}, 'lr_scheduler': {'decay_steps': 5000, 'init_lr': 0.01, 'staircase': True}, 'max_grad_norm': 1, 'optimizer': 'AdamOptimizer'}
# path 8580
save to model/ifttt/width-32/pid-6-IFTTT-w-32.json
load json
numArcLayers: 5
1 1 32
layer 1 incoming edges: 111
split the incoming edges: 111 58 53
the value pair of raw_data is: 492
split the outgoings edges: 443 270 191 461
add node: MDDNode(1,u_6) MDDNode(1,u_7), remove node: MDDNode(1,u_1)
2 1 32
layer 2 incoming edges: 461
split the incoming edges: 461 219 242
the value pair of raw_data is: 6265
split the outgoings edges: 88 88 88 176
add node: MDDNode(2,u_8) MDDNode(2,u_9), remove node: MDDNode(2,u_2)
3 1 32
layer 3 incoming edges: 176
split the incoming edges: 176 89 87
the value pair of raw_data is: 202
split the outgoings edges: 161 115 124 239
add node: MDDNode(3,u_10) MDDNode(3,u_11), remove node: MDDNode(3,u_3)
4 1 32
layer 4 incoming edges: 239
split the incoming edges: 239 121 118
the value pair of raw_data is: 161
split the outgoings edges: 1 1 1 2
add node: MDDNode(4,u_12) MDDNode(4,u_13), remove node: MDDNode(4,u_4)
1 2 32
layer 1 incoming edges: 58
split the incoming edges: 58 33 25
the value pair of raw_data is: 492
split the outgoings edges: 270 169 110 279
add node: MDDNode(1,u_14) MDDNode(1,u_15), remove node: MDDNode(1,u_6)
layer 1 incoming edges: 53
split the incoming edges: 53 33 20
the value pair of raw_data is: 492
split the outgoings edges: 191 115 82 197
add node: MDDNode(1,u_16) MDDNode(1,u_17), remove node: MDDNode(1,u_7)
2 2 32
layer 2 incoming edges: 224
split the incoming edges: 224 104 120
the value pair of raw_data is: 6265
split the outgoings edges: 88 84 85 169
add node: MDDNode(2,u_18) MDDNode(2,u_19), remove node: MDDNode(2,u_8)
layer 2 incoming edges: 252
split the incoming edges: 252 131 121
the value pair of raw_data is: 6265
split the outgoings edges: 88 86 85 171
add node: MDDNode(2,u_20) MDDNode(2,u_21), remove node: MDDNode(2,u_9)
3 2 32
layer 3 incoming edges: 173
split the incoming edges: 173 93 80
the value pair of raw_data is: 202
split the outgoings edges: 115 107 96 203
add node: MDDNode(3,u_22) MDDNode(3,u_23), remove node: MDDNode(3,u_10)
layer 3 incoming edges: 167
split the incoming edges: 167 82 85
the value pair of raw_data is: 202
split the outgoings edges: 124 106 102 208
add node: MDDNode(3,u_24) MDDNode(3,u_25), remove node: MDDNode(3,u_11)
4 2 32
layer 4 incoming edges: 207
split the incoming edges: 207 103 104
the value pair of raw_data is: 161
split the outgoings edges: 1 1 1 2
add node: MDDNode(4,u_26) MDDNode(4,u_27), remove node: MDDNode(4,u_12)
layer 4 incoming edges: 204
split the incoming edges: 204 115 89
the value pair of raw_data is: 161
split the outgoings edges: 1 1 1 2
add node: MDDNode(4,u_28) MDDNode(4,u_29), remove node: MDDNode(4,u_13)
1 4 32
layer 1 incoming edges: 33
split the incoming edges: 33 17 16
the value pair of raw_data is: 492
split the outgoings edges: 169 96 80 176
add node: MDDNode(1,u_30) MDDNode(1,u_31), remove node: MDDNode(1,u_14)
layer 1 incoming edges: 25
split the incoming edges: 25 11 14
the value pair of raw_data is: 492
split the outgoings edges: 110 52 58 110
add node: MDDNode(1,u_32) MDDNode(1,u_33), remove node: MDDNode(1,u_15)
layer 1 incoming edges: 33
split the incoming edges: 33 21 12
the value pair of raw_data is: 492
split the outgoings edges: 115 79 37 116
add node: MDDNode(1,u_34) MDDNode(1,u_35), remove node: MDDNode(1,u_16)
layer 1 incoming edges: 20
split the incoming edges: 20 11 9
the value pair of raw_data is: 492
split the outgoings edges: 82 41 43 84
add node: MDDNode(1,u_36) MDDNode(1,u_37), remove node: MDDNode(1,u_17)
2 4 32
layer 2 incoming edges: 107
split the incoming edges: 107 55 52
the value pair of raw_data is: 6265
split the outgoings edges: 84 76 82 158
add node: MDDNode(2,u_38) MDDNode(2,u_39), remove node: MDDNode(2,u_18)
layer 2 incoming edges: 122
split the incoming edges: 122 57 65
the value pair of raw_data is: 6265
split the outgoings edges: 85 82 80 162
add node: MDDNode(2,u_40) MDDNode(2,u_41), remove node: MDDNode(2,u_19)
layer 2 incoming edges: 135
split the incoming edges: 135 54 81
the value pair of raw_data is: 6265
split the outgoings edges: 86 75 85 160
add node: MDDNode(2,u_42) MDDNode(2,u_43), remove node: MDDNode(2,u_20)
layer 2 incoming edges: 122
split the incoming edges: 122 60 62
the value pair of raw_data is: 6265
split the outgoings edges: 85 79 85 164
add node: MDDNode(2,u_44) MDDNode(2,u_45), remove node: MDDNode(2,u_21)
3 4 32
layer 3 incoming edges: 177
split the incoming edges: 177 89 88
the value pair of raw_data is: 202
split the outgoings edges: 107 82 96 178
add node: MDDNode(3,u_46) MDDNode(3,u_47), remove node: MDDNode(3,u_22)
layer 3 incoming edges: 154
split the incoming edges: 154 78 76
the value pair of raw_data is: 202
split the outgoings edges: 96 84 70 154
add node: MDDNode(3,u_48) MDDNode(3,u_49), remove node: MDDNode(3,u_23)
layer 3 incoming edges: 153
split the incoming edges: 153 72 81
the value pair of raw_data is: 202
split the outgoings edges: 106 93 87 180
add node: MDDNode(3,u_50) MDDNode(3,u_51), remove node: MDDNode(3,u_24)
layer 3 incoming edges: 160
split the incoming edges: 160 87 73
the value pair of raw_data is: 202
split the outgoings edges: 102 99 90 189
add node: MDDNode(3,u_52) MDDNode(3,u_53), remove node: MDDNode(3,u_25)
4 4 32
layer 4 incoming edges: 177
split the incoming edges: 177 96 81
the value pair of raw_data is: 161
split the outgoings edges: 1 1 1 2
add node: MDDNode(4,u_54) MDDNode(4,u_55), remove node: MDDNode(4,u_26)
layer 4 incoming edges: 186
split the incoming edges: 186 99 87
the value pair of raw_data is: 161
split the outgoings edges: 1 1 1 2
add node: MDDNode(4,u_56) MDDNode(4,u_57), remove node: MDDNode(4,u_27)
layer 4 incoming edges: 191
split the incoming edges: 191 91 100
the value pair of raw_data is: 161
split the outgoings edges: 1 1 1 2
add node: MDDNode(4,u_58) MDDNode(4,u_59), remove node: MDDNode(4,u_28)
layer 4 incoming edges: 147
split the incoming edges: 147 73 74
the value pair of raw_data is: 161
split the outgoings edges: 1 1 1 2
add node: MDDNode(4,u_60) MDDNode(4,u_61), remove node: MDDNode(4,u_29)
1 8 32
layer 1 incoming edges: 17
split the incoming edges: 17 12 5
the value pair of raw_data is: 492
split the outgoings edges: 96 64 32 96
add node: MDDNode(1,u_62) MDDNode(1,u_63), remove node: MDDNode(1,u_30)
layer 1 incoming edges: 16
split the incoming edges: 16 8 8
the value pair of raw_data is: 492
split the outgoings edges: 80 45 38 83
add node: MDDNode(1,u_64) MDDNode(1,u_65), remove node: MDDNode(1,u_31)
layer 1 incoming edges: 11
split the incoming edges: 11 6 5
the value pair of raw_data is: 492
split the outgoings edges: 52 35 17 52
add node: MDDNode(1,u_66) MDDNode(1,u_67), remove node: MDDNode(1,u_32)
layer 1 incoming edges: 14
split the incoming edges: 14 7 7
the value pair of raw_data is: 492
split the outgoings edges: 58 22 36 58
add node: MDDNode(1,u_68) MDDNode(1,u_69), remove node: MDDNode(1,u_33)
layer 1 incoming edges: 21
split the incoming edges: 21 8 13
the value pair of raw_data is: 492
split the outgoings edges: 79 39 42 81
add node: MDDNode(1,u_70) MDDNode(1,u_71), remove node: MDDNode(1,u_34)
layer 1 incoming edges: 12
split the incoming edges: 12 10 2
the value pair of raw_data is: 492
split the outgoings edges: 37 31 6 37
add node: MDDNode(1,u_72) MDDNode(1,u_73), remove node: MDDNode(1,u_35)
layer 1 incoming edges: 11
split the incoming edges: 11 7 4
the value pair of raw_data is: 492
split the outgoings edges: 41 29 12 41
add node: MDDNode(1,u_74) MDDNode(1,u_75), remove node: MDDNode(1,u_36)
layer 1 incoming edges: 9
split the incoming edges: 9 5 4
the value pair of raw_data is: 492
split the outgoings edges: 43 37 6 43
add node: MDDNode(1,u_76) MDDNode(1,u_77), remove node: MDDNode(1,u_37)
2 8 32
layer 2 incoming edges: 56
split the incoming edges: 56 27 29
the value pair of raw_data is: 6265
split the outgoings edges: 76 68 69 137
add node: MDDNode(2,u_78) MDDNode(2,u_79), remove node: MDDNode(2,u_38)
layer 2 incoming edges: 52
split the incoming edges: 52 34 18
the value pair of raw_data is: 6265
split the outgoings edges: 82 80 50 130
add node: MDDNode(2,u_80) MDDNode(2,u_81), remove node: MDDNode(2,u_39)
layer 2 incoming edges: 57
split the incoming edges: 57 26 31
the value pair of raw_data is: 6265
split the outgoings edges: 82 76 73 149
add node: MDDNode(2,u_82) MDDNode(2,u_83), remove node: MDDNode(2,u_40)
layer 2 incoming edges: 66
split the incoming edges: 66 36 30
the value pair of raw_data is: 6265
split the outgoings edges: 80 77 71 148
add node: MDDNode(2,u_84) MDDNode(2,u_85), remove node: MDDNode(2,u_41)
layer 2 incoming edges: 55
split the incoming edges: 55 27 28
the value pair of raw_data is: 6265
split the outgoings edges: 75 64 71 135
add node: MDDNode(2,u_86) MDDNode(2,u_87), remove node: MDDNode(2,u_42)
layer 2 incoming edges: 81
split the incoming edges: 81 41 40
the value pair of raw_data is: 6265
split the outgoings edges: 85 81 81 162
add node: MDDNode(2,u_88) MDDNode(2,u_89), remove node: MDDNode(2,u_43)
layer 2 incoming edges: 61
split the incoming edges: 61 33 28
the value pair of raw_data is: 6265
split the outgoings edges: 79 68 79 147
add node: MDDNode(2,u_90) MDDNode(2,u_91), remove node: MDDNode(2,u_44)
layer 2 incoming edges: 63
split the incoming edges: 63 30 33
the value pair of raw_data is: 6265
split the outgoings edges: 85 75 81 156
add node: MDDNode(2,u_92) MDDNode(2,u_93), remove node: MDDNode(2,u_45)
3 8 32
layer 3 incoming edges: 160
split the incoming edges: 160 78 82
the value pair of raw_data is: 202
split the outgoings edges: 82 68 64 132
add node: MDDNode(3,u_94) MDDNode(3,u_95), remove node: MDDNode(3,u_46)
layer 3 incoming edges: 156
split the incoming edges: 156 80 76
the value pair of raw_data is: 202
split the outgoings edges: 96 83 78 161
add node: MDDNode(3,u_96) MDDNode(3,u_97), remove node: MDDNode(3,u_47)
layer 3 incoming edges: 143
split the incoming edges: 143 69 74
the value pair of raw_data is: 202
split the outgoings edges: 84 75 78 153
add node: MDDNode(3,u_98) MDDNode(3,u_99), remove node: MDDNode(3,u_48)
layer 3 incoming edges: 131
split the incoming edges: 131 71 60
the value pair of raw_data is: 202
split the outgoings edges: 70 69 60 129
add node: MDDNode(3,u_100) MDDNode(3,u_101), remove node: MDDNode(3,u_49)
layer 3 incoming edges: 131
split the incoming edges: 131 50 81
the value pair of raw_data is: 202
split the outgoings edges: 93 70 83 153
add node: MDDNode(3,u_102) MDDNode(3,u_103), remove node: MDDNode(3,u_50)
layer 3 incoming edges: 145
split the incoming edges: 145 73 72
the value pair of raw_data is: 202
split the outgoings edges: 87 79 75 154
add node: MDDNode(3,u_104) MDDNode(3,u_105), remove node: MDDNode(3,u_51)
layer 3 incoming edges: 163
split the incoming edges: 163 83 80
the value pair of raw_data is: 202
split the outgoings edges: 99 74 88 162
add node: MDDNode(3,u_106) MDDNode(3,u_107), remove node: MDDNode(3,u_52)
layer 3 incoming edges: 135
split the incoming edges: 135 74 61
the value pair of raw_data is: 202
split the outgoings edges: 90 77 79 156
add node: MDDNode(3,u_108) MDDNode(3,u_109), remove node: MDDNode(3,u_53)
4 8 32
layer 4 incoming edges: 167
split the incoming edges: 167 91 76
the value pair of raw_data is: 161
split the outgoings edges: 1 1 1 2
add node: MDDNode(4,u_110) MDDNode(4,u_111), remove node: MDDNode(4,u_54)
layer 4 incoming edges: 142
split the incoming edges: 142 71 71
the value pair of raw_data is: 161
split the outgoings edges: 1 1 1 2
add node: MDDNode(4,u_112) MDDNode(4,u_113), remove node: MDDNode(4,u_55)
layer 4 incoming edges: 170
split the incoming edges: 170 84 86
the value pair of raw_data is: 161
split the outgoings edges: 1 1 1 2
add node: MDDNode(4,u_114) MDDNode(4,u_115), remove node: MDDNode(4,u_56)
layer 4 incoming edges: 147
split the incoming edges: 147 75 72
the value pair of raw_data is: 161
split the outgoings edges: 1 1 1 2
add node: MDDNode(4,u_116) MDDNode(4,u_117), remove node: MDDNode(4,u_57)
layer 4 incoming edges: 155
split the incoming edges: 155 77 78
the value pair of raw_data is: 161
split the outgoings edges: 1 1 1 2
add node: MDDNode(4,u_118) MDDNode(4,u_119), remove node: MDDNode(4,u_58)
layer 4 incoming edges: 172
split the incoming edges: 172 73 99
the value pair of raw_data is: 161
split the outgoings edges: 1 1 1 2
add node: MDDNode(4,u_120) MDDNode(4,u_121), remove node: MDDNode(4,u_59)
layer 4 incoming edges: 122
split the incoming edges: 122 64 58
the value pair of raw_data is: 161
split the outgoings edges: 1 1 1 2
add node: MDDNode(4,u_122) MDDNode(4,u_123), remove node: MDDNode(4,u_60)
layer 4 incoming edges: 125
split the incoming edges: 125 61 64
the value pair of raw_data is: 161
split the outgoings edges: 1 1 1 2
add node: MDDNode(4,u_124) MDDNode(4,u_125), remove node: MDDNode(4,u_61)
1 16 32
layer 1 incoming edges: 12
split the incoming edges: 12 7 5
the value pair of raw_data is: 492
split the outgoings edges: 64 42 22 64
add node: MDDNode(1,u_126) MDDNode(1,u_127), remove node: MDDNode(1,u_62)
layer 1 incoming edges: 5
split the incoming edges: 5 2 3
the value pair of raw_data is: 492
split the outgoings edges: 32 11 21 32
add node: MDDNode(1,u_128) MDDNode(1,u_129), remove node: MDDNode(1,u_63)
layer 1 incoming edges: 8
split the incoming edges: 8 5 3
the value pair of raw_data is: 492
split the outgoings edges: 45 14 31 45
add node: MDDNode(1,u_130) MDDNode(1,u_131), remove node: MDDNode(1,u_64)
layer 1 incoming edges: 8
split the incoming edges: 8 4 4
the value pair of raw_data is: 492
split the outgoings edges: 38 15 24 39
add node: MDDNode(1,u_132) MDDNode(1,u_133), remove node: MDDNode(1,u_65)
layer 1 incoming edges: 6
split the incoming edges: 6 4 2
the value pair of raw_data is: 492
split the outgoings edges: 35 23 12 35
add node: MDDNode(1,u_134) MDDNode(1,u_135), remove node: MDDNode(1,u_66)
layer 1 incoming edges: 5
split the incoming edges: 5 2 3
the value pair of raw_data is: 492
split the outgoings edges: 17 3 14 17
add node: MDDNode(1,u_136) MDDNode(1,u_137), remove node: MDDNode(1,u_67)
layer 1 incoming edges: 7
split the incoming edges: 7 4 3
the value pair of raw_data is: 492
split the outgoings edges: 22 13 9 22
add node: MDDNode(1,u_138) MDDNode(1,u_139), remove node: MDDNode(1,u_68)
layer 1 incoming edges: 7
split the incoming edges: 7 3 4
the value pair of raw_data is: 492
split the outgoings edges: 36 10 26 36
add node: MDDNode(1,u_140) MDDNode(1,u_141), remove node: MDDNode(1,u_69)
layer 1 incoming edges: 8
split the incoming edges: 8 3 5
the value pair of raw_data is: 492
split the outgoings edges: 39 16 23 39
add node: MDDNode(1,u_142) MDDNode(1,u_143), remove node: MDDNode(1,u_70)
layer 1 incoming edges: 13
split the incoming edges: 13 4 9
the value pair of raw_data is: 492
split the outgoings edges: 42 8 34 42
add node: MDDNode(1,u_144) MDDNode(1,u_145), remove node: MDDNode(1,u_71)
layer 1 incoming edges: 10
split the incoming edges: 10 6 4
the value pair of raw_data is: 492
split the outgoings edges: 31 22 9 31
add node: MDDNode(1,u_146) MDDNode(1,u_147), remove node: MDDNode(1,u_72)
layer 1 incoming edges: 2
one of splitted has no income edge:2 0
layer 1 incoming edges: 7
split the incoming edges: 7 4 3
the value pair of raw_data is: 492
split the outgoings edges: 29 23 6 29
add node: MDDNode(1,u_148) MDDNode(1,u_149), remove node: MDDNode(1,u_74)
layer 1 incoming edges: 4
one of splitted has no income edge:0 4
layer 1 incoming edges: 5
split the incoming edges: 5 2 3
the value pair of raw_data is: 492
split the outgoings edges: 37 16 21 37
add node: MDDNode(1,u_150) MDDNode(1,u_151), remove node: MDDNode(1,u_76)
layer 1 incoming edges: 4
split the incoming edges: 4 2 2
the value pair of raw_data is: 492
split the outgoings edges: 6 3 3 6
add node: MDDNode(1,u_152) MDDNode(1,u_153), remove node: MDDNode(1,u_77)
2 16 32
layer 2 incoming edges: 27
split the incoming edges: 27 17 10
the value pair of raw_data is: 6265
split the outgoings edges: 68 58 63 121
add node: MDDNode(2,u_154) MDDNode(2,u_155), remove node: MDDNode(2,u_78)
layer 2 incoming edges: 29
split the incoming edges: 29 12 17
the value pair of raw_data is: 6265
split the outgoings edges: 69 57 63 120
add node: MDDNode(2,u_156) MDDNode(2,u_157), remove node: MDDNode(2,u_79)
layer 2 incoming edges: 34
split the incoming edges: 34 19 15
the value pair of raw_data is: 6265
split the outgoings edges: 80 73 64 137
add node: MDDNode(2,u_158) MDDNode(2,u_159), remove node: MDDNode(2,u_80)
layer 2 incoming edges: 18
split the incoming edges: 18 12 6
the value pair of raw_data is: 6265
split the outgoings edges: 50 43 36 79
add node: MDDNode(2,u_160) MDDNode(2,u_161), remove node: MDDNode(2,u_81)
layer 2 incoming edges: 26
split the incoming edges: 26 14 12
the value pair of raw_data is: 6265
split the outgoings edges: 76 66 57 123
add node: MDDNode(2,u_162) MDDNode(2,u_163), remove node: MDDNode(2,u_82)
layer 2 incoming edges: 31
split the incoming edges: 31 9 22
the value pair of raw_data is: 6265
split the outgoings edges: 73 47 70 117
add node: MDDNode(2,u_164) MDDNode(2,u_165), remove node: MDDNode(2,u_83)
layer 2 incoming edges: 37
split the incoming edges: 37 18 19
the value pair of raw_data is: 6265
split the outgoings edges: 77 65 67 132
add node: MDDNode(2,u_166) MDDNode(2,u_167), remove node: MDDNode(2,u_84)
layer 2 incoming edges: 30
split the incoming edges: 30 14 16
the value pair of raw_data is: 6265
split the outgoings edges: 71 69 56 125
add node: MDDNode(2,u_168) MDDNode(2,u_169), remove node: MDDNode(2,u_85)
layer 2 incoming edges: 27
split the incoming edges: 27 13 14
the value pair of raw_data is: 6265
split the outgoings edges: 64 56 55 111
add node: MDDNode(2,u_170) MDDNode(2,u_171), remove node: MDDNode(2,u_86)
layer 2 incoming edges: 28
split the incoming edges: 28 15 13
the value pair of raw_data is: 6265
split the outgoings edges: 71 64 67 131
add node: MDDNode(2,u_172) MDDNode(2,u_173), remove node: MDDNode(2,u_87)
layer 2 incoming edges: 41
split the incoming edges: 41 16 25
the value pair of raw_data is: 6265
split the outgoings edges: 81 75 73 148
add node: MDDNode(2,u_174) MDDNode(2,u_175), remove node: MDDNode(2,u_88)
layer 2 incoming edges: 40
split the incoming edges: 40 20 20
the value pair of raw_data is: 6265
split the outgoings edges: 81 72 73 145
add node: MDDNode(2,u_176) MDDNode(2,u_177), remove node: MDDNode(2,u_89)
layer 2 incoming edges: 33
split the incoming edges: 33 14 19
the value pair of raw_data is: 6265
split the outgoings edges: 68 57 62 119
add node: MDDNode(2,u_178) MDDNode(2,u_179), remove node: MDDNode(2,u_90)
layer 2 incoming edges: 28
split the incoming edges: 28 14 14
the value pair of raw_data is: 6265
split the outgoings edges: 79 66 71 137
add node: MDDNode(2,u_180) MDDNode(2,u_181), remove node: MDDNode(2,u_91)
layer 2 incoming edges: 30
split the incoming edges: 30 6 24
the value pair of raw_data is: 6265
split the outgoings edges: 75 31 75 106
add node: MDDNode(2,u_182) MDDNode(2,u_183), remove node: MDDNode(2,u_92)
layer 2 incoming edges: 33
split the incoming edges: 33 20 13
the value pair of raw_data is: 6265
split the outgoings edges: 81 75 50 125
add node: MDDNode(2,u_184) MDDNode(2,u_185), remove node: MDDNode(2,u_93)
3 16 32
layer 3 incoming edges: 127
split the incoming edges: 127 64 63
the value pair of raw_data is: 202
split the outgoings edges: 68 54 57 111
add node: MDDNode(3,u_186) MDDNode(3,u_187), remove node: MDDNode(3,u_94)
layer 3 incoming edges: 139
split the incoming edges: 139 69 70
the value pair of raw_data is: 202
split the outgoings edges: 64 51 61 112
add node: MDDNode(3,u_188) MDDNode(3,u_189), remove node: MDDNode(3,u_95)
layer 3 incoming edges: 135
split the incoming edges: 135 69 66
the value pair of raw_data is: 202
split the outgoings edges: 83 65 68 133
add node: MDDNode(3,u_190) MDDNode(3,u_191), remove node: MDDNode(3,u_96)
layer 3 incoming edges: 127
split the incoming edges: 127 52 75
the value pair of raw_data is: 202
split the outgoings edges: 78 55 62 117
add node: MDDNode(3,u_192) MDDNode(3,u_193), remove node: MDDNode(3,u_97)
layer 3 incoming edges: 117
split the incoming edges: 117 56 61
the value pair of raw_data is: 202
split the outgoings edges: 75 62 60 122
add node: MDDNode(3,u_194) MDDNode(3,u_195), remove node: MDDNode(3,u_98)
layer 3 incoming edges: 133
split the incoming edges: 133 67 66
the value pair of raw_data is: 202
split the outgoings edges: 78 73 64 137
add node: MDDNode(3,u_196) MDDNode(3,u_197), remove node: MDDNode(3,u_99)
layer 3 incoming edges: 113
split the incoming edges: 113 56 57
the value pair of raw_data is: 202
split the outgoings edges: 69 60 54 114
add node: MDDNode(3,u_198) MDDNode(3,u_199), remove node: MDDNode(3,u_100)
layer 3 incoming edges: 104
split the incoming edges: 104 61 43
the value pair of raw_data is: 202
split the outgoings edges: 60 51 47 98
add node: MDDNode(3,u_200) MDDNode(3,u_201), remove node: MDDNode(3,u_101)
layer 3 incoming edges: 87
split the incoming edges: 87 49 38
the value pair of raw_data is: 202
split the outgoings edges: 70 66 55 121
add node: MDDNode(3,u_202) MDDNode(3,u_203), remove node: MDDNode(3,u_102)
layer 3 incoming edges: 140
split the incoming edges: 140 63 77
the value pair of raw_data is: 202
split the outgoings edges: 83 70 69 139
add node: MDDNode(3,u_204) MDDNode(3,u_205), remove node: MDDNode(3,u_103)
layer 3 incoming edges: 123
split the incoming edges: 123 59 64
the value pair of raw_data is: 202
split the outgoings edges: 79 69 66 135
add node: MDDNode(3,u_206) MDDNode(3,u_207), remove node: MDDNode(3,u_104)
layer 3 incoming edges: 120
split the incoming edges: 120 54 66
the value pair of raw_data is: 202
split the outgoings edges: 75 60 65 125
add node: MDDNode(3,u_208) MDDNode(3,u_209), remove node: MDDNode(3,u_105)
layer 3 incoming edges: 144
split the incoming edges: 144 64 80
the value pair of raw_data is: 202
split the outgoings edges: 74 63 61 124
add node: MDDNode(3,u_210) MDDNode(3,u_211), remove node: MDDNode(3,u_106)
layer 3 incoming edges: 140
split the incoming edges: 140 70 70
the value pair of raw_data is: 202
split the outgoings edges: 88 69 72 141
add node: MDDNode(3,u_212) MDDNode(3,u_213), remove node: MDDNode(3,u_107)
layer 3 incoming edges: 124
split the incoming edges: 124 53 71
the value pair of raw_data is: 202
split the outgoings edges: 77 63 69 132
add node: MDDNode(3,u_214) MDDNode(3,u_215), remove node: MDDNode(3,u_108)
layer 3 incoming edges: 103
split the incoming edges: 103 53 50
the value pair of raw_data is: 202
split the outgoings edges: 79 77 67 144
add node: MDDNode(3,u_216) MDDNode(3,u_217), remove node: MDDNode(3,u_109)
4 16 32
layer 4 incoming edges: 157
split the incoming edges: 157 69 88
the value pair of raw_data is: 161
split the outgoings edges: 1 1 1 2
add node: MDDNode(4,u_218) MDDNode(4,u_219), remove node: MDDNode(4,u_110)
layer 4 incoming edges: 126
split the incoming edges: 126 65 61
the value pair of raw_data is: 161
split the outgoings edges: 1 1 1 2
add node: MDDNode(4,u_220) MDDNode(4,u_221), remove node: MDDNode(4,u_111)
layer 4 incoming edges: 123
split the incoming edges: 123 67 56
the value pair of raw_data is: 161
split the outgoings edges: 1 1 1 2
add node: MDDNode(4,u_222) MDDNode(4,u_223), remove node: MDDNode(4,u_112)
layer 4 incoming edges: 120
split the incoming edges: 120 61 59
the value pair of raw_data is: 161
split the outgoings edges: 1 1 1 2
add node: MDDNode(4,u_224) MDDNode(4,u_225), remove node: MDDNode(4,u_113)
layer 4 incoming edges: 143
split the incoming edges: 143 68 75
the value pair of raw_data is: 161
split the outgoings edges: 1 1 1 2
add node: MDDNode(4,u_226) MDDNode(4,u_227), remove node: MDDNode(4,u_114)
layer 4 incoming edges: 139
split the incoming edges: 139 75 64
the value pair of raw_data is: 161
split the outgoings edges: 1 1 1 2
add node: MDDNode(4,u_228) MDDNode(4,u_229), remove node: MDDNode(4,u_115)
layer 4 incoming edges: 126
split the incoming edges: 126 59 67
the value pair of raw_data is: 161
split the outgoings edges: 1 1 1 2
add node: MDDNode(4,u_230) MDDNode(4,u_231), remove node: MDDNode(4,u_116)
layer 4 incoming edges: 117
split the incoming edges: 117 60 57
the value pair of raw_data is: 161
split the outgoings edges: 1 1 1 2
add node: MDDNode(4,u_232) MDDNode(4,u_233), remove node: MDDNode(4,u_117)
layer 4 incoming edges: 123
split the incoming edges: 123 54 69
the value pair of raw_data is: 161
split the outgoings edges: 1 1 1 2
add node: MDDNode(4,u_234) MDDNode(4,u_235), remove node: MDDNode(4,u_118)
layer 4 incoming edges: 130
split the incoming edges: 130 53 77
the value pair of raw_data is: 161
split the outgoings edges: 1 1 1 2
add node: MDDNode(4,u_236) MDDNode(4,u_237), remove node: MDDNode(4,u_119)
layer 4 incoming edges: 119
split the incoming edges: 119 59 60
the value pair of raw_data is: 161
split the outgoings edges: 1 1 1 2
add node: MDDNode(4,u_238) MDDNode(4,u_239), remove node: MDDNode(4,u_120)
layer 4 incoming edges: 171
split the incoming edges: 171 86 85
the value pair of raw_data is: 161
split the outgoings edges: 1 1 1 2
add node: MDDNode(4,u_240) MDDNode(4,u_241), remove node: MDDNode(4,u_121)
layer 4 incoming edges: 104
split the incoming edges: 104 54 50
the value pair of raw_data is: 161
split the outgoings edges: 1 1 1 2
add node: MDDNode(4,u_242) MDDNode(4,u_243), remove node: MDDNode(4,u_122)
layer 4 incoming edges: 93
split the incoming edges: 93 40 53
the value pair of raw_data is: 161
split the outgoings edges: 1 1 1 2
add node: MDDNode(4,u_244) MDDNode(4,u_245), remove node: MDDNode(4,u_123)
layer 4 incoming edges: 107
split the incoming edges: 107 51 56
the value pair of raw_data is: 161
split the outgoings edges: 1 1 1 2
add node: MDDNode(4,u_246) MDDNode(4,u_247), remove node: MDDNode(4,u_124)
layer 4 incoming edges: 107
split the incoming edges: 107 59 48
the value pair of raw_data is: 161
split the outgoings edges: 1 1 1 2
add node: MDDNode(4,u_248) MDDNode(4,u_249), remove node: MDDNode(4,u_125)
1 30 32
layer 1 incoming edges: 2
split the incoming edges: 2 1 1
the value pair of raw_data is: 492
split the outgoings edges: 6 4 2 6
add node: MDDNode(1,u_250) MDDNode(1,u_251), remove node: MDDNode(1,u_73)
layer 1 incoming edges: 4
split the incoming edges: 4 1 3
the value pair of raw_data is: 492
split the outgoings edges: 12 4 8 12
add node: MDDNode(1,u_252) MDDNode(1,u_253), remove node: MDDNode(1,u_75)
layer 1 incoming edges: 7
node canot be splitted, beacause reaching the bound!: 32
layer 1 incoming edges: 5
node canot be splitted, beacause reaching the bound!: 32
layer 1 incoming edges: 2
node canot be splitted, beacause reaching the bound!: 32
layer 1 incoming edges: 3
node canot be splitted, beacause reaching the bound!: 32
layer 1 incoming edges: 5
node canot be splitted, beacause reaching the bound!: 32
layer 1 incoming edges: 3
one of splitted has no income edge:3 0
layer 1 incoming edges: 4
one of splitted has no income edge:4 0
layer 1 incoming edges: 4
node canot be splitted, beacause reaching the bound!: 32
layer 1 incoming edges: 4
one of splitted has no income edge:0 4
layer 1 incoming edges: 2
node canot be splitted, beacause reaching the bound!: 32
layer 1 incoming edges: 2
one of splitted has no income edge:0 2
layer 1 incoming edges: 3
node canot be splitted, beacause reaching the bound!: 32
layer 1 incoming edges: 4
node canot be splitted, beacause reaching the bound!: 32
layer 1 incoming edges: 3
node canot be splitted, beacause reaching the bound!: 32
layer 1 incoming edges: 3
node canot be splitted, beacause reaching the bound!: 32
layer 1 incoming edges: 4
node canot be splitted, beacause reaching the bound!: 32
layer 1 incoming edges: 3
one of splitted has no income edge:0 3
layer 1 incoming edges: 5
node canot be splitted, beacause reaching the bound!: 32
layer 1 incoming edges: 4
node canot be splitted, beacause reaching the bound!: 32
layer 1 incoming edges: 9
node canot be splitted, beacause reaching the bound!: 32
layer 1 incoming edges: 6
node canot be splitted, beacause reaching the bound!: 32
layer 1 incoming edges: 4
node canot be splitted, beacause reaching the bound!: 32
layer 1 incoming edges: 4
one of splitted has no income edge:4 0
layer 1 incoming edges: 3
node canot be splitted, beacause reaching the bound!: 32
layer 1 incoming edges: 2
node canot be splitted, beacause reaching the bound!: 32
layer 1 incoming edges: 3
node canot be splitted, beacause reaching the bound!: 32
layer 1 incoming edges: 2
node canot be splitted, beacause reaching the bound!: 32
layer 1 incoming edges: 2
node canot be splitted, beacause reaching the bound!: 32
The bucket size: [25]
the graph width list : [1, 32, 32, 32, 32, 1]
iter= 1 dev 0.2538   test 0.2308   intelligible 0.3008   english 0.2469   gold 0.5068   save acc: 0.3008 time: 2019-11-27T17:55 
iter= 2 dev 0.2931   test 0.2729   intelligible 0.3534   english 0.2933   gold 0.6164   save acc: 0.3534 time: 2019-11-27T17:56 
iter= 3 dev 0.2898   test 0.2716   intelligible 0.3519   english 0.2897   gold 0.6027   
iter= 4 dev 0.2905   test 0.2954   intelligible 0.3871   english 0.3177   gold 0.7123   save acc: 0.3871 time: 2019-11-27T17:58 
iter= 5 dev 0.3121   test 0.2866   intelligible 0.3735   english 0.3067   gold 0.6404   
iter= 6 dev 0.3069   test 0.2975   intelligible 0.3909   english 0.3195   gold 0.7089   save acc: 0.3909 time: 2019-11-27T18:00 
iter= 7 dev 0.3107   test 0.3040   intelligible 0.3989   english 0.3269   gold 0.7055   save acc: 0.3989 time: 2019-11-27T18:01 
iter= 8 dev 0.3107   test 0.2962   intelligible 0.3886   english 0.3186   gold 0.6661   
iter= 9 dev 0.3161   test 0.2949   intelligible 0.3841   english 0.3144   gold 0.6661   
iter= 10 dev 0.3104   test 0.2921   intelligible 0.3841   english 0.3135   gold 0.6524   
iter= 11 dev 0.3092   test 0.2972   intelligible 0.3913   english 0.3192   gold 0.7089   
iter= 12 dev 0.3083   test 0.2921   intelligible 0.3826   english 0.3135   gold 0.6575   
iter= 13 dev 0.3071   test 0.2944   intelligible 0.3852   english 0.3156   gold 0.6541   
iter= 14 dev 0.3019   test 0.2921   intelligible 0.3822   english 0.3141   gold 0.6558   
iter= 15 dev 0.3059   test 0.2959   intelligible 0.3875   english 0.3174   gold 0.6644   
iter= 16 dev 0.3078   test 0.2941   intelligible 0.3871   english 0.3162   gold 0.6610   
iter= 17 dev 0.3092   test 0.2988   intelligible 0.3924   english 0.3212   gold 0.6610   
iter= 18 dev 0.3088   test 0.2959   intelligible 0.3894   english 0.3183   gold 0.6592   
iter= 19 dev 0.3090   test 0.2949   intelligible 0.3879   english 0.3168   gold 0.6592   
iter= 20 dev 0.3090   test 0.2941   intelligible 0.3867   english 0.3159   gold 0.6575   
iter= 21 dev 0.3111   test 0.2944   intelligible 0.3871   english 0.3162   gold 0.6541   
