args Namespace(config='configs/config_l.json', dataset='dataset/IFTTT/msr_data.pkl', load_model=None, mode='train', output='model/ifttt/width-32/pid-7-', width='32')
configure: {'max_word_id': 4000, 'bidirectional': True, 'cell_type': 'lstm', 'decoder': 'attention', 'embedding_size': 50, 'keep_prob': 0.5, 'memory_size': 25, 'num_layers': 1, 'num_units': 50, 'use_embedding': True, 'epoches': 20, 'batch_size': 32, 'init': {'name': 'random_uniform_initializer', 'scale': 0.1}, 'lr_scheduler': {'decay_steps': 5000, 'init_lr': 0.01, 'staircase': True}, 'max_grad_norm': 1, 'optimizer': 'AdamOptimizer'}
# path 8580
save to model/ifttt/width-32/pid-7-IFTTT-w-32.json
load json
numArcLayers: 5
1 1 32
layer 1 incoming edges: 111
split the incoming edges: 111 52 59
the value pair of raw_data is: 492
split the outgoings edges: 443 219 240 459
add node: MDDNode(1,u_6) MDDNode(1,u_7), remove node: MDDNode(1,u_1)
2 1 32
layer 2 incoming edges: 459
split the incoming edges: 459 237 222
the value pair of raw_data is: 6265
split the outgoings edges: 88 87 87 174
add node: MDDNode(2,u_8) MDDNode(2,u_9), remove node: MDDNode(2,u_2)
3 1 32
layer 3 incoming edges: 174
split the incoming edges: 174 89 85
the value pair of raw_data is: 202
split the outgoings edges: 161 121 126 247
add node: MDDNode(3,u_10) MDDNode(3,u_11), remove node: MDDNode(3,u_3)
4 1 32
layer 4 incoming edges: 247
split the incoming edges: 247 123 124
the value pair of raw_data is: 161
split the outgoings edges: 1 1 1 2
add node: MDDNode(4,u_12) MDDNode(4,u_13), remove node: MDDNode(4,u_4)
1 2 32
layer 1 incoming edges: 52
split the incoming edges: 52 23 29
the value pair of raw_data is: 492
split the outgoings edges: 219 76 155 231
add node: MDDNode(1,u_14) MDDNode(1,u_15), remove node: MDDNode(1,u_6)
layer 1 incoming edges: 59
split the incoming edges: 59 29 30
the value pair of raw_data is: 492
split the outgoings edges: 240 120 121 241
add node: MDDNode(1,u_16) MDDNode(1,u_17), remove node: MDDNode(1,u_7)
2 2 32
layer 2 incoming edges: 243
split the incoming edges: 243 130 113
the value pair of raw_data is: 6265
split the outgoings edges: 87 84 87 171
add node: MDDNode(2,u_18) MDDNode(2,u_19), remove node: MDDNode(2,u_8)
layer 2 incoming edges: 229
split the incoming edges: 229 110 119
the value pair of raw_data is: 6265
split the outgoings edges: 87 85 85 170
add node: MDDNode(2,u_20) MDDNode(2,u_21), remove node: MDDNode(2,u_9)
3 2 32
layer 3 incoming edges: 174
split the incoming edges: 174 81 93
the value pair of raw_data is: 202
split the outgoings edges: 121 98 98 196
add node: MDDNode(3,u_22) MDDNode(3,u_23), remove node: MDDNode(3,u_10)
layer 3 incoming edges: 167
split the incoming edges: 167 93 74
the value pair of raw_data is: 202
split the outgoings edges: 126 94 104 198
add node: MDDNode(3,u_24) MDDNode(3,u_25), remove node: MDDNode(3,u_11)
4 2 32
layer 4 incoming edges: 198
split the incoming edges: 198 98 100
the value pair of raw_data is: 161
split the outgoings edges: 1 1 1 2
add node: MDDNode(4,u_26) MDDNode(4,u_27), remove node: MDDNode(4,u_12)
layer 4 incoming edges: 196
split the incoming edges: 196 97 99
the value pair of raw_data is: 161
split the outgoings edges: 1 1 1 2
add node: MDDNode(4,u_28) MDDNode(4,u_29), remove node: MDDNode(4,u_13)
1 4 32
layer 1 incoming edges: 23
split the incoming edges: 23 11 12
the value pair of raw_data is: 492
split the outgoings edges: 76 38 42 80
add node: MDDNode(1,u_30) MDDNode(1,u_31), remove node: MDDNode(1,u_14)
layer 1 incoming edges: 29
split the incoming edges: 29 12 17
the value pair of raw_data is: 492
split the outgoings edges: 155 55 103 158
add node: MDDNode(1,u_32) MDDNode(1,u_33), remove node: MDDNode(1,u_15)
layer 1 incoming edges: 29
split the incoming edges: 29 12 17
the value pair of raw_data is: 492
split the outgoings edges: 120 37 83 120
add node: MDDNode(1,u_34) MDDNode(1,u_35), remove node: MDDNode(1,u_16)
layer 1 incoming edges: 30
split the incoming edges: 30 14 16
the value pair of raw_data is: 492
split the outgoings edges: 121 56 70 126
add node: MDDNode(1,u_36) MDDNode(1,u_37), remove node: MDDNode(1,u_17)
2 4 32
layer 2 incoming edges: 132
split the incoming edges: 132 74 58
the value pair of raw_data is: 6265
split the outgoings edges: 84 83 81 164
add node: MDDNode(2,u_38) MDDNode(2,u_39), remove node: MDDNode(2,u_18)
layer 2 incoming edges: 117
split the incoming edges: 117 49 68
the value pair of raw_data is: 6265
split the outgoings edges: 87 78 83 161
add node: MDDNode(2,u_40) MDDNode(2,u_41), remove node: MDDNode(2,u_19)
layer 2 incoming edges: 114
split the incoming edges: 114 60 54
the value pair of raw_data is: 6265
split the outgoings edges: 85 78 84 162
add node: MDDNode(2,u_42) MDDNode(2,u_43), remove node: MDDNode(2,u_20)
layer 2 incoming edges: 121
split the incoming edges: 121 52 69
the value pair of raw_data is: 6265
split the outgoings edges: 85 74 82 156
add node: MDDNode(2,u_44) MDDNode(2,u_45), remove node: MDDNode(2,u_21)
3 4 32
layer 3 incoming edges: 154
split the incoming edges: 154 71 83
the value pair of raw_data is: 202
split the outgoings edges: 98 86 81 167
add node: MDDNode(3,u_46) MDDNode(3,u_47), remove node: MDDNode(3,u_22)
layer 3 incoming edges: 169
split the incoming edges: 169 88 81
the value pair of raw_data is: 202
split the outgoings edges: 98 84 83 167
add node: MDDNode(3,u_48) MDDNode(3,u_49), remove node: MDDNode(3,u_23)
layer 3 incoming edges: 180
split the incoming edges: 180 96 84
the value pair of raw_data is: 202
split the outgoings edges: 94 81 91 172
add node: MDDNode(3,u_50) MDDNode(3,u_51), remove node: MDDNode(3,u_24)
layer 3 incoming edges: 140
split the incoming edges: 140 71 69
the value pair of raw_data is: 202
split the outgoings edges: 104 84 90 174
add node: MDDNode(3,u_52) MDDNode(3,u_53), remove node: MDDNode(3,u_25)
4 4 32
layer 4 incoming edges: 164
split the incoming edges: 164 90 74
the value pair of raw_data is: 161
split the outgoings edges: 1 1 1 2
add node: MDDNode(4,u_54) MDDNode(4,u_55), remove node: MDDNode(4,u_26)
layer 4 incoming edges: 172
split the incoming edges: 172 95 77
the value pair of raw_data is: 161
split the outgoings edges: 1 1 1 2
add node: MDDNode(4,u_56) MDDNode(4,u_57), remove node: MDDNode(4,u_27)
layer 4 incoming edges: 169
split the incoming edges: 169 83 86
the value pair of raw_data is: 161
split the outgoings edges: 1 1 1 2
add node: MDDNode(4,u_58) MDDNode(4,u_59), remove node: MDDNode(4,u_28)
layer 4 incoming edges: 175
split the incoming edges: 175 86 89
the value pair of raw_data is: 161
split the outgoings edges: 1 1 1 2
add node: MDDNode(4,u_60) MDDNode(4,u_61), remove node: MDDNode(4,u_29)
1 8 32
layer 1 incoming edges: 11
split the incoming edges: 11 3 8
the value pair of raw_data is: 492
split the outgoings edges: 38 14 26 40
add node: MDDNode(1,u_62) MDDNode(1,u_63), remove node: MDDNode(1,u_30)
layer 1 incoming edges: 12
split the incoming edges: 12 6 6
the value pair of raw_data is: 492
split the outgoings edges: 42 32 12 44
add node: MDDNode(1,u_64) MDDNode(1,u_65), remove node: MDDNode(1,u_31)
layer 1 incoming edges: 12
split the incoming edges: 12 7 5
the value pair of raw_data is: 492
split the outgoings edges: 55 36 19 55
add node: MDDNode(1,u_66) MDDNode(1,u_67), remove node: MDDNode(1,u_32)
layer 1 incoming edges: 17
split the incoming edges: 17 9 8
the value pair of raw_data is: 492
split the outgoings edges: 103 54 50 104
add node: MDDNode(1,u_68) MDDNode(1,u_69), remove node: MDDNode(1,u_33)
layer 1 incoming edges: 12
split the incoming edges: 12 7 5
the value pair of raw_data is: 492
split the outgoings edges: 37 25 12 37
add node: MDDNode(1,u_70) MDDNode(1,u_71), remove node: MDDNode(1,u_34)
layer 1 incoming edges: 17
split the incoming edges: 17 6 11
the value pair of raw_data is: 492
split the outgoings edges: 83 38 45 83
add node: MDDNode(1,u_72) MDDNode(1,u_73), remove node: MDDNode(1,u_35)
layer 1 incoming edges: 14
split the incoming edges: 14 4 10
the value pair of raw_data is: 492
split the outgoings edges: 56 14 42 56
add node: MDDNode(1,u_74) MDDNode(1,u_75), remove node: MDDNode(1,u_36)
layer 1 incoming edges: 16
split the incoming edges: 16 9 7
the value pair of raw_data is: 492
split the outgoings edges: 70 43 28 71
add node: MDDNode(1,u_76) MDDNode(1,u_77), remove node: MDDNode(1,u_37)
2 8 32
layer 2 incoming edges: 75
split the incoming edges: 75 38 37
the value pair of raw_data is: 6265
split the outgoings edges: 83 81 73 154
add node: MDDNode(2,u_78) MDDNode(2,u_79), remove node: MDDNode(2,u_38)
layer 2 incoming edges: 59
split the incoming edges: 59 32 27
the value pair of raw_data is: 6265
split the outgoings edges: 81 80 70 150
add node: MDDNode(2,u_80) MDDNode(2,u_81), remove node: MDDNode(2,u_39)
layer 2 incoming edges: 51
split the incoming edges: 51 25 26
the value pair of raw_data is: 6265
split the outgoings edges: 78 65 73 138
add node: MDDNode(2,u_82) MDDNode(2,u_83), remove node: MDDNode(2,u_40)
layer 2 incoming edges: 69
split the incoming edges: 69 37 32
the value pair of raw_data is: 6265
split the outgoings edges: 83 80 70 150
add node: MDDNode(2,u_84) MDDNode(2,u_85), remove node: MDDNode(2,u_41)
layer 2 incoming edges: 60
split the incoming edges: 60 32 28
the value pair of raw_data is: 6265
split the outgoings edges: 78 71 70 141
add node: MDDNode(2,u_86) MDDNode(2,u_87), remove node: MDDNode(2,u_42)
layer 2 incoming edges: 54
split the incoming edges: 54 29 25
the value pair of raw_data is: 6265
split the outgoings edges: 84 78 74 152
add node: MDDNode(2,u_88) MDDNode(2,u_89), remove node: MDDNode(2,u_43)
layer 2 incoming edges: 53
split the incoming edges: 53 29 24
the value pair of raw_data is: 6265
split the outgoings edges: 74 63 68 131
add node: MDDNode(2,u_90) MDDNode(2,u_91), remove node: MDDNode(2,u_44)
layer 2 incoming edges: 69
split the incoming edges: 69 21 48
the value pair of raw_data is: 6265
split the outgoings edges: 82 70 81 151
add node: MDDNode(2,u_92) MDDNode(2,u_93), remove node: MDDNode(2,u_45)
3 8 32
layer 3 incoming edges: 130
split the incoming edges: 130 77 53
the value pair of raw_data is: 202
split the outgoings edges: 86 76 64 140
add node: MDDNode(3,u_94) MDDNode(3,u_95), remove node: MDDNode(3,u_46)
layer 3 incoming edges: 150
split the incoming edges: 150 75 75
the value pair of raw_data is: 202
split the outgoings edges: 81 69 67 136
add node: MDDNode(3,u_96) MDDNode(3,u_97), remove node: MDDNode(3,u_47)
layer 3 incoming edges: 160
split the incoming edges: 160 90 70
the value pair of raw_data is: 202
split the outgoings edges: 84 80 80 160
add node: MDDNode(3,u_98) MDDNode(3,u_99), remove node: MDDNode(3,u_48)
layer 3 incoming edges: 148
split the incoming edges: 148 70 78
the value pair of raw_data is: 202
split the outgoings edges: 83 65 72 137
add node: MDDNode(3,u_100) MDDNode(3,u_101), remove node: MDDNode(3,u_49)
layer 3 incoming edges: 174
split the incoming edges: 174 73 101
the value pair of raw_data is: 202
split the outgoings edges: 81 67 77 144
add node: MDDNode(3,u_102) MDDNode(3,u_103), remove node: MDDNode(3,u_50)
layer 3 incoming edges: 151
split the incoming edges: 151 75 76
the value pair of raw_data is: 202
split the outgoings edges: 91 80 79 159
add node: MDDNode(3,u_104) MDDNode(3,u_105), remove node: MDDNode(3,u_51)
layer 3 incoming edges: 127
split the incoming edges: 127 59 68
the value pair of raw_data is: 202
split the outgoings edges: 84 76 77 153
add node: MDDNode(3,u_106) MDDNode(3,u_107), remove node: MDDNode(3,u_52)
layer 3 incoming edges: 127
split the incoming edges: 127 59 68
the value pair of raw_data is: 202
split the outgoings edges: 90 73 71 144
add node: MDDNode(3,u_108) MDDNode(3,u_109), remove node: MDDNode(3,u_53)
4 8 32
layer 4 incoming edges: 158
split the incoming edges: 158 83 75
the value pair of raw_data is: 161
split the outgoings edges: 1 1 1 2
add node: MDDNode(4,u_110) MDDNode(4,u_111), remove node: MDDNode(4,u_54)
layer 4 incoming edges: 130
split the incoming edges: 130 68 62
the value pair of raw_data is: 161
split the outgoings edges: 1 1 1 2
add node: MDDNode(4,u_112) MDDNode(4,u_113), remove node: MDDNode(4,u_55)
layer 4 incoming edges: 164
split the incoming edges: 164 77 87
the value pair of raw_data is: 161
split the outgoings edges: 1 1 1 2
add node: MDDNode(4,u_114) MDDNode(4,u_115), remove node: MDDNode(4,u_56)
layer 4 incoming edges: 133
split the incoming edges: 133 56 77
the value pair of raw_data is: 161
split the outgoings edges: 1 1 1 2
add node: MDDNode(4,u_116) MDDNode(4,u_117), remove node: MDDNode(4,u_57)
layer 4 incoming edges: 145
split the incoming edges: 145 61 84
the value pair of raw_data is: 161
split the outgoings edges: 1 1 1 2
add node: MDDNode(4,u_118) MDDNode(4,u_119), remove node: MDDNode(4,u_58)
layer 4 incoming edges: 138
split the incoming edges: 138 62 76
the value pair of raw_data is: 161
split the outgoings edges: 1 1 1 2
add node: MDDNode(4,u_120) MDDNode(4,u_121), remove node: MDDNode(4,u_59)
layer 4 incoming edges: 155
split the incoming edges: 155 84 71
the value pair of raw_data is: 161
split the outgoings edges: 1 1 1 2
add node: MDDNode(4,u_122) MDDNode(4,u_123), remove node: MDDNode(4,u_60)
layer 4 incoming edges: 150
split the incoming edges: 150 82 68
the value pair of raw_data is: 161
split the outgoings edges: 1 1 1 2
add node: MDDNode(4,u_124) MDDNode(4,u_125), remove node: MDDNode(4,u_61)
1 16 32
layer 1 incoming edges: 3
one of splitted has no income edge:3 0
layer 1 incoming edges: 8
split the incoming edges: 8 5 3
the value pair of raw_data is: 492
split the outgoings edges: 26 19 7 26
add node: MDDNode(1,u_126) MDDNode(1,u_127), remove node: MDDNode(1,u_63)
layer 1 incoming edges: 6
split the incoming edges: 6 3 3
the value pair of raw_data is: 492
split the outgoings edges: 32 20 12 32
add node: MDDNode(1,u_128) MDDNode(1,u_129), remove node: MDDNode(1,u_64)
layer 1 incoming edges: 6
split the incoming edges: 6 3 3
the value pair of raw_data is: 492
split the outgoings edges: 12 7 5 12
add node: MDDNode(1,u_130) MDDNode(1,u_131), remove node: MDDNode(1,u_65)
layer 1 incoming edges: 7
split the incoming edges: 7 2 5
the value pair of raw_data is: 492
split the outgoings edges: 36 7 29 36
add node: MDDNode(1,u_132) MDDNode(1,u_133), remove node: MDDNode(1,u_66)
layer 1 incoming edges: 5
split the incoming edges: 5 3 2
the value pair of raw_data is: 492
split the outgoings edges: 19 10 9 19
add node: MDDNode(1,u_134) MDDNode(1,u_135), remove node: MDDNode(1,u_67)
layer 1 incoming edges: 9
split the incoming edges: 9 4 5
the value pair of raw_data is: 492
split the outgoings edges: 54 22 32 54
add node: MDDNode(1,u_136) MDDNode(1,u_137), remove node: MDDNode(1,u_68)
layer 1 incoming edges: 8
split the incoming edges: 8 4 4
the value pair of raw_data is: 492
split the outgoings edges: 50 20 30 50
add node: MDDNode(1,u_138) MDDNode(1,u_139), remove node: MDDNode(1,u_69)
layer 1 incoming edges: 7
split the incoming edges: 7 3 4
the value pair of raw_data is: 492
split the outgoings edges: 25 11 14 25
add node: MDDNode(1,u_140) MDDNode(1,u_141), remove node: MDDNode(1,u_70)
layer 1 incoming edges: 5
split the incoming edges: 5 4 1
the value pair of raw_data is: 492
split the outgoings edges: 12 6 6 12
add node: MDDNode(1,u_142) MDDNode(1,u_143), remove node: MDDNode(1,u_71)
layer 1 incoming edges: 6
split the incoming edges: 6 4 2
the value pair of raw_data is: 492
split the outgoings edges: 38 26 12 38
add node: MDDNode(1,u_144) MDDNode(1,u_145), remove node: MDDNode(1,u_72)
layer 1 incoming edges: 11
split the incoming edges: 11 5 6
the value pair of raw_data is: 492
split the outgoings edges: 45 23 22 45
add node: MDDNode(1,u_146) MDDNode(1,u_147), remove node: MDDNode(1,u_73)
layer 1 incoming edges: 4
split the incoming edges: 4 3 1
the value pair of raw_data is: 492
split the outgoings edges: 14 9 5 14
add node: MDDNode(1,u_148) MDDNode(1,u_149), remove node: MDDNode(1,u_74)
layer 1 incoming edges: 10
split the incoming edges: 10 4 6
the value pair of raw_data is: 492
split the outgoings edges: 42 16 26 42
add node: MDDNode(1,u_150) MDDNode(1,u_151), remove node: MDDNode(1,u_75)
layer 1 incoming edges: 9
split the incoming edges: 9 4 5
the value pair of raw_data is: 492
split the outgoings edges: 43 15 28 43
add node: MDDNode(1,u_152) MDDNode(1,u_153), remove node: MDDNode(1,u_76)
layer 1 incoming edges: 7
split the incoming edges: 7 6 1
the value pair of raw_data is: 492
split the outgoings edges: 28 22 6 28
add node: MDDNode(1,u_154) MDDNode(1,u_155), remove node: MDDNode(1,u_77)
2 16 32
layer 2 incoming edges: 38
split the incoming edges: 38 17 21
the value pair of raw_data is: 6265
split the outgoings edges: 81 60 79 139
add node: MDDNode(2,u_156) MDDNode(2,u_157), remove node: MDDNode(2,u_78)
layer 2 incoming edges: 37
split the incoming edges: 37 17 20
the value pair of raw_data is: 6265
split the outgoings edges: 73 58 65 123
add node: MDDNode(2,u_158) MDDNode(2,u_159), remove node: MDDNode(2,u_79)
layer 2 incoming edges: 32
split the incoming edges: 32 16 16
the value pair of raw_data is: 6265
split the outgoings edges: 80 68 76 144
add node: MDDNode(2,u_160) MDDNode(2,u_161), remove node: MDDNode(2,u_80)
layer 2 incoming edges: 27
split the incoming edges: 27 13 14
the value pair of raw_data is: 6265
split the outgoings edges: 70 57 64 121
add node: MDDNode(2,u_162) MDDNode(2,u_163), remove node: MDDNode(2,u_81)
layer 2 incoming edges: 25
split the incoming edges: 25 14 11
the value pair of raw_data is: 6265
split the outgoings edges: 65 52 59 111
add node: MDDNode(2,u_164) MDDNode(2,u_165), remove node: MDDNode(2,u_82)
layer 2 incoming edges: 26
split the incoming edges: 26 12 14
the value pair of raw_data is: 6265
split the outgoings edges: 73 67 60 127
add node: MDDNode(2,u_166) MDDNode(2,u_167), remove node: MDDNode(2,u_83)
layer 2 incoming edges: 37
split the incoming edges: 37 20 17
the value pair of raw_data is: 6265
split the outgoings edges: 80 72 72 144
add node: MDDNode(2,u_168) MDDNode(2,u_169), remove node: MDDNode(2,u_84)
layer 2 incoming edges: 32
split the incoming edges: 32 16 16
the value pair of raw_data is: 6265
split the outgoings edges: 70 59 59 118
add node: MDDNode(2,u_170) MDDNode(2,u_171), remove node: MDDNode(2,u_85)
layer 2 incoming edges: 32
split the incoming edges: 32 19 13
the value pair of raw_data is: 6265
split the outgoings edges: 71 68 57 125
add node: MDDNode(2,u_172) MDDNode(2,u_173), remove node: MDDNode(2,u_86)
layer 2 incoming edges: 28
split the incoming edges: 28 15 13
the value pair of raw_data is: 6265
split the outgoings edges: 70 60 49 109
add node: MDDNode(2,u_174) MDDNode(2,u_175), remove node: MDDNode(2,u_87)
layer 2 incoming edges: 29
split the incoming edges: 29 15 14
the value pair of raw_data is: 6265
split the outgoings edges: 78 60 72 132
add node: MDDNode(2,u_176) MDDNode(2,u_177), remove node: MDDNode(2,u_88)
layer 2 incoming edges: 25
split the incoming edges: 25 14 11
the value pair of raw_data is: 6265
split the outgoings edges: 74 58 60 118
add node: MDDNode(2,u_178) MDDNode(2,u_179), remove node: MDDNode(2,u_89)
layer 2 incoming edges: 29
split the incoming edges: 29 17 12
the value pair of raw_data is: 6265
split the outgoings edges: 63 56 56 112
add node: MDDNode(2,u_180) MDDNode(2,u_181), remove node: MDDNode(2,u_90)
layer 2 incoming edges: 24
split the incoming edges: 24 14 10
the value pair of raw_data is: 6265
split the outgoings edges: 68 55 54 109
add node: MDDNode(2,u_182) MDDNode(2,u_183), remove node: MDDNode(2,u_91)
layer 2 incoming edges: 21
split the incoming edges: 21 12 9
the value pair of raw_data is: 6265
split the outgoings edges: 70 59 56 115
add node: MDDNode(2,u_184) MDDNode(2,u_185), remove node: MDDNode(2,u_92)
layer 2 incoming edges: 48
split the incoming edges: 48 16 32
the value pair of raw_data is: 6265
split the outgoings edges: 81 62 79 141
add node: MDDNode(2,u_186) MDDNode(2,u_187), remove node: MDDNode(2,u_93)
3 16 32
layer 3 incoming edges: 133
split the incoming edges: 133 69 64
the value pair of raw_data is: 202
split the outgoings edges: 76 64 65 129
add node: MDDNode(3,u_188) MDDNode(3,u_189), remove node: MDDNode(3,u_94)
layer 3 incoming edges: 92
split the incoming edges: 92 43 49
the value pair of raw_data is: 202
split the outgoings edges: 64 55 47 102
add node: MDDNode(3,u_190) MDDNode(3,u_191), remove node: MDDNode(3,u_95)
layer 3 incoming edges: 129
split the incoming edges: 129 63 66
the value pair of raw_data is: 202
split the outgoings edges: 69 54 39 93
add node: MDDNode(3,u_192) MDDNode(3,u_193), remove node: MDDNode(3,u_96)
layer 3 incoming edges: 134
split the incoming edges: 134 67 67
the value pair of raw_data is: 202
split the outgoings edges: 67 46 53 99
add node: MDDNode(3,u_194) MDDNode(3,u_195), remove node: MDDNode(3,u_97)
layer 3 incoming edges: 163
split the incoming edges: 163 85 78
the value pair of raw_data is: 202
split the outgoings edges: 80 77 72 149
add node: MDDNode(3,u_196) MDDNode(3,u_197), remove node: MDDNode(3,u_98)
layer 3 incoming edges: 123
split the incoming edges: 123 58 65
the value pair of raw_data is: 202
split the outgoings edges: 80 74 54 128
add node: MDDNode(3,u_198) MDDNode(3,u_199), remove node: MDDNode(3,u_99)
layer 3 incoming edges: 124
split the incoming edges: 124 62 62
the value pair of raw_data is: 202
split the outgoings edges: 65 55 58 113
add node: MDDNode(3,u_200) MDDNode(3,u_201), remove node: MDDNode(3,u_100)
layer 3 incoming edges: 131
split the incoming edges: 131 63 68
the value pair of raw_data is: 202
split the outgoings edges: 72 51 62 113
add node: MDDNode(3,u_202) MDDNode(3,u_203), remove node: MDDNode(3,u_101)
layer 3 incoming edges: 124
split the incoming edges: 124 54 70
the value pair of raw_data is: 202
split the outgoings edges: 67 46 58 104
add node: MDDNode(3,u_204) MDDNode(3,u_205), remove node: MDDNode(3,u_102)
layer 3 incoming edges: 174
split the incoming edges: 174 90 84
the value pair of raw_data is: 202
split the outgoings edges: 77 54 71 125
add node: MDDNode(3,u_206) MDDNode(3,u_207), remove node: MDDNode(3,u_103)
layer 3 incoming edges: 125
split the incoming edges: 125 61 64
the value pair of raw_data is: 202
split the outgoings edges: 80 64 67 131
add node: MDDNode(3,u_208) MDDNode(3,u_209), remove node: MDDNode(3,u_104)
layer 3 incoming edges: 126
split the incoming edges: 126 62 64
the value pair of raw_data is: 202
split the outgoings edges: 79 60 53 113
add node: MDDNode(3,u_210) MDDNode(3,u_211), remove node: MDDNode(3,u_105)
layer 3 incoming edges: 94
split the incoming edges: 94 50 44
the value pair of raw_data is: 202
split the outgoings edges: 76 64 69 133
add node: MDDNode(3,u_212) MDDNode(3,u_213), remove node: MDDNode(3,u_106)
layer 3 incoming edges: 108
split the incoming edges: 108 54 54
the value pair of raw_data is: 202
split the outgoings edges: 77 70 63 133
add node: MDDNode(3,u_214) MDDNode(3,u_215), remove node: MDDNode(3,u_107)
layer 3 incoming edges: 99
split the incoming edges: 99 41 58
the value pair of raw_data is: 202
split the outgoings edges: 73 53 58 111
add node: MDDNode(3,u_216) MDDNode(3,u_217), remove node: MDDNode(3,u_108)
layer 3 incoming edges: 109
split the incoming edges: 109 54 55
the value pair of raw_data is: 202
split the outgoings edges: 71 56 52 108
add node: MDDNode(3,u_218) MDDNode(3,u_219), remove node: MDDNode(3,u_109)
4 16 32
layer 4 incoming edges: 137
split the incoming edges: 137 72 65
the value pair of raw_data is: 161
split the outgoings edges: 1 1 1 2
add node: MDDNode(4,u_220) MDDNode(4,u_221), remove node: MDDNode(4,u_110)
layer 4 incoming edges: 117
split the incoming edges: 117 50 67
the value pair of raw_data is: 161
split the outgoings edges: 1 1 1 2
add node: MDDNode(4,u_222) MDDNode(4,u_223), remove node: MDDNode(4,u_111)
layer 4 incoming edges: 117
split the incoming edges: 117 47 70
the value pair of raw_data is: 161
split the outgoings edges: 1 1 1 2
add node: MDDNode(4,u_224) MDDNode(4,u_225), remove node: MDDNode(4,u_112)
layer 4 incoming edges: 91
split the incoming edges: 91 38 53
the value pair of raw_data is: 161
split the outgoings edges: 1 1 1 2
add node: MDDNode(4,u_226) MDDNode(4,u_227), remove node: MDDNode(4,u_113)
layer 4 incoming edges: 123
split the incoming edges: 123 55 68
the value pair of raw_data is: 161
split the outgoings edges: 1 1 1 2
add node: MDDNode(4,u_228) MDDNode(4,u_229), remove node: MDDNode(4,u_114)
layer 4 incoming edges: 148
split the incoming edges: 148 74 74
the value pair of raw_data is: 161
split the outgoings edges: 1 1 1 2
add node: MDDNode(4,u_230) MDDNode(4,u_231), remove node: MDDNode(4,u_115)
layer 4 incoming edges: 91
split the incoming edges: 91 42 49
the value pair of raw_data is: 161
split the outgoings edges: 1 1 1 2
add node: MDDNode(4,u_232) MDDNode(4,u_233), remove node: MDDNode(4,u_116)
layer 4 incoming edges: 123
split the incoming edges: 123 61 62
the value pair of raw_data is: 161
split the outgoings edges: 1 1 1 2
add node: MDDNode(4,u_234) MDDNode(4,u_235), remove node: MDDNode(4,u_117)
layer 4 incoming edges: 102
split the incoming edges: 102 53 49
the value pair of raw_data is: 161
split the outgoings edges: 1 1 1 2
add node: MDDNode(4,u_236) MDDNode(4,u_237), remove node: MDDNode(4,u_118)
layer 4 incoming edges: 128
split the incoming edges: 128 64 64
the value pair of raw_data is: 161
split the outgoings edges: 1 1 1 2
add node: MDDNode(4,u_238) MDDNode(4,u_239), remove node: MDDNode(4,u_119)
layer 4 incoming edges: 95
split the incoming edges: 95 55 40
the value pair of raw_data is: 161
split the outgoings edges: 1 1 1 2
add node: MDDNode(4,u_240) MDDNode(4,u_241), remove node: MDDNode(4,u_120)
layer 4 incoming edges: 125
split the incoming edges: 125 67 58
the value pair of raw_data is: 161
split the outgoings edges: 1 1 1 2
add node: MDDNode(4,u_242) MDDNode(4,u_243), remove node: MDDNode(4,u_121)
layer 4 incoming edges: 137
split the incoming edges: 137 70 67
the value pair of raw_data is: 161
split the outgoings edges: 1 1 1 2
add node: MDDNode(4,u_244) MDDNode(4,u_245), remove node: MDDNode(4,u_122)
layer 4 incoming edges: 113
split the incoming edges: 113 63 50
the value pair of raw_data is: 161
split the outgoings edges: 1 1 1 2
add node: MDDNode(4,u_246) MDDNode(4,u_247), remove node: MDDNode(4,u_123)
layer 4 incoming edges: 125
split the incoming edges: 125 54 71
the value pair of raw_data is: 161
split the outgoings edges: 1 1 1 2
add node: MDDNode(4,u_248) MDDNode(4,u_249), remove node: MDDNode(4,u_124)
layer 4 incoming edges: 112
split the incoming edges: 112 63 49
the value pair of raw_data is: 161
split the outgoings edges: 1 1 1 2
add node: MDDNode(4,u_250) MDDNode(4,u_251), remove node: MDDNode(4,u_125)
1 31 32
layer 1 incoming edges: 3
split the incoming edges: 3 1 2
the value pair of raw_data is: 492
split the outgoings edges: 14 2 12 14
add node: MDDNode(1,u_252) MDDNode(1,u_253), remove node: MDDNode(1,u_62)
layer 1 incoming edges: 5
node canot be splitted, beacause reaching the bound!: 32
layer 1 incoming edges: 3
node canot be splitted, beacause reaching the bound!: 32
layer 1 incoming edges: 3
node canot be splitted, beacause reaching the bound!: 32
layer 1 incoming edges: 3
one of splitted has no income edge:0 3
layer 1 incoming edges: 3
node canot be splitted, beacause reaching the bound!: 32
layer 1 incoming edges: 3
node canot be splitted, beacause reaching the bound!: 32
layer 1 incoming edges: 2
node canot be splitted, beacause reaching the bound!: 32
layer 1 incoming edges: 5
node canot be splitted, beacause reaching the bound!: 32
layer 1 incoming edges: 3
one of splitted has no income edge:0 3
layer 1 incoming edges: 2
one of splitted has no income edge:2 0
layer 1 incoming edges: 4
node canot be splitted, beacause reaching the bound!: 32
layer 1 incoming edges: 5
node canot be splitted, beacause reaching the bound!: 32
layer 1 incoming edges: 4
node canot be splitted, beacause reaching the bound!: 32
layer 1 incoming edges: 4
node canot be splitted, beacause reaching the bound!: 32
layer 1 incoming edges: 3
node canot be splitted, beacause reaching the bound!: 32
layer 1 incoming edges: 4
node canot be splitted, beacause reaching the bound!: 32
layer 1 incoming edges: 4
node canot be splitted, beacause reaching the bound!: 32
layer 1 incoming edges: 1
one of splitted has no income edge:1 0
layer 1 incoming edges: 4
node canot be splitted, beacause reaching the bound!: 32
layer 1 incoming edges: 2
node canot be splitted, beacause reaching the bound!: 32
layer 1 incoming edges: 5
node canot be splitted, beacause reaching the bound!: 32
layer 1 incoming edges: 6
node canot be splitted, beacause reaching the bound!: 32
layer 1 incoming edges: 3
one of splitted has no income edge:3 0
layer 1 incoming edges: 1
one of splitted has no income edge:1 0
layer 1 incoming edges: 4
node canot be splitted, beacause reaching the bound!: 32
layer 1 incoming edges: 6
node canot be splitted, beacause reaching the bound!: 32
layer 1 incoming edges: 4
node canot be splitted, beacause reaching the bound!: 32
layer 1 incoming edges: 5
one of splitted has no income edge:5 0
layer 1 incoming edges: 6
node canot be splitted, beacause reaching the bound!: 32
layer 1 incoming edges: 1
one of splitted has no income edge:1 0
The bucket size: [25]
the graph width list : [1, 32, 32, 32, 32, 1]
iter= 1 dev 0.2770   test 0.2595   intelligible 0.3333   english 0.2760   gold 0.5240   save acc: 0.3333 time: 2019-11-27T18:16 
iter= 2 dev 0.3040   test 0.3019   intelligible 0.3932   english 0.3236   gold 0.6986   save acc: 0.3932 time: 2019-11-27T18:17 
iter= 3 dev 0.2969   test 0.3032   intelligible 0.3943   english 0.3242   gold 0.6901   save acc: 0.3943 time: 2019-11-27T18:18 
iter= 4 dev 0.3187   test 0.3153   intelligible 0.4102   english 0.3376   gold 0.7038   save acc: 0.4102 time: 2019-11-27T18:19 
iter= 5 dev 0.3199   test 0.3055   intelligible 0.3981   english 0.3278   gold 0.6832   
iter= 6 dev 0.3299   test 0.3244   intelligible 0.4227   english 0.3480   gold 0.7380   save acc: 0.4227 time: 2019-11-27T18:21 
iter= 7 dev 0.3261   test 0.3096   intelligible 0.4023   english 0.3325   gold 0.6695   
iter= 8 dev 0.3244   test 0.3182   intelligible 0.4155   english 0.3427   gold 0.7380   
iter= 9 dev 0.3273   test 0.3223   intelligible 0.4197   english 0.3471   gold 0.7517   
iter= 10 dev 0.3261   test 0.3171   intelligible 0.4129   english 0.3421   gold 0.7312   
iter= 11 dev 0.3249   test 0.3205   intelligible 0.4189   english 0.3456   gold 0.7432   
iter= 12 dev 0.3204   test 0.3192   intelligible 0.4201   english 0.3456   gold 0.7397   
iter= 13 dev 0.3263   test 0.3153   intelligible 0.4140   english 0.3403   gold 0.7312   
iter= 14 dev 0.3220   test 0.3187   intelligible 0.4182   english 0.3450   gold 0.7346   
iter= 15 dev 0.3230   test 0.3202   intelligible 0.4186   english 0.3453   gold 0.7312   
iter= 16 dev 0.3209   test 0.3192   intelligible 0.4197   english 0.3462   gold 0.7329   
iter= 17 dev 0.3249   test 0.3195   intelligible 0.4197   english 0.3456   gold 0.7414   
iter= 18 dev 0.3232   test 0.3184   intelligible 0.4189   english 0.3450   gold 0.7466   
iter= 19 dev 0.3230   test 0.3171   intelligible 0.4167   english 0.3432   gold 0.7397   
iter= 20 dev 0.3218   test 0.3177   intelligible 0.4182   english 0.3444   gold 0.7414   
iter= 21 dev 0.3244   test 0.3187   intelligible 0.4193   english 0.3453   gold 0.7414   
