args Namespace(config='configs/config_l.json', dataset='dataset/IFTTT/msr_data.pkl', load_model=None, mode='train', output='model/ifttt/width-32/pid-9-', width='32')
configure: {'max_word_id': 4000, 'bidirectional': True, 'cell_type': 'lstm', 'decoder': 'attention', 'embedding_size': 50, 'keep_prob': 0.5, 'memory_size': 25, 'num_layers': 1, 'num_units': 50, 'use_embedding': True, 'epoches': 20, 'batch_size': 32, 'init': {'name': 'random_uniform_initializer', 'scale': 0.1}, 'lr_scheduler': {'decay_steps': 5000, 'init_lr': 0.01, 'staircase': True}, 'max_grad_norm': 1, 'optimizer': 'AdamOptimizer'}
# path 8580
save to model/ifttt/width-32/pid-9-IFTTT-w-32.json
load json
numArcLayers: 5
1 1 32
layer 1 incoming edges: 111
split the incoming edges: 111 56 55
the value pair of raw_data is: 492
split the outgoings edges: 443 214 248 462
add node: MDDNode(1,u_6) MDDNode(1,u_7), remove node: MDDNode(1,u_1)
2 1 32
layer 2 incoming edges: 462
split the incoming edges: 462 234 228
the value pair of raw_data is: 6265
split the outgoings edges: 88 88 88 176
add node: MDDNode(2,u_8) MDDNode(2,u_9), remove node: MDDNode(2,u_2)
3 1 32
layer 3 incoming edges: 176
split the incoming edges: 176 105 71
the value pair of raw_data is: 202
split the outgoings edges: 161 142 105 247
add node: MDDNode(3,u_10) MDDNode(3,u_11), remove node: MDDNode(3,u_3)
4 1 32
layer 4 incoming edges: 247
split the incoming edges: 247 114 133
the value pair of raw_data is: 161
split the outgoings edges: 1 1 1 2
add node: MDDNode(4,u_12) MDDNode(4,u_13), remove node: MDDNode(4,u_4)
1 2 32
layer 1 incoming edges: 56
split the incoming edges: 56 24 32
the value pair of raw_data is: 492
split the outgoings edges: 214 91 130 221
add node: MDDNode(1,u_14) MDDNode(1,u_15), remove node: MDDNode(1,u_6)
layer 1 incoming edges: 55
split the incoming edges: 55 26 29
the value pair of raw_data is: 492
split the outgoings edges: 248 139 120 259
add node: MDDNode(1,u_16) MDDNode(1,u_17), remove node: MDDNode(1,u_7)
2 2 32
layer 2 incoming edges: 245
split the incoming edges: 245 119 126
the value pair of raw_data is: 6265
split the outgoings edges: 88 87 86 173
add node: MDDNode(2,u_18) MDDNode(2,u_19), remove node: MDDNode(2,u_8)
layer 2 incoming edges: 235
split the incoming edges: 235 129 106
the value pair of raw_data is: 6265
split the outgoings edges: 88 87 85 172
add node: MDDNode(2,u_20) MDDNode(2,u_21), remove node: MDDNode(2,u_9)
3 2 32
layer 3 incoming edges: 206
split the incoming edges: 206 109 97
the value pair of raw_data is: 202
split the outgoings edges: 142 113 122 235
add node: MDDNode(3,u_22) MDDNode(3,u_23), remove node: MDDNode(3,u_10)
layer 3 incoming edges: 139
split the incoming edges: 139 63 76
the value pair of raw_data is: 202
split the outgoings edges: 105 84 87 171
add node: MDDNode(3,u_24) MDDNode(3,u_25), remove node: MDDNode(3,u_11)
4 2 32
layer 4 incoming edges: 185
split the incoming edges: 185 108 77
the value pair of raw_data is: 161
split the outgoings edges: 1 1 1 2
add node: MDDNode(4,u_26) MDDNode(4,u_27), remove node: MDDNode(4,u_12)
layer 4 incoming edges: 221
split the incoming edges: 221 112 109
the value pair of raw_data is: 161
split the outgoings edges: 1 1 1 2
add node: MDDNode(4,u_28) MDDNode(4,u_29), remove node: MDDNode(4,u_13)
1 4 32
layer 1 incoming edges: 24
split the incoming edges: 24 15 9
the value pair of raw_data is: 492
split the outgoings edges: 91 53 40 93
add node: MDDNode(1,u_30) MDDNode(1,u_31), remove node: MDDNode(1,u_14)
layer 1 incoming edges: 32
split the incoming edges: 32 18 14
the value pair of raw_data is: 492
split the outgoings edges: 130 70 61 131
add node: MDDNode(1,u_32) MDDNode(1,u_33), remove node: MDDNode(1,u_15)
layer 1 incoming edges: 26
split the incoming edges: 26 13 13
the value pair of raw_data is: 492
split the outgoings edges: 139 58 81 139
add node: MDDNode(1,u_34) MDDNode(1,u_35), remove node: MDDNode(1,u_16)
layer 1 incoming edges: 29
split the incoming edges: 29 20 9
the value pair of raw_data is: 492
split the outgoings edges: 120 89 35 124
add node: MDDNode(1,u_36) MDDNode(1,u_37), remove node: MDDNode(1,u_17)
2 4 32
layer 2 incoming edges: 122
split the incoming edges: 122 60 62
the value pair of raw_data is: 6265
split the outgoings edges: 87 83 84 167
add node: MDDNode(2,u_38) MDDNode(2,u_39), remove node: MDDNode(2,u_18)
layer 2 incoming edges: 129
split the incoming edges: 129 66 63
the value pair of raw_data is: 6265
split the outgoings edges: 86 82 81 163
add node: MDDNode(2,u_40) MDDNode(2,u_41), remove node: MDDNode(2,u_19)
layer 2 incoming edges: 130
split the incoming edges: 130 71 59
the value pair of raw_data is: 6265
split the outgoings edges: 87 82 82 164
add node: MDDNode(2,u_42) MDDNode(2,u_43), remove node: MDDNode(2,u_20)
layer 2 incoming edges: 106
split the incoming edges: 106 54 52
the value pair of raw_data is: 6265
split the outgoings edges: 85 82 73 155
add node: MDDNode(2,u_44) MDDNode(2,u_45), remove node: MDDNode(2,u_21)
3 4 32
layer 3 incoming edges: 201
split the incoming edges: 201 95 106
the value pair of raw_data is: 202
split the outgoings edges: 113 97 96 193
add node: MDDNode(3,u_46) MDDNode(3,u_47), remove node: MDDNode(3,u_22)
layer 3 incoming edges: 181
split the incoming edges: 181 96 85
the value pair of raw_data is: 202
split the outgoings edges: 122 107 99 206
add node: MDDNode(3,u_48) MDDNode(3,u_49), remove node: MDDNode(3,u_23)
layer 3 incoming edges: 122
split the incoming edges: 122 57 65
the value pair of raw_data is: 202
split the outgoings edges: 84 67 80 147
add node: MDDNode(3,u_50) MDDNode(3,u_51), remove node: MDDNode(3,u_24)
layer 3 incoming edges: 145
split the incoming edges: 145 78 67
the value pair of raw_data is: 202
split the outgoings edges: 87 78 71 149
add node: MDDNode(3,u_52) MDDNode(3,u_53), remove node: MDDNode(3,u_25)
4 4 32
layer 4 incoming edges: 178
split the incoming edges: 178 84 94
the value pair of raw_data is: 161
split the outgoings edges: 1 1 1 2
add node: MDDNode(4,u_54) MDDNode(4,u_55), remove node: MDDNode(4,u_26)
layer 4 incoming edges: 133
split the incoming edges: 133 76 57
the value pair of raw_data is: 161
split the outgoings edges: 1 1 1 2
add node: MDDNode(4,u_56) MDDNode(4,u_57), remove node: MDDNode(4,u_27)
layer 4 incoming edges: 200
split the incoming edges: 200 99 101
the value pair of raw_data is: 161
split the outgoings edges: 1 1 1 2
add node: MDDNode(4,u_58) MDDNode(4,u_59), remove node: MDDNode(4,u_28)
layer 4 incoming edges: 184
split the incoming edges: 184 89 95
the value pair of raw_data is: 161
split the outgoings edges: 1 1 1 2
add node: MDDNode(4,u_60) MDDNode(4,u_61), remove node: MDDNode(4,u_29)
1 8 32
layer 1 incoming edges: 15
split the incoming edges: 15 6 9
the value pair of raw_data is: 492
split the outgoings edges: 53 17 36 53
add node: MDDNode(1,u_62) MDDNode(1,u_63), remove node: MDDNode(1,u_30)
layer 1 incoming edges: 9
split the incoming edges: 9 4 5
the value pair of raw_data is: 492
split the outgoings edges: 40 7 33 40
add node: MDDNode(1,u_64) MDDNode(1,u_65), remove node: MDDNode(1,u_31)
layer 1 incoming edges: 18
split the incoming edges: 18 12 6
the value pair of raw_data is: 492
split the outgoings edges: 70 59 12 71
add node: MDDNode(1,u_66) MDDNode(1,u_67), remove node: MDDNode(1,u_32)
layer 1 incoming edges: 14
split the incoming edges: 14 6 8
the value pair of raw_data is: 492
split the outgoings edges: 61 29 32 61
add node: MDDNode(1,u_68) MDDNode(1,u_69), remove node: MDDNode(1,u_33)
layer 1 incoming edges: 13
split the incoming edges: 13 4 9
the value pair of raw_data is: 492
split the outgoings edges: 58 19 39 58
add node: MDDNode(1,u_70) MDDNode(1,u_71), remove node: MDDNode(1,u_34)
layer 1 incoming edges: 13
split the incoming edges: 13 4 9
the value pair of raw_data is: 492
split the outgoings edges: 81 17 64 81
add node: MDDNode(1,u_72) MDDNode(1,u_73), remove node: MDDNode(1,u_35)
layer 1 incoming edges: 20
split the incoming edges: 20 9 11
the value pair of raw_data is: 492
split the outgoings edges: 89 44 45 89
add node: MDDNode(1,u_74) MDDNode(1,u_75), remove node: MDDNode(1,u_36)
layer 1 incoming edges: 9
split the incoming edges: 9 5 4
the value pair of raw_data is: 492
split the outgoings edges: 35 24 11 35
add node: MDDNode(1,u_76) MDDNode(1,u_77), remove node: MDDNode(1,u_37)
2 8 32
layer 2 incoming edges: 60
split the incoming edges: 60 38 22
the value pair of raw_data is: 6265
split the outgoings edges: 83 78 73 151
add node: MDDNode(2,u_78) MDDNode(2,u_79), remove node: MDDNode(2,u_38)
layer 2 incoming edges: 62
split the incoming edges: 62 25 37
the value pair of raw_data is: 6265
split the outgoings edges: 84 79 78 157
add node: MDDNode(2,u_80) MDDNode(2,u_81), remove node: MDDNode(2,u_39)
layer 2 incoming edges: 66
split the incoming edges: 66 39 27
the value pair of raw_data is: 6265
split the outgoings edges: 82 78 71 149
add node: MDDNode(2,u_82) MDDNode(2,u_83), remove node: MDDNode(2,u_40)
layer 2 incoming edges: 63
split the incoming edges: 63 22 41
the value pair of raw_data is: 6265
split the outgoings edges: 81 75 77 152
add node: MDDNode(2,u_84) MDDNode(2,u_85), remove node: MDDNode(2,u_41)
layer 2 incoming edges: 71
split the incoming edges: 71 43 28
the value pair of raw_data is: 6265
split the outgoings edges: 82 72 76 148
add node: MDDNode(2,u_86) MDDNode(2,u_87), remove node: MDDNode(2,u_42)
layer 2 incoming edges: 59
split the incoming edges: 59 34 25
the value pair of raw_data is: 6265
split the outgoings edges: 82 71 74 145
add node: MDDNode(2,u_88) MDDNode(2,u_89), remove node: MDDNode(2,u_43)
layer 2 incoming edges: 54
split the incoming edges: 54 35 19
the value pair of raw_data is: 6265
split the outgoings edges: 82 78 68 146
add node: MDDNode(2,u_90) MDDNode(2,u_91), remove node: MDDNode(2,u_44)
layer 2 incoming edges: 53
split the incoming edges: 53 23 30
the value pair of raw_data is: 6265
split the outgoings edges: 73 65 69 134
add node: MDDNode(2,u_92) MDDNode(2,u_93), remove node: MDDNode(2,u_45)
3 8 32
layer 3 incoming edges: 171
split the incoming edges: 171 82 89
the value pair of raw_data is: 202
split the outgoings edges: 97 74 77 151
add node: MDDNode(3,u_94) MDDNode(3,u_95), remove node: MDDNode(3,u_46)
layer 3 incoming edges: 191
split the incoming edges: 191 90 101
the value pair of raw_data is: 202
split the outgoings edges: 96 78 87 165
add node: MDDNode(3,u_96) MDDNode(3,u_97), remove node: MDDNode(3,u_47)
layer 3 incoming edges: 181
split the incoming edges: 181 78 103
the value pair of raw_data is: 202
split the outgoings edges: 107 92 101 193
add node: MDDNode(3,u_98) MDDNode(3,u_99), remove node: MDDNode(3,u_48)
layer 3 incoming edges: 153
split the incoming edges: 153 85 68
the value pair of raw_data is: 202
split the outgoings edges: 99 86 78 164
add node: MDDNode(3,u_100) MDDNode(3,u_101), remove node: MDDNode(3,u_49)
layer 3 incoming edges: 101
split the incoming edges: 101 49 52
the value pair of raw_data is: 202
split the outgoings edges: 67 49 60 109
add node: MDDNode(3,u_102) MDDNode(3,u_103), remove node: MDDNode(3,u_50)
layer 3 incoming edges: 123
split the incoming edges: 123 66 57
the value pair of raw_data is: 202
split the outgoings edges: 80 75 61 136
add node: MDDNode(3,u_104) MDDNode(3,u_105), remove node: MDDNode(3,u_51)
layer 3 incoming edges: 140
split the incoming edges: 140 79 61
the value pair of raw_data is: 202
split the outgoings edges: 78 73 60 133
add node: MDDNode(3,u_106) MDDNode(3,u_107), remove node: MDDNode(3,u_52)
layer 3 incoming edges: 122
split the incoming edges: 122 57 65
the value pair of raw_data is: 202
split the outgoings edges: 71 60 65 125
add node: MDDNode(3,u_108) MDDNode(3,u_109), remove node: MDDNode(3,u_53)
4 8 32
layer 4 incoming edges: 138
split the incoming edges: 138 73 65
the value pair of raw_data is: 161
split the outgoings edges: 1 1 1 2
add node: MDDNode(4,u_110) MDDNode(4,u_111), remove node: MDDNode(4,u_54)
layer 4 incoming edges: 156
split the incoming edges: 156 78 78
the value pair of raw_data is: 161
split the outgoings edges: 1 1 1 2
add node: MDDNode(4,u_112) MDDNode(4,u_113), remove node: MDDNode(4,u_55)
layer 4 incoming edges: 134
split the incoming edges: 134 72 62
the value pair of raw_data is: 161
split the outgoings edges: 1 1 1 2
add node: MDDNode(4,u_114) MDDNode(4,u_115), remove node: MDDNode(4,u_56)
layer 4 incoming edges: 99
split the incoming edges: 99 50 49
the value pair of raw_data is: 161
split the outgoings edges: 1 1 1 2
add node: MDDNode(4,u_116) MDDNode(4,u_117), remove node: MDDNode(4,u_57)
layer 4 incoming edges: 169
split the incoming edges: 169 87 82
the value pair of raw_data is: 161
split the outgoings edges: 1 1 1 2
add node: MDDNode(4,u_118) MDDNode(4,u_119), remove node: MDDNode(4,u_58)
layer 4 incoming edges: 170
split the incoming edges: 170 91 79
the value pair of raw_data is: 161
split the outgoings edges: 1 1 1 2
add node: MDDNode(4,u_120) MDDNode(4,u_121), remove node: MDDNode(4,u_59)
layer 4 incoming edges: 145
split the incoming edges: 145 73 72
the value pair of raw_data is: 161
split the outgoings edges: 1 1 1 2
add node: MDDNode(4,u_122) MDDNode(4,u_123), remove node: MDDNode(4,u_60)
layer 4 incoming edges: 165
split the incoming edges: 165 77 88
the value pair of raw_data is: 161
split the outgoings edges: 1 1 1 2
add node: MDDNode(4,u_124) MDDNode(4,u_125), remove node: MDDNode(4,u_61)
1 16 32
layer 1 incoming edges: 6
split the incoming edges: 6 4 2
the value pair of raw_data is: 492
split the outgoings edges: 17 12 5 17
add node: MDDNode(1,u_126) MDDNode(1,u_127), remove node: MDDNode(1,u_62)
layer 1 incoming edges: 9
split the incoming edges: 9 4 5
the value pair of raw_data is: 492
split the outgoings edges: 36 23 13 36
add node: MDDNode(1,u_128) MDDNode(1,u_129), remove node: MDDNode(1,u_63)
layer 1 incoming edges: 4
split the incoming edges: 4 2 2
the value pair of raw_data is: 492
split the outgoings edges: 7 3 4 7
add node: MDDNode(1,u_130) MDDNode(1,u_131), remove node: MDDNode(1,u_64)
layer 1 incoming edges: 5
split the incoming edges: 5 1 4
the value pair of raw_data is: 492
split the outgoings edges: 33 14 19 33
add node: MDDNode(1,u_132) MDDNode(1,u_133), remove node: MDDNode(1,u_65)
layer 1 incoming edges: 12
split the incoming edges: 12 7 5
the value pair of raw_data is: 492
split the outgoings edges: 59 35 26 61
add node: MDDNode(1,u_134) MDDNode(1,u_135), remove node: MDDNode(1,u_66)
layer 1 incoming edges: 6
split the incoming edges: 6 3 3
the value pair of raw_data is: 492
split the outgoings edges: 12 8 4 12
add node: MDDNode(1,u_136) MDDNode(1,u_137), remove node: MDDNode(1,u_67)
layer 1 incoming edges: 6
split the incoming edges: 6 3 3
the value pair of raw_data is: 492
split the outgoings edges: 29 13 16 29
add node: MDDNode(1,u_138) MDDNode(1,u_139), remove node: MDDNode(1,u_68)
layer 1 incoming edges: 8
split the incoming edges: 8 5 3
the value pair of raw_data is: 492
split the outgoings edges: 32 21 11 32
add node: MDDNode(1,u_140) MDDNode(1,u_141), remove node: MDDNode(1,u_69)
layer 1 incoming edges: 4
split the incoming edges: 4 1 3
the value pair of raw_data is: 492
split the outgoings edges: 19 10 9 19
add node: MDDNode(1,u_142) MDDNode(1,u_143), remove node: MDDNode(1,u_70)
layer 1 incoming edges: 9
split the incoming edges: 9 3 6
the value pair of raw_data is: 492
split the outgoings edges: 39 9 30 39
add node: MDDNode(1,u_144) MDDNode(1,u_145), remove node: MDDNode(1,u_71)
layer 1 incoming edges: 4
split the incoming edges: 4 1 3
the value pair of raw_data is: 492
split the outgoings edges: 17 2 15 17
add node: MDDNode(1,u_146) MDDNode(1,u_147), remove node: MDDNode(1,u_72)
layer 1 incoming edges: 9
split the incoming edges: 9 2 7
the value pair of raw_data is: 492
split the outgoings edges: 64 12 52 64
add node: MDDNode(1,u_148) MDDNode(1,u_149), remove node: MDDNode(1,u_73)
layer 1 incoming edges: 9
split the incoming edges: 9 3 6
the value pair of raw_data is: 492
split the outgoings edges: 44 5 39 44
add node: MDDNode(1,u_150) MDDNode(1,u_151), remove node: MDDNode(1,u_74)
layer 1 incoming edges: 11
split the incoming edges: 11 6 5
the value pair of raw_data is: 492
split the outgoings edges: 45 32 13 45
add node: MDDNode(1,u_152) MDDNode(1,u_153), remove node: MDDNode(1,u_75)
layer 1 incoming edges: 5
split the incoming edges: 5 3 2
the value pair of raw_data is: 492
split the outgoings edges: 24 18 6 24
add node: MDDNode(1,u_154) MDDNode(1,u_155), remove node: MDDNode(1,u_76)
layer 1 incoming edges: 4
split the incoming edges: 4 3 1
the value pair of raw_data is: 492
split the outgoings edges: 11 6 5 11
add node: MDDNode(1,u_156) MDDNode(1,u_157), remove node: MDDNode(1,u_77)
2 16 32
layer 2 incoming edges: 40
split the incoming edges: 40 18 22
the value pair of raw_data is: 6265
split the outgoings edges: 78 68 69 137
add node: MDDNode(2,u_158) MDDNode(2,u_159), remove node: MDDNode(2,u_78)
layer 2 incoming edges: 22
split the incoming edges: 22 15 7
the value pair of raw_data is: 6265
split the outgoings edges: 73 52 73 125
add node: MDDNode(2,u_160) MDDNode(2,u_161), remove node: MDDNode(2,u_79)
layer 2 incoming edges: 25
split the incoming edges: 25 18 7
the value pair of raw_data is: 6265
split the outgoings edges: 79 68 61 129
add node: MDDNode(2,u_162) MDDNode(2,u_163), remove node: MDDNode(2,u_80)
layer 2 incoming edges: 37
split the incoming edges: 37 20 17
the value pair of raw_data is: 6265
split the outgoings edges: 78 66 69 135
add node: MDDNode(2,u_164) MDDNode(2,u_165), remove node: MDDNode(2,u_81)
layer 2 incoming edges: 39
split the incoming edges: 39 22 17
the value pair of raw_data is: 6265
split the outgoings edges: 78 69 67 136
add node: MDDNode(2,u_166) MDDNode(2,u_167), remove node: MDDNode(2,u_82)
layer 2 incoming edges: 27
split the incoming edges: 27 15 12
the value pair of raw_data is: 6265
split the outgoings edges: 71 55 52 107
add node: MDDNode(2,u_168) MDDNode(2,u_169), remove node: MDDNode(2,u_83)
layer 2 incoming edges: 22
split the incoming edges: 22 8 14
the value pair of raw_data is: 6265
split the outgoings edges: 75 66 67 133
add node: MDDNode(2,u_170) MDDNode(2,u_171), remove node: MDDNode(2,u_84)
layer 2 incoming edges: 41
split the incoming edges: 41 17 24
the value pair of raw_data is: 6265
split the outgoings edges: 77 64 69 133
add node: MDDNode(2,u_172) MDDNode(2,u_173), remove node: MDDNode(2,u_85)
layer 2 incoming edges: 43
split the incoming edges: 43 26 17
the value pair of raw_data is: 6265
split the outgoings edges: 72 70 60 130
add node: MDDNode(2,u_174) MDDNode(2,u_175), remove node: MDDNode(2,u_86)
layer 2 incoming edges: 28
split the incoming edges: 28 15 13
the value pair of raw_data is: 6265
split the outgoings edges: 76 62 74 136
add node: MDDNode(2,u_176) MDDNode(2,u_177), remove node: MDDNode(2,u_87)
layer 2 incoming edges: 34
split the incoming edges: 34 13 21
the value pair of raw_data is: 6265
split the outgoings edges: 71 53 67 120
add node: MDDNode(2,u_178) MDDNode(2,u_179), remove node: MDDNode(2,u_88)
layer 2 incoming edges: 25
split the incoming edges: 25 16 9
the value pair of raw_data is: 6265
split the outgoings edges: 74 69 57 126
add node: MDDNode(2,u_180) MDDNode(2,u_181), remove node: MDDNode(2,u_89)
layer 2 incoming edges: 35
split the incoming edges: 35 17 18
the value pair of raw_data is: 6265
split the outgoings edges: 78 75 65 140
add node: MDDNode(2,u_182) MDDNode(2,u_183), remove node: MDDNode(2,u_90)
layer 2 incoming edges: 19
split the incoming edges: 19 9 10
the value pair of raw_data is: 6265
split the outgoings edges: 68 63 50 113
add node: MDDNode(2,u_184) MDDNode(2,u_185), remove node: MDDNode(2,u_91)
layer 2 incoming edges: 23
split the incoming edges: 23 11 12
the value pair of raw_data is: 6265
split the outgoings edges: 65 56 50 106
add node: MDDNode(2,u_186) MDDNode(2,u_187), remove node: MDDNode(2,u_92)
layer 2 incoming edges: 30
split the incoming edges: 30 14 16
the value pair of raw_data is: 6265
split the outgoings edges: 69 59 65 124
add node: MDDNode(2,u_188) MDDNode(2,u_189), remove node: MDDNode(2,u_93)
3 16 32
layer 3 incoming edges: 144
split the incoming edges: 144 83 61
the value pair of raw_data is: 202
split the outgoings edges: 74 68 61 129
add node: MDDNode(3,u_190) MDDNode(3,u_191), remove node: MDDNode(3,u_94)
layer 3 incoming edges: 156
split the incoming edges: 156 78 78
the value pair of raw_data is: 202
split the outgoings edges: 77 63 68 131
add node: MDDNode(3,u_192) MDDNode(3,u_193), remove node: MDDNode(3,u_95)
layer 3 incoming edges: 149
split the incoming edges: 149 71 78
the value pair of raw_data is: 202
split the outgoings edges: 78 65 75 140
add node: MDDNode(3,u_194) MDDNode(3,u_195), remove node: MDDNode(3,u_96)
layer 3 incoming edges: 164
split the incoming edges: 164 86 78
the value pair of raw_data is: 202
split the outgoings edges: 87 75 67 142
add node: MDDNode(3,u_196) MDDNode(3,u_197), remove node: MDDNode(3,u_97)
layer 3 incoming edges: 139
split the incoming edges: 139 79 60
the value pair of raw_data is: 202
split the outgoings edges: 92 82 69 151
add node: MDDNode(3,u_198) MDDNode(3,u_199), remove node: MDDNode(3,u_98)
layer 3 incoming edges: 184
split the incoming edges: 184 89 95
the value pair of raw_data is: 202
split the outgoings edges: 101 91 88 179
add node: MDDNode(3,u_200) MDDNode(3,u_201), remove node: MDDNode(3,u_99)
layer 3 incoming edges: 145
split the incoming edges: 145 69 76
the value pair of raw_data is: 202
split the outgoings edges: 86 62 75 137
add node: MDDNode(3,u_202) MDDNode(3,u_203), remove node: MDDNode(3,u_100)
layer 3 incoming edges: 114
split the incoming edges: 114 56 58
the value pair of raw_data is: 202
split the outgoings edges: 78 67 67 134
add node: MDDNode(3,u_204) MDDNode(3,u_205), remove node: MDDNode(3,u_101)
layer 3 incoming edges: 87
split the incoming edges: 87 44 43
the value pair of raw_data is: 202
split the outgoings edges: 49 45 35 80
add node: MDDNode(3,u_206) MDDNode(3,u_207), remove node: MDDNode(3,u_102)
layer 3 incoming edges: 90
split the incoming edges: 90 39 51
the value pair of raw_data is: 202
split the outgoings edges: 60 40 56 96
add node: MDDNode(3,u_208) MDDNode(3,u_209), remove node: MDDNode(3,u_103)
layer 3 incoming edges: 116
split the incoming edges: 116 57 59
the value pair of raw_data is: 202
split the outgoings edges: 75 61 60 121
add node: MDDNode(3,u_210) MDDNode(3,u_211), remove node: MDDNode(3,u_104)
layer 3 incoming edges: 96
split the incoming edges: 96 50 46
the value pair of raw_data is: 202
split the outgoings edges: 61 55 40 95
add node: MDDNode(3,u_212) MDDNode(3,u_213), remove node: MDDNode(3,u_105)
layer 3 incoming edges: 131
split the incoming edges: 131 64 67
the value pair of raw_data is: 202
split the outgoings edges: 73 50 71 121
add node: MDDNode(3,u_214) MDDNode(3,u_215), remove node: MDDNode(3,u_106)
layer 3 incoming edges: 108
split the incoming edges: 108 43 65
the value pair of raw_data is: 202
split the outgoings edges: 60 43 51 94
add node: MDDNode(3,u_216) MDDNode(3,u_217), remove node: MDDNode(3,u_107)
layer 3 incoming edges: 92
split the incoming edges: 92 43 49
the value pair of raw_data is: 202
split the outgoings edges: 60 37 55 92
add node: MDDNode(3,u_218) MDDNode(3,u_219), remove node: MDDNode(3,u_108)
layer 3 incoming edges: 115
split the incoming edges: 115 64 51
the value pair of raw_data is: 202
split the outgoings edges: 65 62 34 96
add node: MDDNode(3,u_220) MDDNode(3,u_221), remove node: MDDNode(3,u_109)
4 16 32
layer 4 incoming edges: 129
split the incoming edges: 129 64 65
the value pair of raw_data is: 161
split the outgoings edges: 1 1 1 2
add node: MDDNode(4,u_222) MDDNode(4,u_223), remove node: MDDNode(4,u_110)
layer 4 incoming edges: 111
split the incoming edges: 111 57 54
the value pair of raw_data is: 161
split the outgoings edges: 1 1 1 2
add node: MDDNode(4,u_224) MDDNode(4,u_225), remove node: MDDNode(4,u_111)
layer 4 incoming edges: 136
split the incoming edges: 136 75 61
the value pair of raw_data is: 161
split the outgoings edges: 1 1 1 2
add node: MDDNode(4,u_226) MDDNode(4,u_227), remove node: MDDNode(4,u_112)
layer 4 incoming edges: 128
split the incoming edges: 128 64 64
the value pair of raw_data is: 161
split the outgoings edges: 1 1 1 2
add node: MDDNode(4,u_228) MDDNode(4,u_229), remove node: MDDNode(4,u_113)
layer 4 incoming edges: 122
split the incoming edges: 122 64 58
the value pair of raw_data is: 161
split the outgoings edges: 1 1 1 2
add node: MDDNode(4,u_230) MDDNode(4,u_231), remove node: MDDNode(4,u_114)
layer 4 incoming edges: 96
split the incoming edges: 96 52 44
the value pair of raw_data is: 161
split the outgoings edges: 1 1 1 2
add node: MDDNode(4,u_232) MDDNode(4,u_233), remove node: MDDNode(4,u_115)
layer 4 incoming edges: 83
split the incoming edges: 83 39 44
the value pair of raw_data is: 161
split the outgoings edges: 1 1 1 2
add node: MDDNode(4,u_234) MDDNode(4,u_235), remove node: MDDNode(4,u_116)
layer 4 incoming edges: 81
split the incoming edges: 81 41 40
the value pair of raw_data is: 161
split the outgoings edges: 1 1 1 2
add node: MDDNode(4,u_236) MDDNode(4,u_237), remove node: MDDNode(4,u_117)
layer 4 incoming edges: 140
split the incoming edges: 140 79 61
the value pair of raw_data is: 161
split the outgoings edges: 1 1 1 2
add node: MDDNode(4,u_238) MDDNode(4,u_239), remove node: MDDNode(4,u_118)
layer 4 incoming edges: 132
split the incoming edges: 132 62 70
the value pair of raw_data is: 161
split the outgoings edges: 1 1 1 2
add node: MDDNode(4,u_240) MDDNode(4,u_241), remove node: MDDNode(4,u_119)
layer 4 incoming edges: 154
split the incoming edges: 154 90 64
the value pair of raw_data is: 161
split the outgoings edges: 1 1 1 2
add node: MDDNode(4,u_242) MDDNode(4,u_243), remove node: MDDNode(4,u_120)
layer 4 incoming edges: 124
split the incoming edges: 124 56 68
the value pair of raw_data is: 161
split the outgoings edges: 1 1 1 2
add node: MDDNode(4,u_244) MDDNode(4,u_245), remove node: MDDNode(4,u_121)
layer 4 incoming edges: 117
split the incoming edges: 117 53 64
the value pair of raw_data is: 161
split the outgoings edges: 1 1 1 2
add node: MDDNode(4,u_246) MDDNode(4,u_247), remove node: MDDNode(4,u_122)
layer 4 incoming edges: 114
split the incoming edges: 114 56 58
the value pair of raw_data is: 161
split the outgoings edges: 1 1 1 2
add node: MDDNode(4,u_248) MDDNode(4,u_249), remove node: MDDNode(4,u_123)
layer 4 incoming edges: 132
split the incoming edges: 132 72 60
the value pair of raw_data is: 161
split the outgoings edges: 1 1 1 2
add node: MDDNode(4,u_250) MDDNode(4,u_251), remove node: MDDNode(4,u_124)
layer 4 incoming edges: 139
split the incoming edges: 139 66 73
the value pair of raw_data is: 161
split the outgoings edges: 1 1 1 2
add node: MDDNode(4,u_252) MDDNode(4,u_253), remove node: MDDNode(4,u_125)
The bucket size: [25]
the graph width list : [1, 32, 32, 32, 32, 1]
iter= 1 dev 0.2777   test 0.2639   intelligible 0.3314   english 0.2784   gold 0.5223   save acc: 0.3314 time: 2019-11-27T18:59 
iter= 2 dev 0.3050   test 0.3011   intelligible 0.3833   english 0.3180   gold 0.6318   save acc: 0.3833 time: 2019-11-27T19:00 
iter= 3 dev 0.3211   test 0.3133   intelligible 0.4042   english 0.3334   gold 0.6884   save acc: 0.4042 time: 2019-11-27T19:01 
iter= 4 dev 0.3213   test 0.3223   intelligible 0.4144   english 0.3418   gold 0.7295   save acc: 0.4144 time: 2019-11-27T19:02 
iter= 5 dev 0.3265   test 0.3288   intelligible 0.4242   english 0.3507   gold 0.7414   save acc: 0.4242 time: 2019-11-27T19:03 
iter= 6 dev 0.3178   test 0.3259   intelligible 0.4182   english 0.3465   gold 0.7397   
iter= 7 dev 0.3237   test 0.3290   intelligible 0.4220   english 0.3492   gold 0.7277   
iter= 8 dev 0.3256   test 0.3133   intelligible 0.4038   english 0.3346   gold 0.6541   
iter= 9 dev 0.3232   test 0.3241   intelligible 0.4178   english 0.3459   gold 0.7192   
iter= 10 dev 0.3213   test 0.3187   intelligible 0.4076   english 0.3382   gold 0.6678   
iter= 11 dev 0.3235   test 0.3257   intelligible 0.4205   english 0.3474   gold 0.7397   
iter= 12 dev 0.3171   test 0.3158   intelligible 0.4049   english 0.3346   gold 0.6798   
iter= 13 dev 0.3201   test 0.3146   intelligible 0.4049   english 0.3361   gold 0.6747   
iter= 14 dev 0.3182   test 0.3158   intelligible 0.4045   english 0.3349   gold 0.6729   
iter= 15 dev 0.3213   test 0.3205   intelligible 0.4091   english 0.3403   gold 0.6712   
iter= 16 dev 0.3194   test 0.3184   intelligible 0.4053   english 0.3370   gold 0.6729   
iter= 17 dev 0.3185   test 0.3174   intelligible 0.4064   english 0.3373   gold 0.6764   
iter= 18 dev 0.3201   test 0.3187   intelligible 0.4087   english 0.3400   gold 0.6747   
iter= 19 dev 0.3206   test 0.3184   intelligible 0.4072   english 0.3388   gold 0.6712   
iter= 20 dev 0.3171   test 0.3200   intelligible 0.4080   english 0.3394   gold 0.6695   
iter= 21 dev 0.3197   test 0.3189   intelligible 0.4072   english 0.3388   gold 0.6764   
