args Namespace(config='configs/config_l.json', dataset='dataset/IFTTT/msr_data.pkl', load_model=None, mode='train', output='model/ifttt/width-32/pid-1-', width='32')
configure: {'max_word_id': 4000, 'bidirectional': True, 'cell_type': 'lstm', 'decoder': 'attention', 'embedding_size': 50, 'keep_prob': 0.5, 'memory_size': 25, 'num_layers': 1, 'num_units': 50, 'use_embedding': True, 'epoches': 20, 'batch_size': 32, 'init': {'name': 'random_uniform_initializer', 'scale': 0.1}, 'lr_scheduler': {'decay_steps': 5000, 'init_lr': 0.01, 'staircase': True}, 'max_grad_norm': 1, 'optimizer': 'AdamOptimizer'}
# path 8580
save to model/ifttt/width-32/pid-1-IFTTT-w-32.json
load json
numArcLayers: 5
1 1 32
layer 1 incoming edges: 111
split the incoming edges: 111 55 56
the value pair of raw_data is: 492
split the outgoings edges: 443 234 230 464
add node: MDDNode(1,u_6) MDDNode(1,u_7), remove node: MDDNode(1,u_1)
2 1 32
layer 2 incoming edges: 464
split the incoming edges: 464 232 232
the value pair of raw_data is: 6265
split the outgoings edges: 88 87 88 175
add node: MDDNode(2,u_8) MDDNode(2,u_9), remove node: MDDNode(2,u_2)
3 1 32
layer 3 incoming edges: 175
split the incoming edges: 175 91 84
the value pair of raw_data is: 202
split the outgoings edges: 161 132 121 253
add node: MDDNode(3,u_10) MDDNode(3,u_11), remove node: MDDNode(3,u_3)
4 1 32
layer 4 incoming edges: 253
split the incoming edges: 253 126 127
the value pair of raw_data is: 161
split the outgoings edges: 1 1 1 2
add node: MDDNode(4,u_12) MDDNode(4,u_13), remove node: MDDNode(4,u_4)
1 2 32
layer 1 incoming edges: 55
split the incoming edges: 55 21 34
the value pair of raw_data is: 492
split the outgoings edges: 234 87 152 239
add node: MDDNode(1,u_14) MDDNode(1,u_15), remove node: MDDNode(1,u_6)
layer 1 incoming edges: 56
split the incoming edges: 56 33 23
the value pair of raw_data is: 492
split the outgoings edges: 230 156 82 238
add node: MDDNode(1,u_16) MDDNode(1,u_17), remove node: MDDNode(1,u_7)
2 2 32
layer 2 incoming edges: 239
split the incoming edges: 239 118 121
the value pair of raw_data is: 6265
split the outgoings edges: 87 85 84 169
add node: MDDNode(2,u_18) MDDNode(2,u_19), remove node: MDDNode(2,u_8)
layer 2 incoming edges: 238
split the incoming edges: 238 116 122
the value pair of raw_data is: 6265
split the outgoings edges: 88 86 88 174
add node: MDDNode(2,u_20) MDDNode(2,u_21), remove node: MDDNode(2,u_9)
3 2 32
layer 3 incoming edges: 178
split the incoming edges: 178 97 81
the value pair of raw_data is: 202
split the outgoings edges: 132 120 104 224
add node: MDDNode(3,u_22) MDDNode(3,u_23), remove node: MDDNode(3,u_10)
layer 3 incoming edges: 165
split the incoming edges: 165 81 84
the value pair of raw_data is: 202
split the outgoings edges: 121 92 85 177
add node: MDDNode(3,u_24) MDDNode(3,u_25), remove node: MDDNode(3,u_11)
4 2 32
layer 4 incoming edges: 209
split the incoming edges: 209 113 96
the value pair of raw_data is: 161
split the outgoings edges: 1 1 1 2
add node: MDDNode(4,u_26) MDDNode(4,u_27), remove node: MDDNode(4,u_12)
layer 4 incoming edges: 192
split the incoming edges: 192 101 91
the value pair of raw_data is: 161
split the outgoings edges: 1 1 1 2
add node: MDDNode(4,u_28) MDDNode(4,u_29), remove node: MDDNode(4,u_13)
1 4 32
layer 1 incoming edges: 21
split the incoming edges: 21 10 11
the value pair of raw_data is: 492
split the outgoings edges: 87 36 51 87
add node: MDDNode(1,u_30) MDDNode(1,u_31), remove node: MDDNode(1,u_14)
layer 1 incoming edges: 34
split the incoming edges: 34 19 15
the value pair of raw_data is: 492
split the outgoings edges: 152 97 59 156
add node: MDDNode(1,u_32) MDDNode(1,u_33), remove node: MDDNode(1,u_15)
layer 1 incoming edges: 33
split the incoming edges: 33 18 15
the value pair of raw_data is: 492
split the outgoings edges: 156 86 75 161
add node: MDDNode(1,u_34) MDDNode(1,u_35), remove node: MDDNode(1,u_16)
layer 1 incoming edges: 23
split the incoming edges: 23 9 14
the value pair of raw_data is: 492
split the outgoings edges: 82 37 47 84
add node: MDDNode(1,u_36) MDDNode(1,u_37), remove node: MDDNode(1,u_17)
2 4 32
layer 2 incoming edges: 121
split the incoming edges: 121 69 52
the value pair of raw_data is: 6265
split the outgoings edges: 85 81 77 158
add node: MDDNode(2,u_38) MDDNode(2,u_39), remove node: MDDNode(2,u_18)
layer 2 incoming edges: 125
split the incoming edges: 125 65 60
the value pair of raw_data is: 6265
split the outgoings edges: 84 82 78 160
add node: MDDNode(2,u_40) MDDNode(2,u_41), remove node: MDDNode(2,u_19)
layer 2 incoming edges: 120
split the incoming edges: 120 60 60
the value pair of raw_data is: 6265
split the outgoings edges: 86 84 80 164
add node: MDDNode(2,u_42) MDDNode(2,u_43), remove node: MDDNode(2,u_20)
layer 2 incoming edges: 122
split the incoming edges: 122 63 59
the value pair of raw_data is: 6265
split the outgoings edges: 88 88 83 171
add node: MDDNode(2,u_44) MDDNode(2,u_45), remove node: MDDNode(2,u_21)
3 4 32
layer 3 incoming edges: 187
split the incoming edges: 187 94 93
the value pair of raw_data is: 202
split the outgoings edges: 120 105 102 207
add node: MDDNode(3,u_46) MDDNode(3,u_47), remove node: MDDNode(3,u_22)
layer 3 incoming edges: 151
split the incoming edges: 151 78 73
the value pair of raw_data is: 202
split the outgoings edges: 104 85 82 167
add node: MDDNode(3,u_48) MDDNode(3,u_49), remove node: MDDNode(3,u_23)
layer 3 incoming edges: 155
split the incoming edges: 155 79 76
the value pair of raw_data is: 202
split the outgoings edges: 92 81 80 161
add node: MDDNode(3,u_50) MDDNode(3,u_51), remove node: MDDNode(3,u_24)
layer 3 incoming edges: 160
split the incoming edges: 160 79 81
the value pair of raw_data is: 202
split the outgoings edges: 85 71 75 146
add node: MDDNode(3,u_52) MDDNode(3,u_53), remove node: MDDNode(3,u_25)
4 4 32
layer 4 incoming edges: 189
split the incoming edges: 189 90 99
the value pair of raw_data is: 161
split the outgoings edges: 1 1 1 2
add node: MDDNode(4,u_54) MDDNode(4,u_55), remove node: MDDNode(4,u_26)
layer 4 incoming edges: 163
split the incoming edges: 163 67 96
the value pair of raw_data is: 161
split the outgoings edges: 1 1 1 2
add node: MDDNode(4,u_56) MDDNode(4,u_57), remove node: MDDNode(4,u_27)
layer 4 incoming edges: 168
split the incoming edges: 168 81 87
the value pair of raw_data is: 161
split the outgoings edges: 1 1 1 2
add node: MDDNode(4,u_58) MDDNode(4,u_59), remove node: MDDNode(4,u_28)
layer 4 incoming edges: 161
split the incoming edges: 161 87 74
the value pair of raw_data is: 161
split the outgoings edges: 1 1 1 2
add node: MDDNode(4,u_60) MDDNode(4,u_61), remove node: MDDNode(4,u_29)
1 8 32
layer 1 incoming edges: 10
split the incoming edges: 10 6 4
the value pair of raw_data is: 492
split the outgoings edges: 36 17 19 36
add node: MDDNode(1,u_62) MDDNode(1,u_63), remove node: MDDNode(1,u_30)
layer 1 incoming edges: 11
split the incoming edges: 11 6 5
the value pair of raw_data is: 492
split the outgoings edges: 51 31 20 51
add node: MDDNode(1,u_64) MDDNode(1,u_65), remove node: MDDNode(1,u_31)
layer 1 incoming edges: 19
split the incoming edges: 19 7 12
the value pair of raw_data is: 492
split the outgoings edges: 97 51 46 97
add node: MDDNode(1,u_66) MDDNode(1,u_67), remove node: MDDNode(1,u_32)
layer 1 incoming edges: 15
split the incoming edges: 15 8 7
the value pair of raw_data is: 492
split the outgoings edges: 59 29 31 60
add node: MDDNode(1,u_68) MDDNode(1,u_69), remove node: MDDNode(1,u_33)
layer 1 incoming edges: 18
split the incoming edges: 18 9 9
the value pair of raw_data is: 492
split the outgoings edges: 86 46 42 88
add node: MDDNode(1,u_70) MDDNode(1,u_71), remove node: MDDNode(1,u_34)
layer 1 incoming edges: 15
split the incoming edges: 15 6 9
the value pair of raw_data is: 492
split the outgoings edges: 75 28 47 75
add node: MDDNode(1,u_72) MDDNode(1,u_73), remove node: MDDNode(1,u_35)
layer 1 incoming edges: 9
split the incoming edges: 9 4 5
the value pair of raw_data is: 492
split the outgoings edges: 37 24 13 37
add node: MDDNode(1,u_74) MDDNode(1,u_75), remove node: MDDNode(1,u_36)
layer 1 incoming edges: 14
split the incoming edges: 14 5 9
the value pair of raw_data is: 492
split the outgoings edges: 47 10 37 47
add node: MDDNode(1,u_76) MDDNode(1,u_77), remove node: MDDNode(1,u_37)
2 8 32
layer 2 incoming edges: 69
split the incoming edges: 69 43 26
the value pair of raw_data is: 6265
split the outgoings edges: 81 76 72 148
add node: MDDNode(2,u_78) MDDNode(2,u_79), remove node: MDDNode(2,u_38)
layer 2 incoming edges: 52
split the incoming edges: 52 32 20
the value pair of raw_data is: 6265
split the outgoings edges: 77 71 67 138
add node: MDDNode(2,u_80) MDDNode(2,u_81), remove node: MDDNode(2,u_39)
layer 2 incoming edges: 66
split the incoming edges: 66 33 33
the value pair of raw_data is: 6265
split the outgoings edges: 82 77 74 151
add node: MDDNode(2,u_82) MDDNode(2,u_83), remove node: MDDNode(2,u_40)
layer 2 incoming edges: 60
split the incoming edges: 60 20 40
the value pair of raw_data is: 6265
split the outgoings edges: 78 60 76 136
add node: MDDNode(2,u_84) MDDNode(2,u_85), remove node: MDDNode(2,u_41)
layer 2 incoming edges: 61
split the incoming edges: 61 28 33
the value pair of raw_data is: 6265
split the outgoings edges: 84 79 75 154
add node: MDDNode(2,u_86) MDDNode(2,u_87), remove node: MDDNode(2,u_42)
layer 2 incoming edges: 60
split the incoming edges: 60 26 34
the value pair of raw_data is: 6265
split the outgoings edges: 80 72 75 147
add node: MDDNode(2,u_88) MDDNode(2,u_89), remove node: MDDNode(2,u_43)
layer 2 incoming edges: 64
split the incoming edges: 64 23 41
the value pair of raw_data is: 6265
split the outgoings edges: 88 74 83 157
add node: MDDNode(2,u_90) MDDNode(2,u_91), remove node: MDDNode(2,u_44)
layer 2 incoming edges: 59
split the incoming edges: 59 29 30
the value pair of raw_data is: 6265
split the outgoings edges: 83 73 80 153
add node: MDDNode(2,u_92) MDDNode(2,u_93), remove node: MDDNode(2,u_45)
3 8 32
layer 3 incoming edges: 172
split the incoming edges: 172 83 89
the value pair of raw_data is: 202
split the outgoings edges: 105 95 93 188
add node: MDDNode(3,u_94) MDDNode(3,u_95), remove node: MDDNode(3,u_46)
layer 3 incoming edges: 171
split the incoming edges: 171 94 77
the value pair of raw_data is: 202
split the outgoings edges: 102 95 88 183
add node: MDDNode(3,u_96) MDDNode(3,u_97), remove node: MDDNode(3,u_47)
layer 3 incoming edges: 143
split the incoming edges: 143 70 73
the value pair of raw_data is: 202
split the outgoings edges: 85 72 68 140
add node: MDDNode(3,u_98) MDDNode(3,u_99), remove node: MDDNode(3,u_48)
layer 3 incoming edges: 127
split the incoming edges: 127 63 64
the value pair of raw_data is: 202
split the outgoings edges: 82 70 74 144
add node: MDDNode(3,u_100) MDDNode(3,u_101), remove node: MDDNode(3,u_49)
layer 3 incoming edges: 144
split the incoming edges: 144 70 74
the value pair of raw_data is: 202
split the outgoings edges: 81 71 72 143
add node: MDDNode(3,u_102) MDDNode(3,u_103), remove node: MDDNode(3,u_50)
layer 3 incoming edges: 137
split the incoming edges: 137 68 69
the value pair of raw_data is: 202
split the outgoings edges: 80 74 64 138
add node: MDDNode(3,u_104) MDDNode(3,u_105), remove node: MDDNode(3,u_51)
layer 3 incoming edges: 141
split the incoming edges: 141 63 78
the value pair of raw_data is: 202
split the outgoings edges: 71 61 63 124
add node: MDDNode(3,u_106) MDDNode(3,u_107), remove node: MDDNode(3,u_52)
layer 3 incoming edges: 149
split the incoming edges: 149 75 74
the value pair of raw_data is: 202
split the outgoings edges: 75 64 62 126
add node: MDDNode(3,u_108) MDDNode(3,u_109), remove node: MDDNode(3,u_53)
4 8 32
layer 4 incoming edges: 157
split the incoming edges: 157 77 80
the value pair of raw_data is: 161
split the outgoings edges: 1 1 1 2
add node: MDDNode(4,u_110) MDDNode(4,u_111), remove node: MDDNode(4,u_54)
layer 4 incoming edges: 170
split the incoming edges: 170 88 82
the value pair of raw_data is: 161
split the outgoings edges: 1 1 1 2
add node: MDDNode(4,u_112) MDDNode(4,u_113), remove node: MDDNode(4,u_55)
layer 4 incoming edges: 121
split the incoming edges: 121 61 60
the value pair of raw_data is: 161
split the outgoings edges: 1 1 1 2
add node: MDDNode(4,u_114) MDDNode(4,u_115), remove node: MDDNode(4,u_56)
layer 4 incoming edges: 163
split the incoming edges: 163 88 75
the value pair of raw_data is: 161
split the outgoings edges: 1 1 1 2
add node: MDDNode(4,u_116) MDDNode(4,u_117), remove node: MDDNode(4,u_57)
layer 4 incoming edges: 145
split the incoming edges: 145 79 66
the value pair of raw_data is: 161
split the outgoings edges: 1 1 1 2
add node: MDDNode(4,u_118) MDDNode(4,u_119), remove node: MDDNode(4,u_58)
layer 4 incoming edges: 151
split the incoming edges: 151 79 72
the value pair of raw_data is: 161
split the outgoings edges: 1 1 1 2
add node: MDDNode(4,u_120) MDDNode(4,u_121), remove node: MDDNode(4,u_59)
layer 4 incoming edges: 150
split the incoming edges: 150 73 77
the value pair of raw_data is: 161
split the outgoings edges: 1 1 1 2
add node: MDDNode(4,u_122) MDDNode(4,u_123), remove node: MDDNode(4,u_60)
layer 4 incoming edges: 129
split the incoming edges: 129 74 55
the value pair of raw_data is: 161
split the outgoings edges: 1 1 1 2
add node: MDDNode(4,u_124) MDDNode(4,u_125), remove node: MDDNode(4,u_61)
1 16 32
layer 1 incoming edges: 6
one of splitted has no income edge:0 6
layer 1 incoming edges: 4
one of splitted has no income edge:4 0
layer 1 incoming edges: 6
split the incoming edges: 6 4 2
the value pair of raw_data is: 492
split the outgoings edges: 31 26 5 31
add node: MDDNode(1,u_126) MDDNode(1,u_127), remove node: MDDNode(1,u_64)
layer 1 incoming edges: 5
one of splitted has no income edge:0 5
layer 1 incoming edges: 7
split the incoming edges: 7 3 4
the value pair of raw_data is: 492
split the outgoings edges: 51 27 24 51
add node: MDDNode(1,u_128) MDDNode(1,u_129), remove node: MDDNode(1,u_66)
layer 1 incoming edges: 12
split the incoming edges: 12 6 6
the value pair of raw_data is: 492
split the outgoings edges: 46 23 23 46
add node: MDDNode(1,u_130) MDDNode(1,u_131), remove node: MDDNode(1,u_67)
layer 1 incoming edges: 8
split the incoming edges: 8 2 6
the value pair of raw_data is: 492
split the outgoings edges: 29 3 26 29
add node: MDDNode(1,u_132) MDDNode(1,u_133), remove node: MDDNode(1,u_68)
layer 1 incoming edges: 7
split the incoming edges: 7 2 5
the value pair of raw_data is: 492
split the outgoings edges: 31 10 21 31
add node: MDDNode(1,u_134) MDDNode(1,u_135), remove node: MDDNode(1,u_69)
layer 1 incoming edges: 9
split the incoming edges: 9 2 7
the value pair of raw_data is: 492
split the outgoings edges: 46 4 42 46
add node: MDDNode(1,u_136) MDDNode(1,u_137), remove node: MDDNode(1,u_70)
layer 1 incoming edges: 9
split the incoming edges: 9 6 3
the value pair of raw_data is: 492
split the outgoings edges: 42 31 11 42
add node: MDDNode(1,u_138) MDDNode(1,u_139), remove node: MDDNode(1,u_71)
layer 1 incoming edges: 6
split the incoming edges: 6 4 2
the value pair of raw_data is: 492
split the outgoings edges: 28 24 4 28
add node: MDDNode(1,u_140) MDDNode(1,u_141), remove node: MDDNode(1,u_72)
layer 1 incoming edges: 9
split the incoming edges: 9 4 5
the value pair of raw_data is: 492
split the outgoings edges: 47 25 22 47
add node: MDDNode(1,u_142) MDDNode(1,u_143), remove node: MDDNode(1,u_73)
layer 1 incoming edges: 4
one of splitted has no income edge:0 4
layer 1 incoming edges: 5
split the incoming edges: 5 1 4
the value pair of raw_data is: 492
split the outgoings edges: 13 2 12 14
add node: MDDNode(1,u_144) MDDNode(1,u_145), remove node: MDDNode(1,u_75)
layer 1 incoming edges: 5
split the incoming edges: 5 4 1
the value pair of raw_data is: 492
split the outgoings edges: 10 9 1 10
add node: MDDNode(1,u_146) MDDNode(1,u_147), remove node: MDDNode(1,u_76)
layer 1 incoming edges: 9
split the incoming edges: 9 4 5
the value pair of raw_data is: 492
split the outgoings edges: 37 17 20 37
add node: MDDNode(1,u_148) MDDNode(1,u_149), remove node: MDDNode(1,u_77)
2 16 32
layer 2 incoming edges: 43
split the incoming edges: 43 21 22
the value pair of raw_data is: 6265
split the outgoings edges: 76 68 71 139
add node: MDDNode(2,u_150) MDDNode(2,u_151), remove node: MDDNode(2,u_78)
layer 2 incoming edges: 26
split the incoming edges: 26 14 12
the value pair of raw_data is: 6265
split the outgoings edges: 72 61 56 117
add node: MDDNode(2,u_152) MDDNode(2,u_153), remove node: MDDNode(2,u_79)
layer 2 incoming edges: 32
split the incoming edges: 32 17 15
the value pair of raw_data is: 6265
split the outgoings edges: 71 69 55 124
add node: MDDNode(2,u_154) MDDNode(2,u_155), remove node: MDDNode(2,u_80)
layer 2 incoming edges: 20
split the incoming edges: 20 9 11
the value pair of raw_data is: 6265
split the outgoings edges: 67 50 54 104
add node: MDDNode(2,u_156) MDDNode(2,u_157), remove node: MDDNode(2,u_81)
layer 2 incoming edges: 34
split the incoming edges: 34 13 21
the value pair of raw_data is: 6265
split the outgoings edges: 77 68 72 140
add node: MDDNode(2,u_158) MDDNode(2,u_159), remove node: MDDNode(2,u_82)
layer 2 incoming edges: 33
split the incoming edges: 33 14 19
the value pair of raw_data is: 6265
split the outgoings edges: 74 72 65 137
add node: MDDNode(2,u_160) MDDNode(2,u_161), remove node: MDDNode(2,u_83)
layer 2 incoming edges: 20
split the incoming edges: 20 11 9
the value pair of raw_data is: 6265
split the outgoings edges: 60 42 51 93
add node: MDDNode(2,u_162) MDDNode(2,u_163), remove node: MDDNode(2,u_84)
layer 2 incoming edges: 40
split the incoming edges: 40 26 14
the value pair of raw_data is: 6265
split the outgoings edges: 76 70 66 136
add node: MDDNode(2,u_164) MDDNode(2,u_165), remove node: MDDNode(2,u_85)
layer 2 incoming edges: 28
split the incoming edges: 28 12 16
the value pair of raw_data is: 6265
split the outgoings edges: 79 73 63 136
add node: MDDNode(2,u_166) MDDNode(2,u_167), remove node: MDDNode(2,u_86)
layer 2 incoming edges: 33
split the incoming edges: 33 14 19
the value pair of raw_data is: 6265
split the outgoings edges: 75 68 62 130
add node: MDDNode(2,u_168) MDDNode(2,u_169), remove node: MDDNode(2,u_87)
layer 2 incoming edges: 26
split the incoming edges: 26 12 14
the value pair of raw_data is: 6265
split the outgoings edges: 72 51 68 119
add node: MDDNode(2,u_170) MDDNode(2,u_171), remove node: MDDNode(2,u_88)
layer 2 incoming edges: 34
split the incoming edges: 34 19 15
the value pair of raw_data is: 6265
split the outgoings edges: 75 67 66 133
add node: MDDNode(2,u_172) MDDNode(2,u_173), remove node: MDDNode(2,u_89)
layer 2 incoming edges: 23
split the incoming edges: 23 13 10
the value pair of raw_data is: 6265
split the outgoings edges: 74 57 66 123
add node: MDDNode(2,u_174) MDDNode(2,u_175), remove node: MDDNode(2,u_90)
layer 2 incoming edges: 41
split the incoming edges: 41 22 19
the value pair of raw_data is: 6265
split the outgoings edges: 83 80 65 145
add node: MDDNode(2,u_176) MDDNode(2,u_177), remove node: MDDNode(2,u_91)
layer 2 incoming edges: 29
split the incoming edges: 29 16 13
the value pair of raw_data is: 6265
split the outgoings edges: 73 55 66 121
add node: MDDNode(2,u_178) MDDNode(2,u_179), remove node: MDDNode(2,u_92)
layer 2 incoming edges: 30
split the incoming edges: 30 14 16
the value pair of raw_data is: 6265
split the outgoings edges: 80 70 71 141
add node: MDDNode(2,u_180) MDDNode(2,u_181), remove node: MDDNode(2,u_93)
3 16 32
layer 3 incoming edges: 140
split the incoming edges: 140 71 69
the value pair of raw_data is: 202
split the outgoings edges: 95 81 78 159
add node: MDDNode(3,u_182) MDDNode(3,u_183), remove node: MDDNode(3,u_94)
layer 3 incoming edges: 156
split the incoming edges: 156 74 82
the value pair of raw_data is: 202
split the outgoings edges: 93 72 77 149
add node: MDDNode(3,u_184) MDDNode(3,u_185), remove node: MDDNode(3,u_95)
layer 3 incoming edges: 165
split the incoming edges: 165 87 78
the value pair of raw_data is: 202
split the outgoings edges: 95 71 89 160
add node: MDDNode(3,u_186) MDDNode(3,u_187), remove node: MDDNode(3,u_96)
layer 3 incoming edges: 133
split the incoming edges: 133 63 70
the value pair of raw_data is: 202
split the outgoings edges: 88 73 73 146
add node: MDDNode(3,u_188) MDDNode(3,u_189), remove node: MDDNode(3,u_97)
layer 3 incoming edges: 121
split the incoming edges: 121 60 61
the value pair of raw_data is: 202
split the outgoings edges: 72 58 60 118
add node: MDDNode(3,u_190) MDDNode(3,u_191), remove node: MDDNode(3,u_98)
layer 3 incoming edges: 128
split the incoming edges: 128 71 57
the value pair of raw_data is: 202
split the outgoings edges: 68 62 59 121
add node: MDDNode(3,u_192) MDDNode(3,u_193), remove node: MDDNode(3,u_99)
layer 3 incoming edges: 104
split the incoming edges: 104 53 51
the value pair of raw_data is: 202
split the outgoings edges: 70 65 49 114
add node: MDDNode(3,u_194) MDDNode(3,u_195), remove node: MDDNode(3,u_100)
layer 3 incoming edges: 108
split the incoming edges: 108 55 53
the value pair of raw_data is: 202
split the outgoings edges: 74 62 64 126
add node: MDDNode(3,u_196) MDDNode(3,u_197), remove node: MDDNode(3,u_101)
layer 3 incoming edges: 127
split the incoming edges: 127 68 59
the value pair of raw_data is: 202
split the outgoings edges: 71 64 61 125
add node: MDDNode(3,u_198) MDDNode(3,u_199), remove node: MDDNode(3,u_102)
layer 3 incoming edges: 120
split the incoming edges: 120 59 61
the value pair of raw_data is: 202
split the outgoings edges: 72 69 60 129
add node: MDDNode(3,u_200) MDDNode(3,u_201), remove node: MDDNode(3,u_103)
layer 3 incoming edges: 116
split the incoming edges: 116 51 65
the value pair of raw_data is: 202
split the outgoings edges: 74 55 69 124
add node: MDDNode(3,u_202) MDDNode(3,u_203), remove node: MDDNode(3,u_104)
layer 3 incoming edges: 121
split the incoming edges: 121 60 61
the value pair of raw_data is: 202
split the outgoings edges: 64 56 55 111
add node: MDDNode(3,u_204) MDDNode(3,u_205), remove node: MDDNode(3,u_105)
layer 3 incoming edges: 106
split the incoming edges: 106 56 50
the value pair of raw_data is: 202
split the outgoings edges: 61 52 45 97
add node: MDDNode(3,u_206) MDDNode(3,u_207), remove node: MDDNode(3,u_106)
layer 3 incoming edges: 129
split the incoming edges: 129 64 65
the value pair of raw_data is: 202
split the outgoings edges: 63 46 52 98
add node: MDDNode(3,u_208) MDDNode(3,u_209), remove node: MDDNode(3,u_107)
layer 3 incoming edges: 138
split the incoming edges: 138 62 76
the value pair of raw_data is: 202
split the outgoings edges: 64 55 61 116
add node: MDDNode(3,u_210) MDDNode(3,u_211), remove node: MDDNode(3,u_108)
layer 3 incoming edges: 126
split the incoming edges: 126 67 59
the value pair of raw_data is: 202
split the outgoings edges: 62 55 50 105
add node: MDDNode(3,u_212) MDDNode(3,u_213), remove node: MDDNode(3,u_109)
4 16 32
layer 4 incoming edges: 128
split the incoming edges: 128 65 63
the value pair of raw_data is: 161
split the outgoings edges: 1 1 1 2
add node: MDDNode(4,u_214) MDDNode(4,u_215), remove node: MDDNode(4,u_110)
layer 4 incoming edges: 135
split the incoming edges: 135 54 81
the value pair of raw_data is: 161
split the outgoings edges: 1 1 1 2
add node: MDDNode(4,u_216) MDDNode(4,u_217), remove node: MDDNode(4,u_111)
layer 4 incoming edges: 149
split the incoming edges: 149 73 76
the value pair of raw_data is: 161
split the outgoings edges: 1 1 1 2
add node: MDDNode(4,u_218) MDDNode(4,u_219), remove node: MDDNode(4,u_112)
layer 4 incoming edges: 137
split the incoming edges: 137 67 70
the value pair of raw_data is: 161
split the outgoings edges: 1 1 1 2
add node: MDDNode(4,u_220) MDDNode(4,u_221), remove node: MDDNode(4,u_113)
layer 4 incoming edges: 99
split the incoming edges: 99 44 55
the value pair of raw_data is: 161
split the outgoings edges: 1 1 1 2
add node: MDDNode(4,u_222) MDDNode(4,u_223), remove node: MDDNode(4,u_114)
layer 4 incoming edges: 102
split the incoming edges: 102 55 47
the value pair of raw_data is: 161
split the outgoings edges: 1 1 1 2
add node: MDDNode(4,u_224) MDDNode(4,u_225), remove node: MDDNode(4,u_115)
layer 4 incoming edges: 144
split the incoming edges: 144 59 85
the value pair of raw_data is: 161
split the outgoings edges: 1 1 1 2
add node: MDDNode(4,u_226) MDDNode(4,u_227), remove node: MDDNode(4,u_116)
layer 4 incoming edges: 136
split the incoming edges: 136 65 71
the value pair of raw_data is: 161
split the outgoings edges: 1 1 1 2
add node: MDDNode(4,u_228) MDDNode(4,u_229), remove node: MDDNode(4,u_117)
layer 4 incoming edges: 130
split the incoming edges: 130 65 65
the value pair of raw_data is: 161
split the outgoings edges: 1 1 1 2
add node: MDDNode(4,u_230) MDDNode(4,u_231), remove node: MDDNode(4,u_118)
layer 4 incoming edges: 107
split the incoming edges: 107 58 49
the value pair of raw_data is: 161
split the outgoings edges: 1 1 1 2
add node: MDDNode(4,u_232) MDDNode(4,u_233), remove node: MDDNode(4,u_119)
layer 4 incoming edges: 131
split the incoming edges: 131 64 67
the value pair of raw_data is: 161
split the outgoings edges: 1 1 1 2
add node: MDDNode(4,u_234) MDDNode(4,u_235), remove node: MDDNode(4,u_120)
layer 4 incoming edges: 116
split the incoming edges: 116 63 53
the value pair of raw_data is: 161
split the outgoings edges: 1 1 1 2
add node: MDDNode(4,u_236) MDDNode(4,u_237), remove node: MDDNode(4,u_121)
layer 4 incoming edges: 120
split the incoming edges: 120 51 69
the value pair of raw_data is: 161
split the outgoings edges: 1 1 1 2
add node: MDDNode(4,u_238) MDDNode(4,u_239), remove node: MDDNode(4,u_122)
layer 4 incoming edges: 129
split the incoming edges: 129 62 67
the value pair of raw_data is: 161
split the outgoings edges: 1 1 1 2
add node: MDDNode(4,u_240) MDDNode(4,u_241), remove node: MDDNode(4,u_123)
layer 4 incoming edges: 135
split the incoming edges: 135 67 68
the value pair of raw_data is: 161
split the outgoings edges: 1 1 1 2
add node: MDDNode(4,u_242) MDDNode(4,u_243), remove node: MDDNode(4,u_124)
layer 4 incoming edges: 100
split the incoming edges: 100 50 50
the value pair of raw_data is: 161
split the outgoings edges: 1 1 1 2
add node: MDDNode(4,u_244) MDDNode(4,u_245), remove node: MDDNode(4,u_125)
1 28 32
layer 1 incoming edges: 6
split the incoming edges: 6 4 2
the value pair of raw_data is: 492
split the outgoings edges: 17 14 3 17
add node: MDDNode(1,u_246) MDDNode(1,u_247), remove node: MDDNode(1,u_62)
layer 1 incoming edges: 4
one of splitted has no income edge:0 4
layer 1 incoming edges: 5
one of splitted has no income edge:5 0
layer 1 incoming edges: 4
split the incoming edges: 4 2 2
the value pair of raw_data is: 492
split the outgoings edges: 24 8 16 24
add node: MDDNode(1,u_248) MDDNode(1,u_249), remove node: MDDNode(1,u_74)
layer 1 incoming edges: 4
split the incoming edges: 4 2 2
the value pair of raw_data is: 492
split the outgoings edges: 26 16 10 26
add node: MDDNode(1,u_250) MDDNode(1,u_251), remove node: MDDNode(1,u_126)
layer 1 incoming edges: 2
split the incoming edges: 2 1 1
the value pair of raw_data is: 492
split the outgoings edges: 5 1 4 5
add node: MDDNode(1,u_252) MDDNode(1,u_253), remove node: MDDNode(1,u_127)
layer 1 incoming edges: 3
one of splitted has no income edge:3 0
layer 1 incoming edges: 4
node canot be splitted, beacause reaching the bound!: 32
layer 1 incoming edges: 6
node canot be splitted, beacause reaching the bound!: 32
layer 1 incoming edges: 6
node canot be splitted, beacause reaching the bound!: 32
layer 1 incoming edges: 2
one of splitted has no income edge:0 2
layer 1 incoming edges: 6
node canot be splitted, beacause reaching the bound!: 32
layer 1 incoming edges: 2
one of splitted has no income edge:2 0
layer 1 incoming edges: 5
node canot be splitted, beacause reaching the bound!: 32
layer 1 incoming edges: 2
one of splitted has no income edge:0 2
layer 1 incoming edges: 7
node canot be splitted, beacause reaching the bound!: 32
layer 1 incoming edges: 6
node canot be splitted, beacause reaching the bound!: 32
layer 1 incoming edges: 3
node canot be splitted, beacause reaching the bound!: 32
layer 1 incoming edges: 4
node canot be splitted, beacause reaching the bound!: 32
layer 1 incoming edges: 2
node canot be splitted, beacause reaching the bound!: 32
layer 1 incoming edges: 4
node canot be splitted, beacause reaching the bound!: 32
layer 1 incoming edges: 5
node canot be splitted, beacause reaching the bound!: 32
layer 1 incoming edges: 1
one of splitted has no income edge:0 1
layer 1 incoming edges: 4
node canot be splitted, beacause reaching the bound!: 32
layer 1 incoming edges: 4
node canot be splitted, beacause reaching the bound!: 32
layer 1 incoming edges: 1
one of splitted has no income edge:1 0
layer 1 incoming edges: 4
node canot be splitted, beacause reaching the bound!: 32
layer 1 incoming edges: 5
node canot be splitted, beacause reaching the bound!: 32
The bucket size: [25]
the graph width list : [1, 32, 32, 32, 32, 1]
iter= 1 dev 0.2682   test 0.2492   intelligible 0.3182   english 0.2635   gold 0.5000   save acc: 0.3182 time: 2019-11-27T16:10 
iter= 2 dev 0.2931   test 0.2928   intelligible 0.3826   english 0.3132   gold 0.6473   save acc: 0.3826 time: 2019-11-27T16:11 
iter= 3 dev 0.3235   test 0.3189   intelligible 0.4114   english 0.3388   gold 0.7175   save acc: 0.4114 time: 2019-11-27T16:12 
iter= 4 dev 0.3156   test 0.3156   intelligible 0.4076   english 0.3343   gold 0.7140   
iter= 5 dev 0.3206   test 0.3182   intelligible 0.4167   english 0.3409   gold 0.7312   save acc: 0.4167 time: 2019-11-27T16:14 
iter= 6 dev 0.3227   test 0.3241   intelligible 0.4208   english 0.3453   gold 0.7329   save acc: 0.4208 time: 2019-11-27T16:15 
iter= 7 dev 0.3358   test 0.3277   intelligible 0.4220   english 0.3480   gold 0.7397   save acc: 0.4220 time: 2019-11-27T16:16 
iter= 8 dev 0.3273   test 0.3236   intelligible 0.4220   english 0.3456   gold 0.7449   
iter= 9 dev 0.3232   test 0.3244   intelligible 0.4223   english 0.3477   gold 0.7466   save acc: 0.4223 time: 2019-11-27T16:18 
iter= 10 dev 0.3284   test 0.3239   intelligible 0.4239   english 0.3471   gold 0.7517   save acc: 0.4239 time: 2019-11-27T16:19 
iter= 11 dev 0.3284   test 0.3246   intelligible 0.4220   english 0.3471   gold 0.7483   
iter= 12 dev 0.3275   test 0.3195   intelligible 0.4182   english 0.3438   gold 0.7363   
iter= 13 dev 0.3310   test 0.3192   intelligible 0.4193   english 0.3438   gold 0.7380   
iter= 14 dev 0.3289   test 0.3195   intelligible 0.4189   english 0.3438   gold 0.7466   
iter= 15 dev 0.3296   test 0.3182   intelligible 0.4155   english 0.3412   gold 0.7397   
iter= 16 dev 0.3332   test 0.3241   intelligible 0.4208   english 0.3468   gold 0.7397   
iter= 17 dev 0.3275   test 0.3213   intelligible 0.4189   english 0.3450   gold 0.7414   
iter= 18 dev 0.3287   test 0.3210   intelligible 0.4186   english 0.3450   gold 0.7397   
iter= 19 dev 0.3318   test 0.3228   intelligible 0.4205   english 0.3465   gold 0.7449   
iter= 20 dev 0.3327   test 0.3223   intelligible 0.4193   english 0.3456   gold 0.7397   
iter= 21 dev 0.3310   test 0.3210   intelligible 0.4186   english 0.3444   gold 0.7449   
