args Namespace(config='configs/config_l.json', dataset='dataset/IFTTT/msr_data.pkl', load_model=None, mode='train', output='model/ifttt/width-38/', width='38')
configure: {'max_word_id': 4000, 'bidirectional': True, 'cell_type': 'gru', 'decoder': 'attention', 'embedding_size': 160, 'keep_prob': 0.45, 'memory_size': 25, 'num_units': 160, 'use_embedding': True, 'epoches': 15, 'batch_size': 32, 'init': {'name': 'random_uniform_initializer', 'scale': 0.1}, 'lr_scheduler': {'decay_steps': 5000, 'init_lr': 0.002, 'decay_rate': 0.9, 'staircase': True}, 'max_grad_norm': 1, 'optimizer': 'AdamOptimizer'}
# path 8549
model/ifttt/width-38/dataset-w-38.pkl
load raw and dump to file
numArcLayers: 5
1 1 38
layer 1 incoming edges: 111
choose: News & information
split the incoming edges: 111 13 98
the value pair of raw_data is: 492
split the outgoings edges: 443 60 386 446
add node: MDDNode(1,u_6) MDDNode(1,u_7), remove node: MDDNode(1,u_1)
1 2 38
layer 1 incoming edges: 98
choose: Photo & video
split the incoming edges: 98 9 89
the value pair of raw_data is: 492
split the outgoings edges: 386 35 351 386
add node: MDDNode(1,u_8) MDDNode(1,u_9), remove node: MDDNode(1,u_7)
1 3 38
layer 1 incoming edges: 89
choose: Others
split the incoming edges: 89 7 82
the value pair of raw_data is: 492
split the outgoings edges: 351 21 335 356
add node: MDDNode(1,u_10) MDDNode(1,u_11), remove node: MDDNode(1,u_9)
1 4 38
layer 1 incoming edges: 82
choose: Social networks
split the incoming edges: 82 7 75
the value pair of raw_data is: 492
split the outgoings edges: 335 55 280 335
add node: MDDNode(1,u_12) MDDNode(1,u_13), remove node: MDDNode(1,u_11)
1 5 38
layer 1 incoming edges: 75
choose: Bookmarking
split the incoming edges: 75 6 69
the value pair of raw_data is: 492
split the outgoings edges: 280 12 268 280
add node: MDDNode(1,u_14) MDDNode(1,u_15), remove node: MDDNode(1,u_13)
1 6 38
layer 1 incoming edges: 69
choose: Shopping
split the incoming edges: 69 6 63
the value pair of raw_data is: 492
split the outgoings edges: 268 23 245 268
add node: MDDNode(1,u_16) MDDNode(1,u_17), remove node: MDDNode(1,u_15)
1 7 38
layer 1 incoming edges: 63
choose: Security & monitoring systems
split the incoming edges: 63 5 58
the value pair of raw_data is: 492
split the outgoings edges: 245 18 228 246
add node: MDDNode(1,u_18) MDDNode(1,u_19), remove node: MDDNode(1,u_17)
1 8 38
layer 1 incoming edges: 58
choose: Finance & payments
split the incoming edges: 58 4 54
the value pair of raw_data is: 492
split the outgoings edges: 228 17 211 228
add node: MDDNode(1,u_20) MDDNode(1,u_21), remove node: MDDNode(1,u_19)
1 9 38
layer 1 incoming edges: 54
choose: Health & fitness
split the incoming edges: 54 4 50
the value pair of raw_data is: 492
split the outgoings edges: 211 26 186 212
add node: MDDNode(1,u_22) MDDNode(1,u_23), remove node: MDDNode(1,u_21)
1 10 38
layer 1 incoming edges: 50
choose: Mobile devices & accessories
split the incoming edges: 50 4 46
the value pair of raw_data is: 492
split the outgoings edges: 186 12 174 186
add node: MDDNode(1,u_24) MDDNode(1,u_25), remove node: MDDNode(1,u_23)
1 11 38
layer 1 incoming edges: 46
choose: Blogging
split the incoming edges: 46 3 43
the value pair of raw_data is: 492
split the outgoings edges: 174 13 161 174
add node: MDDNode(1,u_26) MDDNode(1,u_27), remove node: MDDNode(1,u_25)
1 12 38
layer 1 incoming edges: 43
choose: Gardening
split the incoming edges: 43 3 40
the value pair of raw_data is: 492
split the outgoings edges: 161 9 152 161
add node: MDDNode(1,u_28) MDDNode(1,u_29), remove node: MDDNode(1,u_27)
1 13 38
layer 1 incoming edges: 40
choose: Environment control & monitoring
split the incoming edges: 40 3 37
the value pair of raw_data is: 492
split the outgoings edges: 152 9 145 154
add node: MDDNode(1,u_30) MDDNode(1,u_31), remove node: MDDNode(1,u_29)
1 14 38
layer 1 incoming edges: 37
choose: Weather
split the incoming edges: 37 3 34
the value pair of raw_data is: 492
split the outgoings edges: 145 30 119 149
add node: MDDNode(1,u_32) MDDNode(1,u_33), remove node: MDDNode(1,u_31)
1 15 38
layer 1 incoming edges: 34
choose: Smart hubs & systems
split the incoming edges: 34 3 31
the value pair of raw_data is: 492
split the outgoings edges: 119 20 101 121
add node: MDDNode(1,u_34) MDDNode(1,u_35), remove node: MDDNode(1,u_33)
1 16 38
layer 1 incoming edges: 31
choose: Power monitoring & management
split the incoming edges: 31 3 28
the value pair of raw_data is: 492
split the outgoings edges: 101 11 92 103
add node: MDDNode(1,u_36) MDDNode(1,u_37), remove node: MDDNode(1,u_35)
1 17 38
layer 1 incoming edges: 28
choose: Email
split the incoming edges: 28 3 25
the value pair of raw_data is: 492
split the outgoings edges: 92 10 82 92
add node: MDDNode(1,u_38) MDDNode(1,u_39), remove node: MDDNode(1,u_37)
1 18 38
layer 1 incoming edges: 25
choose: Notifications
split the incoming edges: 25 3 22
the value pair of raw_data is: 492
split the outgoings edges: 82 4 78 82
add node: MDDNode(1,u_40) MDDNode(1,u_41), remove node: MDDNode(1,u_39)
1 19 38
layer 1 incoming edges: 22
choose: DIY electronics
split the incoming edges: 22 2 20
the value pair of raw_data is: 492
split the outgoings edges: 78 2 76 78
add node: MDDNode(1,u_42) MDDNode(1,u_43), remove node: MDDNode(1,u_41)
1 20 38
layer 1 incoming edges: 20
choose: Contacts
split the incoming edges: 20 2 18
the value pair of raw_data is: 492
split the outgoings edges: 76 3 73 76
add node: MDDNode(1,u_44) MDDNode(1,u_45), remove node: MDDNode(1,u_43)
1 21 38
layer 1 incoming edges: 18
choose: Connected car
split the incoming edges: 18 2 16
the value pair of raw_data is: 492
split the outgoings edges: 73 10 63 73
add node: MDDNode(1,u_46) MDDNode(1,u_47), remove node: MDDNode(1,u_45)
1 22 38
layer 1 incoming edges: 16
choose: Appliances
split the incoming edges: 16 2 14
the value pair of raw_data is: 492
split the outgoings edges: 63 2 61 63
add node: MDDNode(1,u_48) MDDNode(1,u_49), remove node: MDDNode(1,u_47)
1 23 38
layer 1 incoming edges: 14
choose: Communication
split the incoming edges: 14 2 12
the value pair of raw_data is: 492
split the outgoings edges: 61 12 49 61
add node: MDDNode(1,u_50) MDDNode(1,u_51), remove node: MDDNode(1,u_49)
1 24 38
layer 1 incoming edges: 13
only split: [MDDArc('sports_illustrated', MDDNode(0, 's'), MDDNode(1, 'u_6'))]
split the incoming edges: 13 1 12
the value pair of raw_data is: 492
split the outgoings edges: 60 2 60 62
add node: MDDNode(1,u_52) MDDNode(1,u_53), remove node: MDDNode(1,u_6)
1 25 38
layer 1 incoming edges: 12
choose: Task management & to-dos
split the incoming edges: 12 2 10
the value pair of raw_data is: 492
split the outgoings edges: 49 11 38 49
add node: MDDNode(1,u_54) MDDNode(1,u_55), remove node: MDDNode(1,u_51)
1 26 38
layer 1 incoming edges: 12
only split: [MDDArc('space', MDDNode(0, 's'), MDDNode(1, 'u_53'))]
split the incoming edges: 12 1 11
the value pair of raw_data is: 492
split the outgoings edges: 60 8 52 60
add node: MDDNode(1,u_56) MDDNode(1,u_57), remove node: MDDNode(1,u_53)
1 27 38
layer 1 incoming edges: 11
only split: [MDDArc('time', MDDNode(0, 's'), MDDNode(1, 'u_57'))]
split the incoming edges: 11 1 10
the value pair of raw_data is: 492
split the outgoings edges: 52 2 52 54
add node: MDDNode(1,u_58) MDDNode(1,u_59), remove node: MDDNode(1,u_57)
1 28 38
layer 1 incoming edges: 10
choose: Calendars & scheduling
split the incoming edges: 10 2 8
the value pair of raw_data is: 492
split the outgoings edges: 38 8 30 38
add node: MDDNode(1,u_60) MDDNode(1,u_61), remove node: MDDNode(1,u_55)
1 29 38
layer 1 incoming edges: 10
only split: [MDDArc('craigslist', MDDNode(0, 's'), MDDNode(1, 'u_59'))]
split the incoming edges: 10 1 9
the value pair of raw_data is: 492
split the outgoings edges: 52 1 51 52
add node: MDDNode(1,u_62) MDDNode(1,u_63), remove node: MDDNode(1,u_59)
1 30 38
layer 1 incoming edges: 9
only split: [MDDArc('500px', MDDNode(0, 's'), MDDNode(1, 'u_8'))]
split the incoming edges: 9 1 8
the value pair of raw_data is: 492
split the outgoings edges: 35 6 29 35
add node: MDDNode(1,u_64) MDDNode(1,u_65), remove node: MDDNode(1,u_8)
1 31 38
layer 1 incoming edges: 9
only split: [MDDArc('feed', MDDNode(0, 's'), MDDNode(1, 'u_63'))]
split the incoming edges: 9 1 8
the value pair of raw_data is: 492
split the outgoings edges: 51 2 49 51
add node: MDDNode(1,u_66) MDDNode(1,u_67), remove node: MDDNode(1,u_63)
1 32 38
layer 1 incoming edges: 8
choose: Business tools
split the incoming edges: 8 1 7
the value pair of raw_data is: 492
split the outgoings edges: 30 2 28 30
add node: MDDNode(1,u_68) MDDNode(1,u_69), remove node: MDDNode(1,u_61)
1 33 38
layer 1 incoming edges: 8
only split: [MDDArc('vimeo', MDDNode(0, 's'), MDDNode(1, 'u_65'))]
split the incoming edges: 8 1 7
the value pair of raw_data is: 492
split the outgoings edges: 29 6 25 31
add node: MDDNode(1,u_70) MDDNode(1,u_71), remove node: MDDNode(1,u_65)
1 34 38
layer 1 incoming edges: 8
only split: [MDDArc('feedly', MDDNode(0, 's'), MDDNode(1, 'u_67'))]
split the incoming edges: 8 1 7
the value pair of raw_data is: 492
split the outgoings edges: 49 4 45 49
add node: MDDNode(1,u_72) MDDNode(1,u_73), remove node: MDDNode(1,u_67)
1 35 38
layer 1 incoming edges: 7
only split: [MDDArc('yo', MDDNode(0, 's'), MDDNode(1, 'u_10'))]
split the incoming edges: 7 1 6
the value pair of raw_data is: 492
split the outgoings edges: 21 1 20 21
add node: MDDNode(1,u_74) MDDNode(1,u_75), remove node: MDDNode(1,u_10)
1 36 38
layer 1 incoming edges: 7
only split: [MDDArc('foursquare', MDDNode(0, 's'), MDDNode(1, 'u_12'))]
split the incoming edges: 7 1 6
the value pair of raw_data is: 492
split the outgoings edges: 55 7 48 55
add node: MDDNode(1,u_76) MDDNode(1,u_77), remove node: MDDNode(1,u_12)
1 37 38
layer 1 incoming edges: 7
choose: Developer tools
split the incoming edges: 7 1 6
the value pair of raw_data is: 492
split the outgoings edges: 28 5 23 28
add node: MDDNode(1,u_78) MDDNode(1,u_79), remove node: MDDNode(1,u_69)
dump to the pickle
the graph width list : [1, 38, 1, 1, 1, 1]
it 1 train 0.3411   train_h 0.1647   train_v 0.9314   dev 0.2956   dev_h 0.1761   dev_v 0.9270   new_test 0.3571   new_test_h 0.1607   new_test_v 0.9373   save acc: 0.3571 T: 2020-01-10T06:07 
it 2 train 0.4291   train_h 0.1427   train_v 0.9404   dev 0.3339   dev_h 0.1665   dev_v 0.9361   new_test 0.4209   new_test_h 0.1448   new_test_v 0.9535   save acc: 0.4209 T: 2020-01-10T06:10 
it 3 train 0.4786   train_h 0.1303   train_v 0.9444   dev 0.3409   dev_h 0.1648   dev_v 0.9325   new_test 0.4387   new_test_h 0.1403   new_test_v 0.9462   save acc: 0.4387 T: 2020-01-10T06:13 
it 4 train 0.5212   train_h 0.1197   train_v 0.9484   dev 0.3392   dev_h 0.1652   dev_v 0.9262   new_test 0.4517   new_test_h 0.1371   new_test_v 0.9434   
it 5 train 0.5498   train_h 0.1126   train_v 0.9517   dev 0.3496   dev_h 0.1626   dev_v 0.9356   new_test 0.4622   new_test_h 0.1345   new_test_v 0.9523   save acc: 0.4622 T: 2020-01-10T06:19 
it 6 train 0.5754   train_h 0.1062   train_v 0.9523   dev 0.3402   dev_h 0.1650   dev_v 0.9361   new_test 0.4650   new_test_h 0.1337   new_test_v 0.9535   
it 7 train 0.5928   train_h 0.1018   train_v 0.9556   dev 0.3423   dev_h 0.1644   dev_v 0.9361   new_test 0.4590   new_test_h 0.1353   new_test_v 0.9515   
it 8 train 0.6086   train_h 0.0979   train_v 0.9567   dev 0.3397   dev_h 0.1651   dev_v 0.9267   new_test 0.4626   new_test_h 0.1344   new_test_v 0.9503   
it 9 train 0.6204   train_h 0.0949   train_v 0.9575   dev 0.3406   dev_h 0.1648   dev_v 0.9323   new_test 0.4598   new_test_h 0.1351   new_test_v 0.9515   
it 10 train 0.6314   train_h 0.0922   train_v 0.9569   dev 0.3402   dev_h 0.1650   dev_v 0.9308   new_test 0.4674   new_test_h 0.1331   new_test_v 0.9490   
it 11 train 0.6371   train_h 0.0907   train_v 0.9590   dev 0.3368   dev_h 0.1658   dev_v 0.9342   new_test 0.4626   new_test_h 0.1344   new_test_v 0.9478   
it 12 train 0.6438   train_h 0.0890   train_v 0.9611   dev 0.3356   dev_h 0.1661   dev_v 0.9308   new_test 0.4654   new_test_h 0.1336   new_test_v 0.9462   
it 13 train 0.6492   train_h 0.0877   train_v 0.9612   dev 0.3378   dev_h 0.1656   dev_v 0.9296   new_test 0.4634   new_test_h 0.1341   new_test_v 0.9478   
it 14 train 0.6517   train_h 0.0871   train_v 0.9608   dev 0.3353   dev_h 0.1662   dev_v 0.9284   new_test 0.4622   new_test_h 0.1345   new_test_v 0.9478   
it 15 train 0.6549   train_h 0.0863   train_v 0.9616   dev 0.3375   dev_h 0.1656   dev_v 0.9315   new_test 0.4594   new_test_h 0.1352   new_test_v 0.9450   
it 16 train 0.6572   train_h 0.0857   train_v 0.9609   dev 0.3339   dev_h 0.1665   dev_v 0.9298   new_test 0.4581   new_test_h 0.1355   new_test_v 0.9507   
