args Namespace(config='configs/config_l.json', dataset='dataset/IFTTT/msr_data.pkl', load_model=None, mode='train', output='model/ifttt/width-27/', width='27')
configure: {'max_word_id': 4000, 'bidirectional': True, 'cell_type': 'gru', 'decoder': 'attention', 'embedding_size': 160, 'keep_prob': 0.45, 'memory_size': 25, 'num_units': 160, 'use_embedding': True, 'epoches': 15, 'batch_size': 32, 'init': {'name': 'random_uniform_initializer', 'scale': 0.1}, 'lr_scheduler': {'decay_steps': 5000, 'init_lr': 0.002, 'decay_rate': 0.9, 'staircase': True}, 'max_grad_norm': 1, 'optimizer': 'AdamOptimizer'}
# path 8549
model/ifttt/width-27/dataset-w-27.pkl
load raw and dump to file
numArcLayers: 5
1 1 27
layer 1 incoming edges: 111
choose: News & information
split the incoming edges: 111 13 98
the value pair of raw_data is: 492
split the outgoings edges: 443 60 386 446
add node: MDDNode(1,u_6) MDDNode(1,u_7), remove node: MDDNode(1,u_1)
1 2 27
layer 1 incoming edges: 98
choose: Photo & video
split the incoming edges: 98 9 89
the value pair of raw_data is: 492
split the outgoings edges: 386 35 351 386
add node: MDDNode(1,u_8) MDDNode(1,u_9), remove node: MDDNode(1,u_7)
1 3 27
layer 1 incoming edges: 89
choose: Social networks
split the incoming edges: 89 7 82
the value pair of raw_data is: 492
split the outgoings edges: 351 55 296 351
add node: MDDNode(1,u_10) MDDNode(1,u_11), remove node: MDDNode(1,u_9)
1 4 27
layer 1 incoming edges: 82
choose: Others
split the incoming edges: 82 7 75
the value pair of raw_data is: 492
split the outgoings edges: 296 21 280 301
add node: MDDNode(1,u_12) MDDNode(1,u_13), remove node: MDDNode(1,u_11)
1 5 27
layer 1 incoming edges: 75
choose: Shopping
split the incoming edges: 75 6 69
the value pair of raw_data is: 492
split the outgoings edges: 280 23 257 280
add node: MDDNode(1,u_14) MDDNode(1,u_15), remove node: MDDNode(1,u_13)
1 6 27
layer 1 incoming edges: 69
choose: Bookmarking
split the incoming edges: 69 6 63
the value pair of raw_data is: 492
split the outgoings edges: 257 12 245 257
add node: MDDNode(1,u_16) MDDNode(1,u_17), remove node: MDDNode(1,u_15)
1 7 27
layer 1 incoming edges: 63
choose: Security & monitoring systems
split the incoming edges: 63 5 58
the value pair of raw_data is: 492
split the outgoings edges: 245 18 228 246
add node: MDDNode(1,u_18) MDDNode(1,u_19), remove node: MDDNode(1,u_17)
1 8 27
layer 1 incoming edges: 58
choose: Health & fitness
split the incoming edges: 58 4 54
the value pair of raw_data is: 492
split the outgoings edges: 228 26 203 229
add node: MDDNode(1,u_20) MDDNode(1,u_21), remove node: MDDNode(1,u_19)
1 9 27
layer 1 incoming edges: 54
choose: Finance & payments
split the incoming edges: 54 4 50
the value pair of raw_data is: 492
split the outgoings edges: 203 17 186 203
add node: MDDNode(1,u_22) MDDNode(1,u_23), remove node: MDDNode(1,u_21)
1 10 27
layer 1 incoming edges: 50
choose: Mobile devices & accessories
split the incoming edges: 50 4 46
the value pair of raw_data is: 492
split the outgoings edges: 186 12 174 186
add node: MDDNode(1,u_24) MDDNode(1,u_25), remove node: MDDNode(1,u_23)
1 11 27
layer 1 incoming edges: 46
choose: Email
split the incoming edges: 46 3 43
the value pair of raw_data is: 492
split the outgoings edges: 174 10 164 174
add node: MDDNode(1,u_26) MDDNode(1,u_27), remove node: MDDNode(1,u_25)
1 12 27
layer 1 incoming edges: 43
choose: Gardening
split the incoming edges: 43 3 40
the value pair of raw_data is: 492
split the outgoings edges: 164 9 155 164
add node: MDDNode(1,u_28) MDDNode(1,u_29), remove node: MDDNode(1,u_27)
1 13 27
layer 1 incoming edges: 40
choose: Weather
split the incoming edges: 40 3 37
the value pair of raw_data is: 492
split the outgoings edges: 155 30 129 159
add node: MDDNode(1,u_30) MDDNode(1,u_31), remove node: MDDNode(1,u_29)
1 14 27
layer 1 incoming edges: 37
choose: Notifications
split the incoming edges: 37 3 34
the value pair of raw_data is: 492
split the outgoings edges: 129 4 125 129
add node: MDDNode(1,u_32) MDDNode(1,u_33), remove node: MDDNode(1,u_31)
1 15 27
layer 1 incoming edges: 34
choose: Blogging
split the incoming edges: 34 3 31
the value pair of raw_data is: 492
split the outgoings edges: 125 13 112 125
add node: MDDNode(1,u_34) MDDNode(1,u_35), remove node: MDDNode(1,u_33)
1 16 27
layer 1 incoming edges: 31
choose: Smart hubs & systems
split the incoming edges: 31 3 28
the value pair of raw_data is: 492
split the outgoings edges: 112 20 96 116
add node: MDDNode(1,u_36) MDDNode(1,u_37), remove node: MDDNode(1,u_35)
1 17 27
layer 1 incoming edges: 28
choose: Environment control & monitoring
split the incoming edges: 28 3 25
the value pair of raw_data is: 492
split the outgoings edges: 96 9 87 96
add node: MDDNode(1,u_38) MDDNode(1,u_39), remove node: MDDNode(1,u_37)
1 18 27
layer 1 incoming edges: 25
choose: Power monitoring & management
split the incoming edges: 25 3 22
the value pair of raw_data is: 492
split the outgoings edges: 87 11 78 89
add node: MDDNode(1,u_40) MDDNode(1,u_41), remove node: MDDNode(1,u_39)
1 19 27
layer 1 incoming edges: 22
choose: Calendars & scheduling
split the incoming edges: 22 2 20
the value pair of raw_data is: 492
split the outgoings edges: 78 8 70 78
add node: MDDNode(1,u_42) MDDNode(1,u_43), remove node: MDDNode(1,u_41)
1 20 27
layer 1 incoming edges: 20
choose: Appliances
split the incoming edges: 20 2 18
the value pair of raw_data is: 492
split the outgoings edges: 70 2 68 70
add node: MDDNode(1,u_44) MDDNode(1,u_45), remove node: MDDNode(1,u_43)
1 21 27
layer 1 incoming edges: 18
choose: DIY electronics
split the incoming edges: 18 2 16
the value pair of raw_data is: 492
split the outgoings edges: 68 2 66 68
add node: MDDNode(1,u_46) MDDNode(1,u_47), remove node: MDDNode(1,u_45)
1 22 27
layer 1 incoming edges: 16
choose: Contacts
split the incoming edges: 16 2 14
the value pair of raw_data is: 492
split the outgoings edges: 66 3 63 66
add node: MDDNode(1,u_48) MDDNode(1,u_49), remove node: MDDNode(1,u_47)
1 23 27
layer 1 incoming edges: 14
choose: Task management & to-dos
split the incoming edges: 14 2 12
the value pair of raw_data is: 492
split the outgoings edges: 63 11 52 63
add node: MDDNode(1,u_50) MDDNode(1,u_51), remove node: MDDNode(1,u_49)
1 24 27
layer 1 incoming edges: 13
only split: [MDDArc('appzapp', MDDNode(0, 's'), MDDNode(1, 'u_6'))]
split the incoming edges: 13 1 12
the value pair of raw_data is: 492
split the outgoings edges: 60 6 54 60
add node: MDDNode(1,u_52) MDDNode(1,u_53), remove node: MDDNode(1,u_6)
1 25 27
layer 1 incoming edges: 12
choose: Communication
split the incoming edges: 12 2 10
the value pair of raw_data is: 492
split the outgoings edges: 52 12 40 52
add node: MDDNode(1,u_54) MDDNode(1,u_55), remove node: MDDNode(1,u_51)
1 26 27
layer 1 incoming edges: 12
only split: [MDDArc('the_new_york_times', MDDNode(0, 's'), MDDNode(1, 'u_53'))]
split the incoming edges: 12 1 11
the value pair of raw_data is: 492
split the outgoings edges: 54 8 46 54
add node: MDDNode(1,u_56) MDDNode(1,u_57), remove node: MDDNode(1,u_53)
dump to the pickle
the graph width list : [1, 27, 1, 1, 1, 1]
it 1 train 0.3414   train_h 0.1646   train_v 0.9252   dev 0.2874   dev_h 0.1782   dev_v 0.9231   new_test 0.3562   new_test_h 0.1609   new_test_v 0.9240   save acc: 0.3562 T: 2020-01-10T09:26 
it 2 train 0.4298   train_h 0.1425   train_v 0.9371   dev 0.3293   dev_h 0.1677   dev_v 0.9298   new_test 0.4331   new_test_h 0.1417   new_test_v 0.9450   save acc: 0.4331 T: 2020-01-10T09:29 
it 3 train 0.4777   train_h 0.1306   train_v 0.9400   dev 0.3409   dev_h 0.1648   dev_v 0.9272   new_test 0.4622   new_test_h 0.1345   new_test_v 0.9434   save acc: 0.4622 T: 2020-01-10T09:32 
it 4 train 0.5199   train_h 0.1200   train_v 0.9417   dev 0.3479   dev_h 0.1630   dev_v 0.9262   new_test 0.4529   new_test_h 0.1368   new_test_v 0.9373   save acc: 0.4529 T: 2020-01-10T09:35 
it 5 train 0.5486   train_h 0.1128   train_v 0.9476   dev 0.3515   dev_h 0.1621   dev_v 0.9262   new_test 0.4650   new_test_h 0.1337   new_test_v 0.9486   save acc: 0.4650 T: 2020-01-10T09:38 
it 6 train 0.5735   train_h 0.1066   train_v 0.9503   dev 0.3363   dev_h 0.1659   dev_v 0.9296   new_test 0.4614   new_test_h 0.1347   new_test_v 0.9474   
it 7 train 0.5911   train_h 0.1022   train_v 0.9545   dev 0.3459   dev_h 0.1635   dev_v 0.9250   new_test 0.4683   new_test_h 0.1329   new_test_v 0.9470   
it 8 train 0.6077   train_h 0.0981   train_v 0.9547   dev 0.3467   dev_h 0.1633   dev_v 0.9255   new_test 0.4626   new_test_h 0.1344   new_test_v 0.9446   
it 9 train 0.6179   train_h 0.0955   train_v 0.9564   dev 0.3447   dev_h 0.1638   dev_v 0.9200   new_test 0.4642   new_test_h 0.1339   new_test_v 0.9454   
it 10 train 0.6279   train_h 0.0930   train_v 0.9559   dev 0.3481   dev_h 0.1630   dev_v 0.9226   new_test 0.4634   new_test_h 0.1341   new_test_v 0.9442   
it 11 train 0.6354   train_h 0.0911   train_v 0.9557   dev 0.3443   dev_h 0.1639   dev_v 0.9207   new_test 0.4590   new_test_h 0.1353   new_test_v 0.9426   
it 12 train 0.6410   train_h 0.0897   train_v 0.9578   dev 0.3462   dev_h 0.1635   dev_v 0.9202   new_test 0.4594   new_test_h 0.1352   new_test_v 0.9402   
it 13 train 0.6459   train_h 0.0885   train_v 0.9586   dev 0.3462   dev_h 0.1635   dev_v 0.9207   new_test 0.4598   new_test_h 0.1351   new_test_v 0.9438   
it 14 train 0.6497   train_h 0.0876   train_v 0.9588   dev 0.3469   dev_h 0.1633   dev_v 0.9238   new_test 0.4586   new_test_h 0.1354   new_test_v 0.9414   
it 15 train 0.6532   train_h 0.0867   train_v 0.9588   dev 0.3450   dev_h 0.1638   dev_v 0.9200   new_test 0.4553   new_test_h 0.1362   new_test_v 0.9430   
it 16 train 0.6551   train_h 0.0862   train_v 0.9594   dev 0.3438   dev_h 0.1641   dev_v 0.9161   new_test 0.4565   new_test_h 0.1359   new_test_v 0.9450   
