args Namespace(config='configs/config_l.json', dataset='dataset/IFTTT/msr_data.pkl', load_model=None, mode='train', output='model/ifttt/width-34/', width='34')
configure: {'max_word_id': 4000, 'bidirectional': True, 'cell_type': 'gru', 'decoder': 'attention', 'embedding_size': 160, 'keep_prob': 0.45, 'memory_size': 25, 'num_units': 160, 'use_embedding': True, 'epoches': 15, 'batch_size': 32, 'init': {'name': 'random_uniform_initializer', 'scale': 0.1}, 'lr_scheduler': {'decay_steps': 5000, 'init_lr': 0.002, 'decay_rate': 0.9, 'staircase': True}, 'max_grad_norm': 1, 'optimizer': 'AdamOptimizer'}
# path 8549
model/ifttt/width-34/dataset-w-34.pkl
load raw and dump to file
numArcLayers: 5
1 1 34
layer 1 incoming edges: 111
choose: News & information
split the incoming edges: 111 13 98
the value pair of raw_data is: 492
split the outgoings edges: 443 60 386 446
add node: MDDNode(1,u_6) MDDNode(1,u_7), remove node: MDDNode(1,u_1)
1 2 34
layer 1 incoming edges: 98
choose: Photo & video
split the incoming edges: 98 9 89
the value pair of raw_data is: 492
split the outgoings edges: 386 35 351 386
add node: MDDNode(1,u_8) MDDNode(1,u_9), remove node: MDDNode(1,u_7)
1 3 34
layer 1 incoming edges: 89
choose: Others
split the incoming edges: 89 7 82
the value pair of raw_data is: 492
split the outgoings edges: 351 21 335 356
add node: MDDNode(1,u_10) MDDNode(1,u_11), remove node: MDDNode(1,u_9)
1 4 34
layer 1 incoming edges: 82
choose: Social networks
split the incoming edges: 82 7 75
the value pair of raw_data is: 492
split the outgoings edges: 335 55 280 335
add node: MDDNode(1,u_12) MDDNode(1,u_13), remove node: MDDNode(1,u_11)
1 5 34
layer 1 incoming edges: 75
choose: Shopping
split the incoming edges: 75 6 69
the value pair of raw_data is: 492
split the outgoings edges: 280 23 257 280
add node: MDDNode(1,u_14) MDDNode(1,u_15), remove node: MDDNode(1,u_13)
1 6 34
layer 1 incoming edges: 69
choose: Bookmarking
split the incoming edges: 69 6 63
the value pair of raw_data is: 492
split the outgoings edges: 257 12 245 257
add node: MDDNode(1,u_16) MDDNode(1,u_17), remove node: MDDNode(1,u_15)
1 7 34
layer 1 incoming edges: 63
choose: Security & monitoring systems
split the incoming edges: 63 5 58
the value pair of raw_data is: 492
split the outgoings edges: 245 18 228 246
add node: MDDNode(1,u_18) MDDNode(1,u_19), remove node: MDDNode(1,u_17)
1 8 34
layer 1 incoming edges: 58
choose: Mobile devices & accessories
split the incoming edges: 58 4 54
the value pair of raw_data is: 492
split the outgoings edges: 228 12 216 228
add node: MDDNode(1,u_20) MDDNode(1,u_21), remove node: MDDNode(1,u_19)
1 9 34
layer 1 incoming edges: 54
choose: Health & fitness
split the incoming edges: 54 4 50
the value pair of raw_data is: 492
split the outgoings edges: 216 26 191 217
add node: MDDNode(1,u_22) MDDNode(1,u_23), remove node: MDDNode(1,u_21)
1 10 34
layer 1 incoming edges: 50
choose: Finance & payments
split the incoming edges: 50 4 46
the value pair of raw_data is: 492
split the outgoings edges: 191 17 174 191
add node: MDDNode(1,u_24) MDDNode(1,u_25), remove node: MDDNode(1,u_23)
1 11 34
layer 1 incoming edges: 46
choose: Email
split the incoming edges: 46 3 43
the value pair of raw_data is: 492
split the outgoings edges: 174 10 164 174
add node: MDDNode(1,u_26) MDDNode(1,u_27), remove node: MDDNode(1,u_25)
1 12 34
layer 1 incoming edges: 43
choose: Weather
split the incoming edges: 43 3 40
the value pair of raw_data is: 492
split the outgoings edges: 164 30 138 168
add node: MDDNode(1,u_28) MDDNode(1,u_29), remove node: MDDNode(1,u_27)
1 13 34
layer 1 incoming edges: 40
choose: Notifications
split the incoming edges: 40 3 37
the value pair of raw_data is: 492
split the outgoings edges: 138 4 134 138
add node: MDDNode(1,u_30) MDDNode(1,u_31), remove node: MDDNode(1,u_29)
1 14 34
layer 1 incoming edges: 37
choose: Smart hubs & systems
split the incoming edges: 37 3 34
the value pair of raw_data is: 492
split the outgoings edges: 134 20 118 138
add node: MDDNode(1,u_32) MDDNode(1,u_33), remove node: MDDNode(1,u_31)
1 15 34
layer 1 incoming edges: 34
choose: Environment control & monitoring
split the incoming edges: 34 3 31
the value pair of raw_data is: 492
split the outgoings edges: 118 9 109 118
add node: MDDNode(1,u_34) MDDNode(1,u_35), remove node: MDDNode(1,u_33)
1 16 34
layer 1 incoming edges: 31
choose: Gardening
split the incoming edges: 31 3 28
the value pair of raw_data is: 492
split the outgoings edges: 109 9 100 109
add node: MDDNode(1,u_36) MDDNode(1,u_37), remove node: MDDNode(1,u_35)
1 17 34
layer 1 incoming edges: 28
choose: Blogging
split the incoming edges: 28 3 25
the value pair of raw_data is: 492
split the outgoings edges: 100 13 87 100
add node: MDDNode(1,u_38) MDDNode(1,u_39), remove node: MDDNode(1,u_37)
1 18 34
layer 1 incoming edges: 25
choose: Power monitoring & management
split the incoming edges: 25 3 22
the value pair of raw_data is: 492
split the outgoings edges: 87 11 78 89
add node: MDDNode(1,u_40) MDDNode(1,u_41), remove node: MDDNode(1,u_39)
1 19 34
layer 1 incoming edges: 22
choose: Appliances
split the incoming edges: 22 2 20
the value pair of raw_data is: 492
split the outgoings edges: 78 2 76 78
add node: MDDNode(1,u_42) MDDNode(1,u_43), remove node: MDDNode(1,u_41)
1 20 34
layer 1 incoming edges: 20
choose: Contacts
split the incoming edges: 20 2 18
the value pair of raw_data is: 492
split the outgoings edges: 76 3 73 76
add node: MDDNode(1,u_44) MDDNode(1,u_45), remove node: MDDNode(1,u_43)
1 21 34
layer 1 incoming edges: 18
choose: DIY electronics
split the incoming edges: 18 2 16
the value pair of raw_data is: 492
split the outgoings edges: 73 2 71 73
add node: MDDNode(1,u_46) MDDNode(1,u_47), remove node: MDDNode(1,u_45)
1 22 34
layer 1 incoming edges: 16
choose: Connected car
split the incoming edges: 16 2 14
the value pair of raw_data is: 492
split the outgoings edges: 71 10 61 71
add node: MDDNode(1,u_48) MDDNode(1,u_49), remove node: MDDNode(1,u_47)
1 23 34
layer 1 incoming edges: 14
choose: Communication
split the incoming edges: 14 2 12
the value pair of raw_data is: 492
split the outgoings edges: 61 12 49 61
add node: MDDNode(1,u_50) MDDNode(1,u_51), remove node: MDDNode(1,u_49)
1 24 34
layer 1 incoming edges: 13
only split: [MDDArc('time', MDDNode(0, 's'), MDDNode(1, 'u_6'))]
split the incoming edges: 13 1 12
the value pair of raw_data is: 492
split the outgoings edges: 60 2 60 62
add node: MDDNode(1,u_52) MDDNode(1,u_53), remove node: MDDNode(1,u_6)
1 25 34
layer 1 incoming edges: 12
choose: Calendars & scheduling
split the incoming edges: 12 2 10
the value pair of raw_data is: 492
split the outgoings edges: 49 8 41 49
add node: MDDNode(1,u_54) MDDNode(1,u_55), remove node: MDDNode(1,u_51)
1 26 34
layer 1 incoming edges: 12
only split: [MDDArc('newsblur', MDDNode(0, 's'), MDDNode(1, 'u_53'))]
split the incoming edges: 12 1 11
the value pair of raw_data is: 492
split the outgoings edges: 60 4 56 60
add node: MDDNode(1,u_56) MDDNode(1,u_57), remove node: MDDNode(1,u_53)
1 27 34
layer 1 incoming edges: 11
only split: [MDDArc('digg', MDDNode(0, 's'), MDDNode(1, 'u_57'))]
split the incoming edges: 11 1 10
the value pair of raw_data is: 492
split the outgoings edges: 56 8 48 56
add node: MDDNode(1,u_58) MDDNode(1,u_59), remove node: MDDNode(1,u_57)
1 28 34
layer 1 incoming edges: 10
choose: Task management & to-dos
split the incoming edges: 10 2 8
the value pair of raw_data is: 492
split the outgoings edges: 41 11 30 41
add node: MDDNode(1,u_60) MDDNode(1,u_61), remove node: MDDNode(1,u_55)
1 29 34
layer 1 incoming edges: 10
only split: [MDDArc('instyle', MDDNode(0, 's'), MDDNode(1, 'u_59'))]
split the incoming edges: 10 1 9
the value pair of raw_data is: 492
split the outgoings edges: 48 2 48 50
add node: MDDNode(1,u_62) MDDNode(1,u_63), remove node: MDDNode(1,u_59)
1 30 34
layer 1 incoming edges: 9
only split: [MDDArc('stockimo', MDDNode(0, 's'), MDDNode(1, 'u_8'))]
split the incoming edges: 9 1 8
the value pair of raw_data is: 492
split the outgoings edges: 35 6 29 35
add node: MDDNode(1,u_64) MDDNode(1,u_65), remove node: MDDNode(1,u_8)
1 31 34
layer 1 incoming edges: 9
only split: [MDDArc('ifttt', MDDNode(0, 's'), MDDNode(1, 'u_63'))]
split the incoming edges: 9 1 8
the value pair of raw_data is: 492
split the outgoings edges: 48 11 37 48
add node: MDDNode(1,u_66) MDDNode(1,u_67), remove node: MDDNode(1,u_63)
1 32 34
layer 1 incoming edges: 8
choose: Pet trackers
split the incoming edges: 8 1 7
the value pair of raw_data is: 492
split the outgoings edges: 30 8 22 30
add node: MDDNode(1,u_68) MDDNode(1,u_69), remove node: MDDNode(1,u_61)
1 33 34
layer 1 incoming edges: 8
only split: [MDDArc('youtube', MDDNode(0, 's'), MDDNode(1, 'u_65'))]
split the incoming edges: 8 1 7
the value pair of raw_data is: 492
split the outgoings edges: 29 2 28 30
add node: MDDNode(1,u_70) MDDNode(1,u_71), remove node: MDDNode(1,u_65)
dump to the pickle
the graph width list : [1, 34, 1, 1, 1, 1]
it 1 train 0.3335   train_h 0.1666   train_v 0.9270   dev 0.2845   dev_h 0.1789   dev_v 0.9236   new_test 0.3591   new_test_h 0.1602   new_test_v 0.9361   save acc: 0.3591 T: 2020-01-10T02:50 
it 2 train 0.4243   train_h 0.1439   train_v 0.9382   dev 0.3300   dev_h 0.1675   dev_v 0.9303   new_test 0.4416   new_test_h 0.1396   new_test_v 0.9478   save acc: 0.4416 T: 2020-01-10T02:53 
it 3 train 0.4729   train_h 0.1318   train_v 0.9424   dev 0.3406   dev_h 0.1648   dev_v 0.9308   new_test 0.4428   new_test_h 0.1393   new_test_v 0.9414   save acc: 0.4428 T: 2020-01-10T02:56 
it 4 train 0.5127   train_h 0.1218   train_v 0.9428   dev 0.3500   dev_h 0.1625   dev_v 0.9253   new_test 0.4509   new_test_h 0.1373   new_test_v 0.9385   save acc: 0.4509 T: 2020-01-10T03:00 
it 5 train 0.5444   train_h 0.1139   train_v 0.9463   dev 0.3611   dev_h 0.1597   dev_v 0.9245   new_test 0.4683   new_test_h 0.1329   new_test_v 0.9490   save acc: 0.4683 T: 2020-01-10T03:03 
it 6 train 0.5699   train_h 0.1075   train_v 0.9529   dev 0.3549   dev_h 0.1613   dev_v 0.9298   new_test 0.4642   new_test_h 0.1339   new_test_v 0.9543   
it 7 train 0.5857   train_h 0.1036   train_v 0.9554   dev 0.3568   dev_h 0.1608   dev_v 0.9342   new_test 0.4650   new_test_h 0.1337   new_test_v 0.9486   
it 8 train 0.6020   train_h 0.0995   train_v 0.9556   dev 0.3505   dev_h 0.1624   dev_v 0.9270   new_test 0.4590   new_test_h 0.1353   new_test_v 0.9458   
it 9 train 0.6136   train_h 0.0966   train_v 0.9568   dev 0.3479   dev_h 0.1630   dev_v 0.9286   new_test 0.4622   new_test_h 0.1345   new_test_v 0.9450   
it 10 train 0.6233   train_h 0.0942   train_v 0.9535   dev 0.3508   dev_h 0.1623   dev_v 0.9238   new_test 0.4598   new_test_h 0.1351   new_test_v 0.9462   
it 11 train 0.6293   train_h 0.0927   train_v 0.9559   dev 0.3498   dev_h 0.1625   dev_v 0.9241   new_test 0.4598   new_test_h 0.1351   new_test_v 0.9470   
it 12 train 0.6364   train_h 0.0909   train_v 0.9568   dev 0.3491   dev_h 0.1627   dev_v 0.9301   new_test 0.4586   new_test_h 0.1354   new_test_v 0.9482   
it 13 train 0.6414   train_h 0.0897   train_v 0.9586   dev 0.3486   dev_h 0.1628   dev_v 0.9255   new_test 0.4581   new_test_h 0.1355   new_test_v 0.9486   
it 14 train 0.6439   train_h 0.0890   train_v 0.9568   dev 0.3467   dev_h 0.1633   dev_v 0.9257   new_test 0.4594   new_test_h 0.1352   new_test_v 0.9482   
it 15 train 0.6475   train_h 0.0881   train_v 0.9589   dev 0.3452   dev_h 0.1637   dev_v 0.9311   new_test 0.4586   new_test_h 0.1354   new_test_v 0.9466   
it 16 train 0.6509   train_h 0.0873   train_v 0.9601   dev 0.3431   dev_h 0.1642   dev_v 0.9332   new_test 0.4561   new_test_h 0.1360   new_test_v 0.9507   
