args Namespace(config='configs/config_l.json', dataset='dataset/IFTTT/msr_data.pkl', load_model=None, mode='train', output='model/ifttt/width-48/', width='48')
configure: {'max_word_id': 4000, 'bidirectional': True, 'cell_type': 'gru', 'decoder': 'attention', 'embedding_size': 160, 'keep_prob': 0.45, 'memory_size': 25, 'num_units': 160, 'use_embedding': True, 'epoches': 15, 'batch_size': 32, 'init': {'name': 'random_uniform_initializer', 'scale': 0.1}, 'lr_scheduler': {'decay_steps': 5000, 'init_lr': 0.002, 'decay_rate': 0.9, 'staircase': True}, 'max_grad_norm': 1, 'optimizer': 'AdamOptimizer'}
# path 8549
model/ifttt/width-48/dataset-w-48.pkl
load raw and dump to file
numArcLayers: 5
1 1 48
layer 1 incoming edges: 111
choose: News & information
split the incoming edges: 111 13 98
the value pair of raw_data is: 492
split the outgoings edges: 443 60 386 446
add node: MDDNode(1,u_6) MDDNode(1,u_7), remove node: MDDNode(1,u_1)
1 2 48
layer 1 incoming edges: 98
choose: Photo & video
split the incoming edges: 98 9 89
the value pair of raw_data is: 492
split the outgoings edges: 386 35 351 386
add node: MDDNode(1,u_8) MDDNode(1,u_9), remove node: MDDNode(1,u_7)
1 3 48
layer 1 incoming edges: 89
choose: Others
split the incoming edges: 89 7 82
the value pair of raw_data is: 492
split the outgoings edges: 351 21 335 356
add node: MDDNode(1,u_10) MDDNode(1,u_11), remove node: MDDNode(1,u_9)
1 4 48
layer 1 incoming edges: 82
choose: Social networks
split the incoming edges: 82 7 75
the value pair of raw_data is: 492
split the outgoings edges: 335 55 280 335
add node: MDDNode(1,u_12) MDDNode(1,u_13), remove node: MDDNode(1,u_11)
1 5 48
layer 1 incoming edges: 75
choose: Bookmarking
split the incoming edges: 75 6 69
the value pair of raw_data is: 492
split the outgoings edges: 280 12 268 280
add node: MDDNode(1,u_14) MDDNode(1,u_15), remove node: MDDNode(1,u_13)
1 6 48
layer 1 incoming edges: 69
choose: Shopping
split the incoming edges: 69 6 63
the value pair of raw_data is: 492
split the outgoings edges: 268 23 245 268
add node: MDDNode(1,u_16) MDDNode(1,u_17), remove node: MDDNode(1,u_15)
1 7 48
layer 1 incoming edges: 63
choose: Security & monitoring systems
split the incoming edges: 63 5 58
the value pair of raw_data is: 492
split the outgoings edges: 245 18 228 246
add node: MDDNode(1,u_18) MDDNode(1,u_19), remove node: MDDNode(1,u_17)
1 8 48
layer 1 incoming edges: 58
choose: Health & fitness
split the incoming edges: 58 4 54
the value pair of raw_data is: 492
split the outgoings edges: 228 26 203 229
add node: MDDNode(1,u_20) MDDNode(1,u_21), remove node: MDDNode(1,u_19)
1 9 48
layer 1 incoming edges: 54
choose: Mobile devices & accessories
split the incoming edges: 54 4 50
the value pair of raw_data is: 492
split the outgoings edges: 203 12 191 203
add node: MDDNode(1,u_22) MDDNode(1,u_23), remove node: MDDNode(1,u_21)
1 10 48
layer 1 incoming edges: 50
choose: Finance & payments
split the incoming edges: 50 4 46
the value pair of raw_data is: 492
split the outgoings edges: 191 17 174 191
add node: MDDNode(1,u_24) MDDNode(1,u_25), remove node: MDDNode(1,u_23)
1 11 48
layer 1 incoming edges: 46
choose: Power monitoring & management
split the incoming edges: 46 3 43
the value pair of raw_data is: 492
split the outgoings edges: 174 11 165 176
add node: MDDNode(1,u_26) MDDNode(1,u_27), remove node: MDDNode(1,u_25)
1 12 48
layer 1 incoming edges: 43
choose: Smart hubs & systems
split the incoming edges: 43 3 40
the value pair of raw_data is: 492
split the outgoings edges: 165 20 151 171
add node: MDDNode(1,u_28) MDDNode(1,u_29), remove node: MDDNode(1,u_27)
1 13 48
layer 1 incoming edges: 40
choose: Weather
split the incoming edges: 40 3 37
the value pair of raw_data is: 492
split the outgoings edges: 151 30 123 153
add node: MDDNode(1,u_30) MDDNode(1,u_31), remove node: MDDNode(1,u_29)
1 14 48
layer 1 incoming edges: 37
choose: Environment control & monitoring
split the incoming edges: 37 3 34
the value pair of raw_data is: 492
split the outgoings edges: 123 9 114 123
add node: MDDNode(1,u_32) MDDNode(1,u_33), remove node: MDDNode(1,u_31)
1 15 48
layer 1 incoming edges: 34
choose: Notifications
split the incoming edges: 34 3 31
the value pair of raw_data is: 492
split the outgoings edges: 114 4 110 114
add node: MDDNode(1,u_34) MDDNode(1,u_35), remove node: MDDNode(1,u_33)
1 16 48
layer 1 incoming edges: 31
choose: Email
split the incoming edges: 31 3 28
the value pair of raw_data is: 492
split the outgoings edges: 110 10 100 110
add node: MDDNode(1,u_36) MDDNode(1,u_37), remove node: MDDNode(1,u_35)
1 17 48
layer 1 incoming edges: 28
choose: Blogging
split the incoming edges: 28 3 25
the value pair of raw_data is: 492
split the outgoings edges: 100 13 87 100
add node: MDDNode(1,u_38) MDDNode(1,u_39), remove node: MDDNode(1,u_37)
1 18 48
layer 1 incoming edges: 25
choose: Gardening
split the incoming edges: 25 3 22
the value pair of raw_data is: 492
split the outgoings edges: 87 9 78 87
add node: MDDNode(1,u_40) MDDNode(1,u_41), remove node: MDDNode(1,u_39)
1 19 48
layer 1 incoming edges: 22
choose: Calendars & scheduling
split the incoming edges: 22 2 20
the value pair of raw_data is: 492
split the outgoings edges: 78 8 70 78
add node: MDDNode(1,u_42) MDDNode(1,u_43), remove node: MDDNode(1,u_41)
1 20 48
layer 1 incoming edges: 20
choose: Communication
split the incoming edges: 20 2 18
the value pair of raw_data is: 492
split the outgoings edges: 70 12 58 70
add node: MDDNode(1,u_44) MDDNode(1,u_45), remove node: MDDNode(1,u_43)
1 21 48
layer 1 incoming edges: 18
choose: Appliances
split the incoming edges: 18 2 16
the value pair of raw_data is: 492
split the outgoings edges: 58 2 56 58
add node: MDDNode(1,u_46) MDDNode(1,u_47), remove node: MDDNode(1,u_45)
1 22 48
layer 1 incoming edges: 16
choose: Connected car
split the incoming edges: 16 2 14
the value pair of raw_data is: 492
split the outgoings edges: 56 10 46 56
add node: MDDNode(1,u_48) MDDNode(1,u_49), remove node: MDDNode(1,u_47)
1 23 48
layer 1 incoming edges: 14
choose: DIY electronics
split the incoming edges: 14 2 12
the value pair of raw_data is: 492
split the outgoings edges: 46 2 44 46
add node: MDDNode(1,u_50) MDDNode(1,u_51), remove node: MDDNode(1,u_49)
1 24 48
layer 1 incoming edges: 13
only split: [MDDArc('time', MDDNode(0, 's'), MDDNode(1, 'u_6'))]
split the incoming edges: 13 1 12
the value pair of raw_data is: 492
split the outgoings edges: 60 2 60 62
add node: MDDNode(1,u_52) MDDNode(1,u_53), remove node: MDDNode(1,u_6)
1 25 48
layer 1 incoming edges: 12
choose: Task management & to-dos
split the incoming edges: 12 2 10
the value pair of raw_data is: 492
split the outgoings edges: 44 11 33 44
add node: MDDNode(1,u_54) MDDNode(1,u_55), remove node: MDDNode(1,u_51)
1 26 48
layer 1 incoming edges: 12
only split: [MDDArc('digg', MDDNode(0, 's'), MDDNode(1, 'u_53'))]
split the incoming edges: 12 1 11
the value pair of raw_data is: 492
split the outgoings edges: 60 8 52 60
add node: MDDNode(1,u_56) MDDNode(1,u_57), remove node: MDDNode(1,u_53)
1 27 48
layer 1 incoming edges: 11
only split: [MDDArc('space', MDDNode(0, 's'), MDDNode(1, 'u_57'))]
split the incoming edges: 11 1 10
the value pair of raw_data is: 492
split the outgoings edges: 52 8 44 52
add node: MDDNode(1,u_58) MDDNode(1,u_59), remove node: MDDNode(1,u_57)
1 28 48
layer 1 incoming edges: 10
choose: Contacts
split the incoming edges: 10 2 8
the value pair of raw_data is: 492
split the outgoings edges: 33 3 30 33
add node: MDDNode(1,u_60) MDDNode(1,u_61), remove node: MDDNode(1,u_55)
1 29 48
layer 1 incoming edges: 10
only split: [MDDArc('feed', MDDNode(0, 's'), MDDNode(1, 'u_59'))]
split the incoming edges: 10 1 9
the value pair of raw_data is: 492
split the outgoings edges: 44 2 42 44
add node: MDDNode(1,u_62) MDDNode(1,u_63), remove node: MDDNode(1,u_59)
1 30 48
layer 1 incoming edges: 9
only split: [MDDArc('stockimo', MDDNode(0, 's'), MDDNode(1, 'u_8'))]
split the incoming edges: 9 1 8
the value pair of raw_data is: 492
split the outgoings edges: 35 6 29 35
add node: MDDNode(1,u_64) MDDNode(1,u_65), remove node: MDDNode(1,u_8)
1 31 48
layer 1 incoming edges: 9
only split: [MDDArc('espn', MDDNode(0, 's'), MDDNode(1, 'u_63'))]
split the incoming edges: 9 1 8
the value pair of raw_data is: 492
split the outgoings edges: 42 6 36 42
add node: MDDNode(1,u_66) MDDNode(1,u_67), remove node: MDDNode(1,u_63)
1 32 48
layer 1 incoming edges: 8
choose: Journaling & personal data
split the incoming edges: 8 1 7
the value pair of raw_data is: 492
split the outgoings edges: 30 3 27 30
add node: MDDNode(1,u_68) MDDNode(1,u_69), remove node: MDDNode(1,u_61)
1 33 48
layer 1 incoming edges: 8
only split: [MDDArc('flickr', MDDNode(0, 's'), MDDNode(1, 'u_65'))]
split the incoming edges: 8 1 7
the value pair of raw_data is: 492
split the outgoings edges: 29 5 24 29
add node: MDDNode(1,u_70) MDDNode(1,u_71), remove node: MDDNode(1,u_65)
1 34 48
layer 1 incoming edges: 8
only split: [MDDArc('newsblur', MDDNode(0, 's'), MDDNode(1, 'u_67'))]
split the incoming edges: 8 1 7
the value pair of raw_data is: 492
split the outgoings edges: 36 4 32 36
add node: MDDNode(1,u_72) MDDNode(1,u_73), remove node: MDDNode(1,u_67)
1 35 48
layer 1 incoming edges: 7
only split: [MDDArc('ubi', MDDNode(0, 's'), MDDNode(1, 'u_10'))]
split the incoming edges: 7 1 6
the value pair of raw_data is: 492
split the outgoings edges: 21 1 20 21
add node: MDDNode(1,u_74) MDDNode(1,u_75), remove node: MDDNode(1,u_10)
1 36 48
layer 1 incoming edges: 7
only split: [MDDArc('instagram', MDDNode(0, 's'), MDDNode(1, 'u_12'))]
split the incoming edges: 7 1 6
the value pair of raw_data is: 492
split the outgoings edges: 55 12 43 55
add node: MDDNode(1,u_76) MDDNode(1,u_77), remove node: MDDNode(1,u_12)
1 37 48
layer 1 incoming edges: 7
choose: Cloud storage
split the incoming edges: 7 1 6
the value pair of raw_data is: 492
split the outgoings edges: 27 2 25 27
add node: MDDNode(1,u_78) MDDNode(1,u_79), remove node: MDDNode(1,u_69)
1 38 48
layer 1 incoming edges: 7
only split: [MDDArc('dailymotion', MDDNode(0, 's'), MDDNode(1, 'u_71'))]
split the incoming edges: 7 1 6
the value pair of raw_data is: 492
split the outgoings edges: 24 3 22 25
add node: MDDNode(1,u_80) MDDNode(1,u_81), remove node: MDDNode(1,u_71)
1 39 48
layer 1 incoming edges: 7
only split: [MDDArc('the_new_york_times', MDDNode(0, 's'), MDDNode(1, 'u_73'))]
split the incoming edges: 7 1 6
the value pair of raw_data is: 492
split the outgoings edges: 32 8 24 32
add node: MDDNode(1,u_82) MDDNode(1,u_83), remove node: MDDNode(1,u_73)
1 40 48
layer 1 incoming edges: 6
only split: [MDDArc('bitly', MDDNode(0, 's'), MDDNode(1, 'u_14'))]
split the incoming edges: 6 1 5
the value pair of raw_data is: 492
split the outgoings edges: 12 1 11 12
add node: MDDNode(1,u_84) MDDNode(1,u_85), remove node: MDDNode(1,u_14)
1 41 48
layer 1 incoming edges: 6
only split: [MDDArc('trackif', MDDNode(0, 's'), MDDNode(1, 'u_16'))]
split the incoming edges: 6 1 5
the value pair of raw_data is: 492
split the outgoings edges: 23 6 17 23
add node: MDDNode(1,u_86) MDDNode(1,u_87), remove node: MDDNode(1,u_16)
1 42 48
layer 1 incoming edges: 6
only split: [MDDArc('launch_center', MDDNode(0, 's'), MDDNode(1, 'u_75'))]
split the incoming edges: 6 1 5
the value pair of raw_data is: 492
split the outgoings edges: 20 1 19 20
add node: MDDNode(1,u_88) MDDNode(1,u_89), remove node: MDDNode(1,u_75)
1 43 48
layer 1 incoming edges: 6
only split: [MDDArc('foursquare', MDDNode(0, 's'), MDDNode(1, 'u_77'))]
split the incoming edges: 6 1 5
the value pair of raw_data is: 492
split the outgoings edges: 43 7 36 43
add node: MDDNode(1,u_90) MDDNode(1,u_91), remove node: MDDNode(1,u_77)
1 44 48
layer 1 incoming edges: 6
choose: Developer tools
split the incoming edges: 6 1 5
the value pair of raw_data is: 492
split the outgoings edges: 25 5 20 25
add node: MDDNode(1,u_92) MDDNode(1,u_93), remove node: MDDNode(1,u_79)
1 45 48
layer 1 incoming edges: 6
only split: [MDDArc('500px', MDDNode(0, 's'), MDDNode(1, 'u_81'))]
split the incoming edges: 6 1 5
the value pair of raw_data is: 492
split the outgoings edges: 22 6 16 22
add node: MDDNode(1,u_94) MDDNode(1,u_95), remove node: MDDNode(1,u_81)
1 46 48
layer 1 incoming edges: 6
only split: [MDDArc('craigslist', MDDNode(0, 's'), MDDNode(1, 'u_83'))]
split the incoming edges: 6 1 5
the value pair of raw_data is: 492
split the outgoings edges: 24 1 23 24
add node: MDDNode(1,u_96) MDDNode(1,u_97), remove node: MDDNode(1,u_83)
1 47 48
layer 1 incoming edges: 5
only split: [MDDArc('homeboy', MDDNode(0, 's'), MDDNode(1, 'u_18'))]
split the incoming edges: 5 1 4
the value pair of raw_data is: 492
split the outgoings edges: 18 7 11 18
add node: MDDNode(1,u_98) MDDNode(1,u_99), remove node: MDDNode(1,u_18)
dump to the pickle
the graph width list : [1, 48, 1, 1, 1, 1]
it 1 train 0.3405   train_h 0.1649   train_v 0.9348   dev 0.2960   dev_h 0.1760   dev_v 0.9260   new_test 0.3631   new_test_h 0.1592   new_test_v 0.9442   save acc: 0.3631 T: 2020-01-10T02:52 
it 2 train 0.4289   train_h 0.1428   train_v 0.9439   dev 0.3356   dev_h 0.1661   dev_v 0.9368   new_test 0.4456   new_test_h 0.1386   new_test_v 0.9600   save acc: 0.4456 T: 2020-01-10T02:55 
it 3 train 0.4788   train_h 0.1303   train_v 0.9476   dev 0.3421   dev_h 0.1645   dev_v 0.9392   new_test 0.4533   new_test_h 0.1367   new_test_v 0.9519   save acc: 0.4533 T: 2020-01-10T02:58 
it 4 train 0.5188   train_h 0.1203   train_v 0.9519   dev 0.3447   dev_h 0.1638   dev_v 0.9335   new_test 0.4525   new_test_h 0.1369   new_test_v 0.9478   save acc: 0.4525 T: 2020-01-10T03:01 
it 5 train 0.5487   train_h 0.1128   train_v 0.9558   dev 0.3505   dev_h 0.1624   dev_v 0.9354   new_test 0.4719   new_test_h 0.1320   new_test_v 0.9551   save acc: 0.4719 T: 2020-01-10T03:04 
it 6 train 0.5739   train_h 0.1065   train_v 0.9564   dev 0.3397   dev_h 0.1651   dev_v 0.9337   new_test 0.4670   new_test_h 0.1332   new_test_v 0.9588   
it 7 train 0.5906   train_h 0.1023   train_v 0.9594   dev 0.3455   dev_h 0.1636   dev_v 0.9294   new_test 0.4618   new_test_h 0.1346   new_test_v 0.9495   
it 8 train 0.6076   train_h 0.0981   train_v 0.9593   dev 0.3387   dev_h 0.1653   dev_v 0.9200   new_test 0.4626   new_test_h 0.1344   new_test_v 0.9523   
it 9 train 0.6187   train_h 0.0953   train_v 0.9596   dev 0.3382   dev_h 0.1654   dev_v 0.9238   new_test 0.4666   new_test_h 0.1333   new_test_v 0.9539   
it 10 train 0.6287   train_h 0.0928   train_v 0.9606   dev 0.3375   dev_h 0.1656   dev_v 0.9241   new_test 0.4650   new_test_h 0.1337   new_test_v 0.9499   
it 11 train 0.6342   train_h 0.0914   train_v 0.9610   dev 0.3341   dev_h 0.1665   dev_v 0.9270   new_test 0.4610   new_test_h 0.1348   new_test_v 0.9495   
it 12 train 0.6414   train_h 0.0896   train_v 0.9638   dev 0.3392   dev_h 0.1652   dev_v 0.9277   new_test 0.4626   new_test_h 0.1344   new_test_v 0.9490   
it 13 train 0.6459   train_h 0.0885   train_v 0.9630   dev 0.3404   dev_h 0.1649   dev_v 0.9231   new_test 0.4622   new_test_h 0.1345   new_test_v 0.9531   
it 14 train 0.6483   train_h 0.0879   train_v 0.9616   dev 0.3409   dev_h 0.1648   dev_v 0.9265   new_test 0.4622   new_test_h 0.1345   new_test_v 0.9503   
it 15 train 0.6524   train_h 0.0869   train_v 0.9624   dev 0.3392   dev_h 0.1652   dev_v 0.9229   new_test 0.4626   new_test_h 0.1344   new_test_v 0.9527   
it 16 train 0.6542   train_h 0.0864   train_v 0.9635   dev 0.3409   dev_h 0.1648   dev_v 0.9257   new_test 0.4610   new_test_h 0.1348   new_test_v 0.9531   
