args Namespace(config='configs/config_l.json', dataset='dataset/IFTTT/msr_data.pkl', load_model=None, mode='train', output='model/ifttt/width-17/', width='17')
configure: {'max_word_id': 3782, 'bidirectional': True, 'cell_type': 'lstm', 'decoder': 'attention', 'embedding_size': 100, 'keep_prob': 0.75, 'memory_size': 100, 'num_units': 100, 'use_embedding': True, 'epoches': 12, 'batch_size': 20, 'init': {'name': 'random_uniform_initializer', 'scale': 0.1}, 'lr_scheduler': {'decay_steps': 5000, 'init_lr': 0.02, 'decay_rate': 0.9, 'staircase': True}, 'max_grad_norm': 1, 'optimizer': 'AdamOptimizer'}
# path 8549
model/ifttt/width-17/dataset-w-17.pkl
load raw and dump to file
numArcLayers: 5
layer:1, node:MDDNode(1,u_1), in=111, out=443
choose: News & information
split in: 111 -> (98,13)
split out: 443 -> (386,60,446)
add: MDDNode(1,u-6) MDDNode(1,u-7), del:MDDNode(1,u_1)
2 (13,60) (98,386) 
layer:1, node:MDDNode(1,u-7), in=98, out=386
choose: Photo & video
split in: 98 -> (89,9)
split out: 386 -> (351,35,386)
add: MDDNode(1,u-8) MDDNode(1,u-9), del:MDDNode(1,u-7)
3 (13,60) (9,35) (89,351) 
layer:1, node:MDDNode(1,u-9), in=89, out=351
choose: Social networks
split in: 89 -> (82,7)
split out: 351 -> (296,55,351)
add: MDDNode(1,u-10) MDDNode(1,u-11), del:MDDNode(1,u-9)
4 (13,60) (9,35) (7,55) (82,296) 
layer:1, node:MDDNode(1,u-11), in=82, out=296
choose: Others
split in: 82 -> (75,7)
split out: 296 -> (280,21,301)
add: MDDNode(1,u-12) MDDNode(1,u-13), del:MDDNode(1,u-11)
5 (13,60) (9,35) (7,55) (7,21) (75,280) 
layer:1, node:MDDNode(1,u-13), in=75, out=280
choose: Shopping
split in: 75 -> (69,6)
split out: 280 -> (257,23,280)
add: MDDNode(1,u-14) MDDNode(1,u-15), del:MDDNode(1,u-13)
6 (13,60) (9,35) (7,55) (7,21) (6,23) (69,257) 
layer:1, node:MDDNode(1,u-15), in=69, out=257
choose: Bookmarking
split in: 69 -> (63,6)
split out: 257 -> (245,12,257)
add: MDDNode(1,u-16) MDDNode(1,u-17), del:MDDNode(1,u-15)
7 (13,60) (9,35) (7,55) (7,21) (6,23) (6,12) (63,245) 
layer:1, node:MDDNode(1,u-17), in=63, out=245
choose: Security & monitoring systems
split in: 63 -> (58,5)
split out: 245 -> (228,18,246)
add: MDDNode(1,u-18) MDDNode(1,u-19), del:MDDNode(1,u-17)
8 (13,60) (9,35) (7,55) (7,21) (6,23) (6,12) (5,18) (58,228) 
layer:1, node:MDDNode(1,u-19), in=58, out=228
choose: Mobile devices & accessories
split in: 58 -> (54,4)
split out: 228 -> (216,12,228)
add: MDDNode(1,u-20) MDDNode(1,u-21), del:MDDNode(1,u-19)
9 (13,60) (9,35) (7,55) (7,21) (6,23) (6,12) (5,18) (4,12) (54,216) 
layer:1, node:MDDNode(1,u-21), in=54, out=216
choose: Health & fitness
split in: 54 -> (50,4)
split out: 216 -> (191,26,217)
add: MDDNode(1,u-22) MDDNode(1,u-23), del:MDDNode(1,u-21)
10 (13,60) (9,35) (7,55) (7,21) (6,23) (6,12) (5,18) (4,12) (4,26) (50,191) 
layer:1, node:MDDNode(1,u-23), in=50, out=191
choose: Finance & payments
split in: 50 -> (46,4)
split out: 191 -> (174,17,191)
add: MDDNode(1,u-24) MDDNode(1,u-25), del:MDDNode(1,u-23)
11 (13,60) (9,35) (7,55) (7,21) (6,23) (6,12) (5,18) (4,12) (4,26) (4,17) (46,174) 
layer:1, node:MDDNode(1,u-25), in=46, out=174
choose: Environment control & monitoring
split in: 46 -> (43,3)
split out: 174 -> (167,9,176)
add: MDDNode(1,u-26) MDDNode(1,u-27), del:MDDNode(1,u-25)
12 (13,60) (9,35) (7,55) (7,21) (6,23) (6,12) (5,18) (4,12) (4,26) (4,17) (3,9) (43,167) 
layer:1, node:MDDNode(1,u-27), in=43, out=167
choose: Blogging
split in: 43 -> (40,3)
split out: 167 -> (154,13,167)
add: MDDNode(1,u-28) MDDNode(1,u-29), del:MDDNode(1,u-27)
13 (13,60) (9,35) (7,55) (7,21) (6,23) (6,12) (5,18) (4,12) (4,26) (4,17) (3,9) (3,13) (40,154) 
layer:1, node:MDDNode(1,u-29), in=40, out=154
choose: Power monitoring & management
split in: 40 -> (37,3)
split out: 154 -> (145,11,156)
add: MDDNode(1,u-30) MDDNode(1,u-31), del:MDDNode(1,u-29)
14 (13,60) (9,35) (7,55) (7,21) (6,23) (6,12) (5,18) (4,12) (4,26) (4,17) (3,9) (3,13) (3,11) (37,145) 
layer:1, node:MDDNode(1,u-31), in=37, out=145
choose: Smart hubs & systems
split in: 37 -> (34,3)
split out: 145 -> (131,20,151)
add: MDDNode(1,u-32) MDDNode(1,u-33), del:MDDNode(1,u-31)
15 (13,60) (9,35) (7,55) (7,21) (6,23) (6,12) (5,18) (4,12) (4,26) (4,17) (3,9) (3,13) (3,11) (3,20) (34,131) 
layer:1, node:MDDNode(1,u-33), in=34, out=131
choose: Gardening
split in: 34 -> (31,3)
split out: 131 -> (122,9,131)
add: MDDNode(1,u-34) MDDNode(1,u-35), del:MDDNode(1,u-33)
16 (13,60) (9,35) (7,55) (7,21) (6,23) (6,12) (5,18) (4,12) (4,26) (4,17) (3,9) (3,13) (3,11) (3,20) (3,9) (31,122) 
layer:1, node:MDDNode(1,u-35), in=31, out=122
choose: Email
split in: 31 -> (28,3)
split out: 122 -> (112,10,122)
add: MDDNode(1,u-36) MDDNode(1,u-37), del:MDDNode(1,u-35)
17 (13,60) (9,35) (7,55) (7,21) (6,23) (6,12) (5,18) (4,12) (4,26) (4,17) (3,9) (3,13) (3,11) (3,20) (3,9) (3,10) (28,112) 
layer:3, node:MDDNode(3,u_3), in=88, out=161
choose: Notifications
split in: 88 -> (81,7)
split out: 161 -> (154,9,163)
add: MDDNode(3,u-38) MDDNode(3,u-39), del:MDDNode(3,u_3)
2 (7,9) (81,154) 
layer:3, node:MDDNode(3,u-39), in=81, out=154
choose: Social networks
split in: 81 -> (75,6)
split out: 154 -> (141,14,155)
add: MDDNode(3,u-40) MDDNode(3,u-41), del:MDDNode(3,u-39)
3 (7,9) (6,14) (75,141) 
layer:3, node:MDDNode(3,u-41), in=75, out=141
choose: Bookmarking
split in: 75 -> (69,6)
split out: 141 -> (135,7,142)
add: MDDNode(3,u-42) MDDNode(3,u-43), del:MDDNode(3,u-41)
4 (7,9) (6,14) (6,7) (69,135) 
layer:3, node:MDDNode(3,u-43), in=69, out=135
choose: Others
split in: 69 -> (63,6)
split out: 135 -> (125,12,137)
add: MDDNode(3,u-44) MDDNode(3,u-45), del:MDDNode(3,u-43)
5 (7,9) (6,14) (6,7) (6,12) (63,125) 
layer:3, node:MDDNode(3,u-45), in=63, out=125
choose: Security & monitoring systems
split in: 63 -> (59,4)
split out: 125 -> (108,17,125)
add: MDDNode(3,u-46) MDDNode(3,u-47), del:MDDNode(3,u-45)
6 (7,9) (6,14) (6,7) (6,12) (4,17) (59,108) 
layer:3, node:MDDNode(3,u-47), in=59, out=108
choose: Cloud storage
split in: 59 -> (55,4)
split out: 108 -> (101,7,108)
add: MDDNode(3,u-48) MDDNode(3,u-49), del:MDDNode(3,u-47)
7 (7,9) (6,14) (6,7) (6,12) (4,17) (4,7) (55,101) 
layer:3, node:MDDNode(3,u-49), in=55, out=101
choose: Photo & video
split in: 55 -> (51,4)
split out: 101 -> (97,4,101)
add: MDDNode(3,u-50) MDDNode(3,u-51), del:MDDNode(3,u-49)
8 (7,9) (6,14) (6,7) (6,12) (4,17) (4,7) (4,4) (51,97) 
layer:3, node:MDDNode(3,u-51), in=51, out=97
choose: Power monitoring & management
split in: 51 -> (47,4)
split out: 97 -> (93,9,102)
add: MDDNode(3,u-52) MDDNode(3,u-53), del:MDDNode(3,u-51)
9 (7,9) (6,14) (6,7) (6,12) (4,17) (4,7) (4,4) (4,9) (47,93) 
layer:3, node:MDDNode(3,u-53), in=47, out=93
choose: Email
split in: 47 -> (43,4)
split out: 93 -> (88,5,93)
add: MDDNode(3,u-54) MDDNode(3,u-55), del:MDDNode(3,u-53)
10 (7,9) (6,14) (6,7) (6,12) (4,17) (4,7) (4,4) (4,9) (4,5) (43,88) 
layer:3, node:MDDNode(3,u-55), in=43, out=88
choose: Mobile devices & accessories
split in: 43 -> (39,4)
split out: 88 -> (83,7,90)
add: MDDNode(3,u-56) MDDNode(3,u-57), del:MDDNode(3,u-55)
11 (7,9) (6,14) (6,7) (6,12) (4,17) (4,7) (4,4) (4,9) (4,5) (4,7) (39,83) 
layer:3, node:MDDNode(3,u-57), in=39, out=83
choose: Environment control & monitoring
split in: 39 -> (35,4)
split out: 83 -> (73,10,83)
add: MDDNode(3,u-58) MDDNode(3,u-59), del:MDDNode(3,u-57)
12 (7,9) (6,14) (6,7) (6,12) (4,17) (4,7) (4,4) (4,9) (4,5) (4,7) (4,10) (35,73) 
layer:3, node:MDDNode(3,u-59), in=35, out=73
choose: Communication
split in: 35 -> (31,4)
split out: 73 -> (69,4,73)
add: MDDNode(3,u-60) MDDNode(3,u-61), del:MDDNode(3,u-59)
13 (7,9) (6,14) (6,7) (6,12) (4,17) (4,7) (4,4) (4,9) (4,5) (4,7) (4,10) (4,4) (31,69) 
layer:3, node:MDDNode(3,u-61), in=31, out=69
choose: Blogging
split in: 31 -> (28,3)
split out: 69 -> (62,7,69)
add: MDDNode(3,u-62) MDDNode(3,u-63), del:MDDNode(3,u-61)
14 (7,9) (6,14) (6,7) (6,12) (4,17) (4,7) (4,4) (4,9) (4,5) (4,7) (4,10) (4,4) (3,7) (28,62) 
layer:3, node:MDDNode(3,u-63), in=28, out=62
choose: Smart hubs & systems
split in: 28 -> (25,3)
split out: 62 -> (53,9,62)
add: MDDNode(3,u-64) MDDNode(3,u-65), del:MDDNode(3,u-63)
15 (7,9) (6,14) (6,7) (6,12) (4,17) (4,7) (4,4) (4,9) (4,5) (4,7) (4,10) (4,4) (3,7) (3,9) (25,53) 
layer:3, node:MDDNode(3,u-65), in=25, out=53
choose: Health & fitness
split in: 25 -> (22,3)
split out: 53 -> (51,3,54)
add: MDDNode(3,u-66) MDDNode(3,u-67), del:MDDNode(3,u-65)
16 (7,9) (6,14) (6,7) (6,12) (4,17) (4,7) (4,4) (4,9) (4,5) (4,7) (4,10) (4,4) (3,7) (3,9) (3,3) (22,51) 
layer:3, node:MDDNode(3,u-67), in=22, out=51
choose: Developer tools
split in: 22 -> (20,2)
split out: 51 -> (49,3,52)
add: MDDNode(3,u-68) MDDNode(3,u-69), del:MDDNode(3,u-67)
17 (7,9) (6,14) (6,7) (6,12) (4,17) (4,7) (4,4) (4,9) (4,5) (4,7) (4,10) (4,4) (3,7) (3,9) (3,3) (2,3) (20,49) 
=profile=
(0, 111) 
(13, 60) (9, 35) (7, 55) (7, 21) (6, 23) (6, 12) (5, 18) (4, 12) (4, 26) (4, 17) (3, 9) (3, 13) (3, 11) (3, 20) (3, 9) (3, 10) (28, 112) 
(463, 88) 
(7, 9) (6, 14) (6, 7) (6, 12) (4, 17) (4, 7) (4, 4) (4, 9) (4, 5) (4, 7) (4, 10) (4, 4) (3, 7) (3, 9) (3, 3) (2, 3) (20, 49) 
(176, 1) 
(1, 0) 
dump to the pickle
the graph width list : [1, 17, 1, 17, 1, 1]
it 1 dev 27.00   dev_h 44.19   dev_v 93.71   new_test 37.44   new_test_h 32.88   new_test_v 95.23   save: 37.44 T: 2020-01-13T04:37 
it 2 dev 30.98   dev_h 41.42   dev_v 94.96   new_test 40.76   new_test_h 30.88   new_test_v 96.44   save: 40.76 T: 2020-01-13T04:38 
it 3 dev 31.20   dev_h 41.49   dev_v 94.67   new_test 40.64   new_test_h 31.21   new_test_v 95.31   save: 40.64 T: 2020-01-13T04:39 
it 4 dev 30.79   dev_h 41.47   dev_v 94.09   new_test 40.60   new_test_h 30.79   new_test_v 95.51   
it 5 dev 31.41   dev_h 41.15   dev_v 94.77   new_test 41.33   new_test_h 30.40   new_test_v 95.71   save: 41.33 T: 2020-01-13T04:42 
it 6 dev 30.38   dev_h 41.71   dev_v 94.94   new_test 41.61   new_test_h 30.41   new_test_v 95.75   
it 7 dev 30.86   dev_h 41.19   dev_v 95.01   new_test 42.18   new_test_h 30.01   new_test_v 95.75   
it 8 dev 30.76   dev_h 41.60   dev_v 94.84   new_test 41.97   new_test_h 30.23   new_test_v 96.24   
it 9 dev 30.38   dev_h 41.80   dev_v 94.62   new_test 41.81   new_test_h 30.47   new_test_v 95.79   
it 10 dev 30.28   dev_h 41.86   dev_v 93.95   new_test 41.41   new_test_h 30.34   new_test_v 95.96   
it 11 dev 30.11   dev_h 41.81   dev_v 94.00   new_test 41.04   new_test_h 30.74   new_test_v 95.55   
it 12 dev 30.50   dev_h 41.83   dev_v 94.31   new_test 41.33   new_test_h 30.55   new_test_v 95.84   
it 13 dev 30.26   dev_h 41.98   dev_v 94.36   new_test 41.29   new_test_h 30.54   new_test_v 96.00   
