args Namespace(config='configs/config_l.json', dataset='dataset/IFTTT/msr_data.pkl', load_model=None, mode='train', output='model/ifttt/width-17/', width='17')
configure: {'max_word_id': 4000, 'bidirectional': True, 'cell_type': 'gru', 'decoder': 'attention', 'embedding_size': 160, 'keep_prob': 0.45, 'memory_size': 25, 'num_units': 160, 'use_embedding': True, 'epoches': 15, 'batch_size': 32, 'init': {'name': 'random_uniform_initializer', 'scale': 0.1}, 'lr_scheduler': {'decay_steps': 5000, 'init_lr': 0.002, 'decay_rate': 0.9, 'staircase': True}, 'max_grad_norm': 1, 'optimizer': 'AdamOptimizer'}
# path 8549
model/ifttt/width-17/dataset-w-17.pkl
load raw and dump to file
numArcLayers: 5
1 1 17
layer 1 incoming edges: 111
choose: News & information
split the incoming edges: 111 13 98
the value pair of raw_data is: 492
split the outgoings edges: 443 60 386 446
add node: MDDNode(1,u_6) MDDNode(1,u_7), remove node: MDDNode(1,u_1)
1 2 17
layer 1 incoming edges: 98
choose: Photo & video
split the incoming edges: 98 9 89
the value pair of raw_data is: 492
split the outgoings edges: 386 35 351 386
add node: MDDNode(1,u_8) MDDNode(1,u_9), remove node: MDDNode(1,u_7)
1 3 17
layer 1 incoming edges: 89
choose: Social networks
split the incoming edges: 89 7 82
the value pair of raw_data is: 492
split the outgoings edges: 351 55 296 351
add node: MDDNode(1,u_10) MDDNode(1,u_11), remove node: MDDNode(1,u_9)
1 4 17
layer 1 incoming edges: 82
choose: Others
split the incoming edges: 82 7 75
the value pair of raw_data is: 492
split the outgoings edges: 296 21 280 301
add node: MDDNode(1,u_12) MDDNode(1,u_13), remove node: MDDNode(1,u_11)
1 5 17
layer 1 incoming edges: 75
choose: Bookmarking
split the incoming edges: 75 6 69
the value pair of raw_data is: 492
split the outgoings edges: 280 12 268 280
add node: MDDNode(1,u_14) MDDNode(1,u_15), remove node: MDDNode(1,u_13)
1 6 17
layer 1 incoming edges: 69
choose: Shopping
split the incoming edges: 69 6 63
the value pair of raw_data is: 492
split the outgoings edges: 268 23 245 268
add node: MDDNode(1,u_16) MDDNode(1,u_17), remove node: MDDNode(1,u_15)
1 7 17
layer 1 incoming edges: 63
choose: Security & monitoring systems
split the incoming edges: 63 5 58
the value pair of raw_data is: 492
split the outgoings edges: 245 18 228 246
add node: MDDNode(1,u_18) MDDNode(1,u_19), remove node: MDDNode(1,u_17)
1 8 17
layer 1 incoming edges: 58
choose: Mobile devices & accessories
split the incoming edges: 58 4 54
the value pair of raw_data is: 492
split the outgoings edges: 228 12 216 228
add node: MDDNode(1,u_20) MDDNode(1,u_21), remove node: MDDNode(1,u_19)
1 9 17
layer 1 incoming edges: 54
choose: Finance & payments
split the incoming edges: 54 4 50
the value pair of raw_data is: 492
split the outgoings edges: 216 17 199 216
add node: MDDNode(1,u_22) MDDNode(1,u_23), remove node: MDDNode(1,u_21)
1 10 17
layer 1 incoming edges: 50
choose: Health & fitness
split the incoming edges: 50 4 46
the value pair of raw_data is: 492
split the outgoings edges: 199 26 174 200
add node: MDDNode(1,u_24) MDDNode(1,u_25), remove node: MDDNode(1,u_23)
1 11 17
layer 1 incoming edges: 46
choose: Smart hubs & systems
split the incoming edges: 46 3 43
the value pair of raw_data is: 492
split the outgoings edges: 174 20 160 180
add node: MDDNode(1,u_26) MDDNode(1,u_27), remove node: MDDNode(1,u_25)
1 12 17
layer 1 incoming edges: 43
choose: Email
split the incoming edges: 43 3 40
the value pair of raw_data is: 492
split the outgoings edges: 160 10 150 160
add node: MDDNode(1,u_28) MDDNode(1,u_29), remove node: MDDNode(1,u_27)
1 13 17
layer 1 incoming edges: 40
choose: Power monitoring & management
split the incoming edges: 40 3 37
the value pair of raw_data is: 492
split the outgoings edges: 150 11 141 152
add node: MDDNode(1,u_30) MDDNode(1,u_31), remove node: MDDNode(1,u_29)
1 14 17
layer 1 incoming edges: 37
choose: Notifications
split the incoming edges: 37 3 34
the value pair of raw_data is: 492
split the outgoings edges: 141 4 137 141
add node: MDDNode(1,u_32) MDDNode(1,u_33), remove node: MDDNode(1,u_31)
1 15 17
layer 1 incoming edges: 34
choose: Weather
split the incoming edges: 34 3 31
the value pair of raw_data is: 492
split the outgoings edges: 137 30 109 139
add node: MDDNode(1,u_34) MDDNode(1,u_35), remove node: MDDNode(1,u_33)
1 16 17
layer 1 incoming edges: 31
choose: Blogging
split the incoming edges: 31 3 28
the value pair of raw_data is: 492
split the outgoings edges: 109 13 96 109
add node: MDDNode(1,u_36) MDDNode(1,u_37), remove node: MDDNode(1,u_35)
dump to the pickle
the graph width list : [1, 17, 1, 1, 1, 1]
it 1 train 0.3333   train_h 0.1667   train_v 0.9190   dev 0.2886   dev_h 0.1779   dev_v 0.9180   new_test 0.3534   new_test_h 0.1616   new_test_v 0.9216   save acc: 0.3534 T: 2020-01-10T01:08 
it 2 train 0.4215   train_h 0.1446   train_v 0.9341   dev 0.3300   dev_h 0.1675   dev_v 0.9294   new_test 0.4351   new_test_h 0.1412   new_test_v 0.9438   save acc: 0.4351 T: 2020-01-10T01:11 
it 3 train 0.4718   train_h 0.1321   train_v 0.9364   dev 0.3428   dev_h 0.1643   dev_v 0.9238   new_test 0.4598   new_test_h 0.1351   new_test_v 0.9406   save acc: 0.4598 T: 2020-01-10T01:15 
it 4 train 0.5090   train_h 0.1227   train_v 0.9363   dev 0.3457   dev_h 0.1636   dev_v 0.9151   new_test 0.4581   new_test_h 0.1355   new_test_v 0.9292   save acc: 0.4581 T: 2020-01-10T01:18 
it 5 train 0.5405   train_h 0.1149   train_v 0.9419   dev 0.3517   dev_h 0.1621   dev_v 0.9171   new_test 0.4691   new_test_h 0.1327   new_test_v 0.9422   save acc: 0.4691 T: 2020-01-10T01:21 
it 6 train 0.5638   train_h 0.1090   train_v 0.9440   dev 0.3467   dev_h 0.1633   dev_v 0.9226   new_test 0.4695   new_test_h 0.1326   new_test_v 0.9454   
it 7 train 0.5813   train_h 0.1047   train_v 0.9472   dev 0.3505   dev_h 0.1624   dev_v 0.9216   new_test 0.4666   new_test_h 0.1333   new_test_v 0.9418   
it 8 train 0.5976   train_h 0.1006   train_v 0.9494   dev 0.3423   dev_h 0.1644   dev_v 0.9233   new_test 0.4662   new_test_h 0.1334   new_test_v 0.9454   
it 9 train 0.6080   train_h 0.0980   train_v 0.9518   dev 0.3474   dev_h 0.1632   dev_v 0.9255   new_test 0.4598   new_test_h 0.1351   new_test_v 0.9414   
it 10 train 0.6181   train_h 0.0955   train_v 0.9522   dev 0.3493   dev_h 0.1627   dev_v 0.9188   new_test 0.4646   new_test_h 0.1338   new_test_v 0.9442   
it 11 train 0.6256   train_h 0.0936   train_v 0.9556   dev 0.3426   dev_h 0.1644   dev_v 0.9279   new_test 0.4618   new_test_h 0.1346   new_test_v 0.9377   
it 12 train 0.6333   train_h 0.0917   train_v 0.9553   dev 0.3459   dev_h 0.1635   dev_v 0.9253   new_test 0.4626   new_test_h 0.1344   new_test_v 0.9381   
it 13 train 0.6378   train_h 0.0906   train_v 0.9549   dev 0.3481   dev_h 0.1630   dev_v 0.9212   new_test 0.4638   new_test_h 0.1340   new_test_v 0.9393   
it 14 train 0.6408   train_h 0.0898   train_v 0.9562   dev 0.3472   dev_h 0.1632   dev_v 0.9260   new_test 0.4598   new_test_h 0.1351   new_test_v 0.9438   
it 15 train 0.6449   train_h 0.0888   train_v 0.9574   dev 0.3469   dev_h 0.1633   dev_v 0.9277   new_test 0.4602   new_test_h 0.1350   new_test_v 0.9349   
it 16 train 0.6464   train_h 0.0884   train_v 0.9558   dev 0.3467   dev_h 0.1633   dev_v 0.9224   new_test 0.4614   new_test_h 0.1347   new_test_v 0.9393   
