args Namespace(config='configs/config_l.json', dataset='dataset/IFTTT/msr_data.pkl', load_model=None, mode='train', output='model/ifttt/width-20/', width='20')
configure: {'max_word_id': 3782, 'bidirectional': True, 'cell_type': 'lstm', 'decoder': 'attention', 'embedding_size': 100, 'keep_prob': 0.75, 'memory_size': 100, 'num_units': 100, 'use_embedding': True, 'epoches': 12, 'batch_size': 20, 'init': {'name': 'random_uniform_initializer', 'scale': 0.1}, 'lr_scheduler': {'decay_steps': 5000, 'init_lr': 0.02, 'decay_rate': 0.9, 'staircase': True}, 'max_grad_norm': 1, 'optimizer': 'AdamOptimizer'}
# path 8549
model/ifttt/width-20/dataset-w-20.pkl
load raw and dump to file
numArcLayers: 5
layer:1, node:MDDNode(1,u_1), in=111, out=443
choose: News & information
split in: 111 -> (98,13)
split out: 443 -> (386,60,446)
add: MDDNode(1,u-6) MDDNode(1,u-7), del:MDDNode(1,u_1)
2 (13,60) (98,386) 
layer:1, node:MDDNode(1,u-7), in=98, out=386
choose: Photo & video
split in: 98 -> (89,9)
split out: 386 -> (351,35,386)
add: MDDNode(1,u-8) MDDNode(1,u-9), del:MDDNode(1,u-7)
3 (13,60) (9,35) (89,351) 
layer:1, node:MDDNode(1,u-9), in=89, out=351
choose: Social networks
split in: 89 -> (82,7)
split out: 351 -> (296,55,351)
add: MDDNode(1,u-10) MDDNode(1,u-11), del:MDDNode(1,u-9)
4 (13,60) (9,35) (7,55) (82,296) 
layer:1, node:MDDNode(1,u-11), in=82, out=296
choose: Others
split in: 82 -> (75,7)
split out: 296 -> (280,21,301)
add: MDDNode(1,u-12) MDDNode(1,u-13), del:MDDNode(1,u-11)
5 (13,60) (9,35) (7,55) (7,21) (75,280) 
layer:1, node:MDDNode(1,u-13), in=75, out=280
choose: Bookmarking
split in: 75 -> (69,6)
split out: 280 -> (268,12,280)
add: MDDNode(1,u-14) MDDNode(1,u-15), del:MDDNode(1,u-13)
6 (13,60) (9,35) (7,55) (7,21) (6,12) (69,268) 
layer:1, node:MDDNode(1,u-15), in=69, out=268
choose: Shopping
split in: 69 -> (63,6)
split out: 268 -> (245,23,268)
add: MDDNode(1,u-16) MDDNode(1,u-17), del:MDDNode(1,u-15)
7 (13,60) (9,35) (7,55) (7,21) (6,12) (6,23) (63,245) 
layer:1, node:MDDNode(1,u-17), in=63, out=245
choose: Security & monitoring systems
split in: 63 -> (58,5)
split out: 245 -> (228,18,246)
add: MDDNode(1,u-18) MDDNode(1,u-19), del:MDDNode(1,u-17)
8 (13,60) (9,35) (7,55) (7,21) (6,12) (6,23) (5,18) (58,228) 
layer:1, node:MDDNode(1,u-19), in=58, out=228
choose: Health & fitness
split in: 58 -> (54,4)
split out: 228 -> (203,26,229)
add: MDDNode(1,u-20) MDDNode(1,u-21), del:MDDNode(1,u-19)
9 (13,60) (9,35) (7,55) (7,21) (6,12) (6,23) (5,18) (4,26) (54,203) 
layer:1, node:MDDNode(1,u-21), in=54, out=203
choose: Finance & payments
split in: 54 -> (50,4)
split out: 203 -> (186,17,203)
add: MDDNode(1,u-22) MDDNode(1,u-23), del:MDDNode(1,u-21)
10 (13,60) (9,35) (7,55) (7,21) (6,12) (6,23) (5,18) (4,26) (4,17) (50,186) 
layer:1, node:MDDNode(1,u-23), in=50, out=186
choose: Mobile devices & accessories
split in: 50 -> (46,4)
split out: 186 -> (174,12,186)
add: MDDNode(1,u-24) MDDNode(1,u-25), del:MDDNode(1,u-23)
11 (13,60) (9,35) (7,55) (7,21) (6,12) (6,23) (5,18) (4,26) (4,17) (4,12) (46,174) 
layer:1, node:MDDNode(1,u-25), in=46, out=174
choose: Environment control & monitoring
split in: 46 -> (43,3)
split out: 174 -> (167,9,176)
add: MDDNode(1,u-26) MDDNode(1,u-27), del:MDDNode(1,u-25)
12 (13,60) (9,35) (7,55) (7,21) (6,12) (6,23) (5,18) (4,26) (4,17) (4,12) (3,9) (43,167) 
layer:1, node:MDDNode(1,u-27), in=43, out=167
choose: Communication
split in: 43 -> (40,3)
split out: 167 -> (154,13,167)
add: MDDNode(1,u-28) MDDNode(1,u-29), del:MDDNode(1,u-27)
13 (13,60) (9,35) (7,55) (7,21) (6,12) (6,23) (5,18) (4,26) (4,17) (4,12) (3,9) (3,13) (40,154) 
layer:1, node:MDDNode(1,u-29), in=40, out=154
choose: Gardening
split in: 40 -> (37,3)
split out: 154 -> (145,9,154)
add: MDDNode(1,u-30) MDDNode(1,u-31), del:MDDNode(1,u-29)
14 (13,60) (9,35) (7,55) (7,21) (6,12) (6,23) (5,18) (4,26) (4,17) (4,12) (3,9) (3,13) (3,9) (37,145) 
layer:1, node:MDDNode(1,u-31), in=37, out=145
choose: Blogging
split in: 37 -> (34,3)
split out: 145 -> (132,13,145)
add: MDDNode(1,u-32) MDDNode(1,u-33), del:MDDNode(1,u-31)
15 (13,60) (9,35) (7,55) (7,21) (6,12) (6,23) (5,18) (4,26) (4,17) (4,12) (3,9) (3,13) (3,9) (3,13) (34,132) 
layer:1, node:MDDNode(1,u-33), in=34, out=132
choose: Smart hubs & systems
split in: 34 -> (31,3)
split out: 132 -> (118,20,138)
add: MDDNode(1,u-34) MDDNode(1,u-35), del:MDDNode(1,u-33)
16 (13,60) (9,35) (7,55) (7,21) (6,12) (6,23) (5,18) (4,26) (4,17) (4,12) (3,9) (3,13) (3,9) (3,13) (3,20) (31,118) 
layer:1, node:MDDNode(1,u-35), in=31, out=118
choose: Weather
split in: 31 -> (28,3)
split out: 118 -> (88,30,118)
add: MDDNode(1,u-36) MDDNode(1,u-37), del:MDDNode(1,u-35)
17 (13,60) (9,35) (7,55) (7,21) (6,12) (6,23) (5,18) (4,26) (4,17) (4,12) (3,9) (3,13) (3,9) (3,13) (3,20) (3,30) (28,88) 
layer:1, node:MDDNode(1,u-37), in=28, out=88
choose: Email
split in: 28 -> (25,3)
split out: 88 -> (78,10,88)
add: MDDNode(1,u-38) MDDNode(1,u-39), del:MDDNode(1,u-37)
18 (13,60) (9,35) (7,55) (7,21) (6,12) (6,23) (5,18) (4,26) (4,17) (4,12) (3,9) (3,13) (3,9) (3,13) (3,20) (3,30) (3,10) (25,78) 
layer:1, node:MDDNode(1,u-39), in=25, out=78
choose: Power monitoring & management
split in: 25 -> (22,3)
split out: 78 -> (69,11,80)
add: MDDNode(1,u-40) MDDNode(1,u-41), del:MDDNode(1,u-39)
19 (13,60) (9,35) (7,55) (7,21) (6,12) (6,23) (5,18) (4,26) (4,17) (4,12) (3,9) (3,13) (3,9) (3,13) (3,20) (3,30) (3,10) (3,11) (22,69) 
layer:1, node:MDDNode(1,u-41), in=22, out=69
choose: Notifications
split in: 22 -> (20,2)
split out: 69 -> (66,3,69)
add: MDDNode(1,u-42) MDDNode(1,u-43), del:MDDNode(1,u-41)
20 (13,60) (9,35) (7,55) (7,21) (6,12) (6,23) (5,18) (4,26) (4,17) (4,12) (3,9) (3,13) (3,9) (3,13) (3,20) (3,30) (3,10) (3,11) (2,3) (20,66) 
layer:3, node:MDDNode(3,u_3), in=88, out=161
choose: Notifications
split in: 88 -> (81,7)
split out: 161 -> (154,9,163)
add: MDDNode(3,u-44) MDDNode(3,u-45), del:MDDNode(3,u_3)
2 (7,9) (81,154) 
layer:3, node:MDDNode(3,u-45), in=81, out=154
choose: Others
split in: 81 -> (75,6)
split out: 154 -> (144,12,156)
add: MDDNode(3,u-46) MDDNode(3,u-47), del:MDDNode(3,u-45)
3 (7,9) (6,12) (75,144) 
layer:3, node:MDDNode(3,u-47), in=75, out=144
choose: Bookmarking
split in: 75 -> (69,6)
split out: 144 -> (138,7,145)
add: MDDNode(3,u-48) MDDNode(3,u-49), del:MDDNode(3,u-47)
4 (7,9) (6,12) (6,7) (69,138) 
layer:3, node:MDDNode(3,u-49), in=69, out=138
choose: Social networks
split in: 69 -> (63,6)
split out: 138 -> (125,14,139)
add: MDDNode(3,u-50) MDDNode(3,u-51), del:MDDNode(3,u-49)
5 (7,9) (6,12) (6,7) (6,14) (63,125) 
layer:3, node:MDDNode(3,u-51), in=63, out=125
choose: Mobile devices & accessories
split in: 63 -> (59,4)
split out: 125 -> (120,7,127)
add: MDDNode(3,u-52) MDDNode(3,u-53), del:MDDNode(3,u-51)
6 (7,9) (6,12) (6,7) (6,14) (4,7) (59,120) 
layer:3, node:MDDNode(3,u-53), in=59, out=120
choose: Email
split in: 59 -> (55,4)
split out: 120 -> (115,5,120)
add: MDDNode(3,u-54) MDDNode(3,u-55), del:MDDNode(3,u-53)
7 (7,9) (6,12) (6,7) (6,14) (4,7) (4,5) (55,115) 
layer:3, node:MDDNode(3,u-55), in=55, out=115
choose: Photo & video
split in: 55 -> (51,4)
split out: 115 -> (111,4,115)
add: MDDNode(3,u-56) MDDNode(3,u-57), del:MDDNode(3,u-55)
8 (7,9) (6,12) (6,7) (6,14) (4,7) (4,5) (4,4) (51,111) 
layer:3, node:MDDNode(3,u-57), in=51, out=111
choose: Cloud storage
split in: 51 -> (47,4)
split out: 111 -> (104,7,111)
add: MDDNode(3,u-58) MDDNode(3,u-59), del:MDDNode(3,u-57)
9 (7,9) (6,12) (6,7) (6,14) (4,7) (4,5) (4,4) (4,7) (47,104) 
layer:3, node:MDDNode(3,u-59), in=47, out=104
choose: Power monitoring & management
split in: 47 -> (43,4)
split out: 104 -> (100,9,109)
add: MDDNode(3,u-60) MDDNode(3,u-61), del:MDDNode(3,u-59)
10 (7,9) (6,12) (6,7) (6,14) (4,7) (4,5) (4,4) (4,7) (4,9) (43,100) 
layer:3, node:MDDNode(3,u-61), in=43, out=100
choose: Security & monitoring systems
split in: 43 -> (39,4)
split out: 100 -> (83,17,100)
add: MDDNode(3,u-62) MDDNode(3,u-63), del:MDDNode(3,u-61)
11 (7,9) (6,12) (6,7) (6,14) (4,7) (4,5) (4,4) (4,7) (4,9) (4,17) (39,83) 
layer:3, node:MDDNode(3,u-63), in=39, out=83
choose: Communication
split in: 39 -> (35,4)
split out: 83 -> (79,4,83)
add: MDDNode(3,u-64) MDDNode(3,u-65), del:MDDNode(3,u-63)
12 (7,9) (6,12) (6,7) (6,14) (4,7) (4,5) (4,4) (4,7) (4,9) (4,17) (4,4) (35,79) 
layer:3, node:MDDNode(3,u-65), in=35, out=79
choose: Environment control & monitoring
split in: 35 -> (31,4)
split out: 79 -> (69,10,79)
add: MDDNode(3,u-66) MDDNode(3,u-67), del:MDDNode(3,u-65)
13 (7,9) (6,12) (6,7) (6,14) (4,7) (4,5) (4,4) (4,7) (4,9) (4,17) (4,4) (4,10) (31,69) 
layer:3, node:MDDNode(3,u-67), in=31, out=69
choose: Smart hubs & systems
split in: 31 -> (28,3)
split out: 69 -> (60,9,69)
add: MDDNode(3,u-68) MDDNode(3,u-69), del:MDDNode(3,u-67)
14 (7,9) (6,12) (6,7) (6,14) (4,7) (4,5) (4,4) (4,7) (4,9) (4,17) (4,4) (4,10) (3,9) (28,60) 
layer:3, node:MDDNode(3,u-69), in=28, out=60
choose: Health & fitness
split in: 28 -> (25,3)
split out: 60 -> (58,3,61)
add: MDDNode(3,u-70) MDDNode(3,u-71), del:MDDNode(3,u-69)
15 (7,9) (6,12) (6,7) (6,14) (4,7) (4,5) (4,4) (4,7) (4,9) (4,17) (4,4) (4,10) (3,9) (3,3) (25,58) 
layer:3, node:MDDNode(3,u-71), in=25, out=58
choose: Blogging
split in: 25 -> (22,3)
split out: 58 -> (51,7,58)
add: MDDNode(3,u-72) MDDNode(3,u-73), del:MDDNode(3,u-71)
16 (7,9) (6,12) (6,7) (6,14) (4,7) (4,5) (4,4) (4,7) (4,9) (4,17) (4,4) (4,10) (3,9) (3,3) (3,7) (22,51) 
layer:3, node:MDDNode(3,u-73), in=22, out=51
choose: Notes
split in: 22 -> (20,2)
split out: 51 -> (42,9,51)
add: MDDNode(3,u-74) MDDNode(3,u-75), del:MDDNode(3,u-73)
17 (7,9) (6,12) (6,7) (6,14) (4,7) (4,5) (4,4) (4,7) (4,9) (4,17) (4,4) (4,10) (3,9) (3,3) (3,7) (2,9) (20,42) 
layer:3, node:MDDNode(3,u-75), in=20, out=42
choose: Lighting
split in: 20 -> (18,2)
split out: 42 -> (30,13,43)
add: MDDNode(3,u-76) MDDNode(3,u-77), del:MDDNode(3,u-75)
18 (7,9) (6,12) (6,7) (6,14) (4,7) (4,5) (4,4) (4,7) (4,9) (4,17) (4,4) (4,10) (3,9) (3,3) (3,7) (2,9) (2,13) (18,30) 
layer:3, node:MDDNode(3,u-77), in=18, out=30
choose: Business tools
split in: 18 -> (16,2)
split out: 30 -> (27,3,30)
add: MDDNode(3,u-78) MDDNode(3,u-79), del:MDDNode(3,u-77)
19 (7,9) (6,12) (6,7) (6,14) (4,7) (4,5) (4,4) (4,7) (4,9) (4,17) (4,4) (4,10) (3,9) (3,3) (3,7) (2,9) (2,13) (2,3) (16,27) 
layer:3, node:MDDNode(3,u-79), in=16, out=27
choose: Developer tools
split in: 16 -> (14,2)
split out: 27 -> (24,3,27)
add: MDDNode(3,u-80) MDDNode(3,u-81), del:MDDNode(3,u-79)
20 (7,9) (6,12) (6,7) (6,14) (4,7) (4,5) (4,4) (4,7) (4,9) (4,17) (4,4) (4,10) (3,9) (3,3) (3,7) (2,9) (2,13) (2,3) (2,3) (14,24) 
=profile=
(0, 111) 
(13, 60) (9, 35) (7, 55) (7, 21) (6, 12) (6, 23) (5, 18) (4, 26) (4, 17) (4, 12) (3, 9) (3, 13) (3, 9) (3, 13) (3, 20) (3, 30) (3, 10) (3, 11) (2, 3) (20, 66) 
(463, 88) 
(7, 9) (6, 12) (6, 7) (6, 14) (4, 7) (4, 5) (4, 4) (4, 7) (4, 9) (4, 17) (4, 4) (4, 10) (3, 9) (3, 3) (3, 7) (2, 9) (2, 13) (2, 3) (2, 3) (14, 24) 
(176, 1) 
(1, 0) 
dump to the pickle
the graph width list : [1, 20, 1, 20, 1, 1]
it 1 dev 26.86   dev_h 44.05   dev_v 92.21   new_test 34.90   new_test_h 33.60   new_test_v 95.27   save: 34.90 T: 2020-01-13T05:26 
it 2 dev 30.33   dev_h 41.45   dev_v 95.68   new_test 40.80   new_test_h 30.77   new_test_v 96.20   save: 40.80 T: 2020-01-13T05:27 
it 3 dev 31.56   dev_h 41.24   dev_v 95.37   new_test 41.61   new_test_h 30.68   new_test_v 95.79   save: 41.61 T: 2020-01-13T05:29 
it 4 dev 30.28   dev_h 41.78   dev_v 94.38   new_test 40.19   new_test_h 31.07   new_test_v 95.59   
it 5 dev 31.46   dev_h 40.86   dev_v 95.52   new_test 41.12   new_test_h 30.63   new_test_v 95.96   
it 6 dev 30.86   dev_h 41.62   dev_v 95.23   new_test 42.86   new_test_h 30.02   new_test_v 96.04   
it 7 dev 31.29   dev_h 40.91   dev_v 95.20   new_test 43.87   new_test_h 29.47   new_test_v 96.97   
it 8 dev 30.93   dev_h 41.21   dev_v 95.27   new_test 42.90   new_test_h 29.83   new_test_v 96.77   
it 9 dev 30.74   dev_h 41.40   dev_v 95.18   new_test 42.86   new_test_h 29.83   new_test_v 96.36   
it 10 dev 30.79   dev_h 41.48   dev_v 95.11   new_test 43.19   new_test_h 29.76   new_test_v 96.68   
it 11 dev 30.21   dev_h 41.74   dev_v 94.94   new_test 42.90   new_test_h 29.92   new_test_v 97.09   
it 12 dev 30.76   dev_h 41.46   dev_v 94.82   new_test 43.31   new_test_h 29.75   new_test_v 96.52   
it 13 dev 30.81   dev_h 41.42   dev_v 94.84   new_test 43.31   new_test_h 29.85   new_test_v 96.20   
