args Namespace(config='configs/config_l.json', dataset='dataset/IFTTT/msr_data.pkl', load_model=None, mode='train', output='model/ifttt/width-63/', width='63')
configure: {'max_word_id': 4000, 'bidirectional': True, 'cell_type': 'gru', 'decoder': 'attention', 'embedding_size': 160, 'keep_prob': 0.45, 'memory_size': 25, 'num_units': 160, 'use_embedding': True, 'epoches': 15, 'batch_size': 32, 'init': {'name': 'random_uniform_initializer', 'scale': 0.1}, 'lr_scheduler': {'decay_steps': 5000, 'init_lr': 0.002, 'decay_rate': 0.9, 'staircase': True}, 'max_grad_norm': 1, 'optimizer': 'AdamOptimizer'}
# path 8549
model/ifttt/width-63/dataset-w-63.pkl
load raw and dump to file
numArcLayers: 5
1 1 63
layer 1 incoming edges: 111
choose: News & information
split the incoming edges: 111 13 98
the value pair of raw_data is: 492
split the outgoings edges: 443 60 386 446
add node: MDDNode(1,u_6) MDDNode(1,u_7), remove node: MDDNode(1,u_1)
1 2 63
layer 1 incoming edges: 98
choose: Photo & video
split the incoming edges: 98 9 89
the value pair of raw_data is: 492
split the outgoings edges: 386 35 351 386
add node: MDDNode(1,u_8) MDDNode(1,u_9), remove node: MDDNode(1,u_7)
1 3 63
layer 1 incoming edges: 89
choose: Others
split the incoming edges: 89 7 82
the value pair of raw_data is: 492
split the outgoings edges: 351 21 335 356
add node: MDDNode(1,u_10) MDDNode(1,u_11), remove node: MDDNode(1,u_9)
1 4 63
layer 1 incoming edges: 82
choose: Social networks
split the incoming edges: 82 7 75
the value pair of raw_data is: 492
split the outgoings edges: 335 55 280 335
add node: MDDNode(1,u_12) MDDNode(1,u_13), remove node: MDDNode(1,u_11)
1 5 63
layer 1 incoming edges: 75
choose: Bookmarking
split the incoming edges: 75 6 69
the value pair of raw_data is: 492
split the outgoings edges: 280 12 268 280
add node: MDDNode(1,u_14) MDDNode(1,u_15), remove node: MDDNode(1,u_13)
1 6 63
layer 1 incoming edges: 69
choose: Shopping
split the incoming edges: 69 6 63
the value pair of raw_data is: 492
split the outgoings edges: 268 23 245 268
add node: MDDNode(1,u_16) MDDNode(1,u_17), remove node: MDDNode(1,u_15)
1 7 63
layer 1 incoming edges: 63
choose: Security & monitoring systems
split the incoming edges: 63 5 58
the value pair of raw_data is: 492
split the outgoings edges: 245 18 228 246
add node: MDDNode(1,u_18) MDDNode(1,u_19), remove node: MDDNode(1,u_17)
1 8 63
layer 1 incoming edges: 58
choose: Mobile devices & accessories
split the incoming edges: 58 4 54
the value pair of raw_data is: 492
split the outgoings edges: 228 12 216 228
add node: MDDNode(1,u_20) MDDNode(1,u_21), remove node: MDDNode(1,u_19)
1 9 63
layer 1 incoming edges: 54
choose: Finance & payments
split the incoming edges: 54 4 50
the value pair of raw_data is: 492
split the outgoings edges: 216 17 199 216
add node: MDDNode(1,u_22) MDDNode(1,u_23), remove node: MDDNode(1,u_21)
1 10 63
layer 1 incoming edges: 50
choose: Health & fitness
split the incoming edges: 50 4 46
the value pair of raw_data is: 492
split the outgoings edges: 199 26 174 200
add node: MDDNode(1,u_24) MDDNode(1,u_25), remove node: MDDNode(1,u_23)
1 11 63
layer 1 incoming edges: 46
choose: Weather
split the incoming edges: 46 3 43
the value pair of raw_data is: 492
split the outgoings edges: 174 30 148 178
add node: MDDNode(1,u_26) MDDNode(1,u_27), remove node: MDDNode(1,u_25)
1 12 63
layer 1 incoming edges: 43
choose: Power monitoring & management
split the incoming edges: 43 3 40
the value pair of raw_data is: 492
split the outgoings edges: 148 11 139 150
add node: MDDNode(1,u_28) MDDNode(1,u_29), remove node: MDDNode(1,u_27)
1 13 63
layer 1 incoming edges: 40
choose: Smart hubs & systems
split the incoming edges: 40 3 37
the value pair of raw_data is: 492
split the outgoings edges: 139 20 123 143
add node: MDDNode(1,u_30) MDDNode(1,u_31), remove node: MDDNode(1,u_29)
1 14 63
layer 1 incoming edges: 37
choose: Gardening
split the incoming edges: 37 3 34
the value pair of raw_data is: 492
split the outgoings edges: 123 9 114 123
add node: MDDNode(1,u_32) MDDNode(1,u_33), remove node: MDDNode(1,u_31)
1 15 63
layer 1 incoming edges: 34
choose: Environment control & monitoring
split the incoming edges: 34 3 31
the value pair of raw_data is: 492
split the outgoings edges: 114 9 105 114
add node: MDDNode(1,u_34) MDDNode(1,u_35), remove node: MDDNode(1,u_33)
1 16 63
layer 1 incoming edges: 31
choose: Notifications
split the incoming edges: 31 3 28
the value pair of raw_data is: 492
split the outgoings edges: 105 4 101 105
add node: MDDNode(1,u_36) MDDNode(1,u_37), remove node: MDDNode(1,u_35)
1 17 63
layer 1 incoming edges: 28
choose: Blogging
split the incoming edges: 28 3 25
the value pair of raw_data is: 492
split the outgoings edges: 101 13 88 101
add node: MDDNode(1,u_38) MDDNode(1,u_39), remove node: MDDNode(1,u_37)
1 18 63
layer 1 incoming edges: 25
choose: Email
split the incoming edges: 25 3 22
the value pair of raw_data is: 492
split the outgoings edges: 88 10 78 88
add node: MDDNode(1,u_40) MDDNode(1,u_41), remove node: MDDNode(1,u_39)
1 19 63
layer 1 incoming edges: 22
choose: Appliances
split the incoming edges: 22 2 20
the value pair of raw_data is: 492
split the outgoings edges: 78 2 76 78
add node: MDDNode(1,u_42) MDDNode(1,u_43), remove node: MDDNode(1,u_41)
1 20 63
layer 1 incoming edges: 20
choose: Communication
split the incoming edges: 20 2 18
the value pair of raw_data is: 492
split the outgoings edges: 76 12 64 76
add node: MDDNode(1,u_44) MDDNode(1,u_45), remove node: MDDNode(1,u_43)
1 21 63
layer 1 incoming edges: 18
choose: Contacts
split the incoming edges: 18 2 16
the value pair of raw_data is: 492
split the outgoings edges: 64 3 61 64
add node: MDDNode(1,u_46) MDDNode(1,u_47), remove node: MDDNode(1,u_45)
1 22 63
layer 1 incoming edges: 16
choose: Connected car
split the incoming edges: 16 2 14
the value pair of raw_data is: 492
split the outgoings edges: 61 10 51 61
add node: MDDNode(1,u_48) MDDNode(1,u_49), remove node: MDDNode(1,u_47)
1 23 63
layer 1 incoming edges: 14
choose: Calendars & scheduling
split the incoming edges: 14 2 12
the value pair of raw_data is: 492
split the outgoings edges: 51 8 43 51
add node: MDDNode(1,u_50) MDDNode(1,u_51), remove node: MDDNode(1,u_49)
1 24 63
layer 1 incoming edges: 13
only split: [MDDArc('espn', MDDNode(0, 's'), MDDNode(1, 'u_6'))]
split the incoming edges: 13 1 12
the value pair of raw_data is: 492
split the outgoings edges: 60 6 54 60
add node: MDDNode(1,u_52) MDDNode(1,u_53), remove node: MDDNode(1,u_6)
1 25 63
layer 1 incoming edges: 12
choose: Task management & to-dos
split the incoming edges: 12 2 10
the value pair of raw_data is: 492
split the outgoings edges: 43 11 32 43
add node: MDDNode(1,u_54) MDDNode(1,u_55), remove node: MDDNode(1,u_51)
1 26 63
layer 1 incoming edges: 12
only split: [MDDArc('digg', MDDNode(0, 's'), MDDNode(1, 'u_53'))]
split the incoming edges: 12 1 11
the value pair of raw_data is: 492
split the outgoings edges: 54 8 46 54
add node: MDDNode(1,u_56) MDDNode(1,u_57), remove node: MDDNode(1,u_53)
1 27 63
layer 1 incoming edges: 11
only split: [MDDArc('time', MDDNode(0, 's'), MDDNode(1, 'u_57'))]
split the incoming edges: 11 1 10
the value pair of raw_data is: 492
split the outgoings edges: 46 2 46 48
add node: MDDNode(1,u_58) MDDNode(1,u_59), remove node: MDDNode(1,u_57)
1 28 63
layer 1 incoming edges: 10
choose: DIY electronics
split the incoming edges: 10 2 8
the value pair of raw_data is: 492
split the outgoings edges: 32 2 30 32
add node: MDDNode(1,u_60) MDDNode(1,u_61), remove node: MDDNode(1,u_55)
1 29 63
layer 1 incoming edges: 10
only split: [MDDArc('craigslist', MDDNode(0, 's'), MDDNode(1, 'u_59'))]
split the incoming edges: 10 1 9
the value pair of raw_data is: 492
split the outgoings edges: 46 1 45 46
add node: MDDNode(1,u_62) MDDNode(1,u_63), remove node: MDDNode(1,u_59)
1 30 63
layer 1 incoming edges: 9
only split: [MDDArc('vimeo', MDDNode(0, 's'), MDDNode(1, 'u_8'))]
split the incoming edges: 9 1 8
the value pair of raw_data is: 492
split the outgoings edges: 35 6 31 37
add node: MDDNode(1,u_64) MDDNode(1,u_65), remove node: MDDNode(1,u_8)
1 31 63
layer 1 incoming edges: 9
only split: [MDDArc('instyle', MDDNode(0, 's'), MDDNode(1, 'u_63'))]
split the incoming edges: 9 1 8
the value pair of raw_data is: 492
split the outgoings edges: 45 2 45 47
add node: MDDNode(1,u_66) MDDNode(1,u_67), remove node: MDDNode(1,u_63)
1 32 63
layer 1 incoming edges: 8
choose: Developer tools
split the incoming edges: 8 1 7
the value pair of raw_data is: 492
split the outgoings edges: 30 5 25 30
add node: MDDNode(1,u_68) MDDNode(1,u_69), remove node: MDDNode(1,u_61)
1 33 63
layer 1 incoming edges: 8
only split: [MDDArc('dailymotion', MDDNode(0, 's'), MDDNode(1, 'u_65'))]
split the incoming edges: 8 1 7
the value pair of raw_data is: 492
split the outgoings edges: 31 3 28 31
add node: MDDNode(1,u_70) MDDNode(1,u_71), remove node: MDDNode(1,u_65)
1 34 63
layer 1 incoming edges: 8
only split: [MDDArc('feed', MDDNode(0, 's'), MDDNode(1, 'u_67'))]
split the incoming edges: 8 1 7
the value pair of raw_data is: 492
split the outgoings edges: 45 2 43 45
add node: MDDNode(1,u_72) MDDNode(1,u_73), remove node: MDDNode(1,u_67)
1 35 63
layer 1 incoming edges: 7
only split: [MDDArc('up_by_jawbone', MDDNode(0, 's'), MDDNode(1, 'u_10'))]
split the incoming edges: 7 1 6
the value pair of raw_data is: 492
split the outgoings edges: 21 13 8 21
add node: MDDNode(1,u_74) MDDNode(1,u_75), remove node: MDDNode(1,u_10)
1 36 63
layer 1 incoming edges: 7
only split: [MDDArc('twitter', MDDNode(0, 's'), MDDNode(1, 'u_12'))]
split the incoming edges: 7 1 6
the value pair of raw_data is: 492
split the outgoings edges: 55 10 45 55
add node: MDDNode(1,u_76) MDDNode(1,u_77), remove node: MDDNode(1,u_12)
1 37 63
layer 1 incoming edges: 7
choose: Lighting
split the incoming edges: 7 1 6
the value pair of raw_data is: 492
split the outgoings edges: 25 3 22 25
add node: MDDNode(1,u_78) MDDNode(1,u_79), remove node: MDDNode(1,u_69)
1 38 63
layer 1 incoming edges: 7
only split: [MDDArc('youtube', MDDNode(0, 's'), MDDNode(1, 'u_71'))]
split the incoming edges: 7 1 6
the value pair of raw_data is: 492
split the outgoings edges: 28 2 26 28
add node: MDDNode(1,u_80) MDDNode(1,u_81), remove node: MDDNode(1,u_71)
1 39 63
layer 1 incoming edges: 7
only split: [MDDArc('ifttt', MDDNode(0, 's'), MDDNode(1, 'u_73'))]
split the incoming edges: 7 1 6
the value pair of raw_data is: 492
split the outgoings edges: 43 11 32 43
add node: MDDNode(1,u_82) MDDNode(1,u_83), remove node: MDDNode(1,u_73)
1 40 63
layer 1 incoming edges: 6
only split: [MDDArc('bitly', MDDNode(0, 's'), MDDNode(1, 'u_14'))]
split the incoming edges: 6 1 5
the value pair of raw_data is: 492
split the outgoings edges: 12 1 11 12
add node: MDDNode(1,u_84) MDDNode(1,u_85), remove node: MDDNode(1,u_14)
1 41 63
layer 1 incoming edges: 6
only split: [MDDArc('boxoh_package_tracking', MDDNode(0, 's'), MDDNode(1, 'u_16'))]
split the incoming edges: 6 1 5
the value pair of raw_data is: 492
split the outgoings edges: 23 1 22 23
add node: MDDNode(1,u_86) MDDNode(1,u_87), remove node: MDDNode(1,u_16)
1 42 63
layer 1 incoming edges: 6
only split: [MDDArc('eyefi', MDDNode(0, 's'), MDDNode(1, 'u_75'))]
split the incoming edges: 6 1 5
the value pair of raw_data is: 492
split the outgoings edges: 8 2 6 8
add node: MDDNode(1,u_88) MDDNode(1,u_89), remove node: MDDNode(1,u_75)
1 43 63
layer 1 incoming edges: 6
only split: [MDDArc('facebook', MDDNode(0, 's'), MDDNode(1, 'u_77'))]
split the incoming edges: 6 1 5
the value pair of raw_data is: 492
split the outgoings edges: 45 10 35 45
add node: MDDNode(1,u_90) MDDNode(1,u_91), remove node: MDDNode(1,u_77)
1 44 63
layer 1 incoming edges: 6
choose: Business tools
split the incoming edges: 6 1 5
the value pair of raw_data is: 492
split the outgoings edges: 22 2 20 22
add node: MDDNode(1,u_92) MDDNode(1,u_93), remove node: MDDNode(1,u_79)
1 45 63
layer 1 incoming edges: 6
only split: [MDDArc('android_photos', MDDNode(0, 's'), MDDNode(1, 'u_81'))]
split the incoming edges: 6 1 5
the value pair of raw_data is: 492
split the outgoings edges: 26 3 26 29
add node: MDDNode(1,u_94) MDDNode(1,u_95), remove node: MDDNode(1,u_81)
1 46 63
layer 1 incoming edges: 6
only split: [MDDArc('sports_illustrated', MDDNode(0, 's'), MDDNode(1, 'u_83'))]
split the incoming edges: 6 1 5
the value pair of raw_data is: 492
split the outgoings edges: 32 2 30 32
add node: MDDNode(1,u_96) MDDNode(1,u_97), remove node: MDDNode(1,u_83)
1 47 63
layer 1 incoming edges: 5
only split: [MDDArc('wemo_motion', MDDNode(0, 's'), MDDNode(1, 'u_18'))]
split the incoming edges: 5 1 4
the value pair of raw_data is: 492
split the outgoings edges: 18 2 16 18
add node: MDDNode(1,u_98) MDDNode(1,u_99), remove node: MDDNode(1,u_18)
1 48 63
layer 1 incoming edges: 5
only split: [MDDArc('instapaper', MDDNode(0, 's'), MDDNode(1, 'u_85'))]
split the incoming edges: 5 1 4
the value pair of raw_data is: 492
split the outgoings edges: 11 5 6 11
add node: MDDNode(1,u_100) MDDNode(1,u_101), remove node: MDDNode(1,u_85)
1 49 63
layer 1 incoming edges: 5
only split: [MDDArc('best_buy', MDDNode(0, 's'), MDDNode(1, 'u_87'))]
split the incoming edges: 5 1 4
the value pair of raw_data is: 492
split the outgoings edges: 22 4 18 22
add node: MDDNode(1,u_102) MDDNode(1,u_103), remove node: MDDNode(1,u_87)
1 50 63
layer 1 incoming edges: 5
only split: [MDDArc('launch_center', MDDNode(0, 's'), MDDNode(1, 'u_89'))]
split the incoming edges: 5 1 4
the value pair of raw_data is: 492
split the outgoings edges: 6 1 5 6
add node: MDDNode(1,u_104) MDDNode(1,u_105), remove node: MDDNode(1,u_89)
1 51 63
layer 1 incoming edges: 5
only split: [MDDArc('foursquare', MDDNode(0, 's'), MDDNode(1, 'u_91'))]
split the incoming edges: 5 1 4
the value pair of raw_data is: 492
split the outgoings edges: 35 7 28 35
add node: MDDNode(1,u_106) MDDNode(1,u_107), remove node: MDDNode(1,u_91)
1 52 63
layer 1 incoming edges: 5
choose: Journaling & personal data
split the incoming edges: 5 1 4
the value pair of raw_data is: 492
split the outgoings edges: 20 3 17 20
add node: MDDNode(1,u_108) MDDNode(1,u_109), remove node: MDDNode(1,u_93)
1 53 63
layer 1 incoming edges: 5
only split: [MDDArc('stockimo', MDDNode(0, 's'), MDDNode(1, 'u_95'))]
split the incoming edges: 5 1 4
the value pair of raw_data is: 492
split the outgoings edges: 26 6 20 26
add node: MDDNode(1,u_110) MDDNode(1,u_111), remove node: MDDNode(1,u_95)
1 54 63
layer 1 incoming edges: 5
only split: [MDDArc('newsblur', MDDNode(0, 's'), MDDNode(1, 'u_97'))]
split the incoming edges: 5 1 4
the value pair of raw_data is: 492
split the outgoings edges: 30 4 26 30
add node: MDDNode(1,u_112) MDDNode(1,u_113), remove node: MDDNode(1,u_97)
1 55 63
layer 1 incoming edges: 4
only split: [MDDArc('android_wear', MDDNode(0, 's'), MDDNode(1, 'u_20'))]
split the incoming edges: 4 1 3
the value pair of raw_data is: 492
split the outgoings edges: 12 1 11 12
add node: MDDNode(1,u_114) MDDNode(1,u_115), remove node: MDDNode(1,u_20)
1 56 63
layer 1 incoming edges: 4
only split: [MDDArc('stripe', MDDNode(0, 's'), MDDNode(1, 'u_22'))]
split the incoming edges: 4 1 3
the value pair of raw_data is: 492
split the outgoings edges: 17 5 12 17
add node: MDDNode(1,u_116) MDDNode(1,u_117), remove node: MDDNode(1,u_22)
1 57 63
layer 1 incoming edges: 4
only split: [MDDArc('misfit', MDDNode(0, 's'), MDDNode(1, 'u_24'))]
split the incoming edges: 4 1 3
the value pair of raw_data is: 492
split the outgoings edges: 26 5 25 30
add node: MDDNode(1,u_118) MDDNode(1,u_119), remove node: MDDNode(1,u_24)
1 58 63
layer 1 incoming edges: 4
only split: [MDDArc('myfox_homecontrol', MDDNode(0, 's'), MDDNode(1, 'u_99'))]
split the incoming edges: 4 1 3
the value pair of raw_data is: 492
split the outgoings edges: 16 5 11 16
add node: MDDNode(1,u_120) MDDNode(1,u_121), remove node: MDDNode(1,u_99)
1 59 63
layer 1 incoming edges: 4
only split: [MDDArc('delicious', MDDNode(0, 's'), MDDNode(1, 'u_101'))]
split the incoming edges: 4 1 3
the value pair of raw_data is: 492
split the outgoings edges: 6 2 6 8
add node: MDDNode(1,u_122) MDDNode(1,u_123), remove node: MDDNode(1,u_101)
1 60 63
layer 1 incoming edges: 4
only split: [MDDArc('slice', MDDNode(0, 's'), MDDNode(1, 'u_103'))]
split the incoming edges: 4 1 3
the value pair of raw_data is: 492
split the outgoings edges: 18 2 16 18
add node: MDDNode(1,u_124) MDDNode(1,u_125), remove node: MDDNode(1,u_103)
1 61 63
layer 1 incoming edges: 4
only split: [MDDArc('ubi', MDDNode(0, 's'), MDDNode(1, 'u_105'))]
split the incoming edges: 4 1 3
the value pair of raw_data is: 492
split the outgoings edges: 5 1 4 5
add node: MDDNode(1,u_126) MDDNode(1,u_127), remove node: MDDNode(1,u_105)
1 62 63
layer 1 incoming edges: 4
only split: [MDDArc('reddit', MDDNode(0, 's'), MDDNode(1, 'u_107'))]
split the incoming edges: 4 1 3
the value pair of raw_data is: 492
split the outgoings edges: 28 9 20 29
add node: MDDNode(1,u_128) MDDNode(1,u_129), remove node: MDDNode(1,u_107)
dump to the pickle
the graph width list : [1, 63, 1, 1, 1, 1]
timed {} 33.401327200233936
it 1 train 0.3396   train_h 0.1651   train_v 0.9352   dev 0.2939   dev_h 0.1765   dev_v 0.9301   new_test 0.3603   new_test_h 0.1599   new_test_v 0.9397   save acc: 0.3603 T: 2020-01-10T14:15 
timed {} 34.189026023377664
it 2 train 0.4297   train_h 0.1426   train_v 0.9459   dev 0.3361   dev_h 0.1660   dev_v 0.9438   new_test 0.4347   new_test_h 0.1413   new_test_v 0.9600   save acc: 0.4347 T: 2020-01-10T14:16 
timed {} 34.12818528886419
it 3 train 0.4790   train_h 0.1302   train_v 0.9487   dev 0.3447   dev_h 0.1638   dev_v 0.9388   new_test 0.4614   new_test_h 0.1347   new_test_v 0.9503   save acc: 0.4614 T: 2020-01-10T14:18 
timed {} 33.57600359944627
it 4 train 0.5217   train_h 0.1196   train_v 0.9514   dev 0.3486   dev_h 0.1628   dev_v 0.9313   new_test 0.4630   new_test_h 0.1342   new_test_v 0.9503   save acc: 0.4630 T: 2020-01-10T14:20 
timed {} 33.52513606962748
it 5 train 0.5512   train_h 0.1122   train_v 0.9581   dev 0.3510   dev_h 0.1622   dev_v 0.9356   new_test 0.4654   new_test_h 0.1336   new_test_v 0.9551   save acc: 0.4654 T: 2020-01-10T14:21 
timed {} 33.5263794696657
it 6 train 0.5747   train_h 0.1063   train_v 0.9575   dev 0.3513   dev_h 0.1622   dev_v 0.9380   new_test 0.4695   new_test_h 0.1326   new_test_v 0.9543   save acc: 0.4695 T: 2020-01-10T14:23 
timed {} 43.60827485052869
it 7 train 0.5929   train_h 0.1018   train_v 0.9611   dev 0.3558   dev_h 0.1610   dev_v 0.9325   new_test 0.4638   new_test_h 0.1340   new_test_v 0.9527   save acc: 0.4638 T: 2020-01-10T14:25 
timed {} 44.72980159835424
it 8 train 0.6086   train_h 0.0979   train_v 0.9618   dev 0.3522   dev_h 0.1619   dev_v 0.9361   new_test 0.4602   new_test_h 0.1350   new_test_v 0.9612   
timed {} 34.75737872347236
it 9 train 0.6209   train_h 0.0948   train_v 0.9627   dev 0.3537   dev_h 0.1616   dev_v 0.9378   new_test 0.4646   new_test_h 0.1338   new_test_v 0.9490   
timed {} 33.49431181466207
it 10 train 0.6297   train_h 0.0926   train_v 0.9635   dev 0.3513   dev_h 0.1622   dev_v 0.9323   new_test 0.4670   new_test_h 0.1332   new_test_v 0.9490   
timed {} 33.39017672231421
it 11 train 0.6369   train_h 0.0908   train_v 0.9640   dev 0.3493   dev_h 0.1627   dev_v 0.9349   new_test 0.4654   new_test_h 0.1336   new_test_v 0.9507   
timed {} 33.05023111309856
it 12 train 0.6443   train_h 0.0889   train_v 0.9649   dev 0.3476   dev_h 0.1631   dev_v 0.9325   new_test 0.4646   new_test_h 0.1338   new_test_v 0.9519   
timed {} 33.85800939775072
it 13 train 0.6489   train_h 0.0878   train_v 0.9660   dev 0.3488   dev_h 0.1628   dev_v 0.9378   new_test 0.4602   new_test_h 0.1350   new_test_v 0.9519   
timed {} 34.09325150900986
it 14 train 0.6517   train_h 0.0871   train_v 0.9651   dev 0.3520   dev_h 0.1620   dev_v 0.9359   new_test 0.4630   new_test_h 0.1342   new_test_v 0.9523   
timed {} 35.62196590169333
it 15 train 0.6551   train_h 0.0862   train_v 0.9650   dev 0.3472   dev_h 0.1632   dev_v 0.9361   new_test 0.4618   new_test_h 0.1346   new_test_v 0.9563   
timed {} 35.85484572162386
it 16 train 0.6570   train_h 0.0858   train_v 0.9655   dev 0.3445   dev_h 0.1639   dev_v 0.9354   new_test 0.4622   new_test_h 0.1345   new_test_v 0.9519   
