args Namespace(config='configs/config_l.json', dataset='dataset/IFTTT/msr_data.pkl', load_model=None, mode='train', output='model/ifttt/width-33/', width='33')
configure: {'max_word_id': 4000, 'bidirectional': True, 'cell_type': 'gru', 'decoder': 'attention', 'embedding_size': 160, 'keep_prob': 0.45, 'memory_size': 25, 'num_units': 160, 'use_embedding': True, 'epoches': 15, 'batch_size': 32, 'init': {'name': 'random_uniform_initializer', 'scale': 0.1}, 'lr_scheduler': {'decay_steps': 5000, 'init_lr': 0.002, 'decay_rate': 0.9, 'staircase': True}, 'max_grad_norm': 1, 'optimizer': 'AdamOptimizer'}
# path 8549
model/ifttt/width-33/dataset-w-33.pkl
load raw and dump to file
numArcLayers: 5
1 1 33
layer 1 incoming edges: 111
choose: News & information
split the incoming edges: 111 13 98
the value pair of raw_data is: 492
split the outgoings edges: 443 60 386 446
add node: MDDNode(1,u_6) MDDNode(1,u_7), remove node: MDDNode(1,u_1)
1 2 33
layer 1 incoming edges: 98
choose: Photo & video
split the incoming edges: 98 9 89
the value pair of raw_data is: 492
split the outgoings edges: 386 35 351 386
add node: MDDNode(1,u_8) MDDNode(1,u_9), remove node: MDDNode(1,u_7)
1 3 33
layer 1 incoming edges: 89
choose: Social networks
split the incoming edges: 89 7 82
the value pair of raw_data is: 492
split the outgoings edges: 351 55 296 351
add node: MDDNode(1,u_10) MDDNode(1,u_11), remove node: MDDNode(1,u_9)
1 4 33
layer 1 incoming edges: 82
choose: Others
split the incoming edges: 82 7 75
the value pair of raw_data is: 492
split the outgoings edges: 296 21 280 301
add node: MDDNode(1,u_12) MDDNode(1,u_13), remove node: MDDNode(1,u_11)
1 5 33
layer 1 incoming edges: 75
choose: Shopping
split the incoming edges: 75 6 69
the value pair of raw_data is: 492
split the outgoings edges: 280 23 257 280
add node: MDDNode(1,u_14) MDDNode(1,u_15), remove node: MDDNode(1,u_13)
1 6 33
layer 1 incoming edges: 69
choose: Bookmarking
split the incoming edges: 69 6 63
the value pair of raw_data is: 492
split the outgoings edges: 257 12 245 257
add node: MDDNode(1,u_16) MDDNode(1,u_17), remove node: MDDNode(1,u_15)
1 7 33
layer 1 incoming edges: 63
choose: Security & monitoring systems
split the incoming edges: 63 5 58
the value pair of raw_data is: 492
split the outgoings edges: 245 18 228 246
add node: MDDNode(1,u_18) MDDNode(1,u_19), remove node: MDDNode(1,u_17)
1 8 33
layer 1 incoming edges: 58
choose: Finance & payments
split the incoming edges: 58 4 54
the value pair of raw_data is: 492
split the outgoings edges: 228 17 211 228
add node: MDDNode(1,u_20) MDDNode(1,u_21), remove node: MDDNode(1,u_19)
1 9 33
layer 1 incoming edges: 54
choose: Mobile devices & accessories
split the incoming edges: 54 4 50
the value pair of raw_data is: 492
split the outgoings edges: 211 12 199 211
add node: MDDNode(1,u_22) MDDNode(1,u_23), remove node: MDDNode(1,u_21)
1 10 33
layer 1 incoming edges: 50
choose: Health & fitness
split the incoming edges: 50 4 46
the value pair of raw_data is: 492
split the outgoings edges: 199 26 174 200
add node: MDDNode(1,u_24) MDDNode(1,u_25), remove node: MDDNode(1,u_23)
1 11 33
layer 1 incoming edges: 46
choose: Notifications
split the incoming edges: 46 3 43
the value pair of raw_data is: 492
split the outgoings edges: 174 4 170 174
add node: MDDNode(1,u_26) MDDNode(1,u_27), remove node: MDDNode(1,u_25)
1 12 33
layer 1 incoming edges: 43
choose: Environment control & monitoring
split the incoming edges: 43 3 40
the value pair of raw_data is: 492
split the outgoings edges: 170 9 163 172
add node: MDDNode(1,u_28) MDDNode(1,u_29), remove node: MDDNode(1,u_27)
1 13 33
layer 1 incoming edges: 40
choose: Email
split the incoming edges: 40 3 37
the value pair of raw_data is: 492
split the outgoings edges: 163 10 153 163
add node: MDDNode(1,u_30) MDDNode(1,u_31), remove node: MDDNode(1,u_29)
1 14 33
layer 1 incoming edges: 37
choose: Weather
split the incoming edges: 37 3 34
the value pair of raw_data is: 492
split the outgoings edges: 153 30 127 157
add node: MDDNode(1,u_32) MDDNode(1,u_33), remove node: MDDNode(1,u_31)
1 15 33
layer 1 incoming edges: 34
choose: Power monitoring & management
split the incoming edges: 34 3 31
the value pair of raw_data is: 492
split the outgoings edges: 127 11 118 129
add node: MDDNode(1,u_34) MDDNode(1,u_35), remove node: MDDNode(1,u_33)
1 16 33
layer 1 incoming edges: 31
choose: Gardening
split the incoming edges: 31 3 28
the value pair of raw_data is: 492
split the outgoings edges: 118 9 109 118
add node: MDDNode(1,u_36) MDDNode(1,u_37), remove node: MDDNode(1,u_35)
1 17 33
layer 1 incoming edges: 28
choose: Blogging
split the incoming edges: 28 3 25
the value pair of raw_data is: 492
split the outgoings edges: 109 13 96 109
add node: MDDNode(1,u_38) MDDNode(1,u_39), remove node: MDDNode(1,u_37)
1 18 33
layer 1 incoming edges: 25
choose: Smart hubs & systems
split the incoming edges: 25 3 22
the value pair of raw_data is: 492
split the outgoings edges: 96 20 78 98
add node: MDDNode(1,u_40) MDDNode(1,u_41), remove node: MDDNode(1,u_39)
1 19 33
layer 1 incoming edges: 22
choose: Appliances
split the incoming edges: 22 2 20
the value pair of raw_data is: 492
split the outgoings edges: 78 2 76 78
add node: MDDNode(1,u_42) MDDNode(1,u_43), remove node: MDDNode(1,u_41)
1 20 33
layer 1 incoming edges: 20
choose: Calendars & scheduling
split the incoming edges: 20 2 18
the value pair of raw_data is: 492
split the outgoings edges: 76 8 68 76
add node: MDDNode(1,u_44) MDDNode(1,u_45), remove node: MDDNode(1,u_43)
1 21 33
layer 1 incoming edges: 18
choose: Communication
split the incoming edges: 18 2 16
the value pair of raw_data is: 492
split the outgoings edges: 68 12 56 68
add node: MDDNode(1,u_46) MDDNode(1,u_47), remove node: MDDNode(1,u_45)
1 22 33
layer 1 incoming edges: 16
choose: Connected car
split the incoming edges: 16 2 14
the value pair of raw_data is: 492
split the outgoings edges: 56 10 46 56
add node: MDDNode(1,u_48) MDDNode(1,u_49), remove node: MDDNode(1,u_47)
1 23 33
layer 1 incoming edges: 14
choose: DIY electronics
split the incoming edges: 14 2 12
the value pair of raw_data is: 492
split the outgoings edges: 46 2 44 46
add node: MDDNode(1,u_50) MDDNode(1,u_51), remove node: MDDNode(1,u_49)
1 24 33
layer 1 incoming edges: 13
only split: [MDDArc('time', MDDNode(0, 's'), MDDNode(1, 'u_6'))]
split the incoming edges: 13 1 12
the value pair of raw_data is: 492
split the outgoings edges: 60 2 60 62
add node: MDDNode(1,u_52) MDDNode(1,u_53), remove node: MDDNode(1,u_6)
1 25 33
layer 1 incoming edges: 12
choose: Contacts
split the incoming edges: 12 2 10
the value pair of raw_data is: 492
split the outgoings edges: 44 3 41 44
add node: MDDNode(1,u_54) MDDNode(1,u_55), remove node: MDDNode(1,u_51)
1 26 33
layer 1 incoming edges: 12
only split: [MDDArc('feedly', MDDNode(0, 's'), MDDNode(1, 'u_53'))]
split the incoming edges: 12 1 11
the value pair of raw_data is: 492
split the outgoings edges: 60 4 56 60
add node: MDDNode(1,u_56) MDDNode(1,u_57), remove node: MDDNode(1,u_53)
1 27 33
layer 1 incoming edges: 11
only split: [MDDArc('sports_illustrated', MDDNode(0, 's'), MDDNode(1, 'u_57'))]
split the incoming edges: 11 1 10
the value pair of raw_data is: 492
split the outgoings edges: 56 2 56 58
add node: MDDNode(1,u_58) MDDNode(1,u_59), remove node: MDDNode(1,u_57)
1 28 33
layer 1 incoming edges: 10
choose: Task management & to-dos
split the incoming edges: 10 2 8
the value pair of raw_data is: 492
split the outgoings edges: 41 11 30 41
add node: MDDNode(1,u_60) MDDNode(1,u_61), remove node: MDDNode(1,u_55)
1 29 33
layer 1 incoming edges: 10
only split: [MDDArc('space', MDDNode(0, 's'), MDDNode(1, 'u_59'))]
split the incoming edges: 10 1 9
the value pair of raw_data is: 492
split the outgoings edges: 56 8 48 56
add node: MDDNode(1,u_62) MDDNode(1,u_63), remove node: MDDNode(1,u_59)
1 30 33
layer 1 incoming edges: 9
only split: [MDDArc('stockimo', MDDNode(0, 's'), MDDNode(1, 'u_8'))]
split the incoming edges: 9 1 8
the value pair of raw_data is: 492
split the outgoings edges: 35 6 29 35
add node: MDDNode(1,u_64) MDDNode(1,u_65), remove node: MDDNode(1,u_8)
1 31 33
layer 1 incoming edges: 9
only split: [MDDArc('ifttt', MDDNode(0, 's'), MDDNode(1, 'u_63'))]
split the incoming edges: 9 1 8
the value pair of raw_data is: 492
split the outgoings edges: 48 11 37 48
add node: MDDNode(1,u_66) MDDNode(1,u_67), remove node: MDDNode(1,u_63)
1 32 33
layer 1 incoming edges: 8
choose: Journaling & personal data
split the incoming edges: 8 1 7
the value pair of raw_data is: 492
split the outgoings edges: 30 3 27 30
add node: MDDNode(1,u_68) MDDNode(1,u_69), remove node: MDDNode(1,u_61)
dump to the pickle
the graph width list : [1, 33, 1, 1, 1, 1]
it 1 train 0.3333   train_h 0.1667   train_v 0.9279   dev 0.2917   dev_h 0.1771   dev_v 0.9262   new_test 0.3639   new_test_h 0.1590   new_test_v 0.9292   save acc: 0.3639 T: 2020-01-10T02:01 
it 2 train 0.4252   train_h 0.1437   train_v 0.9379   dev 0.3373   dev_h 0.1657   dev_v 0.9351   new_test 0.4254   new_test_h 0.1437   new_test_v 0.9490   save acc: 0.4254 T: 2020-01-10T02:04 
it 3 train 0.4746   train_h 0.1313   train_v 0.9418   dev 0.3484   dev_h 0.1629   dev_v 0.9327   new_test 0.4630   new_test_h 0.1342   new_test_v 0.9507   save acc: 0.4630 T: 2020-01-10T02:07 
it 4 train 0.5122   train_h 0.1219   train_v 0.9445   dev 0.3486   dev_h 0.1628   dev_v 0.9243   new_test 0.4416   new_test_h 0.1396   new_test_v 0.9236   save acc: 0.4416 T: 2020-01-10T02:10 
it 5 train 0.5423   train_h 0.1144   train_v 0.9465   dev 0.3573   dev_h 0.1607   dev_v 0.9180   new_test 0.4529   new_test_h 0.1368   new_test_v 0.9361   save acc: 0.4529 T: 2020-01-10T02:13 
it 6 train 0.5657   train_h 0.1086   train_v 0.9499   dev 0.3532   dev_h 0.1617   dev_v 0.9282   new_test 0.4505   new_test_h 0.1374   new_test_v 0.9309   
it 7 train 0.5859   train_h 0.1035   train_v 0.9533   dev 0.3580   dev_h 0.1605   dev_v 0.9282   new_test 0.4553   new_test_h 0.1362   new_test_v 0.9349   save acc: 0.4553 T: 2020-01-10T02:19 
it 8 train 0.6001   train_h 0.1000   train_v 0.9516   dev 0.3549   dev_h 0.1613   dev_v 0.9279   new_test 0.4480   new_test_h 0.1380   new_test_v 0.9309   
it 9 train 0.6137   train_h 0.0966   train_v 0.9550   dev 0.3527   dev_h 0.1618   dev_v 0.9274   new_test 0.4456   new_test_h 0.1386   new_test_v 0.9321   
it 10 train 0.6223   train_h 0.0944   train_v 0.9547   dev 0.3585   dev_h 0.1604   dev_v 0.9195   new_test 0.4666   new_test_h 0.1333   new_test_v 0.9555   save acc: 0.4666 T: 2020-01-10T02:29 
it 11 train 0.6293   train_h 0.0927   train_v 0.9584   dev 0.3541   dev_h 0.1615   dev_v 0.9197   new_test 0.4606   new_test_h 0.1349   new_test_v 0.9495   
it 12 train 0.6361   train_h 0.0910   train_v 0.9570   dev 0.3570   dev_h 0.1607   dev_v 0.9161   new_test 0.4594   new_test_h 0.1352   new_test_v 0.9474   
it 13 train 0.6399   train_h 0.0900   train_v 0.9599   dev 0.3568   dev_h 0.1608   dev_v 0.9229   new_test 0.4610   new_test_h 0.1348   new_test_v 0.9482   
it 14 train 0.6437   train_h 0.0891   train_v 0.9591   dev 0.3575   dev_h 0.1606   dev_v 0.9214   new_test 0.4456   new_test_h 0.1386   new_test_v 0.9349   
it 15 train 0.6469   train_h 0.0883   train_v 0.9600   dev 0.3573   dev_h 0.1607   dev_v 0.9224   new_test 0.4577   new_test_h 0.1356   new_test_v 0.9486   
it 16 train 0.6500   train_h 0.0875   train_v 0.9590   dev 0.3522   dev_h 0.1619   dev_v 0.9185   new_test 0.4577   new_test_h 0.1356   new_test_v 0.9450   
