args Namespace(config='configs/config_l.json', dataset='dataset/IFTTT/msr_data.pkl', load_model=None, mode='train', output='model/ifttt/width-18/', width='18')
configure: {'max_word_id': 3782, 'bidirectional': True, 'cell_type': 'lstm', 'decoder': 'attention', 'embedding_size': 100, 'keep_prob': 0.75, 'memory_size': 100, 'num_units': 100, 'use_embedding': True, 'epoches': 12, 'batch_size': 20, 'init': {'name': 'random_uniform_initializer', 'scale': 0.1}, 'lr_scheduler': {'decay_steps': 5000, 'init_lr': 0.02, 'decay_rate': 0.9, 'staircase': True}, 'max_grad_norm': 1, 'optimizer': 'AdamOptimizer'}
# path 8549
model/ifttt/width-18/dataset-w-18.pkl
load raw and dump to file
numArcLayers: 5
layer:1, node:MDDNode(1,u_1), in=111, out=443
choose: News & information
split in: 111 -> (98,13)
split out: 443 -> (386,60,446)
add: MDDNode(1,u-6) MDDNode(1,u-7), del:MDDNode(1,u_1)
2 (13,60) (98,386) 
layer:1, node:MDDNode(1,u-7), in=98, out=386
choose: Photo & video
split in: 98 -> (89,9)
split out: 386 -> (351,35,386)
add: MDDNode(1,u-8) MDDNode(1,u-9), del:MDDNode(1,u-7)
3 (13,60) (9,35) (89,351) 
layer:1, node:MDDNode(1,u-9), in=89, out=351
choose: Others
split in: 89 -> (82,7)
split out: 351 -> (335,21,356)
add: MDDNode(1,u-10) MDDNode(1,u-11), del:MDDNode(1,u-9)
4 (13,60) (9,35) (7,21) (82,335) 
layer:1, node:MDDNode(1,u-11), in=82, out=335
choose: Social networks
split in: 82 -> (75,7)
split out: 335 -> (280,55,335)
add: MDDNode(1,u-12) MDDNode(1,u-13), del:MDDNode(1,u-11)
5 (13,60) (9,35) (7,21) (7,55) (75,280) 
layer:1, node:MDDNode(1,u-13), in=75, out=280
choose: Bookmarking
split in: 75 -> (69,6)
split out: 280 -> (268,12,280)
add: MDDNode(1,u-14) MDDNode(1,u-15), del:MDDNode(1,u-13)
6 (13,60) (9,35) (7,21) (7,55) (6,12) (69,268) 
layer:1, node:MDDNode(1,u-15), in=69, out=268
choose: Shopping
split in: 69 -> (63,6)
split out: 268 -> (245,23,268)
add: MDDNode(1,u-16) MDDNode(1,u-17), del:MDDNode(1,u-15)
7 (13,60) (9,35) (7,21) (7,55) (6,12) (6,23) (63,245) 
layer:1, node:MDDNode(1,u-17), in=63, out=245
choose: Security & monitoring systems
split in: 63 -> (58,5)
split out: 245 -> (228,18,246)
add: MDDNode(1,u-18) MDDNode(1,u-19), del:MDDNode(1,u-17)
8 (13,60) (9,35) (7,21) (7,55) (6,12) (6,23) (5,18) (58,228) 
layer:1, node:MDDNode(1,u-19), in=58, out=228
choose: Finance & payments
split in: 58 -> (54,4)
split out: 228 -> (211,17,228)
add: MDDNode(1,u-20) MDDNode(1,u-21), del:MDDNode(1,u-19)
9 (13,60) (9,35) (7,21) (7,55) (6,12) (6,23) (5,18) (4,17) (54,211) 
layer:1, node:MDDNode(1,u-21), in=54, out=211
choose: Mobile devices & accessories
split in: 54 -> (50,4)
split out: 211 -> (199,12,211)
add: MDDNode(1,u-22) MDDNode(1,u-23), del:MDDNode(1,u-21)
10 (13,60) (9,35) (7,21) (7,55) (6,12) (6,23) (5,18) (4,17) (4,12) (50,199) 
layer:1, node:MDDNode(1,u-23), in=50, out=199
choose: Health & fitness
split in: 50 -> (46,4)
split out: 199 -> (174,26,200)
add: MDDNode(1,u-24) MDDNode(1,u-25), del:MDDNode(1,u-23)
11 (13,60) (9,35) (7,21) (7,55) (6,12) (6,23) (5,18) (4,17) (4,12) (4,26) (46,174) 
layer:1, node:MDDNode(1,u-25), in=46, out=174
choose: Environment control & monitoring
split in: 46 -> (43,3)
split out: 174 -> (167,9,176)
add: MDDNode(1,u-26) MDDNode(1,u-27), del:MDDNode(1,u-25)
12 (13,60) (9,35) (7,21) (7,55) (6,12) (6,23) (5,18) (4,17) (4,12) (4,26) (3,9) (43,167) 
layer:1, node:MDDNode(1,u-27), in=43, out=167
choose: Power monitoring & management
split in: 43 -> (40,3)
split out: 167 -> (158,11,169)
add: MDDNode(1,u-28) MDDNode(1,u-29), del:MDDNode(1,u-27)
13 (13,60) (9,35) (7,21) (7,55) (6,12) (6,23) (5,18) (4,17) (4,12) (4,26) (3,9) (3,11) (40,158) 
layer:1, node:MDDNode(1,u-29), in=40, out=158
choose: Communication
split in: 40 -> (37,3)
split out: 158 -> (145,13,158)
add: MDDNode(1,u-30) MDDNode(1,u-31), del:MDDNode(1,u-29)
14 (13,60) (9,35) (7,21) (7,55) (6,12) (6,23) (5,18) (4,17) (4,12) (4,26) (3,9) (3,11) (3,13) (37,145) 
layer:1, node:MDDNode(1,u-31), in=37, out=145
choose: Email
split in: 37 -> (34,3)
split out: 145 -> (135,10,145)
add: MDDNode(1,u-32) MDDNode(1,u-33), del:MDDNode(1,u-31)
15 (13,60) (9,35) (7,21) (7,55) (6,12) (6,23) (5,18) (4,17) (4,12) (4,26) (3,9) (3,11) (3,13) (3,10) (34,135) 
layer:1, node:MDDNode(1,u-33), in=34, out=135
choose: Gardening
split in: 34 -> (31,3)
split out: 135 -> (126,9,135)
add: MDDNode(1,u-34) MDDNode(1,u-35), del:MDDNode(1,u-33)
16 (13,60) (9,35) (7,21) (7,55) (6,12) (6,23) (5,18) (4,17) (4,12) (4,26) (3,9) (3,11) (3,13) (3,10) (3,9) (31,126) 
layer:1, node:MDDNode(1,u-35), in=31, out=126
choose: Blogging
split in: 31 -> (28,3)
split out: 126 -> (113,13,126)
add: MDDNode(1,u-36) MDDNode(1,u-37), del:MDDNode(1,u-35)
17 (13,60) (9,35) (7,21) (7,55) (6,12) (6,23) (5,18) (4,17) (4,12) (4,26) (3,9) (3,11) (3,13) (3,10) (3,9) (3,13) (28,113) 
layer:1, node:MDDNode(1,u-37), in=28, out=113
choose: Smart hubs & systems
split in: 28 -> (25,3)
split out: 113 -> (99,20,119)
add: MDDNode(1,u-38) MDDNode(1,u-39), del:MDDNode(1,u-37)
18 (13,60) (9,35) (7,21) (7,55) (6,12) (6,23) (5,18) (4,17) (4,12) (4,26) (3,9) (3,11) (3,13) (3,10) (3,9) (3,13) (3,20) (25,99) 
layer:3, node:MDDNode(3,u_3), in=88, out=161
choose: Notifications
split in: 88 -> (81,7)
split out: 161 -> (154,9,163)
add: MDDNode(3,u-40) MDDNode(3,u-41), del:MDDNode(3,u_3)
2 (7,9) (81,154) 
layer:3, node:MDDNode(3,u-41), in=81, out=154
choose: Others
split in: 81 -> (75,6)
split out: 154 -> (144,12,156)
add: MDDNode(3,u-42) MDDNode(3,u-43), del:MDDNode(3,u-41)
3 (7,9) (6,12) (75,144) 
layer:3, node:MDDNode(3,u-43), in=75, out=144
choose: Social networks
split in: 75 -> (69,6)
split out: 144 -> (131,14,145)
add: MDDNode(3,u-44) MDDNode(3,u-45), del:MDDNode(3,u-43)
4 (7,9) (6,12) (6,14) (69,131) 
layer:3, node:MDDNode(3,u-45), in=69, out=131
choose: Bookmarking
split in: 69 -> (63,6)
split out: 131 -> (125,7,132)
add: MDDNode(3,u-46) MDDNode(3,u-47), del:MDDNode(3,u-45)
5 (7,9) (6,12) (6,14) (6,7) (63,125) 
layer:3, node:MDDNode(3,u-47), in=63, out=125
choose: Environment control & monitoring
split in: 63 -> (59,4)
split out: 125 -> (115,10,125)
add: MDDNode(3,u-48) MDDNode(3,u-49), del:MDDNode(3,u-47)
6 (7,9) (6,12) (6,14) (6,7) (4,10) (59,115) 
layer:3, node:MDDNode(3,u-49), in=59, out=115
choose: Power monitoring & management
split in: 59 -> (55,4)
split out: 115 -> (111,9,120)
add: MDDNode(3,u-50) MDDNode(3,u-51), del:MDDNode(3,u-49)
7 (7,9) (6,12) (6,14) (6,7) (4,10) (4,9) (55,111) 
layer:3, node:MDDNode(3,u-51), in=55, out=111
choose: Cloud storage
split in: 55 -> (51,4)
split out: 111 -> (104,7,111)
add: MDDNode(3,u-52) MDDNode(3,u-53), del:MDDNode(3,u-51)
8 (7,9) (6,12) (6,14) (6,7) (4,10) (4,9) (4,7) (51,104) 
layer:3, node:MDDNode(3,u-53), in=51, out=104
choose: Communication
split in: 51 -> (47,4)
split out: 104 -> (100,4,104)
add: MDDNode(3,u-54) MDDNode(3,u-55), del:MDDNode(3,u-53)
9 (7,9) (6,12) (6,14) (6,7) (4,10) (4,9) (4,7) (4,4) (47,100) 
layer:3, node:MDDNode(3,u-55), in=47, out=100
choose: Email
split in: 47 -> (43,4)
split out: 100 -> (95,5,100)
add: MDDNode(3,u-56) MDDNode(3,u-57), del:MDDNode(3,u-55)
10 (7,9) (6,12) (6,14) (6,7) (4,10) (4,9) (4,7) (4,4) (4,5) (43,95) 
layer:3, node:MDDNode(3,u-57), in=43, out=95
choose: Security & monitoring systems
split in: 43 -> (39,4)
split out: 95 -> (78,17,95)
add: MDDNode(3,u-58) MDDNode(3,u-59), del:MDDNode(3,u-57)
11 (7,9) (6,12) (6,14) (6,7) (4,10) (4,9) (4,7) (4,4) (4,5) (4,17) (39,78) 
layer:3, node:MDDNode(3,u-59), in=39, out=78
choose: Photo & video
split in: 39 -> (35,4)
split out: 78 -> (74,4,78)
add: MDDNode(3,u-60) MDDNode(3,u-61), del:MDDNode(3,u-59)
12 (7,9) (6,12) (6,14) (6,7) (4,10) (4,9) (4,7) (4,4) (4,5) (4,17) (4,4) (35,74) 
layer:3, node:MDDNode(3,u-61), in=35, out=74
choose: Mobile devices & accessories
split in: 35 -> (31,4)
split out: 74 -> (69,7,76)
add: MDDNode(3,u-62) MDDNode(3,u-63), del:MDDNode(3,u-61)
13 (7,9) (6,12) (6,14) (6,7) (4,10) (4,9) (4,7) (4,4) (4,5) (4,17) (4,4) (4,7) (31,69) 
layer:3, node:MDDNode(3,u-63), in=31, out=69
choose: Smart hubs & systems
split in: 31 -> (28,3)
split out: 69 -> (60,9,69)
add: MDDNode(3,u-64) MDDNode(3,u-65), del:MDDNode(3,u-63)
14 (7,9) (6,12) (6,14) (6,7) (4,10) (4,9) (4,7) (4,4) (4,5) (4,17) (4,4) (4,7) (3,9) (28,60) 
layer:3, node:MDDNode(3,u-65), in=28, out=60
choose: Health & fitness
split in: 28 -> (25,3)
split out: 60 -> (58,3,61)
add: MDDNode(3,u-66) MDDNode(3,u-67), del:MDDNode(3,u-65)
15 (7,9) (6,12) (6,14) (6,7) (4,10) (4,9) (4,7) (4,4) (4,5) (4,17) (4,4) (4,7) (3,9) (3,3) (25,58) 
layer:3, node:MDDNode(3,u-67), in=25, out=58
choose: Blogging
split in: 25 -> (22,3)
split out: 58 -> (51,7,58)
add: MDDNode(3,u-68) MDDNode(3,u-69), del:MDDNode(3,u-67)
16 (7,9) (6,12) (6,14) (6,7) (4,10) (4,9) (4,7) (4,4) (4,5) (4,17) (4,4) (4,7) (3,9) (3,3) (3,7) (22,51) 
layer:3, node:MDDNode(3,u-69), in=22, out=51
choose: Lighting
split in: 22 -> (20,2)
split out: 51 -> (39,13,52)
add: MDDNode(3,u-70) MDDNode(3,u-71), del:MDDNode(3,u-69)
17 (7,9) (6,12) (6,14) (6,7) (4,10) (4,9) (4,7) (4,4) (4,5) (4,17) (4,4) (4,7) (3,9) (3,3) (3,7) (2,13) (20,39) 
layer:3, node:MDDNode(3,u-71), in=20, out=39
choose: Developer tools
split in: 20 -> (18,2)
split out: 39 -> (36,3,39)
add: MDDNode(3,u-72) MDDNode(3,u-73), del:MDDNode(3,u-71)
18 (7,9) (6,12) (6,14) (6,7) (4,10) (4,9) (4,7) (4,4) (4,5) (4,17) (4,4) (4,7) (3,9) (3,3) (3,7) (2,13) (2,3) (18,36) 
=profile=
(0, 111) 
(13, 60) (9, 35) (7, 21) (7, 55) (6, 12) (6, 23) (5, 18) (4, 17) (4, 12) (4, 26) (3, 9) (3, 11) (3, 13) (3, 10) (3, 9) (3, 13) (3, 20) (25, 99) 
(463, 88) 
(7, 9) (6, 12) (6, 14) (6, 7) (4, 10) (4, 9) (4, 7) (4, 4) (4, 5) (4, 17) (4, 4) (4, 7) (3, 9) (3, 3) (3, 7) (2, 13) (2, 3) (18, 36) 
(176, 1) 
(1, 0) 
dump to the pickle
the graph width list : [1, 18, 1, 18, 1, 1]
it 1 dev 26.25   dev_h 44.20   dev_v 93.18   new_test 34.98   new_test_h 33.41   new_test_v 95.96   save: 34.98 T: 2020-01-13T04:53 
it 2 dev 30.42   dev_h 41.41   dev_v 95.25   new_test 41.16   new_test_h 30.97   new_test_v 95.84   save: 41.16 T: 2020-01-13T04:55 
it 3 dev 31.32   dev_h 41.56   dev_v 94.65   new_test 39.06   new_test_h 31.76   new_test_v 95.67   save: 39.06 T: 2020-01-13T04:56 
it 4 dev 30.88   dev_h 41.35   dev_v 94.33   new_test 41.25   new_test_h 30.36   new_test_v 95.51   
it 5 dev 31.39   dev_h 41.24   dev_v 95.01   new_test 43.27   new_test_h 29.67   new_test_v 96.48   save: 43.27 T: 2020-01-13T04:58 
it 6 dev 30.98   dev_h 41.40   dev_v 94.96   new_test 42.46   new_test_h 30.02   new_test_v 96.08   
it 7 dev 31.03   dev_h 41.20   dev_v 94.82   new_test 43.11   new_test_h 29.57   new_test_v 96.52   
it 8 dev 30.91   dev_h 41.39   dev_v 94.46   new_test 43.19   new_test_h 29.85   new_test_v 96.52   
it 9 dev 30.69   dev_h 41.61   dev_v 94.21   new_test 42.30   new_test_h 30.13   new_test_v 96.56   
it 10 dev 30.47   dev_h 41.74   dev_v 94.36   new_test 42.70   new_test_h 29.99   new_test_v 96.20   
it 11 dev 30.38   dev_h 41.82   dev_v 94.21   new_test 42.22   new_test_h 30.40   new_test_v 96.08   
it 12 dev 30.81   dev_h 41.68   dev_v 94.29   new_test 42.58   new_test_h 30.18   new_test_v 95.96   
it 13 dev 30.79   dev_h 41.76   dev_v 94.41   new_test 42.86   new_test_h 29.96   new_test_v 95.71   
