args Namespace(config='configs/config_l.json', dataset='dataset/IFTTT/msr_data.pkl', load_model=None, mode='train', output='model/ifttt/width-19/', width='19')
configure: {'max_word_id': 4000, 'bidirectional': True, 'cell_type': 'gru', 'decoder': 'attention', 'embedding_size': 160, 'keep_prob': 0.45, 'memory_size': 25, 'num_units': 160, 'use_embedding': True, 'epoches': 15, 'batch_size': 32, 'init': {'name': 'random_uniform_initializer', 'scale': 0.1}, 'lr_scheduler': {'decay_steps': 5000, 'init_lr': 0.002, 'decay_rate': 0.9, 'staircase': True}, 'max_grad_norm': 1, 'optimizer': 'AdamOptimizer'}
# path 8549
model/ifttt/width-19/dataset-w-19.pkl
load raw and dump to file
numArcLayers: 5
1 1 19
layer 1 incoming edges: 111
choose: News & information
split the incoming edges: 111 13 98
the value pair of raw_data is: 492
split the outgoings edges: 443 60 386 446
add node: MDDNode(1,u_6) MDDNode(1,u_7), remove node: MDDNode(1,u_1)
1 2 19
layer 1 incoming edges: 98
choose: Photo & video
split the incoming edges: 98 9 89
the value pair of raw_data is: 492
split the outgoings edges: 386 35 351 386
add node: MDDNode(1,u_8) MDDNode(1,u_9), remove node: MDDNode(1,u_7)
1 3 19
layer 1 incoming edges: 89
choose: Others
split the incoming edges: 89 7 82
the value pair of raw_data is: 492
split the outgoings edges: 351 21 335 356
add node: MDDNode(1,u_10) MDDNode(1,u_11), remove node: MDDNode(1,u_9)
1 4 19
layer 1 incoming edges: 82
choose: Social networks
split the incoming edges: 82 7 75
the value pair of raw_data is: 492
split the outgoings edges: 335 55 280 335
add node: MDDNode(1,u_12) MDDNode(1,u_13), remove node: MDDNode(1,u_11)
1 5 19
layer 1 incoming edges: 75
choose: Shopping
split the incoming edges: 75 6 69
the value pair of raw_data is: 492
split the outgoings edges: 280 23 257 280
add node: MDDNode(1,u_14) MDDNode(1,u_15), remove node: MDDNode(1,u_13)
1 6 19
layer 1 incoming edges: 69
choose: Bookmarking
split the incoming edges: 69 6 63
the value pair of raw_data is: 492
split the outgoings edges: 257 12 245 257
add node: MDDNode(1,u_16) MDDNode(1,u_17), remove node: MDDNode(1,u_15)
1 7 19
layer 1 incoming edges: 63
choose: Security & monitoring systems
split the incoming edges: 63 5 58
the value pair of raw_data is: 492
split the outgoings edges: 245 18 228 246
add node: MDDNode(1,u_18) MDDNode(1,u_19), remove node: MDDNode(1,u_17)
1 8 19
layer 1 incoming edges: 58
choose: Health & fitness
split the incoming edges: 58 4 54
the value pair of raw_data is: 492
split the outgoings edges: 228 26 203 229
add node: MDDNode(1,u_20) MDDNode(1,u_21), remove node: MDDNode(1,u_19)
1 9 19
layer 1 incoming edges: 54
choose: Mobile devices & accessories
split the incoming edges: 54 4 50
the value pair of raw_data is: 492
split the outgoings edges: 203 12 191 203
add node: MDDNode(1,u_22) MDDNode(1,u_23), remove node: MDDNode(1,u_21)
1 10 19
layer 1 incoming edges: 50
choose: Finance & payments
split the incoming edges: 50 4 46
the value pair of raw_data is: 492
split the outgoings edges: 191 17 174 191
add node: MDDNode(1,u_24) MDDNode(1,u_25), remove node: MDDNode(1,u_23)
1 11 19
layer 1 incoming edges: 46
choose: Power monitoring & management
split the incoming edges: 46 3 43
the value pair of raw_data is: 492
split the outgoings edges: 174 11 165 176
add node: MDDNode(1,u_26) MDDNode(1,u_27), remove node: MDDNode(1,u_25)
1 12 19
layer 1 incoming edges: 43
choose: Environment control & monitoring
split the incoming edges: 43 3 40
the value pair of raw_data is: 492
split the outgoings edges: 165 9 158 167
add node: MDDNode(1,u_28) MDDNode(1,u_29), remove node: MDDNode(1,u_27)
1 13 19
layer 1 incoming edges: 40
choose: Blogging
split the incoming edges: 40 3 37
the value pair of raw_data is: 492
split the outgoings edges: 158 13 145 158
add node: MDDNode(1,u_30) MDDNode(1,u_31), remove node: MDDNode(1,u_29)
1 14 19
layer 1 incoming edges: 37
choose: Gardening
split the incoming edges: 37 3 34
the value pair of raw_data is: 492
split the outgoings edges: 145 9 136 145
add node: MDDNode(1,u_32) MDDNode(1,u_33), remove node: MDDNode(1,u_31)
1 15 19
layer 1 incoming edges: 34
choose: Notifications
split the incoming edges: 34 3 31
the value pair of raw_data is: 492
split the outgoings edges: 136 4 132 136
add node: MDDNode(1,u_34) MDDNode(1,u_35), remove node: MDDNode(1,u_33)
1 16 19
layer 1 incoming edges: 31
choose: Email
split the incoming edges: 31 3 28
the value pair of raw_data is: 492
split the outgoings edges: 132 10 122 132
add node: MDDNode(1,u_36) MDDNode(1,u_37), remove node: MDDNode(1,u_35)
1 17 19
layer 1 incoming edges: 28
choose: Weather
split the incoming edges: 28 3 25
the value pair of raw_data is: 492
split the outgoings edges: 122 30 96 126
add node: MDDNode(1,u_38) MDDNode(1,u_39), remove node: MDDNode(1,u_37)
1 18 19
layer 1 incoming edges: 25
choose: Smart hubs & systems
split the incoming edges: 25 3 22
the value pair of raw_data is: 492
split the outgoings edges: 96 20 78 98
add node: MDDNode(1,u_40) MDDNode(1,u_41), remove node: MDDNode(1,u_39)
dump to the pickle
the graph width list : [1, 19, 1, 1, 1, 1]
it 1 train 0.3340   train_h 0.1665   train_v 0.9211   dev 0.2888   dev_h 0.1778   dev_v 0.9214   new_test 0.3591   new_test_h 0.1602   new_test_v 0.9252   save acc: 0.3591 T: 2020-01-10T02:48 
it 2 train 0.4231   train_h 0.1442   train_v 0.9364   dev 0.3332   dev_h 0.1667   dev_v 0.9260   new_test 0.4181   new_test_h 0.1455   new_test_v 0.9446   save acc: 0.4181 T: 2020-01-10T02:51 
it 3 train 0.4709   train_h 0.1323   train_v 0.9364   dev 0.3416   dev_h 0.1646   dev_v 0.9149   new_test 0.4594   new_test_h 0.1352   new_test_v 0.9406   save acc: 0.4594 T: 2020-01-10T02:54 
it 4 train 0.5112   train_h 0.1222   train_v 0.9399   dev 0.3431   dev_h 0.1642   dev_v 0.9204   new_test 0.4452   new_test_h 0.1387   new_test_v 0.9402   save acc: 0.4452 T: 2020-01-10T02:57 
it 5 train 0.5411   train_h 0.1147   train_v 0.9434   dev 0.3566   dev_h 0.1609   dev_v 0.9233   new_test 0.4662   new_test_h 0.1334   new_test_v 0.9490   save acc: 0.4662 T: 2020-01-10T03:00 
it 6 train 0.5641   train_h 0.1090   train_v 0.9476   dev 0.3503   dev_h 0.1624   dev_v 0.9241   new_test 0.4618   new_test_h 0.1346   new_test_v 0.9430   
it 7 train 0.5834   train_h 0.1042   train_v 0.9522   dev 0.3472   dev_h 0.1632   dev_v 0.9265   new_test 0.4618   new_test_h 0.1346   new_test_v 0.9418   
it 8 train 0.5995   train_h 0.1001   train_v 0.9516   dev 0.3467   dev_h 0.1633   dev_v 0.9245   new_test 0.4630   new_test_h 0.1342   new_test_v 0.9482   
it 9 train 0.6128   train_h 0.0968   train_v 0.9545   dev 0.3500   dev_h 0.1625   dev_v 0.9277   new_test 0.4565   new_test_h 0.1359   new_test_v 0.9438   
it 10 train 0.6219   train_h 0.0945   train_v 0.9541   dev 0.3452   dev_h 0.1637   dev_v 0.9224   new_test 0.4586   new_test_h 0.1354   new_test_v 0.9454   
it 11 train 0.6287   train_h 0.0928   train_v 0.9540   dev 0.3421   dev_h 0.1645   dev_v 0.9221   new_test 0.4557   new_test_h 0.1361   new_test_v 0.9450   
it 12 train 0.6350   train_h 0.0913   train_v 0.9539   dev 0.3423   dev_h 0.1644   dev_v 0.9168   new_test 0.4618   new_test_h 0.1346   new_test_v 0.9442   
it 13 train 0.6407   train_h 0.0898   train_v 0.9573   dev 0.3397   dev_h 0.1651   dev_v 0.9161   new_test 0.4557   new_test_h 0.1361   new_test_v 0.9410   
it 14 train 0.6437   train_h 0.0891   train_v 0.9572   dev 0.3397   dev_h 0.1651   dev_v 0.9204   new_test 0.4541   new_test_h 0.1365   new_test_v 0.9373   
it 15 train 0.6470   train_h 0.0882   train_v 0.9585   dev 0.3375   dev_h 0.1656   dev_v 0.9219   new_test 0.4557   new_test_h 0.1361   new_test_v 0.9345   
it 16 train 0.6496   train_h 0.0876   train_v 0.9582   dev 0.3387   dev_h 0.1653   dev_v 0.9253   new_test 0.4509   new_test_h 0.1373   new_test_v 0.9361   
