args Namespace(config='configs/config_l.json', dataset='dataset/IFTTT/msr_data.pkl', load_model=None, mode='train', output='model/ifttt/width-19/', width='19')
configure: {'max_word_id': 3782, 'bidirectional': True, 'cell_type': 'lstm', 'decoder': 'attention', 'embedding_size': 100, 'keep_prob': 0.75, 'memory_size': 100, 'num_units': 100, 'use_embedding': True, 'epoches': 12, 'batch_size': 20, 'init': {'name': 'random_uniform_initializer', 'scale': 0.1}, 'lr_scheduler': {'decay_steps': 5000, 'init_lr': 0.02, 'decay_rate': 0.9, 'staircase': True}, 'max_grad_norm': 1, 'optimizer': 'AdamOptimizer'}
# path 8549
model/ifttt/width-19/dataset-w-19.pkl
load raw and dump to file
numArcLayers: 5
layer:1, node:MDDNode(1,u_1), in=111, out=443
choose: News & information
split in: 111 -> (98,13)
split out: 443 -> (386,60,446)
add: MDDNode(1,u-6) MDDNode(1,u-7), del:MDDNode(1,u_1)
2 (13,60) (98,386) 
layer:1, node:MDDNode(1,u-7), in=98, out=386
choose: Photo & video
split in: 98 -> (89,9)
split out: 386 -> (351,35,386)
add: MDDNode(1,u-8) MDDNode(1,u-9), del:MDDNode(1,u-7)
3 (13,60) (9,35) (89,351) 
layer:1, node:MDDNode(1,u-9), in=89, out=351
choose: Others
split in: 89 -> (82,7)
split out: 351 -> (335,21,356)
add: MDDNode(1,u-10) MDDNode(1,u-11), del:MDDNode(1,u-9)
4 (13,60) (9,35) (7,21) (82,335) 
layer:1, node:MDDNode(1,u-11), in=82, out=335
choose: Social networks
split in: 82 -> (75,7)
split out: 335 -> (280,55,335)
add: MDDNode(1,u-12) MDDNode(1,u-13), del:MDDNode(1,u-11)
5 (13,60) (9,35) (7,21) (7,55) (75,280) 
layer:1, node:MDDNode(1,u-13), in=75, out=280
choose: Shopping
split in: 75 -> (69,6)
split out: 280 -> (257,23,280)
add: MDDNode(1,u-14) MDDNode(1,u-15), del:MDDNode(1,u-13)
6 (13,60) (9,35) (7,21) (7,55) (6,23) (69,257) 
layer:1, node:MDDNode(1,u-15), in=69, out=257
choose: Bookmarking
split in: 69 -> (63,6)
split out: 257 -> (245,12,257)
add: MDDNode(1,u-16) MDDNode(1,u-17), del:MDDNode(1,u-15)
7 (13,60) (9,35) (7,21) (7,55) (6,23) (6,12) (63,245) 
layer:1, node:MDDNode(1,u-17), in=63, out=245
choose: Security & monitoring systems
split in: 63 -> (58,5)
split out: 245 -> (228,18,246)
add: MDDNode(1,u-18) MDDNode(1,u-19), del:MDDNode(1,u-17)
8 (13,60) (9,35) (7,21) (7,55) (6,23) (6,12) (5,18) (58,228) 
layer:1, node:MDDNode(1,u-19), in=58, out=228
choose: Health & fitness
split in: 58 -> (54,4)
split out: 228 -> (203,26,229)
add: MDDNode(1,u-20) MDDNode(1,u-21), del:MDDNode(1,u-19)
9 (13,60) (9,35) (7,21) (7,55) (6,23) (6,12) (5,18) (4,26) (54,203) 
layer:1, node:MDDNode(1,u-21), in=54, out=203
choose: Mobile devices & accessories
split in: 54 -> (50,4)
split out: 203 -> (191,12,203)
add: MDDNode(1,u-22) MDDNode(1,u-23), del:MDDNode(1,u-21)
10 (13,60) (9,35) (7,21) (7,55) (6,23) (6,12) (5,18) (4,26) (4,12) (50,191) 
layer:1, node:MDDNode(1,u-23), in=50, out=191
choose: Finance & payments
split in: 50 -> (46,4)
split out: 191 -> (174,17,191)
add: MDDNode(1,u-24) MDDNode(1,u-25), del:MDDNode(1,u-23)
11 (13,60) (9,35) (7,21) (7,55) (6,23) (6,12) (5,18) (4,26) (4,12) (4,17) (46,174) 
layer:1, node:MDDNode(1,u-25), in=46, out=174
choose: Gardening
split in: 46 -> (43,3)
split out: 174 -> (165,9,174)
add: MDDNode(1,u-26) MDDNode(1,u-27), del:MDDNode(1,u-25)
12 (13,60) (9,35) (7,21) (7,55) (6,23) (6,12) (5,18) (4,26) (4,12) (4,17) (3,9) (43,165) 
layer:1, node:MDDNode(1,u-27), in=43, out=165
choose: Environment control & monitoring
split in: 43 -> (40,3)
split out: 165 -> (158,9,167)
add: MDDNode(1,u-28) MDDNode(1,u-29), del:MDDNode(1,u-27)
13 (13,60) (9,35) (7,21) (7,55) (6,23) (6,12) (5,18) (4,26) (4,12) (4,17) (3,9) (3,9) (40,158) 
layer:1, node:MDDNode(1,u-29), in=40, out=158
choose: Weather
split in: 40 -> (37,3)
split out: 158 -> (132,30,162)
add: MDDNode(1,u-30) MDDNode(1,u-31), del:MDDNode(1,u-29)
14 (13,60) (9,35) (7,21) (7,55) (6,23) (6,12) (5,18) (4,26) (4,12) (4,17) (3,9) (3,9) (3,30) (37,132) 
layer:1, node:MDDNode(1,u-31), in=37, out=132
choose: Communication
split in: 37 -> (34,3)
split out: 132 -> (119,13,132)
add: MDDNode(1,u-32) MDDNode(1,u-33), del:MDDNode(1,u-31)
15 (13,60) (9,35) (7,21) (7,55) (6,23) (6,12) (5,18) (4,26) (4,12) (4,17) (3,9) (3,9) (3,30) (3,13) (34,119) 
layer:1, node:MDDNode(1,u-33), in=34, out=119
choose: Blogging
split in: 34 -> (31,3)
split out: 119 -> (106,13,119)
add: MDDNode(1,u-34) MDDNode(1,u-35), del:MDDNode(1,u-33)
16 (13,60) (9,35) (7,21) (7,55) (6,23) (6,12) (5,18) (4,26) (4,12) (4,17) (3,9) (3,9) (3,30) (3,13) (3,13) (31,106) 
layer:1, node:MDDNode(1,u-35), in=31, out=106
choose: Email
split in: 31 -> (28,3)
split out: 106 -> (96,10,106)
add: MDDNode(1,u-36) MDDNode(1,u-37), del:MDDNode(1,u-35)
17 (13,60) (9,35) (7,21) (7,55) (6,23) (6,12) (5,18) (4,26) (4,12) (4,17) (3,9) (3,9) (3,30) (3,13) (3,13) (3,10) (28,96) 
layer:1, node:MDDNode(1,u-37), in=28, out=96
choose: Smart hubs & systems
split in: 28 -> (25,3)
split out: 96 -> (78,20,98)
add: MDDNode(1,u-38) MDDNode(1,u-39), del:MDDNode(1,u-37)
18 (13,60) (9,35) (7,21) (7,55) (6,23) (6,12) (5,18) (4,26) (4,12) (4,17) (3,9) (3,9) (3,30) (3,13) (3,13) (3,10) (3,20) (25,78) 
layer:1, node:MDDNode(1,u-39), in=25, out=78
choose: Power monitoring & management
split in: 25 -> (22,3)
split out: 78 -> (69,11,80)
add: MDDNode(1,u-40) MDDNode(1,u-41), del:MDDNode(1,u-39)
19 (13,60) (9,35) (7,21) (7,55) (6,23) (6,12) (5,18) (4,26) (4,12) (4,17) (3,9) (3,9) (3,30) (3,13) (3,13) (3,10) (3,20) (3,11) (22,69) 
layer:3, node:MDDNode(3,u_3), in=88, out=161
choose: Notifications
split in: 88 -> (81,7)
split out: 161 -> (154,9,163)
add: MDDNode(3,u-42) MDDNode(3,u-43), del:MDDNode(3,u_3)
2 (7,9) (81,154) 
layer:3, node:MDDNode(3,u-43), in=81, out=154
choose: Social networks
split in: 81 -> (75,6)
split out: 154 -> (141,14,155)
add: MDDNode(3,u-44) MDDNode(3,u-45), del:MDDNode(3,u-43)
3 (7,9) (6,14) (75,141) 
layer:3, node:MDDNode(3,u-45), in=75, out=141
choose: Bookmarking
split in: 75 -> (69,6)
split out: 141 -> (135,7,142)
add: MDDNode(3,u-46) MDDNode(3,u-47), del:MDDNode(3,u-45)
4 (7,9) (6,14) (6,7) (69,135) 
layer:3, node:MDDNode(3,u-47), in=69, out=135
choose: Others
split in: 69 -> (63,6)
split out: 135 -> (125,12,137)
add: MDDNode(3,u-48) MDDNode(3,u-49), del:MDDNode(3,u-47)
5 (7,9) (6,14) (6,7) (6,12) (63,125) 
layer:3, node:MDDNode(3,u-49), in=63, out=125
choose: Power monitoring & management
split in: 63 -> (59,4)
split out: 125 -> (121,9,130)
add: MDDNode(3,u-50) MDDNode(3,u-51), del:MDDNode(3,u-49)
6 (7,9) (6,14) (6,7) (6,12) (4,9) (59,121) 
layer:3, node:MDDNode(3,u-51), in=59, out=121
choose: Email
split in: 59 -> (55,4)
split out: 121 -> (116,5,121)
add: MDDNode(3,u-52) MDDNode(3,u-53), del:MDDNode(3,u-51)
7 (7,9) (6,14) (6,7) (6,12) (4,9) (4,5) (55,116) 
layer:3, node:MDDNode(3,u-53), in=55, out=116
choose: Cloud storage
split in: 55 -> (51,4)
split out: 116 -> (109,7,116)
add: MDDNode(3,u-54) MDDNode(3,u-55), del:MDDNode(3,u-53)
8 (7,9) (6,14) (6,7) (6,12) (4,9) (4,5) (4,7) (51,109) 
layer:3, node:MDDNode(3,u-55), in=51, out=109
choose: Environment control & monitoring
split in: 51 -> (47,4)
split out: 109 -> (99,10,109)
add: MDDNode(3,u-56) MDDNode(3,u-57), del:MDDNode(3,u-55)
9 (7,9) (6,14) (6,7) (6,12) (4,9) (4,5) (4,7) (4,10) (47,99) 
layer:3, node:MDDNode(3,u-57), in=47, out=99
choose: Communication
split in: 47 -> (43,4)
split out: 99 -> (95,4,99)
add: MDDNode(3,u-58) MDDNode(3,u-59), del:MDDNode(3,u-57)
10 (7,9) (6,14) (6,7) (6,12) (4,9) (4,5) (4,7) (4,10) (4,4) (43,95) 
layer:3, node:MDDNode(3,u-59), in=43, out=95
choose: Photo & video
split in: 43 -> (39,4)
split out: 95 -> (91,4,95)
add: MDDNode(3,u-60) MDDNode(3,u-61), del:MDDNode(3,u-59)
11 (7,9) (6,14) (6,7) (6,12) (4,9) (4,5) (4,7) (4,10) (4,4) (4,4) (39,91) 
layer:3, node:MDDNode(3,u-61), in=39, out=91
choose: Security & monitoring systems
split in: 39 -> (35,4)
split out: 91 -> (74,17,91)
add: MDDNode(3,u-62) MDDNode(3,u-63), del:MDDNode(3,u-61)
12 (7,9) (6,14) (6,7) (6,12) (4,9) (4,5) (4,7) (4,10) (4,4) (4,4) (4,17) (35,74) 
layer:3, node:MDDNode(3,u-63), in=35, out=74
choose: Mobile devices & accessories
split in: 35 -> (31,4)
split out: 74 -> (69,7,76)
add: MDDNode(3,u-64) MDDNode(3,u-65), del:MDDNode(3,u-63)
13 (7,9) (6,14) (6,7) (6,12) (4,9) (4,5) (4,7) (4,10) (4,4) (4,4) (4,17) (4,7) (31,69) 
layer:3, node:MDDNode(3,u-65), in=31, out=69
choose: Smart hubs & systems
split in: 31 -> (28,3)
split out: 69 -> (60,9,69)
add: MDDNode(3,u-66) MDDNode(3,u-67), del:MDDNode(3,u-65)
14 (7,9) (6,14) (6,7) (6,12) (4,9) (4,5) (4,7) (4,10) (4,4) (4,4) (4,17) (4,7) (3,9) (28,60) 
layer:3, node:MDDNode(3,u-67), in=28, out=60
choose: Health & fitness
split in: 28 -> (25,3)
split out: 60 -> (58,3,61)
add: MDDNode(3,u-68) MDDNode(3,u-69), del:MDDNode(3,u-67)
15 (7,9) (6,14) (6,7) (6,12) (4,9) (4,5) (4,7) (4,10) (4,4) (4,4) (4,17) (4,7) (3,9) (3,3) (25,58) 
layer:3, node:MDDNode(3,u-69), in=25, out=58
choose: Blogging
split in: 25 -> (22,3)
split out: 58 -> (51,7,58)
add: MDDNode(3,u-70) MDDNode(3,u-71), del:MDDNode(3,u-69)
16 (7,9) (6,14) (6,7) (6,12) (4,9) (4,5) (4,7) (4,10) (4,4) (4,4) (4,17) (4,7) (3,9) (3,3) (3,7) (22,51) 
layer:3, node:MDDNode(3,u-71), in=22, out=51
choose: News & information
split in: 22 -> (20,2)
split out: 51 -> (48,3,51)
add: MDDNode(3,u-72) MDDNode(3,u-73), del:MDDNode(3,u-71)
17 (7,9) (6,14) (6,7) (6,12) (4,9) (4,5) (4,7) (4,10) (4,4) (4,4) (4,17) (4,7) (3,9) (3,3) (3,7) (2,3) (20,48) 
layer:3, node:MDDNode(3,u-73), in=20, out=48
choose: Task management & to-dos
split in: 20 -> (18,2)
split out: 48 -> (46,3,49)
add: MDDNode(3,u-74) MDDNode(3,u-75), del:MDDNode(3,u-73)
18 (7,9) (6,14) (6,7) (6,12) (4,9) (4,5) (4,7) (4,10) (4,4) (4,4) (4,17) (4,7) (3,9) (3,3) (3,7) (2,3) (2,3) (18,46) 
layer:3, node:MDDNode(3,u-75), in=18, out=46
choose: Business tools
split in: 18 -> (16,2)
split out: 46 -> (43,3,46)
add: MDDNode(3,u-76) MDDNode(3,u-77), del:MDDNode(3,u-75)
19 (7,9) (6,14) (6,7) (6,12) (4,9) (4,5) (4,7) (4,10) (4,4) (4,4) (4,17) (4,7) (3,9) (3,3) (3,7) (2,3) (2,3) (2,3) (16,43) 
=profile=
(0, 111) 
(13, 60) (9, 35) (7, 21) (7, 55) (6, 23) (6, 12) (5, 18) (4, 26) (4, 12) (4, 17) (3, 9) (3, 9) (3, 30) (3, 13) (3, 13) (3, 10) (3, 20) (3, 11) (22, 69) 
(463, 88) 
(7, 9) (6, 14) (6, 7) (6, 12) (4, 9) (4, 5) (4, 7) (4, 10) (4, 4) (4, 4) (4, 17) (4, 7) (3, 9) (3, 3) (3, 7) (2, 3) (2, 3) (2, 3) (16, 43) 
(176, 1) 
(1, 0) 
dump to the pickle
the graph width list : [1, 19, 1, 19, 1, 1]
it 1 dev 26.71   dev_h 43.75   dev_v 94.09   new_test 36.23   new_test_h 33.08   new_test_v 95.96   save: 36.23 T: 2020-01-13T05:10 
it 2 dev 30.33   dev_h 41.41   dev_v 95.88   new_test 41.29   new_test_h 30.96   new_test_v 96.04   save: 41.29 T: 2020-01-13T05:11 
it 3 dev 31.17   dev_h 41.15   dev_v 95.08   new_test 41.85   new_test_h 30.64   new_test_v 95.71   save: 41.85 T: 2020-01-13T05:12 
it 4 dev 30.57   dev_h 41.39   dev_v 94.07   new_test 41.61   new_test_h 30.38   new_test_v 96.60   
it 5 dev 30.59   dev_h 41.58   dev_v 95.78   new_test 41.45   new_test_h 30.37   new_test_v 96.12   
it 6 dev 30.79   dev_h 41.39   dev_v 94.91   new_test 42.42   new_test_h 30.20   new_test_v 95.79   
it 7 dev 31.10   dev_h 41.21   dev_v 95.71   new_test 42.62   new_test_h 29.96   new_test_v 95.92   
it 8 dev 30.93   dev_h 41.64   dev_v 95.35   new_test 42.70   new_test_h 29.87   new_test_v 95.75   
it 9 dev 30.67   dev_h 41.59   dev_v 95.03   new_test 42.18   new_test_h 30.19   new_test_v 95.19   
it 10 dev 30.98   dev_h 41.53   dev_v 95.13   new_test 42.01   new_test_h 30.05   new_test_v 95.71   
it 11 dev 30.35   dev_h 41.84   dev_v 94.82   new_test 40.96   new_test_h 30.87   new_test_v 95.67   
it 12 dev 30.52   dev_h 41.88   dev_v 95.06   new_test 41.04   new_test_h 30.75   new_test_v 95.63   
it 13 dev 30.30   dev_h 42.01   dev_v 94.84   new_test 40.84   new_test_h 30.91   new_test_v 95.39   
