args Namespace(config='configs/config_l.json', dataset='dataset/IFTTT/msr_data.pkl', load_model=None, mode='train', output='model/ifttt/width-15/', width='15')
configure: {'max_word_id': 3782, 'bidirectional': True, 'cell_type': 'lstm', 'decoder': 'attention', 'embedding_size': 100, 'keep_prob': 0.75, 'memory_size': 100, 'num_units': 100, 'use_embedding': True, 'epoches': 12, 'batch_size': 20, 'init': {'name': 'random_uniform_initializer', 'scale': 0.1}, 'lr_scheduler': {'decay_steps': 5000, 'init_lr': 0.02, 'decay_rate': 0.9, 'staircase': True}, 'max_grad_norm': 1, 'optimizer': 'AdamOptimizer'}
# path 8549
model/ifttt/width-15/dataset-w-15.pkl
load raw and dump to file
numArcLayers: 5
layer:1, node:MDDNode(1,u_1), in=111, out=443
choose: News & information
split in: 111 -> (98,13)
split out: 443 -> (386,60,446)
add: MDDNode(1,u-6) MDDNode(1,u-7), del:MDDNode(1,u_1)
2 (13,60) (98,386) 
layer:1, node:MDDNode(1,u-7), in=98, out=386
choose: Photo & video
split in: 98 -> (89,9)
split out: 386 -> (351,35,386)
add: MDDNode(1,u-8) MDDNode(1,u-9), del:MDDNode(1,u-7)
3 (13,60) (9,35) (89,351) 
layer:1, node:MDDNode(1,u-9), in=89, out=351
choose: Others
split in: 89 -> (82,7)
split out: 351 -> (335,21,356)
add: MDDNode(1,u-10) MDDNode(1,u-11), del:MDDNode(1,u-9)
4 (13,60) (9,35) (7,21) (82,335) 
layer:1, node:MDDNode(1,u-11), in=82, out=335
choose: Social networks
split in: 82 -> (75,7)
split out: 335 -> (280,55,335)
add: MDDNode(1,u-12) MDDNode(1,u-13), del:MDDNode(1,u-11)
5 (13,60) (9,35) (7,21) (7,55) (75,280) 
layer:1, node:MDDNode(1,u-13), in=75, out=280
choose: Shopping
split in: 75 -> (69,6)
split out: 280 -> (257,23,280)
add: MDDNode(1,u-14) MDDNode(1,u-15), del:MDDNode(1,u-13)
6 (13,60) (9,35) (7,21) (7,55) (6,23) (69,257) 
layer:1, node:MDDNode(1,u-15), in=69, out=257
choose: Bookmarking
split in: 69 -> (63,6)
split out: 257 -> (245,12,257)
add: MDDNode(1,u-16) MDDNode(1,u-17), del:MDDNode(1,u-15)
7 (13,60) (9,35) (7,21) (7,55) (6,23) (6,12) (63,245) 
layer:1, node:MDDNode(1,u-17), in=63, out=245
choose: Security & monitoring systems
split in: 63 -> (58,5)
split out: 245 -> (228,18,246)
add: MDDNode(1,u-18) MDDNode(1,u-19), del:MDDNode(1,u-17)
8 (13,60) (9,35) (7,21) (7,55) (6,23) (6,12) (5,18) (58,228) 
layer:1, node:MDDNode(1,u-19), in=58, out=228
choose: Health & fitness
split in: 58 -> (54,4)
split out: 228 -> (203,26,229)
add: MDDNode(1,u-20) MDDNode(1,u-21), del:MDDNode(1,u-19)
9 (13,60) (9,35) (7,21) (7,55) (6,23) (6,12) (5,18) (4,26) (54,203) 
layer:1, node:MDDNode(1,u-21), in=54, out=203
choose: Finance & payments
split in: 54 -> (50,4)
split out: 203 -> (186,17,203)
add: MDDNode(1,u-22) MDDNode(1,u-23), del:MDDNode(1,u-21)
10 (13,60) (9,35) (7,21) (7,55) (6,23) (6,12) (5,18) (4,26) (4,17) (50,186) 
layer:1, node:MDDNode(1,u-23), in=50, out=186
choose: Mobile devices & accessories
split in: 50 -> (46,4)
split out: 186 -> (174,12,186)
add: MDDNode(1,u-24) MDDNode(1,u-25), del:MDDNode(1,u-23)
11 (13,60) (9,35) (7,21) (7,55) (6,23) (6,12) (5,18) (4,26) (4,17) (4,12) (46,174) 
layer:1, node:MDDNode(1,u-25), in=46, out=174
choose: Environment control & monitoring
split in: 46 -> (43,3)
split out: 174 -> (167,9,176)
add: MDDNode(1,u-26) MDDNode(1,u-27), del:MDDNode(1,u-25)
12 (13,60) (9,35) (7,21) (7,55) (6,23) (6,12) (5,18) (4,26) (4,17) (4,12) (3,9) (43,167) 
layer:1, node:MDDNode(1,u-27), in=43, out=167
choose: Blogging
split in: 43 -> (40,3)
split out: 167 -> (154,13,167)
add: MDDNode(1,u-28) MDDNode(1,u-29), del:MDDNode(1,u-27)
13 (13,60) (9,35) (7,21) (7,55) (6,23) (6,12) (5,18) (4,26) (4,17) (4,12) (3,9) (3,13) (40,154) 
layer:1, node:MDDNode(1,u-29), in=40, out=154
choose: Power monitoring & management
split in: 40 -> (37,3)
split out: 154 -> (145,11,156)
add: MDDNode(1,u-30) MDDNode(1,u-31), del:MDDNode(1,u-29)
14 (13,60) (9,35) (7,21) (7,55) (6,23) (6,12) (5,18) (4,26) (4,17) (4,12) (3,9) (3,13) (3,11) (37,145) 
layer:1, node:MDDNode(1,u-31), in=37, out=145
choose: Gardening
split in: 37 -> (34,3)
split out: 145 -> (136,9,145)
add: MDDNode(1,u-32) MDDNode(1,u-33), del:MDDNode(1,u-31)
15 (13,60) (9,35) (7,21) (7,55) (6,23) (6,12) (5,18) (4,26) (4,17) (4,12) (3,9) (3,13) (3,11) (3,9) (34,136) 
layer:3, node:MDDNode(3,u_3), in=88, out=161
choose: Notifications
split in: 88 -> (81,7)
split out: 161 -> (154,9,163)
add: MDDNode(3,u-34) MDDNode(3,u-35), del:MDDNode(3,u_3)
2 (7,9) (81,154) 
layer:3, node:MDDNode(3,u-35), in=81, out=154
choose: Others
split in: 81 -> (75,6)
split out: 154 -> (144,12,156)
add: MDDNode(3,u-36) MDDNode(3,u-37), del:MDDNode(3,u-35)
3 (7,9) (6,12) (75,144) 
layer:3, node:MDDNode(3,u-37), in=75, out=144
choose: Bookmarking
split in: 75 -> (69,6)
split out: 144 -> (138,7,145)
add: MDDNode(3,u-38) MDDNode(3,u-39), del:MDDNode(3,u-37)
4 (7,9) (6,12) (6,7) (69,138) 
layer:3, node:MDDNode(3,u-39), in=69, out=138
choose: Social networks
split in: 69 -> (63,6)
split out: 138 -> (125,14,139)
add: MDDNode(3,u-40) MDDNode(3,u-41), del:MDDNode(3,u-39)
5 (7,9) (6,12) (6,7) (6,14) (63,125) 
layer:3, node:MDDNode(3,u-41), in=63, out=125
choose: Cloud storage
split in: 63 -> (59,4)
split out: 125 -> (118,7,125)
add: MDDNode(3,u-42) MDDNode(3,u-43), del:MDDNode(3,u-41)
6 (7,9) (6,12) (6,7) (6,14) (4,7) (59,118) 
layer:3, node:MDDNode(3,u-43), in=59, out=118
choose: Security & monitoring systems
split in: 59 -> (55,4)
split out: 118 -> (101,17,118)
add: MDDNode(3,u-44) MDDNode(3,u-45), del:MDDNode(3,u-43)
7 (7,9) (6,12) (6,7) (6,14) (4,7) (4,17) (55,101) 
layer:3, node:MDDNode(3,u-45), in=55, out=101
choose: Mobile devices & accessories
split in: 55 -> (51,4)
split out: 101 -> (96,7,103)
add: MDDNode(3,u-46) MDDNode(3,u-47), del:MDDNode(3,u-45)
8 (7,9) (6,12) (6,7) (6,14) (4,7) (4,17) (4,7) (51,96) 
layer:3, node:MDDNode(3,u-47), in=51, out=96
choose: Environment control & monitoring
split in: 51 -> (47,4)
split out: 96 -> (86,10,96)
add: MDDNode(3,u-48) MDDNode(3,u-49), del:MDDNode(3,u-47)
9 (7,9) (6,12) (6,7) (6,14) (4,7) (4,17) (4,7) (4,10) (47,86) 
layer:3, node:MDDNode(3,u-49), in=47, out=86
choose: Photo & video
split in: 47 -> (43,4)
split out: 86 -> (82,4,86)
add: MDDNode(3,u-50) MDDNode(3,u-51), del:MDDNode(3,u-49)
10 (7,9) (6,12) (6,7) (6,14) (4,7) (4,17) (4,7) (4,10) (4,4) (43,82) 
layer:3, node:MDDNode(3,u-51), in=43, out=82
choose: Communication
split in: 43 -> (39,4)
split out: 82 -> (78,4,82)
add: MDDNode(3,u-52) MDDNode(3,u-53), del:MDDNode(3,u-51)
11 (7,9) (6,12) (6,7) (6,14) (4,7) (4,17) (4,7) (4,10) (4,4) (4,4) (39,78) 
layer:3, node:MDDNode(3,u-53), in=39, out=78
choose: Power monitoring & management
split in: 39 -> (35,4)
split out: 78 -> (74,9,83)
add: MDDNode(3,u-54) MDDNode(3,u-55), del:MDDNode(3,u-53)
12 (7,9) (6,12) (6,7) (6,14) (4,7) (4,17) (4,7) (4,10) (4,4) (4,4) (4,9) (35,74) 
layer:3, node:MDDNode(3,u-55), in=35, out=74
choose: Email
split in: 35 -> (31,4)
split out: 74 -> (69,5,74)
add: MDDNode(3,u-56) MDDNode(3,u-57), del:MDDNode(3,u-55)
13 (7,9) (6,12) (6,7) (6,14) (4,7) (4,17) (4,7) (4,10) (4,4) (4,4) (4,9) (4,5) (31,69) 
layer:3, node:MDDNode(3,u-57), in=31, out=69
choose: Blogging
split in: 31 -> (28,3)
split out: 69 -> (62,7,69)
add: MDDNode(3,u-58) MDDNode(3,u-59), del:MDDNode(3,u-57)
14 (7,9) (6,12) (6,7) (6,14) (4,7) (4,17) (4,7) (4,10) (4,4) (4,4) (4,9) (4,5) (3,7) (28,62) 
layer:3, node:MDDNode(3,u-59), in=28, out=62
choose: Smart hubs & systems
split in: 28 -> (25,3)
split out: 62 -> (53,9,62)
add: MDDNode(3,u-60) MDDNode(3,u-61), del:MDDNode(3,u-59)
15 (7,9) (6,12) (6,7) (6,14) (4,7) (4,17) (4,7) (4,10) (4,4) (4,4) (4,9) (4,5) (3,7) (3,9) (25,53) 
=profile=
(0, 111) 
(13, 60) (9, 35) (7, 21) (7, 55) (6, 23) (6, 12) (5, 18) (4, 26) (4, 17) (4, 12) (3, 9) (3, 13) (3, 11) (3, 9) (34, 136) 
(457, 88) 
(7, 9) (6, 12) (6, 7) (6, 14) (4, 7) (4, 17) (4, 7) (4, 10) (4, 4) (4, 4) (4, 9) (4, 5) (3, 7) (3, 9) (25, 53) 
(174, 1) 
(1, 0) 
dump to the pickle
the graph width list : [1, 15, 1, 15, 1, 1]
it 1 dev 26.71   dev_h 44.53   dev_v 92.55   new_test 35.67   new_test_h 33.28   new_test_v 95.31   save: 35.67 T: 2020-01-13T04:04 
it 2 dev 30.67   dev_h 41.30   dev_v 94.36   new_test 40.80   new_test_h 30.36   new_test_v 95.03   save: 40.80 T: 2020-01-13T04:05 
it 3 dev 31.99   dev_h 40.95   dev_v 94.70   new_test 42.34   new_test_h 30.22   new_test_v 95.67   save: 42.34 T: 2020-01-13T04:06 
it 4 dev 31.17   dev_h 41.14   dev_v 92.98   new_test 41.69   new_test_h 30.10   new_test_v 94.54   
it 5 dev 31.92   dev_h 40.74   dev_v 94.31   new_test 43.15   new_test_h 29.55   new_test_v 94.90   
it 6 dev 30.76   dev_h 41.36   dev_v 94.41   new_test 42.50   new_test_h 30.07   new_test_v 94.78   
it 7 dev 31.61   dev_h 40.87   dev_v 95.32   new_test 44.08   new_test_h 29.10   new_test_v 95.27   
it 8 dev 31.20   dev_h 41.18   dev_v 94.58   new_test 44.28   new_test_h 29.23   new_test_v 94.82   
it 9 dev 31.36   dev_h 41.12   dev_v 94.12   new_test 43.02   new_test_h 29.81   new_test_v 95.03   
it 10 dev 31.27   dev_h 41.24   dev_v 94.00   new_test 43.02   new_test_h 29.76   new_test_v 94.82   
it 11 dev 30.81   dev_h 41.53   dev_v 94.05   new_test 42.94   new_test_h 29.96   new_test_v 94.86   
it 12 dev 31.10   dev_h 41.31   dev_v 94.26   new_test 43.27   new_test_h 29.81   new_test_v 94.70   
it 13 dev 30.74   dev_h 41.39   dev_v 93.78   new_test 42.70   new_test_h 30.16   new_test_v 94.50   
