args Namespace(config='configs/config_l.json', dataset='dataset/IFTTT/msr_data.pkl', load_model=None, mode='train', output='model/ifttt/width-45/', width='45')
configure: {'max_word_id': 3782, 'bidirectional': True, 'cell_type': 'lstm', 'decoder': 'attention', 'embedding_size': 100, 'keep_prob': 0.75, 'memory_size': 100, 'num_units': 100, 'use_embedding': True, 'epoches': 12, 'batch_size': 20, 'init': {'name': 'random_uniform_initializer', 'scale': 0.1}, 'lr_scheduler': {'decay_steps': 5000, 'init_lr': 0.02, 'decay_rate': 0.9, 'staircase': True}, 'max_grad_norm': 1, 'optimizer': 'AdamOptimizer'}
# path 8549
model/ifttt/width-45/dataset-w-45.pkl
load raw and dump to file
numArcLayers: 5
layer:1, node:MDDNode(1,u_1), in=111, out=443
choose: News & information
split in: 111 -> (98,13)
split out: 443 -> (386,60,446)
add: MDDNode(1,u-6) MDDNode(1,u-7), del:MDDNode(1,u_1)
2 (13,60) (98,386) 
layer:1, node:MDDNode(1,u-7), in=98, out=386
choose: Photo & video
split in: 98 -> (89,9)
split out: 386 -> (351,35,386)
add: MDDNode(1,u-8) MDDNode(1,u-9), del:MDDNode(1,u-7)
3 (13,60) (9,35) (89,351) 
layer:1, node:MDDNode(1,u-9), in=89, out=351
choose: Others
split in: 89 -> (82,7)
split out: 351 -> (335,21,356)
add: MDDNode(1,u-10) MDDNode(1,u-11), del:MDDNode(1,u-9)
4 (13,60) (9,35) (7,21) (82,335) 
layer:1, node:MDDNode(1,u-11), in=82, out=335
choose: Social networks
split in: 82 -> (75,7)
split out: 335 -> (280,55,335)
add: MDDNode(1,u-12) MDDNode(1,u-13), del:MDDNode(1,u-11)
5 (13,60) (9,35) (7,21) (7,55) (75,280) 
layer:1, node:MDDNode(1,u-13), in=75, out=280
choose: Shopping
split in: 75 -> (69,6)
split out: 280 -> (257,23,280)
add: MDDNode(1,u-14) MDDNode(1,u-15), del:MDDNode(1,u-13)
6 (13,60) (9,35) (7,21) (7,55) (6,23) (69,257) 
layer:1, node:MDDNode(1,u-15), in=69, out=257
choose: Bookmarking
split in: 69 -> (63,6)
split out: 257 -> (245,12,257)
add: MDDNode(1,u-16) MDDNode(1,u-17), del:MDDNode(1,u-15)
7 (13,60) (9,35) (7,21) (7,55) (6,23) (6,12) (63,245) 
layer:1, node:MDDNode(1,u-17), in=63, out=245
choose: Security & monitoring systems
split in: 63 -> (58,5)
split out: 245 -> (228,18,246)
add: MDDNode(1,u-18) MDDNode(1,u-19), del:MDDNode(1,u-17)
8 (13,60) (9,35) (7,21) (7,55) (6,23) (6,12) (5,18) (58,228) 
layer:1, node:MDDNode(1,u-19), in=58, out=228
choose: Mobile devices & accessories
split in: 58 -> (54,4)
split out: 228 -> (216,12,228)
add: MDDNode(1,u-20) MDDNode(1,u-21), del:MDDNode(1,u-19)
9 (13,60) (9,35) (7,21) (7,55) (6,23) (6,12) (5,18) (4,12) (54,216) 
layer:1, node:MDDNode(1,u-21), in=54, out=216
choose: Finance & payments
split in: 54 -> (50,4)
split out: 216 -> (199,17,216)
add: MDDNode(1,u-22) MDDNode(1,u-23), del:MDDNode(1,u-21)
10 (13,60) (9,35) (7,21) (7,55) (6,23) (6,12) (5,18) (4,12) (4,17) (50,199) 
layer:1, node:MDDNode(1,u-23), in=50, out=199
choose: Health & fitness
split in: 50 -> (46,4)
split out: 199 -> (174,26,200)
add: MDDNode(1,u-24) MDDNode(1,u-25), del:MDDNode(1,u-23)
11 (13,60) (9,35) (7,21) (7,55) (6,23) (6,12) (5,18) (4,12) (4,17) (4,26) (46,174) 
layer:1, node:MDDNode(1,u-25), in=46, out=174
choose: Smart hubs & systems
split in: 46 -> (43,3)
split out: 174 -> (160,20,180)
add: MDDNode(1,u-26) MDDNode(1,u-27), del:MDDNode(1,u-25)
12 (13,60) (9,35) (7,21) (7,55) (6,23) (6,12) (5,18) (4,12) (4,17) (4,26) (3,20) (43,160) 
layer:1, node:MDDNode(1,u-27), in=43, out=160
choose: Email
split in: 43 -> (40,3)
split out: 160 -> (150,10,160)
add: MDDNode(1,u-28) MDDNode(1,u-29), del:MDDNode(1,u-27)
13 (13,60) (9,35) (7,21) (7,55) (6,23) (6,12) (5,18) (4,12) (4,17) (4,26) (3,20) (3,10) (40,150) 
layer:1, node:MDDNode(1,u-29), in=40, out=150
choose: Gardening
split in: 40 -> (37,3)
split out: 150 -> (141,9,150)
add: MDDNode(1,u-30) MDDNode(1,u-31), del:MDDNode(1,u-29)
14 (13,60) (9,35) (7,21) (7,55) (6,23) (6,12) (5,18) (4,12) (4,17) (4,26) (3,20) (3,10) (3,9) (37,141) 
layer:1, node:MDDNode(1,u-31), in=37, out=141
choose: Communication
split in: 37 -> (34,3)
split out: 141 -> (128,13,141)
add: MDDNode(1,u-32) MDDNode(1,u-33), del:MDDNode(1,u-31)
15 (13,60) (9,35) (7,21) (7,55) (6,23) (6,12) (5,18) (4,12) (4,17) (4,26) (3,20) (3,10) (3,9) (3,13) (34,128) 
layer:1, node:MDDNode(1,u-33), in=34, out=128
choose: Environment control & monitoring
split in: 34 -> (31,3)
split out: 128 -> (121,9,130)
add: MDDNode(1,u-34) MDDNode(1,u-35), del:MDDNode(1,u-33)
16 (13,60) (9,35) (7,21) (7,55) (6,23) (6,12) (5,18) (4,12) (4,17) (4,26) (3,20) (3,10) (3,9) (3,13) (3,9) (31,121) 
layer:1, node:MDDNode(1,u-35), in=31, out=121
choose: Power monitoring & management
split in: 31 -> (28,3)
split out: 121 -> (112,11,123)
add: MDDNode(1,u-36) MDDNode(1,u-37), del:MDDNode(1,u-35)
17 (13,60) (9,35) (7,21) (7,55) (6,23) (6,12) (5,18) (4,12) (4,17) (4,26) (3,20) (3,10) (3,9) (3,13) (3,9) (3,11) (28,112) 
layer:1, node:MDDNode(1,u-37), in=28, out=112
choose: Weather
split in: 28 -> (25,3)
split out: 112 -> (82,30,112)
add: MDDNode(1,u-38) MDDNode(1,u-39), del:MDDNode(1,u-37)
18 (13,60) (9,35) (7,21) (7,55) (6,23) (6,12) (5,18) (4,12) (4,17) (4,26) (3,20) (3,10) (3,9) (3,13) (3,9) (3,11) (3,30) (25,82) 
layer:1, node:MDDNode(1,u-39), in=25, out=82
choose: Blogging
split in: 25 -> (22,3)
split out: 82 -> (69,13,82)
add: MDDNode(1,u-40) MDDNode(1,u-41), del:MDDNode(1,u-39)
19 (13,60) (9,35) (7,21) (7,55) (6,23) (6,12) (5,18) (4,12) (4,17) (4,26) (3,20) (3,10) (3,9) (3,13) (3,9) (3,11) (3,30) (3,13) (22,69) 
layer:1, node:MDDNode(1,u-41), in=22, out=69
choose: Task management & to-dos
split in: 22 -> (20,2)
split out: 69 -> (58,11,69)
add: MDDNode(1,u-42) MDDNode(1,u-43), del:MDDNode(1,u-41)
20 (13,60) (9,35) (7,21) (7,55) (6,23) (6,12) (5,18) (4,12) (4,17) (4,26) (3,20) (3,10) (3,9) (3,13) (3,9) (3,11) (3,30) (3,13) (2,11) (20,58) 
layer:1, node:MDDNode(1,u-43), in=20, out=58
choose: Connected car
split in: 20 -> (18,2)
split out: 58 -> (48,10,58)
add: MDDNode(1,u-44) MDDNode(1,u-45), del:MDDNode(1,u-43)
21 (13,60) (9,35) (7,21) (7,55) (6,23) (6,12) (5,18) (4,12) (4,17) (4,26) (3,20) (3,10) (3,9) (3,13) (3,9) (3,11) (3,30) (3,13) (2,11) (2,10) (18,48) 
layer:1, node:MDDNode(1,u-45), in=18, out=48
choose: Notifications
split in: 18 -> (16,2)
split out: 48 -> (45,3,48)
add: MDDNode(1,u-46) MDDNode(1,u-47), del:MDDNode(1,u-45)
22 (13,60) (9,35) (7,21) (7,55) (6,23) (6,12) (5,18) (4,12) (4,17) (4,26) (3,20) (3,10) (3,9) (3,13) (3,9) (3,11) (3,30) (3,13) (2,11) (2,10) (2,3) (16,45) 
layer:1, node:MDDNode(1,u-47), in=16, out=45
choose: Contacts
split in: 16 -> (14,2)
split out: 45 -> (42,3,45)
add: MDDNode(1,u-48) MDDNode(1,u-49), del:MDDNode(1,u-47)
23 (13,60) (9,35) (7,21) (7,55) (6,23) (6,12) (5,18) (4,12) (4,17) (4,26) (3,20) (3,10) (3,9) (3,13) (3,9) (3,11) (3,30) (3,13) (2,11) (2,10) (2,3) (2,3) (14,42) 
layer:1, node:MDDNode(1,u-49), in=14, out=42
choose: Appliances
split in: 14 -> (12,2)
split out: 42 -> (40,2,42)
add: MDDNode(1,u-50) MDDNode(1,u-51), del:MDDNode(1,u-49)
24 (13,60) (9,35) (7,21) (7,55) (6,23) (6,12) (5,18) (4,12) (4,17) (4,26) (3,20) (3,10) (3,9) (3,13) (3,9) (3,11) (3,30) (3,13) (2,11) (2,10) (2,3) (2,3) (2,2) (12,40) 
layer:1, node:MDDNode(1,u-6), in=13, out=60
split in: 13 -> (12,1)
split out: 60 -> (59,1,60)
add: MDDNode(1,u-52) MDDNode(1,u-53), del:MDDNode(1,u-6)
25 (9,35) (7,21) (7,55) (6,23) (6,12) (5,18) (4,12) (4,17) (4,26) (3,20) (3,10) (3,9) (3,13) (3,9) (3,11) (3,30) (3,13) (2,11) (2,10) (2,3) (2,3) (2,2) (12,40) (1,1) (12,59) 
layer:1, node:MDDNode(1,u-51), in=12, out=40
choose: DIY electronics
split in: 12 -> (10,2)
split out: 40 -> (38,2,40)
add: MDDNode(1,u-54) MDDNode(1,u-55), del:MDDNode(1,u-51)
26 (9,35) (7,21) (7,55) (6,23) (6,12) (5,18) (4,12) (4,17) (4,26) (3,20) (3,10) (3,9) (3,13) (3,9) (3,11) (3,30) (3,13) (2,11) (2,10) (2,3) (2,3) (2,2) (1,1) (12,59) (2,2) (10,38) 
layer:1, node:MDDNode(1,u-53), in=12, out=59
split in: 12 -> (11,1)
split out: 59 -> (59,2,61)
add: MDDNode(1,u-56) MDDNode(1,u-57), del:MDDNode(1,u-53)
27 (9,35) (7,21) (7,55) (6,23) (6,12) (5,18) (4,12) (4,17) (4,26) (3,20) (3,10) (3,9) (3,13) (3,9) (3,11) (3,30) (3,13) (2,11) (2,10) (2,3) (2,3) (2,2) (1,1) (2,2) (10,38) (1,2) (11,59) 
layer:1, node:MDDNode(1,u-57), in=11, out=59
split in: 11 -> (10,1)
split out: 59 -> (53,6,59)
add: MDDNode(1,u-58) MDDNode(1,u-59), del:MDDNode(1,u-57)
28 (9,35) (7,21) (7,55) (6,23) (6,12) (5,18) (4,12) (4,17) (4,26) (3,20) (3,10) (3,9) (3,13) (3,9) (3,11) (3,30) (3,13) (2,11) (2,10) (2,3) (2,3) (2,2) (1,1) (2,2) (10,38) (1,2) (1,6) (10,53) 
layer:1, node:MDDNode(1,u-55), in=10, out=38
choose: Calendars & scheduling
split in: 10 -> (8,2)
split out: 38 -> (30,8,38)
add: MDDNode(1,u-60) MDDNode(1,u-61), del:MDDNode(1,u-55)
29 (9,35) (7,21) (7,55) (6,23) (6,12) (5,18) (4,12) (4,17) (4,26) (3,20) (3,10) (3,9) (3,13) (3,9) (3,11) (3,30) (3,13) (2,11) (2,10) (2,3) (2,3) (2,2) (1,1) (2,2) (1,2) (1,6) (10,53) (2,8) (8,30) 
layer:1, node:MDDNode(1,u-59), in=10, out=53
split in: 10 -> (9,1)
split out: 53 -> (53,2,55)
add: MDDNode(1,u-62) MDDNode(1,u-63), del:MDDNode(1,u-59)
30 (9,35) (7,21) (7,55) (6,23) (6,12) (5,18) (4,12) (4,17) (4,26) (3,20) (3,10) (3,9) (3,13) (3,9) (3,11) (3,30) (3,13) (2,11) (2,10) (2,3) (2,3) (2,2) (1,1) (2,2) (1,2) (1,6) (2,8) (8,30) (1,2) (9,53) 
layer:1, node:MDDNode(1,u-8), in=9, out=35
split in: 9 -> (8,1)
split out: 35 -> (30,5,35)
add: MDDNode(1,u-64) MDDNode(1,u-65), del:MDDNode(1,u-8)
31 (7,21) (7,55) (6,23) (6,12) (5,18) (4,12) (4,17) (4,26) (3,20) (3,10) (3,9) (3,13) (3,9) (3,11) (3,30) (3,13) (2,11) (2,10) (2,3) (2,3) (2,2) (1,1) (2,2) (1,2) (1,6) (2,8) (8,30) (1,2) (9,53) (1,5) (8,30) 
layer:1, node:MDDNode(1,u-63), in=9, out=53
split in: 9 -> (8,1)
split out: 53 -> (49,4,53)
add: MDDNode(1,u-66) MDDNode(1,u-67), del:MDDNode(1,u-63)
32 (7,21) (7,55) (6,23) (6,12) (5,18) (4,12) (4,17) (4,26) (3,20) (3,10) (3,9) (3,13) (3,9) (3,11) (3,30) (3,13) (2,11) (2,10) (2,3) (2,3) (2,2) (1,1) (2,2) (1,2) (1,6) (2,8) (8,30) (1,2) (1,5) (8,30) (1,4) (8,49) 
layer:1, node:MDDNode(1,u-61), in=8, out=30
choose: Journaling & personal data
split in: 8 -> (7,1)
split out: 30 -> (27,3,30)
add: MDDNode(1,u-68) MDDNode(1,u-69), del:MDDNode(1,u-61)
33 (7,21) (7,55) (6,23) (6,12) (5,18) (4,12) (4,17) (4,26) (3,20) (3,10) (3,9) (3,13) (3,9) (3,11) (3,30) (3,13) (2,11) (2,10) (2,3) (2,3) (2,2) (1,1) (2,2) (1,2) (1,6) (2,8) (1,2) (1,5) (8,30) (1,4) (8,49) (1,3) (7,27) 
layer:1, node:MDDNode(1,u-65), in=8, out=30
split in: 8 -> (7,1)
split out: 30 -> (29,2,31)
add: MDDNode(1,u-70) MDDNode(1,u-71), del:MDDNode(1,u-65)
34 (7,21) (7,55) (6,23) (6,12) (5,18) (4,12) (4,17) (4,26) (3,20) (3,10) (3,9) (3,13) (3,9) (3,11) (3,30) (3,13) (2,11) (2,10) (2,3) (2,3) (2,2) (1,1) (2,2) (1,2) (1,6) (2,8) (1,2) (1,5) (1,4) (8,49) (1,3) (7,27) (1,2) (7,29) 
layer:1, node:MDDNode(1,u-67), in=8, out=49
split in: 8 -> (7,1)
split out: 49 -> (43,6,49)
add: MDDNode(1,u-72) MDDNode(1,u-73), del:MDDNode(1,u-67)
35 (7,21) (7,55) (6,23) (6,12) (5,18) (4,12) (4,17) (4,26) (3,20) (3,10) (3,9) (3,13) (3,9) (3,11) (3,30) (3,13) (2,11) (2,10) (2,3) (2,3) (2,2) (1,1) (2,2) (1,2) (1,6) (2,8) (1,2) (1,5) (1,4) (1,3) (7,27) (1,2) (7,29) (1,6) (7,43) 
layer:1, node:MDDNode(1,u-10), in=7, out=21
split in: 7 -> (6,1)
split out: 21 -> (20,1,21)
add: MDDNode(1,u-74) MDDNode(1,u-75), del:MDDNode(1,u-10)
36 (7,55) (6,23) (6,12) (5,18) (4,12) (4,17) (4,26) (3,20) (3,10) (3,9) (3,13) (3,9) (3,11) (3,30) (3,13) (2,11) (2,10) (2,3) (2,3) (2,2) (1,1) (2,2) (1,2) (1,6) (2,8) (1,2) (1,5) (1,4) (1,3) (7,27) (1,2) (7,29) (1,6) (7,43) (1,1) (6,20) 
layer:1, node:MDDNode(1,u-12), in=7, out=55
split in: 7 -> (6,1)
split out: 55 -> (49,6,55)
add: MDDNode(1,u-76) MDDNode(1,u-77), del:MDDNode(1,u-12)
37 (6,23) (6,12) (5,18) (4,12) (4,17) (4,26) (3,20) (3,10) (3,9) (3,13) (3,9) (3,11) (3,30) (3,13) (2,11) (2,10) (2,3) (2,3) (2,2) (1,1) (2,2) (1,2) (1,6) (2,8) (1,2) (1,5) (1,4) (1,3) (7,27) (1,2) (7,29) (1,6) (7,43) (1,1) (6,20) (1,6) (6,49) 
layer:1, node:MDDNode(1,u-69), in=7, out=27
choose: Developer tools
split in: 7 -> (6,1)
split out: 27 -> (22,5,27)
add: MDDNode(1,u-78) MDDNode(1,u-79), del:MDDNode(1,u-69)
38 (6,23) (6,12) (5,18) (4,12) (4,17) (4,26) (3,20) (3,10) (3,9) (3,13) (3,9) (3,11) (3,30) (3,13) (2,11) (2,10) (2,3) (2,3) (2,2) (1,1) (2,2) (1,2) (1,6) (2,8) (1,2) (1,5) (1,4) (1,3) (1,2) (7,29) (1,6) (7,43) (1,1) (6,20) (1,6) (6,49) (1,5) (6,22) 
layer:1, node:MDDNode(1,u-71), in=7, out=29
split in: 7 -> (6,1)
split out: 29 -> (29,3,32)
add: MDDNode(1,u-80) MDDNode(1,u-81), del:MDDNode(1,u-71)
39 (6,23) (6,12) (5,18) (4,12) (4,17) (4,26) (3,20) (3,10) (3,9) (3,13) (3,9) (3,11) (3,30) (3,13) (2,11) (2,10) (2,3) (2,3) (2,2) (1,1) (2,2) (1,2) (1,6) (2,8) (1,2) (1,5) (1,4) (1,3) (1,2) (1,6) (7,43) (1,1) (6,20) (1,6) (6,49) (1,5) (6,22) (1,3) (6,29) 
layer:1, node:MDDNode(1,u-73), in=7, out=43
split in: 7 -> (6,1)
split out: 43 -> (35,8,43)
add: MDDNode(1,u-82) MDDNode(1,u-83), del:MDDNode(1,u-73)
40 (6,23) (6,12) (5,18) (4,12) (4,17) (4,26) (3,20) (3,10) (3,9) (3,13) (3,9) (3,11) (3,30) (3,13) (2,11) (2,10) (2,3) (2,3) (2,2) (1,1) (2,2) (1,2) (1,6) (2,8) (1,2) (1,5) (1,4) (1,3) (1,2) (1,6) (1,1) (6,20) (1,6) (6,49) (1,5) (6,22) (1,3) (6,29) (1,8) (6,35) 
layer:1, node:MDDNode(1,u-14), in=6, out=23
split in: 6 -> (5,1)
split out: 23 -> (19,4,23)
add: MDDNode(1,u-84) MDDNode(1,u-85), del:MDDNode(1,u-14)
41 (6,12) (5,18) (4,12) (4,17) (4,26) (3,20) (3,10) (3,9) (3,13) (3,9) (3,11) (3,30) (3,13) (2,11) (2,10) (2,3) (2,3) (2,2) (1,1) (2,2) (1,2) (1,6) (2,8) (1,2) (1,5) (1,4) (1,3) (1,2) (1,6) (1,1) (6,20) (1,6) (6,49) (1,5) (6,22) (1,3) (6,29) (1,8) (6,35) (1,4) (5,19) 
layer:1, node:MDDNode(1,u-16), in=6, out=12
split in: 6 -> (5,1)
split out: 12 -> (7,5,12)
add: MDDNode(1,u-86) MDDNode(1,u-87), del:MDDNode(1,u-16)
42 (5,18) (4,12) (4,17) (4,26) (3,20) (3,10) (3,9) (3,13) (3,9) (3,11) (3,30) (3,13) (2,11) (2,10) (2,3) (2,3) (2,2) (1,1) (2,2) (1,2) (1,6) (2,8) (1,2) (1,5) (1,4) (1,3) (1,2) (1,6) (1,1) (6,20) (1,6) (6,49) (1,5) (6,22) (1,3) (6,29) (1,8) (6,35) (1,4) (5,19) (1,5) (5,7) 
layer:1, node:MDDNode(1,u-75), in=6, out=20
split in: 6 -> (5,1)
split out: 20 -> (19,1,20)
add: MDDNode(1,u-88) MDDNode(1,u-89), del:MDDNode(1,u-75)
43 (5,18) (4,12) (4,17) (4,26) (3,20) (3,10) (3,9) (3,13) (3,9) (3,11) (3,30) (3,13) (2,11) (2,10) (2,3) (2,3) (2,2) (1,1) (2,2) (1,2) (1,6) (2,8) (1,2) (1,5) (1,4) (1,3) (1,2) (1,6) (1,1) (1,6) (6,49) (1,5) (6,22) (1,3) (6,29) (1,8) (6,35) (1,4) (5,19) (1,5) (5,7) (1,1) (5,19) 
layer:1, node:MDDNode(1,u-77), in=6, out=49
split in: 6 -> (5,1)
split out: 49 -> (41,9,50)
add: MDDNode(1,u-90) MDDNode(1,u-91), del:MDDNode(1,u-77)
44 (5,18) (4,12) (4,17) (4,26) (3,20) (3,10) (3,9) (3,13) (3,9) (3,11) (3,30) (3,13) (2,11) (2,10) (2,3) (2,3) (2,2) (1,1) (2,2) (1,2) (1,6) (2,8) (1,2) (1,5) (1,4) (1,3) (1,2) (1,6) (1,1) (1,6) (1,5) (6,22) (1,3) (6,29) (1,8) (6,35) (1,4) (5,19) (1,5) (5,7) (1,1) (5,19) (1,9) (5,41) 
layer:1, node:MDDNode(1,u-79), in=6, out=22
choose: Lighting
split in: 6 -> (5,1)
split out: 22 -> (19,3,22)
add: MDDNode(1,u-92) MDDNode(1,u-93), del:MDDNode(1,u-79)
45 (5,18) (4,12) (4,17) (4,26) (3,20) (3,10) (3,9) (3,13) (3,9) (3,11) (3,30) (3,13) (2,11) (2,10) (2,3) (2,3) (2,2) (1,1) (2,2) (1,2) (1,6) (2,8) (1,2) (1,5) (1,4) (1,3) (1,2) (1,6) (1,1) (1,6) (1,5) (1,3) (6,29) (1,8) (6,35) (1,4) (5,19) (1,5) (5,7) (1,1) (5,19) (1,9) (5,41) (1,3) (5,19) 
layer:3, node:MDDNode(3,u_3), in=88, out=161
choose: Notifications
split in: 88 -> (81,7)
split out: 161 -> (154,9,163)
add: MDDNode(3,u-94) MDDNode(3,u-95), del:MDDNode(3,u_3)
2 (7,9) (81,154) 
layer:3, node:MDDNode(3,u-95), in=81, out=154
choose: Others
split in: 81 -> (75,6)
split out: 154 -> (144,12,156)
add: MDDNode(3,u-96) MDDNode(3,u-97), del:MDDNode(3,u-95)
3 (7,9) (6,12) (75,144) 
layer:3, node:MDDNode(3,u-97), in=75, out=144
choose: Bookmarking
split in: 75 -> (69,6)
split out: 144 -> (138,7,145)
add: MDDNode(3,u-98) MDDNode(3,u-99), del:MDDNode(3,u-97)
4 (7,9) (6,12) (6,7) (69,138) 
layer:3, node:MDDNode(3,u-99), in=69, out=138
choose: Social networks
split in: 69 -> (63,6)
split out: 138 -> (125,14,139)
add: MDDNode(3,u-100) MDDNode(3,u-101), del:MDDNode(3,u-99)
5 (7,9) (6,12) (6,7) (6,14) (63,125) 
layer:3, node:MDDNode(3,u-101), in=63, out=125
choose: Communication
split in: 63 -> (59,4)
split out: 125 -> (121,4,125)
add: MDDNode(3,u-102) MDDNode(3,u-103), del:MDDNode(3,u-101)
6 (7,9) (6,12) (6,7) (6,14) (4,4) (59,121) 
layer:3, node:MDDNode(3,u-103), in=59, out=121
choose: Email
split in: 59 -> (55,4)
split out: 121 -> (116,5,121)
add: MDDNode(3,u-104) MDDNode(3,u-105), del:MDDNode(3,u-103)
7 (7,9) (6,12) (6,7) (6,14) (4,4) (4,5) (55,116) 
layer:3, node:MDDNode(3,u-105), in=55, out=116
choose: Environment control & monitoring
split in: 55 -> (51,4)
split out: 116 -> (106,10,116)
add: MDDNode(3,u-106) MDDNode(3,u-107), del:MDDNode(3,u-105)
8 (7,9) (6,12) (6,7) (6,14) (4,4) (4,5) (4,10) (51,106) 
layer:3, node:MDDNode(3,u-107), in=51, out=106
choose: Cloud storage
split in: 51 -> (47,4)
split out: 106 -> (99,7,106)
add: MDDNode(3,u-108) MDDNode(3,u-109), del:MDDNode(3,u-107)
9 (7,9) (6,12) (6,7) (6,14) (4,4) (4,5) (4,10) (4,7) (47,99) 
layer:3, node:MDDNode(3,u-109), in=47, out=99
choose: Mobile devices & accessories
split in: 47 -> (43,4)
split out: 99 -> (94,7,101)
add: MDDNode(3,u-110) MDDNode(3,u-111), del:MDDNode(3,u-109)
10 (7,9) (6,12) (6,7) (6,14) (4,4) (4,5) (4,10) (4,7) (4,7) (43,94) 
layer:3, node:MDDNode(3,u-111), in=43, out=94
choose: Security & monitoring systems
split in: 43 -> (39,4)
split out: 94 -> (77,17,94)
add: MDDNode(3,u-112) MDDNode(3,u-113), del:MDDNode(3,u-111)
11 (7,9) (6,12) (6,7) (6,14) (4,4) (4,5) (4,10) (4,7) (4,7) (4,17) (39,77) 
layer:3, node:MDDNode(3,u-113), in=39, out=77
choose: Photo & video
split in: 39 -> (35,4)
split out: 77 -> (73,4,77)
add: MDDNode(3,u-114) MDDNode(3,u-115), del:MDDNode(3,u-113)
12 (7,9) (6,12) (6,7) (6,14) (4,4) (4,5) (4,10) (4,7) (4,7) (4,17) (4,4) (35,73) 
layer:3, node:MDDNode(3,u-115), in=35, out=73
choose: Power monitoring & management
split in: 35 -> (31,4)
split out: 73 -> (69,9,78)
add: MDDNode(3,u-116) MDDNode(3,u-117), del:MDDNode(3,u-115)
13 (7,9) (6,12) (6,7) (6,14) (4,4) (4,5) (4,10) (4,7) (4,7) (4,17) (4,4) (4,9) (31,69) 
layer:3, node:MDDNode(3,u-117), in=31, out=69
choose: Health & fitness
split in: 31 -> (28,3)
split out: 69 -> (67,3,70)
add: MDDNode(3,u-118) MDDNode(3,u-119), del:MDDNode(3,u-117)
14 (7,9) (6,12) (6,7) (6,14) (4,4) (4,5) (4,10) (4,7) (4,7) (4,17) (4,4) (4,9) (3,3) (28,67) 
layer:3, node:MDDNode(3,u-119), in=28, out=67
choose: Blogging
split in: 28 -> (25,3)
split out: 67 -> (60,7,67)
add: MDDNode(3,u-120) MDDNode(3,u-121), del:MDDNode(3,u-119)
15 (7,9) (6,12) (6,7) (6,14) (4,4) (4,5) (4,10) (4,7) (4,7) (4,17) (4,4) (4,9) (3,3) (3,7) (25,60) 
layer:3, node:MDDNode(3,u-121), in=25, out=60
choose: Smart hubs & systems
split in: 25 -> (22,3)
split out: 60 -> (51,9,60)
add: MDDNode(3,u-122) MDDNode(3,u-123), del:MDDNode(3,u-121)
16 (7,9) (6,12) (6,7) (6,14) (4,4) (4,5) (4,10) (4,7) (4,7) (4,17) (4,4) (4,9) (3,3) (3,7) (3,9) (22,51) 
layer:3, node:MDDNode(3,u-123), in=22, out=51
choose: Notes
split in: 22 -> (20,2)
split out: 51 -> (42,9,51)
add: MDDNode(3,u-124) MDDNode(3,u-125), del:MDDNode(3,u-123)
17 (7,9) (6,12) (6,7) (6,14) (4,4) (4,5) (4,10) (4,7) (4,7) (4,17) (4,4) (4,9) (3,3) (3,7) (3,9) (2,9) (20,42) 
layer:3, node:MDDNode(3,u-125), in=20, out=42
choose: Task management & to-dos
split in: 20 -> (18,2)
split out: 42 -> (40,3,43)
add: MDDNode(3,u-126) MDDNode(3,u-127), del:MDDNode(3,u-125)
18 (7,9) (6,12) (6,7) (6,14) (4,4) (4,5) (4,10) (4,7) (4,7) (4,17) (4,4) (4,9) (3,3) (3,7) (3,9) (2,9) (2,3) (18,40) 
layer:3, node:MDDNode(3,u-127), in=18, out=40
choose: Lighting
split in: 18 -> (16,2)
split out: 40 -> (28,13,41)
add: MDDNode(3,u-128) MDDNode(3,u-129), del:MDDNode(3,u-127)
19 (7,9) (6,12) (6,7) (6,14) (4,4) (4,5) (4,10) (4,7) (4,7) (4,17) (4,4) (4,9) (3,3) (3,7) (3,9) (2,9) (2,3) (2,13) (16,28) 
layer:3, node:MDDNode(3,u-129), in=16, out=28
choose: Developer tools
split in: 16 -> (14,2)
split out: 28 -> (25,3,28)
add: MDDNode(3,u-130) MDDNode(3,u-131), del:MDDNode(3,u-129)
20 (7,9) (6,12) (6,7) (6,14) (4,4) (4,5) (4,10) (4,7) (4,7) (4,17) (4,4) (4,9) (3,3) (3,7) (3,9) (2,9) (2,3) (2,13) (2,3) (14,25) 
layer:3, node:MDDNode(3,u-131), in=14, out=25
choose: Business tools
split in: 14 -> (12,2)
split out: 25 -> (22,3,25)
add: MDDNode(3,u-132) MDDNode(3,u-133), del:MDDNode(3,u-131)
21 (7,9) (6,12) (6,7) (6,14) (4,4) (4,5) (4,10) (4,7) (4,7) (4,17) (4,4) (4,9) (3,3) (3,7) (3,9) (2,9) (2,3) (2,13) (2,3) (2,3) (12,22) 
layer:3, node:MDDNode(3,u-133), in=12, out=22
choose: News & information
split in: 12 -> (10,2)
split out: 22 -> (19,3,22)
add: MDDNode(3,u-134) MDDNode(3,u-135), del:MDDNode(3,u-133)
22 (7,9) (6,12) (6,7) (6,14) (4,4) (4,5) (4,10) (4,7) (4,7) (4,17) (4,4) (4,9) (3,3) (3,7) (3,9) (2,9) (2,3) (2,13) (2,3) (2,3) (2,3) (10,19) 
layer:3, node:MDDNode(3,u-135), in=10, out=19
choose: Pet trackers
split in: 10 -> (9,1)
split out: 19 -> (17,2,19)
add: MDDNode(3,u-136) MDDNode(3,u-137), del:MDDNode(3,u-135)
23 (7,9) (6,12) (6,7) (6,14) (4,4) (4,5) (4,10) (4,7) (4,7) (4,17) (4,4) (4,9) (3,3) (3,7) (3,9) (2,9) (2,3) (2,13) (2,3) (2,3) (2,3) (1,2) (9,17) 
layer:3, node:MDDNode(3,u-137), in=9, out=17
choose: Shopping
split in: 9 -> (8,1)
split out: 17 -> (16,1,17)
add: MDDNode(3,u-138) MDDNode(3,u-139), del:MDDNode(3,u-137)
24 (7,9) (6,12) (6,7) (6,14) (4,4) (4,5) (4,10) (4,7) (4,7) (4,17) (4,4) (4,9) (3,3) (3,7) (3,9) (2,9) (2,3) (2,13) (2,3) (2,3) (2,3) (1,2) (1,1) (8,16) 
layer:3, node:MDDNode(3,u-139), in=8, out=16
choose: Music
split in: 8 -> (7,1)
split out: 16 -> (14,2,16)
add: MDDNode(3,u-140) MDDNode(3,u-141), del:MDDNode(3,u-139)
25 (7,9) (6,12) (6,7) (6,14) (4,4) (4,5) (4,10) (4,7) (4,7) (4,17) (4,4) (4,9) (3,3) (3,7) (3,9) (2,9) (2,3) (2,13) (2,3) (2,3) (2,3) (1,2) (1,1) (1,2) (7,14) 
layer:3, node:MDDNode(3,u-94), in=7, out=9
split in: 7 -> (6,1)
split out: 9 -> (9,1,10)
add: MDDNode(3,u-142) MDDNode(3,u-143), del:MDDNode(3,u-94)
26 (6,12) (6,7) (6,14) (4,4) (4,5) (4,10) (4,7) (4,7) (4,17) (4,4) (4,9) (3,3) (3,7) (3,9) (2,9) (2,3) (2,13) (2,3) (2,3) (2,3) (1,2) (1,1) (1,2) (7,14) (1,1) (6,9) 
layer:3, node:MDDNode(3,u-141), in=7, out=14
choose: DIY electronics
split in: 7 -> (6,1)
split out: 14 -> (12,2,14)
add: MDDNode(3,u-144) MDDNode(3,u-145), del:MDDNode(3,u-141)
27 (6,12) (6,7) (6,14) (4,4) (4,5) (4,10) (4,7) (4,7) (4,17) (4,4) (4,9) (3,3) (3,7) (3,9) (2,9) (2,3) (2,13) (2,3) (2,3) (2,3) (1,2) (1,1) (1,2) (1,1) (6,9) (1,2) (6,12) 
layer:3, node:MDDNode(3,u-96), in=6, out=12
split in: 6 -> (5,1)
split out: 12 -> (9,3,12)
add: MDDNode(3,u-146) MDDNode(3,u-147), del:MDDNode(3,u-96)
28 (6,7) (6,14) (4,4) (4,5) (4,10) (4,7) (4,7) (4,17) (4,4) (4,9) (3,3) (3,7) (3,9) (2,9) (2,3) (2,13) (2,3) (2,3) (2,3) (1,2) (1,1) (1,2) (1,1) (6,9) (1,2) (6,12) (1,3) (5,9) 
layer:3, node:MDDNode(3,u-98), in=6, out=7
split in: 6 -> (5,1)
split out: 7 -> (5,2,7)
add: MDDNode(3,u-148) MDDNode(3,u-149), del:MDDNode(3,u-98)
29 (6,14) (4,4) (4,5) (4,10) (4,7) (4,7) (4,17) (4,4) (4,9) (3,3) (3,7) (3,9) (2,9) (2,3) (2,13) (2,3) (2,3) (2,3) (1,2) (1,1) (1,2) (1,1) (6,9) (1,2) (6,12) (1,3) (5,9) (1,2) (5,5) 
layer:3, node:MDDNode(3,u-100), in=6, out=14
split in: 6 -> (5,1)
split out: 14 -> (12,2,14)
add: MDDNode(3,u-150) MDDNode(3,u-151), del:MDDNode(3,u-100)
30 (4,4) (4,5) (4,10) (4,7) (4,7) (4,17) (4,4) (4,9) (3,3) (3,7) (3,9) (2,9) (2,3) (2,13) (2,3) (2,3) (2,3) (1,2) (1,1) (1,2) (1,1) (6,9) (1,2) (6,12) (1,3) (5,9) (1,2) (5,5) (1,2) (5,12) 
layer:3, node:MDDNode(3,u-143), in=6, out=9
split in: 6 -> (5,1)
split out: 9 -> (5,4,9)
add: MDDNode(3,u-152) MDDNode(3,u-153), del:MDDNode(3,u-143)
31 (4,4) (4,5) (4,10) (4,7) (4,7) (4,17) (4,4) (4,9) (3,3) (3,7) (3,9) (2,9) (2,3) (2,13) (2,3) (2,3) (2,3) (1,2) (1,1) (1,2) (1,1) (1,2) (6,12) (1,3) (5,9) (1,2) (5,5) (1,2) (5,12) (1,4) (5,5) 
layer:3, node:MDDNode(3,u-145), in=6, out=12
choose: Journaling & personal data
split in: 6 -> (5,1)
split out: 12 -> (8,4,12)
add: MDDNode(3,u-154) MDDNode(3,u-155), del:MDDNode(3,u-145)
32 (4,4) (4,5) (4,10) (4,7) (4,7) (4,17) (4,4) (4,9) (3,3) (3,7) (3,9) (2,9) (2,3) (2,13) (2,3) (2,3) (2,3) (1,2) (1,1) (1,2) (1,1) (1,2) (1,3) (5,9) (1,2) (5,5) (1,2) (5,12) (1,4) (5,5) (1,4) (5,8) 
layer:3, node:MDDNode(3,u-147), in=5, out=9
split in: 5 -> (4,1)
split out: 9 -> (7,2,9)
add: MDDNode(3,u-156) MDDNode(3,u-157), del:MDDNode(3,u-147)
33 (4,4) (4,5) (4,10) (4,7) (4,7) (4,17) (4,4) (4,9) (3,3) (3,7) (3,9) (2,9) (2,3) (2,13) (2,3) (2,3) (2,3) (1,2) (1,1) (1,2) (1,1) (1,2) (1,3) (1,2) (5,5) (1,2) (5,12) (1,4) (5,5) (1,4) (5,8) (1,2) (4,7) 
layer:3, node:MDDNode(3,u-149), in=5, out=5
split in: 5 -> (4,1)
split out: 5 -> (5,2,7)
add: MDDNode(3,u-158) MDDNode(3,u-159), del:MDDNode(3,u-149)
34 (4,4) (4,5) (4,10) (4,7) (4,7) (4,17) (4,4) (4,9) (3,3) (3,7) (3,9) (2,9) (2,3) (2,13) (2,3) (2,3) (2,3) (1,2) (1,1) (1,2) (1,1) (1,2) (1,3) (1,2) (1,2) (5,12) (1,4) (5,5) (1,4) (5,8) (1,2) (4,7) (1,2) (4,5) 
layer:3, node:MDDNode(3,u-151), in=5, out=12
split in: 5 -> (4,1)
split out: 12 -> (10,2,12)
add: MDDNode(3,u-160) MDDNode(3,u-161), del:MDDNode(3,u-151)
35 (4,4) (4,5) (4,10) (4,7) (4,7) (4,17) (4,4) (4,9) (3,3) (3,7) (3,9) (2,9) (2,3) (2,13) (2,3) (2,3) (2,3) (1,2) (1,1) (1,2) (1,1) (1,2) (1,3) (1,2) (1,2) (1,4) (5,5) (1,4) (5,8) (1,2) (4,7) (1,2) (4,5) (1,2) (4,10) 
layer:3, node:MDDNode(3,u-153), in=5, out=5
split in: 5 -> (4,1)
split out: 5 -> (5,1,6)
add: MDDNode(3,u-162) MDDNode(3,u-163), del:MDDNode(3,u-153)
36 (4,4) (4,5) (4,10) (4,7) (4,7) (4,17) (4,4) (4,9) (3,3) (3,7) (3,9) (2,9) (2,3) (2,13) (2,3) (2,3) (2,3) (1,2) (1,1) (1,2) (1,1) (1,2) (1,3) (1,2) (1,2) (1,4) (1,4) (5,8) (1,2) (4,7) (1,2) (4,5) (1,2) (4,10) (1,1) (4,5) 
layer:3, node:MDDNode(3,u-155), in=5, out=8
choose: Routers & computer accessories
split in: 5 -> (4,1)
split out: 8 -> (7,1,8)
add: MDDNode(3,u-164) MDDNode(3,u-165), del:MDDNode(3,u-155)
37 (4,4) (4,5) (4,10) (4,7) (4,7) (4,17) (4,4) (4,9) (3,3) (3,7) (3,9) (2,9) (2,3) (2,13) (2,3) (2,3) (2,3) (1,2) (1,1) (1,2) (1,1) (1,2) (1,3) (1,2) (1,2) (1,4) (1,4) (1,2) (4,7) (1,2) (4,5) (1,2) (4,10) (1,1) (4,5) (1,1) (4,7) 
layer:3, node:MDDNode(3,u-102), in=4, out=4
split in: 4 -> (3,1)
split out: 4 -> (3,1,4)
add: MDDNode(3,u-166) MDDNode(3,u-167), del:MDDNode(3,u-102)
38 (4,5) (4,10) (4,7) (4,7) (4,17) (4,4) (4,9) (3,3) (3,7) (3,9) (2,9) (2,3) (2,13) (2,3) (2,3) (2,3) (1,2) (1,1) (1,2) (1,1) (1,2) (1,3) (1,2) (1,2) (1,4) (1,4) (1,2) (4,7) (1,2) (4,5) (1,2) (4,10) (1,1) (4,5) (1,1) (4,7) (1,1) (3,3) 
layer:3, node:MDDNode(3,u-104), in=4, out=5
split in: 4 -> (3,1)
split out: 5 -> (4,1,5)
add: MDDNode(3,u-168) MDDNode(3,u-169), del:MDDNode(3,u-104)
39 (4,10) (4,7) (4,7) (4,17) (4,4) (4,9) (3,3) (3,7) (3,9) (2,9) (2,3) (2,13) (2,3) (2,3) (2,3) (1,2) (1,1) (1,2) (1,1) (1,2) (1,3) (1,2) (1,2) (1,4) (1,4) (1,2) (4,7) (1,2) (4,5) (1,2) (4,10) (1,1) (4,5) (1,1) (4,7) (1,1) (3,3) (1,1) (3,4) 
layer:3, node:MDDNode(3,u-106), in=4, out=10
split in: 4 -> (3,1)
split out: 10 -> (8,2,10)
add: MDDNode(3,u-170) MDDNode(3,u-171), del:MDDNode(3,u-106)
40 (4,7) (4,7) (4,17) (4,4) (4,9) (3,3) (3,7) (3,9) (2,9) (2,3) (2,13) (2,3) (2,3) (2,3) (1,2) (1,1) (1,2) (1,1) (1,2) (1,3) (1,2) (1,2) (1,4) (1,4) (1,2) (4,7) (1,2) (4,5) (1,2) (4,10) (1,1) (4,5) (1,1) (4,7) (1,1) (3,3) (1,1) (3,4) (1,2) (3,8) 
layer:3, node:MDDNode(3,u-108), in=4, out=7
split in: 4 -> (3,1)
split out: 7 -> (7,1,8)
add: MDDNode(3,u-172) MDDNode(3,u-173), del:MDDNode(3,u-108)
41 (4,7) (4,17) (4,4) (4,9) (3,3) (3,7) (3,9) (2,9) (2,3) (2,13) (2,3) (2,3) (2,3) (1,2) (1,1) (1,2) (1,1) (1,2) (1,3) (1,2) (1,2) (1,4) (1,4) (1,2) (4,7) (1,2) (4,5) (1,2) (4,10) (1,1) (4,5) (1,1) (4,7) (1,1) (3,3) (1,1) (3,4) (1,2) (3,8) (1,1) (3,7) 
layer:3, node:MDDNode(3,u-110), in=4, out=7
split in: 4 -> (3,1)
split out: 7 -> (5,2,7)
add: MDDNode(3,u-174) MDDNode(3,u-175), del:MDDNode(3,u-110)
42 (4,17) (4,4) (4,9) (3,3) (3,7) (3,9) (2,9) (2,3) (2,13) (2,3) (2,3) (2,3) (1,2) (1,1) (1,2) (1,1) (1,2) (1,3) (1,2) (1,2) (1,4) (1,4) (1,2) (4,7) (1,2) (4,5) (1,2) (4,10) (1,1) (4,5) (1,1) (4,7) (1,1) (3,3) (1,1) (3,4) (1,2) (3,8) (1,1) (3,7) (1,2) (3,5) 
layer:3, node:MDDNode(3,u-112), in=4, out=17
split in: 4 -> (3,1)
split out: 17 -> (11,6,17)
add: MDDNode(3,u-176) MDDNode(3,u-177), del:MDDNode(3,u-112)
43 (4,4) (4,9) (3,3) (3,7) (3,9) (2,9) (2,3) (2,13) (2,3) (2,3) (2,3) (1,2) (1,1) (1,2) (1,1) (1,2) (1,3) (1,2) (1,2) (1,4) (1,4) (1,2) (4,7) (1,2) (4,5) (1,2) (4,10) (1,1) (4,5) (1,1) (4,7) (1,1) (3,3) (1,1) (3,4) (1,2) (3,8) (1,1) (3,7) (1,2) (3,5) (1,6) (3,11) 
layer:3, node:MDDNode(3,u-114), in=4, out=4
split in: 4 -> (3,1)
split out: 4 -> (3,1,4)
add: MDDNode(3,u-178) MDDNode(3,u-179), del:MDDNode(3,u-114)
44 (4,9) (3,3) (3,7) (3,9) (2,9) (2,3) (2,13) (2,3) (2,3) (2,3) (1,2) (1,1) (1,2) (1,1) (1,2) (1,3) (1,2) (1,2) (1,4) (1,4) (1,2) (4,7) (1,2) (4,5) (1,2) (4,10) (1,1) (4,5) (1,1) (4,7) (1,1) (3,3) (1,1) (3,4) (1,2) (3,8) (1,1) (3,7) (1,2) (3,5) (1,6) (3,11) (1,1) (3,3) 
layer:3, node:MDDNode(3,u-116), in=4, out=9
split in: 4 -> (3,1)
split out: 9 -> (7,3,10)
add: MDDNode(3,u-180) MDDNode(3,u-181), del:MDDNode(3,u-116)
45 (3,3) (3,7) (3,9) (2,9) (2,3) (2,13) (2,3) (2,3) (2,3) (1,2) (1,1) (1,2) (1,1) (1,2) (1,3) (1,2) (1,2) (1,4) (1,4) (1,2) (4,7) (1,2) (4,5) (1,2) (4,10) (1,1) (4,5) (1,1) (4,7) (1,1) (3,3) (1,1) (3,4) (1,2) (3,8) (1,1) (3,7) (1,2) (3,5) (1,6) (3,11) (1,1) (3,3) (1,3) (3,7) 
=profile=
(0, 111) 
(5, 18) (4, 12) (4, 17) (4, 26) (3, 20) (3, 10) (3, 9) (3, 13) (3, 9) (3, 11) (3, 30) (3, 13) (2, 11) (2, 10) (2, 3) (2, 3) (2, 2) (1, 1) (2, 2) (1, 2) (1, 6) (2, 8) (1, 2) (1, 5) (1, 4) (1, 3) (1, 2) (1, 6) (1, 1) (1, 6) (1, 5) (1, 3) (6, 29) (1, 8) (6, 35) (1, 4) (5, 19) (1, 5) (5, 7) (1, 1) (5, 19) (1, 9) (5, 41) (1, 3) (5, 19) 
(472, 88) 
(3, 3) (3, 7) (3, 9) (2, 9) (2, 3) (2, 13) (2, 3) (2, 3) (2, 3) (1, 2) (1, 1) (1, 2) (1, 1) (1, 2) (1, 3) (1, 2) (1, 2) (1, 4) (1, 4) (1, 2) (4, 7) (1, 2) (4, 5) (1, 2) (4, 10) (1, 1) (4, 5) (1, 1) (4, 7) (1, 1) (3, 3) (1, 1) (3, 4) (1, 2) (3, 8) (1, 1) (3, 7) (1, 2) (3, 5) (1, 6) (3, 11) (1, 1) (3, 3) (1, 3) (3, 7) 
(183, 1) 
(1, 0) 
dump to the pickle
the graph width list : [1, 45, 1, 45, 1, 1]
it 1 dev 27.56   dev_h 44.29   dev_v 95.11   new_test 38.21   new_test_h 32.57   new_test_v 98.02   save: 38.21 T: 2020-01-13T21:02 
it 2 dev 31.58   dev_h 41.04   dev_v 97.71   new_test 42.26   new_test_h 30.34   new_test_v 97.98   save: 42.26 T: 2020-01-13T21:03 
it 3 dev 32.16   dev_h 40.77   dev_v 97.01   new_test 42.82   new_test_h 30.05   new_test_v 98.38   save: 42.82 T: 2020-01-13T21:05 
it 4 dev 31.32   dev_h 41.37   dev_v 95.83   new_test 41.49   new_test_h 30.47   new_test_v 97.45   
it 5 dev 31.99   dev_h 40.57   dev_v 97.76   new_test 43.75   new_test_h 29.58   new_test_v 97.82   
it 6 dev 32.23   dev_h 40.88   dev_v 97.54   new_test 43.63   new_test_h 29.87   new_test_v 97.74   save: 43.63 T: 2020-01-13T21:10 
it 7 dev 32.59   dev_h 40.54   dev_v 97.64   new_test 44.28   new_test_h 29.39   new_test_v 97.98   save: 44.28 T: 2020-01-13T21:12 
it 8 dev 32.11   dev_h 40.75   dev_v 97.42   new_test 44.40   new_test_h 29.65   new_test_v 97.61   
it 9 dev 31.87   dev_h 41.03   dev_v 97.28   new_test 43.71   new_test_h 30.00   new_test_v 97.61   
it 10 dev 32.14   dev_h 40.89   dev_v 97.40   new_test 44.16   new_test_h 29.82   new_test_v 97.74   
it 11 dev 31.77   dev_h 41.15   dev_v 97.25   new_test 43.51   new_test_h 29.97   new_test_v 97.41   
it 12 dev 31.82   dev_h 41.13   dev_v 97.18   new_test 43.75   new_test_h 29.89   new_test_v 97.41   
it 13 dev 31.63   dev_h 41.25   dev_v 97.25   new_test 43.95   new_test_h 29.76   new_test_v 97.29   
