args Namespace(config='configs/config_l.json', dataset='dataset/IFTTT/msr_data.pkl', load_model=None, mode='train', output='model/ifttt/width-16/pid-5-', width='16')
configure: {'max_word_id': 4000, 'bidirectional': True, 'cell_type': 'lstm', 'decoder': 'attention', 'embedding_size': 50, 'keep_prob': 0.5, 'memory_size': 25, 'num_layers': 1, 'num_units': 50, 'use_embedding': True, 'epoches': 20, 'batch_size': 32, 'init': {'name': 'random_uniform_initializer', 'scale': 0.1}, 'lr_scheduler': {'decay_steps': 5000, 'init_lr': 0.01, 'staircase': True}, 'max_grad_norm': 1, 'optimizer': 'AdamOptimizer'}
# path 8580
save to model/ifttt/width-16/pid-5-IFTTT-w-16.json
load json
numArcLayers: 5
1 1 16
layer 1 incoming edges: 111
split the incoming edges: 111 55 56
the value pair of raw_data is: 492
split the outgoings edges: 443 233 230 463
add node: MDDNode(1,u_6) MDDNode(1,u_7), remove node: MDDNode(1,u_1)
2 1 16
layer 2 incoming edges: 463
split the incoming edges: 463 235 228
the value pair of raw_data is: 6265
split the outgoings edges: 88 88 86 174
add node: MDDNode(2,u_8) MDDNode(2,u_9), remove node: MDDNode(2,u_2)
3 1 16
layer 3 incoming edges: 174
split the incoming edges: 174 83 91
the value pair of raw_data is: 202
split the outgoings edges: 161 113 124 237
add node: MDDNode(3,u_10) MDDNode(3,u_11), remove node: MDDNode(3,u_3)
4 1 16
layer 4 incoming edges: 237
split the incoming edges: 237 119 118
the value pair of raw_data is: 161
split the outgoings edges: 1 1 1 2
add node: MDDNode(4,u_12) MDDNode(4,u_13), remove node: MDDNode(4,u_4)
1 2 16
layer 1 incoming edges: 55
split the incoming edges: 55 35 20
the value pair of raw_data is: 492
split the outgoings edges: 233 153 83 236
add node: MDDNode(1,u_14) MDDNode(1,u_15), remove node: MDDNode(1,u_6)
layer 1 incoming edges: 56
split the incoming edges: 56 28 28
the value pair of raw_data is: 492
split the outgoings edges: 230 106 130 236
add node: MDDNode(1,u_16) MDDNode(1,u_17), remove node: MDDNode(1,u_7)
2 2 16
layer 2 incoming edges: 240
split the incoming edges: 240 109 131
the value pair of raw_data is: 6265
split the outgoings edges: 88 86 88 174
add node: MDDNode(2,u_18) MDDNode(2,u_19), remove node: MDDNode(2,u_8)
layer 2 incoming edges: 232
split the incoming edges: 232 115 117
the value pair of raw_data is: 6265
split the outgoings edges: 86 81 84 165
add node: MDDNode(2,u_20) MDDNode(2,u_21), remove node: MDDNode(2,u_9)
3 2 16
layer 3 incoming edges: 162
split the incoming edges: 162 81 81
the value pair of raw_data is: 202
split the outgoings edges: 113 98 88 186
add node: MDDNode(3,u_22) MDDNode(3,u_23), remove node: MDDNode(3,u_10)
layer 3 incoming edges: 177
split the incoming edges: 177 74 103
the value pair of raw_data is: 202
split the outgoings edges: 124 88 111 199
add node: MDDNode(3,u_24) MDDNode(3,u_25), remove node: MDDNode(3,u_11)
4 2 16
layer 4 incoming edges: 192
split the incoming edges: 192 98 94
the value pair of raw_data is: 161
split the outgoings edges: 1 1 1 2
add node: MDDNode(4,u_26) MDDNode(4,u_27), remove node: MDDNode(4,u_12)
layer 4 incoming edges: 193
split the incoming edges: 193 93 100
the value pair of raw_data is: 161
split the outgoings edges: 1 1 1 2
add node: MDDNode(4,u_28) MDDNode(4,u_29), remove node: MDDNode(4,u_13)
1 4 16
layer 1 incoming edges: 35
split the incoming edges: 35 16 19
the value pair of raw_data is: 492
split the outgoings edges: 153 61 94 155
add node: MDDNode(1,u_30) MDDNode(1,u_31), remove node: MDDNode(1,u_14)
layer 1 incoming edges: 20
split the incoming edges: 20 10 10
the value pair of raw_data is: 492
split the outgoings edges: 83 35 48 83
add node: MDDNode(1,u_32) MDDNode(1,u_33), remove node: MDDNode(1,u_15)
layer 1 incoming edges: 28
split the incoming edges: 28 13 15
the value pair of raw_data is: 492
split the outgoings edges: 106 59 49 108
add node: MDDNode(1,u_34) MDDNode(1,u_35), remove node: MDDNode(1,u_16)
layer 1 incoming edges: 28
split the incoming edges: 28 15 13
the value pair of raw_data is: 492
split the outgoings edges: 130 55 82 137
add node: MDDNode(1,u_36) MDDNode(1,u_37), remove node: MDDNode(1,u_17)
2 4 16
layer 2 incoming edges: 113
split the incoming edges: 113 48 65
the value pair of raw_data is: 6265
split the outgoings edges: 86 84 81 165
add node: MDDNode(2,u_38) MDDNode(2,u_39), remove node: MDDNode(2,u_18)
layer 2 incoming edges: 134
split the incoming edges: 134 64 70
the value pair of raw_data is: 6265
split the outgoings edges: 88 80 88 168
add node: MDDNode(2,u_40) MDDNode(2,u_41), remove node: MDDNode(2,u_19)
layer 2 incoming edges: 116
split the incoming edges: 116 48 68
the value pair of raw_data is: 6265
split the outgoings edges: 81 74 77 151
add node: MDDNode(2,u_42) MDDNode(2,u_43), remove node: MDDNode(2,u_20)
layer 2 incoming edges: 120
split the incoming edges: 120 58 62
the value pair of raw_data is: 6265
split the outgoings edges: 84 82 78 160
add node: MDDNode(2,u_44) MDDNode(2,u_45), remove node: MDDNode(2,u_21)
3 4 16
layer 3 incoming edges: 154
split the incoming edges: 154 84 70
the value pair of raw_data is: 202
split the outgoings edges: 98 90 82 172
add node: MDDNode(3,u_46) MDDNode(3,u_47), remove node: MDDNode(3,u_22)
layer 3 incoming edges: 156
split the incoming edges: 156 80 76
the value pair of raw_data is: 202
split the outgoings edges: 88 72 69 141
add node: MDDNode(3,u_48) MDDNode(3,u_49), remove node: MDDNode(3,u_23)
layer 3 incoming edges: 143
split the incoming edges: 143 72 71
the value pair of raw_data is: 202
split the outgoings edges: 88 83 74 157
add node: MDDNode(3,u_50) MDDNode(3,u_51), remove node: MDDNode(3,u_24)
layer 3 incoming edges: 191
split the incoming edges: 191 99 92
the value pair of raw_data is: 202
split the outgoings edges: 111 99 94 193
add node: MDDNode(3,u_52) MDDNode(3,u_53), remove node: MDDNode(3,u_25)
4 4 16
layer 4 incoming edges: 165
split the incoming edges: 165 79 86
the value pair of raw_data is: 161
split the outgoings edges: 1 1 1 2
add node: MDDNode(4,u_54) MDDNode(4,u_55), remove node: MDDNode(4,u_26)
layer 4 incoming edges: 158
split the incoming edges: 158 78 80
the value pair of raw_data is: 161
split the outgoings edges: 1 1 1 2
add node: MDDNode(4,u_56) MDDNode(4,u_57), remove node: MDDNode(4,u_27)
layer 4 incoming edges: 169
split the incoming edges: 169 89 80
the value pair of raw_data is: 161
split the outgoings edges: 1 1 1 2
add node: MDDNode(4,u_58) MDDNode(4,u_59), remove node: MDDNode(4,u_28)
layer 4 incoming edges: 171
split the incoming edges: 171 87 84
the value pair of raw_data is: 161
split the outgoings edges: 1 1 1 2
add node: MDDNode(4,u_60) MDDNode(4,u_61), remove node: MDDNode(4,u_29)
1 8 16
layer 1 incoming edges: 16
split the incoming edges: 16 7 9
the value pair of raw_data is: 492
split the outgoings edges: 61 23 38 61
add node: MDDNode(1,u_62) MDDNode(1,u_63), remove node: MDDNode(1,u_30)
layer 1 incoming edges: 19
split the incoming edges: 19 8 11
the value pair of raw_data is: 492
split the outgoings edges: 94 48 53 101
add node: MDDNode(1,u_64) MDDNode(1,u_65), remove node: MDDNode(1,u_31)
layer 1 incoming edges: 10
split the incoming edges: 10 4 6
the value pair of raw_data is: 492
split the outgoings edges: 35 18 17 35
add node: MDDNode(1,u_66) MDDNode(1,u_67), remove node: MDDNode(1,u_32)
layer 1 incoming edges: 10
split the incoming edges: 10 5 5
the value pair of raw_data is: 492
split the outgoings edges: 48 23 25 48
add node: MDDNode(1,u_68) MDDNode(1,u_69), remove node: MDDNode(1,u_33)
layer 1 incoming edges: 13
split the incoming edges: 13 6 7
the value pair of raw_data is: 492
split the outgoings edges: 59 21 38 59
add node: MDDNode(1,u_70) MDDNode(1,u_71), remove node: MDDNode(1,u_34)
layer 1 incoming edges: 15
split the incoming edges: 15 9 6
the value pair of raw_data is: 492
split the outgoings edges: 49 28 21 49
add node: MDDNode(1,u_72) MDDNode(1,u_73), remove node: MDDNode(1,u_35)
layer 1 incoming edges: 15
split the incoming edges: 15 7 8
the value pair of raw_data is: 492
split the outgoings edges: 55 20 35 55
add node: MDDNode(1,u_74) MDDNode(1,u_75), remove node: MDDNode(1,u_36)
layer 1 incoming edges: 13
split the incoming edges: 13 8 5
the value pair of raw_data is: 492
split the outgoings edges: 82 49 33 82
add node: MDDNode(1,u_76) MDDNode(1,u_77), remove node: MDDNode(1,u_37)
2 8 16
layer 2 incoming edges: 48
split the incoming edges: 48 21 27
the value pair of raw_data is: 6265
split the outgoings edges: 84 76 75 151
add node: MDDNode(2,u_78) MDDNode(2,u_79), remove node: MDDNode(2,u_38)
layer 2 incoming edges: 67
split the incoming edges: 67 36 31
the value pair of raw_data is: 6265
split the outgoings edges: 81 75 70 145
add node: MDDNode(2,u_80) MDDNode(2,u_81), remove node: MDDNode(2,u_39)
layer 2 incoming edges: 65
split the incoming edges: 65 28 37
the value pair of raw_data is: 6265
split the outgoings edges: 80 70 79 149
add node: MDDNode(2,u_82) MDDNode(2,u_83), remove node: MDDNode(2,u_40)
layer 2 incoming edges: 71
split the incoming edges: 71 35 36
the value pair of raw_data is: 6265
split the outgoings edges: 88 75 85 160
add node: MDDNode(2,u_84) MDDNode(2,u_85), remove node: MDDNode(2,u_41)
layer 2 incoming edges: 49
split the incoming edges: 49 26 23
the value pair of raw_data is: 6265
split the outgoings edges: 74 69 63 132
add node: MDDNode(2,u_86) MDDNode(2,u_87), remove node: MDDNode(2,u_42)
layer 2 incoming edges: 68
split the incoming edges: 68 36 32
the value pair of raw_data is: 6265
split the outgoings edges: 77 70 70 140
add node: MDDNode(2,u_88) MDDNode(2,u_89), remove node: MDDNode(2,u_43)
layer 2 incoming edges: 59
split the incoming edges: 59 31 28
the value pair of raw_data is: 6265
split the outgoings edges: 82 73 75 148
add node: MDDNode(2,u_90) MDDNode(2,u_91), remove node: MDDNode(2,u_44)
layer 2 incoming edges: 63
split the incoming edges: 63 28 35
the value pair of raw_data is: 6265
split the outgoings edges: 78 68 71 139
add node: MDDNode(2,u_92) MDDNode(2,u_93), remove node: MDDNode(2,u_45)
3 8 16
layer 3 incoming edges: 150
split the incoming edges: 150 80 70
the value pair of raw_data is: 202
split the outgoings edges: 90 82 73 155
add node: MDDNode(3,u_94) MDDNode(3,u_95), remove node: MDDNode(3,u_46)
layer 3 incoming edges: 131
split the incoming edges: 131 74 57
the value pair of raw_data is: 202
split the outgoings edges: 82 69 61 130
add node: MDDNode(3,u_96) MDDNode(3,u_97), remove node: MDDNode(3,u_47)
layer 3 incoming edges: 149
split the incoming edges: 149 76 73
the value pair of raw_data is: 202
split the outgoings edges: 72 65 65 130
add node: MDDNode(3,u_98) MDDNode(3,u_99), remove node: MDDNode(3,u_48)
layer 3 incoming edges: 142
split the incoming edges: 142 65 77
the value pair of raw_data is: 202
split the outgoings edges: 69 59 58 117
add node: MDDNode(3,u_100) MDDNode(3,u_101), remove node: MDDNode(3,u_49)
layer 3 incoming edges: 126
split the incoming edges: 126 66 60
the value pair of raw_data is: 202
split the outgoings edges: 83 70 67 137
add node: MDDNode(3,u_102) MDDNode(3,u_103), remove node: MDDNode(3,u_50)
layer 3 incoming edges: 131
split the incoming edges: 131 64 67
the value pair of raw_data is: 202
split the outgoings edges: 74 57 67 124
add node: MDDNode(3,u_104) MDDNode(3,u_105), remove node: MDDNode(3,u_51)
layer 3 incoming edges: 177
split the incoming edges: 177 89 88
the value pair of raw_data is: 202
split the outgoings edges: 99 85 89 174
add node: MDDNode(3,u_106) MDDNode(3,u_107), remove node: MDDNode(3,u_52)
layer 3 incoming edges: 158
split the incoming edges: 158 79 79
the value pair of raw_data is: 202
split the outgoings edges: 94 87 69 156
add node: MDDNode(3,u_108) MDDNode(3,u_109), remove node: MDDNode(3,u_53)
4 8 16
layer 4 incoming edges: 140
split the incoming edges: 140 80 60
the value pair of raw_data is: 161
split the outgoings edges: 1 1 1 2
add node: MDDNode(4,u_110) MDDNode(4,u_111), remove node: MDDNode(4,u_54)
layer 4 incoming edges: 141
split the incoming edges: 141 75 66
the value pair of raw_data is: 161
split the outgoings edges: 1 1 1 2
add node: MDDNode(4,u_112) MDDNode(4,u_113), remove node: MDDNode(4,u_55)
layer 4 incoming edges: 130
split the incoming edges: 130 56 74
the value pair of raw_data is: 161
split the outgoings edges: 1 1 1 2
add node: MDDNode(4,u_114) MDDNode(4,u_115), remove node: MDDNode(4,u_56)
layer 4 incoming edges: 139
split the incoming edges: 139 72 67
the value pair of raw_data is: 161
split the outgoings edges: 1 1 1 2
add node: MDDNode(4,u_116) MDDNode(4,u_117), remove node: MDDNode(4,u_57)
layer 4 incoming edges: 148
split the incoming edges: 148 74 74
the value pair of raw_data is: 161
split the outgoings edges: 1 1 1 2
add node: MDDNode(4,u_118) MDDNode(4,u_119), remove node: MDDNode(4,u_58)
layer 4 incoming edges: 135
split the incoming edges: 135 64 71
the value pair of raw_data is: 161
split the outgoings edges: 1 1 1 2
add node: MDDNode(4,u_120) MDDNode(4,u_121), remove node: MDDNode(4,u_59)
layer 4 incoming edges: 150
split the incoming edges: 150 65 85
the value pair of raw_data is: 161
split the outgoings edges: 1 1 1 2
add node: MDDNode(4,u_122) MDDNode(4,u_123), remove node: MDDNode(4,u_60)
layer 4 incoming edges: 140
split the incoming edges: 140 78 62
the value pair of raw_data is: 161
split the outgoings edges: 1 1 1 2
add node: MDDNode(4,u_124) MDDNode(4,u_125), remove node: MDDNode(4,u_61)
The bucket size: [25]
the graph width list : [1, 16, 16, 16, 16, 1]
iter= 1 dev 0.2713   test 0.2675   intelligible 0.3451   english 0.2847   gold 0.6164   save acc: 0.3451 time: 2019-11-27T17:17 
iter= 2 dev 0.3064   test 0.2990   intelligible 0.3833   english 0.3150   gold 0.6918   save acc: 0.3833 time: 2019-11-27T17:18 
iter= 3 dev 0.3175   test 0.3078   intelligible 0.3958   english 0.3266   gold 0.6661   save acc: 0.3958 time: 2019-11-27T17:19 
iter= 4 dev 0.3164   test 0.3073   intelligible 0.4004   english 0.3275   gold 0.6455   save acc: 0.4004 time: 2019-11-27T17:20 
iter= 5 dev 0.3275   test 0.3197   intelligible 0.4133   english 0.3406   gold 0.6918   save acc: 0.4133 time: 2019-11-27T17:21 
iter= 6 dev 0.3261   test 0.3122   intelligible 0.4045   english 0.3331   gold 0.6678   
iter= 7 dev 0.3301   test 0.3153   intelligible 0.4083   english 0.3364   gold 0.6764   
iter= 8 dev 0.3322   test 0.3195   intelligible 0.4110   english 0.3370   gold 0.6781   
iter= 9 dev 0.3301   test 0.3120   intelligible 0.4027   english 0.3316   gold 0.6781   
iter= 10 dev 0.3308   test 0.3133   intelligible 0.4076   english 0.3358   gold 0.6832   
iter= 11 dev 0.3306   test 0.3187   intelligible 0.4102   english 0.3373   gold 0.6866   
iter= 12 dev 0.3280   test 0.3138   intelligible 0.4068   english 0.3343   gold 0.6832   
iter= 13 dev 0.3303   test 0.3257   intelligible 0.4239   english 0.3483   gold 0.7414   save acc: 0.4239 time: 2019-11-27T17:30 
iter= 14 dev 0.3287   test 0.3272   intelligible 0.4258   english 0.3498   gold 0.7534   save acc: 0.4258 time: 2019-11-27T17:31 
iter= 15 dev 0.3299   test 0.3228   intelligible 0.4178   english 0.3438   gold 0.7449   
iter= 16 dev 0.3296   test 0.3244   intelligible 0.4212   english 0.3471   gold 0.7380   
iter= 17 dev 0.3299   test 0.3233   intelligible 0.4189   english 0.3453   gold 0.7397   
iter= 18 dev 0.3315   test 0.3236   intelligible 0.4205   english 0.3465   gold 0.7449   
iter= 19 dev 0.3299   test 0.3246   intelligible 0.4193   english 0.3456   gold 0.7414   
iter= 20 dev 0.3315   test 0.3270   intelligible 0.4239   english 0.3492   gold 0.7500   
iter= 21 dev 0.3318   test 0.3254   intelligible 0.4201   english 0.3456   gold 0.7466   
