args Namespace(config='configs/config_l.json', dataset='dataset/IFTTT/msr_data.pkl', load_model=None, mode='train', output='model/ifttt/width-16/pid-3-', width='16')
configure: {'max_word_id': 4000, 'bidirectional': True, 'cell_type': 'lstm', 'decoder': 'attention', 'embedding_size': 50, 'keep_prob': 0.5, 'memory_size': 25, 'num_layers': 1, 'num_units': 50, 'use_embedding': True, 'epoches': 20, 'batch_size': 32, 'init': {'name': 'random_uniform_initializer', 'scale': 0.1}, 'lr_scheduler': {'decay_steps': 5000, 'init_lr': 0.01, 'staircase': True}, 'max_grad_norm': 1, 'optimizer': 'AdamOptimizer'}
# path 8580
save to model/ifttt/width-16/pid-3-IFTTT-w-16.json
load json
numArcLayers: 5
1 1 16
layer 1 incoming edges: 111
split the incoming edges: 111 66 45
the value pair of raw_data is: 492
split the outgoings edges: 443 261 200 461
add node: MDDNode(1,u_6) MDDNode(1,u_7), remove node: MDDNode(1,u_1)
2 1 16
layer 2 incoming edges: 461
split the incoming edges: 461 240 221
the value pair of raw_data is: 6265
split the outgoings edges: 88 88 87 175
add node: MDDNode(2,u_8) MDDNode(2,u_9), remove node: MDDNode(2,u_2)
3 1 16
layer 3 incoming edges: 175
split the incoming edges: 175 95 80
the value pair of raw_data is: 202
split the outgoings edges: 161 140 121 261
add node: MDDNode(3,u_10) MDDNode(3,u_11), remove node: MDDNode(3,u_3)
4 1 16
layer 4 incoming edges: 261
split the incoming edges: 261 134 127
the value pair of raw_data is: 161
split the outgoings edges: 1 1 1 2
add node: MDDNode(4,u_12) MDDNode(4,u_13), remove node: MDDNode(4,u_4)
1 2 16
layer 1 incoming edges: 66
split the incoming edges: 66 40 26
the value pair of raw_data is: 492
split the outgoings edges: 261 150 125 275
add node: MDDNode(1,u_14) MDDNode(1,u_15), remove node: MDDNode(1,u_6)
layer 1 incoming edges: 45
split the incoming edges: 45 28 17
the value pair of raw_data is: 492
split the outgoings edges: 200 122 82 204
add node: MDDNode(1,u_16) MDDNode(1,u_17), remove node: MDDNode(1,u_7)
2 2 16
layer 2 incoming edges: 254
split the incoming edges: 254 132 122
the value pair of raw_data is: 6265
split the outgoings edges: 88 87 86 173
add node: MDDNode(2,u_18) MDDNode(2,u_19), remove node: MDDNode(2,u_8)
layer 2 incoming edges: 225
split the incoming edges: 225 119 106
the value pair of raw_data is: 6265
split the outgoings edges: 87 85 84 169
add node: MDDNode(2,u_20) MDDNode(2,u_21), remove node: MDDNode(2,u_9)
3 2 16
layer 3 incoming edges: 188
split the incoming edges: 188 103 85
the value pair of raw_data is: 202
split the outgoings edges: 140 118 112 230
add node: MDDNode(3,u_22) MDDNode(3,u_23), remove node: MDDNode(3,u_10)
layer 3 incoming edges: 154
split the incoming edges: 154 75 79
the value pair of raw_data is: 202
split the outgoings edges: 121 93 89 182
add node: MDDNode(3,u_24) MDDNode(3,u_25), remove node: MDDNode(3,u_11)
4 2 16
layer 4 incoming edges: 218
split the incoming edges: 218 107 111
the value pair of raw_data is: 161
split the outgoings edges: 1 1 1 2
add node: MDDNode(4,u_26) MDDNode(4,u_27), remove node: MDDNode(4,u_12)
layer 4 incoming edges: 194
split the incoming edges: 194 103 91
the value pair of raw_data is: 161
split the outgoings edges: 1 1 1 2
add node: MDDNode(4,u_28) MDDNode(4,u_29), remove node: MDDNode(4,u_13)
1 4 16
layer 1 incoming edges: 40
split the incoming edges: 40 26 14
the value pair of raw_data is: 492
split the outgoings edges: 150 94 62 156
add node: MDDNode(1,u_30) MDDNode(1,u_31), remove node: MDDNode(1,u_14)
layer 1 incoming edges: 26
split the incoming edges: 26 13 13
the value pair of raw_data is: 492
split the outgoings edges: 125 62 65 127
add node: MDDNode(1,u_32) MDDNode(1,u_33), remove node: MDDNode(1,u_15)
layer 1 incoming edges: 28
split the incoming edges: 28 17 11
the value pair of raw_data is: 492
split the outgoings edges: 122 78 45 123
add node: MDDNode(1,u_34) MDDNode(1,u_35), remove node: MDDNode(1,u_16)
layer 1 incoming edges: 17
split the incoming edges: 17 10 7
the value pair of raw_data is: 492
split the outgoings edges: 82 36 46 82
add node: MDDNode(1,u_36) MDDNode(1,u_37), remove node: MDDNode(1,u_17)
2 4 16
layer 2 incoming edges: 135
split the incoming edges: 135 68 67
the value pair of raw_data is: 6265
split the outgoings edges: 87 82 87 169
add node: MDDNode(2,u_38) MDDNode(2,u_39), remove node: MDDNode(2,u_18)
layer 2 incoming edges: 126
split the incoming edges: 126 67 59
the value pair of raw_data is: 6265
split the outgoings edges: 86 80 82 162
add node: MDDNode(2,u_40) MDDNode(2,u_41), remove node: MDDNode(2,u_19)
layer 2 incoming edges: 120
split the incoming edges: 120 57 63
the value pair of raw_data is: 6265
split the outgoings edges: 85 78 81 159
add node: MDDNode(2,u_42) MDDNode(2,u_43), remove node: MDDNode(2,u_20)
layer 2 incoming edges: 107
split the incoming edges: 107 42 65
the value pair of raw_data is: 6265
split the outgoings edges: 84 72 83 155
add node: MDDNode(2,u_44) MDDNode(2,u_45), remove node: MDDNode(2,u_21)
3 4 16
layer 3 incoming edges: 192
split the incoming edges: 192 94 98
the value pair of raw_data is: 202
split the outgoings edges: 118 98 101 199
add node: MDDNode(3,u_46) MDDNode(3,u_47), remove node: MDDNode(3,u_22)
layer 3 incoming edges: 162
split the incoming edges: 162 78 84
the value pair of raw_data is: 202
split the outgoings edges: 112 92 91 183
add node: MDDNode(3,u_48) MDDNode(3,u_49), remove node: MDDNode(3,u_23)
layer 3 incoming edges: 143
split the incoming edges: 143 70 73
the value pair of raw_data is: 202
split the outgoings edges: 93 81 81 162
add node: MDDNode(3,u_50) MDDNode(3,u_51), remove node: MDDNode(3,u_24)
layer 3 incoming edges: 148
split the incoming edges: 148 79 69
the value pair of raw_data is: 202
split the outgoings edges: 89 82 81 163
add node: MDDNode(3,u_52) MDDNode(3,u_53), remove node: MDDNode(3,u_25)
4 4 16
layer 4 incoming edges: 180
split the incoming edges: 180 88 92
the value pair of raw_data is: 161
split the outgoings edges: 1 1 1 2
add node: MDDNode(4,u_54) MDDNode(4,u_55), remove node: MDDNode(4,u_26)
layer 4 incoming edges: 196
split the incoming edges: 196 106 90
the value pair of raw_data is: 161
split the outgoings edges: 1 1 1 2
add node: MDDNode(4,u_56) MDDNode(4,u_57), remove node: MDDNode(4,u_27)
layer 4 incoming edges: 182
split the incoming edges: 182 93 89
the value pair of raw_data is: 161
split the outgoings edges: 1 1 1 2
add node: MDDNode(4,u_58) MDDNode(4,u_59), remove node: MDDNode(4,u_28)
layer 4 incoming edges: 149
split the incoming edges: 149 79 70
the value pair of raw_data is: 161
split the outgoings edges: 1 1 1 2
add node: MDDNode(4,u_60) MDDNode(4,u_61), remove node: MDDNode(4,u_29)
1 8 16
layer 1 incoming edges: 26
split the incoming edges: 26 13 13
the value pair of raw_data is: 492
split the outgoings edges: 94 49 45 94
add node: MDDNode(1,u_62) MDDNode(1,u_63), remove node: MDDNode(1,u_30)
layer 1 incoming edges: 14
split the incoming edges: 14 8 6
the value pair of raw_data is: 492
split the outgoings edges: 62 35 27 62
add node: MDDNode(1,u_64) MDDNode(1,u_65), remove node: MDDNode(1,u_31)
layer 1 incoming edges: 13
split the incoming edges: 13 9 4
the value pair of raw_data is: 492
split the outgoings edges: 62 39 23 62
add node: MDDNode(1,u_66) MDDNode(1,u_67), remove node: MDDNode(1,u_32)
layer 1 incoming edges: 13
split the incoming edges: 13 8 5
the value pair of raw_data is: 492
split the outgoings edges: 65 43 24 67
add node: MDDNode(1,u_68) MDDNode(1,u_69), remove node: MDDNode(1,u_33)
layer 1 incoming edges: 17
split the incoming edges: 17 9 8
the value pair of raw_data is: 492
split the outgoings edges: 78 38 40 78
add node: MDDNode(1,u_70) MDDNode(1,u_71), remove node: MDDNode(1,u_34)
layer 1 incoming edges: 11
split the incoming edges: 11 7 4
the value pair of raw_data is: 492
split the outgoings edges: 45 28 17 45
add node: MDDNode(1,u_72) MDDNode(1,u_73), remove node: MDDNode(1,u_35)
layer 1 incoming edges: 10
split the incoming edges: 10 3 7
the value pair of raw_data is: 492
split the outgoings edges: 36 14 24 38
add node: MDDNode(1,u_74) MDDNode(1,u_75), remove node: MDDNode(1,u_36)
layer 1 incoming edges: 7
split the incoming edges: 7 6 1
the value pair of raw_data is: 492
split the outgoings edges: 46 38 8 46
add node: MDDNode(1,u_76) MDDNode(1,u_77), remove node: MDDNode(1,u_37)
2 8 16
layer 2 incoming edges: 68
split the incoming edges: 68 37 31
the value pair of raw_data is: 6265
split the outgoings edges: 82 74 79 153
add node: MDDNode(2,u_78) MDDNode(2,u_79), remove node: MDDNode(2,u_38)
layer 2 incoming edges: 67
split the incoming edges: 67 31 36
the value pair of raw_data is: 6265
split the outgoings edges: 87 78 85 163
add node: MDDNode(2,u_80) MDDNode(2,u_81), remove node: MDDNode(2,u_39)
layer 2 incoming edges: 67
split the incoming edges: 67 34 33
the value pair of raw_data is: 6265
split the outgoings edges: 80 73 68 141
add node: MDDNode(2,u_82) MDDNode(2,u_83), remove node: MDDNode(2,u_40)
layer 2 incoming edges: 62
split the incoming edges: 62 35 27
the value pair of raw_data is: 6265
split the outgoings edges: 82 75 70 145
add node: MDDNode(2,u_84) MDDNode(2,u_85), remove node: MDDNode(2,u_41)
layer 2 incoming edges: 57
split the incoming edges: 57 30 27
the value pair of raw_data is: 6265
split the outgoings edges: 78 70 71 141
add node: MDDNode(2,u_86) MDDNode(2,u_87), remove node: MDDNode(2,u_42)
layer 2 incoming edges: 63
split the incoming edges: 63 32 31
the value pair of raw_data is: 6265
split the outgoings edges: 81 76 71 147
add node: MDDNode(2,u_88) MDDNode(2,u_89), remove node: MDDNode(2,u_43)
layer 2 incoming edges: 42
split the incoming edges: 42 24 18
the value pair of raw_data is: 6265
split the outgoings edges: 72 67 58 125
add node: MDDNode(2,u_90) MDDNode(2,u_91), remove node: MDDNode(2,u_44)
layer 2 incoming edges: 66
split the incoming edges: 66 31 35
the value pair of raw_data is: 6265
split the outgoings edges: 83 75 80 155
add node: MDDNode(2,u_92) MDDNode(2,u_93), remove node: MDDNode(2,u_45)
3 8 16
layer 3 incoming edges: 171
split the incoming edges: 171 96 75
the value pair of raw_data is: 202
split the outgoings edges: 98 89 80 169
add node: MDDNode(3,u_94) MDDNode(3,u_95), remove node: MDDNode(3,u_46)
layer 3 incoming edges: 183
split the incoming edges: 183 99 84
the value pair of raw_data is: 202
split the outgoings edges: 101 82 94 176
add node: MDDNode(3,u_96) MDDNode(3,u_97), remove node: MDDNode(3,u_47)
layer 3 incoming edges: 146
split the incoming edges: 146 85 61
the value pair of raw_data is: 202
split the outgoings edges: 92 77 66 143
add node: MDDNode(3,u_98) MDDNode(3,u_99), remove node: MDDNode(3,u_48)
layer 3 incoming edges: 151
split the incoming edges: 151 82 69
the value pair of raw_data is: 202
split the outgoings edges: 91 79 77 156
add node: MDDNode(3,u_100) MDDNode(3,u_101), remove node: MDDNode(3,u_49)
layer 3 incoming edges: 123
split the incoming edges: 123 58 65
the value pair of raw_data is: 202
split the outgoings edges: 81 67 67 134
add node: MDDNode(3,u_102) MDDNode(3,u_103), remove node: MDDNode(3,u_50)
layer 3 incoming edges: 129
split the incoming edges: 129 64 65
the value pair of raw_data is: 202
split the outgoings edges: 81 70 64 134
add node: MDDNode(3,u_104) MDDNode(3,u_105), remove node: MDDNode(3,u_51)
layer 3 incoming edges: 141
split the incoming edges: 141 77 64
the value pair of raw_data is: 202
split the outgoings edges: 82 72 68 140
add node: MDDNode(3,u_106) MDDNode(3,u_107), remove node: MDDNode(3,u_52)
layer 3 incoming edges: 126
split the incoming edges: 126 65 61
the value pair of raw_data is: 202
split the outgoings edges: 81 69 56 125
add node: MDDNode(3,u_108) MDDNode(3,u_109), remove node: MDDNode(3,u_53)
4 8 16
layer 4 incoming edges: 153
split the incoming edges: 153 77 76
the value pair of raw_data is: 161
split the outgoings edges: 1 1 1 2
add node: MDDNode(4,u_110) MDDNode(4,u_111), remove node: MDDNode(4,u_54)
layer 4 incoming edges: 161
split the incoming edges: 161 84 77
the value pair of raw_data is: 161
split the outgoings edges: 1 1 1 2
add node: MDDNode(4,u_112) MDDNode(4,u_113), remove node: MDDNode(4,u_55)
layer 4 incoming edges: 162
split the incoming edges: 162 84 78
the value pair of raw_data is: 161
split the outgoings edges: 1 1 1 2
add node: MDDNode(4,u_114) MDDNode(4,u_115), remove node: MDDNode(4,u_56)
layer 4 incoming edges: 155
split the incoming edges: 155 67 88
the value pair of raw_data is: 161
split the outgoings edges: 1 1 1 2
add node: MDDNode(4,u_116) MDDNode(4,u_117), remove node: MDDNode(4,u_57)
layer 4 incoming edges: 152
split the incoming edges: 152 70 82
the value pair of raw_data is: 161
split the outgoings edges: 1 1 1 2
add node: MDDNode(4,u_118) MDDNode(4,u_119), remove node: MDDNode(4,u_58)
layer 4 incoming edges: 148
split the incoming edges: 148 75 73
the value pair of raw_data is: 161
split the outgoings edges: 1 1 1 2
add node: MDDNode(4,u_120) MDDNode(4,u_121), remove node: MDDNode(4,u_59)
layer 4 incoming edges: 132
split the incoming edges: 132 68 64
the value pair of raw_data is: 161
split the outgoings edges: 1 1 1 2
add node: MDDNode(4,u_122) MDDNode(4,u_123), remove node: MDDNode(4,u_60)
layer 4 incoming edges: 114
split the incoming edges: 114 54 60
the value pair of raw_data is: 161
split the outgoings edges: 1 1 1 2
add node: MDDNode(4,u_124) MDDNode(4,u_125), remove node: MDDNode(4,u_61)
The bucket size: [25]
the graph width list : [1, 16, 16, 16, 16, 1]
iter= 1 dev 0.2749   test 0.2660   intelligible 0.3371   english 0.2811   gold 0.5634   save acc: 0.3371 time: 2019-11-27T16:31 
iter= 2 dev 0.3069   test 0.3024   intelligible 0.3909   english 0.3218   gold 0.6421   save acc: 0.3909 time: 2019-11-27T16:32 
iter= 3 dev 0.3017   test 0.3071   intelligible 0.3955   english 0.3260   gold 0.7158   save acc: 0.3955 time: 2019-11-27T16:33 
iter= 4 dev 0.3209   test 0.3146   intelligible 0.4057   english 0.3358   gold 0.6832   save acc: 0.4057 time: 2019-11-27T16:35 
iter= 5 dev 0.3246   test 0.3078   intelligible 0.3958   english 0.3266   gold 0.6661   
iter= 6 dev 0.3251   test 0.3308   intelligible 0.4250   english 0.3501   gold 0.7517   save acc: 0.4250 time: 2019-11-27T16:37 
iter= 7 dev 0.3251   test 0.3293   intelligible 0.4273   english 0.3507   gold 0.7620   save acc: 0.4273 time: 2019-11-27T16:38 
iter= 8 dev 0.3268   test 0.3368   intelligible 0.4356   english 0.3584   gold 0.7534   save acc: 0.4356 time: 2019-11-27T16:39 
iter= 9 dev 0.3216   test 0.3298   intelligible 0.4307   english 0.3543   gold 0.7603   
iter= 10 dev 0.3294   test 0.3272   intelligible 0.4261   english 0.3501   gold 0.7397   
iter= 11 dev 0.3256   test 0.3205   intelligible 0.4155   english 0.3430   gold 0.6866   
iter= 12 dev 0.3268   test 0.3231   intelligible 0.4186   english 0.3456   gold 0.7003   
iter= 13 dev 0.3251   test 0.3223   intelligible 0.4170   english 0.3444   gold 0.6969   
iter= 14 dev 0.3273   test 0.3298   intelligible 0.4288   english 0.3537   gold 0.7603   
iter= 15 dev 0.3251   test 0.3254   intelligible 0.4193   english 0.3468   gold 0.7089   
iter= 16 dev 0.3242   test 0.3231   intelligible 0.4174   english 0.3450   gold 0.6935   
iter= 17 dev 0.3246   test 0.3218   intelligible 0.4163   english 0.3430   gold 0.6952   
iter= 18 dev 0.3230   test 0.3233   intelligible 0.4178   english 0.3453   gold 0.6952   
iter= 19 dev 0.3251   test 0.3223   intelligible 0.4163   english 0.3438   gold 0.6901   
iter= 20 dev 0.3244   test 0.3254   intelligible 0.4205   english 0.3468   gold 0.6969   
iter= 21 dev 0.3237   test 0.3244   intelligible 0.4197   english 0.3462   gold 0.6952   
