args Namespace(config='configs/config_l.json', dataset='dataset/IFTTT/msr_data.pkl', load_model=None, mode='train', output='model/ifttt/width-16/pid-8-', width='16')
configure: {'max_word_id': 4000, 'bidirectional': True, 'cell_type': 'lstm', 'decoder': 'attention', 'embedding_size': 50, 'keep_prob': 0.5, 'memory_size': 25, 'num_layers': 1, 'num_units': 50, 'use_embedding': True, 'epoches': 20, 'batch_size': 32, 'init': {'name': 'random_uniform_initializer', 'scale': 0.1}, 'lr_scheduler': {'decay_steps': 5000, 'init_lr': 0.01, 'staircase': True}, 'max_grad_norm': 1, 'optimizer': 'AdamOptimizer'}
# path 8580
save to model/ifttt/width-16/pid-8-IFTTT-w-16.json
load json
numArcLayers: 5
1 1 16
layer 1 incoming edges: 111
split the incoming edges: 111 57 54
the value pair of raw_data is: 492
split the outgoings edges: 443 226 236 462
add node: MDDNode(1,u_6) MDDNode(1,u_7), remove node: MDDNode(1,u_1)
2 1 16
layer 2 incoming edges: 462
split the incoming edges: 462 232 230
the value pair of raw_data is: 6265
split the outgoings edges: 88 87 88 175
add node: MDDNode(2,u_8) MDDNode(2,u_9), remove node: MDDNode(2,u_2)
3 1 16
layer 3 incoming edges: 175
split the incoming edges: 175 97 78
the value pair of raw_data is: 202
split the outgoings edges: 161 133 117 250
add node: MDDNode(3,u_10) MDDNode(3,u_11), remove node: MDDNode(3,u_3)
4 1 16
layer 4 incoming edges: 250
split the incoming edges: 250 118 132
the value pair of raw_data is: 161
split the outgoings edges: 1 1 1 2
add node: MDDNode(4,u_12) MDDNode(4,u_13), remove node: MDDNode(4,u_4)
1 2 16
layer 1 incoming edges: 57
split the incoming edges: 57 29 28
the value pair of raw_data is: 492
split the outgoings edges: 226 113 120 233
add node: MDDNode(1,u_14) MDDNode(1,u_15), remove node: MDDNode(1,u_6)
layer 1 incoming edges: 54
split the incoming edges: 54 28 26
the value pair of raw_data is: 492
split the outgoings edges: 236 135 106 241
add node: MDDNode(1,u_16) MDDNode(1,u_17), remove node: MDDNode(1,u_7)
2 2 16
layer 2 incoming edges: 237
split the incoming edges: 237 121 116
the value pair of raw_data is: 6265
split the outgoings edges: 87 85 87 172
add node: MDDNode(2,u_18) MDDNode(2,u_19), remove node: MDDNode(2,u_8)
layer 2 incoming edges: 237
split the incoming edges: 237 106 131
the value pair of raw_data is: 6265
split the outgoings edges: 88 84 87 171
add node: MDDNode(2,u_20) MDDNode(2,u_21), remove node: MDDNode(2,u_9)
3 2 16
layer 3 incoming edges: 189
split the incoming edges: 189 100 89
the value pair of raw_data is: 202
split the outgoings edges: 133 118 99 217
add node: MDDNode(3,u_22) MDDNode(3,u_23), remove node: MDDNode(3,u_10)
layer 3 incoming edges: 154
split the incoming edges: 154 67 87
the value pair of raw_data is: 202
split the outgoings edges: 117 86 109 195
add node: MDDNode(3,u_24) MDDNode(3,u_25), remove node: MDDNode(3,u_11)
4 2 16
layer 4 incoming edges: 191
split the incoming edges: 191 104 87
the value pair of raw_data is: 161
split the outgoings edges: 1 1 1 2
add node: MDDNode(4,u_26) MDDNode(4,u_27), remove node: MDDNode(4,u_12)
layer 4 incoming edges: 221
split the incoming edges: 221 111 110
the value pair of raw_data is: 161
split the outgoings edges: 1 1 1 2
add node: MDDNode(4,u_28) MDDNode(4,u_29), remove node: MDDNode(4,u_13)
1 4 16
layer 1 incoming edges: 29
split the incoming edges: 29 16 13
the value pair of raw_data is: 492
split the outgoings edges: 113 65 52 117
add node: MDDNode(1,u_30) MDDNode(1,u_31), remove node: MDDNode(1,u_14)
layer 1 incoming edges: 28
split the incoming edges: 28 14 14
the value pair of raw_data is: 492
split the outgoings edges: 120 54 66 120
add node: MDDNode(1,u_32) MDDNode(1,u_33), remove node: MDDNode(1,u_15)
layer 1 incoming edges: 28
split the incoming edges: 28 15 13
the value pair of raw_data is: 492
split the outgoings edges: 135 68 70 138
add node: MDDNode(1,u_34) MDDNode(1,u_35), remove node: MDDNode(1,u_16)
layer 1 incoming edges: 26
split the incoming edges: 26 12 14
the value pair of raw_data is: 492
split the outgoings edges: 106 53 53 106
add node: MDDNode(1,u_36) MDDNode(1,u_37), remove node: MDDNode(1,u_17)
2 4 16
layer 2 incoming edges: 122
split the incoming edges: 122 68 54
the value pair of raw_data is: 6265
split the outgoings edges: 85 83 76 159
add node: MDDNode(2,u_38) MDDNode(2,u_39), remove node: MDDNode(2,u_18)
layer 2 incoming edges: 119
split the incoming edges: 119 59 60
the value pair of raw_data is: 6265
split the outgoings edges: 87 83 81 164
add node: MDDNode(2,u_40) MDDNode(2,u_41), remove node: MDDNode(2,u_19)
layer 2 incoming edges: 108
split the incoming edges: 108 52 56
the value pair of raw_data is: 6265
split the outgoings edges: 84 77 79 156
add node: MDDNode(2,u_42) MDDNode(2,u_43), remove node: MDDNode(2,u_20)
layer 2 incoming edges: 132
split the incoming edges: 132 59 73
the value pair of raw_data is: 6265
split the outgoings edges: 87 82 84 166
add node: MDDNode(2,u_44) MDDNode(2,u_45), remove node: MDDNode(2,u_21)
3 4 16
layer 3 incoming edges: 189
split the incoming edges: 189 92 97
the value pair of raw_data is: 202
split the outgoings edges: 118 104 96 200
add node: MDDNode(3,u_46) MDDNode(3,u_47), remove node: MDDNode(3,u_22)
layer 3 incoming edges: 167
split the incoming edges: 167 81 86
the value pair of raw_data is: 202
split the outgoings edges: 99 77 94 171
add node: MDDNode(3,u_48) MDDNode(3,u_49), remove node: MDDNode(3,u_23)
layer 3 incoming edges: 125
split the incoming edges: 125 53 72
the value pair of raw_data is: 202
split the outgoings edges: 86 65 84 149
add node: MDDNode(3,u_50) MDDNode(3,u_51), remove node: MDDNode(3,u_24)
layer 3 incoming edges: 164
split the incoming edges: 164 86 78
the value pair of raw_data is: 202
split the outgoings edges: 109 100 82 182
add node: MDDNode(3,u_52) MDDNode(3,u_53), remove node: MDDNode(3,u_25)
4 4 16
layer 4 incoming edges: 174
split the incoming edges: 174 88 86
the value pair of raw_data is: 161
split the outgoings edges: 1 1 1 2
add node: MDDNode(4,u_54) MDDNode(4,u_55), remove node: MDDNode(4,u_26)
layer 4 incoming edges: 148
split the incoming edges: 148 75 73
the value pair of raw_data is: 161
split the outgoings edges: 1 1 1 2
add node: MDDNode(4,u_56) MDDNode(4,u_57), remove node: MDDNode(4,u_27)
layer 4 incoming edges: 193
split the incoming edges: 193 100 93
the value pair of raw_data is: 161
split the outgoings edges: 1 1 1 2
add node: MDDNode(4,u_58) MDDNode(4,u_59), remove node: MDDNode(4,u_28)
layer 4 incoming edges: 187
split the incoming edges: 187 91 96
the value pair of raw_data is: 161
split the outgoings edges: 1 1 1 2
add node: MDDNode(4,u_60) MDDNode(4,u_61), remove node: MDDNode(4,u_29)
1 8 16
layer 1 incoming edges: 16
split the incoming edges: 16 7 9
the value pair of raw_data is: 492
split the outgoings edges: 65 43 22 65
add node: MDDNode(1,u_62) MDDNode(1,u_63), remove node: MDDNode(1,u_30)
layer 1 incoming edges: 13
split the incoming edges: 13 10 3
the value pair of raw_data is: 492
split the outgoings edges: 52 41 11 52
add node: MDDNode(1,u_64) MDDNode(1,u_65), remove node: MDDNode(1,u_31)
layer 1 incoming edges: 14
split the incoming edges: 14 9 5
the value pair of raw_data is: 492
split the outgoings edges: 54 34 22 56
add node: MDDNode(1,u_66) MDDNode(1,u_67), remove node: MDDNode(1,u_32)
layer 1 incoming edges: 14
split the incoming edges: 14 8 6
the value pair of raw_data is: 492
split the outgoings edges: 66 33 35 68
add node: MDDNode(1,u_68) MDDNode(1,u_69), remove node: MDDNode(1,u_33)
layer 1 incoming edges: 15
split the incoming edges: 15 7 8
the value pair of raw_data is: 492
split the outgoings edges: 68 32 36 68
add node: MDDNode(1,u_70) MDDNode(1,u_71), remove node: MDDNode(1,u_34)
layer 1 incoming edges: 13
split the incoming edges: 13 7 6
the value pair of raw_data is: 492
split the outgoings edges: 70 28 42 70
add node: MDDNode(1,u_72) MDDNode(1,u_73), remove node: MDDNode(1,u_35)
layer 1 incoming edges: 12
split the incoming edges: 12 4 8
the value pair of raw_data is: 492
split the outgoings edges: 53 18 35 53
add node: MDDNode(1,u_74) MDDNode(1,u_75), remove node: MDDNode(1,u_36)
layer 1 incoming edges: 14
split the incoming edges: 14 4 10
the value pair of raw_data is: 492
split the outgoings edges: 53 21 32 53
add node: MDDNode(1,u_76) MDDNode(1,u_77), remove node: MDDNode(1,u_37)
2 8 16
layer 2 incoming edges: 68
split the incoming edges: 68 36 32
the value pair of raw_data is: 6265
split the outgoings edges: 83 71 80 151
add node: MDDNode(2,u_78) MDDNode(2,u_79), remove node: MDDNode(2,u_38)
layer 2 incoming edges: 55
split the incoming edges: 55 25 30
the value pair of raw_data is: 6265
split the outgoings edges: 76 71 73 144
add node: MDDNode(2,u_80) MDDNode(2,u_81), remove node: MDDNode(2,u_39)
layer 2 incoming edges: 59
split the incoming edges: 59 32 27
the value pair of raw_data is: 6265
split the outgoings edges: 83 79 62 141
add node: MDDNode(2,u_82) MDDNode(2,u_83), remove node: MDDNode(2,u_40)
layer 2 incoming edges: 61
split the incoming edges: 61 34 27
the value pair of raw_data is: 6265
split the outgoings edges: 81 81 68 149
add node: MDDNode(2,u_84) MDDNode(2,u_85), remove node: MDDNode(2,u_41)
layer 2 incoming edges: 52
split the incoming edges: 52 33 19
the value pair of raw_data is: 6265
split the outgoings edges: 77 76 55 131
add node: MDDNode(2,u_86) MDDNode(2,u_87), remove node: MDDNode(2,u_42)
layer 2 incoming edges: 56
split the incoming edges: 56 28 28
the value pair of raw_data is: 6265
split the outgoings edges: 79 72 72 144
add node: MDDNode(2,u_88) MDDNode(2,u_89), remove node: MDDNode(2,u_43)
layer 2 incoming edges: 60
split the incoming edges: 60 32 28
the value pair of raw_data is: 6265
split the outgoings edges: 82 80 69 149
add node: MDDNode(2,u_90) MDDNode(2,u_91), remove node: MDDNode(2,u_44)
layer 2 incoming edges: 74
split the incoming edges: 74 37 37
the value pair of raw_data is: 6265
split the outgoings edges: 84 79 77 156
add node: MDDNode(2,u_92) MDDNode(2,u_93), remove node: MDDNode(2,u_45)
3 8 16
layer 3 incoming edges: 164
split the incoming edges: 164 86 78
the value pair of raw_data is: 202
split the outgoings edges: 104 93 82 175
add node: MDDNode(3,u_94) MDDNode(3,u_95), remove node: MDDNode(3,u_46)
layer 3 incoming edges: 175
split the incoming edges: 175 85 90
the value pair of raw_data is: 202
split the outgoings edges: 96 78 82 160
add node: MDDNode(3,u_96) MDDNode(3,u_97), remove node: MDDNode(3,u_47)
layer 3 incoming edges: 153
split the incoming edges: 153 80 73
the value pair of raw_data is: 202
split the outgoings edges: 77 72 66 138
add node: MDDNode(3,u_98) MDDNode(3,u_99), remove node: MDDNode(3,u_48)
layer 3 incoming edges: 154
split the incoming edges: 154 67 87
the value pair of raw_data is: 202
split the outgoings edges: 94 72 86 158
add node: MDDNode(3,u_100) MDDNode(3,u_101), remove node: MDDNode(3,u_49)
layer 3 incoming edges: 93
split the incoming edges: 93 46 47
the value pair of raw_data is: 202
split the outgoings edges: 65 60 55 115
add node: MDDNode(3,u_102) MDDNode(3,u_103), remove node: MDDNode(3,u_50)
layer 3 incoming edges: 127
split the incoming edges: 127 60 67
the value pair of raw_data is: 202
split the outgoings edges: 84 66 77 143
add node: MDDNode(3,u_104) MDDNode(3,u_105), remove node: MDDNode(3,u_51)
layer 3 incoming edges: 159
split the incoming edges: 159 72 87
the value pair of raw_data is: 202
split the outgoings edges: 100 83 96 179
add node: MDDNode(3,u_106) MDDNode(3,u_107), remove node: MDDNode(3,u_52)
layer 3 incoming edges: 140
split the incoming edges: 140 79 61
the value pair of raw_data is: 202
split the outgoings edges: 82 75 70 145
add node: MDDNode(3,u_108) MDDNode(3,u_109), remove node: MDDNode(3,u_53)
4 8 16
layer 4 incoming edges: 154
split the incoming edges: 154 77 77
the value pair of raw_data is: 161
split the outgoings edges: 1 1 1 2
add node: MDDNode(4,u_110) MDDNode(4,u_111), remove node: MDDNode(4,u_54)
layer 4 incoming edges: 155
split the incoming edges: 155 70 85
the value pair of raw_data is: 161
split the outgoings edges: 1 1 1 2
add node: MDDNode(4,u_112) MDDNode(4,u_113), remove node: MDDNode(4,u_55)
layer 4 incoming edges: 129
split the incoming edges: 129 67 62
the value pair of raw_data is: 161
split the outgoings edges: 1 1 1 2
add node: MDDNode(4,u_114) MDDNode(4,u_115), remove node: MDDNode(4,u_56)
layer 4 incoming edges: 124
split the incoming edges: 124 59 65
the value pair of raw_data is: 161
split the outgoings edges: 1 1 1 2
add node: MDDNode(4,u_116) MDDNode(4,u_117), remove node: MDDNode(4,u_57)
layer 4 incoming edges: 177
split the incoming edges: 177 99 78
the value pair of raw_data is: 161
split the outgoings edges: 1 1 1 2
add node: MDDNode(4,u_118) MDDNode(4,u_119), remove node: MDDNode(4,u_58)
layer 4 incoming edges: 158
split the incoming edges: 158 84 74
the value pair of raw_data is: 161
split the outgoings edges: 1 1 1 2
add node: MDDNode(4,u_120) MDDNode(4,u_121), remove node: MDDNode(4,u_59)
layer 4 incoming edges: 155
split the incoming edges: 155 73 82
the value pair of raw_data is: 161
split the outgoings edges: 1 1 1 2
add node: MDDNode(4,u_122) MDDNode(4,u_123), remove node: MDDNode(4,u_60)
layer 4 incoming edges: 161
split the incoming edges: 161 85 76
the value pair of raw_data is: 161
split the outgoings edges: 1 1 1 2
add node: MDDNode(4,u_124) MDDNode(4,u_125), remove node: MDDNode(4,u_61)
The bucket size: [25]
the graph width list : [1, 16, 16, 16, 16, 1]
iter= 1 dev 0.2680   test 0.2688   intelligible 0.3451   english 0.2882   gold 0.6164   save acc: 0.3451 time: 2019-11-27T18:26 
iter= 2 dev 0.2991   test 0.2905   intelligible 0.3761   english 0.3102   gold 0.5822   save acc: 0.3761 time: 2019-11-27T18:27 
iter= 3 dev 0.3135   test 0.3060   intelligible 0.3951   english 0.3245   gold 0.7140   save acc: 0.3951 time: 2019-11-27T18:28 
iter= 4 dev 0.3156   test 0.3117   intelligible 0.4064   english 0.3358   gold 0.7158   save acc: 0.4064 time: 2019-11-27T18:29 
iter= 5 dev 0.3263   test 0.3182   intelligible 0.4114   english 0.3406   gold 0.7260   save acc: 0.4114 time: 2019-11-27T18:30 
iter= 6 dev 0.3270   test 0.3228   intelligible 0.4223   english 0.3483   gold 0.7449   save acc: 0.4223 time: 2019-11-27T18:31 
iter= 7 dev 0.3282   test 0.3270   intelligible 0.4216   english 0.3480   gold 0.7397   
iter= 8 dev 0.3251   test 0.3277   intelligible 0.4216   english 0.3468   gold 0.7295   
iter= 9 dev 0.3282   test 0.3254   intelligible 0.4212   english 0.3468   gold 0.7432   
iter= 10 dev 0.3263   test 0.3259   intelligible 0.4220   english 0.3486   gold 0.7500   
iter= 11 dev 0.3235   test 0.3270   intelligible 0.4220   english 0.3489   gold 0.7397   
iter= 12 dev 0.3254   test 0.3259   intelligible 0.4235   english 0.3486   gold 0.7483   save acc: 0.4235 time: 2019-11-27T18:38 
iter= 13 dev 0.3265   test 0.3208   intelligible 0.4155   english 0.3430   gold 0.7380   
iter= 14 dev 0.3258   test 0.3220   intelligible 0.4167   english 0.3441   gold 0.7449   
iter= 15 dev 0.3246   test 0.3267   intelligible 0.4235   english 0.3495   gold 0.7432   
iter= 16 dev 0.3256   test 0.3259   intelligible 0.4197   english 0.3471   gold 0.7500   
iter= 17 dev 0.3258   test 0.3231   intelligible 0.4193   english 0.3453   gold 0.7449   
iter= 18 dev 0.3251   test 0.3239   intelligible 0.4186   english 0.3459   gold 0.7517   
iter= 19 dev 0.3258   test 0.3228   intelligible 0.4182   english 0.3453   gold 0.7466   
iter= 20 dev 0.3258   test 0.3236   intelligible 0.4201   english 0.3459   gold 0.7432   
iter= 21 dev 0.3251   test 0.3259   intelligible 0.4205   english 0.3468   gold 0.7449   
