args Namespace(config='configs/config_l.json', dataset='dataset/IFTTT/msr_data.pkl', load_model=None, mode='train', output='model/ifttt/width-16/', width='16')
configure: {'max_word_id': 3782, 'bidirectional': True, 'cell_type': 'lstm', 'decoder': 'attention', 'embedding_size': 100, 'keep_prob': 0.75, 'memory_size': 100, 'num_units': 100, 'use_embedding': True, 'epoches': 12, 'batch_size': 20, 'init': {'name': 'random_uniform_initializer', 'scale': 0.1}, 'lr_scheduler': {'decay_steps': 5000, 'init_lr': 0.02, 'decay_rate': 0.9, 'staircase': True}, 'max_grad_norm': 1, 'optimizer': 'AdamOptimizer'}
# path 8549
model/ifttt/width-16/dataset-w-16.pkl
load raw and dump to file
numArcLayers: 5
layer:1, node:MDDNode(1,u_1), in=111, out=443
choose: News & information
split in: 111 -> (98,13)
split out: 443 -> (386,60,446)
add: MDDNode(1,u-6) MDDNode(1,u-7), del:MDDNode(1,u_1)
2 (13,60) (98,386) 
layer:1, node:MDDNode(1,u-7), in=98, out=386
choose: Photo & video
split in: 98 -> (89,9)
split out: 386 -> (351,35,386)
add: MDDNode(1,u-8) MDDNode(1,u-9), del:MDDNode(1,u-7)
3 (13,60) (9,35) (89,351) 
layer:1, node:MDDNode(1,u-9), in=89, out=351
choose: Others
split in: 89 -> (82,7)
split out: 351 -> (335,21,356)
add: MDDNode(1,u-10) MDDNode(1,u-11), del:MDDNode(1,u-9)
4 (13,60) (9,35) (7,21) (82,335) 
layer:1, node:MDDNode(1,u-11), in=82, out=335
choose: Social networks
split in: 82 -> (75,7)
split out: 335 -> (280,55,335)
add: MDDNode(1,u-12) MDDNode(1,u-13), del:MDDNode(1,u-11)
5 (13,60) (9,35) (7,21) (7,55) (75,280) 
layer:1, node:MDDNode(1,u-13), in=75, out=280
choose: Bookmarking
split in: 75 -> (69,6)
split out: 280 -> (268,12,280)
add: MDDNode(1,u-14) MDDNode(1,u-15), del:MDDNode(1,u-13)
6 (13,60) (9,35) (7,21) (7,55) (6,12) (69,268) 
layer:1, node:MDDNode(1,u-15), in=69, out=268
choose: Shopping
split in: 69 -> (63,6)
split out: 268 -> (245,23,268)
add: MDDNode(1,u-16) MDDNode(1,u-17), del:MDDNode(1,u-15)
7 (13,60) (9,35) (7,21) (7,55) (6,12) (6,23) (63,245) 
layer:1, node:MDDNode(1,u-17), in=63, out=245
choose: Security & monitoring systems
split in: 63 -> (58,5)
split out: 245 -> (228,18,246)
add: MDDNode(1,u-18) MDDNode(1,u-19), del:MDDNode(1,u-17)
8 (13,60) (9,35) (7,21) (7,55) (6,12) (6,23) (5,18) (58,228) 
layer:1, node:MDDNode(1,u-19), in=58, out=228
choose: Mobile devices & accessories
split in: 58 -> (54,4)
split out: 228 -> (216,12,228)
add: MDDNode(1,u-20) MDDNode(1,u-21), del:MDDNode(1,u-19)
9 (13,60) (9,35) (7,21) (7,55) (6,12) (6,23) (5,18) (4,12) (54,216) 
layer:1, node:MDDNode(1,u-21), in=54, out=216
choose: Finance & payments
split in: 54 -> (50,4)
split out: 216 -> (199,17,216)
add: MDDNode(1,u-22) MDDNode(1,u-23), del:MDDNode(1,u-21)
10 (13,60) (9,35) (7,21) (7,55) (6,12) (6,23) (5,18) (4,12) (4,17) (50,199) 
layer:1, node:MDDNode(1,u-23), in=50, out=199
choose: Health & fitness
split in: 50 -> (46,4)
split out: 199 -> (174,26,200)
add: MDDNode(1,u-24) MDDNode(1,u-25), del:MDDNode(1,u-23)
11 (13,60) (9,35) (7,21) (7,55) (6,12) (6,23) (5,18) (4,12) (4,17) (4,26) (46,174) 
layer:1, node:MDDNode(1,u-25), in=46, out=174
choose: Weather
split in: 46 -> (43,3)
split out: 174 -> (148,30,178)
add: MDDNode(1,u-26) MDDNode(1,u-27), del:MDDNode(1,u-25)
12 (13,60) (9,35) (7,21) (7,55) (6,12) (6,23) (5,18) (4,12) (4,17) (4,26) (3,30) (43,148) 
layer:1, node:MDDNode(1,u-27), in=43, out=148
choose: Power monitoring & management
split in: 43 -> (40,3)
split out: 148 -> (139,11,150)
add: MDDNode(1,u-28) MDDNode(1,u-29), del:MDDNode(1,u-27)
13 (13,60) (9,35) (7,21) (7,55) (6,12) (6,23) (5,18) (4,12) (4,17) (4,26) (3,30) (3,11) (40,139) 
layer:1, node:MDDNode(1,u-29), in=40, out=139
choose: Environment control & monitoring
split in: 40 -> (37,3)
split out: 139 -> (132,9,141)
add: MDDNode(1,u-30) MDDNode(1,u-31), del:MDDNode(1,u-29)
14 (13,60) (9,35) (7,21) (7,55) (6,12) (6,23) (5,18) (4,12) (4,17) (4,26) (3,30) (3,11) (3,9) (37,132) 
layer:1, node:MDDNode(1,u-31), in=37, out=132
choose: Smart hubs & systems
split in: 37 -> (34,3)
split out: 132 -> (114,20,134)
add: MDDNode(1,u-32) MDDNode(1,u-33), del:MDDNode(1,u-31)
15 (13,60) (9,35) (7,21) (7,55) (6,12) (6,23) (5,18) (4,12) (4,17) (4,26) (3,30) (3,11) (3,9) (3,20) (34,114) 
layer:1, node:MDDNode(1,u-33), in=34, out=114
choose: Gardening
split in: 34 -> (31,3)
split out: 114 -> (105,9,114)
add: MDDNode(1,u-34) MDDNode(1,u-35), del:MDDNode(1,u-33)
16 (13,60) (9,35) (7,21) (7,55) (6,12) (6,23) (5,18) (4,12) (4,17) (4,26) (3,30) (3,11) (3,9) (3,20) (3,9) (31,105) 
layer:3, node:MDDNode(3,u_3), in=88, out=161
choose: Notifications
split in: 88 -> (81,7)
split out: 161 -> (154,9,163)
add: MDDNode(3,u-36) MDDNode(3,u-37), del:MDDNode(3,u_3)
2 (7,9) (81,154) 
layer:3, node:MDDNode(3,u-37), in=81, out=154
choose: Others
split in: 81 -> (75,6)
split out: 154 -> (144,12,156)
add: MDDNode(3,u-38) MDDNode(3,u-39), del:MDDNode(3,u-37)
3 (7,9) (6,12) (75,144) 
layer:3, node:MDDNode(3,u-39), in=75, out=144
choose: Bookmarking
split in: 75 -> (69,6)
split out: 144 -> (138,7,145)
add: MDDNode(3,u-40) MDDNode(3,u-41), del:MDDNode(3,u-39)
4 (7,9) (6,12) (6,7) (69,138) 
layer:3, node:MDDNode(3,u-41), in=69, out=138
choose: Social networks
split in: 69 -> (63,6)
split out: 138 -> (125,14,139)
add: MDDNode(3,u-42) MDDNode(3,u-43), del:MDDNode(3,u-41)
5 (7,9) (6,12) (6,7) (6,14) (63,125) 
layer:3, node:MDDNode(3,u-43), in=63, out=125
choose: Email
split in: 63 -> (59,4)
split out: 125 -> (120,5,125)
add: MDDNode(3,u-44) MDDNode(3,u-45), del:MDDNode(3,u-43)
6 (7,9) (6,12) (6,7) (6,14) (4,5) (59,120) 
layer:3, node:MDDNode(3,u-45), in=59, out=120
choose: Environment control & monitoring
split in: 59 -> (55,4)
split out: 120 -> (110,10,120)
add: MDDNode(3,u-46) MDDNode(3,u-47), del:MDDNode(3,u-45)
7 (7,9) (6,12) (6,7) (6,14) (4,5) (4,10) (55,110) 
layer:3, node:MDDNode(3,u-47), in=55, out=110
choose: Communication
split in: 55 -> (51,4)
split out: 110 -> (106,4,110)
add: MDDNode(3,u-48) MDDNode(3,u-49), del:MDDNode(3,u-47)
8 (7,9) (6,12) (6,7) (6,14) (4,5) (4,10) (4,4) (51,106) 
layer:3, node:MDDNode(3,u-49), in=51, out=106
choose: Photo & video
split in: 51 -> (47,4)
split out: 106 -> (102,4,106)
add: MDDNode(3,u-50) MDDNode(3,u-51), del:MDDNode(3,u-49)
9 (7,9) (6,12) (6,7) (6,14) (4,5) (4,10) (4,4) (4,4) (47,102) 
layer:3, node:MDDNode(3,u-51), in=47, out=102
choose: Mobile devices & accessories
split in: 47 -> (43,4)
split out: 102 -> (97,7,104)
add: MDDNode(3,u-52) MDDNode(3,u-53), del:MDDNode(3,u-51)
10 (7,9) (6,12) (6,7) (6,14) (4,5) (4,10) (4,4) (4,4) (4,7) (43,97) 
layer:3, node:MDDNode(3,u-53), in=43, out=97
choose: Cloud storage
split in: 43 -> (39,4)
split out: 97 -> (90,7,97)
add: MDDNode(3,u-54) MDDNode(3,u-55), del:MDDNode(3,u-53)
11 (7,9) (6,12) (6,7) (6,14) (4,5) (4,10) (4,4) (4,4) (4,7) (4,7) (39,90) 
layer:3, node:MDDNode(3,u-55), in=39, out=90
choose: Power monitoring & management
split in: 39 -> (35,4)
split out: 90 -> (86,9,95)
add: MDDNode(3,u-56) MDDNode(3,u-57), del:MDDNode(3,u-55)
12 (7,9) (6,12) (6,7) (6,14) (4,5) (4,10) (4,4) (4,4) (4,7) (4,7) (4,9) (35,86) 
layer:3, node:MDDNode(3,u-57), in=35, out=86
choose: Security & monitoring systems
split in: 35 -> (31,4)
split out: 86 -> (69,17,86)
add: MDDNode(3,u-58) MDDNode(3,u-59), del:MDDNode(3,u-57)
13 (7,9) (6,12) (6,7) (6,14) (4,5) (4,10) (4,4) (4,4) (4,7) (4,7) (4,9) (4,17) (31,69) 
layer:3, node:MDDNode(3,u-59), in=31, out=69
choose: Health & fitness
split in: 31 -> (28,3)
split out: 69 -> (67,3,70)
add: MDDNode(3,u-60) MDDNode(3,u-61), del:MDDNode(3,u-59)
14 (7,9) (6,12) (6,7) (6,14) (4,5) (4,10) (4,4) (4,4) (4,7) (4,7) (4,9) (4,17) (3,3) (28,67) 
layer:3, node:MDDNode(3,u-61), in=28, out=67
choose: Smart hubs & systems
split in: 28 -> (25,3)
split out: 67 -> (58,9,67)
add: MDDNode(3,u-62) MDDNode(3,u-63), del:MDDNode(3,u-61)
15 (7,9) (6,12) (6,7) (6,14) (4,5) (4,10) (4,4) (4,4) (4,7) (4,7) (4,9) (4,17) (3,3) (3,9) (25,58) 
layer:3, node:MDDNode(3,u-63), in=25, out=58
choose: Blogging
split in: 25 -> (22,3)
split out: 58 -> (51,7,58)
add: MDDNode(3,u-64) MDDNode(3,u-65), del:MDDNode(3,u-63)
16 (7,9) (6,12) (6,7) (6,14) (4,5) (4,10) (4,4) (4,4) (4,7) (4,7) (4,9) (4,17) (3,3) (3,9) (3,7) (22,51) 
=profile=
(0, 111) 
(13, 60) (9, 35) (7, 21) (7, 55) (6, 12) (6, 23) (5, 18) (4, 12) (4, 17) (4, 26) (3, 30) (3, 11) (3, 9) (3, 20) (3, 9) (31, 105) 
(463, 88) 
(7, 9) (6, 12) (6, 7) (6, 14) (4, 5) (4, 10) (4, 4) (4, 4) (4, 7) (4, 7) (4, 9) (4, 17) (3, 3) (3, 9) (3, 7) (22, 51) 
(175, 1) 
(1, 0) 
dump to the pickle
the graph width list : [1, 16, 1, 16, 1, 1]
it 1 dev 26.33   dev_h 44.40   dev_v 93.06   new_test 34.86   new_test_h 33.65   new_test_v 94.70   save: 34.86 T: 2020-01-13T04:21 
it 2 dev 30.38   dev_h 41.36   dev_v 95.30   new_test 41.49   new_test_h 30.72   new_test_v 95.39   save: 41.49 T: 2020-01-13T04:22 
it 3 dev 30.74   dev_h 41.18   dev_v 94.41   new_test 39.63   new_test_h 31.47   new_test_v 94.86   save: 39.63 T: 2020-01-13T04:23 
it 4 dev 29.82   dev_h 41.70   dev_v 94.99   new_test 40.27   new_test_h 31.03   new_test_v 95.03   
it 5 dev 30.95   dev_h 41.08   dev_v 94.74   new_test 41.12   new_test_h 30.64   new_test_v 95.35   save: 41.12 T: 2020-01-13T04:25 
it 6 dev 30.40   dev_h 41.56   dev_v 93.90   new_test 41.65   new_test_h 30.59   new_test_v 94.86   
it 7 dev 31.49   dev_h 41.08   dev_v 94.89   new_test 40.96   new_test_h 30.81   new_test_v 95.03   save: 40.96 T: 2020-01-13T04:28 
it 8 dev 30.35   dev_h 41.65   dev_v 93.92   new_test 41.69   new_test_h 30.36   new_test_v 94.54   
it 9 dev 30.47   dev_h 41.70   dev_v 94.26   new_test 41.16   new_test_h 30.83   new_test_v 94.82   
it 10 dev 30.76   dev_h 41.75   dev_v 93.83   new_test 41.49   new_test_h 30.59   new_test_v 94.58   
it 11 dev 30.01   dev_h 42.06   dev_v 93.71   new_test 41.29   new_test_h 30.84   new_test_v 95.19   
it 12 dev 30.52   dev_h 41.77   dev_v 93.66   new_test 41.45   new_test_h 30.76   new_test_v 95.11   
it 13 dev 30.42   dev_h 41.83   dev_v 93.64   new_test 41.08   new_test_h 30.89   new_test_v 94.58   
