args Namespace(config='configs/config_l.json', dataset='dataset/IFTTT/msr_data.pkl', load_model=None, mode='train', output='model/ifttt/width-16/pid-1-', width='16')
configure: {'max_word_id': 4000, 'bidirectional': True, 'cell_type': 'lstm', 'decoder': 'attention', 'embedding_size': 50, 'keep_prob': 0.5, 'memory_size': 25, 'num_layers': 1, 'num_units': 50, 'use_embedding': True, 'epoches': 20, 'batch_size': 32, 'init': {'name': 'random_uniform_initializer', 'scale': 0.1}, 'lr_scheduler': {'decay_steps': 5000, 'init_lr': 0.01, 'staircase': True}, 'max_grad_norm': 1, 'optimizer': 'AdamOptimizer'}
# path 8580
save to model/ifttt/width-16/pid-1-IFTTT-w-16.json
load json
numArcLayers: 5
1 1 16
layer 1 incoming edges: 111
split the incoming edges: 111 58 53
the value pair of raw_data is: 492
split the outgoings edges: 443 235 219 454
add node: MDDNode(1,u_6) MDDNode(1,u_7), remove node: MDDNode(1,u_1)
2 1 16
layer 2 incoming edges: 454
split the incoming edges: 454 240 214
the value pair of raw_data is: 6265
split the outgoings edges: 88 87 87 174
add node: MDDNode(2,u_8) MDDNode(2,u_9), remove node: MDDNode(2,u_2)
3 1 16
layer 3 incoming edges: 174
split the incoming edges: 174 89 85
the value pair of raw_data is: 202
split the outgoings edges: 161 137 135 272
add node: MDDNode(3,u_10) MDDNode(3,u_11), remove node: MDDNode(3,u_3)
4 1 16
layer 4 incoming edges: 272
split the incoming edges: 272 138 134
the value pair of raw_data is: 161
split the outgoings edges: 1 1 1 2
add node: MDDNode(4,u_12) MDDNode(4,u_13), remove node: MDDNode(4,u_4)
1 2 16
layer 1 incoming edges: 58
split the incoming edges: 58 35 23
the value pair of raw_data is: 492
split the outgoings edges: 235 142 104 246
add node: MDDNode(1,u_14) MDDNode(1,u_15), remove node: MDDNode(1,u_6)
layer 1 incoming edges: 53
split the incoming edges: 53 23 30
the value pair of raw_data is: 492
split the outgoings edges: 219 84 137 221
add node: MDDNode(1,u_16) MDDNode(1,u_17), remove node: MDDNode(1,u_7)
2 2 16
layer 2 incoming edges: 248
split the incoming edges: 248 128 120
the value pair of raw_data is: 6265
split the outgoings edges: 87 86 85 171
add node: MDDNode(2,u_18) MDDNode(2,u_19), remove node: MDDNode(2,u_8)
layer 2 incoming edges: 219
split the incoming edges: 219 114 105
the value pair of raw_data is: 6265
split the outgoings edges: 87 87 86 173
add node: MDDNode(2,u_20) MDDNode(2,u_21), remove node: MDDNode(2,u_9)
3 2 16
layer 3 incoming edges: 176
split the incoming edges: 176 95 81
the value pair of raw_data is: 202
split the outgoings edges: 137 119 111 230
add node: MDDNode(3,u_22) MDDNode(3,u_23), remove node: MDDNode(3,u_10)
layer 3 incoming edges: 168
split the incoming edges: 168 84 84
the value pair of raw_data is: 202
split the outgoings edges: 135 110 115 225
add node: MDDNode(3,u_24) MDDNode(3,u_25), remove node: MDDNode(3,u_11)
4 2 16
layer 4 incoming edges: 227
split the incoming edges: 227 121 106
the value pair of raw_data is: 161
split the outgoings edges: 1 1 1 2
add node: MDDNode(4,u_26) MDDNode(4,u_27), remove node: MDDNode(4,u_12)
layer 4 incoming edges: 228
split the incoming edges: 228 112 116
the value pair of raw_data is: 161
split the outgoings edges: 1 1 1 2
add node: MDDNode(4,u_28) MDDNode(4,u_29), remove node: MDDNode(4,u_13)
1 4 16
layer 1 incoming edges: 35
split the incoming edges: 35 16 19
the value pair of raw_data is: 492
split the outgoings edges: 142 54 90 144
add node: MDDNode(1,u_30) MDDNode(1,u_31), remove node: MDDNode(1,u_14)
layer 1 incoming edges: 23
split the incoming edges: 23 12 11
the value pair of raw_data is: 492
split the outgoings edges: 104 54 50 104
add node: MDDNode(1,u_32) MDDNode(1,u_33), remove node: MDDNode(1,u_15)
layer 1 incoming edges: 23
split the incoming edges: 23 8 15
the value pair of raw_data is: 492
split the outgoings edges: 84 35 49 84
add node: MDDNode(1,u_34) MDDNode(1,u_35), remove node: MDDNode(1,u_16)
layer 1 incoming edges: 30
split the incoming edges: 30 14 16
the value pair of raw_data is: 492
split the outgoings edges: 137 59 78 137
add node: MDDNode(1,u_36) MDDNode(1,u_37), remove node: MDDNode(1,u_17)
2 4 16
layer 2 incoming edges: 128
split the incoming edges: 128 67 61
the value pair of raw_data is: 6265
split the outgoings edges: 86 83 81 164
add node: MDDNode(2,u_38) MDDNode(2,u_39), remove node: MDDNode(2,u_18)
layer 2 incoming edges: 121
split the incoming edges: 121 63 58
the value pair of raw_data is: 6265
split the outgoings edges: 85 82 81 163
add node: MDDNode(2,u_40) MDDNode(2,u_41), remove node: MDDNode(2,u_19)
layer 2 incoming edges: 115
split the incoming edges: 115 58 57
the value pair of raw_data is: 6265
split the outgoings edges: 87 82 79 161
add node: MDDNode(2,u_42) MDDNode(2,u_43), remove node: MDDNode(2,u_20)
layer 2 incoming edges: 105
split the incoming edges: 105 48 57
the value pair of raw_data is: 6265
split the outgoings edges: 86 84 74 158
add node: MDDNode(2,u_44) MDDNode(2,u_45), remove node: MDDNode(2,u_21)
3 4 16
layer 3 incoming edges: 180
split the incoming edges: 180 84 96
the value pair of raw_data is: 202
split the outgoings edges: 119 91 104 195
add node: MDDNode(3,u_46) MDDNode(3,u_47), remove node: MDDNode(3,u_22)
layer 3 incoming edges: 152
split the incoming edges: 152 80 72
the value pair of raw_data is: 202
split the outgoings edges: 111 85 99 184
add node: MDDNode(3,u_48) MDDNode(3,u_49), remove node: MDDNode(3,u_23)
layer 3 incoming edges: 153
split the incoming edges: 153 75 78
the value pair of raw_data is: 202
split the outgoings edges: 110 98 81 179
add node: MDDNode(3,u_50) MDDNode(3,u_51), remove node: MDDNode(3,u_24)
layer 3 incoming edges: 161
split the incoming edges: 161 82 79
the value pair of raw_data is: 202
split the outgoings edges: 115 101 106 207
add node: MDDNode(3,u_52) MDDNode(3,u_53), remove node: MDDNode(3,u_25)
4 4 16
layer 4 incoming edges: 201
split the incoming edges: 201 110 91
the value pair of raw_data is: 161
split the outgoings edges: 1 1 1 2
add node: MDDNode(4,u_54) MDDNode(4,u_55), remove node: MDDNode(4,u_26)
layer 4 incoming edges: 186
split the incoming edges: 186 95 91
the value pair of raw_data is: 161
split the outgoings edges: 1 1 1 2
add node: MDDNode(4,u_56) MDDNode(4,u_57), remove node: MDDNode(4,u_27)
layer 4 incoming edges: 185
split the incoming edges: 185 95 90
the value pair of raw_data is: 161
split the outgoings edges: 1 1 1 2
add node: MDDNode(4,u_58) MDDNode(4,u_59), remove node: MDDNode(4,u_28)
layer 4 incoming edges: 193
split the incoming edges: 193 105 88
the value pair of raw_data is: 161
split the outgoings edges: 1 1 1 2
add node: MDDNode(4,u_60) MDDNode(4,u_61), remove node: MDDNode(4,u_29)
1 8 16
layer 1 incoming edges: 16
split the incoming edges: 16 12 4
the value pair of raw_data is: 492
split the outgoings edges: 54 45 11 56
add node: MDDNode(1,u_62) MDDNode(1,u_63), remove node: MDDNode(1,u_30)
layer 1 incoming edges: 19
split the incoming edges: 19 7 12
the value pair of raw_data is: 492
split the outgoings edges: 90 21 69 90
add node: MDDNode(1,u_64) MDDNode(1,u_65), remove node: MDDNode(1,u_31)
layer 1 incoming edges: 12
split the incoming edges: 12 6 6
the value pair of raw_data is: 492
split the outgoings edges: 54 29 32 61
add node: MDDNode(1,u_66) MDDNode(1,u_67), remove node: MDDNode(1,u_32)
layer 1 incoming edges: 11
split the incoming edges: 11 6 5
the value pair of raw_data is: 492
split the outgoings edges: 50 28 22 50
add node: MDDNode(1,u_68) MDDNode(1,u_69), remove node: MDDNode(1,u_33)
layer 1 incoming edges: 8
split the incoming edges: 8 6 2
the value pair of raw_data is: 492
split the outgoings edges: 35 28 7 35
add node: MDDNode(1,u_70) MDDNode(1,u_71), remove node: MDDNode(1,u_34)
layer 1 incoming edges: 15
split the incoming edges: 15 8 7
the value pair of raw_data is: 492
split the outgoings edges: 49 33 21 54
add node: MDDNode(1,u_72) MDDNode(1,u_73), remove node: MDDNode(1,u_35)
layer 1 incoming edges: 14
split the incoming edges: 14 7 7
the value pair of raw_data is: 492
split the outgoings edges: 59 23 41 64
add node: MDDNode(1,u_74) MDDNode(1,u_75), remove node: MDDNode(1,u_36)
layer 1 incoming edges: 16
split the incoming edges: 16 6 10
the value pair of raw_data is: 492
split the outgoings edges: 78 27 51 78
add node: MDDNode(1,u_76) MDDNode(1,u_77), remove node: MDDNode(1,u_37)
2 8 16
layer 2 incoming edges: 68
split the incoming edges: 68 40 28
the value pair of raw_data is: 6265
split the outgoings edges: 83 77 68 145
add node: MDDNode(2,u_78) MDDNode(2,u_79), remove node: MDDNode(2,u_38)
layer 2 incoming edges: 63
split the incoming edges: 63 28 35
the value pair of raw_data is: 6265
split the outgoings edges: 81 73 75 148
add node: MDDNode(2,u_80) MDDNode(2,u_81), remove node: MDDNode(2,u_39)
layer 2 incoming edges: 67
split the incoming edges: 67 28 39
the value pair of raw_data is: 6265
split the outgoings edges: 82 75 82 157
add node: MDDNode(2,u_82) MDDNode(2,u_83), remove node: MDDNode(2,u_40)
layer 2 incoming edges: 60
split the incoming edges: 60 26 34
the value pair of raw_data is: 6265
split the outgoings edges: 81 70 78 148
add node: MDDNode(2,u_84) MDDNode(2,u_85), remove node: MDDNode(2,u_41)
layer 2 incoming edges: 61
split the incoming edges: 61 31 30
the value pair of raw_data is: 6265
split the outgoings edges: 82 77 75 152
add node: MDDNode(2,u_86) MDDNode(2,u_87), remove node: MDDNode(2,u_42)
layer 2 incoming edges: 59
split the incoming edges: 59 30 29
the value pair of raw_data is: 6265
split the outgoings edges: 79 72 68 140
add node: MDDNode(2,u_88) MDDNode(2,u_89), remove node: MDDNode(2,u_43)
layer 2 incoming edges: 48
split the incoming edges: 48 17 31
the value pair of raw_data is: 6265
split the outgoings edges: 84 73 80 153
add node: MDDNode(2,u_90) MDDNode(2,u_91), remove node: MDDNode(2,u_44)
layer 2 incoming edges: 62
split the incoming edges: 62 36 26
the value pair of raw_data is: 6265
split the outgoings edges: 74 69 70 139
add node: MDDNode(2,u_92) MDDNode(2,u_93), remove node: MDDNode(2,u_45)
3 8 16
layer 3 incoming edges: 147
split the incoming edges: 147 76 71
the value pair of raw_data is: 202
split the outgoings edges: 91 80 79 159
add node: MDDNode(3,u_94) MDDNode(3,u_95), remove node: MDDNode(3,u_46)
layer 3 incoming edges: 172
split the incoming edges: 172 79 93
the value pair of raw_data is: 202
split the outgoings edges: 104 85 93 178
add node: MDDNode(3,u_96) MDDNode(3,u_97), remove node: MDDNode(3,u_47)
layer 3 incoming edges: 146
split the incoming edges: 146 75 71
the value pair of raw_data is: 202
split the outgoings edges: 85 70 69 139
add node: MDDNode(3,u_98) MDDNode(3,u_99), remove node: MDDNode(3,u_48)
layer 3 incoming edges: 130
split the incoming edges: 130 63 67
the value pair of raw_data is: 202
split the outgoings edges: 99 75 91 166
add node: MDDNode(3,u_100) MDDNode(3,u_101), remove node: MDDNode(3,u_49)
layer 3 incoming edges: 139
split the incoming edges: 139 67 72
the value pair of raw_data is: 202
split the outgoings edges: 98 82 75 157
add node: MDDNode(3,u_102) MDDNode(3,u_103), remove node: MDDNode(3,u_50)
layer 3 incoming edges: 148
split the incoming edges: 148 59 89
the value pair of raw_data is: 202
split the outgoings edges: 81 65 76 141
add node: MDDNode(3,u_104) MDDNode(3,u_105), remove node: MDDNode(3,u_51)
layer 3 incoming edges: 148
split the incoming edges: 148 79 69
the value pair of raw_data is: 202
split the outgoings edges: 101 86 72 158
add node: MDDNode(3,u_106) MDDNode(3,u_107), remove node: MDDNode(3,u_52)
layer 3 incoming edges: 152
split the incoming edges: 152 82 70
the value pair of raw_data is: 202
split the outgoings edges: 106 94 76 170
add node: MDDNode(3,u_108) MDDNode(3,u_109), remove node: MDDNode(3,u_53)
4 8 16
layer 4 incoming edges: 184
split the incoming edges: 184 95 89
the value pair of raw_data is: 161
split the outgoings edges: 1 1 1 2
add node: MDDNode(4,u_110) MDDNode(4,u_111), remove node: MDDNode(4,u_54)
layer 4 incoming edges: 158
split the incoming edges: 158 79 79
the value pair of raw_data is: 161
split the outgoings edges: 1 1 1 2
add node: MDDNode(4,u_112) MDDNode(4,u_113), remove node: MDDNode(4,u_55)
layer 4 incoming edges: 154
split the incoming edges: 154 72 82
the value pair of raw_data is: 161
split the outgoings edges: 1 1 1 2
add node: MDDNode(4,u_114) MDDNode(4,u_115), remove node: MDDNode(4,u_56)
layer 4 incoming edges: 150
split the incoming edges: 150 56 94
the value pair of raw_data is: 161
split the outgoings edges: 1 1 1 2
add node: MDDNode(4,u_116) MDDNode(4,u_117), remove node: MDDNode(4,u_57)
layer 4 incoming edges: 166
split the incoming edges: 166 90 76
the value pair of raw_data is: 161
split the outgoings edges: 1 1 1 2
add node: MDDNode(4,u_118) MDDNode(4,u_119), remove node: MDDNode(4,u_58)
layer 4 incoming edges: 151
split the incoming edges: 151 51 100
the value pair of raw_data is: 161
split the outgoings edges: 1 1 1 2
add node: MDDNode(4,u_120) MDDNode(4,u_121), remove node: MDDNode(4,u_59)
layer 4 incoming edges: 165
split the incoming edges: 165 76 89
the value pair of raw_data is: 161
split the outgoings edges: 1 1 1 2
add node: MDDNode(4,u_122) MDDNode(4,u_123), remove node: MDDNode(4,u_60)
layer 4 incoming edges: 140
split the incoming edges: 140 64 76
the value pair of raw_data is: 161
split the outgoings edges: 1 1 1 2
add node: MDDNode(4,u_124) MDDNode(4,u_125), remove node: MDDNode(4,u_61)
The bucket size: [25]
the graph width list : [1, 16, 16, 16, 16, 1]
iter= 1 dev 0.2640   test 0.2536   intelligible 0.3208   english 0.2656   gold 0.5342   save acc: 0.3208 time: 2019-11-27T15:45 
iter= 2 dev 0.2964   test 0.2957   intelligible 0.3856   english 0.3168   gold 0.6935   save acc: 0.3856 time: 2019-11-27T15:46 
iter= 3 dev 0.3040   test 0.2975   intelligible 0.3875   english 0.3198   gold 0.6678   save acc: 0.3875 time: 2019-11-27T15:47 
iter= 4 dev 0.3145   test 0.3156   intelligible 0.4083   english 0.3373   gold 0.7055   save acc: 0.4083 time: 2019-11-27T15:48 
iter= 5 dev 0.3239   test 0.3091   intelligible 0.3985   english 0.3302   gold 0.6558   
iter= 6 dev 0.3185   test 0.3143   intelligible 0.4083   english 0.3364   gold 0.7226   
iter= 7 dev 0.3256   test 0.3249   intelligible 0.4239   english 0.3495   gold 0.7414   save acc: 0.4239 time: 2019-11-27T15:51 
iter= 8 dev 0.3249   test 0.3239   intelligible 0.4208   english 0.3477   gold 0.7568   
iter= 9 dev 0.3223   test 0.3293   intelligible 0.4258   english 0.3519   gold 0.7637   save acc: 0.4258 time: 2019-11-27T15:53 
iter= 10 dev 0.3268   test 0.3275   intelligible 0.4269   english 0.3516   gold 0.7500   save acc: 0.4269 time: 2019-11-27T15:55 
iter= 11 dev 0.3213   test 0.3169   intelligible 0.4129   english 0.3403   gold 0.7021   
iter= 12 dev 0.3249   test 0.3259   intelligible 0.4254   english 0.3492   gold 0.7551   
iter= 13 dev 0.3223   test 0.3148   intelligible 0.4061   english 0.3358   gold 0.6849   
iter= 14 dev 0.3218   test 0.3264   intelligible 0.4220   english 0.3498   gold 0.7517   
iter= 15 dev 0.3223   test 0.3164   intelligible 0.4102   english 0.3388   gold 0.6969   
iter= 16 dev 0.3232   test 0.3189   intelligible 0.4152   english 0.3421   gold 0.6986   
iter= 17 dev 0.3227   test 0.3223   intelligible 0.4159   english 0.3432   gold 0.7072   
iter= 18 dev 0.3206   test 0.3213   intelligible 0.4133   english 0.3427   gold 0.7021   
iter= 19 dev 0.3230   test 0.3215   intelligible 0.4152   english 0.3432   gold 0.7021   
iter= 20 dev 0.3204   test 0.3202   intelligible 0.4136   english 0.3418   gold 0.7003   
iter= 21 dev 0.3199   test 0.3197   intelligible 0.4125   english 0.3409   gold 0.7021   
