args Namespace(config='configs/config_l.json', dataset='dataset/IFTTT/msr_data.pkl', load_model=None, mode='train', output='model/ifttt/width-16/', width='16')
configure: {'max_word_id': 4000, 'bidirectional': True, 'cell_type': 'gru', 'decoder': 'attention', 'embedding_size': 160, 'keep_prob': 0.45, 'memory_size': 25, 'num_units': 160, 'use_embedding': True, 'epoches': 15, 'batch_size': 32, 'init': {'name': 'random_uniform_initializer', 'scale': 0.1}, 'lr_scheduler': {'decay_steps': 5000, 'init_lr': 0.002, 'decay_rate': 0.9, 'staircase': True}, 'max_grad_norm': 1, 'optimizer': 'AdamOptimizer'}
# path 8549
model/ifttt/width-16/dataset-w-16.pkl
load raw and dump to file
numArcLayers: 5
1 1 16
layer 1 incoming edges: 111
choose: News & information
split the incoming edges: 111 13 98
the value pair of raw_data is: 492
split the outgoings edges: 443 60 386 446
add node: MDDNode(1,u_6) MDDNode(1,u_7), remove node: MDDNode(1,u_1)
1 2 16
layer 1 incoming edges: 98
choose: Photo & video
split the incoming edges: 98 9 89
the value pair of raw_data is: 492
split the outgoings edges: 386 35 351 386
add node: MDDNode(1,u_8) MDDNode(1,u_9), remove node: MDDNode(1,u_7)
1 3 16
layer 1 incoming edges: 89
choose: Others
split the incoming edges: 89 7 82
the value pair of raw_data is: 492
split the outgoings edges: 351 21 335 356
add node: MDDNode(1,u_10) MDDNode(1,u_11), remove node: MDDNode(1,u_9)
1 4 16
layer 1 incoming edges: 82
choose: Social networks
split the incoming edges: 82 7 75
the value pair of raw_data is: 492
split the outgoings edges: 335 55 280 335
add node: MDDNode(1,u_12) MDDNode(1,u_13), remove node: MDDNode(1,u_11)
1 5 16
layer 1 incoming edges: 75
choose: Shopping
split the incoming edges: 75 6 69
the value pair of raw_data is: 492
split the outgoings edges: 280 23 257 280
add node: MDDNode(1,u_14) MDDNode(1,u_15), remove node: MDDNode(1,u_13)
1 6 16
layer 1 incoming edges: 69
choose: Bookmarking
split the incoming edges: 69 6 63
the value pair of raw_data is: 492
split the outgoings edges: 257 12 245 257
add node: MDDNode(1,u_16) MDDNode(1,u_17), remove node: MDDNode(1,u_15)
1 7 16
layer 1 incoming edges: 63
choose: Security & monitoring systems
split the incoming edges: 63 5 58
the value pair of raw_data is: 492
split the outgoings edges: 245 18 228 246
add node: MDDNode(1,u_18) MDDNode(1,u_19), remove node: MDDNode(1,u_17)
1 8 16
layer 1 incoming edges: 58
choose: Mobile devices & accessories
split the incoming edges: 58 4 54
the value pair of raw_data is: 492
split the outgoings edges: 228 12 216 228
add node: MDDNode(1,u_20) MDDNode(1,u_21), remove node: MDDNode(1,u_19)
1 9 16
layer 1 incoming edges: 54
choose: Finance & payments
split the incoming edges: 54 4 50
the value pair of raw_data is: 492
split the outgoings edges: 216 17 199 216
add node: MDDNode(1,u_22) MDDNode(1,u_23), remove node: MDDNode(1,u_21)
1 10 16
layer 1 incoming edges: 50
choose: Health & fitness
split the incoming edges: 50 4 46
the value pair of raw_data is: 492
split the outgoings edges: 199 26 174 200
add node: MDDNode(1,u_24) MDDNode(1,u_25), remove node: MDDNode(1,u_23)
1 11 16
layer 1 incoming edges: 46
choose: Smart hubs & systems
split the incoming edges: 46 3 43
the value pair of raw_data is: 492
split the outgoings edges: 174 20 160 180
add node: MDDNode(1,u_26) MDDNode(1,u_27), remove node: MDDNode(1,u_25)
1 12 16
layer 1 incoming edges: 43
choose: Blogging
split the incoming edges: 43 3 40
the value pair of raw_data is: 492
split the outgoings edges: 160 13 147 160
add node: MDDNode(1,u_28) MDDNode(1,u_29), remove node: MDDNode(1,u_27)
1 13 16
layer 1 incoming edges: 40
choose: Environment control & monitoring
split the incoming edges: 40 3 37
the value pair of raw_data is: 492
split the outgoings edges: 147 9 140 149
add node: MDDNode(1,u_30) MDDNode(1,u_31), remove node: MDDNode(1,u_29)
1 14 16
layer 1 incoming edges: 37
choose: Gardening
split the incoming edges: 37 3 34
the value pair of raw_data is: 492
split the outgoings edges: 140 9 131 140
add node: MDDNode(1,u_32) MDDNode(1,u_33), remove node: MDDNode(1,u_31)
1 15 16
layer 1 incoming edges: 34
choose: Power monitoring & management
split the incoming edges: 34 3 31
the value pair of raw_data is: 492
split the outgoings edges: 131 11 122 133
add node: MDDNode(1,u_34) MDDNode(1,u_35), remove node: MDDNode(1,u_33)
dump to the pickle
the graph width list : [1, 16, 1, 1, 1, 1]
it 1 train 0.3336   train_h 0.1666   train_v 0.9102   dev 0.2862   dev_h 0.1785   dev_v 0.9079   new_test 0.3538   new_test_h 0.1615   new_test_v 0.9228   save acc: 0.3538 T: 2020-01-10T00:19 
it 2 train 0.4195   train_h 0.1451   train_v 0.9250   dev 0.3320   dev_h 0.1670   dev_v 0.9197   new_test 0.4286   new_test_h 0.1428   new_test_v 0.9389   save acc: 0.4286 T: 2020-01-10T00:22 
it 3 train 0.4692   train_h 0.1327   train_v 0.9301   dev 0.3370   dev_h 0.1657   dev_v 0.9171   new_test 0.4513   new_test_h 0.1372   new_test_v 0.9369   save acc: 0.4513 T: 2020-01-10T00:25 
it 4 train 0.5052   train_h 0.1237   train_v 0.9326   dev 0.3435   dev_h 0.1641   dev_v 0.9176   new_test 0.4525   new_test_h 0.1369   new_test_v 0.9325   save acc: 0.4525 T: 2020-01-10T00:28 
it 5 train 0.5367   train_h 0.1158   train_v 0.9402   dev 0.3508   dev_h 0.1623   dev_v 0.9161   new_test 0.4638   new_test_h 0.1340   new_test_v 0.9474   save acc: 0.4638 T: 2020-01-10T00:31 
it 6 train 0.5605   train_h 0.1099   train_v 0.9422   dev 0.3428   dev_h 0.1643   dev_v 0.9161   new_test 0.4553   new_test_h 0.1362   new_test_v 0.9357   
it 7 train 0.5786   train_h 0.1054   train_v 0.9447   dev 0.3522   dev_h 0.1619   dev_v 0.9163   new_test 0.4622   new_test_h 0.1345   new_test_v 0.9341   save acc: 0.4622 T: 2020-01-10T00:38 
it 8 train 0.5940   train_h 0.1015   train_v 0.9457   dev 0.3474   dev_h 0.1632   dev_v 0.9147   new_test 0.4545   new_test_h 0.1364   new_test_v 0.9345   
it 9 train 0.6065   train_h 0.0984   train_v 0.9484   dev 0.3476   dev_h 0.1631   dev_v 0.9130   new_test 0.4561   new_test_h 0.1360   new_test_v 0.9406   
it 10 train 0.6159   train_h 0.0960   train_v 0.9489   dev 0.3472   dev_h 0.1632   dev_v 0.9135   new_test 0.4573   new_test_h 0.1357   new_test_v 0.9369   
it 11 train 0.6225   train_h 0.0944   train_v 0.9496   dev 0.3445   dev_h 0.1639   dev_v 0.9137   new_test 0.4505   new_test_h 0.1374   new_test_v 0.9373   
it 12 train 0.6300   train_h 0.0925   train_v 0.9500   dev 0.3484   dev_h 0.1629   dev_v 0.9127   new_test 0.4541   new_test_h 0.1365   new_test_v 0.9329   
it 13 train 0.6342   train_h 0.0914   train_v 0.9515   dev 0.3474   dev_h 0.1632   dev_v 0.9161   new_test 0.4488   new_test_h 0.1378   new_test_v 0.9333   
it 14 train 0.6371   train_h 0.0907   train_v 0.9533   dev 0.3476   dev_h 0.1631   dev_v 0.9120   new_test 0.4517   new_test_h 0.1371   new_test_v 0.9361   
it 15 train 0.6411   train_h 0.0897   train_v 0.9532   dev 0.3472   dev_h 0.1632   dev_v 0.9096   new_test 0.4549   new_test_h 0.1363   new_test_v 0.9377   
it 16 train 0.6431   train_h 0.0892   train_v 0.9529   dev 0.3431   dev_h 0.1642   dev_v 0.9094   new_test 0.4541   new_test_h 0.1365   new_test_v 0.9369   
