args Namespace(config='configs/config_l.json', dataset='dataset/IFTTT/msr_data.pkl', load_model=None, mode='train', output='model/ifttt/width-16/pid-9-', width='16')
configure: {'max_word_id': 4000, 'bidirectional': True, 'cell_type': 'lstm', 'decoder': 'attention', 'embedding_size': 50, 'keep_prob': 0.5, 'memory_size': 25, 'num_layers': 1, 'num_units': 50, 'use_embedding': True, 'epoches': 20, 'batch_size': 32, 'init': {'name': 'random_uniform_initializer', 'scale': 0.1}, 'lr_scheduler': {'decay_steps': 5000, 'init_lr': 0.01, 'staircase': True}, 'max_grad_norm': 1, 'optimizer': 'AdamOptimizer'}
# path 8580
save to model/ifttt/width-16/pid-9-IFTTT-w-16.json
load json
numArcLayers: 5
1 1 16
layer 1 incoming edges: 111
split the incoming edges: 111 60 51
the value pair of raw_data is: 492
split the outgoings edges: 443 247 220 467
add node: MDDNode(1,u_6) MDDNode(1,u_7), remove node: MDDNode(1,u_1)
2 1 16
layer 2 incoming edges: 467
split the incoming edges: 467 249 218
the value pair of raw_data is: 6265
split the outgoings edges: 88 88 88 176
add node: MDDNode(2,u_8) MDDNode(2,u_9), remove node: MDDNode(2,u_2)
3 1 16
layer 3 incoming edges: 176
split the incoming edges: 176 89 87
the value pair of raw_data is: 202
split the outgoings edges: 161 129 129 258
add node: MDDNode(3,u_10) MDDNode(3,u_11), remove node: MDDNode(3,u_3)
4 1 16
layer 4 incoming edges: 258
split the incoming edges: 258 125 133
the value pair of raw_data is: 161
split the outgoings edges: 1 1 1 2
add node: MDDNode(4,u_12) MDDNode(4,u_13), remove node: MDDNode(4,u_4)
1 2 16
layer 1 incoming edges: 60
split the incoming edges: 60 38 22
the value pair of raw_data is: 492
split the outgoings edges: 247 184 69 253
add node: MDDNode(1,u_14) MDDNode(1,u_15), remove node: MDDNode(1,u_6)
layer 1 incoming edges: 51
split the incoming edges: 51 23 28
the value pair of raw_data is: 492
split the outgoings edges: 220 98 133 231
add node: MDDNode(1,u_16) MDDNode(1,u_17), remove node: MDDNode(1,u_7)
2 2 16
layer 2 incoming edges: 257
split the incoming edges: 257 120 137
the value pair of raw_data is: 6265
split the outgoings edges: 88 87 85 172
add node: MDDNode(2,u_18) MDDNode(2,u_19), remove node: MDDNode(2,u_8)
layer 2 incoming edges: 227
split the incoming edges: 227 120 107
the value pair of raw_data is: 6265
split the outgoings edges: 88 87 84 171
add node: MDDNode(2,u_20) MDDNode(2,u_21), remove node: MDDNode(2,u_9)
3 2 16
layer 3 incoming edges: 173
split the incoming edges: 173 92 81
the value pair of raw_data is: 202
split the outgoings edges: 129 107 100 207
add node: MDDNode(3,u_22) MDDNode(3,u_23), remove node: MDDNode(3,u_10)
layer 3 incoming edges: 170
split the incoming edges: 170 87 83
the value pair of raw_data is: 202
split the outgoings edges: 129 103 91 194
add node: MDDNode(3,u_24) MDDNode(3,u_25), remove node: MDDNode(3,u_11)
4 2 16
layer 4 incoming edges: 189
split the incoming edges: 189 87 102
the value pair of raw_data is: 161
split the outgoings edges: 1 1 1 2
add node: MDDNode(4,u_26) MDDNode(4,u_27), remove node: MDDNode(4,u_12)
layer 4 incoming edges: 212
split the incoming edges: 212 117 95
the value pair of raw_data is: 161
split the outgoings edges: 1 1 1 2
add node: MDDNode(4,u_28) MDDNode(4,u_29), remove node: MDDNode(4,u_13)
1 4 16
layer 1 incoming edges: 38
split the incoming edges: 38 18 20
the value pair of raw_data is: 492
split the outgoings edges: 184 87 102 189
add node: MDDNode(1,u_30) MDDNode(1,u_31), remove node: MDDNode(1,u_14)
layer 1 incoming edges: 22
split the incoming edges: 22 10 12
the value pair of raw_data is: 492
split the outgoings edges: 69 30 39 69
add node: MDDNode(1,u_32) MDDNode(1,u_33), remove node: MDDNode(1,u_15)
layer 1 incoming edges: 23
split the incoming edges: 23 11 12
the value pair of raw_data is: 492
split the outgoings edges: 98 45 56 101
add node: MDDNode(1,u_34) MDDNode(1,u_35), remove node: MDDNode(1,u_16)
layer 1 incoming edges: 28
split the incoming edges: 28 14 14
the value pair of raw_data is: 492
split the outgoings edges: 133 65 68 133
add node: MDDNode(1,u_36) MDDNode(1,u_37), remove node: MDDNode(1,u_17)
2 4 16
layer 2 incoming edges: 120
split the incoming edges: 120 62 58
the value pair of raw_data is: 6265
split the outgoings edges: 87 83 74 157
add node: MDDNode(2,u_38) MDDNode(2,u_39), remove node: MDDNode(2,u_18)
layer 2 incoming edges: 140
split the incoming edges: 140 65 75
the value pair of raw_data is: 6265
split the outgoings edges: 85 80 79 159
add node: MDDNode(2,u_40) MDDNode(2,u_41), remove node: MDDNode(2,u_19)
layer 2 incoming edges: 125
split the incoming edges: 125 68 57
the value pair of raw_data is: 6265
split the outgoings edges: 87 84 82 166
add node: MDDNode(2,u_42) MDDNode(2,u_43), remove node: MDDNode(2,u_20)
layer 2 incoming edges: 107
split the incoming edges: 107 47 60
the value pair of raw_data is: 6265
split the outgoings edges: 84 75 82 157
add node: MDDNode(2,u_44) MDDNode(2,u_45), remove node: MDDNode(2,u_21)
3 4 16
layer 3 incoming edges: 170
split the incoming edges: 170 83 87
the value pair of raw_data is: 202
split the outgoings edges: 107 91 94 185
add node: MDDNode(3,u_46) MDDNode(3,u_47), remove node: MDDNode(3,u_22)
layer 3 incoming edges: 150
split the incoming edges: 150 72 78
the value pair of raw_data is: 202
split the outgoings edges: 100 92 82 174
add node: MDDNode(3,u_48) MDDNode(3,u_49), remove node: MDDNode(3,u_23)
layer 3 incoming edges: 165
split the incoming edges: 165 80 85
the value pair of raw_data is: 202
split the outgoings edges: 103 85 94 179
add node: MDDNode(3,u_50) MDDNode(3,u_51), remove node: MDDNode(3,u_24)
layer 3 incoming edges: 154
split the incoming edges: 154 78 76
the value pair of raw_data is: 202
split the outgoings edges: 91 81 77 158
add node: MDDNode(3,u_52) MDDNode(3,u_53), remove node: MDDNode(3,u_25)
4 4 16
layer 4 incoming edges: 150
split the incoming edges: 150 79 71
the value pair of raw_data is: 161
split the outgoings edges: 1 1 1 2
add node: MDDNode(4,u_54) MDDNode(4,u_55), remove node: MDDNode(4,u_26)
layer 4 incoming edges: 174
split the incoming edges: 174 82 92
the value pair of raw_data is: 161
split the outgoings edges: 1 1 1 2
add node: MDDNode(4,u_56) MDDNode(4,u_57), remove node: MDDNode(4,u_27)
layer 4 incoming edges: 211
split the incoming edges: 211 109 102
the value pair of raw_data is: 161
split the outgoings edges: 1 1 1 2
add node: MDDNode(4,u_58) MDDNode(4,u_59), remove node: MDDNode(4,u_28)
layer 4 incoming edges: 161
split the incoming edges: 161 74 87
the value pair of raw_data is: 161
split the outgoings edges: 1 1 1 2
add node: MDDNode(4,u_60) MDDNode(4,u_61), remove node: MDDNode(4,u_29)
1 8 16
layer 1 incoming edges: 18
split the incoming edges: 18 13 5
the value pair of raw_data is: 492
split the outgoings edges: 87 68 19 87
add node: MDDNode(1,u_62) MDDNode(1,u_63), remove node: MDDNode(1,u_30)
layer 1 incoming edges: 20
split the incoming edges: 20 8 12
the value pair of raw_data is: 492
split the outgoings edges: 102 44 58 102
add node: MDDNode(1,u_64) MDDNode(1,u_65), remove node: MDDNode(1,u_31)
layer 1 incoming edges: 10
split the incoming edges: 10 4 6
the value pair of raw_data is: 492
split the outgoings edges: 30 7 23 30
add node: MDDNode(1,u_66) MDDNode(1,u_67), remove node: MDDNode(1,u_32)
layer 1 incoming edges: 12
split the incoming edges: 12 5 7
the value pair of raw_data is: 492
split the outgoings edges: 39 13 26 39
add node: MDDNode(1,u_68) MDDNode(1,u_69), remove node: MDDNode(1,u_33)
layer 1 incoming edges: 11
split the incoming edges: 11 6 5
the value pair of raw_data is: 492
split the outgoings edges: 45 28 17 45
add node: MDDNode(1,u_70) MDDNode(1,u_71), remove node: MDDNode(1,u_34)
layer 1 incoming edges: 12
split the incoming edges: 12 7 5
the value pair of raw_data is: 492
split the outgoings edges: 56 26 30 56
add node: MDDNode(1,u_72) MDDNode(1,u_73), remove node: MDDNode(1,u_35)
layer 1 incoming edges: 14
split the incoming edges: 14 7 7
the value pair of raw_data is: 492
split the outgoings edges: 65 35 30 65
add node: MDDNode(1,u_74) MDDNode(1,u_75), remove node: MDDNode(1,u_36)
layer 1 incoming edges: 14
split the incoming edges: 14 8 6
the value pair of raw_data is: 492
split the outgoings edges: 68 42 26 68
add node: MDDNode(1,u_76) MDDNode(1,u_77), remove node: MDDNode(1,u_37)
2 8 16
layer 2 incoming edges: 62
split the incoming edges: 62 29 33
the value pair of raw_data is: 6265
split the outgoings edges: 83 70 79 149
add node: MDDNode(2,u_78) MDDNode(2,u_79), remove node: MDDNode(2,u_38)
layer 2 incoming edges: 58
split the incoming edges: 58 25 33
the value pair of raw_data is: 6265
split the outgoings edges: 74 64 72 136
add node: MDDNode(2,u_80) MDDNode(2,u_81), remove node: MDDNode(2,u_39)
layer 2 incoming edges: 65
split the incoming edges: 65 40 25
the value pair of raw_data is: 6265
split the outgoings edges: 80 78 70 148
add node: MDDNode(2,u_82) MDDNode(2,u_83), remove node: MDDNode(2,u_40)
layer 2 incoming edges: 75
split the incoming edges: 75 33 42
the value pair of raw_data is: 6265
split the outgoings edges: 79 72 74 146
add node: MDDNode(2,u_84) MDDNode(2,u_85), remove node: MDDNode(2,u_41)
layer 2 incoming edges: 68
split the incoming edges: 68 35 33
the value pair of raw_data is: 6265
split the outgoings edges: 84 80 77 157
add node: MDDNode(2,u_86) MDDNode(2,u_87), remove node: MDDNode(2,u_42)
layer 2 incoming edges: 57
split the incoming edges: 57 29 28
the value pair of raw_data is: 6265
split the outgoings edges: 82 78 77 155
add node: MDDNode(2,u_88) MDDNode(2,u_89), remove node: MDDNode(2,u_43)
layer 2 incoming edges: 47
split the incoming edges: 47 22 25
the value pair of raw_data is: 6265
split the outgoings edges: 75 61 72 133
add node: MDDNode(2,u_90) MDDNode(2,u_91), remove node: MDDNode(2,u_44)
layer 2 incoming edges: 60
split the incoming edges: 60 31 29
the value pair of raw_data is: 6265
split the outgoings edges: 82 72 75 147
add node: MDDNode(2,u_92) MDDNode(2,u_93), remove node: MDDNode(2,u_45)
3 8 16
layer 3 incoming edges: 152
split the incoming edges: 152 73 79
the value pair of raw_data is: 202
split the outgoings edges: 91 73 70 143
add node: MDDNode(3,u_94) MDDNode(3,u_95), remove node: MDDNode(3,u_46)
layer 3 incoming edges: 156
split the incoming edges: 156 79 77
the value pair of raw_data is: 202
split the outgoings edges: 94 79 81 160
add node: MDDNode(3,u_96) MDDNode(3,u_97), remove node: MDDNode(3,u_47)
layer 3 incoming edges: 134
split the incoming edges: 134 68 66
the value pair of raw_data is: 202
split the outgoings edges: 92 76 80 156
add node: MDDNode(3,u_98) MDDNode(3,u_99), remove node: MDDNode(3,u_48)
layer 3 incoming edges: 143
split the incoming edges: 143 69 74
the value pair of raw_data is: 202
split the outgoings edges: 82 73 70 143
add node: MDDNode(3,u_100) MDDNode(3,u_101), remove node: MDDNode(3,u_49)
layer 3 incoming edges: 149
split the incoming edges: 149 86 63
the value pair of raw_data is: 202
split the outgoings edges: 85 79 71 150
add node: MDDNode(3,u_102) MDDNode(3,u_103), remove node: MDDNode(3,u_50)
layer 3 incoming edges: 153
split the incoming edges: 153 83 70
the value pair of raw_data is: 202
split the outgoings edges: 94 80 84 164
add node: MDDNode(3,u_104) MDDNode(3,u_105), remove node: MDDNode(3,u_51)
layer 3 incoming edges: 143
split the incoming edges: 143 75 68
the value pair of raw_data is: 202
split the outgoings edges: 81 67 75 142
add node: MDDNode(3,u_106) MDDNode(3,u_107), remove node: MDDNode(3,u_52)
layer 3 incoming edges: 141
split the incoming edges: 141 66 75
the value pair of raw_data is: 202
split the outgoings edges: 77 58 69 127
add node: MDDNode(3,u_108) MDDNode(3,u_109), remove node: MDDNode(3,u_53)
4 8 16
layer 4 incoming edges: 135
split the incoming edges: 135 73 62
the value pair of raw_data is: 161
split the outgoings edges: 1 1 1 2
add node: MDDNode(4,u_110) MDDNode(4,u_111), remove node: MDDNode(4,u_54)
layer 4 incoming edges: 117
split the incoming edges: 117 62 55
the value pair of raw_data is: 161
split the outgoings edges: 1 1 1 2
add node: MDDNode(4,u_112) MDDNode(4,u_113), remove node: MDDNode(4,u_55)
layer 4 incoming edges: 134
split the incoming edges: 134 70 64
the value pair of raw_data is: 161
split the outgoings edges: 1 1 1 2
add node: MDDNode(4,u_114) MDDNode(4,u_115), remove node: MDDNode(4,u_56)
layer 4 incoming edges: 164
split the incoming edges: 164 95 69
the value pair of raw_data is: 161
split the outgoings edges: 1 1 1 2
add node: MDDNode(4,u_116) MDDNode(4,u_117), remove node: MDDNode(4,u_57)
layer 4 incoming edges: 193
split the incoming edges: 193 90 103
the value pair of raw_data is: 161
split the outgoings edges: 1 1 1 2
add node: MDDNode(4,u_118) MDDNode(4,u_119), remove node: MDDNode(4,u_58)
layer 4 incoming edges: 172
split the incoming edges: 172 88 84
the value pair of raw_data is: 161
split the outgoings edges: 1 1 1 2
add node: MDDNode(4,u_120) MDDNode(4,u_121), remove node: MDDNode(4,u_59)
layer 4 incoming edges: 122
split the incoming edges: 122 64 58
the value pair of raw_data is: 161
split the outgoings edges: 1 1 1 2
add node: MDDNode(4,u_122) MDDNode(4,u_123), remove node: MDDNode(4,u_60)
layer 4 incoming edges: 148
split the incoming edges: 148 79 69
the value pair of raw_data is: 161
split the outgoings edges: 1 1 1 2
add node: MDDNode(4,u_124) MDDNode(4,u_125), remove node: MDDNode(4,u_61)
The bucket size: [25]
the graph width list : [1, 16, 16, 16, 16, 1]
iter= 1 dev 0.2787   test 0.2709   intelligible 0.3428   english 0.2852   gold 0.5856   save acc: 0.3428 time: 2019-11-27T18:49 
iter= 2 dev 0.2981   test 0.2954   intelligible 0.3818   english 0.3177   gold 0.6610   save acc: 0.3818 time: 2019-11-27T18:50 
iter= 3 dev 0.3232   test 0.2980   intelligible 0.3867   english 0.3195   gold 0.6301   save acc: 0.3867 time: 2019-11-27T18:51 
iter= 4 dev 0.3256   test 0.3200   intelligible 0.4144   english 0.3427   gold 0.7089   save acc: 0.4144 time: 2019-11-27T18:52 
iter= 5 dev 0.3289   test 0.3220   intelligible 0.4205   english 0.3474   gold 0.7329   save acc: 0.4205 time: 2019-11-27T18:53 
iter= 6 dev 0.3265   test 0.3249   intelligible 0.4220   english 0.3474   gold 0.7534   save acc: 0.4220 time: 2019-11-27T18:54 
iter= 7 dev 0.3273   test 0.3295   intelligible 0.4277   english 0.3522   gold 0.7534   save acc: 0.4277 time: 2019-11-27T18:55 
iter= 8 dev 0.3282   test 0.3249   intelligible 0.4223   english 0.3480   gold 0.7414   
iter= 9 dev 0.3327   test 0.3319   intelligible 0.4307   english 0.3557   gold 0.7295   save acc: 0.4307 time: 2019-11-27T18:58 
iter= 10 dev 0.3265   test 0.3306   intelligible 0.4322   english 0.3560   gold 0.7483   save acc: 0.4322 time: 2019-11-27T18:59 
iter= 11 dev 0.3268   test 0.3283   intelligible 0.4288   english 0.3531   gold 0.7483   
iter= 12 dev 0.3291   test 0.3280   intelligible 0.4265   english 0.3519   gold 0.7397   
iter= 13 dev 0.3296   test 0.3288   intelligible 0.4269   english 0.3519   gold 0.7346   
iter= 14 dev 0.3277   test 0.3319   intelligible 0.4314   english 0.3554   gold 0.7483   
iter= 15 dev 0.3256   test 0.3308   intelligible 0.4307   english 0.3554   gold 0.7432   
iter= 16 dev 0.3263   test 0.3306   intelligible 0.4292   english 0.3534   gold 0.7432   
iter= 17 dev 0.3273   test 0.3334   intelligible 0.4348   english 0.3578   gold 0.7517   save acc: 0.4348 time: 2019-11-27T19:06 
iter= 18 dev 0.3287   test 0.3306   intelligible 0.4314   english 0.3551   gold 0.7483   
iter= 19 dev 0.3280   test 0.3316   intelligible 0.4318   english 0.3557   gold 0.7517   
iter= 20 dev 0.3273   test 0.3321   intelligible 0.4326   english 0.3563   gold 0.7534   
iter= 21 dev 0.3280   test 0.3319   intelligible 0.4314   english 0.3554   gold 0.7500   
