args Namespace(config='configs/config_l.json', dataset='dataset/IFTTT/msr_data.pkl', load_model=None, mode='train', output='model/ifttt/width-23/', width='23')
configure: {'max_word_id': 4000, 'bidirectional': True, 'cell_type': 'gru', 'decoder': 'attention', 'embedding_size': 160, 'keep_prob': 0.45, 'memory_size': 25, 'num_units': 160, 'use_embedding': True, 'epoches': 15, 'batch_size': 32, 'init': {'name': 'random_uniform_initializer', 'scale': 0.1}, 'lr_scheduler': {'decay_steps': 5000, 'init_lr': 0.002, 'decay_rate': 0.9, 'staircase': True}, 'max_grad_norm': 1, 'optimizer': 'AdamOptimizer'}
# path 8549
model/ifttt/width-23/dataset-w-23.pkl
load raw and dump to file
numArcLayers: 5
1 1 23
layer 1 incoming edges: 111
choose: News & information
split the incoming edges: 111 13 98
the value pair of raw_data is: 492
split the outgoings edges: 443 60 386 446
add node: MDDNode(1,u_6) MDDNode(1,u_7), remove node: MDDNode(1,u_1)
1 2 23
layer 1 incoming edges: 98
choose: Photo & video
split the incoming edges: 98 9 89
the value pair of raw_data is: 492
split the outgoings edges: 386 35 351 386
add node: MDDNode(1,u_8) MDDNode(1,u_9), remove node: MDDNode(1,u_7)
1 3 23
layer 1 incoming edges: 89
choose: Others
split the incoming edges: 89 7 82
the value pair of raw_data is: 492
split the outgoings edges: 351 21 335 356
add node: MDDNode(1,u_10) MDDNode(1,u_11), remove node: MDDNode(1,u_9)
1 4 23
layer 1 incoming edges: 82
choose: Social networks
split the incoming edges: 82 7 75
the value pair of raw_data is: 492
split the outgoings edges: 335 55 280 335
add node: MDDNode(1,u_12) MDDNode(1,u_13), remove node: MDDNode(1,u_11)
1 5 23
layer 1 incoming edges: 75
choose: Shopping
split the incoming edges: 75 6 69
the value pair of raw_data is: 492
split the outgoings edges: 280 23 257 280
add node: MDDNode(1,u_14) MDDNode(1,u_15), remove node: MDDNode(1,u_13)
1 6 23
layer 1 incoming edges: 69
choose: Bookmarking
split the incoming edges: 69 6 63
the value pair of raw_data is: 492
split the outgoings edges: 257 12 245 257
add node: MDDNode(1,u_16) MDDNode(1,u_17), remove node: MDDNode(1,u_15)
1 7 23
layer 1 incoming edges: 63
choose: Security & monitoring systems
split the incoming edges: 63 5 58
the value pair of raw_data is: 492
split the outgoings edges: 245 18 228 246
add node: MDDNode(1,u_18) MDDNode(1,u_19), remove node: MDDNode(1,u_17)
1 8 23
layer 1 incoming edges: 58
choose: Mobile devices & accessories
split the incoming edges: 58 4 54
the value pair of raw_data is: 492
split the outgoings edges: 228 12 216 228
add node: MDDNode(1,u_20) MDDNode(1,u_21), remove node: MDDNode(1,u_19)
1 9 23
layer 1 incoming edges: 54
choose: Health & fitness
split the incoming edges: 54 4 50
the value pair of raw_data is: 492
split the outgoings edges: 216 26 191 217
add node: MDDNode(1,u_22) MDDNode(1,u_23), remove node: MDDNode(1,u_21)
1 10 23
layer 1 incoming edges: 50
choose: Finance & payments
split the incoming edges: 50 4 46
the value pair of raw_data is: 492
split the outgoings edges: 191 17 174 191
add node: MDDNode(1,u_24) MDDNode(1,u_25), remove node: MDDNode(1,u_23)
1 11 23
layer 1 incoming edges: 46
choose: Weather
split the incoming edges: 46 3 43
the value pair of raw_data is: 492
split the outgoings edges: 174 30 148 178
add node: MDDNode(1,u_26) MDDNode(1,u_27), remove node: MDDNode(1,u_25)
1 12 23
layer 1 incoming edges: 43
choose: Blogging
split the incoming edges: 43 3 40
the value pair of raw_data is: 492
split the outgoings edges: 148 13 135 148
add node: MDDNode(1,u_28) MDDNode(1,u_29), remove node: MDDNode(1,u_27)
1 13 23
layer 1 incoming edges: 40
choose: Power monitoring & management
split the incoming edges: 40 3 37
the value pair of raw_data is: 492
split the outgoings edges: 135 11 126 137
add node: MDDNode(1,u_30) MDDNode(1,u_31), remove node: MDDNode(1,u_29)
1 14 23
layer 1 incoming edges: 37
choose: Notifications
split the incoming edges: 37 3 34
the value pair of raw_data is: 492
split the outgoings edges: 126 4 122 126
add node: MDDNode(1,u_32) MDDNode(1,u_33), remove node: MDDNode(1,u_31)
1 15 23
layer 1 incoming edges: 34
choose: Gardening
split the incoming edges: 34 3 31
the value pair of raw_data is: 492
split the outgoings edges: 122 9 113 122
add node: MDDNode(1,u_34) MDDNode(1,u_35), remove node: MDDNode(1,u_33)
1 16 23
layer 1 incoming edges: 31
choose: Email
split the incoming edges: 31 3 28
the value pair of raw_data is: 492
split the outgoings edges: 113 10 103 113
add node: MDDNode(1,u_36) MDDNode(1,u_37), remove node: MDDNode(1,u_35)
1 17 23
layer 1 incoming edges: 28
choose: Environment control & monitoring
split the incoming edges: 28 3 25
the value pair of raw_data is: 492
split the outgoings edges: 103 9 96 105
add node: MDDNode(1,u_38) MDDNode(1,u_39), remove node: MDDNode(1,u_37)
1 18 23
layer 1 incoming edges: 25
choose: Smart hubs & systems
split the incoming edges: 25 3 22
the value pair of raw_data is: 492
split the outgoings edges: 96 20 78 98
add node: MDDNode(1,u_40) MDDNode(1,u_41), remove node: MDDNode(1,u_39)
1 19 23
layer 1 incoming edges: 22
choose: Communication
split the incoming edges: 22 2 20
the value pair of raw_data is: 492
split the outgoings edges: 78 12 66 78
add node: MDDNode(1,u_42) MDDNode(1,u_43), remove node: MDDNode(1,u_41)
1 20 23
layer 1 incoming edges: 20
choose: Appliances
split the incoming edges: 20 2 18
the value pair of raw_data is: 492
split the outgoings edges: 66 2 64 66
add node: MDDNode(1,u_44) MDDNode(1,u_45), remove node: MDDNode(1,u_43)
1 21 23
layer 1 incoming edges: 18
choose: Contacts
split the incoming edges: 18 2 16
the value pair of raw_data is: 492
split the outgoings edges: 64 3 61 64
add node: MDDNode(1,u_46) MDDNode(1,u_47), remove node: MDDNode(1,u_45)
1 22 23
layer 1 incoming edges: 16
choose: Task management & to-dos
split the incoming edges: 16 2 14
the value pair of raw_data is: 492
split the outgoings edges: 61 11 50 61
add node: MDDNode(1,u_48) MDDNode(1,u_49), remove node: MDDNode(1,u_47)
dump to the pickle
the graph width list : [1, 23, 1, 1, 1, 1]
it 1 train 0.3361   train_h 0.1660   train_v 0.9224   dev 0.2893   dev_h 0.1777   dev_v 0.9166   new_test 0.3558   new_test_h 0.1610   new_test_v 0.9252   save acc: 0.3558 T: 2020-01-10T06:07 
it 2 train 0.4222   train_h 0.1445   train_v 0.9344   dev 0.3334   dev_h 0.1666   dev_v 0.9279   new_test 0.4234   new_test_h 0.1442   new_test_v 0.9418   save acc: 0.4234 T: 2020-01-10T06:10 
it 3 train 0.4722   train_h 0.1319   train_v 0.9385   dev 0.3450   dev_h 0.1638   dev_v 0.9233   new_test 0.4436   new_test_h 0.1391   new_test_v 0.9438   save acc: 0.4436 T: 2020-01-10T06:13 
it 4 train 0.5115   train_h 0.1221   train_v 0.9389   dev 0.3479   dev_h 0.1630   dev_v 0.9212   new_test 0.4634   new_test_h 0.1341   new_test_v 0.9373   save acc: 0.4634 T: 2020-01-10T06:16 
it 5 train 0.5405   train_h 0.1149   train_v 0.9436   dev 0.3558   dev_h 0.1610   dev_v 0.9171   new_test 0.4650   new_test_h 0.1337   new_test_v 0.9422   save acc: 0.4650 T: 2020-01-10T06:19 
it 6 train 0.5661   train_h 0.1085   train_v 0.9467   dev 0.3467   dev_h 0.1633   dev_v 0.9212   new_test 0.4638   new_test_h 0.1340   new_test_v 0.9466   
it 7 train 0.5828   train_h 0.1043   train_v 0.9495   dev 0.3551   dev_h 0.1612   dev_v 0.9221   new_test 0.4638   new_test_h 0.1340   new_test_v 0.9402   
it 8 train 0.5999   train_h 0.1000   train_v 0.9516   dev 0.3515   dev_h 0.1621   dev_v 0.9224   new_test 0.4622   new_test_h 0.1345   new_test_v 0.9430   
it 9 train 0.6106   train_h 0.0974   train_v 0.9541   dev 0.3529   dev_h 0.1618   dev_v 0.9171   new_test 0.4569   new_test_h 0.1358   new_test_v 0.9406   
it 10 train 0.6202   train_h 0.0950   train_v 0.9531   dev 0.3513   dev_h 0.1622   dev_v 0.9163   new_test 0.4602   new_test_h 0.1350   new_test_v 0.9402   
it 11 train 0.6277   train_h 0.0931   train_v 0.9548   dev 0.3481   dev_h 0.1630   dev_v 0.9178   new_test 0.4573   new_test_h 0.1357   new_test_v 0.9422   
it 12 train 0.6342   train_h 0.0914   train_v 0.9547   dev 0.3517   dev_h 0.1621   dev_v 0.9226   new_test 0.4569   new_test_h 0.1358   new_test_v 0.9426   
it 13 train 0.6393   train_h 0.0902   train_v 0.9559   dev 0.3520   dev_h 0.1620   dev_v 0.9168   new_test 0.4581   new_test_h 0.1355   new_test_v 0.9414   
it 14 train 0.6418   train_h 0.0895   train_v 0.9552   dev 0.3532   dev_h 0.1617   dev_v 0.9195   new_test 0.4561   new_test_h 0.1360   new_test_v 0.9426   
it 15 train 0.6452   train_h 0.0887   train_v 0.9566   dev 0.3491   dev_h 0.1627   dev_v 0.9156   new_test 0.4573   new_test_h 0.1357   new_test_v 0.9393   
it 16 train 0.6481   train_h 0.0880   train_v 0.9559   dev 0.3481   dev_h 0.1630   dev_v 0.9163   new_test 0.4561   new_test_h 0.1360   new_test_v 0.9389   
