args Namespace(config='configs/config_l.json', dataset='dataset/IFTTT/msr_data.pkl', load_model=None, mode='train', output='model/ifttt/width-9/', width='9')
configure: {'max_word_id': 4000, 'bidirectional': True, 'cell_type': 'gru', 'decoder': 'attention', 'embedding_size': 160, 'keep_prob': 0.45, 'memory_size': 25, 'num_units': 160, 'use_embedding': True, 'epoches': 15, 'batch_size': 32, 'init': {'name': 'random_uniform_initializer', 'scale': 0.1}, 'lr_scheduler': {'decay_steps': 5000, 'init_lr': 0.002, 'decay_rate': 0.9, 'staircase': True}, 'max_grad_norm': 1, 'optimizer': 'AdamOptimizer'}
# path 8549
model/ifttt/width-9/dataset-w-9.pkl
load raw and dump to file
numArcLayers: 5
1 1 9
layer 1 incoming edges: 111
choose: News & information
split the incoming edges: 111 13 98
the value pair of raw_data is: 492
split the outgoings edges: 443 60 386 446
add node: MDDNode(1,u_6) MDDNode(1,u_7), remove node: MDDNode(1,u_1)
1 2 9
layer 1 incoming edges: 98
choose: Photo & video
split the incoming edges: 98 9 89
the value pair of raw_data is: 492
split the outgoings edges: 386 35 351 386
add node: MDDNode(1,u_8) MDDNode(1,u_9), remove node: MDDNode(1,u_7)
1 3 9
layer 1 incoming edges: 89
choose: Others
split the incoming edges: 89 7 82
the value pair of raw_data is: 492
split the outgoings edges: 351 21 335 356
add node: MDDNode(1,u_10) MDDNode(1,u_11), remove node: MDDNode(1,u_9)
1 4 9
layer 1 incoming edges: 82
choose: Social networks
split the incoming edges: 82 7 75
the value pair of raw_data is: 492
split the outgoings edges: 335 55 280 335
add node: MDDNode(1,u_12) MDDNode(1,u_13), remove node: MDDNode(1,u_11)
1 5 9
layer 1 incoming edges: 75
choose: Shopping
split the incoming edges: 75 6 69
the value pair of raw_data is: 492
split the outgoings edges: 280 23 257 280
add node: MDDNode(1,u_14) MDDNode(1,u_15), remove node: MDDNode(1,u_13)
1 6 9
layer 1 incoming edges: 69
choose: Bookmarking
split the incoming edges: 69 6 63
the value pair of raw_data is: 492
split the outgoings edges: 257 12 245 257
add node: MDDNode(1,u_16) MDDNode(1,u_17), remove node: MDDNode(1,u_15)
1 7 9
layer 1 incoming edges: 63
choose: Security & monitoring systems
split the incoming edges: 63 5 58
the value pair of raw_data is: 492
split the outgoings edges: 245 18 228 246
add node: MDDNode(1,u_18) MDDNode(1,u_19), remove node: MDDNode(1,u_17)
1 8 9
layer 1 incoming edges: 58
choose: Mobile devices & accessories
split the incoming edges: 58 4 54
the value pair of raw_data is: 492
split the outgoings edges: 228 12 216 228
add node: MDDNode(1,u_20) MDDNode(1,u_21), remove node: MDDNode(1,u_19)
dump to the pickle
the graph width list : [1, 9, 1, 1, 1, 1]
it 1 train 0.3345   train_h 0.1664   train_v 0.9059   dev 0.2895   dev_h 0.1776   dev_v 0.9019   new_test 0.3550   new_test_h 0.1612   new_test_v 0.9139   save acc: 0.3550 T: 2020-01-10T07:13 
it 2 train 0.4204   train_h 0.1449   train_v 0.9229   dev 0.3315   dev_h 0.1671   dev_v 0.9144   new_test 0.4383   new_test_h 0.1404   new_test_v 0.9296   save acc: 0.4383 T: 2020-01-10T07:17 
it 3 train 0.4692   train_h 0.1327   train_v 0.9252   dev 0.3392   dev_h 0.1652   dev_v 0.9057   new_test 0.4545   new_test_h 0.1364   new_test_v 0.9280   save acc: 0.4545 T: 2020-01-10T07:20 
it 4 train 0.5111   train_h 0.1222   train_v 0.9308   dev 0.3462   dev_h 0.1635   dev_v 0.9081   new_test 0.4598   new_test_h 0.1351   new_test_v 0.9373   save acc: 0.4598 T: 2020-01-10T07:23 
it 5 train 0.5400   train_h 0.1150   train_v 0.9369   dev 0.3566   dev_h 0.1609   dev_v 0.9074   new_test 0.4743   new_test_h 0.1314   new_test_v 0.9414   save acc: 0.4743 T: 2020-01-10T07:26 
it 6 train 0.5644   train_h 0.1089   train_v 0.9375   dev 0.3459   dev_h 0.1635   dev_v 0.9074   new_test 0.4711   new_test_h 0.1322   new_test_v 0.9393   
it 7 train 0.5824   train_h 0.1044   train_v 0.9429   dev 0.3476   dev_h 0.1631   dev_v 0.9094   new_test 0.4666   new_test_h 0.1333   new_test_v 0.9365   
it 8 train 0.5985   train_h 0.1004   train_v 0.9437   dev 0.3467   dev_h 0.1633   dev_v 0.9014   new_test 0.4691   new_test_h 0.1327   new_test_v 0.9446   
it 9 train 0.6106   train_h 0.0973   train_v 0.9453   dev 0.3474   dev_h 0.1632   dev_v 0.9144   new_test 0.4618   new_test_h 0.1346   new_test_v 0.9389   
it 10 train 0.6191   train_h 0.0952   train_v 0.9436   dev 0.3481   dev_h 0.1630   dev_v 0.9060   new_test 0.4654   new_test_h 0.1336   new_test_v 0.9361   
it 11 train 0.6276   train_h 0.0931   train_v 0.9440   dev 0.3423   dev_h 0.1644   dev_v 0.9062   new_test 0.4598   new_test_h 0.1351   new_test_v 0.9377   
it 12 train 0.6334   train_h 0.0916   train_v 0.9459   dev 0.3472   dev_h 0.1632   dev_v 0.9081   new_test 0.4638   new_test_h 0.1340   new_test_v 0.9337   
it 13 train 0.6378   train_h 0.0906   train_v 0.9479   dev 0.3491   dev_h 0.1627   dev_v 0.9084   new_test 0.4626   new_test_h 0.1344   new_test_v 0.9397   
it 14 train 0.6422   train_h 0.0894   train_v 0.9503   dev 0.3431   dev_h 0.1642   dev_v 0.9072   new_test 0.4674   new_test_h 0.1331   new_test_v 0.9389   
it 15 train 0.6448   train_h 0.0888   train_v 0.9485   dev 0.3428   dev_h 0.1643   dev_v 0.9101   new_test 0.4654   new_test_h 0.1336   new_test_v 0.9353   
it 16 train 0.6477   train_h 0.0881   train_v 0.9501   dev 0.3431   dev_h 0.1642   dev_v 0.9113   new_test 0.4618   new_test_h 0.1346   new_test_v 0.9309   
