args Namespace(config='configs/config_l.json', dataset='dataset/IFTTT/msr_data.pkl', load_model=None, mode='train', output='model/ifttt/width-8/', width='8')
configure: {'max_word_id': 4000, 'bidirectional': True, 'cell_type': 'gru', 'decoder': 'attention', 'embedding_size': 160, 'keep_prob': 0.45, 'memory_size': 25, 'num_units': 160, 'use_embedding': True, 'epoches': 15, 'batch_size': 32, 'init': {'name': 'random_uniform_initializer', 'scale': 0.1}, 'lr_scheduler': {'decay_steps': 5000, 'init_lr': 0.002, 'decay_rate': 0.9, 'staircase': True}, 'max_grad_norm': 1, 'optimizer': 'AdamOptimizer'}
# path 8549
model/ifttt/width-8/dataset-w-8.pkl
load raw and dump to file
numArcLayers: 5
1 1 8
layer 1 incoming edges: 111
choose: News & information
split the incoming edges: 111 13 98
the value pair of raw_data is: 492
split the outgoings edges: 443 60 386 446
add node: MDDNode(1,u_6) MDDNode(1,u_7), remove node: MDDNode(1,u_1)
1 2 8
layer 1 incoming edges: 98
choose: Photo & video
split the incoming edges: 98 9 89
the value pair of raw_data is: 492
split the outgoings edges: 386 35 351 386
add node: MDDNode(1,u_8) MDDNode(1,u_9), remove node: MDDNode(1,u_7)
1 3 8
layer 1 incoming edges: 89
choose: Social networks
split the incoming edges: 89 7 82
the value pair of raw_data is: 492
split the outgoings edges: 351 55 296 351
add node: MDDNode(1,u_10) MDDNode(1,u_11), remove node: MDDNode(1,u_9)
1 4 8
layer 1 incoming edges: 82
choose: Others
split the incoming edges: 82 7 75
the value pair of raw_data is: 492
split the outgoings edges: 296 21 280 301
add node: MDDNode(1,u_12) MDDNode(1,u_13), remove node: MDDNode(1,u_11)
1 5 8
layer 1 incoming edges: 75
choose: Bookmarking
split the incoming edges: 75 6 69
the value pair of raw_data is: 492
split the outgoings edges: 280 12 268 280
add node: MDDNode(1,u_14) MDDNode(1,u_15), remove node: MDDNode(1,u_13)
1 6 8
layer 1 incoming edges: 69
choose: Shopping
split the incoming edges: 69 6 63
the value pair of raw_data is: 492
split the outgoings edges: 268 23 245 268
add node: MDDNode(1,u_16) MDDNode(1,u_17), remove node: MDDNode(1,u_15)
1 7 8
layer 1 incoming edges: 63
choose: Security & monitoring systems
split the incoming edges: 63 5 58
the value pair of raw_data is: 492
split the outgoings edges: 245 18 228 246
add node: MDDNode(1,u_18) MDDNode(1,u_19), remove node: MDDNode(1,u_17)
dump to the pickle
the graph width list : [1, 8, 1, 1, 1, 1]
it 1 train 0.3383   train_h 0.1654   train_v 0.9056   dev 0.2864   dev_h 0.1784   dev_v 0.9084   new_test 0.3469   new_test_h 0.1633   new_test_v 0.9114   save acc: 0.3469 T: 2020-01-10T06:23 
it 2 train 0.4245   train_h 0.1439   train_v 0.9219   dev 0.3300   dev_h 0.1675   dev_v 0.9098   new_test 0.4371   new_test_h 0.1407   new_test_v 0.9256   save acc: 0.4371 T: 2020-01-10T06:26 
it 3 train 0.4724   train_h 0.1319   train_v 0.9255   dev 0.3363   dev_h 0.1659   dev_v 0.9108   new_test 0.4590   new_test_h 0.1353   new_test_v 0.9260   save acc: 0.4590 T: 2020-01-10T06:29 
it 4 train 0.5138   train_h 0.1215   train_v 0.9318   dev 0.3416   dev_h 0.1646   dev_v 0.9122   new_test 0.4537   new_test_h 0.1366   new_test_v 0.9264   save acc: 0.4537 T: 2020-01-10T06:32 
it 5 train 0.5428   train_h 0.1143   train_v 0.9371   dev 0.3481   dev_h 0.1630   dev_v 0.9048   new_test 0.4695   new_test_h 0.1326   new_test_v 0.9329   save acc: 0.4695 T: 2020-01-10T06:35 
it 6 train 0.5667   train_h 0.1083   train_v 0.9364   dev 0.3433   dev_h 0.1642   dev_v 0.9101   new_test 0.4586   new_test_h 0.1354   new_test_v 0.9280   
it 7 train 0.5848   train_h 0.1038   train_v 0.9427   dev 0.3505   dev_h 0.1624   dev_v 0.9038   new_test 0.4642   new_test_h 0.1339   new_test_v 0.9313   save acc: 0.4642 T: 2020-01-10T06:42 
it 8 train 0.6011   train_h 0.0997   train_v 0.9438   dev 0.3505   dev_h 0.1624   dev_v 0.9084   new_test 0.4630   new_test_h 0.1342   new_test_v 0.9296   
it 9 train 0.6120   train_h 0.0970   train_v 0.9449   dev 0.3500   dev_h 0.1625   dev_v 0.9055   new_test 0.4590   new_test_h 0.1353   new_test_v 0.9220   
it 10 train 0.6216   train_h 0.0946   train_v 0.9466   dev 0.3493   dev_h 0.1627   dev_v 0.9072   new_test 0.4642   new_test_h 0.1339   new_test_v 0.9296   
it 11 train 0.6284   train_h 0.0929   train_v 0.9465   dev 0.3445   dev_h 0.1639   dev_v 0.9062   new_test 0.4586   new_test_h 0.1354   new_test_v 0.9252   
it 12 train 0.6343   train_h 0.0914   train_v 0.9471   dev 0.3474   dev_h 0.1632   dev_v 0.9053   new_test 0.4561   new_test_h 0.1360   new_test_v 0.9187   
it 13 train 0.6403   train_h 0.0899   train_v 0.9482   dev 0.3440   dev_h 0.1640   dev_v 0.9048   new_test 0.4565   new_test_h 0.1359   new_test_v 0.9236   
it 14 train 0.6431   train_h 0.0892   train_v 0.9479   dev 0.3467   dev_h 0.1633   dev_v 0.9094   new_test 0.4573   new_test_h 0.1357   new_test_v 0.9232   
it 15 train 0.6456   train_h 0.0886   train_v 0.9489   dev 0.3433   dev_h 0.1642   dev_v 0.9045   new_test 0.4565   new_test_h 0.1359   new_test_v 0.9240   
it 16 train 0.6488   train_h 0.0878   train_v 0.9501   dev 0.3419   dev_h 0.1645   dev_v 0.9094   new_test 0.4549   new_test_h 0.1363   new_test_v 0.9220   
