args Namespace(config='configs/config_l.json', dataset='dataset/IFTTT/msr_data.pkl', load_model=None, mode='train', output='model/ifttt/width-8/', width='8')
configure: {'max_word_id': 3782, 'bidirectional': True, 'cell_type': 'lstm', 'decoder': 'attention', 'embedding_size': 100, 'keep_prob': 0.75, 'memory_size': 100, 'num_units': 100, 'use_embedding': True, 'epoches': 12, 'batch_size': 20, 'init': {'name': 'random_uniform_initializer', 'scale': 0.1}, 'lr_scheduler': {'decay_steps': 5000, 'init_lr': 0.02, 'decay_rate': 0.9, 'staircase': True}, 'max_grad_norm': 1, 'optimizer': 'AdamOptimizer'}
# path 8549
model/ifttt/width-8/dataset-w-8.pkl
load raw and dump to file
numArcLayers: 5
layer:1, node:MDDNode(1,u_1), in=111, out=443
choose: News & information
split in: 111 -> (98,13)
split out: 443 -> (386,60,446)
add: MDDNode(1,u-6) MDDNode(1,u-7), del:MDDNode(1,u_1)
2 (13,60) (98,386) 
layer:1, node:MDDNode(1,u-7), in=98, out=386
choose: Photo & video
split in: 98 -> (89,9)
split out: 386 -> (351,35,386)
add: MDDNode(1,u-8) MDDNode(1,u-9), del:MDDNode(1,u-7)
3 (13,60) (9,35) (89,351) 
layer:1, node:MDDNode(1,u-9), in=89, out=351
choose: Social networks
split in: 89 -> (82,7)
split out: 351 -> (296,55,351)
add: MDDNode(1,u-10) MDDNode(1,u-11), del:MDDNode(1,u-9)
4 (13,60) (9,35) (7,55) (82,296) 
layer:1, node:MDDNode(1,u-11), in=82, out=296
choose: Others
split in: 82 -> (75,7)
split out: 296 -> (280,21,301)
add: MDDNode(1,u-12) MDDNode(1,u-13), del:MDDNode(1,u-11)
5 (13,60) (9,35) (7,55) (7,21) (75,280) 
layer:1, node:MDDNode(1,u-13), in=75, out=280
choose: Bookmarking
split in: 75 -> (69,6)
split out: 280 -> (268,12,280)
add: MDDNode(1,u-14) MDDNode(1,u-15), del:MDDNode(1,u-13)
6 (13,60) (9,35) (7,55) (7,21) (6,12) (69,268) 
layer:1, node:MDDNode(1,u-15), in=69, out=268
choose: Shopping
split in: 69 -> (63,6)
split out: 268 -> (245,23,268)
add: MDDNode(1,u-16) MDDNode(1,u-17), del:MDDNode(1,u-15)
7 (13,60) (9,35) (7,55) (7,21) (6,12) (6,23) (63,245) 
layer:1, node:MDDNode(1,u-17), in=63, out=245
choose: Security & monitoring systems
split in: 63 -> (58,5)
split out: 245 -> (228,18,246)
add: MDDNode(1,u-18) MDDNode(1,u-19), del:MDDNode(1,u-17)
8 (13,60) (9,35) (7,55) (7,21) (6,12) (6,23) (5,18) (58,228) 
layer:3, node:MDDNode(3,u_3), in=88, out=161
choose: Notifications
split in: 88 -> (81,7)
split out: 161 -> (154,9,163)
add: MDDNode(3,u-20) MDDNode(3,u-21), del:MDDNode(3,u_3)
2 (7,9) (81,154) 
layer:3, node:MDDNode(3,u-21), in=81, out=154
choose: Social networks
split in: 81 -> (75,6)
split out: 154 -> (141,14,155)
add: MDDNode(3,u-22) MDDNode(3,u-23), del:MDDNode(3,u-21)
3 (7,9) (6,14) (75,141) 
layer:3, node:MDDNode(3,u-23), in=75, out=141
choose: Bookmarking
split in: 75 -> (69,6)
split out: 141 -> (135,7,142)
add: MDDNode(3,u-24) MDDNode(3,u-25), del:MDDNode(3,u-23)
4 (7,9) (6,14) (6,7) (69,135) 
layer:3, node:MDDNode(3,u-25), in=69, out=135
choose: Others
split in: 69 -> (63,6)
split out: 135 -> (125,12,137)
add: MDDNode(3,u-26) MDDNode(3,u-27), del:MDDNode(3,u-25)
5 (7,9) (6,14) (6,7) (6,12) (63,125) 
layer:3, node:MDDNode(3,u-27), in=63, out=125
choose: Power monitoring & management
split in: 63 -> (59,4)
split out: 125 -> (121,9,130)
add: MDDNode(3,u-28) MDDNode(3,u-29), del:MDDNode(3,u-27)
6 (7,9) (6,14) (6,7) (6,12) (4,9) (59,121) 
layer:3, node:MDDNode(3,u-29), in=59, out=121
choose: Mobile devices & accessories
split in: 59 -> (55,4)
split out: 121 -> (116,7,123)
add: MDDNode(3,u-30) MDDNode(3,u-31), del:MDDNode(3,u-29)
7 (7,9) (6,14) (6,7) (6,12) (4,9) (4,7) (55,116) 
layer:3, node:MDDNode(3,u-31), in=55, out=116
choose: Communication
split in: 55 -> (51,4)
split out: 116 -> (112,4,116)
add: MDDNode(3,u-32) MDDNode(3,u-33), del:MDDNode(3,u-31)
8 (7,9) (6,14) (6,7) (6,12) (4,9) (4,7) (4,4) (51,112) 
=profile=
(0, 111) 
(13, 60) (9, 35) (7, 55) (7, 21) (6, 12) (6, 23) (5, 18) (58, 228) 
(452, 88) 
(7, 9) (6, 14) (6, 7) (6, 12) (4, 9) (4, 7) (4, 4) (51, 112) 
(174, 1) 
(1, 0) 
dump to the pickle
the graph width list : [1, 8, 1, 8, 1, 1]
it 1 dev 27.22   dev_h 43.72   dev_v 91.10   new_test 37.36   new_test_h 32.64   new_test_v 92.48   save: 37.36 T: 2020-01-13T02:06 
it 2 dev 30.52   dev_h 41.32   dev_v 93.15   new_test 38.78   new_test_h 31.75   new_test_v 93.00   save: 38.78 T: 2020-01-13T02:08 
it 3 dev 31.08   dev_h 41.42   dev_v 93.23   new_test 41.16   new_test_h 30.88   new_test_v 93.73   save: 41.16 T: 2020-01-13T02:09 
it 4 dev 30.23   dev_h 41.51   dev_v 91.39   new_test 41.08   new_test_h 30.32   new_test_v 93.53   
it 5 dev 31.22   dev_h 40.97   dev_v 92.94   new_test 41.65   new_test_h 30.31   new_test_v 93.41   save: 41.65 T: 2020-01-13T02:11 
it 6 dev 30.71   dev_h 41.51   dev_v 92.04   new_test 41.21   new_test_h 30.47   new_test_v 93.13   
it 7 dev 31.12   dev_h 41.01   dev_v 92.21   new_test 43.35   new_test_h 29.50   new_test_v 94.38   
it 8 dev 30.95   dev_h 41.41   dev_v 92.65   new_test 42.62   new_test_h 29.95   new_test_v 93.73   
it 9 dev 30.52   dev_h 41.63   dev_v 91.76   new_test 42.54   new_test_h 30.06   new_test_v 94.22   
it 10 dev 30.38   dev_h 41.62   dev_v 91.80   new_test 42.74   new_test_h 30.05   new_test_v 93.97   
it 11 dev 30.45   dev_h 41.64   dev_v 91.76   new_test 42.05   new_test_h 30.31   new_test_v 93.49   
it 12 dev 30.35   dev_h 41.62   dev_v 91.63   new_test 42.05   new_test_h 30.16   new_test_v 93.89   
it 13 dev 30.35   dev_h 41.85   dev_v 91.63   new_test 42.01   new_test_h 30.34   new_test_v 93.53   
