args Namespace(config='configs/config_l.json', dataset='dataset/IFTTT/msr_data.pkl', load_model=None, mode='train', output='model/ifttt/width-73/', width='73')
configure: {'max_word_id': 4000, 'bidirectional': True, 'cell_type': 'gru', 'decoder': 'attention', 'embedding_size': 160, 'keep_prob': 0.45, 'memory_size': 25, 'num_layers': 1, 'num_units': 160, 'use_embedding': True, 'epoches': 15, 'batch_size': 32, 'init': {'name': 'random_uniform_initializer', 'scale': 0.1}, 'lr_scheduler': {'decay_steps': 5000, 'init_lr': 0.002, 'decay_rate': 0.9, 'staircase': True}, 'max_grad_norm': 1, 'optimizer': 'AdamOptimizer'}
# path 8580
model/ifttt/width-73/IFTTT-w-73.pkl
load raw and dump to file
numArcLayers: 5
1 1 73
layer 1 incoming edges: 111
choose: News & information
split the incoming edges: 111 13 98
the value pair of raw_data is: 492
split the outgoings edges: 443 60 386 446
add node: MDDNode(1,u_6) MDDNode(1,u_7), remove node: MDDNode(1,u_1)
1 2 73
layer 1 incoming edges: 98
choose: Photo & video
split the incoming edges: 98 9 89
the value pair of raw_data is: 492
split the outgoings edges: 386 35 351 386
add node: MDDNode(1,u_8) MDDNode(1,u_9), remove node: MDDNode(1,u_7)
1 3 73
layer 1 incoming edges: 89
choose: Social networks
split the incoming edges: 89 7 82
the value pair of raw_data is: 492
split the outgoings edges: 351 55 296 351
add node: MDDNode(1,u_10) MDDNode(1,u_11), remove node: MDDNode(1,u_9)
1 4 73
layer 1 incoming edges: 82
choose: Others
split the incoming edges: 82 7 75
the value pair of raw_data is: 492
split the outgoings edges: 296 21 280 301
add node: MDDNode(1,u_12) MDDNode(1,u_13), remove node: MDDNode(1,u_11)
1 5 73
layer 1 incoming edges: 75
choose: Shopping
split the incoming edges: 75 6 69
the value pair of raw_data is: 492
split the outgoings edges: 280 23 257 280
add node: MDDNode(1,u_14) MDDNode(1,u_15), remove node: MDDNode(1,u_13)
1 6 73
layer 1 incoming edges: 69
choose: Bookmarking
split the incoming edges: 69 6 63
the value pair of raw_data is: 492
split the outgoings edges: 257 12 245 257
add node: MDDNode(1,u_16) MDDNode(1,u_17), remove node: MDDNode(1,u_15)
1 7 73
layer 1 incoming edges: 63
choose: Security & monitoring systems
split the incoming edges: 63 5 58
the value pair of raw_data is: 492
split the outgoings edges: 245 18 228 246
add node: MDDNode(1,u_18) MDDNode(1,u_19), remove node: MDDNode(1,u_17)
1 8 73
layer 1 incoming edges: 58
choose: Health & fitness
split the incoming edges: 58 4 54
the value pair of raw_data is: 492
split the outgoings edges: 228 26 203 229
add node: MDDNode(1,u_20) MDDNode(1,u_21), remove node: MDDNode(1,u_19)
1 9 73
layer 1 incoming edges: 54
choose: Finance & payments
split the incoming edges: 54 4 50
the value pair of raw_data is: 492
split the outgoings edges: 203 17 186 203
add node: MDDNode(1,u_22) MDDNode(1,u_23), remove node: MDDNode(1,u_21)
1 10 73
layer 1 incoming edges: 50
choose: Mobile devices & accessories
split the incoming edges: 50 4 46
the value pair of raw_data is: 492
split the outgoings edges: 186 12 174 186
add node: MDDNode(1,u_24) MDDNode(1,u_25), remove node: MDDNode(1,u_23)
1 11 73
layer 1 incoming edges: 46
choose: Environment control & monitoring
split the incoming edges: 46 3 43
the value pair of raw_data is: 492
split the outgoings edges: 174 9 167 176
add node: MDDNode(1,u_26) MDDNode(1,u_27), remove node: MDDNode(1,u_25)
1 12 73
layer 1 incoming edges: 43
choose: Power monitoring & management
split the incoming edges: 43 3 40
the value pair of raw_data is: 492
split the outgoings edges: 167 11 158 169
add node: MDDNode(1,u_28) MDDNode(1,u_29), remove node: MDDNode(1,u_27)
1 13 73
layer 1 incoming edges: 40
choose: Email
split the incoming edges: 40 3 37
the value pair of raw_data is: 492
split the outgoings edges: 158 10 148 158
add node: MDDNode(1,u_30) MDDNode(1,u_31), remove node: MDDNode(1,u_29)
1 14 73
layer 1 incoming edges: 37
choose: Gardening
split the incoming edges: 37 3 34
the value pair of raw_data is: 492
split the outgoings edges: 148 9 139 148
add node: MDDNode(1,u_32) MDDNode(1,u_33), remove node: MDDNode(1,u_31)
1 15 73
layer 1 incoming edges: 34
choose: Blogging
split the incoming edges: 34 3 31
the value pair of raw_data is: 492
split the outgoings edges: 139 13 126 139
add node: MDDNode(1,u_34) MDDNode(1,u_35), remove node: MDDNode(1,u_33)
1 16 73
layer 1 incoming edges: 31
choose: Notifications
split the incoming edges: 31 3 28
the value pair of raw_data is: 492
split the outgoings edges: 126 4 122 126
add node: MDDNode(1,u_36) MDDNode(1,u_37), remove node: MDDNode(1,u_35)
1 17 73
layer 1 incoming edges: 28
choose: Smart hubs & systems
split the incoming edges: 28 3 25
the value pair of raw_data is: 492
split the outgoings edges: 122 20 108 128
add node: MDDNode(1,u_38) MDDNode(1,u_39), remove node: MDDNode(1,u_37)
1 18 73
layer 1 incoming edges: 25
choose: Weather
split the incoming edges: 25 3 22
the value pair of raw_data is: 492
split the outgoings edges: 108 30 78 108
add node: MDDNode(1,u_40) MDDNode(1,u_41), remove node: MDDNode(1,u_39)
1 19 73
layer 1 incoming edges: 22
choose: DIY electronics
split the incoming edges: 22 2 20
the value pair of raw_data is: 492
split the outgoings edges: 78 2 76 78
add node: MDDNode(1,u_42) MDDNode(1,u_43), remove node: MDDNode(1,u_41)
1 20 73
layer 1 incoming edges: 20
choose: Task management & to-dos
split the incoming edges: 20 2 18
the value pair of raw_data is: 492
split the outgoings edges: 76 11 65 76
add node: MDDNode(1,u_44) MDDNode(1,u_45), remove node: MDDNode(1,u_43)
1 21 73
layer 1 incoming edges: 18
choose: Contacts
split the incoming edges: 18 2 16
the value pair of raw_data is: 492
split the outgoings edges: 65 3 62 65
add node: MDDNode(1,u_46) MDDNode(1,u_47), remove node: MDDNode(1,u_45)
1 22 73
layer 1 incoming edges: 16
choose: Connected car
split the incoming edges: 16 2 14
the value pair of raw_data is: 492
split the outgoings edges: 62 10 52 62
add node: MDDNode(1,u_48) MDDNode(1,u_49), remove node: MDDNode(1,u_47)
1 23 73
layer 1 incoming edges: 14
choose: Communication
split the incoming edges: 14 2 12
the value pair of raw_data is: 492
split the outgoings edges: 52 12 40 52
add node: MDDNode(1,u_50) MDDNode(1,u_51), remove node: MDDNode(1,u_49)
1 24 73
layer 1 incoming edges: 13
only split: [MDDArc('digg', MDDNode(0, 's'), MDDNode(1, 'u_6'))]
split the incoming edges: 13 1 12
the value pair of raw_data is: 492
split the outgoings edges: 60 8 52 60
add node: MDDNode(1,u_52) MDDNode(1,u_53), remove node: MDDNode(1,u_6)
1 25 73
layer 1 incoming edges: 12
choose: Appliances
split the incoming edges: 12 2 10
the value pair of raw_data is: 492
split the outgoings edges: 40 2 38 40
add node: MDDNode(1,u_54) MDDNode(1,u_55), remove node: MDDNode(1,u_51)
1 26 73
layer 1 incoming edges: 12
only split: [MDDArc('space', MDDNode(0, 's'), MDDNode(1, 'u_53'))]
split the incoming edges: 12 1 11
the value pair of raw_data is: 492
split the outgoings edges: 52 8 44 52
add node: MDDNode(1,u_56) MDDNode(1,u_57), remove node: MDDNode(1,u_53)
1 27 73
layer 1 incoming edges: 11
only split: [MDDArc('feed', MDDNode(0, 's'), MDDNode(1, 'u_57'))]
split the incoming edges: 11 1 10
the value pair of raw_data is: 492
split the outgoings edges: 44 2 42 44
add node: MDDNode(1,u_58) MDDNode(1,u_59), remove node: MDDNode(1,u_57)
1 28 73
layer 1 incoming edges: 10
choose: Calendars & scheduling
split the incoming edges: 10 2 8
the value pair of raw_data is: 492
split the outgoings edges: 38 8 30 38
add node: MDDNode(1,u_60) MDDNode(1,u_61), remove node: MDDNode(1,u_55)
1 29 73
layer 1 incoming edges: 10
only split: [MDDArc('feedly', MDDNode(0, 's'), MDDNode(1, 'u_59'))]
split the incoming edges: 10 1 9
the value pair of raw_data is: 492
split the outgoings edges: 42 4 38 42
add node: MDDNode(1,u_62) MDDNode(1,u_63), remove node: MDDNode(1,u_59)
1 30 73
layer 1 incoming edges: 9
only split: [MDDArc('youtube', MDDNode(0, 's'), MDDNode(1, 'u_8'))]
split the incoming edges: 9 1 8
the value pair of raw_data is: 492
split the outgoings edges: 35 2 34 36
add node: MDDNode(1,u_64) MDDNode(1,u_65), remove node: MDDNode(1,u_8)
1 31 73
layer 1 incoming edges: 9
only split: [MDDArc('the_new_york_times', MDDNode(0, 's'), MDDNode(1, 'u_63'))]
split the incoming edges: 9 1 8
the value pair of raw_data is: 492
split the outgoings edges: 38 8 30 38
add node: MDDNode(1,u_66) MDDNode(1,u_67), remove node: MDDNode(1,u_63)
1 32 73
layer 1 incoming edges: 8
choose: Pet trackers
split the incoming edges: 8 1 7
the value pair of raw_data is: 492
split the outgoings edges: 30 8 22 30
add node: MDDNode(1,u_68) MDDNode(1,u_69), remove node: MDDNode(1,u_61)
1 33 73
layer 1 incoming edges: 8
only split: [MDDArc('vimeo', MDDNode(0, 's'), MDDNode(1, 'u_65'))]
split the incoming edges: 8 1 7
the value pair of raw_data is: 492
split the outgoings edges: 34 6 29 35
add node: MDDNode(1,u_70) MDDNode(1,u_71), remove node: MDDNode(1,u_65)
1 34 73
layer 1 incoming edges: 8
only split: [MDDArc('instyle', MDDNode(0, 's'), MDDNode(1, 'u_67'))]
split the incoming edges: 8 1 7
the value pair of raw_data is: 492
split the outgoings edges: 30 2 30 32
add node: MDDNode(1,u_72) MDDNode(1,u_73), remove node: MDDNode(1,u_67)
1 35 73
layer 1 incoming edges: 7
only split: [MDDArc('facebook_pages', MDDNode(0, 's'), MDDNode(1, 'u_10'))]
split the incoming edges: 7 1 6
the value pair of raw_data is: 492
split the outgoings edges: 55 6 49 55
add node: MDDNode(1,u_74) MDDNode(1,u_75), remove node: MDDNode(1,u_10)
1 36 73
layer 1 incoming edges: 7
only split: [MDDArc('ubi', MDDNode(0, 's'), MDDNode(1, 'u_12'))]
split the incoming edges: 7 1 6
the value pair of raw_data is: 492
split the outgoings edges: 21 1 20 21
add node: MDDNode(1,u_76) MDDNode(1,u_77), remove node: MDDNode(1,u_12)
1 37 73
layer 1 incoming edges: 7
choose: Journaling & personal data
split the incoming edges: 7 1 6
the value pair of raw_data is: 492
split the outgoings edges: 22 3 19 22
add node: MDDNode(1,u_78) MDDNode(1,u_79), remove node: MDDNode(1,u_69)
1 38 73
layer 1 incoming edges: 7
only split: [MDDArc('dailymotion', MDDNode(0, 's'), MDDNode(1, 'u_71'))]
split the incoming edges: 7 1 6
the value pair of raw_data is: 492
split the outgoings edges: 29 3 26 29
add node: MDDNode(1,u_80) MDDNode(1,u_81), remove node: MDDNode(1,u_71)
1 39 73
layer 1 incoming edges: 7
only split: [MDDArc('ifttt', MDDNode(0, 's'), MDDNode(1, 'u_73'))]
split the incoming edges: 7 1 6
the value pair of raw_data is: 492
split the outgoings edges: 30 11 19 30
add node: MDDNode(1,u_82) MDDNode(1,u_83), remove node: MDDNode(1,u_73)
1 40 73
layer 1 incoming edges: 6
only split: [MDDArc('best_buy', MDDNode(0, 's'), MDDNode(1, 'u_14'))]
split the incoming edges: 6 1 5
the value pair of raw_data is: 492
split the outgoings edges: 23 4 19 23
add node: MDDNode(1,u_84) MDDNode(1,u_85), remove node: MDDNode(1,u_14)
1 41 73
layer 1 incoming edges: 6
only split: [MDDArc('pinboard', MDDNode(0, 's'), MDDNode(1, 'u_16'))]
split the incoming edges: 6 1 5
the value pair of raw_data is: 492
split the outgoings edges: 12 2 12 14
add node: MDDNode(1,u_86) MDDNode(1,u_87), remove node: MDDNode(1,u_16)
1 42 73
layer 1 incoming edges: 6
only split: [MDDArc('reddit', MDDNode(0, 's'), MDDNode(1, 'u_75'))]
split the incoming edges: 6 1 5
the value pair of raw_data is: 492
split the outgoings edges: 49 9 41 50
add node: MDDNode(1,u_88) MDDNode(1,u_89), remove node: MDDNode(1,u_75)
1 43 73
layer 1 incoming edges: 6
only split: [MDDArc('chain', MDDNode(0, 's'), MDDNode(1, 'u_77'))]
split the incoming edges: 6 1 5
the value pair of raw_data is: 492
split the outgoings edges: 20 1 19 20
add node: MDDNode(1,u_90) MDDNode(1,u_91), remove node: MDDNode(1,u_77)
1 44 73
layer 1 incoming edges: 6
choose: Developer tools
split the incoming edges: 6 1 5
the value pair of raw_data is: 492
split the outgoings edges: 19 5 14 19
add node: MDDNode(1,u_92) MDDNode(1,u_93), remove node: MDDNode(1,u_79)
1 45 73
layer 1 incoming edges: 6
only split: [MDDArc('ios_photos', MDDNode(0, 's'), MDDNode(1, 'u_81'))]
split the incoming edges: 6 1 5
the value pair of raw_data is: 492
split the outgoings edges: 26 6 23 29
add node: MDDNode(1,u_94) MDDNode(1,u_95), remove node: MDDNode(1,u_81)
1 46 73
layer 1 incoming edges: 6
only split: [MDDArc('newsblur', MDDNode(0, 's'), MDDNode(1, 'u_83'))]
split the incoming edges: 6 1 5
the value pair of raw_data is: 492
split the outgoings edges: 19 4 15 19
add node: MDDNode(1,u_96) MDDNode(1,u_97), remove node: MDDNode(1,u_83)
1 47 73
layer 1 incoming edges: 5
only split: [MDDArc('manything', MDDNode(0, 's'), MDDNode(1, 'u_18'))]
split the incoming edges: 5 1 4
the value pair of raw_data is: 492
split the outgoings edges: 18 3 15 18
add node: MDDNode(1,u_98) MDDNode(1,u_99), remove node: MDDNode(1,u_18)
1 48 73
layer 1 incoming edges: 5
only split: [MDDArc('boxoh_package_tracking', MDDNode(0, 's'), MDDNode(1, 'u_85'))]
split the incoming edges: 5 1 4
the value pair of raw_data is: 492
split the outgoings edges: 19 1 18 19
add node: MDDNode(1,u_100) MDDNode(1,u_101), remove node: MDDNode(1,u_85)
1 49 73
layer 1 incoming edges: 5
only split: [MDDArc('pocket', MDDNode(0, 's'), MDDNode(1, 'u_87'))]
split the incoming edges: 5 1 4
the value pair of raw_data is: 492
split the outgoings edges: 12 4 8 12
add node: MDDNode(1,u_102) MDDNode(1,u_103), remove node: MDDNode(1,u_87)
1 50 73
layer 1 incoming edges: 5
only split: [MDDArc('foursquare', MDDNode(0, 's'), MDDNode(1, 'u_89'))]
split the incoming edges: 5 1 4
the value pair of raw_data is: 492
split the outgoings edges: 41 7 34 41
add node: MDDNode(1,u_104) MDDNode(1,u_105), remove node: MDDNode(1,u_89)
1 51 73
layer 1 incoming edges: 5
only split: [MDDArc('up_by_jawbone', MDDNode(0, 's'), MDDNode(1, 'u_91'))]
split the incoming edges: 5 1 4
the value pair of raw_data is: 492
split the outgoings edges: 19 13 6 19
add node: MDDNode(1,u_106) MDDNode(1,u_107), remove node: MDDNode(1,u_91)
1 52 73
layer 1 incoming edges: 5
choose: Lighting
split the incoming edges: 5 1 4
the value pair of raw_data is: 492
split the outgoings edges: 14 3 11 14
add node: MDDNode(1,u_108) MDDNode(1,u_109), remove node: MDDNode(1,u_93)
1 53 73
layer 1 incoming edges: 5
only split: [MDDArc('stockimo', MDDNode(0, 's'), MDDNode(1, 'u_95'))]
split the incoming edges: 5 1 4
the value pair of raw_data is: 492
split the outgoings edges: 23 6 17 23
add node: MDDNode(1,u_110) MDDNode(1,u_111), remove node: MDDNode(1,u_95)
1 54 73
layer 1 incoming edges: 5
only split: [MDDArc('appzapp', MDDNode(0, 's'), MDDNode(1, 'u_97'))]
split the incoming edges: 5 1 4
the value pair of raw_data is: 492
split the outgoings edges: 15 6 9 15
add node: MDDNode(1,u_112) MDDNode(1,u_113), remove node: MDDNode(1,u_97)
1 55 73
layer 1 incoming edges: 4
only split: [MDDArc('misfit', MDDNode(0, 's'), MDDNode(1, 'u_20'))]
split the incoming edges: 4 1 3
the value pair of raw_data is: 492
split the outgoings edges: 26 5 25 30
add node: MDDNode(1,u_114) MDDNode(1,u_115), remove node: MDDNode(1,u_20)
1 56 73
layer 1 incoming edges: 4
only split: [MDDArc('stocks', MDDNode(0, 's'), MDDNode(1, 'u_22'))]
split the incoming edges: 4 1 3
the value pair of raw_data is: 492
split the outgoings edges: 17 6 11 17
add node: MDDNode(1,u_116) MDDNode(1,u_117), remove node: MDDNode(1,u_22)
1 57 73
layer 1 incoming edges: 4
only split: [MDDArc('android_device', MDDNode(0, 's'), MDDNode(1, 'u_24'))]
split the incoming edges: 4 1 3
the value pair of raw_data is: 492
split the outgoings edges: 12 6 6 12
add node: MDDNode(1,u_118) MDDNode(1,u_119), remove node: MDDNode(1,u_24)
1 58 73
layer 1 incoming edges: 4
only split: [MDDArc('myfox_homecontrol', MDDNode(0, 's'), MDDNode(1, 'u_99'))]
split the incoming edges: 4 1 3
the value pair of raw_data is: 492
split the outgoings edges: 15 5 10 15
add node: MDDNode(1,u_120) MDDNode(1,u_121), remove node: MDDNode(1,u_99)
1 59 73
layer 1 incoming edges: 4
only split: [MDDArc('trackif', MDDNode(0, 's'), MDDNode(1, 'u_101'))]
split the incoming edges: 4 1 3
the value pair of raw_data is: 492
split the outgoings edges: 18 6 12 18
add node: MDDNode(1,u_122) MDDNode(1,u_123), remove node: MDDNode(1,u_101)
1 60 73
layer 1 incoming edges: 4
only split: [MDDArc('bitly', MDDNode(0, 's'), MDDNode(1, 'u_103'))]
split the incoming edges: 4 1 3
the value pair of raw_data is: 492
split the outgoings edges: 8 1 7 8
add node: MDDNode(1,u_124) MDDNode(1,u_125), remove node: MDDNode(1,u_103)
1 61 73
layer 1 incoming edges: 4
only split: [MDDArc('sina_weibo', MDDNode(0, 's'), MDDNode(1, 'u_105'))]
split the incoming edges: 4 1 3
the value pair of raw_data is: 492
split the outgoings edges: 34 2 32 34
add node: MDDNode(1,u_126) MDDNode(1,u_127), remove node: MDDNode(1,u_105)
1 62 73
layer 1 incoming edges: 4
only split: [MDDArc('eyefi', MDDNode(0, 's'), MDDNode(1, 'u_107'))]
split the incoming edges: 4 1 3
the value pair of raw_data is: 492
split the outgoings edges: 6 2 4 6
add node: MDDNode(1,u_128) MDDNode(1,u_129), remove node: MDDNode(1,u_107)
1 63 73
layer 1 incoming edges: 4
choose: Location
split the incoming edges: 4 1 3
the value pair of raw_data is: 492
split the outgoings edges: 11 3 8 11
add node: MDDNode(1,u_130) MDDNode(1,u_131), remove node: MDDNode(1,u_109)
1 64 73
layer 1 incoming edges: 4
only split: [MDDArc('giphy', MDDNode(0, 's'), MDDNode(1, 'u_111'))]
split the incoming edges: 4 1 3
the value pair of raw_data is: 492
split the outgoings edges: 17 3 14 17
add node: MDDNode(1,u_132) MDDNode(1,u_133), remove node: MDDNode(1,u_111)
1 65 73
layer 1 incoming edges: 4
only split: [MDDArc('espn', MDDNode(0, 's'), MDDNode(1, 'u_113'))]
split the incoming edges: 4 1 3
the value pair of raw_data is: 492
split the outgoings edges: 9 6 3 9
add node: MDDNode(1,u_134) MDDNode(1,u_135), remove node: MDDNode(1,u_113)
1 66 73
layer 1 incoming edges: 3
only split: [MDDArc('wink:_spotter', MDDNode(0, 's'), MDDNode(1, 'u_26'))]
split the incoming edges: 3 1 2
the value pair of raw_data is: 492
split the outgoings edges: 9 2 9 11
add node: MDDNode(1,u_136) MDDNode(1,u_137), remove node: MDDNode(1,u_26)
1 67 73
layer 1 incoming edges: 3
only split: [MDDArc('wemo_insight_switch', MDDNode(0, 's'), MDDNode(1, 'u_28'))]
split the incoming edges: 3 1 2
the value pair of raw_data is: 492
split the outgoings edges: 11 6 7 13
add node: MDDNode(1,u_138) MDDNode(1,u_139), remove node: MDDNode(1,u_28)
1 68 73
layer 1 incoming edges: 3
only split: [MDDArc('gmail', MDDNode(0, 's'), MDDNode(1, 'u_30'))]
split the incoming edges: 3 1 2
the value pair of raw_data is: 492
split the outgoings edges: 10 6 4 10
add node: MDDNode(1,u_140) MDDNode(1,u_141), remove node: MDDNode(1,u_30)
1 69 73
layer 1 incoming edges: 3
only split: [MDDArc('sunlight_foundation', MDDNode(0, 's'), MDDNode(1, 'u_32'))]
split the incoming edges: 3 1 2
the value pair of raw_data is: 492
split the outgoings edges: 9 2 7 9
add node: MDDNode(1,u_142) MDDNode(1,u_143), remove node: MDDNode(1,u_32)
1 70 73
layer 1 incoming edges: 3
only split: [MDDArc('tumblr', MDDNode(0, 's'), MDDNode(1, 'u_34'))]
split the incoming edges: 3 1 2
the value pair of raw_data is: 492
split the outgoings edges: 13 11 3 14
add node: MDDNode(1,u_144) MDDNode(1,u_145), remove node: MDDNode(1,u_34)
1 71 73
layer 1 incoming edges: 3
only split: [MDDArc('phone_call', MDDNode(0, 's'), MDDNode(1, 'u_36'))]
split the incoming edges: 3 1 2
the value pair of raw_data is: 492
split the outgoings edges: 4 1 3 4
add node: MDDNode(1,u_146) MDDNode(1,u_147), remove node: MDDNode(1,u_36)
1 72 73
layer 1 incoming edges: 3
only split: [MDDArc('wemo_maker', MDDNode(0, 's'), MDDNode(1, 'u_38'))]
split the incoming edges: 3 1 2
the value pair of raw_data is: 492
split the outgoings edges: 20 1 19 20
add node: MDDNode(1,u_148) MDDNode(1,u_149), remove node: MDDNode(1,u_38)
dump to the pickle
The bucket size: [25]
the graph width list : [1, 73, 1, 1, 1, 1]
it 1 train 0.3407   train_hm 0.1648   dev 0.2986   intelligible 0.3621   intelligible_hm 0.1595   save acc: 0.3621 T: 2019-12-14T08:58 
it 2 train 0.4229   train_hm 0.1443   dev 0.3318   intelligible 0.4193   intelligible_hm 0.1452   save acc: 0.4193 T: 2019-12-14T09:00 
it 3 train 0.4780   train_hm 0.1305   dev 0.3431   intelligible 0.4193   intelligible_hm 0.1452   save acc: 0.4193 T: 2019-12-14T09:02 
it 4 train 0.5196   train_hm 0.1201   dev 0.3431   intelligible 0.4394   intelligible_hm 0.1402   
it 5 train 0.5500   train_hm 0.1125   dev 0.3469   intelligible 0.4504   intelligible_hm 0.1374   save acc: 0.4504 T: 2019-12-14T09:06 
it 6 train 0.5695   train_hm 0.1076   dev 0.3455   intelligible 0.4413   intelligible_hm 0.1397   
it 7 train 0.5880   train_hm 0.1030   dev 0.3488   intelligible 0.4303   intelligible_hm 0.1424   save acc: 0.4303 T: 2019-12-14T09:10 
it 8 train 0.6047   train_hm 0.0988   dev 0.3472   intelligible 0.4348   intelligible_hm 0.1413   
it 9 train 0.6145   train_hm 0.0964   dev 0.3469   intelligible 0.4292   intelligible_hm 0.1427   
it 10 train 0.6240   train_hm 0.0940   dev 0.3453   intelligible 0.4258   intelligible_hm 0.1436   
it 11 train 0.6328   train_hm 0.0918   dev 0.3424   intelligible 0.4318   intelligible_hm 0.1420   
it 12 train 0.6380   train_hm 0.0905   dev 0.3408   intelligible 0.4311   intelligible_hm 0.1422   
it 13 train 0.6420   train_hm 0.0895   dev 0.3400   intelligible 0.4280   intelligible_hm 0.1430   
it 14 train 0.6462   train_hm 0.0885   dev 0.3403   intelligible 0.4261   intelligible_hm 0.1435   
it 15 train 0.6479   train_hm 0.0880   dev 0.3405   intelligible 0.4254   intelligible_hm 0.1437   
it 16 train 0.6505   train_hm 0.0874   dev 0.3379   intelligible 0.4223   intelligible_hm 0.1444   
