args Namespace(config='configs/config_l.json', dataset='dataset/IFTTT/msr_data.pkl', load_model=None, mode='train', output='model/ifttt/width-61/', width='61')
configure: {'max_word_id': 4000, 'bidirectional': True, 'cell_type': 'gru', 'decoder': 'attention', 'embedding_size': 160, 'keep_prob': 0.45, 'memory_size': 25, 'num_units': 160, 'use_embedding': True, 'epoches': 15, 'batch_size': 32, 'init': {'name': 'random_uniform_initializer', 'scale': 0.1}, 'lr_scheduler': {'decay_steps': 5000, 'init_lr': 0.002, 'decay_rate': 0.9, 'staircase': True}, 'max_grad_norm': 1, 'optimizer': 'AdamOptimizer'}
# path 8549
model/ifttt/width-61/dataset-w-61.pkl
load raw and dump to file
numArcLayers: 5
1 1 61
layer 1 incoming edges: 111
choose: News & information
split the incoming edges: 111 13 98
the value pair of raw_data is: 492
split the outgoings edges: 443 60 386 446
add node: MDDNode(1,u_6) MDDNode(1,u_7), remove node: MDDNode(1,u_1)
1 2 61
layer 1 incoming edges: 98
choose: Photo & video
split the incoming edges: 98 9 89
the value pair of raw_data is: 492
split the outgoings edges: 386 35 351 386
add node: MDDNode(1,u_8) MDDNode(1,u_9), remove node: MDDNode(1,u_7)
1 3 61
layer 1 incoming edges: 89
choose: Social networks
split the incoming edges: 89 7 82
the value pair of raw_data is: 492
split the outgoings edges: 351 55 296 351
add node: MDDNode(1,u_10) MDDNode(1,u_11), remove node: MDDNode(1,u_9)
1 4 61
layer 1 incoming edges: 82
choose: Others
split the incoming edges: 82 7 75
the value pair of raw_data is: 492
split the outgoings edges: 296 21 280 301
add node: MDDNode(1,u_12) MDDNode(1,u_13), remove node: MDDNode(1,u_11)
1 5 61
layer 1 incoming edges: 75
choose: Bookmarking
split the incoming edges: 75 6 69
the value pair of raw_data is: 492
split the outgoings edges: 280 12 268 280
add node: MDDNode(1,u_14) MDDNode(1,u_15), remove node: MDDNode(1,u_13)
1 6 61
layer 1 incoming edges: 69
choose: Shopping
split the incoming edges: 69 6 63
the value pair of raw_data is: 492
split the outgoings edges: 268 23 245 268
add node: MDDNode(1,u_16) MDDNode(1,u_17), remove node: MDDNode(1,u_15)
1 7 61
layer 1 incoming edges: 63
choose: Security & monitoring systems
split the incoming edges: 63 5 58
the value pair of raw_data is: 492
split the outgoings edges: 245 18 228 246
add node: MDDNode(1,u_18) MDDNode(1,u_19), remove node: MDDNode(1,u_17)
1 8 61
layer 1 incoming edges: 58
choose: Finance & payments
split the incoming edges: 58 4 54
the value pair of raw_data is: 492
split the outgoings edges: 228 17 211 228
add node: MDDNode(1,u_20) MDDNode(1,u_21), remove node: MDDNode(1,u_19)
1 9 61
layer 1 incoming edges: 54
choose: Health & fitness
split the incoming edges: 54 4 50
the value pair of raw_data is: 492
split the outgoings edges: 211 26 186 212
add node: MDDNode(1,u_22) MDDNode(1,u_23), remove node: MDDNode(1,u_21)
1 10 61
layer 1 incoming edges: 50
choose: Mobile devices & accessories
split the incoming edges: 50 4 46
the value pair of raw_data is: 492
split the outgoings edges: 186 12 174 186
add node: MDDNode(1,u_24) MDDNode(1,u_25), remove node: MDDNode(1,u_23)
1 11 61
layer 1 incoming edges: 46
choose: Smart hubs & systems
split the incoming edges: 46 3 43
the value pair of raw_data is: 492
split the outgoings edges: 174 20 160 180
add node: MDDNode(1,u_26) MDDNode(1,u_27), remove node: MDDNode(1,u_25)
1 12 61
layer 1 incoming edges: 43
choose: Notifications
split the incoming edges: 43 3 40
the value pair of raw_data is: 492
split the outgoings edges: 160 4 156 160
add node: MDDNode(1,u_28) MDDNode(1,u_29), remove node: MDDNode(1,u_27)
1 13 61
layer 1 incoming edges: 40
choose: Email
split the incoming edges: 40 3 37
the value pair of raw_data is: 492
split the outgoings edges: 156 10 146 156
add node: MDDNode(1,u_30) MDDNode(1,u_31), remove node: MDDNode(1,u_29)
1 14 61
layer 1 incoming edges: 37
choose: Blogging
split the incoming edges: 37 3 34
the value pair of raw_data is: 492
split the outgoings edges: 146 13 133 146
add node: MDDNode(1,u_32) MDDNode(1,u_33), remove node: MDDNode(1,u_31)
1 15 61
layer 1 incoming edges: 34
choose: Gardening
split the incoming edges: 34 3 31
the value pair of raw_data is: 492
split the outgoings edges: 133 9 124 133
add node: MDDNode(1,u_34) MDDNode(1,u_35), remove node: MDDNode(1,u_33)
1 16 61
layer 1 incoming edges: 31
choose: Environment control & monitoring
split the incoming edges: 31 3 28
the value pair of raw_data is: 492
split the outgoings edges: 124 9 117 126
add node: MDDNode(1,u_36) MDDNode(1,u_37), remove node: MDDNode(1,u_35)
1 17 61
layer 1 incoming edges: 28
choose: Power monitoring & management
split the incoming edges: 28 3 25
the value pair of raw_data is: 492
split the outgoings edges: 117 11 108 119
add node: MDDNode(1,u_38) MDDNode(1,u_39), remove node: MDDNode(1,u_37)
1 18 61
layer 1 incoming edges: 25
choose: Weather
split the incoming edges: 25 3 22
the value pair of raw_data is: 492
split the outgoings edges: 108 30 78 108
add node: MDDNode(1,u_40) MDDNode(1,u_41), remove node: MDDNode(1,u_39)
1 19 61
layer 1 incoming edges: 22
choose: Calendars & scheduling
split the incoming edges: 22 2 20
the value pair of raw_data is: 492
split the outgoings edges: 78 8 70 78
add node: MDDNode(1,u_42) MDDNode(1,u_43), remove node: MDDNode(1,u_41)
1 20 61
layer 1 incoming edges: 20
choose: DIY electronics
split the incoming edges: 20 2 18
the value pair of raw_data is: 492
split the outgoings edges: 70 2 68 70
add node: MDDNode(1,u_44) MDDNode(1,u_45), remove node: MDDNode(1,u_43)
1 21 61
layer 1 incoming edges: 18
choose: Contacts
split the incoming edges: 18 2 16
the value pair of raw_data is: 492
split the outgoings edges: 68 3 65 68
add node: MDDNode(1,u_46) MDDNode(1,u_47), remove node: MDDNode(1,u_45)
1 22 61
layer 1 incoming edges: 16
choose: Task management & to-dos
split the incoming edges: 16 2 14
the value pair of raw_data is: 492
split the outgoings edges: 65 11 54 65
add node: MDDNode(1,u_48) MDDNode(1,u_49), remove node: MDDNode(1,u_47)
1 23 61
layer 1 incoming edges: 14
choose: Communication
split the incoming edges: 14 2 12
the value pair of raw_data is: 492
split the outgoings edges: 54 12 42 54
add node: MDDNode(1,u_50) MDDNode(1,u_51), remove node: MDDNode(1,u_49)
1 24 61
layer 1 incoming edges: 13
only split: [MDDArc('appzapp', MDDNode(0, 's'), MDDNode(1, 'u_6'))]
split the incoming edges: 13 1 12
the value pair of raw_data is: 492
split the outgoings edges: 60 6 54 60
add node: MDDNode(1,u_52) MDDNode(1,u_53), remove node: MDDNode(1,u_6)
1 25 61
layer 1 incoming edges: 12
choose: Connected car
split the incoming edges: 12 2 10
the value pair of raw_data is: 492
split the outgoings edges: 42 10 32 42
add node: MDDNode(1,u_54) MDDNode(1,u_55), remove node: MDDNode(1,u_51)
1 26 61
layer 1 incoming edges: 12
only split: [MDDArc('digg', MDDNode(0, 's'), MDDNode(1, 'u_53'))]
split the incoming edges: 12 1 11
the value pair of raw_data is: 492
split the outgoings edges: 54 8 46 54
add node: MDDNode(1,u_56) MDDNode(1,u_57), remove node: MDDNode(1,u_53)
1 27 61
layer 1 incoming edges: 11
only split: [MDDArc('feed', MDDNode(0, 's'), MDDNode(1, 'u_57'))]
split the incoming edges: 11 1 10
the value pair of raw_data is: 492
split the outgoings edges: 46 2 44 46
add node: MDDNode(1,u_58) MDDNode(1,u_59), remove node: MDDNode(1,u_57)
1 28 61
layer 1 incoming edges: 10
choose: Appliances
split the incoming edges: 10 2 8
the value pair of raw_data is: 492
split the outgoings edges: 32 2 30 32
add node: MDDNode(1,u_60) MDDNode(1,u_61), remove node: MDDNode(1,u_55)
1 29 61
layer 1 incoming edges: 10
only split: [MDDArc('sports_illustrated', MDDNode(0, 's'), MDDNode(1, 'u_59'))]
split the incoming edges: 10 1 9
the value pair of raw_data is: 492
split the outgoings edges: 44 2 44 46
add node: MDDNode(1,u_62) MDDNode(1,u_63), remove node: MDDNode(1,u_59)
1 30 61
layer 1 incoming edges: 9
only split: [MDDArc('vimeo', MDDNode(0, 's'), MDDNode(1, 'u_8'))]
split the incoming edges: 9 1 8
the value pair of raw_data is: 492
split the outgoings edges: 35 6 31 37
add node: MDDNode(1,u_64) MDDNode(1,u_65), remove node: MDDNode(1,u_8)
1 31 61
layer 1 incoming edges: 9
only split: [MDDArc('feedly', MDDNode(0, 's'), MDDNode(1, 'u_63'))]
split the incoming edges: 9 1 8
the value pair of raw_data is: 492
split the outgoings edges: 44 4 40 44
add node: MDDNode(1,u_66) MDDNode(1,u_67), remove node: MDDNode(1,u_63)
1 32 61
layer 1 incoming edges: 8
choose: Cloud storage
split the incoming edges: 8 1 7
the value pair of raw_data is: 492
split the outgoings edges: 30 2 28 30
add node: MDDNode(1,u_68) MDDNode(1,u_69), remove node: MDDNode(1,u_61)
1 33 61
layer 1 incoming edges: 8
only split: [MDDArc('dailymotion', MDDNode(0, 's'), MDDNode(1, 'u_65'))]
split the incoming edges: 8 1 7
the value pair of raw_data is: 492
split the outgoings edges: 31 3 28 31
add node: MDDNode(1,u_70) MDDNode(1,u_71), remove node: MDDNode(1,u_65)
1 34 61
layer 1 incoming edges: 8
only split: [MDDArc('craigslist', MDDNode(0, 's'), MDDNode(1, 'u_67'))]
split the incoming edges: 8 1 7
the value pair of raw_data is: 492
split the outgoings edges: 40 1 39 40
add node: MDDNode(1,u_72) MDDNode(1,u_73), remove node: MDDNode(1,u_67)
1 35 61
layer 1 incoming edges: 7
only split: [MDDArc('facebook_pages', MDDNode(0, 's'), MDDNode(1, 'u_10'))]
split the incoming edges: 7 1 6
the value pair of raw_data is: 492
split the outgoings edges: 55 6 49 55
add node: MDDNode(1,u_74) MDDNode(1,u_75), remove node: MDDNode(1,u_10)
1 36 61
layer 1 incoming edges: 7
only split: [MDDArc('up_by_jawbone', MDDNode(0, 's'), MDDNode(1, 'u_12'))]
split the incoming edges: 7 1 6
the value pair of raw_data is: 492
split the outgoings edges: 21 13 8 21
add node: MDDNode(1,u_76) MDDNode(1,u_77), remove node: MDDNode(1,u_12)
1 37 61
layer 1 incoming edges: 7
choose: Pet trackers
split the incoming edges: 7 1 6
the value pair of raw_data is: 492
split the outgoings edges: 28 8 20 28
add node: MDDNode(1,u_78) MDDNode(1,u_79), remove node: MDDNode(1,u_69)
1 38 61
layer 1 incoming edges: 7
only split: [MDDArc('youtube', MDDNode(0, 's'), MDDNode(1, 'u_71'))]
split the incoming edges: 7 1 6
the value pair of raw_data is: 492
split the outgoings edges: 28 2 26 28
add node: MDDNode(1,u_80) MDDNode(1,u_81), remove node: MDDNode(1,u_71)
1 39 61
layer 1 incoming edges: 7
only split: [MDDArc('time', MDDNode(0, 's'), MDDNode(1, 'u_73'))]
split the incoming edges: 7 1 6
the value pair of raw_data is: 492
split the outgoings edges: 39 2 39 41
add node: MDDNode(1,u_82) MDDNode(1,u_83), remove node: MDDNode(1,u_73)
1 40 61
layer 1 incoming edges: 6
only split: [MDDArc('instapaper', MDDNode(0, 's'), MDDNode(1, 'u_14'))]
split the incoming edges: 6 1 5
the value pair of raw_data is: 492
split the outgoings edges: 12 5 7 12
add node: MDDNode(1,u_84) MDDNode(1,u_85), remove node: MDDNode(1,u_14)
1 41 61
layer 1 incoming edges: 6
only split: [MDDArc('trackif', MDDNode(0, 's'), MDDNode(1, 'u_16'))]
split the incoming edges: 6 1 5
the value pair of raw_data is: 492
split the outgoings edges: 23 6 17 23
add node: MDDNode(1,u_86) MDDNode(1,u_87), remove node: MDDNode(1,u_16)
1 42 61
layer 1 incoming edges: 6
only split: [MDDArc('facebook', MDDNode(0, 's'), MDDNode(1, 'u_75'))]
split the incoming edges: 6 1 5
the value pair of raw_data is: 492
split the outgoings edges: 49 10 39 49
add node: MDDNode(1,u_88) MDDNode(1,u_89), remove node: MDDNode(1,u_75)
1 43 61
layer 1 incoming edges: 6
only split: [MDDArc('entertainment_weekly', MDDNode(0, 's'), MDDNode(1, 'u_77'))]
split the incoming edges: 6 1 5
the value pair of raw_data is: 492
split the outgoings edges: 8 2 6 8
add node: MDDNode(1,u_90) MDDNode(1,u_91), remove node: MDDNode(1,u_77)
1 44 61
layer 1 incoming edges: 6
choose: Business tools
split the incoming edges: 6 1 5
the value pair of raw_data is: 492
split the outgoings edges: 20 2 18 20
add node: MDDNode(1,u_92) MDDNode(1,u_93), remove node: MDDNode(1,u_79)
1 45 61
layer 1 incoming edges: 6
only split: [MDDArc('giphy', MDDNode(0, 's'), MDDNode(1, 'u_81'))]
split the incoming edges: 6 1 5
the value pair of raw_data is: 492
split the outgoings edges: 26 3 23 26
add node: MDDNode(1,u_94) MDDNode(1,u_95), remove node: MDDNode(1,u_81)
1 46 61
layer 1 incoming edges: 6
only split: [MDDArc('ifttt', MDDNode(0, 's'), MDDNode(1, 'u_83'))]
split the incoming edges: 6 1 5
the value pair of raw_data is: 492
split the outgoings edges: 39 11 28 39
add node: MDDNode(1,u_96) MDDNode(1,u_97), remove node: MDDNode(1,u_83)
1 47 61
layer 1 incoming edges: 5
only split: [MDDArc('garageio', MDDNode(0, 's'), MDDNode(1, 'u_18'))]
split the incoming edges: 5 1 4
the value pair of raw_data is: 492
split the outgoings edges: 18 1 17 18
add node: MDDNode(1,u_98) MDDNode(1,u_99), remove node: MDDNode(1,u_18)
1 48 61
layer 1 incoming edges: 5
only split: [MDDArc('bitly', MDDNode(0, 's'), MDDNode(1, 'u_85'))]
split the incoming edges: 5 1 4
the value pair of raw_data is: 492
split the outgoings edges: 7 1 6 7
add node: MDDNode(1,u_100) MDDNode(1,u_101), remove node: MDDNode(1,u_85)
1 49 61
layer 1 incoming edges: 5
only split: [MDDArc('boxoh_package_tracking', MDDNode(0, 's'), MDDNode(1, 'u_87'))]
split the incoming edges: 5 1 4
the value pair of raw_data is: 492
split the outgoings edges: 17 1 16 17
add node: MDDNode(1,u_102) MDDNode(1,u_103), remove node: MDDNode(1,u_87)
1 50 61
layer 1 incoming edges: 5
only split: [MDDArc('foursquare', MDDNode(0, 's'), MDDNode(1, 'u_89'))]
split the incoming edges: 5 1 4
the value pair of raw_data is: 492
split the outgoings edges: 39 7 32 39
add node: MDDNode(1,u_104) MDDNode(1,u_105), remove node: MDDNode(1,u_89)
1 51 61
layer 1 incoming edges: 5
only split: [MDDArc('eyefi', MDDNode(0, 's'), MDDNode(1, 'u_91'))]
split the incoming edges: 5 1 4
the value pair of raw_data is: 492
split the outgoings edges: 6 2 4 6
add node: MDDNode(1,u_106) MDDNode(1,u_107), remove node: MDDNode(1,u_91)
1 52 61
layer 1 incoming edges: 5
choose: Developer tools
split the incoming edges: 5 1 4
the value pair of raw_data is: 492
split the outgoings edges: 18 5 13 18
add node: MDDNode(1,u_108) MDDNode(1,u_109), remove node: MDDNode(1,u_93)
1 53 61
layer 1 incoming edges: 5
only split: [MDDArc('ios_photos', MDDNode(0, 's'), MDDNode(1, 'u_95'))]
split the incoming edges: 5 1 4
the value pair of raw_data is: 492
split the outgoings edges: 23 6 20 26
add node: MDDNode(1,u_110) MDDNode(1,u_111), remove node: MDDNode(1,u_95)
1 54 61
layer 1 incoming edges: 5
only split: [MDDArc('the_new_york_times', MDDNode(0, 's'), MDDNode(1, 'u_97'))]
split the incoming edges: 5 1 4
the value pair of raw_data is: 492
split the outgoings edges: 28 8 20 28
add node: MDDNode(1,u_112) MDDNode(1,u_113), remove node: MDDNode(1,u_97)
1 55 61
layer 1 incoming edges: 4
only split: [MDDArc('stocks', MDDNode(0, 's'), MDDNode(1, 'u_20'))]
split the incoming edges: 4 1 3
the value pair of raw_data is: 492
split the outgoings edges: 17 6 11 17
add node: MDDNode(1,u_114) MDDNode(1,u_115), remove node: MDDNode(1,u_20)
1 56 61
layer 1 incoming edges: 4
only split: [MDDArc('fitbit', MDDNode(0, 's'), MDDNode(1, 'u_22'))]
split the incoming edges: 4 1 3
the value pair of raw_data is: 492
split the outgoings edges: 26 11 19 30
add node: MDDNode(1,u_116) MDDNode(1,u_117), remove node: MDDNode(1,u_22)
1 57 61
layer 1 incoming edges: 4
only split: [MDDArc('readingpack', MDDNode(0, 's'), MDDNode(1, 'u_24'))]
split the incoming edges: 4 1 3
the value pair of raw_data is: 492
split the outgoings edges: 12 1 11 12
add node: MDDNode(1,u_118) MDDNode(1,u_119), remove node: MDDNode(1,u_24)
1 58 61
layer 1 incoming edges: 4
only split: [MDDArc('manything', MDDNode(0, 's'), MDDNode(1, 'u_99'))]
split the incoming edges: 4 1 3
the value pair of raw_data is: 492
split the outgoings edges: 17 3 14 17
add node: MDDNode(1,u_120) MDDNode(1,u_121), remove node: MDDNode(1,u_99)
1 59 61
layer 1 incoming edges: 4
only split: [MDDArc('diigo', MDDNode(0, 's'), MDDNode(1, 'u_101'))]
split the incoming edges: 4 1 3
the value pair of raw_data is: 492
split the outgoings edges: 6 2 6 8
add node: MDDNode(1,u_122) MDDNode(1,u_123), remove node: MDDNode(1,u_101)
1 60 61
layer 1 incoming edges: 4
only split: [MDDArc('slice', MDDNode(0, 's'), MDDNode(1, 'u_103'))]
split the incoming edges: 4 1 3
the value pair of raw_data is: 492
split the outgoings edges: 16 2 14 16
add node: MDDNode(1,u_124) MDDNode(1,u_125), remove node: MDDNode(1,u_103)
dump to the pickle
the graph width list : [1, 61, 1, 1, 1, 1]
it 1 train 0.3389   train_h 0.1653   train_v 0.9378   dev 0.2927   dev_h 0.1768   dev_v 0.9313   new_test 0.3558   new_test_h 0.1610   new_test_v 0.9442   save acc: 0.3558 T: 2020-01-10T13:10 
it 2 train 0.4277   train_h 0.1431   train_v 0.9468   dev 0.3329   dev_h 0.1668   dev_v 0.9455   new_test 0.4238   new_test_h 0.1441   new_test_v 0.9579   save acc: 0.4238 T: 2020-01-10T13:12 
it 3 train 0.4790   train_h 0.1303   train_v 0.9484   dev 0.3440   dev_h 0.1640   dev_v 0.9339   new_test 0.4549   new_test_h 0.1363   new_test_v 0.9454   save acc: 0.4549 T: 2020-01-10T13:14 
it 4 train 0.5190   train_h 0.1203   train_v 0.9511   dev 0.3472   dev_h 0.1632   dev_v 0.9337   new_test 0.4622   new_test_h 0.1345   new_test_v 0.9466   save acc: 0.4622 T: 2020-01-10T13:16 
it 5 train 0.5492   train_h 0.1127   train_v 0.9552   dev 0.3513   dev_h 0.1622   dev_v 0.9400   new_test 0.4666   new_test_h 0.1333   new_test_v 0.9579   save acc: 0.4666 T: 2020-01-10T13:18 
it 6 train 0.5742   train_h 0.1065   train_v 0.9562   dev 0.3443   dev_h 0.1639   dev_v 0.9349   new_test 0.4707   new_test_h 0.1323   new_test_v 0.9579   
it 7 train 0.5902   train_h 0.1025   train_v 0.9595   dev 0.3428   dev_h 0.1643   dev_v 0.9414   new_test 0.4763   new_test_h 0.1309   new_test_v 0.9592   
it 8 train 0.6072   train_h 0.0982   train_v 0.9592   dev 0.3472   dev_h 0.1632   dev_v 0.9412   new_test 0.4699   new_test_h 0.1325   new_test_v 0.9547   
it 9 train 0.6179   train_h 0.0955   train_v 0.9604   dev 0.3443   dev_h 0.1639   dev_v 0.9376   new_test 0.4699   new_test_h 0.1325   new_test_v 0.9523   
it 10 train 0.6269   train_h 0.0933   train_v 0.9619   dev 0.3440   dev_h 0.1640   dev_v 0.9359   new_test 0.4715   new_test_h 0.1321   new_test_v 0.9579   
it 11 train 0.6340   train_h 0.0915   train_v 0.9615   dev 0.3416   dev_h 0.1646   dev_v 0.9301   new_test 0.4658   new_test_h 0.1335   new_test_v 0.9547   
it 12 train 0.6408   train_h 0.0898   train_v 0.9623   dev 0.3452   dev_h 0.1637   dev_v 0.9332   new_test 0.4630   new_test_h 0.1342   new_test_v 0.9559   
it 13 train 0.6457   train_h 0.0886   train_v 0.9631   dev 0.3447   dev_h 0.1638   dev_v 0.9342   new_test 0.4654   new_test_h 0.1336   new_test_v 0.9523   
it 14 train 0.6493   train_h 0.0877   train_v 0.9634   dev 0.3411   dev_h 0.1647   dev_v 0.9313   new_test 0.4630   new_test_h 0.1342   new_test_v 0.9527   
it 15 train 0.6519   train_h 0.0870   train_v 0.9634   dev 0.3370   dev_h 0.1657   dev_v 0.9313   new_test 0.4626   new_test_h 0.1344   new_test_v 0.9519   
it 16 train 0.6547   train_h 0.0863   train_v 0.9635   dev 0.3385   dev_h 0.1654   dev_v 0.9349   new_test 0.4642   new_test_h 0.1339   new_test_v 0.9588   
