args Namespace(config='configs/config_l.json', dataset='dataset/IFTTT/msr_data.pkl', load_model=None, mode='train', output='model/ifttt/width-26/', width='26')
configure: {'max_word_id': 4000, 'bidirectional': True, 'cell_type': 'gru', 'decoder': 'attention', 'embedding_size': 160, 'keep_prob': 0.45, 'memory_size': 25, 'num_units': 160, 'use_embedding': True, 'epoches': 15, 'batch_size': 32, 'init': {'name': 'random_uniform_initializer', 'scale': 0.1}, 'lr_scheduler': {'decay_steps': 5000, 'init_lr': 0.002, 'decay_rate': 0.9, 'staircase': True}, 'max_grad_norm': 1, 'optimizer': 'AdamOptimizer'}
# path 8549
model/ifttt/width-26/dataset-w-26.pkl
load raw and dump to file
numArcLayers: 5
1 1 26
layer 1 incoming edges: 111
choose: News & information
split the incoming edges: 111 13 98
the value pair of raw_data is: 492
split the outgoings edges: 443 60 386 446
add node: MDDNode(1,u_6) MDDNode(1,u_7), remove node: MDDNode(1,u_1)
1 2 26
layer 1 incoming edges: 98
choose: Photo & video
split the incoming edges: 98 9 89
the value pair of raw_data is: 492
split the outgoings edges: 386 35 351 386
add node: MDDNode(1,u_8) MDDNode(1,u_9), remove node: MDDNode(1,u_7)
1 3 26
layer 1 incoming edges: 89
choose: Others
split the incoming edges: 89 7 82
the value pair of raw_data is: 492
split the outgoings edges: 351 21 335 356
add node: MDDNode(1,u_10) MDDNode(1,u_11), remove node: MDDNode(1,u_9)
1 4 26
layer 1 incoming edges: 82
choose: Social networks
split the incoming edges: 82 7 75
the value pair of raw_data is: 492
split the outgoings edges: 335 55 280 335
add node: MDDNode(1,u_12) MDDNode(1,u_13), remove node: MDDNode(1,u_11)
1 5 26
layer 1 incoming edges: 75
choose: Bookmarking
split the incoming edges: 75 6 69
the value pair of raw_data is: 492
split the outgoings edges: 280 12 268 280
add node: MDDNode(1,u_14) MDDNode(1,u_15), remove node: MDDNode(1,u_13)
1 6 26
layer 1 incoming edges: 69
choose: Shopping
split the incoming edges: 69 6 63
the value pair of raw_data is: 492
split the outgoings edges: 268 23 245 268
add node: MDDNode(1,u_16) MDDNode(1,u_17), remove node: MDDNode(1,u_15)
1 7 26
layer 1 incoming edges: 63
choose: Security & monitoring systems
split the incoming edges: 63 5 58
the value pair of raw_data is: 492
split the outgoings edges: 245 18 228 246
add node: MDDNode(1,u_18) MDDNode(1,u_19), remove node: MDDNode(1,u_17)
1 8 26
layer 1 incoming edges: 58
choose: Health & fitness
split the incoming edges: 58 4 54
the value pair of raw_data is: 492
split the outgoings edges: 228 26 203 229
add node: MDDNode(1,u_20) MDDNode(1,u_21), remove node: MDDNode(1,u_19)
1 9 26
layer 1 incoming edges: 54
choose: Finance & payments
split the incoming edges: 54 4 50
the value pair of raw_data is: 492
split the outgoings edges: 203 17 186 203
add node: MDDNode(1,u_22) MDDNode(1,u_23), remove node: MDDNode(1,u_21)
1 10 26
layer 1 incoming edges: 50
choose: Mobile devices & accessories
split the incoming edges: 50 4 46
the value pair of raw_data is: 492
split the outgoings edges: 186 12 174 186
add node: MDDNode(1,u_24) MDDNode(1,u_25), remove node: MDDNode(1,u_23)
1 11 26
layer 1 incoming edges: 46
choose: Gardening
split the incoming edges: 46 3 43
the value pair of raw_data is: 492
split the outgoings edges: 174 9 165 174
add node: MDDNode(1,u_26) MDDNode(1,u_27), remove node: MDDNode(1,u_25)
1 12 26
layer 1 incoming edges: 43
choose: Weather
split the incoming edges: 43 3 40
the value pair of raw_data is: 492
split the outgoings edges: 165 30 139 169
add node: MDDNode(1,u_28) MDDNode(1,u_29), remove node: MDDNode(1,u_27)
1 13 26
layer 1 incoming edges: 40
choose: Blogging
split the incoming edges: 40 3 37
the value pair of raw_data is: 492
split the outgoings edges: 139 13 126 139
add node: MDDNode(1,u_30) MDDNode(1,u_31), remove node: MDDNode(1,u_29)
1 14 26
layer 1 incoming edges: 37
choose: Email
split the incoming edges: 37 3 34
the value pair of raw_data is: 492
split the outgoings edges: 126 10 116 126
add node: MDDNode(1,u_32) MDDNode(1,u_33), remove node: MDDNode(1,u_31)
1 15 26
layer 1 incoming edges: 34
choose: Notifications
split the incoming edges: 34 3 31
the value pair of raw_data is: 492
split the outgoings edges: 116 4 112 116
add node: MDDNode(1,u_34) MDDNode(1,u_35), remove node: MDDNode(1,u_33)
1 16 26
layer 1 incoming edges: 31
choose: Power monitoring & management
split the incoming edges: 31 3 28
the value pair of raw_data is: 492
split the outgoings edges: 112 11 103 114
add node: MDDNode(1,u_36) MDDNode(1,u_37), remove node: MDDNode(1,u_35)
1 17 26
layer 1 incoming edges: 28
choose: Smart hubs & systems
split the incoming edges: 28 3 25
the value pair of raw_data is: 492
split the outgoings edges: 103 20 87 107
add node: MDDNode(1,u_38) MDDNode(1,u_39), remove node: MDDNode(1,u_37)
1 18 26
layer 1 incoming edges: 25
choose: Environment control & monitoring
split the incoming edges: 25 3 22
the value pair of raw_data is: 492
split the outgoings edges: 87 9 78 87
add node: MDDNode(1,u_40) MDDNode(1,u_41), remove node: MDDNode(1,u_39)
1 19 26
layer 1 incoming edges: 22
choose: DIY electronics
split the incoming edges: 22 2 20
the value pair of raw_data is: 492
split the outgoings edges: 78 2 76 78
add node: MDDNode(1,u_42) MDDNode(1,u_43), remove node: MDDNode(1,u_41)
1 20 26
layer 1 incoming edges: 20
choose: Calendars & scheduling
split the incoming edges: 20 2 18
the value pair of raw_data is: 492
split the outgoings edges: 76 8 68 76
add node: MDDNode(1,u_44) MDDNode(1,u_45), remove node: MDDNode(1,u_43)
1 21 26
layer 1 incoming edges: 18
choose: Contacts
split the incoming edges: 18 2 16
the value pair of raw_data is: 492
split the outgoings edges: 68 3 65 68
add node: MDDNode(1,u_46) MDDNode(1,u_47), remove node: MDDNode(1,u_45)
1 22 26
layer 1 incoming edges: 16
choose: Appliances
split the incoming edges: 16 2 14
the value pair of raw_data is: 492
split the outgoings edges: 65 2 63 65
add node: MDDNode(1,u_48) MDDNode(1,u_49), remove node: MDDNode(1,u_47)
1 23 26
layer 1 incoming edges: 14
choose: Connected car
split the incoming edges: 14 2 12
the value pair of raw_data is: 492
split the outgoings edges: 63 10 53 63
add node: MDDNode(1,u_50) MDDNode(1,u_51), remove node: MDDNode(1,u_49)
1 24 26
layer 1 incoming edges: 13
only split: [MDDArc('time', MDDNode(0, 's'), MDDNode(1, 'u_6'))]
split the incoming edges: 13 1 12
the value pair of raw_data is: 492
split the outgoings edges: 60 2 60 62
add node: MDDNode(1,u_52) MDDNode(1,u_53), remove node: MDDNode(1,u_6)
1 25 26
layer 1 incoming edges: 12
choose: Communication
split the incoming edges: 12 2 10
the value pair of raw_data is: 492
split the outgoings edges: 53 12 41 53
add node: MDDNode(1,u_54) MDDNode(1,u_55), remove node: MDDNode(1,u_51)
dump to the pickle
the graph width list : [1, 26, 1, 1, 1, 1]
it 1 train 0.3354   train_h 0.1661   train_v 0.9215   dev 0.2915   dev_h 0.1771   dev_v 0.9163   new_test 0.3595   new_test_h 0.1601   new_test_v 0.9284   save acc: 0.3595 T: 2020-01-10T08:36 
it 2 train 0.4218   train_h 0.1446   train_v 0.9381   dev 0.3368   dev_h 0.1658   dev_v 0.9344   new_test 0.4343   new_test_h 0.1414   new_test_v 0.9503   save acc: 0.4343 T: 2020-01-10T08:39 
it 3 train 0.4723   train_h 0.1319   train_v 0.9406   dev 0.3416   dev_h 0.1646   dev_v 0.9241   new_test 0.4323   new_test_h 0.1419   new_test_v 0.9369   save acc: 0.4323 T: 2020-01-10T08:42 
it 4 train 0.5116   train_h 0.1221   train_v 0.9449   dev 0.3426   dev_h 0.1644   dev_v 0.9253   new_test 0.4416   new_test_h 0.1396   new_test_v 0.9434   save acc: 0.4416 T: 2020-01-10T08:45 
it 5 train 0.5428   train_h 0.1143   train_v 0.9480   dev 0.3556   dev_h 0.1611   dev_v 0.9306   new_test 0.4691   new_test_h 0.1327   new_test_v 0.9495   save acc: 0.4691 T: 2020-01-10T08:48 
it 6 train 0.5670   train_h 0.1082   train_v 0.9485   dev 0.3517   dev_h 0.1621   dev_v 0.9224   new_test 0.4606   new_test_h 0.1349   new_test_v 0.9486   
it 7 train 0.5841   train_h 0.1040   train_v 0.9518   dev 0.3517   dev_h 0.1621   dev_v 0.9279   new_test 0.4695   new_test_h 0.1326   new_test_v 0.9462   
it 8 train 0.6007   train_h 0.0998   train_v 0.9536   dev 0.3474   dev_h 0.1632   dev_v 0.9192   new_test 0.4654   new_test_h 0.1336   new_test_v 0.9507   
it 9 train 0.6135   train_h 0.0966   train_v 0.9549   dev 0.3469   dev_h 0.1633   dev_v 0.9202   new_test 0.4614   new_test_h 0.1347   new_test_v 0.9478   
it 10 train 0.6222   train_h 0.0945   train_v 0.9541   dev 0.3491   dev_h 0.1627   dev_v 0.9176   new_test 0.4626   new_test_h 0.1344   new_test_v 0.9450   
it 11 train 0.6304   train_h 0.0924   train_v 0.9577   dev 0.3443   dev_h 0.1639   dev_v 0.9253   new_test 0.4626   new_test_h 0.1344   new_test_v 0.9438   
it 12 train 0.6370   train_h 0.0907   train_v 0.9590   dev 0.3450   dev_h 0.1638   dev_v 0.9219   new_test 0.4638   new_test_h 0.1340   new_test_v 0.9462   
it 13 train 0.6418   train_h 0.0896   train_v 0.9600   dev 0.3447   dev_h 0.1638   dev_v 0.9221   new_test 0.4602   new_test_h 0.1350   new_test_v 0.9458   
it 14 train 0.6452   train_h 0.0887   train_v 0.9590   dev 0.3426   dev_h 0.1644   dev_v 0.9176   new_test 0.4581   new_test_h 0.1355   new_test_v 0.9446   
it 15 train 0.6488   train_h 0.0878   train_v 0.9595   dev 0.3452   dev_h 0.1637   dev_v 0.9224   new_test 0.4577   new_test_h 0.1356   new_test_v 0.9450   
it 16 train 0.6506   train_h 0.0873   train_v 0.9588   dev 0.3438   dev_h 0.1641   dev_v 0.9202   new_test 0.4537   new_test_h 0.1366   new_test_v 0.9458   
