args Namespace(config='configs/config_l.json', dataset='dataset/IFTTT/msr_data.pkl', load_model=None, mode='train', output='model/ifttt/width-60/', width='60')
configure: {'max_word_id': 3782, 'bidirectional': True, 'cell_type': 'lstm', 'decoder': 'attention', 'embedding_size': 100, 'keep_prob': 0.75, 'memory_size': 100, 'num_units': 100, 'use_embedding': True, 'epoches': 12, 'batch_size': 20, 'init': {'name': 'random_uniform_initializer', 'scale': 0.1}, 'lr_scheduler': {'decay_steps': 5000, 'init_lr': 0.02, 'decay_rate': 0.9, 'staircase': True}, 'max_grad_norm': 1, 'optimizer': 'AdamOptimizer'}
# path 8549
model/ifttt/width-60/dataset-w-60.pkl
load raw and dump to file
numArcLayers: 5
layer:1, node:MDDNode(1,u_1), in=111, out=443
choose: News & information
split in: 111 -> (98,13)
split out: 443 -> (386,60,446)
add: MDDNode(1,u-6) MDDNode(1,u-7), del:MDDNode(1,u_1)
2 (13,60) (98,386) 
layer:1, node:MDDNode(1,u-7), in=98, out=386
choose: Photo & video
split in: 98 -> (89,9)
split out: 386 -> (351,35,386)
add: MDDNode(1,u-8) MDDNode(1,u-9), del:MDDNode(1,u-7)
3 (13,60) (9,35) (89,351) 
layer:1, node:MDDNode(1,u-9), in=89, out=351
choose: Others
split in: 89 -> (82,7)
split out: 351 -> (335,21,356)
add: MDDNode(1,u-10) MDDNode(1,u-11), del:MDDNode(1,u-9)
4 (13,60) (9,35) (7,21) (82,335) 
layer:1, node:MDDNode(1,u-11), in=82, out=335
choose: Social networks
split in: 82 -> (75,7)
split out: 335 -> (280,55,335)
add: MDDNode(1,u-12) MDDNode(1,u-13), del:MDDNode(1,u-11)
5 (13,60) (9,35) (7,21) (7,55) (75,280) 
layer:1, node:MDDNode(1,u-13), in=75, out=280
choose: Shopping
split in: 75 -> (69,6)
split out: 280 -> (257,23,280)
add: MDDNode(1,u-14) MDDNode(1,u-15), del:MDDNode(1,u-13)
6 (13,60) (9,35) (7,21) (7,55) (6,23) (69,257) 
layer:1, node:MDDNode(1,u-15), in=69, out=257
choose: Bookmarking
split in: 69 -> (63,6)
split out: 257 -> (245,12,257)
add: MDDNode(1,u-16) MDDNode(1,u-17), del:MDDNode(1,u-15)
7 (13,60) (9,35) (7,21) (7,55) (6,23) (6,12) (63,245) 
layer:1, node:MDDNode(1,u-17), in=63, out=245
choose: Security & monitoring systems
split in: 63 -> (58,5)
split out: 245 -> (228,18,246)
add: MDDNode(1,u-18) MDDNode(1,u-19), del:MDDNode(1,u-17)
8 (13,60) (9,35) (7,21) (7,55) (6,23) (6,12) (5,18) (58,228) 
layer:1, node:MDDNode(1,u-19), in=58, out=228
choose: Mobile devices & accessories
split in: 58 -> (54,4)
split out: 228 -> (216,12,228)
add: MDDNode(1,u-20) MDDNode(1,u-21), del:MDDNode(1,u-19)
9 (13,60) (9,35) (7,21) (7,55) (6,23) (6,12) (5,18) (4,12) (54,216) 
layer:1, node:MDDNode(1,u-21), in=54, out=216
choose: Finance & payments
split in: 54 -> (50,4)
split out: 216 -> (199,17,216)
add: MDDNode(1,u-22) MDDNode(1,u-23), del:MDDNode(1,u-21)
10 (13,60) (9,35) (7,21) (7,55) (6,23) (6,12) (5,18) (4,12) (4,17) (50,199) 
layer:1, node:MDDNode(1,u-23), in=50, out=199
choose: Health & fitness
split in: 50 -> (46,4)
split out: 199 -> (174,26,200)
add: MDDNode(1,u-24) MDDNode(1,u-25), del:MDDNode(1,u-23)
11 (13,60) (9,35) (7,21) (7,55) (6,23) (6,12) (5,18) (4,12) (4,17) (4,26) (46,174) 
layer:1, node:MDDNode(1,u-25), in=46, out=174
choose: Smart hubs & systems
split in: 46 -> (43,3)
split out: 174 -> (160,20,180)
add: MDDNode(1,u-26) MDDNode(1,u-27), del:MDDNode(1,u-25)
12 (13,60) (9,35) (7,21) (7,55) (6,23) (6,12) (5,18) (4,12) (4,17) (4,26) (3,20) (43,160) 
layer:1, node:MDDNode(1,u-27), in=43, out=160
choose: Email
split in: 43 -> (40,3)
split out: 160 -> (150,10,160)
add: MDDNode(1,u-28) MDDNode(1,u-29), del:MDDNode(1,u-27)
13 (13,60) (9,35) (7,21) (7,55) (6,23) (6,12) (5,18) (4,12) (4,17) (4,26) (3,20) (3,10) (40,150) 
layer:1, node:MDDNode(1,u-29), in=40, out=150
choose: Gardening
split in: 40 -> (37,3)
split out: 150 -> (141,9,150)
add: MDDNode(1,u-30) MDDNode(1,u-31), del:MDDNode(1,u-29)
14 (13,60) (9,35) (7,21) (7,55) (6,23) (6,12) (5,18) (4,12) (4,17) (4,26) (3,20) (3,10) (3,9) (37,141) 
layer:1, node:MDDNode(1,u-31), in=37, out=141
choose: Power monitoring & management
split in: 37 -> (34,3)
split out: 141 -> (132,11,143)
add: MDDNode(1,u-32) MDDNode(1,u-33), del:MDDNode(1,u-31)
15 (13,60) (9,35) (7,21) (7,55) (6,23) (6,12) (5,18) (4,12) (4,17) (4,26) (3,20) (3,10) (3,9) (3,11) (34,132) 
layer:1, node:MDDNode(1,u-33), in=34, out=132
choose: Communication
split in: 34 -> (31,3)
split out: 132 -> (119,13,132)
add: MDDNode(1,u-34) MDDNode(1,u-35), del:MDDNode(1,u-33)
16 (13,60) (9,35) (7,21) (7,55) (6,23) (6,12) (5,18) (4,12) (4,17) (4,26) (3,20) (3,10) (3,9) (3,11) (3,13) (31,119) 
layer:1, node:MDDNode(1,u-35), in=31, out=119
choose: Weather
split in: 31 -> (28,3)
split out: 119 -> (91,30,121)
add: MDDNode(1,u-36) MDDNode(1,u-37), del:MDDNode(1,u-35)
17 (13,60) (9,35) (7,21) (7,55) (6,23) (6,12) (5,18) (4,12) (4,17) (4,26) (3,20) (3,10) (3,9) (3,11) (3,13) (3,30) (28,91) 
layer:1, node:MDDNode(1,u-37), in=28, out=91
choose: Environment control & monitoring
split in: 28 -> (25,3)
split out: 91 -> (82,9,91)
add: MDDNode(1,u-38) MDDNode(1,u-39), del:MDDNode(1,u-37)
18 (13,60) (9,35) (7,21) (7,55) (6,23) (6,12) (5,18) (4,12) (4,17) (4,26) (3,20) (3,10) (3,9) (3,11) (3,13) (3,30) (3,9) (25,82) 
layer:1, node:MDDNode(1,u-39), in=25, out=82
choose: Blogging
split in: 25 -> (22,3)
split out: 82 -> (69,13,82)
add: MDDNode(1,u-40) MDDNode(1,u-41), del:MDDNode(1,u-39)
19 (13,60) (9,35) (7,21) (7,55) (6,23) (6,12) (5,18) (4,12) (4,17) (4,26) (3,20) (3,10) (3,9) (3,11) (3,13) (3,30) (3,9) (3,13) (22,69) 
layer:1, node:MDDNode(1,u-41), in=22, out=69
choose: Connected car
split in: 22 -> (20,2)
split out: 69 -> (59,10,69)
add: MDDNode(1,u-42) MDDNode(1,u-43), del:MDDNode(1,u-41)
20 (13,60) (9,35) (7,21) (7,55) (6,23) (6,12) (5,18) (4,12) (4,17) (4,26) (3,20) (3,10) (3,9) (3,11) (3,13) (3,30) (3,9) (3,13) (2,10) (20,59) 
layer:1, node:MDDNode(1,u-43), in=20, out=59
choose: Contacts
split in: 20 -> (18,2)
split out: 59 -> (56,3,59)
add: MDDNode(1,u-44) MDDNode(1,u-45), del:MDDNode(1,u-43)
21 (13,60) (9,35) (7,21) (7,55) (6,23) (6,12) (5,18) (4,12) (4,17) (4,26) (3,20) (3,10) (3,9) (3,11) (3,13) (3,30) (3,9) (3,13) (2,10) (2,3) (18,56) 
layer:1, node:MDDNode(1,u-45), in=18, out=56
choose: Calendars & scheduling
split in: 18 -> (16,2)
split out: 56 -> (48,8,56)
add: MDDNode(1,u-46) MDDNode(1,u-47), del:MDDNode(1,u-45)
22 (13,60) (9,35) (7,21) (7,55) (6,23) (6,12) (5,18) (4,12) (4,17) (4,26) (3,20) (3,10) (3,9) (3,11) (3,13) (3,30) (3,9) (3,13) (2,10) (2,3) (2,8) (16,48) 
layer:1, node:MDDNode(1,u-47), in=16, out=48
choose: Appliances
split in: 16 -> (14,2)
split out: 48 -> (46,2,48)
add: MDDNode(1,u-48) MDDNode(1,u-49), del:MDDNode(1,u-47)
23 (13,60) (9,35) (7,21) (7,55) (6,23) (6,12) (5,18) (4,12) (4,17) (4,26) (3,20) (3,10) (3,9) (3,11) (3,13) (3,30) (3,9) (3,13) (2,10) (2,3) (2,8) (2,2) (14,46) 
layer:1, node:MDDNode(1,u-49), in=14, out=46
choose: Task management & to-dos
split in: 14 -> (12,2)
split out: 46 -> (35,11,46)
add: MDDNode(1,u-50) MDDNode(1,u-51), del:MDDNode(1,u-49)
24 (13,60) (9,35) (7,21) (7,55) (6,23) (6,12) (5,18) (4,12) (4,17) (4,26) (3,20) (3,10) (3,9) (3,11) (3,13) (3,30) (3,9) (3,13) (2,10) (2,3) (2,8) (2,2) (2,11) (12,35) 
layer:1, node:MDDNode(1,u-6), in=13, out=60
split in: 13 -> (12,1)
split out: 60 -> (54,6,60)
add: MDDNode(1,u-52) MDDNode(1,u-53), del:MDDNode(1,u-6)
25 (9,35) (7,21) (7,55) (6,23) (6,12) (5,18) (4,12) (4,17) (4,26) (3,20) (3,10) (3,9) (3,11) (3,13) (3,30) (3,9) (3,13) (2,10) (2,3) (2,8) (2,2) (2,11) (12,35) (1,6) (12,54) 
layer:1, node:MDDNode(1,u-51), in=12, out=35
choose: DIY electronics
split in: 12 -> (10,2)
split out: 35 -> (33,2,35)
add: MDDNode(1,u-54) MDDNode(1,u-55), del:MDDNode(1,u-51)
26 (9,35) (7,21) (7,55) (6,23) (6,12) (5,18) (4,12) (4,17) (4,26) (3,20) (3,10) (3,9) (3,11) (3,13) (3,30) (3,9) (3,13) (2,10) (2,3) (2,8) (2,2) (2,11) (1,6) (12,54) (2,2) (10,33) 
layer:1, node:MDDNode(1,u-53), in=12, out=54
split in: 12 -> (11,1)
split out: 54 -> (54,2,56)
add: MDDNode(1,u-56) MDDNode(1,u-57), del:MDDNode(1,u-53)
27 (9,35) (7,21) (7,55) (6,23) (6,12) (5,18) (4,12) (4,17) (4,26) (3,20) (3,10) (3,9) (3,11) (3,13) (3,30) (3,9) (3,13) (2,10) (2,3) (2,8) (2,2) (2,11) (1,6) (2,2) (10,33) (1,2) (11,54) 
layer:1, node:MDDNode(1,u-57), in=11, out=54
split in: 11 -> (10,1)
split out: 54 -> (43,11,54)
add: MDDNode(1,u-58) MDDNode(1,u-59), del:MDDNode(1,u-57)
28 (9,35) (7,21) (7,55) (6,23) (6,12) (5,18) (4,12) (4,17) (4,26) (3,20) (3,10) (3,9) (3,11) (3,13) (3,30) (3,9) (3,13) (2,10) (2,3) (2,8) (2,2) (2,11) (1,6) (2,2) (10,33) (1,2) (1,11) (10,43) 
layer:1, node:MDDNode(1,u-55), in=10, out=33
choose: Notifications
split in: 10 -> (8,2)
split out: 33 -> (30,3,33)
add: MDDNode(1,u-60) MDDNode(1,u-61), del:MDDNode(1,u-55)
29 (9,35) (7,21) (7,55) (6,23) (6,12) (5,18) (4,12) (4,17) (4,26) (3,20) (3,10) (3,9) (3,11) (3,13) (3,30) (3,9) (3,13) (2,10) (2,3) (2,8) (2,2) (2,11) (1,6) (2,2) (1,2) (1,11) (10,43) (2,3) (8,30) 
layer:1, node:MDDNode(1,u-59), in=10, out=43
split in: 10 -> (9,1)
split out: 43 -> (43,2,45)
add: MDDNode(1,u-62) MDDNode(1,u-63), del:MDDNode(1,u-59)
30 (9,35) (7,21) (7,55) (6,23) (6,12) (5,18) (4,12) (4,17) (4,26) (3,20) (3,10) (3,9) (3,11) (3,13) (3,30) (3,9) (3,13) (2,10) (2,3) (2,8) (2,2) (2,11) (1,6) (2,2) (1,2) (1,11) (2,3) (8,30) (1,2) (9,43) 
layer:1, node:MDDNode(1,u-8), in=9, out=35
split in: 9 -> (8,1)
split out: 35 -> (29,6,35)
add: MDDNode(1,u-64) MDDNode(1,u-65), del:MDDNode(1,u-8)
31 (7,21) (7,55) (6,23) (6,12) (5,18) (4,12) (4,17) (4,26) (3,20) (3,10) (3,9) (3,11) (3,13) (3,30) (3,9) (3,13) (2,10) (2,3) (2,8) (2,2) (2,11) (1,6) (2,2) (1,2) (1,11) (2,3) (8,30) (1,2) (9,43) (1,6) (8,29) 
layer:1, node:MDDNode(1,u-63), in=9, out=43
split in: 9 -> (8,1)
split out: 43 -> (35,8,43)
add: MDDNode(1,u-66) MDDNode(1,u-67), del:MDDNode(1,u-63)
32 (7,21) (7,55) (6,23) (6,12) (5,18) (4,12) (4,17) (4,26) (3,20) (3,10) (3,9) (3,11) (3,13) (3,30) (3,9) (3,13) (2,10) (2,3) (2,8) (2,2) (2,11) (1,6) (2,2) (1,2) (1,11) (2,3) (8,30) (1,2) (1,6) (8,29) (1,8) (8,35) 
layer:1, node:MDDNode(1,u-61), in=8, out=30
choose: Music
split in: 8 -> (7,1)
split out: 30 -> (26,4,30)
add: MDDNode(1,u-68) MDDNode(1,u-69), del:MDDNode(1,u-61)
33 (7,21) (7,55) (6,23) (6,12) (5,18) (4,12) (4,17) (4,26) (3,20) (3,10) (3,9) (3,11) (3,13) (3,30) (3,9) (3,13) (2,10) (2,3) (2,8) (2,2) (2,11) (1,6) (2,2) (1,2) (1,11) (2,3) (1,2) (1,6) (8,29) (1,8) (8,35) (1,4) (7,26) 
layer:1, node:MDDNode(1,u-65), in=8, out=29
split in: 8 -> (7,1)
split out: 29 -> (26,3,29)
add: MDDNode(1,u-70) MDDNode(1,u-71), del:MDDNode(1,u-65)
34 (7,21) (7,55) (6,23) (6,12) (5,18) (4,12) (4,17) (4,26) (3,20) (3,10) (3,9) (3,11) (3,13) (3,30) (3,9) (3,13) (2,10) (2,3) (2,8) (2,2) (2,11) (1,6) (2,2) (1,2) (1,11) (2,3) (1,2) (1,6) (1,8) (8,35) (1,4) (7,26) (1,3) (7,26) 
layer:1, node:MDDNode(1,u-67), in=8, out=35
split in: 8 -> (7,1)
split out: 35 -> (27,8,35)
add: MDDNode(1,u-72) MDDNode(1,u-73), del:MDDNode(1,u-67)
35 (7,21) (7,55) (6,23) (6,12) (5,18) (4,12) (4,17) (4,26) (3,20) (3,10) (3,9) (3,11) (3,13) (3,30) (3,9) (3,13) (2,10) (2,3) (2,8) (2,2) (2,11) (1,6) (2,2) (1,2) (1,11) (2,3) (1,2) (1,6) (1,8) (1,4) (7,26) (1,3) (7,26) (1,8) (7,27) 
layer:1, node:MDDNode(1,u-10), in=7, out=21
split in: 7 -> (6,1)
split out: 21 -> (20,1,21)
add: MDDNode(1,u-74) MDDNode(1,u-75), del:MDDNode(1,u-10)
36 (7,55) (6,23) (6,12) (5,18) (4,12) (4,17) (4,26) (3,20) (3,10) (3,9) (3,11) (3,13) (3,30) (3,9) (3,13) (2,10) (2,3) (2,8) (2,2) (2,11) (1,6) (2,2) (1,2) (1,11) (2,3) (1,2) (1,6) (1,8) (1,4) (7,26) (1,3) (7,26) (1,8) (7,27) (1,1) (6,20) 
layer:1, node:MDDNode(1,u-12), in=7, out=55
split in: 7 -> (6,1)
split out: 55 -> (54,2,56)
add: MDDNode(1,u-76) MDDNode(1,u-77), del:MDDNode(1,u-12)
37 (6,23) (6,12) (5,18) (4,12) (4,17) (4,26) (3,20) (3,10) (3,9) (3,11) (3,13) (3,30) (3,9) (3,13) (2,10) (2,3) (2,8) (2,2) (2,11) (1,6) (2,2) (1,2) (1,11) (2,3) (1,2) (1,6) (1,8) (1,4) (7,26) (1,3) (7,26) (1,8) (7,27) (1,1) (6,20) (1,2) (6,54) 
layer:1, node:MDDNode(1,u-69), in=7, out=26
choose: Location
split in: 7 -> (6,1)
split out: 26 -> (23,3,26)
add: MDDNode(1,u-78) MDDNode(1,u-79), del:MDDNode(1,u-69)
38 (6,23) (6,12) (5,18) (4,12) (4,17) (4,26) (3,20) (3,10) (3,9) (3,11) (3,13) (3,30) (3,9) (3,13) (2,10) (2,3) (2,8) (2,2) (2,11) (1,6) (2,2) (1,2) (1,11) (2,3) (1,2) (1,6) (1,8) (1,4) (1,3) (7,26) (1,8) (7,27) (1,1) (6,20) (1,2) (6,54) (1,3) (6,23) 
layer:1, node:MDDNode(1,u-71), in=7, out=26
split in: 7 -> (6,1)
split out: 26 -> (20,6,26)
add: MDDNode(1,u-80) MDDNode(1,u-81), del:MDDNode(1,u-71)
39 (6,23) (6,12) (5,18) (4,12) (4,17) (4,26) (3,20) (3,10) (3,9) (3,11) (3,13) (3,30) (3,9) (3,13) (2,10) (2,3) (2,8) (2,2) (2,11) (1,6) (2,2) (1,2) (1,11) (2,3) (1,2) (1,6) (1,8) (1,4) (1,3) (1,8) (7,27) (1,1) (6,20) (1,2) (6,54) (1,3) (6,23) (1,6) (6,20) 
layer:1, node:MDDNode(1,u-73), in=7, out=27
split in: 7 -> (6,1)
split out: 27 -> (21,6,27)
add: MDDNode(1,u-82) MDDNode(1,u-83), del:MDDNode(1,u-73)
40 (6,23) (6,12) (5,18) (4,12) (4,17) (4,26) (3,20) (3,10) (3,9) (3,11) (3,13) (3,30) (3,9) (3,13) (2,10) (2,3) (2,8) (2,2) (2,11) (1,6) (2,2) (1,2) (1,11) (2,3) (1,2) (1,6) (1,8) (1,4) (1,3) (1,8) (1,1) (6,20) (1,2) (6,54) (1,3) (6,23) (1,6) (6,20) (1,6) (6,21) 
layer:1, node:MDDNode(1,u-14), in=6, out=23
split in: 6 -> (5,1)
split out: 23 -> (17,6,23)
add: MDDNode(1,u-84) MDDNode(1,u-85), del:MDDNode(1,u-14)
41 (6,12) (5,18) (4,12) (4,17) (4,26) (3,20) (3,10) (3,9) (3,11) (3,13) (3,30) (3,9) (3,13) (2,10) (2,3) (2,8) (2,2) (2,11) (1,6) (2,2) (1,2) (1,11) (2,3) (1,2) (1,6) (1,8) (1,4) (1,3) (1,8) (1,1) (6,20) (1,2) (6,54) (1,3) (6,23) (1,6) (6,20) (1,6) (6,21) (1,6) (5,17) 
layer:1, node:MDDNode(1,u-16), in=6, out=12
split in: 6 -> (5,1)
split out: 12 -> (12,2,14)
add: MDDNode(1,u-86) MDDNode(1,u-87), del:MDDNode(1,u-16)
42 (5,18) (4,12) (4,17) (4,26) (3,20) (3,10) (3,9) (3,11) (3,13) (3,30) (3,9) (3,13) (2,10) (2,3) (2,8) (2,2) (2,11) (1,6) (2,2) (1,2) (1,11) (2,3) (1,2) (1,6) (1,8) (1,4) (1,3) (1,8) (1,1) (6,20) (1,2) (6,54) (1,3) (6,23) (1,6) (6,20) (1,6) (6,21) (1,6) (5,17) (1,2) (5,12) 
layer:1, node:MDDNode(1,u-75), in=6, out=20
split in: 6 -> (5,1)
split out: 20 -> (7,13,20)
add: MDDNode(1,u-88) MDDNode(1,u-89), del:MDDNode(1,u-75)
43 (5,18) (4,12) (4,17) (4,26) (3,20) (3,10) (3,9) (3,11) (3,13) (3,30) (3,9) (3,13) (2,10) (2,3) (2,8) (2,2) (2,11) (1,6) (2,2) (1,2) (1,11) (2,3) (1,2) (1,6) (1,8) (1,4) (1,3) (1,8) (1,1) (1,2) (6,54) (1,3) (6,23) (1,6) (6,20) (1,6) (6,21) (1,6) (5,17) (1,2) (5,12) (1,13) (5,7) 
layer:1, node:MDDNode(1,u-77), in=6, out=54
split in: 6 -> (5,1)
split out: 54 -> (48,6,54)
add: MDDNode(1,u-90) MDDNode(1,u-91), del:MDDNode(1,u-77)
44 (5,18) (4,12) (4,17) (4,26) (3,20) (3,10) (3,9) (3,11) (3,13) (3,30) (3,9) (3,13) (2,10) (2,3) (2,8) (2,2) (2,11) (1,6) (2,2) (1,2) (1,11) (2,3) (1,2) (1,6) (1,8) (1,4) (1,3) (1,8) (1,1) (1,2) (1,3) (6,23) (1,6) (6,20) (1,6) (6,21) (1,6) (5,17) (1,2) (5,12) (1,13) (5,7) (1,6) (5,48) 
layer:1, node:MDDNode(1,u-79), in=6, out=23
choose: Pet trackers
split in: 6 -> (5,1)
split out: 23 -> (15,8,23)
add: MDDNode(1,u-92) MDDNode(1,u-93), del:MDDNode(1,u-79)
45 (5,18) (4,12) (4,17) (4,26) (3,20) (3,10) (3,9) (3,11) (3,13) (3,30) (3,9) (3,13) (2,10) (2,3) (2,8) (2,2) (2,11) (1,6) (2,2) (1,2) (1,11) (2,3) (1,2) (1,6) (1,8) (1,4) (1,3) (1,8) (1,1) (1,2) (1,3) (1,6) (6,20) (1,6) (6,21) (1,6) (5,17) (1,2) (5,12) (1,13) (5,7) (1,6) (5,48) (1,8) (5,15) 
layer:1, node:MDDNode(1,u-81), in=6, out=20
split in: 6 -> (5,1)
split out: 20 -> (15,5,20)
add: MDDNode(1,u-94) MDDNode(1,u-95), del:MDDNode(1,u-81)
46 (5,18) (4,12) (4,17) (4,26) (3,20) (3,10) (3,9) (3,11) (3,13) (3,30) (3,9) (3,13) (2,10) (2,3) (2,8) (2,2) (2,11) (1,6) (2,2) (1,2) (1,11) (2,3) (1,2) (1,6) (1,8) (1,4) (1,3) (1,8) (1,1) (1,2) (1,3) (1,6) (1,6) (6,21) (1,6) (5,17) (1,2) (5,12) (1,13) (5,7) (1,6) (5,48) (1,8) (5,15) (1,5) (5,15) 
layer:1, node:MDDNode(1,u-83), in=6, out=21
split in: 6 -> (5,1)
split out: 21 -> (19,2,21)
add: MDDNode(1,u-96) MDDNode(1,u-97), del:MDDNode(1,u-83)
47 (5,18) (4,12) (4,17) (4,26) (3,20) (3,10) (3,9) (3,11) (3,13) (3,30) (3,9) (3,13) (2,10) (2,3) (2,8) (2,2) (2,11) (1,6) (2,2) (1,2) (1,11) (2,3) (1,2) (1,6) (1,8) (1,4) (1,3) (1,8) (1,1) (1,2) (1,3) (1,6) (1,6) (1,6) (5,17) (1,2) (5,12) (1,13) (5,7) (1,6) (5,48) (1,8) (5,15) (1,5) (5,15) (1,2) (5,19) 
layer:1, node:MDDNode(1,u-18), in=5, out=18
split in: 5 -> (4,1)
split out: 18 -> (17,1,18)
add: MDDNode(1,u-98) MDDNode(1,u-99), del:MDDNode(1,u-18)
48 (4,12) (4,17) (4,26) (3,20) (3,10) (3,9) (3,11) (3,13) (3,30) (3,9) (3,13) (2,10) (2,3) (2,8) (2,2) (2,11) (1,6) (2,2) (1,2) (1,11) (2,3) (1,2) (1,6) (1,8) (1,4) (1,3) (1,8) (1,1) (1,2) (1,3) (1,6) (1,6) (1,6) (5,17) (1,2) (5,12) (1,13) (5,7) (1,6) (5,48) (1,8) (5,15) (1,5) (5,15) (1,2) (5,19) (1,1) (4,17) 
layer:1, node:MDDNode(1,u-85), in=5, out=17
split in: 5 -> (4,1)
split out: 17 -> (13,4,17)
add: MDDNode(1,u-100) MDDNode(1,u-101), del:MDDNode(1,u-85)
49 (4,12) (4,17) (4,26) (3,20) (3,10) (3,9) (3,11) (3,13) (3,30) (3,9) (3,13) (2,10) (2,3) (2,8) (2,2) (2,11) (1,6) (2,2) (1,2) (1,11) (2,3) (1,2) (1,6) (1,8) (1,4) (1,3) (1,8) (1,1) (1,2) (1,3) (1,6) (1,6) (1,6) (1,2) (5,12) (1,13) (5,7) (1,6) (5,48) (1,8) (5,15) (1,5) (5,15) (1,2) (5,19) (1,1) (4,17) (1,4) (4,13) 
layer:1, node:MDDNode(1,u-87), in=5, out=12
split in: 5 -> (4,1)
split out: 12 -> (12,2,14)
add: MDDNode(1,u-102) MDDNode(1,u-103), del:MDDNode(1,u-87)
50 (4,12) (4,17) (4,26) (3,20) (3,10) (3,9) (3,11) (3,13) (3,30) (3,9) (3,13) (2,10) (2,3) (2,8) (2,2) (2,11) (1,6) (2,2) (1,2) (1,11) (2,3) (1,2) (1,6) (1,8) (1,4) (1,3) (1,8) (1,1) (1,2) (1,3) (1,6) (1,6) (1,6) (1,2) (1,13) (5,7) (1,6) (5,48) (1,8) (5,15) (1,5) (5,15) (1,2) (5,19) (1,1) (4,17) (1,4) (4,13) (1,2) (4,12) 
layer:1, node:MDDNode(1,u-89), in=5, out=7
split in: 5 -> (4,1)
split out: 7 -> (5,2,7)
add: MDDNode(1,u-104) MDDNode(1,u-105), del:MDDNode(1,u-89)
51 (4,12) (4,17) (4,26) (3,20) (3,10) (3,9) (3,11) (3,13) (3,30) (3,9) (3,13) (2,10) (2,3) (2,8) (2,2) (2,11) (1,6) (2,2) (1,2) (1,11) (2,3) (1,2) (1,6) (1,8) (1,4) (1,3) (1,8) (1,1) (1,2) (1,3) (1,6) (1,6) (1,6) (1,2) (1,13) (1,6) (5,48) (1,8) (5,15) (1,5) (5,15) (1,2) (5,19) (1,1) (4,17) (1,4) (4,13) (1,2) (4,12) (1,2) (4,5) 
layer:1, node:MDDNode(1,u-91), in=5, out=48
split in: 5 -> (4,1)
split out: 48 -> (39,9,48)
add: MDDNode(1,u-106) MDDNode(1,u-107), del:MDDNode(1,u-91)
52 (4,12) (4,17) (4,26) (3,20) (3,10) (3,9) (3,11) (3,13) (3,30) (3,9) (3,13) (2,10) (2,3) (2,8) (2,2) (2,11) (1,6) (2,2) (1,2) (1,11) (2,3) (1,2) (1,6) (1,8) (1,4) (1,3) (1,8) (1,1) (1,2) (1,3) (1,6) (1,6) (1,6) (1,2) (1,13) (1,6) (1,8) (5,15) (1,5) (5,15) (1,2) (5,19) (1,1) (4,17) (1,4) (4,13) (1,2) (4,12) (1,2) (4,5) (1,9) (4,39) 
layer:1, node:MDDNode(1,u-93), in=5, out=15
choose: Cloud storage
split in: 5 -> (4,1)
split out: 15 -> (13,2,15)
add: MDDNode(1,u-108) MDDNode(1,u-109), del:MDDNode(1,u-93)
53 (4,12) (4,17) (4,26) (3,20) (3,10) (3,9) (3,11) (3,13) (3,30) (3,9) (3,13) (2,10) (2,3) (2,8) (2,2) (2,11) (1,6) (2,2) (1,2) (1,11) (2,3) (1,2) (1,6) (1,8) (1,4) (1,3) (1,8) (1,1) (1,2) (1,3) (1,6) (1,6) (1,6) (1,2) (1,13) (1,6) (1,8) (1,5) (5,15) (1,2) (5,19) (1,1) (4,17) (1,4) (4,13) (1,2) (4,12) (1,2) (4,5) (1,9) (4,39) (1,2) (4,13) 
layer:1, node:MDDNode(1,u-95), in=5, out=15
split in: 5 -> (4,1)
split out: 15 -> (13,3,16)
add: MDDNode(1,u-110) MDDNode(1,u-111), del:MDDNode(1,u-95)
54 (4,12) (4,17) (4,26) (3,20) (3,10) (3,9) (3,11) (3,13) (3,30) (3,9) (3,13) (2,10) (2,3) (2,8) (2,2) (2,11) (1,6) (2,2) (1,2) (1,11) (2,3) (1,2) (1,6) (1,8) (1,4) (1,3) (1,8) (1,1) (1,2) (1,3) (1,6) (1,6) (1,6) (1,2) (1,13) (1,6) (1,8) (1,5) (1,2) (5,19) (1,1) (4,17) (1,4) (4,13) (1,2) (4,12) (1,2) (4,5) (1,9) (4,39) (1,2) (4,13) (1,3) (4,13) 
layer:1, node:MDDNode(1,u-97), in=5, out=19
split in: 5 -> (4,1)
split out: 19 -> (11,8,19)
add: MDDNode(1,u-112) MDDNode(1,u-113), del:MDDNode(1,u-97)
55 (4,12) (4,17) (4,26) (3,20) (3,10) (3,9) (3,11) (3,13) (3,30) (3,9) (3,13) (2,10) (2,3) (2,8) (2,2) (2,11) (1,6) (2,2) (1,2) (1,11) (2,3) (1,2) (1,6) (1,8) (1,4) (1,3) (1,8) (1,1) (1,2) (1,3) (1,6) (1,6) (1,6) (1,2) (1,13) (1,6) (1,8) (1,5) (1,2) (1,1) (4,17) (1,4) (4,13) (1,2) (4,12) (1,2) (4,5) (1,9) (4,39) (1,2) (4,13) (1,3) (4,13) (1,8) (4,11) 
layer:1, node:MDDNode(1,u-20), in=4, out=12
split in: 4 -> (3,1)
split out: 12 -> (8,4,12)
add: MDDNode(1,u-114) MDDNode(1,u-115), del:MDDNode(1,u-20)
56 (4,17) (4,26) (3,20) (3,10) (3,9) (3,11) (3,13) (3,30) (3,9) (3,13) (2,10) (2,3) (2,8) (2,2) (2,11) (1,6) (2,2) (1,2) (1,11) (2,3) (1,2) (1,6) (1,8) (1,4) (1,3) (1,8) (1,1) (1,2) (1,3) (1,6) (1,6) (1,6) (1,2) (1,13) (1,6) (1,8) (1,5) (1,2) (1,1) (4,17) (1,4) (4,13) (1,2) (4,12) (1,2) (4,5) (1,9) (4,39) (1,2) (4,13) (1,3) (4,13) (1,8) (4,11) (1,4) (3,8) 
layer:1, node:MDDNode(1,u-22), in=4, out=17
split in: 4 -> (3,1)
split out: 17 -> (12,5,17)
add: MDDNode(1,u-116) MDDNode(1,u-117), del:MDDNode(1,u-22)
57 (4,26) (3,20) (3,10) (3,9) (3,11) (3,13) (3,30) (3,9) (3,13) (2,10) (2,3) (2,8) (2,2) (2,11) (1,6) (2,2) (1,2) (1,11) (2,3) (1,2) (1,6) (1,8) (1,4) (1,3) (1,8) (1,1) (1,2) (1,3) (1,6) (1,6) (1,6) (1,2) (1,13) (1,6) (1,8) (1,5) (1,2) (1,1) (4,17) (1,4) (4,13) (1,2) (4,12) (1,2) (4,5) (1,9) (4,39) (1,2) (4,13) (1,3) (4,13) (1,8) (4,11) (1,4) (3,8) (1,5) (3,12) 
layer:1, node:MDDNode(1,u-24), in=4, out=26
split in: 4 -> (3,1)
split out: 26 -> (25,5,30)
add: MDDNode(1,u-118) MDDNode(1,u-119), del:MDDNode(1,u-24)
58 (3,20) (3,10) (3,9) (3,11) (3,13) (3,30) (3,9) (3,13) (2,10) (2,3) (2,8) (2,2) (2,11) (1,6) (2,2) (1,2) (1,11) (2,3) (1,2) (1,6) (1,8) (1,4) (1,3) (1,8) (1,1) (1,2) (1,3) (1,6) (1,6) (1,6) (1,2) (1,13) (1,6) (1,8) (1,5) (1,2) (1,1) (4,17) (1,4) (4,13) (1,2) (4,12) (1,2) (4,5) (1,9) (4,39) (1,2) (4,13) (1,3) (4,13) (1,8) (4,11) (1,4) (3,8) (1,5) (3,12) (1,5) (3,25) 
layer:1, node:MDDNode(1,u-99), in=4, out=17
split in: 4 -> (3,1)
split out: 17 -> (12,5,17)
add: MDDNode(1,u-120) MDDNode(1,u-121), del:MDDNode(1,u-99)
59 (3,20) (3,10) (3,9) (3,11) (3,13) (3,30) (3,9) (3,13) (2,10) (2,3) (2,8) (2,2) (2,11) (1,6) (2,2) (1,2) (1,11) (2,3) (1,2) (1,6) (1,8) (1,4) (1,3) (1,8) (1,1) (1,2) (1,3) (1,6) (1,6) (1,6) (1,2) (1,13) (1,6) (1,8) (1,5) (1,2) (1,1) (1,4) (4,13) (1,2) (4,12) (1,2) (4,5) (1,9) (4,39) (1,2) (4,13) (1,3) (4,13) (1,8) (4,11) (1,4) (3,8) (1,5) (3,12) (1,5) (3,25) (1,5) (3,12) 
layer:1, node:MDDNode(1,u-101), in=4, out=13
split in: 4 -> (3,1)
split out: 13 -> (11,2,13)
add: MDDNode(1,u-122) MDDNode(1,u-123), del:MDDNode(1,u-101)
60 (3,20) (3,10) (3,9) (3,11) (3,13) (3,30) (3,9) (3,13) (2,10) (2,3) (2,8) (2,2) (2,11) (1,6) (2,2) (1,2) (1,11) (2,3) (1,2) (1,6) (1,8) (1,4) (1,3) (1,8) (1,1) (1,2) (1,3) (1,6) (1,6) (1,6) (1,2) (1,13) (1,6) (1,8) (1,5) (1,2) (1,1) (1,4) (1,2) (4,12) (1,2) (4,5) (1,9) (4,39) (1,2) (4,13) (1,3) (4,13) (1,8) (4,11) (1,4) (3,8) (1,5) (3,12) (1,5) (3,25) (1,5) (3,12) (1,2) (3,11) 
layer:3, node:MDDNode(3,u_3), in=88, out=161
choose: Notifications
split in: 88 -> (81,7)
split out: 161 -> (154,9,163)
add: MDDNode(3,u-124) MDDNode(3,u-125), del:MDDNode(3,u_3)
2 (7,9) (81,154) 
layer:3, node:MDDNode(3,u-125), in=81, out=154
choose: Bookmarking
split in: 81 -> (75,6)
split out: 154 -> (148,7,155)
add: MDDNode(3,u-126) MDDNode(3,u-127), del:MDDNode(3,u-125)
3 (7,9) (6,7) (75,148) 
layer:3, node:MDDNode(3,u-127), in=75, out=148
choose: Others
split in: 75 -> (69,6)
split out: 148 -> (138,12,150)
add: MDDNode(3,u-128) MDDNode(3,u-129), del:MDDNode(3,u-127)
4 (7,9) (6,7) (6,12) (69,138) 
layer:3, node:MDDNode(3,u-129), in=69, out=138
choose: Social networks
split in: 69 -> (63,6)
split out: 138 -> (125,14,139)
add: MDDNode(3,u-130) MDDNode(3,u-131), del:MDDNode(3,u-129)
5 (7,9) (6,7) (6,12) (6,14) (63,125) 
layer:3, node:MDDNode(3,u-131), in=63, out=125
choose: Photo & video
split in: 63 -> (59,4)
split out: 125 -> (121,4,125)
add: MDDNode(3,u-132) MDDNode(3,u-133), del:MDDNode(3,u-131)
6 (7,9) (6,7) (6,12) (6,14) (4,4) (59,121) 
layer:3, node:MDDNode(3,u-133), in=59, out=121
choose: Mobile devices & accessories
split in: 59 -> (55,4)
split out: 121 -> (116,7,123)
add: MDDNode(3,u-134) MDDNode(3,u-135), del:MDDNode(3,u-133)
7 (7,9) (6,7) (6,12) (6,14) (4,4) (4,7) (55,116) 
layer:3, node:MDDNode(3,u-135), in=55, out=116
choose: Cloud storage
split in: 55 -> (51,4)
split out: 116 -> (109,7,116)
add: MDDNode(3,u-136) MDDNode(3,u-137), del:MDDNode(3,u-135)
8 (7,9) (6,7) (6,12) (6,14) (4,4) (4,7) (4,7) (51,109) 
layer:3, node:MDDNode(3,u-137), in=51, out=109
choose: Security & monitoring systems
split in: 51 -> (47,4)
split out: 109 -> (92,17,109)
add: MDDNode(3,u-138) MDDNode(3,u-139), del:MDDNode(3,u-137)
9 (7,9) (6,7) (6,12) (6,14) (4,4) (4,7) (4,7) (4,17) (47,92) 
layer:3, node:MDDNode(3,u-139), in=47, out=92
choose: Power monitoring & management
split in: 47 -> (43,4)
split out: 92 -> (88,9,97)
add: MDDNode(3,u-140) MDDNode(3,u-141), del:MDDNode(3,u-139)
10 (7,9) (6,7) (6,12) (6,14) (4,4) (4,7) (4,7) (4,17) (4,9) (43,88) 
layer:3, node:MDDNode(3,u-141), in=43, out=88
choose: Email
split in: 43 -> (39,4)
split out: 88 -> (83,5,88)
add: MDDNode(3,u-142) MDDNode(3,u-143), del:MDDNode(3,u-141)
11 (7,9) (6,7) (6,12) (6,14) (4,4) (4,7) (4,7) (4,17) (4,9) (4,5) (39,83) 
layer:3, node:MDDNode(3,u-143), in=39, out=83
choose: Communication
split in: 39 -> (35,4)
split out: 83 -> (79,4,83)
add: MDDNode(3,u-144) MDDNode(3,u-145), del:MDDNode(3,u-143)
12 (7,9) (6,7) (6,12) (6,14) (4,4) (4,7) (4,7) (4,17) (4,9) (4,5) (4,4) (35,79) 
layer:3, node:MDDNode(3,u-145), in=35, out=79
choose: Environment control & monitoring
split in: 35 -> (31,4)
split out: 79 -> (69,10,79)
add: MDDNode(3,u-146) MDDNode(3,u-147), del:MDDNode(3,u-145)
13 (7,9) (6,7) (6,12) (6,14) (4,4) (4,7) (4,7) (4,17) (4,9) (4,5) (4,4) (4,10) (31,69) 
layer:3, node:MDDNode(3,u-147), in=31, out=69
choose: Blogging
split in: 31 -> (28,3)
split out: 69 -> (62,7,69)
add: MDDNode(3,u-148) MDDNode(3,u-149), del:MDDNode(3,u-147)
14 (7,9) (6,7) (6,12) (6,14) (4,4) (4,7) (4,7) (4,17) (4,9) (4,5) (4,4) (4,10) (3,7) (28,62) 
layer:3, node:MDDNode(3,u-149), in=28, out=62
choose: Health & fitness
split in: 28 -> (25,3)
split out: 62 -> (60,3,63)
add: MDDNode(3,u-150) MDDNode(3,u-151), del:MDDNode(3,u-149)
15 (7,9) (6,7) (6,12) (6,14) (4,4) (4,7) (4,7) (4,17) (4,9) (4,5) (4,4) (4,10) (3,7) (3,3) (25,60) 
layer:3, node:MDDNode(3,u-151), in=25, out=60
choose: Smart hubs & systems
split in: 25 -> (22,3)
split out: 60 -> (51,9,60)
add: MDDNode(3,u-152) MDDNode(3,u-153), del:MDDNode(3,u-151)
16 (7,9) (6,7) (6,12) (6,14) (4,4) (4,7) (4,7) (4,17) (4,9) (4,5) (4,4) (4,10) (3,7) (3,3) (3,9) (22,51) 
layer:3, node:MDDNode(3,u-153), in=22, out=51
choose: Business tools
split in: 22 -> (20,2)
split out: 51 -> (48,3,51)
add: MDDNode(3,u-154) MDDNode(3,u-155), del:MDDNode(3,u-153)
17 (7,9) (6,7) (6,12) (6,14) (4,4) (4,7) (4,7) (4,17) (4,9) (4,5) (4,4) (4,10) (3,7) (3,3) (3,9) (2,3) (20,48) 
layer:3, node:MDDNode(3,u-155), in=20, out=48
choose: Notes
split in: 20 -> (18,2)
split out: 48 -> (39,9,48)
add: MDDNode(3,u-156) MDDNode(3,u-157), del:MDDNode(3,u-155)
18 (7,9) (6,7) (6,12) (6,14) (4,4) (4,7) (4,7) (4,17) (4,9) (4,5) (4,4) (4,10) (3,7) (3,3) (3,9) (2,3) (2,9) (18,39) 
layer:3, node:MDDNode(3,u-157), in=18, out=39
choose: News & information
split in: 18 -> (16,2)
split out: 39 -> (36,3,39)
add: MDDNode(3,u-158) MDDNode(3,u-159), del:MDDNode(3,u-157)
19 (7,9) (6,7) (6,12) (6,14) (4,4) (4,7) (4,7) (4,17) (4,9) (4,5) (4,4) (4,10) (3,7) (3,3) (3,9) (2,3) (2,9) (2,3) (16,36) 
layer:3, node:MDDNode(3,u-159), in=16, out=36
choose: Task management & to-dos
split in: 16 -> (14,2)
split out: 36 -> (34,3,37)
add: MDDNode(3,u-160) MDDNode(3,u-161), del:MDDNode(3,u-159)
20 (7,9) (6,7) (6,12) (6,14) (4,4) (4,7) (4,7) (4,17) (4,9) (4,5) (4,4) (4,10) (3,7) (3,3) (3,9) (2,3) (2,9) (2,3) (2,3) (14,34) 
layer:3, node:MDDNode(3,u-161), in=14, out=34
choose: Lighting
split in: 14 -> (12,2)
split out: 34 -> (22,13,35)
add: MDDNode(3,u-162) MDDNode(3,u-163), del:MDDNode(3,u-161)
21 (7,9) (6,7) (6,12) (6,14) (4,4) (4,7) (4,7) (4,17) (4,9) (4,5) (4,4) (4,10) (3,7) (3,3) (3,9) (2,3) (2,9) (2,3) (2,3) (2,13) (12,22) 
layer:3, node:MDDNode(3,u-163), in=12, out=22
choose: Developer tools
split in: 12 -> (10,2)
split out: 22 -> (19,3,22)
add: MDDNode(3,u-164) MDDNode(3,u-165), del:MDDNode(3,u-163)
22 (7,9) (6,7) (6,12) (6,14) (4,4) (4,7) (4,7) (4,17) (4,9) (4,5) (4,4) (4,10) (3,7) (3,3) (3,9) (2,3) (2,9) (2,3) (2,3) (2,13) (2,3) (10,19) 
layer:3, node:MDDNode(3,u-165), in=10, out=19
choose: Music
split in: 10 -> (9,1)
split out: 19 -> (17,2,19)
add: MDDNode(3,u-166) MDDNode(3,u-167), del:MDDNode(3,u-165)
23 (7,9) (6,7) (6,12) (6,14) (4,4) (4,7) (4,7) (4,17) (4,9) (4,5) (4,4) (4,10) (3,7) (3,3) (3,9) (2,3) (2,9) (2,3) (2,3) (2,13) (2,3) (1,2) (9,17) 
layer:3, node:MDDNode(3,u-167), in=9, out=17
choose: Pet trackers
split in: 9 -> (8,1)
split out: 17 -> (15,2,17)
add: MDDNode(3,u-168) MDDNode(3,u-169), del:MDDNode(3,u-167)
24 (7,9) (6,7) (6,12) (6,14) (4,4) (4,7) (4,7) (4,17) (4,9) (4,5) (4,4) (4,10) (3,7) (3,3) (3,9) (2,3) (2,9) (2,3) (2,3) (2,13) (2,3) (1,2) (1,2) (8,15) 
layer:3, node:MDDNode(3,u-169), in=8, out=15
choose: Routers & computer accessories
split in: 8 -> (7,1)
split out: 15 -> (14,1,15)
add: MDDNode(3,u-170) MDDNode(3,u-171), del:MDDNode(3,u-169)
25 (7,9) (6,7) (6,12) (6,14) (4,4) (4,7) (4,7) (4,17) (4,9) (4,5) (4,4) (4,10) (3,7) (3,3) (3,9) (2,3) (2,9) (2,3) (2,3) (2,13) (2,3) (1,2) (1,2) (1,1) (7,14) 
layer:3, node:MDDNode(3,u-124), in=7, out=9
split in: 7 -> (6,1)
split out: 9 -> (9,1,10)
add: MDDNode(3,u-172) MDDNode(3,u-173), del:MDDNode(3,u-124)
26 (6,7) (6,12) (6,14) (4,4) (4,7) (4,7) (4,17) (4,9) (4,5) (4,4) (4,10) (3,7) (3,3) (3,9) (2,3) (2,9) (2,3) (2,3) (2,13) (2,3) (1,2) (1,2) (1,1) (7,14) (1,1) (6,9) 
layer:3, node:MDDNode(3,u-171), in=7, out=14
choose: Journaling & personal data
split in: 7 -> (6,1)
split out: 14 -> (10,4,14)
add: MDDNode(3,u-174) MDDNode(3,u-175), del:MDDNode(3,u-171)
27 (6,7) (6,12) (6,14) (4,4) (4,7) (4,7) (4,17) (4,9) (4,5) (4,4) (4,10) (3,7) (3,3) (3,9) (2,3) (2,9) (2,3) (2,3) (2,13) (2,3) (1,2) (1,2) (1,1) (1,1) (6,9) (1,4) (6,10) 
layer:3, node:MDDNode(3,u-126), in=6, out=7
split in: 6 -> (5,1)
split out: 7 -> (5,2,7)
add: MDDNode(3,u-176) MDDNode(3,u-177), del:MDDNode(3,u-126)
28 (6,12) (6,14) (4,4) (4,7) (4,7) (4,17) (4,9) (4,5) (4,4) (4,10) (3,7) (3,3) (3,9) (2,3) (2,9) (2,3) (2,3) (2,13) (2,3) (1,2) (1,2) (1,1) (1,1) (6,9) (1,4) (6,10) (1,2) (5,5) 
layer:3, node:MDDNode(3,u-128), in=6, out=12
split in: 6 -> (5,1)
split out: 12 -> (8,4,12)
add: MDDNode(3,u-178) MDDNode(3,u-179), del:MDDNode(3,u-128)
29 (6,14) (4,4) (4,7) (4,7) (4,17) (4,9) (4,5) (4,4) (4,10) (3,7) (3,3) (3,9) (2,3) (2,9) (2,3) (2,3) (2,13) (2,3) (1,2) (1,2) (1,1) (1,1) (6,9) (1,4) (6,10) (1,2) (5,5) (1,4) (5,8) 
layer:3, node:MDDNode(3,u-130), in=6, out=14
split in: 6 -> (5,1)
split out: 14 -> (12,2,14)
add: MDDNode(3,u-180) MDDNode(3,u-181), del:MDDNode(3,u-130)
30 (4,4) (4,7) (4,7) (4,17) (4,9) (4,5) (4,4) (4,10) (3,7) (3,3) (3,9) (2,3) (2,9) (2,3) (2,3) (2,13) (2,3) (1,2) (1,2) (1,1) (1,1) (6,9) (1,4) (6,10) (1,2) (5,5) (1,4) (5,8) (1,2) (5,12) 
layer:3, node:MDDNode(3,u-173), in=6, out=9
split in: 6 -> (5,1)
split out: 9 -> (5,4,9)
add: MDDNode(3,u-182) MDDNode(3,u-183), del:MDDNode(3,u-173)
31 (4,4) (4,7) (4,7) (4,17) (4,9) (4,5) (4,4) (4,10) (3,7) (3,3) (3,9) (2,3) (2,9) (2,3) (2,3) (2,13) (2,3) (1,2) (1,2) (1,1) (1,1) (1,4) (6,10) (1,2) (5,5) (1,4) (5,8) (1,2) (5,12) (1,4) (5,5) 
layer:3, node:MDDNode(3,u-175), in=6, out=10
choose: DIY electronics
split in: 6 -> (5,1)
split out: 10 -> (8,2,10)
add: MDDNode(3,u-184) MDDNode(3,u-185), del:MDDNode(3,u-175)
32 (4,4) (4,7) (4,7) (4,17) (4,9) (4,5) (4,4) (4,10) (3,7) (3,3) (3,9) (2,3) (2,9) (2,3) (2,3) (2,13) (2,3) (1,2) (1,2) (1,1) (1,1) (1,4) (1,2) (5,5) (1,4) (5,8) (1,2) (5,12) (1,4) (5,5) (1,2) (5,8) 
layer:3, node:MDDNode(3,u-177), in=5, out=5
split in: 5 -> (4,1)
split out: 5 -> (5,2,7)
add: MDDNode(3,u-186) MDDNode(3,u-187), del:MDDNode(3,u-177)
33 (4,4) (4,7) (4,7) (4,17) (4,9) (4,5) (4,4) (4,10) (3,7) (3,3) (3,9) (2,3) (2,9) (2,3) (2,3) (2,13) (2,3) (1,2) (1,2) (1,1) (1,1) (1,4) (1,2) (1,4) (5,8) (1,2) (5,12) (1,4) (5,5) (1,2) (5,8) (1,2) (4,5) 
layer:3, node:MDDNode(3,u-179), in=5, out=8
split in: 5 -> (4,1)
split out: 8 -> (7,1,8)
add: MDDNode(3,u-188) MDDNode(3,u-189), del:MDDNode(3,u-179)
34 (4,4) (4,7) (4,7) (4,17) (4,9) (4,5) (4,4) (4,10) (3,7) (3,3) (3,9) (2,3) (2,9) (2,3) (2,3) (2,13) (2,3) (1,2) (1,2) (1,1) (1,1) (1,4) (1,2) (1,4) (1,2) (5,12) (1,4) (5,5) (1,2) (5,8) (1,2) (4,5) (1,1) (4,7) 
layer:3, node:MDDNode(3,u-181), in=5, out=12
split in: 5 -> (4,1)
split out: 12 -> (6,6,12)
add: MDDNode(3,u-190) MDDNode(3,u-191), del:MDDNode(3,u-181)
35 (4,4) (4,7) (4,7) (4,17) (4,9) (4,5) (4,4) (4,10) (3,7) (3,3) (3,9) (2,3) (2,9) (2,3) (2,3) (2,13) (2,3) (1,2) (1,2) (1,1) (1,1) (1,4) (1,2) (1,4) (1,2) (1,4) (5,5) (1,2) (5,8) (1,2) (4,5) (1,1) (4,7) (1,6) (4,6) 
layer:3, node:MDDNode(3,u-183), in=5, out=5
split in: 5 -> (4,1)
split out: 5 -> (5,1,6)
add: MDDNode(3,u-192) MDDNode(3,u-193), del:MDDNode(3,u-183)
36 (4,4) (4,7) (4,7) (4,17) (4,9) (4,5) (4,4) (4,10) (3,7) (3,3) (3,9) (2,3) (2,9) (2,3) (2,3) (2,13) (2,3) (1,2) (1,2) (1,1) (1,1) (1,4) (1,2) (1,4) (1,2) (1,4) (1,2) (5,8) (1,2) (4,5) (1,1) (4,7) (1,6) (4,6) (1,1) (4,5) 
layer:3, node:MDDNode(3,u-185), in=5, out=8
choose: Clocks & displays
split in: 5 -> (4,1)
split out: 8 -> (7,1,8)
add: MDDNode(3,u-194) MDDNode(3,u-195), del:MDDNode(3,u-185)
37 (4,4) (4,7) (4,7) (4,17) (4,9) (4,5) (4,4) (4,10) (3,7) (3,3) (3,9) (2,3) (2,9) (2,3) (2,3) (2,13) (2,3) (1,2) (1,2) (1,1) (1,1) (1,4) (1,2) (1,4) (1,2) (1,4) (1,2) (1,2) (4,5) (1,1) (4,7) (1,6) (4,6) (1,1) (4,5) (1,1) (4,7) 
layer:3, node:MDDNode(3,u-132), in=4, out=4
split in: 4 -> (3,1)
split out: 4 -> (3,1,4)
add: MDDNode(3,u-196) MDDNode(3,u-197), del:MDDNode(3,u-132)
38 (4,7) (4,7) (4,17) (4,9) (4,5) (4,4) (4,10) (3,7) (3,3) (3,9) (2,3) (2,9) (2,3) (2,3) (2,13) (2,3) (1,2) (1,2) (1,1) (1,1) (1,4) (1,2) (1,4) (1,2) (1,4) (1,2) (1,2) (4,5) (1,1) (4,7) (1,6) (4,6) (1,1) (4,5) (1,1) (4,7) (1,1) (3,3) 
layer:3, node:MDDNode(3,u-134), in=4, out=7
split in: 4 -> (3,1)
split out: 7 -> (6,1,7)
add: MDDNode(3,u-198) MDDNode(3,u-199), del:MDDNode(3,u-134)
39 (4,7) (4,17) (4,9) (4,5) (4,4) (4,10) (3,7) (3,3) (3,9) (2,3) (2,9) (2,3) (2,3) (2,13) (2,3) (1,2) (1,2) (1,1) (1,1) (1,4) (1,2) (1,4) (1,2) (1,4) (1,2) (1,2) (4,5) (1,1) (4,7) (1,6) (4,6) (1,1) (4,5) (1,1) (4,7) (1,1) (3,3) (1,1) (3,6) 
layer:3, node:MDDNode(3,u-136), in=4, out=7
split in: 4 -> (3,1)
split out: 7 -> (4,4,8)
add: MDDNode(3,u-200) MDDNode(3,u-201), del:MDDNode(3,u-136)
40 (4,17) (4,9) (4,5) (4,4) (4,10) (3,7) (3,3) (3,9) (2,3) (2,9) (2,3) (2,3) (2,13) (2,3) (1,2) (1,2) (1,1) (1,1) (1,4) (1,2) (1,4) (1,2) (1,4) (1,2) (1,2) (4,5) (1,1) (4,7) (1,6) (4,6) (1,1) (4,5) (1,1) (4,7) (1,1) (3,3) (1,1) (3,6) (1,4) (3,4) 
layer:3, node:MDDNode(3,u-138), in=4, out=17
split in: 4 -> (3,1)
split out: 17 -> (16,1,17)
add: MDDNode(3,u-202) MDDNode(3,u-203), del:MDDNode(3,u-138)
41 (4,9) (4,5) (4,4) (4,10) (3,7) (3,3) (3,9) (2,3) (2,9) (2,3) (2,3) (2,13) (2,3) (1,2) (1,2) (1,1) (1,1) (1,4) (1,2) (1,4) (1,2) (1,4) (1,2) (1,2) (4,5) (1,1) (4,7) (1,6) (4,6) (1,1) (4,5) (1,1) (4,7) (1,1) (3,3) (1,1) (3,6) (1,4) (3,4) (1,1) (3,16) 
layer:3, node:MDDNode(3,u-140), in=4, out=9
split in: 4 -> (3,1)
split out: 9 -> (9,4,13)
add: MDDNode(3,u-204) MDDNode(3,u-205), del:MDDNode(3,u-140)
42 (4,5) (4,4) (4,10) (3,7) (3,3) (3,9) (2,3) (2,9) (2,3) (2,3) (2,13) (2,3) (1,2) (1,2) (1,1) (1,1) (1,4) (1,2) (1,4) (1,2) (1,4) (1,2) (1,2) (4,5) (1,1) (4,7) (1,6) (4,6) (1,1) (4,5) (1,1) (4,7) (1,1) (3,3) (1,1) (3,6) (1,4) (3,4) (1,1) (3,16) (1,4) (3,9) 
layer:3, node:MDDNode(3,u-142), in=4, out=5
split in: 4 -> (3,1)
split out: 5 -> (4,1,5)
add: MDDNode(3,u-206) MDDNode(3,u-207), del:MDDNode(3,u-142)
43 (4,4) (4,10) (3,7) (3,3) (3,9) (2,3) (2,9) (2,3) (2,3) (2,13) (2,3) (1,2) (1,2) (1,1) (1,1) (1,4) (1,2) (1,4) (1,2) (1,4) (1,2) (1,2) (4,5) (1,1) (4,7) (1,6) (4,6) (1,1) (4,5) (1,1) (4,7) (1,1) (3,3) (1,1) (3,6) (1,4) (3,4) (1,1) (3,16) (1,4) (3,9) (1,1) (3,4) 
layer:3, node:MDDNode(3,u-144), in=4, out=4
split in: 4 -> (3,1)
split out: 4 -> (3,1,4)
add: MDDNode(3,u-208) MDDNode(3,u-209), del:MDDNode(3,u-144)
44 (4,10) (3,7) (3,3) (3,9) (2,3) (2,9) (2,3) (2,3) (2,13) (2,3) (1,2) (1,2) (1,1) (1,1) (1,4) (1,2) (1,4) (1,2) (1,4) (1,2) (1,2) (4,5) (1,1) (4,7) (1,6) (4,6) (1,1) (4,5) (1,1) (4,7) (1,1) (3,3) (1,1) (3,6) (1,4) (3,4) (1,1) (3,16) (1,4) (3,9) (1,1) (3,4) (1,1) (3,3) 
layer:3, node:MDDNode(3,u-146), in=4, out=10
split in: 4 -> (3,1)
split out: 10 -> (8,2,10)
add: MDDNode(3,u-210) MDDNode(3,u-211), del:MDDNode(3,u-146)
45 (3,7) (3,3) (3,9) (2,3) (2,9) (2,3) (2,3) (2,13) (2,3) (1,2) (1,2) (1,1) (1,1) (1,4) (1,2) (1,4) (1,2) (1,4) (1,2) (1,2) (4,5) (1,1) (4,7) (1,6) (4,6) (1,1) (4,5) (1,1) (4,7) (1,1) (3,3) (1,1) (3,6) (1,4) (3,4) (1,1) (3,16) (1,4) (3,9) (1,1) (3,4) (1,1) (3,3) (1,2) (3,8) 
layer:3, node:MDDNode(3,u-187), in=4, out=5
split in: 4 -> (3,1)
split out: 5 -> (4,1,5)
add: MDDNode(3,u-212) MDDNode(3,u-213), del:MDDNode(3,u-187)
46 (3,7) (3,3) (3,9) (2,3) (2,9) (2,3) (2,3) (2,13) (2,3) (1,2) (1,2) (1,1) (1,1) (1,4) (1,2) (1,4) (1,2) (1,4) (1,2) (1,2) (1,1) (4,7) (1,6) (4,6) (1,1) (4,5) (1,1) (4,7) (1,1) (3,3) (1,1) (3,6) (1,4) (3,4) (1,1) (3,16) (1,4) (3,9) (1,1) (3,4) (1,1) (3,3) (1,2) (3,8) (1,1) (3,4) 
layer:3, node:MDDNode(3,u-189), in=4, out=7
split in: 4 -> (3,1)
split out: 7 -> (5,2,7)
add: MDDNode(3,u-214) MDDNode(3,u-215), del:MDDNode(3,u-189)
47 (3,7) (3,3) (3,9) (2,3) (2,9) (2,3) (2,3) (2,13) (2,3) (1,2) (1,2) (1,1) (1,1) (1,4) (1,2) (1,4) (1,2) (1,4) (1,2) (1,2) (1,1) (1,6) (4,6) (1,1) (4,5) (1,1) (4,7) (1,1) (3,3) (1,1) (3,6) (1,4) (3,4) (1,1) (3,16) (1,4) (3,9) (1,1) (3,4) (1,1) (3,3) (1,2) (3,8) (1,1) (3,4) (1,2) (3,5) 
layer:3, node:MDDNode(3,u-191), in=4, out=6
split in: 4 -> (3,1)
split out: 6 -> (5,1,6)
add: MDDNode(3,u-216) MDDNode(3,u-217), del:MDDNode(3,u-191)
48 (3,7) (3,3) (3,9) (2,3) (2,9) (2,3) (2,3) (2,13) (2,3) (1,2) (1,2) (1,1) (1,1) (1,4) (1,2) (1,4) (1,2) (1,4) (1,2) (1,2) (1,1) (1,6) (1,1) (4,5) (1,1) (4,7) (1,1) (3,3) (1,1) (3,6) (1,4) (3,4) (1,1) (3,16) (1,4) (3,9) (1,1) (3,4) (1,1) (3,3) (1,2) (3,8) (1,1) (3,4) (1,2) (3,5) (1,1) (3,5) 
layer:3, node:MDDNode(3,u-193), in=4, out=5
split in: 4 -> (3,1)
split out: 5 -> (4,1,5)
add: MDDNode(3,u-218) MDDNode(3,u-219), del:MDDNode(3,u-193)
49 (3,7) (3,3) (3,9) (2,3) (2,9) (2,3) (2,3) (2,13) (2,3) (1,2) (1,2) (1,1) (1,1) (1,4) (1,2) (1,4) (1,2) (1,4) (1,2) (1,2) (1,1) (1,6) (1,1) (1,1) (4,7) (1,1) (3,3) (1,1) (3,6) (1,4) (3,4) (1,1) (3,16) (1,4) (3,9) (1,1) (3,4) (1,1) (3,3) (1,2) (3,8) (1,1) (3,4) (1,2) (3,5) (1,1) (3,5) (1,1) (3,4) 
layer:3, node:MDDNode(3,u-195), in=4, out=7
choose: Calendars & scheduling
split in: 4 -> (3,1)
split out: 7 -> (6,1,7)
add: MDDNode(3,u-220) MDDNode(3,u-221), del:MDDNode(3,u-195)
50 (3,7) (3,3) (3,9) (2,3) (2,9) (2,3) (2,3) (2,13) (2,3) (1,2) (1,2) (1,1) (1,1) (1,4) (1,2) (1,4) (1,2) (1,4) (1,2) (1,2) (1,1) (1,6) (1,1) (1,1) (1,1) (3,3) (1,1) (3,6) (1,4) (3,4) (1,1) (3,16) (1,4) (3,9) (1,1) (3,4) (1,1) (3,3) (1,2) (3,8) (1,1) (3,4) (1,2) (3,5) (1,1) (3,5) (1,1) (3,4) (1,1) (3,6) 
layer:3, node:MDDNode(3,u-148), in=3, out=7
split in: 3 -> (2,1)
split out: 7 -> (2,6,8)
add: MDDNode(3,u-222) MDDNode(3,u-223), del:MDDNode(3,u-148)
51 (3,3) (3,9) (2,3) (2,9) (2,3) (2,3) (2,13) (2,3) (1,2) (1,2) (1,1) (1,1) (1,4) (1,2) (1,4) (1,2) (1,4) (1,2) (1,2) (1,1) (1,6) (1,1) (1,1) (1,1) (3,3) (1,1) (3,6) (1,4) (3,4) (1,1) (3,16) (1,4) (3,9) (1,1) (3,4) (1,1) (3,3) (1,2) (3,8) (1,1) (3,4) (1,2) (3,5) (1,1) (3,5) (1,1) (3,4) (1,1) (3,6) (1,6) (2,2) 
layer:3, node:MDDNode(3,u-150), in=3, out=3
split in: 3 -> (2,1)
split out: 3 -> (2,2,4)
add: MDDNode(3,u-224) MDDNode(3,u-225), del:MDDNode(3,u-150)
52 (3,9) (2,3) (2,9) (2,3) (2,3) (2,13) (2,3) (1,2) (1,2) (1,1) (1,1) (1,4) (1,2) (1,4) (1,2) (1,4) (1,2) (1,2) (1,1) (1,6) (1,1) (1,1) (1,1) (3,3) (1,1) (3,6) (1,4) (3,4) (1,1) (3,16) (1,4) (3,9) (1,1) (3,4) (1,1) (3,3) (1,2) (3,8) (1,1) (3,4) (1,2) (3,5) (1,1) (3,5) (1,1) (3,4) (1,1) (3,6) (1,6) (2,2) (1,2) (2,2) 
layer:3, node:MDDNode(3,u-152), in=3, out=9
split in: 3 -> (2,1)
split out: 9 -> (3,6,9)
add: MDDNode(3,u-226) MDDNode(3,u-227), del:MDDNode(3,u-152)
53 (2,3) (2,9) (2,3) (2,3) (2,13) (2,3) (1,2) (1,2) (1,1) (1,1) (1,4) (1,2) (1,4) (1,2) (1,4) (1,2) (1,2) (1,1) (1,6) (1,1) (1,1) (1,1) (3,3) (1,1) (3,6) (1,4) (3,4) (1,1) (3,16) (1,4) (3,9) (1,1) (3,4) (1,1) (3,3) (1,2) (3,8) (1,1) (3,4) (1,2) (3,5) (1,1) (3,5) (1,1) (3,4) (1,1) (3,6) (1,6) (2,2) (1,2) (2,2) (1,6) (2,3) 
layer:3, node:MDDNode(3,u-197), in=3, out=3
split in: 3 -> (2,1)
split out: 3 -> (2,1,3)
add: MDDNode(3,u-228) MDDNode(3,u-229), del:MDDNode(3,u-197)
54 (2,3) (2,9) (2,3) (2,3) (2,13) (2,3) (1,2) (1,2) (1,1) (1,1) (1,4) (1,2) (1,4) (1,2) (1,4) (1,2) (1,2) (1,1) (1,6) (1,1) (1,1) (1,1) (1,1) (3,6) (1,4) (3,4) (1,1) (3,16) (1,4) (3,9) (1,1) (3,4) (1,1) (3,3) (1,2) (3,8) (1,1) (3,4) (1,2) (3,5) (1,1) (3,5) (1,1) (3,4) (1,1) (3,6) (1,6) (2,2) (1,2) (2,2) (1,6) (2,3) (1,1) (2,2) 
layer:3, node:MDDNode(3,u-199), in=3, out=6
split in: 3 -> (2,1)
split out: 6 -> (4,2,6)
add: MDDNode(3,u-230) MDDNode(3,u-231), del:MDDNode(3,u-199)
55 (2,3) (2,9) (2,3) (2,3) (2,13) (2,3) (1,2) (1,2) (1,1) (1,1) (1,4) (1,2) (1,4) (1,2) (1,4) (1,2) (1,2) (1,1) (1,6) (1,1) (1,1) (1,1) (1,1) (1,4) (3,4) (1,1) (3,16) (1,4) (3,9) (1,1) (3,4) (1,1) (3,3) (1,2) (3,8) (1,1) (3,4) (1,2) (3,5) (1,1) (3,5) (1,1) (3,4) (1,1) (3,6) (1,6) (2,2) (1,2) (2,2) (1,6) (2,3) (1,1) (2,2) (1,2) (2,4) 
layer:3, node:MDDNode(3,u-201), in=3, out=4
split in: 3 -> (2,1)
split out: 4 -> (4,3,7)
add: MDDNode(3,u-232) MDDNode(3,u-233), del:MDDNode(3,u-201)
56 (2,3) (2,9) (2,3) (2,3) (2,13) (2,3) (1,2) (1,2) (1,1) (1,1) (1,4) (1,2) (1,4) (1,2) (1,4) (1,2) (1,2) (1,1) (1,6) (1,1) (1,1) (1,1) (1,1) (1,4) (1,1) (3,16) (1,4) (3,9) (1,1) (3,4) (1,1) (3,3) (1,2) (3,8) (1,1) (3,4) (1,2) (3,5) (1,1) (3,5) (1,1) (3,4) (1,1) (3,6) (1,6) (2,2) (1,2) (2,2) (1,6) (2,3) (1,1) (2,2) (1,2) (2,4) (1,3) (2,4) 
layer:3, node:MDDNode(3,u-203), in=3, out=16
split in: 3 -> (2,1)
split out: 16 -> (12,4,16)
add: MDDNode(3,u-234) MDDNode(3,u-235), del:MDDNode(3,u-203)
57 (2,3) (2,9) (2,3) (2,3) (2,13) (2,3) (1,2) (1,2) (1,1) (1,1) (1,4) (1,2) (1,4) (1,2) (1,4) (1,2) (1,2) (1,1) (1,6) (1,1) (1,1) (1,1) (1,1) (1,4) (1,1) (1,4) (3,9) (1,1) (3,4) (1,1) (3,3) (1,2) (3,8) (1,1) (3,4) (1,2) (3,5) (1,1) (3,5) (1,1) (3,4) (1,1) (3,6) (1,6) (2,2) (1,2) (2,2) (1,6) (2,3) (1,1) (2,2) (1,2) (2,4) (1,3) (2,4) (1,4) (2,12) 
layer:3, node:MDDNode(3,u-205), in=3, out=9
split in: 3 -> (2,1)
split out: 9 -> (5,5,10)
add: MDDNode(3,u-236) MDDNode(3,u-237), del:MDDNode(3,u-205)
58 (2,3) (2,9) (2,3) (2,3) (2,13) (2,3) (1,2) (1,2) (1,1) (1,1) (1,4) (1,2) (1,4) (1,2) (1,4) (1,2) (1,2) (1,1) (1,6) (1,1) (1,1) (1,1) (1,1) (1,4) (1,1) (1,4) (1,1) (3,4) (1,1) (3,3) (1,2) (3,8) (1,1) (3,4) (1,2) (3,5) (1,1) (3,5) (1,1) (3,4) (1,1) (3,6) (1,6) (2,2) (1,2) (2,2) (1,6) (2,3) (1,1) (2,2) (1,2) (2,4) (1,3) (2,4) (1,4) (2,12) (1,5) (2,5) 
layer:3, node:MDDNode(3,u-207), in=3, out=4
split in: 3 -> (2,1)
split out: 4 -> (2,2,4)
add: MDDNode(3,u-238) MDDNode(3,u-239), del:MDDNode(3,u-207)
59 (2,3) (2,9) (2,3) (2,3) (2,13) (2,3) (1,2) (1,2) (1,1) (1,1) (1,4) (1,2) (1,4) (1,2) (1,4) (1,2) (1,2) (1,1) (1,6) (1,1) (1,1) (1,1) (1,1) (1,4) (1,1) (1,4) (1,1) (1,1) (3,3) (1,2) (3,8) (1,1) (3,4) (1,2) (3,5) (1,1) (3,5) (1,1) (3,4) (1,1) (3,6) (1,6) (2,2) (1,2) (2,2) (1,6) (2,3) (1,1) (2,2) (1,2) (2,4) (1,3) (2,4) (1,4) (2,12) (1,5) (2,5) (1,2) (2,2) 
layer:3, node:MDDNode(3,u-209), in=3, out=3
split in: 3 -> (2,1)
split out: 3 -> (2,1,3)
add: MDDNode(3,u-240) MDDNode(3,u-241), del:MDDNode(3,u-209)
60 (2,3) (2,9) (2,3) (2,3) (2,13) (2,3) (1,2) (1,2) (1,1) (1,1) (1,4) (1,2) (1,4) (1,2) (1,4) (1,2) (1,2) (1,1) (1,6) (1,1) (1,1) (1,1) (1,1) (1,4) (1,1) (1,4) (1,1) (1,1) (1,2) (3,8) (1,1) (3,4) (1,2) (3,5) (1,1) (3,5) (1,1) (3,4) (1,1) (3,6) (1,6) (2,2) (1,2) (2,2) (1,6) (2,3) (1,1) (2,2) (1,2) (2,4) (1,3) (2,4) (1,4) (2,12) (1,5) (2,5) (1,2) (2,2) (1,1) (2,2) 
=profile=
(0, 111) 
(3, 20) (3, 10) (3, 9) (3, 11) (3, 13) (3, 30) (3, 9) (3, 13) (2, 10) (2, 3) (2, 8) (2, 2) (2, 11) (1, 6) (2, 2) (1, 2) (1, 11) (2, 3) (1, 2) (1, 6) (1, 8) (1, 4) (1, 3) (1, 8) (1, 1) (1, 2) (1, 3) (1, 6) (1, 6) (1, 6) (1, 2) (1, 13) (1, 6) (1, 8) (1, 5) (1, 2) (1, 1) (1, 4) (1, 2) (4, 12) (1, 2) (4, 5) (1, 9) (4, 39) (1, 2) (4, 13) (1, 3) (4, 13) (1, 8) (4, 11) (1, 4) (3, 8) (1, 5) (3, 12) (1, 5) (3, 25) (1, 5) (3, 12) (1, 2) (3, 11) 
(477, 88) 
(2, 3) (2, 9) (2, 3) (2, 3) (2, 13) (2, 3) (1, 2) (1, 2) (1, 1) (1, 1) (1, 4) (1, 2) (1, 4) (1, 2) (1, 4) (1, 2) (1, 2) (1, 1) (1, 6) (1, 1) (1, 1) (1, 1) (1, 1) (1, 4) (1, 1) (1, 4) (1, 1) (1, 1) (1, 2) (3, 8) (1, 1) (3, 4) (1, 2) (3, 5) (1, 1) (3, 5) (1, 1) (3, 4) (1, 1) (3, 6) (1, 6) (2, 2) (1, 2) (2, 2) (1, 6) (2, 3) (1, 1) (2, 2) (1, 2) (2, 4) (1, 3) (2, 4) (1, 4) (2, 12) (1, 5) (2, 5) (1, 2) (2, 2) (1, 1) (2, 2) 
(192, 1) 
(1, 0) 
dump to the pickle
the graph width list : [1, 60, 1, 60, 1, 1]
it 1 dev 28.25   dev_h 43.33   dev_v 98.96   new_test 39.26   new_test_h 32.39   new_test_v 99.07   save: 39.26 T: 2020-01-13T20:05 
it 2 dev 31.41   dev_h 41.25   dev_v 98.84   new_test 41.81   new_test_h 30.59   new_test_v 98.75   save: 41.81 T: 2020-01-13T20:07 
it 3 dev 31.20   dev_h 41.35   dev_v 98.48   new_test 43.19   new_test_h 29.93   new_test_v 98.91   
it 4 dev 30.91   dev_h 41.72   dev_v 98.79   new_test 40.96   new_test_h 30.51   new_test_v 98.99   
it 5 dev 32.06   dev_h 40.84   dev_v 98.84   new_test 42.18   new_test_h 30.18   new_test_v 99.19   save: 42.18 T: 2020-01-13T20:14 
it 6 dev 30.98   dev_h 41.54   dev_v 98.79   new_test 41.93   new_test_h 30.59   new_test_v 99.31   
it 7 dev 31.89   dev_h 41.07   dev_v 98.75   new_test 41.97   new_test_h 30.23   new_test_v 98.87   
it 8 dev 31.39   dev_h 41.45   dev_v 98.75   new_test 43.27   new_test_h 29.83   new_test_v 98.99   
it 9 dev 31.10   dev_h 41.51   dev_v 98.84   new_test 42.18   new_test_h 30.39   new_test_v 98.95   
it 10 dev 31.15   dev_h 41.57   dev_v 98.72   new_test 43.39   new_test_h 29.81   new_test_v 98.91   
it 11 dev 31.08   dev_h 41.54   dev_v 98.77   new_test 43.35   new_test_h 29.93   new_test_v 98.99   
it 12 dev 31.12   dev_h 41.48   dev_v 98.84   new_test 41.93   new_test_h 30.54   new_test_v 98.83   
it 13 dev 31.05   dev_h 41.60   dev_v 98.70   new_test 43.07   new_test_h 29.96   new_test_v 98.87   
