args Namespace(config='configs/config_l.json', dataset='dataset/IFTTT/msr_data.pkl', load_model=None, mode='train', output='model/ifttt/width-60/', width='60')
configure: {'max_word_id': 4000, 'bidirectional': True, 'cell_type': 'gru', 'decoder': 'attention', 'embedding_size': 160, 'keep_prob': 0.45, 'memory_size': 25, 'num_units': 160, 'use_embedding': True, 'epoches': 15, 'batch_size': 32, 'init': {'name': 'random_uniform_initializer', 'scale': 0.1}, 'lr_scheduler': {'decay_steps': 5000, 'init_lr': 0.002, 'decay_rate': 0.9, 'staircase': True}, 'max_grad_norm': 1, 'optimizer': 'AdamOptimizer'}
# path 8549
model/ifttt/width-60/dataset-w-60.pkl
load raw and dump to file
numArcLayers: 5
1 1 60
layer 1 incoming edges: 111
choose: News & information
split the incoming edges: 111 13 98
the value pair of raw_data is: 492
split the outgoings edges: 443 60 386 446
add node: MDDNode(1,u_6) MDDNode(1,u_7), remove node: MDDNode(1,u_1)
1 2 60
layer 1 incoming edges: 98
choose: Photo & video
split the incoming edges: 98 9 89
the value pair of raw_data is: 492
split the outgoings edges: 386 35 351 386
add node: MDDNode(1,u_8) MDDNode(1,u_9), remove node: MDDNode(1,u_7)
1 3 60
layer 1 incoming edges: 89
choose: Others
split the incoming edges: 89 7 82
the value pair of raw_data is: 492
split the outgoings edges: 351 21 335 356
add node: MDDNode(1,u_10) MDDNode(1,u_11), remove node: MDDNode(1,u_9)
1 4 60
layer 1 incoming edges: 82
choose: Social networks
split the incoming edges: 82 7 75
the value pair of raw_data is: 492
split the outgoings edges: 335 55 280 335
add node: MDDNode(1,u_12) MDDNode(1,u_13), remove node: MDDNode(1,u_11)
1 5 60
layer 1 incoming edges: 75
choose: Shopping
split the incoming edges: 75 6 69
the value pair of raw_data is: 492
split the outgoings edges: 280 23 257 280
add node: MDDNode(1,u_14) MDDNode(1,u_15), remove node: MDDNode(1,u_13)
1 6 60
layer 1 incoming edges: 69
choose: Bookmarking
split the incoming edges: 69 6 63
the value pair of raw_data is: 492
split the outgoings edges: 257 12 245 257
add node: MDDNode(1,u_16) MDDNode(1,u_17), remove node: MDDNode(1,u_15)
1 7 60
layer 1 incoming edges: 63
choose: Security & monitoring systems
split the incoming edges: 63 5 58
the value pair of raw_data is: 492
split the outgoings edges: 245 18 228 246
add node: MDDNode(1,u_18) MDDNode(1,u_19), remove node: MDDNode(1,u_17)
1 8 60
layer 1 incoming edges: 58
choose: Mobile devices & accessories
split the incoming edges: 58 4 54
the value pair of raw_data is: 492
split the outgoings edges: 228 12 216 228
add node: MDDNode(1,u_20) MDDNode(1,u_21), remove node: MDDNode(1,u_19)
1 9 60
layer 1 incoming edges: 54
choose: Finance & payments
split the incoming edges: 54 4 50
the value pair of raw_data is: 492
split the outgoings edges: 216 17 199 216
add node: MDDNode(1,u_22) MDDNode(1,u_23), remove node: MDDNode(1,u_21)
1 10 60
layer 1 incoming edges: 50
choose: Health & fitness
split the incoming edges: 50 4 46
the value pair of raw_data is: 492
split the outgoings edges: 199 26 174 200
add node: MDDNode(1,u_24) MDDNode(1,u_25), remove node: MDDNode(1,u_23)
1 11 60
layer 1 incoming edges: 46
choose: Email
split the incoming edges: 46 3 43
the value pair of raw_data is: 492
split the outgoings edges: 174 10 164 174
add node: MDDNode(1,u_26) MDDNode(1,u_27), remove node: MDDNode(1,u_25)
1 12 60
layer 1 incoming edges: 43
choose: Power monitoring & management
split the incoming edges: 43 3 40
the value pair of raw_data is: 492
split the outgoings edges: 164 11 155 166
add node: MDDNode(1,u_28) MDDNode(1,u_29), remove node: MDDNode(1,u_27)
1 13 60
layer 1 incoming edges: 40
choose: Weather
split the incoming edges: 40 3 37
the value pair of raw_data is: 492
split the outgoings edges: 155 30 129 159
add node: MDDNode(1,u_30) MDDNode(1,u_31), remove node: MDDNode(1,u_29)
1 14 60
layer 1 incoming edges: 37
choose: Gardening
split the incoming edges: 37 3 34
the value pair of raw_data is: 492
split the outgoings edges: 129 9 120 129
add node: MDDNode(1,u_32) MDDNode(1,u_33), remove node: MDDNode(1,u_31)
1 15 60
layer 1 incoming edges: 34
choose: Smart hubs & systems
split the incoming edges: 34 3 31
the value pair of raw_data is: 492
split the outgoings edges: 120 20 104 124
add node: MDDNode(1,u_34) MDDNode(1,u_35), remove node: MDDNode(1,u_33)
1 16 60
layer 1 incoming edges: 31
choose: Environment control & monitoring
split the incoming edges: 31 3 28
the value pair of raw_data is: 492
split the outgoings edges: 104 9 95 104
add node: MDDNode(1,u_36) MDDNode(1,u_37), remove node: MDDNode(1,u_35)
1 17 60
layer 1 incoming edges: 28
choose: Blogging
split the incoming edges: 28 3 25
the value pair of raw_data is: 492
split the outgoings edges: 95 13 82 95
add node: MDDNode(1,u_38) MDDNode(1,u_39), remove node: MDDNode(1,u_37)
1 18 60
layer 1 incoming edges: 25
choose: Notifications
split the incoming edges: 25 3 22
the value pair of raw_data is: 492
split the outgoings edges: 82 4 78 82
add node: MDDNode(1,u_40) MDDNode(1,u_41), remove node: MDDNode(1,u_39)
1 19 60
layer 1 incoming edges: 22
choose: Contacts
split the incoming edges: 22 2 20
the value pair of raw_data is: 492
split the outgoings edges: 78 3 75 78
add node: MDDNode(1,u_42) MDDNode(1,u_43), remove node: MDDNode(1,u_41)
1 20 60
layer 1 incoming edges: 20
choose: Appliances
split the incoming edges: 20 2 18
the value pair of raw_data is: 492
split the outgoings edges: 75 2 73 75
add node: MDDNode(1,u_44) MDDNode(1,u_45), remove node: MDDNode(1,u_43)
1 21 60
layer 1 incoming edges: 18
choose: Task management & to-dos
split the incoming edges: 18 2 16
the value pair of raw_data is: 492
split the outgoings edges: 73 11 62 73
add node: MDDNode(1,u_46) MDDNode(1,u_47), remove node: MDDNode(1,u_45)
1 22 60
layer 1 incoming edges: 16
choose: DIY electronics
split the incoming edges: 16 2 14
the value pair of raw_data is: 492
split the outgoings edges: 62 2 60 62
add node: MDDNode(1,u_48) MDDNode(1,u_49), remove node: MDDNode(1,u_47)
1 23 60
layer 1 incoming edges: 14
choose: Calendars & scheduling
split the incoming edges: 14 2 12
the value pair of raw_data is: 492
split the outgoings edges: 60 8 52 60
add node: MDDNode(1,u_50) MDDNode(1,u_51), remove node: MDDNode(1,u_49)
1 24 60
layer 1 incoming edges: 13
only split: [MDDArc('ifttt', MDDNode(0, 's'), MDDNode(1, 'u_6'))]
split the incoming edges: 13 1 12
the value pair of raw_data is: 492
split the outgoings edges: 60 11 49 60
add node: MDDNode(1,u_52) MDDNode(1,u_53), remove node: MDDNode(1,u_6)
1 25 60
layer 1 incoming edges: 12
choose: Connected car
split the incoming edges: 12 2 10
the value pair of raw_data is: 492
split the outgoings edges: 52 10 42 52
add node: MDDNode(1,u_54) MDDNode(1,u_55), remove node: MDDNode(1,u_51)
1 26 60
layer 1 incoming edges: 12
only split: [MDDArc('feed', MDDNode(0, 's'), MDDNode(1, 'u_53'))]
split the incoming edges: 12 1 11
the value pair of raw_data is: 492
split the outgoings edges: 49 2 47 49
add node: MDDNode(1,u_56) MDDNode(1,u_57), remove node: MDDNode(1,u_53)
1 27 60
layer 1 incoming edges: 11
only split: [MDDArc('space', MDDNode(0, 's'), MDDNode(1, 'u_57'))]
split the incoming edges: 11 1 10
the value pair of raw_data is: 492
split the outgoings edges: 47 8 39 47
add node: MDDNode(1,u_58) MDDNode(1,u_59), remove node: MDDNode(1,u_57)
1 28 60
layer 1 incoming edges: 10
choose: Communication
split the incoming edges: 10 2 8
the value pair of raw_data is: 492
split the outgoings edges: 42 12 30 42
add node: MDDNode(1,u_60) MDDNode(1,u_61), remove node: MDDNode(1,u_55)
1 29 60
layer 1 incoming edges: 10
only split: [MDDArc('craigslist', MDDNode(0, 's'), MDDNode(1, 'u_59'))]
split the incoming edges: 10 1 9
the value pair of raw_data is: 492
split the outgoings edges: 39 1 38 39
add node: MDDNode(1,u_62) MDDNode(1,u_63), remove node: MDDNode(1,u_59)
1 30 60
layer 1 incoming edges: 9
only split: [MDDArc('android_photos', MDDNode(0, 's'), MDDNode(1, 'u_8'))]
split the incoming edges: 9 1 8
the value pair of raw_data is: 492
split the outgoings edges: 35 3 35 38
add node: MDDNode(1,u_64) MDDNode(1,u_65), remove node: MDDNode(1,u_8)
1 31 60
layer 1 incoming edges: 9
only split: [MDDArc('espn', MDDNode(0, 's'), MDDNode(1, 'u_63'))]
split the incoming edges: 9 1 8
the value pair of raw_data is: 492
split the outgoings edges: 38 6 32 38
add node: MDDNode(1,u_66) MDDNode(1,u_67), remove node: MDDNode(1,u_63)
1 32 60
layer 1 incoming edges: 8
choose: Pet trackers
split the incoming edges: 8 1 7
the value pair of raw_data is: 492
split the outgoings edges: 30 8 22 30
add node: MDDNode(1,u_68) MDDNode(1,u_69), remove node: MDDNode(1,u_61)
1 33 60
layer 1 incoming edges: 8
only split: [MDDArc('dailymotion', MDDNode(0, 's'), MDDNode(1, 'u_65'))]
split the incoming edges: 8 1 7
the value pair of raw_data is: 492
split the outgoings edges: 35 3 33 36
add node: MDDNode(1,u_70) MDDNode(1,u_71), remove node: MDDNode(1,u_65)
1 34 60
layer 1 incoming edges: 8
only split: [MDDArc('appzapp', MDDNode(0, 's'), MDDNode(1, 'u_67'))]
split the incoming edges: 8 1 7
the value pair of raw_data is: 492
split the outgoings edges: 32 6 26 32
add node: MDDNode(1,u_72) MDDNode(1,u_73), remove node: MDDNode(1,u_67)
1 35 60
layer 1 incoming edges: 7
only split: [MDDArc('eyefi', MDDNode(0, 's'), MDDNode(1, 'u_10'))]
split the incoming edges: 7 1 6
the value pair of raw_data is: 492
split the outgoings edges: 21 2 19 21
add node: MDDNode(1,u_74) MDDNode(1,u_75), remove node: MDDNode(1,u_10)
1 36 60
layer 1 incoming edges: 7
only split: [MDDArc('instagram', MDDNode(0, 's'), MDDNode(1, 'u_12'))]
split the incoming edges: 7 1 6
the value pair of raw_data is: 492
split the outgoings edges: 55 12 43 55
add node: MDDNode(1,u_76) MDDNode(1,u_77), remove node: MDDNode(1,u_12)
1 37 60
layer 1 incoming edges: 7
choose: Developer tools
split the incoming edges: 7 1 6
the value pair of raw_data is: 492
split the outgoings edges: 22 5 17 22
add node: MDDNode(1,u_78) MDDNode(1,u_79), remove node: MDDNode(1,u_69)
1 38 60
layer 1 incoming edges: 7
only split: [MDDArc('youtube', MDDNode(0, 's'), MDDNode(1, 'u_71'))]
split the incoming edges: 7 1 6
the value pair of raw_data is: 492
split the outgoings edges: 33 2 32 34
add node: MDDNode(1,u_80) MDDNode(1,u_81), remove node: MDDNode(1,u_71)
1 39 60
layer 1 incoming edges: 7
only split: [MDDArc('digg', MDDNode(0, 's'), MDDNode(1, 'u_73'))]
split the incoming edges: 7 1 6
the value pair of raw_data is: 492
split the outgoings edges: 26 8 18 26
add node: MDDNode(1,u_82) MDDNode(1,u_83), remove node: MDDNode(1,u_73)
1 40 60
layer 1 incoming edges: 6
only split: [MDDArc('slice', MDDNode(0, 's'), MDDNode(1, 'u_14'))]
split the incoming edges: 6 1 5
the value pair of raw_data is: 492
split the outgoings edges: 23 2 21 23
add node: MDDNode(1,u_84) MDDNode(1,u_85), remove node: MDDNode(1,u_14)
1 41 60
layer 1 incoming edges: 6
only split: [MDDArc('bitly', MDDNode(0, 's'), MDDNode(1, 'u_16'))]
split the incoming edges: 6 1 5
the value pair of raw_data is: 492
split the outgoings edges: 12 1 11 12
add node: MDDNode(1,u_86) MDDNode(1,u_87), remove node: MDDNode(1,u_16)
1 42 60
layer 1 incoming edges: 6
only split: [MDDArc('launch_center', MDDNode(0, 's'), MDDNode(1, 'u_75'))]
split the incoming edges: 6 1 5
the value pair of raw_data is: 492
split the outgoings edges: 19 1 18 19
add node: MDDNode(1,u_88) MDDNode(1,u_89), remove node: MDDNode(1,u_75)
1 43 60
layer 1 incoming edges: 6
only split: [MDDArc('sina_weibo', MDDNode(0, 's'), MDDNode(1, 'u_77'))]
split the incoming edges: 6 1 5
the value pair of raw_data is: 492
split the outgoings edges: 43 2 42 44
add node: MDDNode(1,u_90) MDDNode(1,u_91), remove node: MDDNode(1,u_77)
1 44 60
layer 1 incoming edges: 6
choose: Journaling & personal data
split the incoming edges: 6 1 5
the value pair of raw_data is: 492
split the outgoings edges: 17 3 14 17
add node: MDDNode(1,u_92) MDDNode(1,u_93), remove node: MDDNode(1,u_79)
1 45 60
layer 1 incoming edges: 6
only split: [MDDArc('vimeo', MDDNode(0, 's'), MDDNode(1, 'u_81'))]
split the incoming edges: 6 1 5
the value pair of raw_data is: 492
split the outgoings edges: 32 6 26 32
add node: MDDNode(1,u_94) MDDNode(1,u_95), remove node: MDDNode(1,u_81)
1 46 60
layer 1 incoming edges: 6
only split: [MDDArc('sports_illustrated', MDDNode(0, 's'), MDDNode(1, 'u_83'))]
split the incoming edges: 6 1 5
the value pair of raw_data is: 492
split the outgoings edges: 18 2 18 20
add node: MDDNode(1,u_96) MDDNode(1,u_97), remove node: MDDNode(1,u_83)
1 47 60
layer 1 incoming edges: 5
only split: [MDDArc('garageio', MDDNode(0, 's'), MDDNode(1, 'u_18'))]
split the incoming edges: 5 1 4
the value pair of raw_data is: 492
split the outgoings edges: 18 1 17 18
add node: MDDNode(1,u_98) MDDNode(1,u_99), remove node: MDDNode(1,u_18)
1 48 60
layer 1 incoming edges: 5
only split: [MDDArc('ebay', MDDNode(0, 's'), MDDNode(1, 'u_85'))]
split the incoming edges: 5 1 4
the value pair of raw_data is: 492
split the outgoings edges: 21 1 20 21
add node: MDDNode(1,u_100) MDDNode(1,u_101), remove node: MDDNode(1,u_85)
1 49 60
layer 1 incoming edges: 5
only split: [MDDArc('diigo', MDDNode(0, 's'), MDDNode(1, 'u_87'))]
split the incoming edges: 5 1 4
the value pair of raw_data is: 492
split the outgoings edges: 11 2 11 13
add node: MDDNode(1,u_102) MDDNode(1,u_103), remove node: MDDNode(1,u_87)
1 50 60
layer 1 incoming edges: 5
only split: [MDDArc('ubi', MDDNode(0, 's'), MDDNode(1, 'u_89'))]
split the incoming edges: 5 1 4
the value pair of raw_data is: 492
split the outgoings edges: 18 1 17 18
add node: MDDNode(1,u_104) MDDNode(1,u_105), remove node: MDDNode(1,u_89)
1 51 60
layer 1 incoming edges: 5
only split: [MDDArc('facebook', MDDNode(0, 's'), MDDNode(1, 'u_91'))]
split the incoming edges: 5 1 4
the value pair of raw_data is: 492
split the outgoings edges: 42 10 32 42
add node: MDDNode(1,u_106) MDDNode(1,u_107), remove node: MDDNode(1,u_91)
1 52 60
layer 1 incoming edges: 5
choose: Location
split the incoming edges: 5 1 4
the value pair of raw_data is: 492
split the outgoings edges: 14 3 11 14
add node: MDDNode(1,u_108) MDDNode(1,u_109), remove node: MDDNode(1,u_93)
1 53 60
layer 1 incoming edges: 5
only split: [MDDArc('ios_photos', MDDNode(0, 's'), MDDNode(1, 'u_95'))]
split the incoming edges: 5 1 4
the value pair of raw_data is: 492
split the outgoings edges: 26 6 20 26
add node: MDDNode(1,u_110) MDDNode(1,u_111), remove node: MDDNode(1,u_95)
1 54 60
layer 1 incoming edges: 5
only split: [MDDArc('time', MDDNode(0, 's'), MDDNode(1, 'u_97'))]
split the incoming edges: 5 1 4
the value pair of raw_data is: 492
split the outgoings edges: 18 2 18 20
add node: MDDNode(1,u_112) MDDNode(1,u_113), remove node: MDDNode(1,u_97)
1 55 60
layer 1 incoming edges: 4
only split: [MDDArc('android_wear', MDDNode(0, 's'), MDDNode(1, 'u_20'))]
split the incoming edges: 4 1 3
the value pair of raw_data is: 492
split the outgoings edges: 12 1 11 12
add node: MDDNode(1,u_114) MDDNode(1,u_115), remove node: MDDNode(1,u_20)
1 56 60
layer 1 incoming edges: 4
only split: [MDDArc('stocks', MDDNode(0, 's'), MDDNode(1, 'u_22'))]
split the incoming edges: 4 1 3
the value pair of raw_data is: 492
split the outgoings edges: 17 6 11 17
add node: MDDNode(1,u_116) MDDNode(1,u_117), remove node: MDDNode(1,u_22)
1 57 60
layer 1 incoming edges: 4
only split: [MDDArc('misfit', MDDNode(0, 's'), MDDNode(1, 'u_24'))]
split the incoming edges: 4 1 3
the value pair of raw_data is: 492
split the outgoings edges: 26 5 25 30
add node: MDDNode(1,u_118) MDDNode(1,u_119), remove node: MDDNode(1,u_24)
1 58 60
layer 1 incoming edges: 4
only split: [MDDArc('manything', MDDNode(0, 's'), MDDNode(1, 'u_99'))]
split the incoming edges: 4 1 3
the value pair of raw_data is: 492
split the outgoings edges: 17 3 14 17
add node: MDDNode(1,u_120) MDDNode(1,u_121), remove node: MDDNode(1,u_99)
1 59 60
layer 1 incoming edges: 4
only split: [MDDArc('boxoh_package_tracking', MDDNode(0, 's'), MDDNode(1, 'u_101'))]
split the incoming edges: 4 1 3
the value pair of raw_data is: 492
split the outgoings edges: 20 1 19 20
add node: MDDNode(1,u_122) MDDNode(1,u_123), remove node: MDDNode(1,u_101)
dump to the pickle
the graph width list : [1, 60, 1, 1, 1, 1]
it 1 train 0.3415   train_h 0.1646   train_v 0.9378   dev 0.2975   dev_h 0.1756   dev_v 0.9364   new_test 0.3651   new_test_h 0.1587   new_test_v 0.9499   save acc: 0.3651 T: 2020-01-10T12:44 
it 2 train 0.4314   train_h 0.1422   train_v 0.9469   dev 0.3378   dev_h 0.1656   dev_v 0.9426   new_test 0.4432   new_test_h 0.1392   new_test_v 0.9567   save acc: 0.4432 T: 2020-01-10T12:46 
it 3 train 0.4794   train_h 0.1302   train_v 0.9508   dev 0.3459   dev_h 0.1635   dev_v 0.9366   new_test 0.4650   new_test_h 0.1337   new_test_v 0.9567   save acc: 0.4650 T: 2020-01-10T12:49 
it 4 train 0.5194   train_h 0.1201   train_v 0.9507   dev 0.3476   dev_h 0.1631   dev_v 0.9376   new_test 0.4719   new_test_h 0.1320   new_test_v 0.9555   save acc: 0.4719 T: 2020-01-10T12:51 
it 5 train 0.5494   train_h 0.1126   train_v 0.9544   dev 0.3508   dev_h 0.1623   dev_v 0.9368   new_test 0.4731   new_test_h 0.1317   new_test_v 0.9592   save acc: 0.4731 T: 2020-01-10T12:53 
it 6 train 0.5744   train_h 0.1064   train_v 0.9562   dev 0.3486   dev_h 0.1628   dev_v 0.9414   new_test 0.4703   new_test_h 0.1324   new_test_v 0.9604   
it 7 train 0.5921   train_h 0.1020   train_v 0.9595   dev 0.3527   dev_h 0.1618   dev_v 0.9414   new_test 0.4691   new_test_h 0.1327   new_test_v 0.9620   save acc: 0.4691 T: 2020-01-10T12:57 
it 8 train 0.6071   train_h 0.0982   train_v 0.9601   dev 0.3481   dev_h 0.1630   dev_v 0.9342   new_test 0.4626   new_test_h 0.1344   new_test_v 0.9551   
it 9 train 0.6197   train_h 0.0951   train_v 0.9605   dev 0.3472   dev_h 0.1632   dev_v 0.9335   new_test 0.4614   new_test_h 0.1347   new_test_v 0.9511   
it 10 train 0.6292   train_h 0.0927   train_v 0.9613   dev 0.3440   dev_h 0.1640   dev_v 0.9347   new_test 0.4658   new_test_h 0.1335   new_test_v 0.9563   
it 11 train 0.6360   train_h 0.0910   train_v 0.9618   dev 0.3411   dev_h 0.1647   dev_v 0.9318   new_test 0.4618   new_test_h 0.1346   new_test_v 0.9511   
it 12 train 0.6429   train_h 0.0893   train_v 0.9643   dev 0.3423   dev_h 0.1644   dev_v 0.9323   new_test 0.4622   new_test_h 0.1345   new_test_v 0.9571   
it 13 train 0.6465   train_h 0.0884   train_v 0.9632   dev 0.3457   dev_h 0.1636   dev_v 0.9311   new_test 0.4646   new_test_h 0.1338   new_test_v 0.9555   
it 14 train 0.6498   train_h 0.0875   train_v 0.9637   dev 0.3435   dev_h 0.1641   dev_v 0.9286   new_test 0.4594   new_test_h 0.1352   new_test_v 0.9551   
it 15 train 0.6529   train_h 0.0868   train_v 0.9640   dev 0.3392   dev_h 0.1652   dev_v 0.9284   new_test 0.4614   new_test_h 0.1347   new_test_v 0.9575   
it 16 train 0.6554   train_h 0.0862   train_v 0.9631   dev 0.3378   dev_h 0.1656   dev_v 0.9277   new_test 0.4561   new_test_h 0.1360   new_test_v 0.9527   
