args Namespace(config='configs/config_l.json', dataset='dataset/IFTTT/msr_data.pkl', load_model=None, mode='train', output='model/ifttt/width-37/', width='37')
configure: {'max_word_id': 4000, 'bidirectional': True, 'cell_type': 'gru', 'decoder': 'attention', 'embedding_size': 160, 'keep_prob': 0.45, 'memory_size': 25, 'num_units': 160, 'use_embedding': True, 'epoches': 15, 'batch_size': 32, 'init': {'name': 'random_uniform_initializer', 'scale': 0.1}, 'lr_scheduler': {'decay_steps': 5000, 'init_lr': 0.002, 'decay_rate': 0.9, 'staircase': True}, 'max_grad_norm': 1, 'optimizer': 'AdamOptimizer'}
# path 8549
model/ifttt/width-37/dataset-w-37.pkl
load raw and dump to file
numArcLayers: 5
1 1 37
layer 1 incoming edges: 111
choose: News & information
split the incoming edges: 111 13 98
the value pair of raw_data is: 492
split the outgoings edges: 443 60 386 446
add node: MDDNode(1,u_6) MDDNode(1,u_7), remove node: MDDNode(1,u_1)
1 2 37
layer 1 incoming edges: 98
choose: Photo & video
split the incoming edges: 98 9 89
the value pair of raw_data is: 492
split the outgoings edges: 386 35 351 386
add node: MDDNode(1,u_8) MDDNode(1,u_9), remove node: MDDNode(1,u_7)
1 3 37
layer 1 incoming edges: 89
choose: Others
split the incoming edges: 89 7 82
the value pair of raw_data is: 492
split the outgoings edges: 351 21 335 356
add node: MDDNode(1,u_10) MDDNode(1,u_11), remove node: MDDNode(1,u_9)
1 4 37
layer 1 incoming edges: 82
choose: Social networks
split the incoming edges: 82 7 75
the value pair of raw_data is: 492
split the outgoings edges: 335 55 280 335
add node: MDDNode(1,u_12) MDDNode(1,u_13), remove node: MDDNode(1,u_11)
1 5 37
layer 1 incoming edges: 75
choose: Shopping
split the incoming edges: 75 6 69
the value pair of raw_data is: 492
split the outgoings edges: 280 23 257 280
add node: MDDNode(1,u_14) MDDNode(1,u_15), remove node: MDDNode(1,u_13)
1 6 37
layer 1 incoming edges: 69
choose: Bookmarking
split the incoming edges: 69 6 63
the value pair of raw_data is: 492
split the outgoings edges: 257 12 245 257
add node: MDDNode(1,u_16) MDDNode(1,u_17), remove node: MDDNode(1,u_15)
1 7 37
layer 1 incoming edges: 63
choose: Security & monitoring systems
split the incoming edges: 63 5 58
the value pair of raw_data is: 492
split the outgoings edges: 245 18 228 246
add node: MDDNode(1,u_18) MDDNode(1,u_19), remove node: MDDNode(1,u_17)
1 8 37
layer 1 incoming edges: 58
choose: Finance & payments
split the incoming edges: 58 4 54
the value pair of raw_data is: 492
split the outgoings edges: 228 17 211 228
add node: MDDNode(1,u_20) MDDNode(1,u_21), remove node: MDDNode(1,u_19)
1 9 37
layer 1 incoming edges: 54
choose: Mobile devices & accessories
split the incoming edges: 54 4 50
the value pair of raw_data is: 492
split the outgoings edges: 211 12 199 211
add node: MDDNode(1,u_22) MDDNode(1,u_23), remove node: MDDNode(1,u_21)
1 10 37
layer 1 incoming edges: 50
choose: Health & fitness
split the incoming edges: 50 4 46
the value pair of raw_data is: 492
split the outgoings edges: 199 26 174 200
add node: MDDNode(1,u_24) MDDNode(1,u_25), remove node: MDDNode(1,u_23)
1 11 37
layer 1 incoming edges: 46
choose: Email
split the incoming edges: 46 3 43
the value pair of raw_data is: 492
split the outgoings edges: 174 10 164 174
add node: MDDNode(1,u_26) MDDNode(1,u_27), remove node: MDDNode(1,u_25)
1 12 37
layer 1 incoming edges: 43
choose: Power monitoring & management
split the incoming edges: 43 3 40
the value pair of raw_data is: 492
split the outgoings edges: 164 11 155 166
add node: MDDNode(1,u_28) MDDNode(1,u_29), remove node: MDDNode(1,u_27)
1 13 37
layer 1 incoming edges: 40
choose: Blogging
split the incoming edges: 40 3 37
the value pair of raw_data is: 492
split the outgoings edges: 155 13 142 155
add node: MDDNode(1,u_30) MDDNode(1,u_31), remove node: MDDNode(1,u_29)
1 14 37
layer 1 incoming edges: 37
choose: Weather
split the incoming edges: 37 3 34
the value pair of raw_data is: 492
split the outgoings edges: 142 30 116 146
add node: MDDNode(1,u_32) MDDNode(1,u_33), remove node: MDDNode(1,u_31)
1 15 37
layer 1 incoming edges: 34
choose: Notifications
split the incoming edges: 34 3 31
the value pair of raw_data is: 492
split the outgoings edges: 116 4 112 116
add node: MDDNode(1,u_34) MDDNode(1,u_35), remove node: MDDNode(1,u_33)
1 16 37
layer 1 incoming edges: 31
choose: Gardening
split the incoming edges: 31 3 28
the value pair of raw_data is: 492
split the outgoings edges: 112 9 103 112
add node: MDDNode(1,u_36) MDDNode(1,u_37), remove node: MDDNode(1,u_35)
1 17 37
layer 1 incoming edges: 28
choose: Environment control & monitoring
split the incoming edges: 28 3 25
the value pair of raw_data is: 492
split the outgoings edges: 103 9 96 105
add node: MDDNode(1,u_38) MDDNode(1,u_39), remove node: MDDNode(1,u_37)
1 18 37
layer 1 incoming edges: 25
choose: Smart hubs & systems
split the incoming edges: 25 3 22
the value pair of raw_data is: 492
split the outgoings edges: 96 20 78 98
add node: MDDNode(1,u_40) MDDNode(1,u_41), remove node: MDDNode(1,u_39)
1 19 37
layer 1 incoming edges: 22
choose: Contacts
split the incoming edges: 22 2 20
the value pair of raw_data is: 492
split the outgoings edges: 78 3 75 78
add node: MDDNode(1,u_42) MDDNode(1,u_43), remove node: MDDNode(1,u_41)
1 20 37
layer 1 incoming edges: 20
choose: Connected car
split the incoming edges: 20 2 18
the value pair of raw_data is: 492
split the outgoings edges: 75 10 65 75
add node: MDDNode(1,u_44) MDDNode(1,u_45), remove node: MDDNode(1,u_43)
1 21 37
layer 1 incoming edges: 18
choose: DIY electronics
split the incoming edges: 18 2 16
the value pair of raw_data is: 492
split the outgoings edges: 65 2 63 65
add node: MDDNode(1,u_46) MDDNode(1,u_47), remove node: MDDNode(1,u_45)
1 22 37
layer 1 incoming edges: 16
choose: Communication
split the incoming edges: 16 2 14
the value pair of raw_data is: 492
split the outgoings edges: 63 12 51 63
add node: MDDNode(1,u_48) MDDNode(1,u_49), remove node: MDDNode(1,u_47)
1 23 37
layer 1 incoming edges: 14
choose: Appliances
split the incoming edges: 14 2 12
the value pair of raw_data is: 492
split the outgoings edges: 51 2 49 51
add node: MDDNode(1,u_50) MDDNode(1,u_51), remove node: MDDNode(1,u_49)
1 24 37
layer 1 incoming edges: 13
only split: [MDDArc('ifttt', MDDNode(0, 's'), MDDNode(1, 'u_6'))]
split the incoming edges: 13 1 12
the value pair of raw_data is: 492
split the outgoings edges: 60 11 49 60
add node: MDDNode(1,u_52) MDDNode(1,u_53), remove node: MDDNode(1,u_6)
1 25 37
layer 1 incoming edges: 12
choose: Calendars & scheduling
split the incoming edges: 12 2 10
the value pair of raw_data is: 492
split the outgoings edges: 49 8 41 49
add node: MDDNode(1,u_54) MDDNode(1,u_55), remove node: MDDNode(1,u_51)
1 26 37
layer 1 incoming edges: 12
only split: [MDDArc('feed', MDDNode(0, 's'), MDDNode(1, 'u_53'))]
split the incoming edges: 12 1 11
the value pair of raw_data is: 492
split the outgoings edges: 49 2 47 49
add node: MDDNode(1,u_56) MDDNode(1,u_57), remove node: MDDNode(1,u_53)
1 27 37
layer 1 incoming edges: 11
only split: [MDDArc('feedly', MDDNode(0, 's'), MDDNode(1, 'u_57'))]
split the incoming edges: 11 1 10
the value pair of raw_data is: 492
split the outgoings edges: 47 4 43 47
add node: MDDNode(1,u_58) MDDNode(1,u_59), remove node: MDDNode(1,u_57)
1 28 37
layer 1 incoming edges: 10
choose: Task management & to-dos
split the incoming edges: 10 2 8
the value pair of raw_data is: 492
split the outgoings edges: 41 11 30 41
add node: MDDNode(1,u_60) MDDNode(1,u_61), remove node: MDDNode(1,u_55)
1 29 37
layer 1 incoming edges: 10
only split: [MDDArc('sports_illustrated', MDDNode(0, 's'), MDDNode(1, 'u_59'))]
split the incoming edges: 10 1 9
the value pair of raw_data is: 492
split the outgoings edges: 43 2 43 45
add node: MDDNode(1,u_62) MDDNode(1,u_63), remove node: MDDNode(1,u_59)
1 30 37
layer 1 incoming edges: 9
only split: [MDDArc('500px', MDDNode(0, 's'), MDDNode(1, 'u_8'))]
split the incoming edges: 9 1 8
the value pair of raw_data is: 492
split the outgoings edges: 35 6 29 35
add node: MDDNode(1,u_64) MDDNode(1,u_65), remove node: MDDNode(1,u_8)
1 31 37
layer 1 incoming edges: 9
only split: [MDDArc('instyle', MDDNode(0, 's'), MDDNode(1, 'u_63'))]
split the incoming edges: 9 1 8
the value pair of raw_data is: 492
split the outgoings edges: 43 2 43 45
add node: MDDNode(1,u_66) MDDNode(1,u_67), remove node: MDDNode(1,u_63)
1 32 37
layer 1 incoming edges: 8
choose: Business tools
split the incoming edges: 8 1 7
the value pair of raw_data is: 492
split the outgoings edges: 30 2 28 30
add node: MDDNode(1,u_68) MDDNode(1,u_69), remove node: MDDNode(1,u_61)
1 33 37
layer 1 incoming edges: 8
only split: [MDDArc('giphy', MDDNode(0, 's'), MDDNode(1, 'u_65'))]
split the incoming edges: 8 1 7
the value pair of raw_data is: 492
split the outgoings edges: 29 3 26 29
add node: MDDNode(1,u_70) MDDNode(1,u_71), remove node: MDDNode(1,u_65)
1 34 37
layer 1 incoming edges: 8
only split: [MDDArc('the_new_york_times', MDDNode(0, 's'), MDDNode(1, 'u_67'))]
split the incoming edges: 8 1 7
the value pair of raw_data is: 492
split the outgoings edges: 43 8 35 43
add node: MDDNode(1,u_72) MDDNode(1,u_73), remove node: MDDNode(1,u_67)
1 35 37
layer 1 incoming edges: 7
only split: [MDDArc('ubi', MDDNode(0, 's'), MDDNode(1, 'u_10'))]
split the incoming edges: 7 1 6
the value pair of raw_data is: 492
split the outgoings edges: 21 1 20 21
add node: MDDNode(1,u_74) MDDNode(1,u_75), remove node: MDDNode(1,u_10)
1 36 37
layer 1 incoming edges: 7
only split: [MDDArc('facebook_pages', MDDNode(0, 's'), MDDNode(1, 'u_12'))]
split the incoming edges: 7 1 6
the value pair of raw_data is: 492
split the outgoings edges: 55 6 49 55
add node: MDDNode(1,u_76) MDDNode(1,u_77), remove node: MDDNode(1,u_12)
dump to the pickle
the graph width list : [1, 37, 1, 1, 1, 1]
it 1 train 0.3400   train_h 0.1650   train_v 0.9320   dev 0.2922   dev_h 0.1770   dev_v 0.9298   new_test 0.3615   new_test_h 0.1596   new_test_v 0.9373   save acc: 0.3615 T: 2020-01-10T05:18 
it 2 train 0.4299   train_h 0.1425   train_v 0.9432   dev 0.3329   dev_h 0.1668   dev_v 0.9301   new_test 0.4270   new_test_h 0.1432   new_test_v 0.9555   save acc: 0.4270 T: 2020-01-10T05:21 
it 3 train 0.4782   train_h 0.1304   train_v 0.9465   dev 0.3445   dev_h 0.1639   dev_v 0.9325   new_test 0.4408   new_test_h 0.1398   new_test_v 0.9499   save acc: 0.4408 T: 2020-01-10T05:24 
it 4 train 0.5186   train_h 0.1204   train_v 0.9488   dev 0.3491   dev_h 0.1627   dev_v 0.9303   new_test 0.4577   new_test_h 0.1356   new_test_v 0.9507   save acc: 0.4577 T: 2020-01-10T05:27 
it 5 train 0.5495   train_h 0.1126   train_v 0.9529   dev 0.3537   dev_h 0.1616   dev_v 0.9337   new_test 0.4691   new_test_h 0.1327   new_test_v 0.9535   save acc: 0.4691 T: 2020-01-10T05:30 
it 6 train 0.5708   train_h 0.1073   train_v 0.9533   dev 0.3503   dev_h 0.1624   dev_v 0.9431   new_test 0.4602   new_test_h 0.1350   new_test_v 0.9559   
it 7 train 0.5891   train_h 0.1027   train_v 0.9566   dev 0.3513   dev_h 0.1622   dev_v 0.9311   new_test 0.4727   new_test_h 0.1318   new_test_v 0.9600   
it 8 train 0.6057   train_h 0.0986   train_v 0.9576   dev 0.3500   dev_h 0.1625   dev_v 0.9286   new_test 0.4658   new_test_h 0.1335   new_test_v 0.9555   
it 9 train 0.6171   train_h 0.0957   train_v 0.9583   dev 0.3455   dev_h 0.1636   dev_v 0.9325   new_test 0.4590   new_test_h 0.1353   new_test_v 0.9515   
it 10 train 0.6261   train_h 0.0935   train_v 0.9590   dev 0.3447   dev_h 0.1638   dev_v 0.9257   new_test 0.4670   new_test_h 0.1332   new_test_v 0.9539   
it 11 train 0.6341   train_h 0.0915   train_v 0.9600   dev 0.3414   dev_h 0.1647   dev_v 0.9289   new_test 0.4610   new_test_h 0.1348   new_test_v 0.9567   
it 12 train 0.6414   train_h 0.0897   train_v 0.9618   dev 0.3447   dev_h 0.1638   dev_v 0.9311   new_test 0.4642   new_test_h 0.1339   new_test_v 0.9559   
it 13 train 0.6457   train_h 0.0886   train_v 0.9626   dev 0.3455   dev_h 0.1636   dev_v 0.9306   new_test 0.4650   new_test_h 0.1337   new_test_v 0.9579   
it 14 train 0.6488   train_h 0.0878   train_v 0.9623   dev 0.3450   dev_h 0.1638   dev_v 0.9344   new_test 0.4642   new_test_h 0.1339   new_test_v 0.9588   
it 15 train 0.6519   train_h 0.0870   train_v 0.9634   dev 0.3426   dev_h 0.1644   dev_v 0.9311   new_test 0.4634   new_test_h 0.1341   new_test_v 0.9559   
it 16 train 0.6543   train_h 0.0864   train_v 0.9618   dev 0.3416   dev_h 0.1646   dev_v 0.9282   new_test 0.4614   new_test_h 0.1347   new_test_v 0.9551   
