args Namespace(config='configs/config_l.json', dataset='dataset/IFTTT/msr_data.pkl', load_model=None, mode='train', output='model/ifttt/width-41/', width='41')
configure: {'max_word_id': 4000, 'bidirectional': True, 'cell_type': 'gru', 'decoder': 'attention', 'embedding_size': 160, 'keep_prob': 0.45, 'memory_size': 25, 'num_units': 160, 'use_embedding': True, 'epoches': 15, 'batch_size': 32, 'init': {'name': 'random_uniform_initializer', 'scale': 0.1}, 'lr_scheduler': {'decay_steps': 5000, 'init_lr': 0.002, 'decay_rate': 0.9, 'staircase': True}, 'max_grad_norm': 1, 'optimizer': 'AdamOptimizer'}
# path 8549
model/ifttt/width-41/dataset-w-41.pkl
load raw and dump to file
numArcLayers: 5
1 1 41
layer 1 incoming edges: 111
choose: News & information
split the incoming edges: 111 13 98
the value pair of raw_data is: 492
split the outgoings edges: 443 60 386 446
add node: MDDNode(1,u_6) MDDNode(1,u_7), remove node: MDDNode(1,u_1)
1 2 41
layer 1 incoming edges: 98
choose: Photo & video
split the incoming edges: 98 9 89
the value pair of raw_data is: 492
split the outgoings edges: 386 35 351 386
add node: MDDNode(1,u_8) MDDNode(1,u_9), remove node: MDDNode(1,u_7)
1 3 41
layer 1 incoming edges: 89
choose: Social networks
split the incoming edges: 89 7 82
the value pair of raw_data is: 492
split the outgoings edges: 351 55 296 351
add node: MDDNode(1,u_10) MDDNode(1,u_11), remove node: MDDNode(1,u_9)
1 4 41
layer 1 incoming edges: 82
choose: Others
split the incoming edges: 82 7 75
the value pair of raw_data is: 492
split the outgoings edges: 296 21 280 301
add node: MDDNode(1,u_12) MDDNode(1,u_13), remove node: MDDNode(1,u_11)
1 5 41
layer 1 incoming edges: 75
choose: Shopping
split the incoming edges: 75 6 69
the value pair of raw_data is: 492
split the outgoings edges: 280 23 257 280
add node: MDDNode(1,u_14) MDDNode(1,u_15), remove node: MDDNode(1,u_13)
1 6 41
layer 1 incoming edges: 69
choose: Bookmarking
split the incoming edges: 69 6 63
the value pair of raw_data is: 492
split the outgoings edges: 257 12 245 257
add node: MDDNode(1,u_16) MDDNode(1,u_17), remove node: MDDNode(1,u_15)
1 7 41
layer 1 incoming edges: 63
choose: Security & monitoring systems
split the incoming edges: 63 5 58
the value pair of raw_data is: 492
split the outgoings edges: 245 18 228 246
add node: MDDNode(1,u_18) MDDNode(1,u_19), remove node: MDDNode(1,u_17)
1 8 41
layer 1 incoming edges: 58
choose: Mobile devices & accessories
split the incoming edges: 58 4 54
the value pair of raw_data is: 492
split the outgoings edges: 228 12 216 228
add node: MDDNode(1,u_20) MDDNode(1,u_21), remove node: MDDNode(1,u_19)
1 9 41
layer 1 incoming edges: 54
choose: Finance & payments
split the incoming edges: 54 4 50
the value pair of raw_data is: 492
split the outgoings edges: 216 17 199 216
add node: MDDNode(1,u_22) MDDNode(1,u_23), remove node: MDDNode(1,u_21)
1 10 41
layer 1 incoming edges: 50
choose: Health & fitness
split the incoming edges: 50 4 46
the value pair of raw_data is: 492
split the outgoings edges: 199 26 174 200
add node: MDDNode(1,u_24) MDDNode(1,u_25), remove node: MDDNode(1,u_23)
1 11 41
layer 1 incoming edges: 46
choose: Power monitoring & management
split the incoming edges: 46 3 43
the value pair of raw_data is: 492
split the outgoings edges: 174 11 165 176
add node: MDDNode(1,u_26) MDDNode(1,u_27), remove node: MDDNode(1,u_25)
1 12 41
layer 1 incoming edges: 43
choose: Email
split the incoming edges: 43 3 40
the value pair of raw_data is: 492
split the outgoings edges: 165 10 155 165
add node: MDDNode(1,u_28) MDDNode(1,u_29), remove node: MDDNode(1,u_27)
1 13 41
layer 1 incoming edges: 40
choose: Gardening
split the incoming edges: 40 3 37
the value pair of raw_data is: 492
split the outgoings edges: 155 9 146 155
add node: MDDNode(1,u_30) MDDNode(1,u_31), remove node: MDDNode(1,u_29)
1 14 41
layer 1 incoming edges: 37
choose: Environment control & monitoring
split the incoming edges: 37 3 34
the value pair of raw_data is: 492
split the outgoings edges: 146 9 139 148
add node: MDDNode(1,u_32) MDDNode(1,u_33), remove node: MDDNode(1,u_31)
1 15 41
layer 1 incoming edges: 34
choose: Smart hubs & systems
split the incoming edges: 34 3 31
the value pair of raw_data is: 492
split the outgoings edges: 139 20 125 145
add node: MDDNode(1,u_34) MDDNode(1,u_35), remove node: MDDNode(1,u_33)
1 16 41
layer 1 incoming edges: 31
choose: Weather
split the incoming edges: 31 3 28
the value pair of raw_data is: 492
split the outgoings edges: 125 30 95 125
add node: MDDNode(1,u_36) MDDNode(1,u_37), remove node: MDDNode(1,u_35)
1 17 41
layer 1 incoming edges: 28
choose: Blogging
split the incoming edges: 28 3 25
the value pair of raw_data is: 492
split the outgoings edges: 95 13 82 95
add node: MDDNode(1,u_38) MDDNode(1,u_39), remove node: MDDNode(1,u_37)
1 18 41
layer 1 incoming edges: 25
choose: Notifications
split the incoming edges: 25 3 22
the value pair of raw_data is: 492
split the outgoings edges: 82 4 78 82
add node: MDDNode(1,u_40) MDDNode(1,u_41), remove node: MDDNode(1,u_39)
1 19 41
layer 1 incoming edges: 22
choose: Task management & to-dos
split the incoming edges: 22 2 20
the value pair of raw_data is: 492
split the outgoings edges: 78 11 67 78
add node: MDDNode(1,u_42) MDDNode(1,u_43), remove node: MDDNode(1,u_41)
1 20 41
layer 1 incoming edges: 20
choose: Calendars & scheduling
split the incoming edges: 20 2 18
the value pair of raw_data is: 492
split the outgoings edges: 67 8 59 67
add node: MDDNode(1,u_44) MDDNode(1,u_45), remove node: MDDNode(1,u_43)
1 21 41
layer 1 incoming edges: 18
choose: Connected car
split the incoming edges: 18 2 16
the value pair of raw_data is: 492
split the outgoings edges: 59 10 49 59
add node: MDDNode(1,u_46) MDDNode(1,u_47), remove node: MDDNode(1,u_45)
1 22 41
layer 1 incoming edges: 16
choose: Appliances
split the incoming edges: 16 2 14
the value pair of raw_data is: 492
split the outgoings edges: 49 2 47 49
add node: MDDNode(1,u_48) MDDNode(1,u_49), remove node: MDDNode(1,u_47)
1 23 41
layer 1 incoming edges: 14
choose: Communication
split the incoming edges: 14 2 12
the value pair of raw_data is: 492
split the outgoings edges: 47 12 35 47
add node: MDDNode(1,u_50) MDDNode(1,u_51), remove node: MDDNode(1,u_49)
1 24 41
layer 1 incoming edges: 13
only split: [MDDArc('the_new_york_times', MDDNode(0, 's'), MDDNode(1, 'u_6'))]
split the incoming edges: 13 1 12
the value pair of raw_data is: 492
split the outgoings edges: 60 8 52 60
add node: MDDNode(1,u_52) MDDNode(1,u_53), remove node: MDDNode(1,u_6)
1 25 41
layer 1 incoming edges: 12
choose: DIY electronics
split the incoming edges: 12 2 10
the value pair of raw_data is: 492
split the outgoings edges: 35 2 33 35
add node: MDDNode(1,u_54) MDDNode(1,u_55), remove node: MDDNode(1,u_51)
1 26 41
layer 1 incoming edges: 12
only split: [MDDArc('feed', MDDNode(0, 's'), MDDNode(1, 'u_53'))]
split the incoming edges: 12 1 11
the value pair of raw_data is: 492
split the outgoings edges: 52 2 50 52
add node: MDDNode(1,u_56) MDDNode(1,u_57), remove node: MDDNode(1,u_53)
1 27 41
layer 1 incoming edges: 11
only split: [MDDArc('sports_illustrated', MDDNode(0, 's'), MDDNode(1, 'u_57'))]
split the incoming edges: 11 1 10
the value pair of raw_data is: 492
split the outgoings edges: 50 2 50 52
add node: MDDNode(1,u_58) MDDNode(1,u_59), remove node: MDDNode(1,u_57)
1 28 41
layer 1 incoming edges: 10
choose: Contacts
split the incoming edges: 10 2 8
the value pair of raw_data is: 492
split the outgoings edges: 33 3 30 33
add node: MDDNode(1,u_60) MDDNode(1,u_61), remove node: MDDNode(1,u_55)
1 29 41
layer 1 incoming edges: 10
only split: [MDDArc('newsblur', MDDNode(0, 's'), MDDNode(1, 'u_59'))]
split the incoming edges: 10 1 9
the value pair of raw_data is: 492
split the outgoings edges: 50 4 46 50
add node: MDDNode(1,u_62) MDDNode(1,u_63), remove node: MDDNode(1,u_59)
1 30 41
layer 1 incoming edges: 9
only split: [MDDArc('giphy', MDDNode(0, 's'), MDDNode(1, 'u_8'))]
split the incoming edges: 9 1 8
the value pair of raw_data is: 492
split the outgoings edges: 35 3 32 35
add node: MDDNode(1,u_64) MDDNode(1,u_65), remove node: MDDNode(1,u_8)
1 31 41
layer 1 incoming edges: 9
only split: [MDDArc('craigslist', MDDNode(0, 's'), MDDNode(1, 'u_63'))]
split the incoming edges: 9 1 8
the value pair of raw_data is: 492
split the outgoings edges: 46 1 45 46
add node: MDDNode(1,u_66) MDDNode(1,u_67), remove node: MDDNode(1,u_63)
1 32 41
layer 1 incoming edges: 8
choose: Pet trackers
split the incoming edges: 8 1 7
the value pair of raw_data is: 492
split the outgoings edges: 30 8 22 30
add node: MDDNode(1,u_68) MDDNode(1,u_69), remove node: MDDNode(1,u_61)
1 33 41
layer 1 incoming edges: 8
only split: [MDDArc('youtube', MDDNode(0, 's'), MDDNode(1, 'u_65'))]
split the incoming edges: 8 1 7
the value pair of raw_data is: 492
split the outgoings edges: 32 2 31 33
add node: MDDNode(1,u_70) MDDNode(1,u_71), remove node: MDDNode(1,u_65)
1 34 41
layer 1 incoming edges: 8
only split: [MDDArc('time', MDDNode(0, 's'), MDDNode(1, 'u_67'))]
split the incoming edges: 8 1 7
the value pair of raw_data is: 492
split the outgoings edges: 45 2 45 47
add node: MDDNode(1,u_72) MDDNode(1,u_73), remove node: MDDNode(1,u_67)
1 35 41
layer 1 incoming edges: 7
only split: [MDDArc('twitter', MDDNode(0, 's'), MDDNode(1, 'u_10'))]
split the incoming edges: 7 1 6
the value pair of raw_data is: 492
split the outgoings edges: 55 10 45 55
add node: MDDNode(1,u_74) MDDNode(1,u_75), remove node: MDDNode(1,u_10)
1 36 41
layer 1 incoming edges: 7
only split: [MDDArc('chain', MDDNode(0, 's'), MDDNode(1, 'u_12'))]
split the incoming edges: 7 1 6
the value pair of raw_data is: 492
split the outgoings edges: 21 1 20 21
add node: MDDNode(1,u_76) MDDNode(1,u_77), remove node: MDDNode(1,u_12)
1 37 41
layer 1 incoming edges: 7
choose: Developer tools
split the incoming edges: 7 1 6
the value pair of raw_data is: 492
split the outgoings edges: 22 5 17 22
add node: MDDNode(1,u_78) MDDNode(1,u_79), remove node: MDDNode(1,u_69)
1 38 41
layer 1 incoming edges: 7
only split: [MDDArc('flickr', MDDNode(0, 's'), MDDNode(1, 'u_71'))]
split the incoming edges: 7 1 6
the value pair of raw_data is: 492
split the outgoings edges: 31 5 26 31
add node: MDDNode(1,u_80) MDDNode(1,u_81), remove node: MDDNode(1,u_71)
1 39 41
layer 1 incoming edges: 7
only split: [MDDArc('appzapp', MDDNode(0, 's'), MDDNode(1, 'u_73'))]
split the incoming edges: 7 1 6
the value pair of raw_data is: 492
split the outgoings edges: 45 6 39 45
add node: MDDNode(1,u_82) MDDNode(1,u_83), remove node: MDDNode(1,u_73)
1 40 41
layer 1 incoming edges: 6
only split: [MDDArc('ebay', MDDNode(0, 's'), MDDNode(1, 'u_14'))]
split the incoming edges: 6 1 5
the value pair of raw_data is: 492
split the outgoings edges: 23 1 22 23
add node: MDDNode(1,u_84) MDDNode(1,u_85), remove node: MDDNode(1,u_14)
dump to the pickle
the graph width list : [1, 41, 1, 1, 1, 1]
it 1 train 0.3376   train_h 0.1656   train_v 0.9327   dev 0.2917   dev_h 0.1771   dev_v 0.9279   new_test 0.3607   new_test_h 0.1598   new_test_v 0.9458   save acc: 0.3607 T: 2020-01-10T08:34 
it 2 train 0.4263   train_h 0.1434   train_v 0.9445   dev 0.3365   dev_h 0.1659   dev_v 0.9349   new_test 0.4383   new_test_h 0.1404   new_test_v 0.9486   save acc: 0.4383 T: 2020-01-10T08:37 
it 3 train 0.4755   train_h 0.1311   train_v 0.9458   dev 0.3474   dev_h 0.1632   dev_v 0.9368   new_test 0.4577   new_test_h 0.1356   new_test_v 0.9478   save acc: 0.4577 T: 2020-01-10T08:40 
it 4 train 0.5172   train_h 0.1207   train_v 0.9475   dev 0.3505   dev_h 0.1624   dev_v 0.9306   new_test 0.4586   new_test_h 0.1354   new_test_v 0.9410   save acc: 0.4586 T: 2020-01-10T08:43 
it 5 train 0.5464   train_h 0.1134   train_v 0.9505   dev 0.3573   dev_h 0.1607   dev_v 0.9354   new_test 0.4772   new_test_h 0.1307   new_test_v 0.9490   save acc: 0.4772 T: 2020-01-10T08:46 
it 6 train 0.5702   train_h 0.1074   train_v 0.9516   dev 0.3479   dev_h 0.1630   dev_v 0.9330   new_test 0.4642   new_test_h 0.1339   new_test_v 0.9454   
it 7 train 0.5871   train_h 0.1032   train_v 0.9571   dev 0.3537   dev_h 0.1616   dev_v 0.9361   new_test 0.4683   new_test_h 0.1329   new_test_v 0.9474   
it 8 train 0.6040   train_h 0.0990   train_v 0.9580   dev 0.3522   dev_h 0.1619   dev_v 0.9339   new_test 0.4598   new_test_h 0.1351   new_test_v 0.9507   
it 9 train 0.6158   train_h 0.0961   train_v 0.9588   dev 0.3503   dev_h 0.1624   dev_v 0.9267   new_test 0.4654   new_test_h 0.1336   new_test_v 0.9482   
it 10 train 0.6248   train_h 0.0938   train_v 0.9595   dev 0.3546   dev_h 0.1613   dev_v 0.9339   new_test 0.4622   new_test_h 0.1345   new_test_v 0.9507   
it 11 train 0.6324   train_h 0.0919   train_v 0.9595   dev 0.3510   dev_h 0.1622   dev_v 0.9296   new_test 0.4573   new_test_h 0.1357   new_test_v 0.9523   
it 12 train 0.6393   train_h 0.0902   train_v 0.9594   dev 0.3510   dev_h 0.1622   dev_v 0.9344   new_test 0.4594   new_test_h 0.1352   new_test_v 0.9551   
it 13 train 0.6438   train_h 0.0890   train_v 0.9626   dev 0.3513   dev_h 0.1622   dev_v 0.9342   new_test 0.4602   new_test_h 0.1350   new_test_v 0.9539   
it 14 train 0.6468   train_h 0.0883   train_v 0.9621   dev 0.3498   dev_h 0.1625   dev_v 0.9308   new_test 0.4557   new_test_h 0.1361   new_test_v 0.9535   
it 15 train 0.6501   train_h 0.0875   train_v 0.9626   dev 0.3481   dev_h 0.1630   dev_v 0.9320   new_test 0.4565   new_test_h 0.1359   new_test_v 0.9543   
it 16 train 0.6530   train_h 0.0867   train_v 0.9622   dev 0.3469   dev_h 0.1633   dev_v 0.9311   new_test 0.4537   new_test_h 0.1366   new_test_v 0.9519   
