args Namespace(config='configs/config_l.json', dataset='dataset/IFTTT/msr_data.pkl', load_model=None, mode='train', output='model/ifttt/width-90/', width='90')
configure: {'max_word_id': 3782, 'bidirectional': True, 'cell_type': 'lstm', 'decoder': 'attention', 'embedding_size': 100, 'keep_prob': 0.75, 'memory_size': 100, 'num_units': 100, 'use_embedding': True, 'epoches': 12, 'batch_size': 20, 'init': {'name': 'random_uniform_initializer', 'scale': 0.1}, 'lr_scheduler': {'decay_steps': 5000, 'init_lr': 0.02, 'decay_rate': 0.9, 'staircase': True}, 'max_grad_norm': 1, 'optimizer': 'AdamOptimizer'}
# path 8549
model/ifttt/width-90/dataset-w-90.pkl
load raw and dump to file
numArcLayers: 5
layer:1, node:MDDNode(1,u_1), in=111, out=443
choose: News & information
split in: 111 -> (98,13)
split out: 443 -> (386,60,446)
add: MDDNode(1,u-6) MDDNode(1,u-7), del:MDDNode(1,u_1)
2 (13,60) (98,386) 
layer:1, node:MDDNode(1,u-7), in=98, out=386
choose: Photo & video
split in: 98 -> (89,9)
split out: 386 -> (351,35,386)
add: MDDNode(1,u-8) MDDNode(1,u-9), del:MDDNode(1,u-7)
3 (13,60) (9,35) (89,351) 
layer:1, node:MDDNode(1,u-9), in=89, out=351
choose: Social networks
split in: 89 -> (82,7)
split out: 351 -> (296,55,351)
add: MDDNode(1,u-10) MDDNode(1,u-11), del:MDDNode(1,u-9)
4 (13,60) (9,35) (7,55) (82,296) 
layer:1, node:MDDNode(1,u-11), in=82, out=296
choose: Others
split in: 82 -> (75,7)
split out: 296 -> (280,21,301)
add: MDDNode(1,u-12) MDDNode(1,u-13), del:MDDNode(1,u-11)
5 (13,60) (9,35) (7,55) (7,21) (75,280) 
layer:1, node:MDDNode(1,u-13), in=75, out=280
choose: Bookmarking
split in: 75 -> (69,6)
split out: 280 -> (268,12,280)
add: MDDNode(1,u-14) MDDNode(1,u-15), del:MDDNode(1,u-13)
6 (13,60) (9,35) (7,55) (7,21) (6,12) (69,268) 
layer:1, node:MDDNode(1,u-15), in=69, out=268
choose: Shopping
split in: 69 -> (63,6)
split out: 268 -> (245,23,268)
add: MDDNode(1,u-16) MDDNode(1,u-17), del:MDDNode(1,u-15)
7 (13,60) (9,35) (7,55) (7,21) (6,12) (6,23) (63,245) 
layer:1, node:MDDNode(1,u-17), in=63, out=245
choose: Security & monitoring systems
split in: 63 -> (58,5)
split out: 245 -> (228,18,246)
add: MDDNode(1,u-18) MDDNode(1,u-19), del:MDDNode(1,u-17)
8 (13,60) (9,35) (7,55) (7,21) (6,12) (6,23) (5,18) (58,228) 
layer:1, node:MDDNode(1,u-19), in=58, out=228
choose: Mobile devices & accessories
split in: 58 -> (54,4)
split out: 228 -> (216,12,228)
add: MDDNode(1,u-20) MDDNode(1,u-21), del:MDDNode(1,u-19)
9 (13,60) (9,35) (7,55) (7,21) (6,12) (6,23) (5,18) (4,12) (54,216) 
layer:1, node:MDDNode(1,u-21), in=54, out=216
choose: Health & fitness
split in: 54 -> (50,4)
split out: 216 -> (191,26,217)
add: MDDNode(1,u-22) MDDNode(1,u-23), del:MDDNode(1,u-21)
10 (13,60) (9,35) (7,55) (7,21) (6,12) (6,23) (5,18) (4,12) (4,26) (50,191) 
layer:1, node:MDDNode(1,u-23), in=50, out=191
choose: Finance & payments
split in: 50 -> (46,4)
split out: 191 -> (174,17,191)
add: MDDNode(1,u-24) MDDNode(1,u-25), del:MDDNode(1,u-23)
11 (13,60) (9,35) (7,55) (7,21) (6,12) (6,23) (5,18) (4,12) (4,26) (4,17) (46,174) 
layer:1, node:MDDNode(1,u-25), in=46, out=174
choose: Communication
split in: 46 -> (43,3)
split out: 174 -> (161,13,174)
add: MDDNode(1,u-26) MDDNode(1,u-27), del:MDDNode(1,u-25)
12 (13,60) (9,35) (7,55) (7,21) (6,12) (6,23) (5,18) (4,12) (4,26) (4,17) (3,13) (43,161) 
layer:1, node:MDDNode(1,u-27), in=43, out=161
choose: Blogging
split in: 43 -> (40,3)
split out: 161 -> (148,13,161)
add: MDDNode(1,u-28) MDDNode(1,u-29), del:MDDNode(1,u-27)
13 (13,60) (9,35) (7,55) (7,21) (6,12) (6,23) (5,18) (4,12) (4,26) (4,17) (3,13) (3,13) (40,148) 
layer:1, node:MDDNode(1,u-29), in=40, out=148
choose: Gardening
split in: 40 -> (37,3)
split out: 148 -> (139,9,148)
add: MDDNode(1,u-30) MDDNode(1,u-31), del:MDDNode(1,u-29)
14 (13,60) (9,35) (7,55) (7,21) (6,12) (6,23) (5,18) (4,12) (4,26) (4,17) (3,13) (3,13) (3,9) (37,139) 
layer:1, node:MDDNode(1,u-31), in=37, out=139
choose: Weather
split in: 37 -> (34,3)
split out: 139 -> (113,30,143)
add: MDDNode(1,u-32) MDDNode(1,u-33), del:MDDNode(1,u-31)
15 (13,60) (9,35) (7,55) (7,21) (6,12) (6,23) (5,18) (4,12) (4,26) (4,17) (3,13) (3,13) (3,9) (3,30) (34,113) 
layer:1, node:MDDNode(1,u-33), in=34, out=113
choose: Power monitoring & management
split in: 34 -> (31,3)
split out: 113 -> (104,11,115)
add: MDDNode(1,u-34) MDDNode(1,u-35), del:MDDNode(1,u-33)
16 (13,60) (9,35) (7,55) (7,21) (6,12) (6,23) (5,18) (4,12) (4,26) (4,17) (3,13) (3,13) (3,9) (3,30) (3,11) (31,104) 
layer:1, node:MDDNode(1,u-35), in=31, out=104
choose: Environment control & monitoring
split in: 31 -> (28,3)
split out: 104 -> (97,9,106)
add: MDDNode(1,u-36) MDDNode(1,u-37), del:MDDNode(1,u-35)
17 (13,60) (9,35) (7,55) (7,21) (6,12) (6,23) (5,18) (4,12) (4,26) (4,17) (3,13) (3,13) (3,9) (3,30) (3,11) (3,9) (28,97) 
layer:1, node:MDDNode(1,u-37), in=28, out=97
choose: Email
split in: 28 -> (25,3)
split out: 97 -> (87,10,97)
add: MDDNode(1,u-38) MDDNode(1,u-39), del:MDDNode(1,u-37)
18 (13,60) (9,35) (7,55) (7,21) (6,12) (6,23) (5,18) (4,12) (4,26) (4,17) (3,13) (3,13) (3,9) (3,30) (3,11) (3,9) (3,10) (25,87) 
layer:1, node:MDDNode(1,u-39), in=25, out=87
choose: Smart hubs & systems
split in: 25 -> (22,3)
split out: 87 -> (69,20,89)
add: MDDNode(1,u-40) MDDNode(1,u-41), del:MDDNode(1,u-39)
19 (13,60) (9,35) (7,55) (7,21) (6,12) (6,23) (5,18) (4,12) (4,26) (4,17) (3,13) (3,13) (3,9) (3,30) (3,11) (3,9) (3,10) (3,20) (22,69) 
layer:1, node:MDDNode(1,u-41), in=22, out=69
choose: Calendars & scheduling
split in: 22 -> (20,2)
split out: 69 -> (61,8,69)
add: MDDNode(1,u-42) MDDNode(1,u-43), del:MDDNode(1,u-41)
20 (13,60) (9,35) (7,55) (7,21) (6,12) (6,23) (5,18) (4,12) (4,26) (4,17) (3,13) (3,13) (3,9) (3,30) (3,11) (3,9) (3,10) (3,20) (2,8) (20,61) 
layer:1, node:MDDNode(1,u-43), in=20, out=61
choose: Connected car
split in: 20 -> (18,2)
split out: 61 -> (51,10,61)
add: MDDNode(1,u-44) MDDNode(1,u-45), del:MDDNode(1,u-43)
21 (13,60) (9,35) (7,55) (7,21) (6,12) (6,23) (5,18) (4,12) (4,26) (4,17) (3,13) (3,13) (3,9) (3,30) (3,11) (3,9) (3,10) (3,20) (2,8) (2,10) (18,51) 
layer:1, node:MDDNode(1,u-45), in=18, out=51
choose: Notifications
split in: 18 -> (16,2)
split out: 51 -> (48,3,51)
add: MDDNode(1,u-46) MDDNode(1,u-47), del:MDDNode(1,u-45)
22 (13,60) (9,35) (7,55) (7,21) (6,12) (6,23) (5,18) (4,12) (4,26) (4,17) (3,13) (3,13) (3,9) (3,30) (3,11) (3,9) (3,10) (3,20) (2,8) (2,10) (2,3) (16,48) 
layer:1, node:MDDNode(1,u-47), in=16, out=48
choose: Contacts
split in: 16 -> (14,2)
split out: 48 -> (45,3,48)
add: MDDNode(1,u-48) MDDNode(1,u-49), del:MDDNode(1,u-47)
23 (13,60) (9,35) (7,55) (7,21) (6,12) (6,23) (5,18) (4,12) (4,26) (4,17) (3,13) (3,13) (3,9) (3,30) (3,11) (3,9) (3,10) (3,20) (2,8) (2,10) (2,3) (2,3) (14,45) 
layer:1, node:MDDNode(1,u-49), in=14, out=45
choose: Appliances
split in: 14 -> (12,2)
split out: 45 -> (43,2,45)
add: MDDNode(1,u-50) MDDNode(1,u-51), del:MDDNode(1,u-49)
24 (13,60) (9,35) (7,55) (7,21) (6,12) (6,23) (5,18) (4,12) (4,26) (4,17) (3,13) (3,13) (3,9) (3,30) (3,11) (3,9) (3,10) (3,20) (2,8) (2,10) (2,3) (2,3) (2,2) (12,43) 
layer:1, node:MDDNode(1,u-6), in=13, out=60
split in: 13 -> (12,1)
split out: 60 -> (54,6,60)
add: MDDNode(1,u-52) MDDNode(1,u-53), del:MDDNode(1,u-6)
25 (9,35) (7,55) (7,21) (6,12) (6,23) (5,18) (4,12) (4,26) (4,17) (3,13) (3,13) (3,9) (3,30) (3,11) (3,9) (3,10) (3,20) (2,8) (2,10) (2,3) (2,3) (2,2) (12,43) (1,6) (12,54) 
layer:1, node:MDDNode(1,u-51), in=12, out=43
choose: DIY electronics
split in: 12 -> (10,2)
split out: 43 -> (41,2,43)
add: MDDNode(1,u-54) MDDNode(1,u-55), del:MDDNode(1,u-51)
26 (9,35) (7,55) (7,21) (6,12) (6,23) (5,18) (4,12) (4,26) (4,17) (3,13) (3,13) (3,9) (3,30) (3,11) (3,9) (3,10) (3,20) (2,8) (2,10) (2,3) (2,3) (2,2) (1,6) (12,54) (2,2) (10,41) 
layer:1, node:MDDNode(1,u-53), in=12, out=54
split in: 12 -> (11,1)
split out: 54 -> (50,4,54)
add: MDDNode(1,u-56) MDDNode(1,u-57), del:MDDNode(1,u-53)
27 (9,35) (7,55) (7,21) (6,12) (6,23) (5,18) (4,12) (4,26) (4,17) (3,13) (3,13) (3,9) (3,30) (3,11) (3,9) (3,10) (3,20) (2,8) (2,10) (2,3) (2,3) (2,2) (1,6) (2,2) (10,41) (1,4) (11,50) 
layer:1, node:MDDNode(1,u-57), in=11, out=50
split in: 11 -> (10,1)
split out: 50 -> (46,4,50)
add: MDDNode(1,u-58) MDDNode(1,u-59), del:MDDNode(1,u-57)
28 (9,35) (7,55) (7,21) (6,12) (6,23) (5,18) (4,12) (4,26) (4,17) (3,13) (3,13) (3,9) (3,30) (3,11) (3,9) (3,10) (3,20) (2,8) (2,10) (2,3) (2,3) (2,2) (1,6) (2,2) (10,41) (1,4) (1,4) (10,46) 
layer:1, node:MDDNode(1,u-55), in=10, out=41
choose: Task management & to-dos
split in: 10 -> (8,2)
split out: 41 -> (30,11,41)
add: MDDNode(1,u-60) MDDNode(1,u-61), del:MDDNode(1,u-55)
29 (9,35) (7,55) (7,21) (6,12) (6,23) (5,18) (4,12) (4,26) (4,17) (3,13) (3,13) (3,9) (3,30) (3,11) (3,9) (3,10) (3,20) (2,8) (2,10) (2,3) (2,3) (2,2) (1,6) (2,2) (1,4) (1,4) (10,46) (2,11) (8,30) 
layer:1, node:MDDNode(1,u-59), in=10, out=46
split in: 10 -> (9,1)
split out: 46 -> (40,6,46)
add: MDDNode(1,u-62) MDDNode(1,u-63), del:MDDNode(1,u-59)
30 (9,35) (7,55) (7,21) (6,12) (6,23) (5,18) (4,12) (4,26) (4,17) (3,13) (3,13) (3,9) (3,30) (3,11) (3,9) (3,10) (3,20) (2,8) (2,10) (2,3) (2,3) (2,2) (1,6) (2,2) (1,4) (1,4) (2,11) (8,30) (1,6) (9,40) 
layer:1, node:MDDNode(1,u-8), in=9, out=35
split in: 9 -> (8,1)
split out: 35 -> (33,3,36)
add: MDDNode(1,u-64) MDDNode(1,u-65), del:MDDNode(1,u-8)
31 (7,55) (7,21) (6,12) (6,23) (5,18) (4,12) (4,26) (4,17) (3,13) (3,13) (3,9) (3,30) (3,11) (3,9) (3,10) (3,20) (2,8) (2,10) (2,3) (2,3) (2,2) (1,6) (2,2) (1,4) (1,4) (2,11) (8,30) (1,6) (9,40) (1,3) (8,33) 
layer:1, node:MDDNode(1,u-63), in=9, out=40
split in: 9 -> (8,1)
split out: 40 -> (32,8,40)
add: MDDNode(1,u-66) MDDNode(1,u-67), del:MDDNode(1,u-63)
32 (7,55) (7,21) (6,12) (6,23) (5,18) (4,12) (4,26) (4,17) (3,13) (3,13) (3,9) (3,30) (3,11) (3,9) (3,10) (3,20) (2,8) (2,10) (2,3) (2,3) (2,2) (1,6) (2,2) (1,4) (1,4) (2,11) (8,30) (1,6) (1,3) (8,33) (1,8) (8,32) 
layer:1, node:MDDNode(1,u-61), in=8, out=30
choose: Lighting
split in: 8 -> (7,1)
split out: 30 -> (27,3,30)
add: MDDNode(1,u-68) MDDNode(1,u-69), del:MDDNode(1,u-61)
33 (7,55) (7,21) (6,12) (6,23) (5,18) (4,12) (4,26) (4,17) (3,13) (3,13) (3,9) (3,30) (3,11) (3,9) (3,10) (3,20) (2,8) (2,10) (2,3) (2,3) (2,2) (1,6) (2,2) (1,4) (1,4) (2,11) (1,6) (1,3) (8,33) (1,8) (8,32) (1,3) (7,27) 
layer:1, node:MDDNode(1,u-65), in=8, out=33
split in: 8 -> (7,1)
split out: 33 -> (27,6,33)
add: MDDNode(1,u-70) MDDNode(1,u-71), del:MDDNode(1,u-65)
34 (7,55) (7,21) (6,12) (6,23) (5,18) (4,12) (4,26) (4,17) (3,13) (3,13) (3,9) (3,30) (3,11) (3,9) (3,10) (3,20) (2,8) (2,10) (2,3) (2,3) (2,2) (1,6) (2,2) (1,4) (1,4) (2,11) (1,6) (1,3) (1,8) (8,32) (1,3) (7,27) (1,6) (7,27) 
layer:1, node:MDDNode(1,u-67), in=8, out=32
split in: 8 -> (7,1)
split out: 32 -> (24,8,32)
add: MDDNode(1,u-72) MDDNode(1,u-73), del:MDDNode(1,u-67)
35 (7,55) (7,21) (6,12) (6,23) (5,18) (4,12) (4,26) (4,17) (3,13) (3,13) (3,9) (3,30) (3,11) (3,9) (3,10) (3,20) (2,8) (2,10) (2,3) (2,3) (2,2) (1,6) (2,2) (1,4) (1,4) (2,11) (1,6) (1,3) (1,8) (1,3) (7,27) (1,6) (7,27) (1,8) (7,24) 
layer:1, node:MDDNode(1,u-10), in=7, out=55
split in: 7 -> (6,1)
split out: 55 -> (49,6,55)
add: MDDNode(1,u-74) MDDNode(1,u-75), del:MDDNode(1,u-10)
36 (7,21) (6,12) (6,23) (5,18) (4,12) (4,26) (4,17) (3,13) (3,13) (3,9) (3,30) (3,11) (3,9) (3,10) (3,20) (2,8) (2,10) (2,3) (2,3) (2,2) (1,6) (2,2) (1,4) (1,4) (2,11) (1,6) (1,3) (1,8) (1,3) (7,27) (1,6) (7,27) (1,8) (7,24) (1,6) (6,49) 
layer:1, node:MDDNode(1,u-12), in=7, out=21
split in: 7 -> (6,1)
split out: 21 -> (8,13,21)
add: MDDNode(1,u-76) MDDNode(1,u-77), del:MDDNode(1,u-12)
37 (6,12) (6,23) (5,18) (4,12) (4,26) (4,17) (3,13) (3,13) (3,9) (3,30) (3,11) (3,9) (3,10) (3,20) (2,8) (2,10) (2,3) (2,3) (2,2) (1,6) (2,2) (1,4) (1,4) (2,11) (1,6) (1,3) (1,8) (1,3) (7,27) (1,6) (7,27) (1,8) (7,24) (1,6) (6,49) (1,13) (6,8) 
layer:1, node:MDDNode(1,u-69), in=7, out=27
choose: Music
split in: 7 -> (6,1)
split out: 27 -> (23,4,27)
add: MDDNode(1,u-78) MDDNode(1,u-79), del:MDDNode(1,u-69)
38 (6,12) (6,23) (5,18) (4,12) (4,26) (4,17) (3,13) (3,13) (3,9) (3,30) (3,11) (3,9) (3,10) (3,20) (2,8) (2,10) (2,3) (2,3) (2,2) (1,6) (2,2) (1,4) (1,4) (2,11) (1,6) (1,3) (1,8) (1,3) (1,6) (7,27) (1,8) (7,24) (1,6) (6,49) (1,13) (6,8) (1,4) (6,23) 
layer:1, node:MDDNode(1,u-71), in=7, out=27
split in: 7 -> (6,1)
split out: 27 -> (21,6,27)
add: MDDNode(1,u-80) MDDNode(1,u-81), del:MDDNode(1,u-71)
39 (6,12) (6,23) (5,18) (4,12) (4,26) (4,17) (3,13) (3,13) (3,9) (3,30) (3,11) (3,9) (3,10) (3,20) (2,8) (2,10) (2,3) (2,3) (2,2) (1,6) (2,2) (1,4) (1,4) (2,11) (1,6) (1,3) (1,8) (1,3) (1,6) (1,8) (7,24) (1,6) (6,49) (1,13) (6,8) (1,4) (6,23) (1,6) (6,21) 
layer:1, node:MDDNode(1,u-73), in=7, out=24
split in: 7 -> (6,1)
split out: 24 -> (24,2,26)
add: MDDNode(1,u-82) MDDNode(1,u-83), del:MDDNode(1,u-73)
40 (6,12) (6,23) (5,18) (4,12) (4,26) (4,17) (3,13) (3,13) (3,9) (3,30) (3,11) (3,9) (3,10) (3,20) (2,8) (2,10) (2,3) (2,3) (2,2) (1,6) (2,2) (1,4) (1,4) (2,11) (1,6) (1,3) (1,8) (1,3) (1,6) (1,8) (1,6) (6,49) (1,13) (6,8) (1,4) (6,23) (1,6) (6,21) (1,2) (6,24) 
layer:1, node:MDDNode(1,u-14), in=6, out=12
split in: 6 -> (5,1)
split out: 12 -> (12,2,14)
add: MDDNode(1,u-84) MDDNode(1,u-85), del:MDDNode(1,u-14)
41 (6,23) (5,18) (4,12) (4,26) (4,17) (3,13) (3,13) (3,9) (3,30) (3,11) (3,9) (3,10) (3,20) (2,8) (2,10) (2,3) (2,3) (2,2) (1,6) (2,2) (1,4) (1,4) (2,11) (1,6) (1,3) (1,8) (1,3) (1,6) (1,8) (1,6) (6,49) (1,13) (6,8) (1,4) (6,23) (1,6) (6,21) (1,2) (6,24) (1,2) (5,12) 
layer:1, node:MDDNode(1,u-16), in=6, out=23
split in: 6 -> (5,1)
split out: 23 -> (22,1,23)
add: MDDNode(1,u-86) MDDNode(1,u-87), del:MDDNode(1,u-16)
42 (5,18) (4,12) (4,26) (4,17) (3,13) (3,13) (3,9) (3,30) (3,11) (3,9) (3,10) (3,20) (2,8) (2,10) (2,3) (2,3) (2,2) (1,6) (2,2) (1,4) (1,4) (2,11) (1,6) (1,3) (1,8) (1,3) (1,6) (1,8) (1,6) (6,49) (1,13) (6,8) (1,4) (6,23) (1,6) (6,21) (1,2) (6,24) (1,2) (5,12) (1,1) (5,22) 
layer:1, node:MDDNode(1,u-75), in=6, out=49
split in: 6 -> (5,1)
split out: 49 -> (42,7,49)
add: MDDNode(1,u-88) MDDNode(1,u-89), del:MDDNode(1,u-75)
43 (5,18) (4,12) (4,26) (4,17) (3,13) (3,13) (3,9) (3,30) (3,11) (3,9) (3,10) (3,20) (2,8) (2,10) (2,3) (2,3) (2,2) (1,6) (2,2) (1,4) (1,4) (2,11) (1,6) (1,3) (1,8) (1,3) (1,6) (1,8) (1,6) (1,13) (6,8) (1,4) (6,23) (1,6) (6,21) (1,2) (6,24) (1,2) (5,12) (1,1) (5,22) (1,7) (5,42) 
layer:1, node:MDDNode(1,u-77), in=6, out=8
split in: 6 -> (5,1)
split out: 8 -> (6,2,8)
add: MDDNode(1,u-90) MDDNode(1,u-91), del:MDDNode(1,u-77)
44 (5,18) (4,12) (4,26) (4,17) (3,13) (3,13) (3,9) (3,30) (3,11) (3,9) (3,10) (3,20) (2,8) (2,10) (2,3) (2,3) (2,2) (1,6) (2,2) (1,4) (1,4) (2,11) (1,6) (1,3) (1,8) (1,3) (1,6) (1,8) (1,6) (1,13) (1,4) (6,23) (1,6) (6,21) (1,2) (6,24) (1,2) (5,12) (1,1) (5,22) (1,7) (5,42) (1,2) (5,6) 
layer:1, node:MDDNode(1,u-79), in=6, out=23
choose: Cloud storage
split in: 6 -> (5,1)
split out: 23 -> (21,2,23)
add: MDDNode(1,u-92) MDDNode(1,u-93), del:MDDNode(1,u-79)
45 (5,18) (4,12) (4,26) (4,17) (3,13) (3,13) (3,9) (3,30) (3,11) (3,9) (3,10) (3,20) (2,8) (2,10) (2,3) (2,3) (2,2) (1,6) (2,2) (1,4) (1,4) (2,11) (1,6) (1,3) (1,8) (1,3) (1,6) (1,8) (1,6) (1,13) (1,4) (1,6) (6,21) (1,2) (6,24) (1,2) (5,12) (1,1) (5,22) (1,7) (5,42) (1,2) (5,6) (1,2) (5,21) 
layer:1, node:MDDNode(1,u-81), in=6, out=21
split in: 6 -> (5,1)
split out: 21 -> (20,2,22)
add: MDDNode(1,u-94) MDDNode(1,u-95), del:MDDNode(1,u-81)
46 (5,18) (4,12) (4,26) (4,17) (3,13) (3,13) (3,9) (3,30) (3,11) (3,9) (3,10) (3,20) (2,8) (2,10) (2,3) (2,3) (2,2) (1,6) (2,2) (1,4) (1,4) (2,11) (1,6) (1,3) (1,8) (1,3) (1,6) (1,8) (1,6) (1,13) (1,4) (1,6) (1,2) (6,24) (1,2) (5,12) (1,1) (5,22) (1,7) (5,42) (1,2) (5,6) (1,2) (5,21) (1,2) (5,20) 
layer:1, node:MDDNode(1,u-83), in=6, out=24
split in: 6 -> (5,1)
split out: 24 -> (13,11,24)
add: MDDNode(1,u-96) MDDNode(1,u-97), del:MDDNode(1,u-83)
47 (5,18) (4,12) (4,26) (4,17) (3,13) (3,13) (3,9) (3,30) (3,11) (3,9) (3,10) (3,20) (2,8) (2,10) (2,3) (2,3) (2,2) (1,6) (2,2) (1,4) (1,4) (2,11) (1,6) (1,3) (1,8) (1,3) (1,6) (1,8) (1,6) (1,13) (1,4) (1,6) (1,2) (1,2) (5,12) (1,1) (5,22) (1,7) (5,42) (1,2) (5,6) (1,2) (5,21) (1,2) (5,20) (1,11) (5,13) 
layer:1, node:MDDNode(1,u-18), in=5, out=18
split in: 5 -> (4,1)
split out: 18 -> (11,7,18)
add: MDDNode(1,u-98) MDDNode(1,u-99), del:MDDNode(1,u-18)
48 (4,12) (4,26) (4,17) (3,13) (3,13) (3,9) (3,30) (3,11) (3,9) (3,10) (3,20) (2,8) (2,10) (2,3) (2,3) (2,2) (1,6) (2,2) (1,4) (1,4) (2,11) (1,6) (1,3) (1,8) (1,3) (1,6) (1,8) (1,6) (1,13) (1,4) (1,6) (1,2) (1,2) (5,12) (1,1) (5,22) (1,7) (5,42) (1,2) (5,6) (1,2) (5,21) (1,2) (5,20) (1,11) (5,13) (1,7) (4,11) 
layer:1, node:MDDNode(1,u-85), in=5, out=12
split in: 5 -> (4,1)
split out: 12 -> (8,4,12)
add: MDDNode(1,u-100) MDDNode(1,u-101), del:MDDNode(1,u-85)
49 (4,12) (4,26) (4,17) (3,13) (3,13) (3,9) (3,30) (3,11) (3,9) (3,10) (3,20) (2,8) (2,10) (2,3) (2,3) (2,2) (1,6) (2,2) (1,4) (1,4) (2,11) (1,6) (1,3) (1,8) (1,3) (1,6) (1,8) (1,6) (1,13) (1,4) (1,6) (1,2) (1,2) (1,1) (5,22) (1,7) (5,42) (1,2) (5,6) (1,2) (5,21) (1,2) (5,20) (1,11) (5,13) (1,7) (4,11) (1,4) (4,8) 
layer:1, node:MDDNode(1,u-87), in=5, out=22
split in: 5 -> (4,1)
split out: 22 -> (21,1,22)
add: MDDNode(1,u-102) MDDNode(1,u-103), del:MDDNode(1,u-87)
50 (4,12) (4,26) (4,17) (3,13) (3,13) (3,9) (3,30) (3,11) (3,9) (3,10) (3,20) (2,8) (2,10) (2,3) (2,3) (2,2) (1,6) (2,2) (1,4) (1,4) (2,11) (1,6) (1,3) (1,8) (1,3) (1,6) (1,8) (1,6) (1,13) (1,4) (1,6) (1,2) (1,2) (1,1) (1,7) (5,42) (1,2) (5,6) (1,2) (5,21) (1,2) (5,20) (1,11) (5,13) (1,7) (4,11) (1,4) (4,8) (1,1) (4,21) 
layer:1, node:MDDNode(1,u-89), in=5, out=42
split in: 5 -> (4,1)
split out: 42 -> (41,2,43)
add: MDDNode(1,u-104) MDDNode(1,u-105), del:MDDNode(1,u-89)
51 (4,12) (4,26) (4,17) (3,13) (3,13) (3,9) (3,30) (3,11) (3,9) (3,10) (3,20) (2,8) (2,10) (2,3) (2,3) (2,2) (1,6) (2,2) (1,4) (1,4) (2,11) (1,6) (1,3) (1,8) (1,3) (1,6) (1,8) (1,6) (1,13) (1,4) (1,6) (1,2) (1,2) (1,1) (1,7) (1,2) (5,6) (1,2) (5,21) (1,2) (5,20) (1,11) (5,13) (1,7) (4,11) (1,4) (4,8) (1,1) (4,21) (1,2) (4,41) 
layer:1, node:MDDNode(1,u-91), in=5, out=6
split in: 5 -> (4,1)
split out: 6 -> (5,1,6)
add: MDDNode(1,u-106) MDDNode(1,u-107), del:MDDNode(1,u-91)
52 (4,12) (4,26) (4,17) (3,13) (3,13) (3,9) (3,30) (3,11) (3,9) (3,10) (3,20) (2,8) (2,10) (2,3) (2,3) (2,2) (1,6) (2,2) (1,4) (1,4) (2,11) (1,6) (1,3) (1,8) (1,3) (1,6) (1,8) (1,6) (1,13) (1,4) (1,6) (1,2) (1,2) (1,1) (1,7) (1,2) (1,2) (5,21) (1,2) (5,20) (1,11) (5,13) (1,7) (4,11) (1,4) (4,8) (1,1) (4,21) (1,2) (4,41) (1,1) (4,5) 
layer:1, node:MDDNode(1,u-93), in=5, out=21
choose: Business tools
split in: 5 -> (4,1)
split out: 21 -> (19,2,21)
add: MDDNode(1,u-108) MDDNode(1,u-109), del:MDDNode(1,u-93)
53 (4,12) (4,26) (4,17) (3,13) (3,13) (3,9) (3,30) (3,11) (3,9) (3,10) (3,20) (2,8) (2,10) (2,3) (2,3) (2,2) (1,6) (2,2) (1,4) (1,4) (2,11) (1,6) (1,3) (1,8) (1,3) (1,6) (1,8) (1,6) (1,13) (1,4) (1,6) (1,2) (1,2) (1,1) (1,7) (1,2) (1,2) (1,2) (5,20) (1,11) (5,13) (1,7) (4,11) (1,4) (4,8) (1,1) (4,21) (1,2) (4,41) (1,1) (4,5) (1,2) (4,19) 
layer:1, node:MDDNode(1,u-95), in=5, out=20
split in: 5 -> (4,1)
split out: 20 -> (15,5,20)
add: MDDNode(1,u-110) MDDNode(1,u-111), del:MDDNode(1,u-95)
54 (4,12) (4,26) (4,17) (3,13) (3,13) (3,9) (3,30) (3,11) (3,9) (3,10) (3,20) (2,8) (2,10) (2,3) (2,3) (2,2) (1,6) (2,2) (1,4) (1,4) (2,11) (1,6) (1,3) (1,8) (1,3) (1,6) (1,8) (1,6) (1,13) (1,4) (1,6) (1,2) (1,2) (1,1) (1,7) (1,2) (1,2) (1,2) (1,11) (5,13) (1,7) (4,11) (1,4) (4,8) (1,1) (4,21) (1,2) (4,41) (1,1) (4,5) (1,2) (4,19) (1,5) (4,15) 
layer:1, node:MDDNode(1,u-97), in=5, out=13
split in: 5 -> (4,1)
split out: 13 -> (5,8,13)
add: MDDNode(1,u-112) MDDNode(1,u-113), del:MDDNode(1,u-97)
55 (4,12) (4,26) (4,17) (3,13) (3,13) (3,9) (3,30) (3,11) (3,9) (3,10) (3,20) (2,8) (2,10) (2,3) (2,3) (2,2) (1,6) (2,2) (1,4) (1,4) (2,11) (1,6) (1,3) (1,8) (1,3) (1,6) (1,8) (1,6) (1,13) (1,4) (1,6) (1,2) (1,2) (1,1) (1,7) (1,2) (1,2) (1,2) (1,11) (1,7) (4,11) (1,4) (4,8) (1,1) (4,21) (1,2) (4,41) (1,1) (4,5) (1,2) (4,19) (1,5) (4,15) (1,8) (4,5) 
layer:1, node:MDDNode(1,u-20), in=4, out=12
split in: 4 -> (3,1)
split out: 12 -> (8,4,12)
add: MDDNode(1,u-114) MDDNode(1,u-115), del:MDDNode(1,u-20)
56 (4,26) (4,17) (3,13) (3,13) (3,9) (3,30) (3,11) (3,9) (3,10) (3,20) (2,8) (2,10) (2,3) (2,3) (2,2) (1,6) (2,2) (1,4) (1,4) (2,11) (1,6) (1,3) (1,8) (1,3) (1,6) (1,8) (1,6) (1,13) (1,4) (1,6) (1,2) (1,2) (1,1) (1,7) (1,2) (1,2) (1,2) (1,11) (1,7) (4,11) (1,4) (4,8) (1,1) (4,21) (1,2) (4,41) (1,1) (4,5) (1,2) (4,19) (1,5) (4,15) (1,8) (4,5) (1,4) (3,8) 
layer:1, node:MDDNode(1,u-22), in=4, out=26
split in: 4 -> (3,1)
split out: 26 -> (18,8,26)
add: MDDNode(1,u-116) MDDNode(1,u-117), del:MDDNode(1,u-22)
57 (4,17) (3,13) (3,13) (3,9) (3,30) (3,11) (3,9) (3,10) (3,20) (2,8) (2,10) (2,3) (2,3) (2,2) (1,6) (2,2) (1,4) (1,4) (2,11) (1,6) (1,3) (1,8) (1,3) (1,6) (1,8) (1,6) (1,13) (1,4) (1,6) (1,2) (1,2) (1,1) (1,7) (1,2) (1,2) (1,2) (1,11) (1,7) (4,11) (1,4) (4,8) (1,1) (4,21) (1,2) (4,41) (1,1) (4,5) (1,2) (4,19) (1,5) (4,15) (1,8) (4,5) (1,4) (3,8) (1,8) (3,18) 
layer:1, node:MDDNode(1,u-24), in=4, out=17
split in: 4 -> (3,1)
split out: 17 -> (16,1,17)
add: MDDNode(1,u-118) MDDNode(1,u-119), del:MDDNode(1,u-24)
58 (3,13) (3,13) (3,9) (3,30) (3,11) (3,9) (3,10) (3,20) (2,8) (2,10) (2,3) (2,3) (2,2) (1,6) (2,2) (1,4) (1,4) (2,11) (1,6) (1,3) (1,8) (1,3) (1,6) (1,8) (1,6) (1,13) (1,4) (1,6) (1,2) (1,2) (1,1) (1,7) (1,2) (1,2) (1,2) (1,11) (1,7) (4,11) (1,4) (4,8) (1,1) (4,21) (1,2) (4,41) (1,1) (4,5) (1,2) (4,19) (1,5) (4,15) (1,8) (4,5) (1,4) (3,8) (1,8) (3,18) (1,1) (3,16) 
layer:1, node:MDDNode(1,u-99), in=4, out=11
split in: 4 -> (3,1)
split out: 11 -> (6,5,11)
add: MDDNode(1,u-120) MDDNode(1,u-121), del:MDDNode(1,u-99)
59 (3,13) (3,13) (3,9) (3,30) (3,11) (3,9) (3,10) (3,20) (2,8) (2,10) (2,3) (2,3) (2,2) (1,6) (2,2) (1,4) (1,4) (2,11) (1,6) (1,3) (1,8) (1,3) (1,6) (1,8) (1,6) (1,13) (1,4) (1,6) (1,2) (1,2) (1,1) (1,7) (1,2) (1,2) (1,2) (1,11) (1,7) (1,4) (4,8) (1,1) (4,21) (1,2) (4,41) (1,1) (4,5) (1,2) (4,19) (1,5) (4,15) (1,8) (4,5) (1,4) (3,8) (1,8) (3,18) (1,1) (3,16) (1,5) (3,6) 
layer:1, node:MDDNode(1,u-101), in=4, out=8
split in: 4 -> (3,1)
split out: 8 -> (8,2,10)
add: MDDNode(1,u-122) MDDNode(1,u-123), del:MDDNode(1,u-101)
60 (3,13) (3,13) (3,9) (3,30) (3,11) (3,9) (3,10) (3,20) (2,8) (2,10) (2,3) (2,3) (2,2) (1,6) (2,2) (1,4) (1,4) (2,11) (1,6) (1,3) (1,8) (1,3) (1,6) (1,8) (1,6) (1,13) (1,4) (1,6) (1,2) (1,2) (1,1) (1,7) (1,2) (1,2) (1,2) (1,11) (1,7) (1,4) (1,1) (4,21) (1,2) (4,41) (1,1) (4,5) (1,2) (4,19) (1,5) (4,15) (1,8) (4,5) (1,4) (3,8) (1,8) (3,18) (1,1) (3,16) (1,5) (3,6) (1,2) (3,8) 
layer:1, node:MDDNode(1,u-103), in=4, out=21
split in: 4 -> (3,1)
split out: 21 -> (19,2,21)
add: MDDNode(1,u-124) MDDNode(1,u-125), del:MDDNode(1,u-103)
61 (3,13) (3,13) (3,9) (3,30) (3,11) (3,9) (3,10) (3,20) (2,8) (2,10) (2,3) (2,3) (2,2) (1,6) (2,2) (1,4) (1,4) (2,11) (1,6) (1,3) (1,8) (1,3) (1,6) (1,8) (1,6) (1,13) (1,4) (1,6) (1,2) (1,2) (1,1) (1,7) (1,2) (1,2) (1,2) (1,11) (1,7) (1,4) (1,1) (1,2) (4,41) (1,1) (4,5) (1,2) (4,19) (1,5) (4,15) (1,8) (4,5) (1,4) (3,8) (1,8) (3,18) (1,1) (3,16) (1,5) (3,6) (1,2) (3,8) (1,2) (3,19) 
layer:1, node:MDDNode(1,u-105), in=4, out=41
split in: 4 -> (3,1)
split out: 41 -> (32,9,41)
add: MDDNode(1,u-126) MDDNode(1,u-127), del:MDDNode(1,u-105)
62 (3,13) (3,13) (3,9) (3,30) (3,11) (3,9) (3,10) (3,20) (2,8) (2,10) (2,3) (2,3) (2,2) (1,6) (2,2) (1,4) (1,4) (2,11) (1,6) (1,3) (1,8) (1,3) (1,6) (1,8) (1,6) (1,13) (1,4) (1,6) (1,2) (1,2) (1,1) (1,7) (1,2) (1,2) (1,2) (1,11) (1,7) (1,4) (1,1) (1,2) (1,1) (4,5) (1,2) (4,19) (1,5) (4,15) (1,8) (4,5) (1,4) (3,8) (1,8) (3,18) (1,1) (3,16) (1,5) (3,6) (1,2) (3,8) (1,2) (3,19) (1,9) (3,32) 
layer:1, node:MDDNode(1,u-107), in=4, out=5
split in: 4 -> (3,1)
split out: 5 -> (4,1,5)
add: MDDNode(1,u-128) MDDNode(1,u-129), del:MDDNode(1,u-107)
63 (3,13) (3,13) (3,9) (3,30) (3,11) (3,9) (3,10) (3,20) (2,8) (2,10) (2,3) (2,3) (2,2) (1,6) (2,2) (1,4) (1,4) (2,11) (1,6) (1,3) (1,8) (1,3) (1,6) (1,8) (1,6) (1,13) (1,4) (1,6) (1,2) (1,2) (1,1) (1,7) (1,2) (1,2) (1,2) (1,11) (1,7) (1,4) (1,1) (1,2) (1,1) (1,2) (4,19) (1,5) (4,15) (1,8) (4,5) (1,4) (3,8) (1,8) (3,18) (1,1) (3,16) (1,5) (3,6) (1,2) (3,8) (1,2) (3,19) (1,9) (3,32) (1,1) (3,4) 
layer:1, node:MDDNode(1,u-109), in=4, out=19
choose: Developer tools
split in: 4 -> (3,1)
split out: 19 -> (14,5,19)
add: MDDNode(1,u-130) MDDNode(1,u-131), del:MDDNode(1,u-109)
64 (3,13) (3,13) (3,9) (3,30) (3,11) (3,9) (3,10) (3,20) (2,8) (2,10) (2,3) (2,3) (2,2) (1,6) (2,2) (1,4) (1,4) (2,11) (1,6) (1,3) (1,8) (1,3) (1,6) (1,8) (1,6) (1,13) (1,4) (1,6) (1,2) (1,2) (1,1) (1,7) (1,2) (1,2) (1,2) (1,11) (1,7) (1,4) (1,1) (1,2) (1,1) (1,2) (1,5) (4,15) (1,8) (4,5) (1,4) (3,8) (1,8) (3,18) (1,1) (3,16) (1,5) (3,6) (1,2) (3,8) (1,2) (3,19) (1,9) (3,32) (1,1) (3,4) (1,5) (3,14) 
layer:1, node:MDDNode(1,u-111), in=4, out=15
split in: 4 -> (3,1)
split out: 15 -> (15,3,18)
add: MDDNode(1,u-132) MDDNode(1,u-133), del:MDDNode(1,u-111)
65 (3,13) (3,13) (3,9) (3,30) (3,11) (3,9) (3,10) (3,20) (2,8) (2,10) (2,3) (2,3) (2,2) (1,6) (2,2) (1,4) (1,4) (2,11) (1,6) (1,3) (1,8) (1,3) (1,6) (1,8) (1,6) (1,13) (1,4) (1,6) (1,2) (1,2) (1,1) (1,7) (1,2) (1,2) (1,2) (1,11) (1,7) (1,4) (1,1) (1,2) (1,1) (1,2) (1,5) (1,8) (4,5) (1,4) (3,8) (1,8) (3,18) (1,1) (3,16) (1,5) (3,6) (1,2) (3,8) (1,2) (3,19) (1,9) (3,32) (1,1) (3,4) (1,5) (3,14) (1,3) (3,15) 
layer:1, node:MDDNode(1,u-113), in=4, out=5
split in: 4 -> (3,1)
split out: 5 -> (3,2,5)
add: MDDNode(1,u-134) MDDNode(1,u-135), del:MDDNode(1,u-113)
66 (3,13) (3,13) (3,9) (3,30) (3,11) (3,9) (3,10) (3,20) (2,8) (2,10) (2,3) (2,3) (2,2) (1,6) (2,2) (1,4) (1,4) (2,11) (1,6) (1,3) (1,8) (1,3) (1,6) (1,8) (1,6) (1,13) (1,4) (1,6) (1,2) (1,2) (1,1) (1,7) (1,2) (1,2) (1,2) (1,11) (1,7) (1,4) (1,1) (1,2) (1,1) (1,2) (1,5) (1,8) (1,4) (3,8) (1,8) (3,18) (1,1) (3,16) (1,5) (3,6) (1,2) (3,8) (1,2) (3,19) (1,9) (3,32) (1,1) (3,4) (1,5) (3,14) (1,3) (3,15) (1,2) (3,3) 
layer:1, node:MDDNode(1,u-26), in=3, out=13
split in: 3 -> (2,1)
split out: 13 -> (7,6,13)
add: MDDNode(1,u-136) MDDNode(1,u-137), del:MDDNode(1,u-26)
67 (3,13) (3,9) (3,30) (3,11) (3,9) (3,10) (3,20) (2,8) (2,10) (2,3) (2,3) (2,2) (1,6) (2,2) (1,4) (1,4) (2,11) (1,6) (1,3) (1,8) (1,3) (1,6) (1,8) (1,6) (1,13) (1,4) (1,6) (1,2) (1,2) (1,1) (1,7) (1,2) (1,2) (1,2) (1,11) (1,7) (1,4) (1,1) (1,2) (1,1) (1,2) (1,5) (1,8) (1,4) (3,8) (1,8) (3,18) (1,1) (3,16) (1,5) (3,6) (1,2) (3,8) (1,2) (3,19) (1,9) (3,32) (1,1) (3,4) (1,5) (3,14) (1,3) (3,15) (1,2) (3,3) (1,6) (2,7) 
layer:1, node:MDDNode(1,u-28), in=3, out=13
split in: 3 -> (2,1)
split out: 13 -> (12,2,14)
add: MDDNode(1,u-138) MDDNode(1,u-139), del:MDDNode(1,u-28)
68 (3,9) (3,30) (3,11) (3,9) (3,10) (3,20) (2,8) (2,10) (2,3) (2,3) (2,2) (1,6) (2,2) (1,4) (1,4) (2,11) (1,6) (1,3) (1,8) (1,3) (1,6) (1,8) (1,6) (1,13) (1,4) (1,6) (1,2) (1,2) (1,1) (1,7) (1,2) (1,2) (1,2) (1,11) (1,7) (1,4) (1,1) (1,2) (1,1) (1,2) (1,5) (1,8) (1,4) (3,8) (1,8) (3,18) (1,1) (3,16) (1,5) (3,6) (1,2) (3,8) (1,2) (3,19) (1,9) (3,32) (1,1) (3,4) (1,5) (3,14) (1,3) (3,15) (1,2) (3,3) (1,6) (2,7) (1,2) (2,12) 
layer:1, node:MDDNode(1,u-30), in=3, out=9
split in: 3 -> (2,1)
split out: 9 -> (4,5,9)
add: MDDNode(1,u-140) MDDNode(1,u-141), del:MDDNode(1,u-30)
69 (3,30) (3,11) (3,9) (3,10) (3,20) (2,8) (2,10) (2,3) (2,3) (2,2) (1,6) (2,2) (1,4) (1,4) (2,11) (1,6) (1,3) (1,8) (1,3) (1,6) (1,8) (1,6) (1,13) (1,4) (1,6) (1,2) (1,2) (1,1) (1,7) (1,2) (1,2) (1,2) (1,11) (1,7) (1,4) (1,1) (1,2) (1,1) (1,2) (1,5) (1,8) (1,4) (3,8) (1,8) (3,18) (1,1) (3,16) (1,5) (3,6) (1,2) (3,8) (1,2) (3,19) (1,9) (3,32) (1,1) (3,4) (1,5) (3,14) (1,3) (3,15) (1,2) (3,3) (1,6) (2,7) (1,2) (2,12) (1,5) (2,4) 
layer:1, node:MDDNode(1,u-32), in=3, out=30
split in: 3 -> (2,1)
split out: 30 -> (16,14,30)
add: MDDNode(1,u-142) MDDNode(1,u-143), del:MDDNode(1,u-32)
70 (3,11) (3,9) (3,10) (3,20) (2,8) (2,10) (2,3) (2,3) (2,2) (1,6) (2,2) (1,4) (1,4) (2,11) (1,6) (1,3) (1,8) (1,3) (1,6) (1,8) (1,6) (1,13) (1,4) (1,6) (1,2) (1,2) (1,1) (1,7) (1,2) (1,2) (1,2) (1,11) (1,7) (1,4) (1,1) (1,2) (1,1) (1,2) (1,5) (1,8) (1,4) (3,8) (1,8) (3,18) (1,1) (3,16) (1,5) (3,6) (1,2) (3,8) (1,2) (3,19) (1,9) (3,32) (1,1) (3,4) (1,5) (3,14) (1,3) (3,15) (1,2) (3,3) (1,6) (2,7) (1,2) (2,12) (1,5) (2,4) (1,14) (2,16) 
layer:1, node:MDDNode(1,u-34), in=3, out=11
split in: 3 -> (2,1)
split out: 11 -> (6,5,11)
add: MDDNode(1,u-144) MDDNode(1,u-145), del:MDDNode(1,u-34)
71 (3,9) (3,10) (3,20) (2,8) (2,10) (2,3) (2,3) (2,2) (1,6) (2,2) (1,4) (1,4) (2,11) (1,6) (1,3) (1,8) (1,3) (1,6) (1,8) (1,6) (1,13) (1,4) (1,6) (1,2) (1,2) (1,1) (1,7) (1,2) (1,2) (1,2) (1,11) (1,7) (1,4) (1,1) (1,2) (1,1) (1,2) (1,5) (1,8) (1,4) (3,8) (1,8) (3,18) (1,1) (3,16) (1,5) (3,6) (1,2) (3,8) (1,2) (3,19) (1,9) (3,32) (1,1) (3,4) (1,5) (3,14) (1,3) (3,15) (1,2) (3,3) (1,6) (2,7) (1,2) (2,12) (1,5) (2,4) (1,14) (2,16) (1,5) (2,6) 
layer:1, node:MDDNode(1,u-36), in=3, out=9
split in: 3 -> (2,1)
split out: 9 -> (7,4,11)
add: MDDNode(1,u-146) MDDNode(1,u-147), del:MDDNode(1,u-36)
72 (3,10) (3,20) (2,8) (2,10) (2,3) (2,3) (2,2) (1,6) (2,2) (1,4) (1,4) (2,11) (1,6) (1,3) (1,8) (1,3) (1,6) (1,8) (1,6) (1,13) (1,4) (1,6) (1,2) (1,2) (1,1) (1,7) (1,2) (1,2) (1,2) (1,11) (1,7) (1,4) (1,1) (1,2) (1,1) (1,2) (1,5) (1,8) (1,4) (3,8) (1,8) (3,18) (1,1) (3,16) (1,5) (3,6) (1,2) (3,8) (1,2) (3,19) (1,9) (3,32) (1,1) (3,4) (1,5) (3,14) (1,3) (3,15) (1,2) (3,3) (1,6) (2,7) (1,2) (2,12) (1,5) (2,4) (1,14) (2,16) (1,5) (2,6) (1,4) (2,7) 
layer:1, node:MDDNode(1,u-38), in=3, out=10
split in: 3 -> (2,1)
split out: 10 -> (4,6,10)
add: MDDNode(1,u-148) MDDNode(1,u-149), del:MDDNode(1,u-38)
73 (3,20) (2,8) (2,10) (2,3) (2,3) (2,2) (1,6) (2,2) (1,4) (1,4) (2,11) (1,6) (1,3) (1,8) (1,3) (1,6) (1,8) (1,6) (1,13) (1,4) (1,6) (1,2) (1,2) (1,1) (1,7) (1,2) (1,2) (1,2) (1,11) (1,7) (1,4) (1,1) (1,2) (1,1) (1,2) (1,5) (1,8) (1,4) (3,8) (1,8) (3,18) (1,1) (3,16) (1,5) (3,6) (1,2) (3,8) (1,2) (3,19) (1,9) (3,32) (1,1) (3,4) (1,5) (3,14) (1,3) (3,15) (1,2) (3,3) (1,6) (2,7) (1,2) (2,12) (1,5) (2,4) (1,14) (2,16) (1,5) (2,6) (1,4) (2,7) (1,6) (2,4) 
layer:1, node:MDDNode(1,u-40), in=3, out=20
split in: 3 -> (2,1)
split out: 20 -> (4,16,20)
add: MDDNode(1,u-150) MDDNode(1,u-151), del:MDDNode(1,u-40)
74 (2,8) (2,10) (2,3) (2,3) (2,2) (1,6) (2,2) (1,4) (1,4) (2,11) (1,6) (1,3) (1,8) (1,3) (1,6) (1,8) (1,6) (1,13) (1,4) (1,6) (1,2) (1,2) (1,1) (1,7) (1,2) (1,2) (1,2) (1,11) (1,7) (1,4) (1,1) (1,2) (1,1) (1,2) (1,5) (1,8) (1,4) (3,8) (1,8) (3,18) (1,1) (3,16) (1,5) (3,6) (1,2) (3,8) (1,2) (3,19) (1,9) (3,32) (1,1) (3,4) (1,5) (3,14) (1,3) (3,15) (1,2) (3,3) (1,6) (2,7) (1,2) (2,12) (1,5) (2,4) (1,14) (2,16) (1,5) (2,6) (1,4) (2,7) (1,6) (2,4) (1,16) (2,4) 
layer:1, node:MDDNode(1,u-115), in=3, out=8
split in: 3 -> (2,1)
split out: 8 -> (7,1,8)
add: MDDNode(1,u-152) MDDNode(1,u-153), del:MDDNode(1,u-115)
75 (2,8) (2,10) (2,3) (2,3) (2,2) (1,6) (2,2) (1,4) (1,4) (2,11) (1,6) (1,3) (1,8) (1,3) (1,6) (1,8) (1,6) (1,13) (1,4) (1,6) (1,2) (1,2) (1,1) (1,7) (1,2) (1,2) (1,2) (1,11) (1,7) (1,4) (1,1) (1,2) (1,1) (1,2) (1,5) (1,8) (1,4) (1,8) (3,18) (1,1) (3,16) (1,5) (3,6) (1,2) (3,8) (1,2) (3,19) (1,9) (3,32) (1,1) (3,4) (1,5) (3,14) (1,3) (3,15) (1,2) (3,3) (1,6) (2,7) (1,2) (2,12) (1,5) (2,4) (1,14) (2,16) (1,5) (2,6) (1,4) (2,7) (1,6) (2,4) (1,16) (2,4) (1,1) (2,7) 
layer:1, node:MDDNode(1,u-117), in=3, out=18
split in: 3 -> (2,1)
split out: 18 -> (12,6,18)
add: MDDNode(1,u-154) MDDNode(1,u-155), del:MDDNode(1,u-117)
76 (2,8) (2,10) (2,3) (2,3) (2,2) (1,6) (2,2) (1,4) (1,4) (2,11) (1,6) (1,3) (1,8) (1,3) (1,6) (1,8) (1,6) (1,13) (1,4) (1,6) (1,2) (1,2) (1,1) (1,7) (1,2) (1,2) (1,2) (1,11) (1,7) (1,4) (1,1) (1,2) (1,1) (1,2) (1,5) (1,8) (1,4) (1,8) (1,1) (3,16) (1,5) (3,6) (1,2) (3,8) (1,2) (3,19) (1,9) (3,32) (1,1) (3,4) (1,5) (3,14) (1,3) (3,15) (1,2) (3,3) (1,6) (2,7) (1,2) (2,12) (1,5) (2,4) (1,14) (2,16) (1,5) (2,6) (1,4) (2,7) (1,6) (2,4) (1,16) (2,4) (1,1) (2,7) (1,6) (2,12) 
layer:1, node:MDDNode(1,u-119), in=3, out=16
split in: 3 -> (2,1)
split out: 16 -> (10,6,16)
add: MDDNode(1,u-156) MDDNode(1,u-157), del:MDDNode(1,u-119)
77 (2,8) (2,10) (2,3) (2,3) (2,2) (1,6) (2,2) (1,4) (1,4) (2,11) (1,6) (1,3) (1,8) (1,3) (1,6) (1,8) (1,6) (1,13) (1,4) (1,6) (1,2) (1,2) (1,1) (1,7) (1,2) (1,2) (1,2) (1,11) (1,7) (1,4) (1,1) (1,2) (1,1) (1,2) (1,5) (1,8) (1,4) (1,8) (1,1) (1,5) (3,6) (1,2) (3,8) (1,2) (3,19) (1,9) (3,32) (1,1) (3,4) (1,5) (3,14) (1,3) (3,15) (1,2) (3,3) (1,6) (2,7) (1,2) (2,12) (1,5) (2,4) (1,14) (2,16) (1,5) (2,6) (1,4) (2,7) (1,6) (2,4) (1,16) (2,4) (1,1) (2,7) (1,6) (2,12) (1,6) (2,10) 
layer:1, node:MDDNode(1,u-121), in=3, out=6
split in: 3 -> (2,1)
split out: 6 -> (5,1,6)
add: MDDNode(1,u-158) MDDNode(1,u-159), del:MDDNode(1,u-121)
78 (2,8) (2,10) (2,3) (2,3) (2,2) (1,6) (2,2) (1,4) (1,4) (2,11) (1,6) (1,3) (1,8) (1,3) (1,6) (1,8) (1,6) (1,13) (1,4) (1,6) (1,2) (1,2) (1,1) (1,7) (1,2) (1,2) (1,2) (1,11) (1,7) (1,4) (1,1) (1,2) (1,1) (1,2) (1,5) (1,8) (1,4) (1,8) (1,1) (1,5) (1,2) (3,8) (1,2) (3,19) (1,9) (3,32) (1,1) (3,4) (1,5) (3,14) (1,3) (3,15) (1,2) (3,3) (1,6) (2,7) (1,2) (2,12) (1,5) (2,4) (1,14) (2,16) (1,5) (2,6) (1,4) (2,7) (1,6) (2,4) (1,16) (2,4) (1,1) (2,7) (1,6) (2,12) (1,6) (2,10) (1,1) (2,5) 
layer:1, node:MDDNode(1,u-123), in=3, out=8
split in: 3 -> (2,1)
split out: 8 -> (3,5,8)
add: MDDNode(1,u-160) MDDNode(1,u-161), del:MDDNode(1,u-123)
79 (2,8) (2,10) (2,3) (2,3) (2,2) (1,6) (2,2) (1,4) (1,4) (2,11) (1,6) (1,3) (1,8) (1,3) (1,6) (1,8) (1,6) (1,13) (1,4) (1,6) (1,2) (1,2) (1,1) (1,7) (1,2) (1,2) (1,2) (1,11) (1,7) (1,4) (1,1) (1,2) (1,1) (1,2) (1,5) (1,8) (1,4) (1,8) (1,1) (1,5) (1,2) (1,2) (3,19) (1,9) (3,32) (1,1) (3,4) (1,5) (3,14) (1,3) (3,15) (1,2) (3,3) (1,6) (2,7) (1,2) (2,12) (1,5) (2,4) (1,14) (2,16) (1,5) (2,6) (1,4) (2,7) (1,6) (2,4) (1,16) (2,4) (1,1) (2,7) (1,6) (2,12) (1,6) (2,10) (1,1) (2,5) (1,5) (2,3) 
layer:1, node:MDDNode(1,u-125), in=3, out=19
split in: 3 -> (2,1)
split out: 19 -> (15,4,19)
add: MDDNode(1,u-162) MDDNode(1,u-163), del:MDDNode(1,u-125)
80 (2,8) (2,10) (2,3) (2,3) (2,2) (1,6) (2,2) (1,4) (1,4) (2,11) (1,6) (1,3) (1,8) (1,3) (1,6) (1,8) (1,6) (1,13) (1,4) (1,6) (1,2) (1,2) (1,1) (1,7) (1,2) (1,2) (1,2) (1,11) (1,7) (1,4) (1,1) (1,2) (1,1) (1,2) (1,5) (1,8) (1,4) (1,8) (1,1) (1,5) (1,2) (1,2) (1,9) (3,32) (1,1) (3,4) (1,5) (3,14) (1,3) (3,15) (1,2) (3,3) (1,6) (2,7) (1,2) (2,12) (1,5) (2,4) (1,14) (2,16) (1,5) (2,6) (1,4) (2,7) (1,6) (2,4) (1,16) (2,4) (1,1) (2,7) (1,6) (2,12) (1,6) (2,10) (1,1) (2,5) (1,5) (2,3) (1,4) (2,15) 
layer:1, node:MDDNode(1,u-127), in=3, out=32
split in: 3 -> (2,1)
split out: 32 -> (22,10,32)
add: MDDNode(1,u-164) MDDNode(1,u-165), del:MDDNode(1,u-127)
81 (2,8) (2,10) (2,3) (2,3) (2,2) (1,6) (2,2) (1,4) (1,4) (2,11) (1,6) (1,3) (1,8) (1,3) (1,6) (1,8) (1,6) (1,13) (1,4) (1,6) (1,2) (1,2) (1,1) (1,7) (1,2) (1,2) (1,2) (1,11) (1,7) (1,4) (1,1) (1,2) (1,1) (1,2) (1,5) (1,8) (1,4) (1,8) (1,1) (1,5) (1,2) (1,2) (1,9) (1,1) (3,4) (1,5) (3,14) (1,3) (3,15) (1,2) (3,3) (1,6) (2,7) (1,2) (2,12) (1,5) (2,4) (1,14) (2,16) (1,5) (2,6) (1,4) (2,7) (1,6) (2,4) (1,16) (2,4) (1,1) (2,7) (1,6) (2,12) (1,6) (2,10) (1,1) (2,5) (1,5) (2,3) (1,4) (2,15) (1,10) (2,22) 
layer:1, node:MDDNode(1,u-129), in=3, out=4
split in: 3 -> (2,1)
split out: 4 -> (3,1,4)
add: MDDNode(1,u-166) MDDNode(1,u-167), del:MDDNode(1,u-129)
82 (2,8) (2,10) (2,3) (2,3) (2,2) (1,6) (2,2) (1,4) (1,4) (2,11) (1,6) (1,3) (1,8) (1,3) (1,6) (1,8) (1,6) (1,13) (1,4) (1,6) (1,2) (1,2) (1,1) (1,7) (1,2) (1,2) (1,2) (1,11) (1,7) (1,4) (1,1) (1,2) (1,1) (1,2) (1,5) (1,8) (1,4) (1,8) (1,1) (1,5) (1,2) (1,2) (1,9) (1,1) (1,5) (3,14) (1,3) (3,15) (1,2) (3,3) (1,6) (2,7) (1,2) (2,12) (1,5) (2,4) (1,14) (2,16) (1,5) (2,6) (1,4) (2,7) (1,6) (2,4) (1,16) (2,4) (1,1) (2,7) (1,6) (2,12) (1,6) (2,10) (1,1) (2,5) (1,5) (2,3) (1,4) (2,15) (1,10) (2,22) (1,1) (2,3) 
layer:1, node:MDDNode(1,u-131), in=3, out=14
choose: Location
split in: 3 -> (2,1)
split out: 14 -> (11,3,14)
add: MDDNode(1,u-168) MDDNode(1,u-169), del:MDDNode(1,u-131)
83 (2,8) (2,10) (2,3) (2,3) (2,2) (1,6) (2,2) (1,4) (1,4) (2,11) (1,6) (1,3) (1,8) (1,3) (1,6) (1,8) (1,6) (1,13) (1,4) (1,6) (1,2) (1,2) (1,1) (1,7) (1,2) (1,2) (1,2) (1,11) (1,7) (1,4) (1,1) (1,2) (1,1) (1,2) (1,5) (1,8) (1,4) (1,8) (1,1) (1,5) (1,2) (1,2) (1,9) (1,1) (1,5) (1,3) (3,15) (1,2) (3,3) (1,6) (2,7) (1,2) (2,12) (1,5) (2,4) (1,14) (2,16) (1,5) (2,6) (1,4) (2,7) (1,6) (2,4) (1,16) (2,4) (1,1) (2,7) (1,6) (2,12) (1,6) (2,10) (1,1) (2,5) (1,5) (2,3) (1,4) (2,15) (1,10) (2,22) (1,1) (2,3) (1,3) (2,11) 
layer:1, node:MDDNode(1,u-133), in=3, out=15
split in: 3 -> (2,1)
split out: 15 -> (12,3,15)
add: MDDNode(1,u-170) MDDNode(1,u-171), del:MDDNode(1,u-133)
84 (2,8) (2,10) (2,3) (2,3) (2,2) (1,6) (2,2) (1,4) (1,4) (2,11) (1,6) (1,3) (1,8) (1,3) (1,6) (1,8) (1,6) (1,13) (1,4) (1,6) (1,2) (1,2) (1,1) (1,7) (1,2) (1,2) (1,2) (1,11) (1,7) (1,4) (1,1) (1,2) (1,1) (1,2) (1,5) (1,8) (1,4) (1,8) (1,1) (1,5) (1,2) (1,2) (1,9) (1,1) (1,5) (1,3) (1,2) (3,3) (1,6) (2,7) (1,2) (2,12) (1,5) (2,4) (1,14) (2,16) (1,5) (2,6) (1,4) (2,7) (1,6) (2,4) (1,16) (2,4) (1,1) (2,7) (1,6) (2,12) (1,6) (2,10) (1,1) (2,5) (1,5) (2,3) (1,4) (2,15) (1,10) (2,22) (1,1) (2,3) (1,3) (2,11) (1,3) (2,12) 
layer:1, node:MDDNode(1,u-135), in=3, out=3
split in: 3 -> (2,1)
split out: 3 -> (3,2,5)
add: MDDNode(1,u-172) MDDNode(1,u-173), del:MDDNode(1,u-135)
85 (2,8) (2,10) (2,3) (2,3) (2,2) (1,6) (2,2) (1,4) (1,4) (2,11) (1,6) (1,3) (1,8) (1,3) (1,6) (1,8) (1,6) (1,13) (1,4) (1,6) (1,2) (1,2) (1,1) (1,7) (1,2) (1,2) (1,2) (1,11) (1,7) (1,4) (1,1) (1,2) (1,1) (1,2) (1,5) (1,8) (1,4) (1,8) (1,1) (1,5) (1,2) (1,2) (1,9) (1,1) (1,5) (1,3) (1,2) (1,6) (2,7) (1,2) (2,12) (1,5) (2,4) (1,14) (2,16) (1,5) (2,6) (1,4) (2,7) (1,6) (2,4) (1,16) (2,4) (1,1) (2,7) (1,6) (2,12) (1,6) (2,10) (1,1) (2,5) (1,5) (2,3) (1,4) (2,15) (1,10) (2,22) (1,1) (2,3) (1,3) (2,11) (1,3) (2,12) (1,2) (2,3) 
layer:1, node:MDDNode(1,u-42), in=2, out=8
split in: 2 -> (1,1)
split out: 8 -> (5,3,8)
add: MDDNode(1,u-174) MDDNode(1,u-175), del:MDDNode(1,u-42)
86 (2,10) (2,3) (2,3) (2,2) (1,6) (2,2) (1,4) (1,4) (2,11) (1,6) (1,3) (1,8) (1,3) (1,6) (1,8) (1,6) (1,13) (1,4) (1,6) (1,2) (1,2) (1,1) (1,7) (1,2) (1,2) (1,2) (1,11) (1,7) (1,4) (1,1) (1,2) (1,1) (1,2) (1,5) (1,8) (1,4) (1,8) (1,1) (1,5) (1,2) (1,2) (1,9) (1,1) (1,5) (1,3) (1,2) (1,6) (2,7) (1,2) (2,12) (1,5) (2,4) (1,14) (2,16) (1,5) (2,6) (1,4) (2,7) (1,6) (2,4) (1,16) (2,4) (1,1) (2,7) (1,6) (2,12) (1,6) (2,10) (1,1) (2,5) (1,5) (2,3) (1,4) (2,15) (1,10) (2,22) (1,1) (2,3) (1,3) (2,11) (1,3) (2,12) (1,2) (2,3) (1,3) (1,5) 
layer:1, node:MDDNode(1,u-44), in=2, out=10
split in: 2 -> (1,1)
split out: 10 -> (8,7,15)
add: MDDNode(1,u-176) MDDNode(1,u-177), del:MDDNode(1,u-44)
87 (2,3) (2,3) (2,2) (1,6) (2,2) (1,4) (1,4) (2,11) (1,6) (1,3) (1,8) (1,3) (1,6) (1,8) (1,6) (1,13) (1,4) (1,6) (1,2) (1,2) (1,1) (1,7) (1,2) (1,2) (1,2) (1,11) (1,7) (1,4) (1,1) (1,2) (1,1) (1,2) (1,5) (1,8) (1,4) (1,8) (1,1) (1,5) (1,2) (1,2) (1,9) (1,1) (1,5) (1,3) (1,2) (1,6) (2,7) (1,2) (2,12) (1,5) (2,4) (1,14) (2,16) (1,5) (2,6) (1,4) (2,7) (1,6) (2,4) (1,16) (2,4) (1,1) (2,7) (1,6) (2,12) (1,6) (2,10) (1,1) (2,5) (1,5) (2,3) (1,4) (2,15) (1,10) (2,22) (1,1) (2,3) (1,3) (2,11) (1,3) (2,12) (1,2) (2,3) (1,3) (1,5) (1,7) (1,8) 
layer:1, node:MDDNode(1,u-46), in=2, out=3
split in: 2 -> (1,1)
split out: 3 -> (2,1,3)
add: MDDNode(1,u-178) MDDNode(1,u-179), del:MDDNode(1,u-46)
88 (2,3) (2,2) (1,6) (2,2) (1,4) (1,4) (2,11) (1,6) (1,3) (1,8) (1,3) (1,6) (1,8) (1,6) (1,13) (1,4) (1,6) (1,2) (1,2) (1,1) (1,7) (1,2) (1,2) (1,2) (1,11) (1,7) (1,4) (1,1) (1,2) (1,1) (1,2) (1,5) (1,8) (1,4) (1,8) (1,1) (1,5) (1,2) (1,2) (1,9) (1,1) (1,5) (1,3) (1,2) (1,6) (2,7) (1,2) (2,12) (1,5) (2,4) (1,14) (2,16) (1,5) (2,6) (1,4) (2,7) (1,6) (2,4) (1,16) (2,4) (1,1) (2,7) (1,6) (2,12) (1,6) (2,10) (1,1) (2,5) (1,5) (2,3) (1,4) (2,15) (1,10) (2,22) (1,1) (2,3) (1,3) (2,11) (1,3) (2,12) (1,2) (2,3) (1,3) (1,5) (1,7) (1,8) (1,1) (1,2) 
layer:1, node:MDDNode(1,u-48), in=2, out=3
split in: 2 -> (1,1)
split out: 3 -> (2,1,3)
add: MDDNode(1,u-180) MDDNode(1,u-181), del:MDDNode(1,u-48)
89 (2,2) (1,6) (2,2) (1,4) (1,4) (2,11) (1,6) (1,3) (1,8) (1,3) (1,6) (1,8) (1,6) (1,13) (1,4) (1,6) (1,2) (1,2) (1,1) (1,7) (1,2) (1,2) (1,2) (1,11) (1,7) (1,4) (1,1) (1,2) (1,1) (1,2) (1,5) (1,8) (1,4) (1,8) (1,1) (1,5) (1,2) (1,2) (1,9) (1,1) (1,5) (1,3) (1,2) (1,6) (2,7) (1,2) (2,12) (1,5) (2,4) (1,14) (2,16) (1,5) (2,6) (1,4) (2,7) (1,6) (2,4) (1,16) (2,4) (1,1) (2,7) (1,6) (2,12) (1,6) (2,10) (1,1) (2,5) (1,5) (2,3) (1,4) (2,15) (1,10) (2,22) (1,1) (2,3) (1,3) (2,11) (1,3) (2,12) (1,2) (2,3) (1,3) (1,5) (1,7) (1,8) (1,1) (1,2) (1,1) (1,2) 
layer:1, node:MDDNode(1,u-50), in=2, out=2
split in: 2 -> (1,1)
split out: 2 -> (1,1,2)
add: MDDNode(1,u-182) MDDNode(1,u-183), del:MDDNode(1,u-50)
90 (1,6) (2,2) (1,4) (1,4) (2,11) (1,6) (1,3) (1,8) (1,3) (1,6) (1,8) (1,6) (1,13) (1,4) (1,6) (1,2) (1,2) (1,1) (1,7) (1,2) (1,2) (1,2) (1,11) (1,7) (1,4) (1,1) (1,2) (1,1) (1,2) (1,5) (1,8) (1,4) (1,8) (1,1) (1,5) (1,2) (1,2) (1,9) (1,1) (1,5) (1,3) (1,2) (1,6) (2,7) (1,2) (2,12) (1,5) (2,4) (1,14) (2,16) (1,5) (2,6) (1,4) (2,7) (1,6) (2,4) (1,16) (2,4) (1,1) (2,7) (1,6) (2,12) (1,6) (2,10) (1,1) (2,5) (1,5) (2,3) (1,4) (2,15) (1,10) (2,22) (1,1) (2,3) (1,3) (2,11) (1,3) (2,12) (1,2) (2,3) (1,3) (1,5) (1,7) (1,8) (1,1) (1,2) (1,1) (1,2) (1,1) (1,1) 
layer:3, node:MDDNode(3,u_3), in=88, out=161
choose: Notifications
split in: 88 -> (81,7)
split out: 161 -> (154,9,163)
add: MDDNode(3,u-184) MDDNode(3,u-185), del:MDDNode(3,u_3)
2 (7,9) (81,154) 
layer:3, node:MDDNode(3,u-185), in=81, out=154
choose: Others
split in: 81 -> (75,6)
split out: 154 -> (144,12,156)
add: MDDNode(3,u-186) MDDNode(3,u-187), del:MDDNode(3,u-185)
3 (7,9) (6,12) (75,144) 
layer:3, node:MDDNode(3,u-187), in=75, out=144
choose: Bookmarking
split in: 75 -> (69,6)
split out: 144 -> (138,7,145)
add: MDDNode(3,u-188) MDDNode(3,u-189), del:MDDNode(3,u-187)
4 (7,9) (6,12) (6,7) (69,138) 
layer:3, node:MDDNode(3,u-189), in=69, out=138
choose: Social networks
split in: 69 -> (63,6)
split out: 138 -> (125,14,139)
add: MDDNode(3,u-190) MDDNode(3,u-191), del:MDDNode(3,u-189)
5 (7,9) (6,12) (6,7) (6,14) (63,125) 
layer:3, node:MDDNode(3,u-191), in=63, out=125
choose: Communication
split in: 63 -> (59,4)
split out: 125 -> (121,4,125)
add: MDDNode(3,u-192) MDDNode(3,u-193), del:MDDNode(3,u-191)
6 (7,9) (6,12) (6,7) (6,14) (4,4) (59,121) 
layer:3, node:MDDNode(3,u-193), in=59, out=121
choose: Mobile devices & accessories
split in: 59 -> (55,4)
split out: 121 -> (116,7,123)
add: MDDNode(3,u-194) MDDNode(3,u-195), del:MDDNode(3,u-193)
7 (7,9) (6,12) (6,7) (6,14) (4,4) (4,7) (55,116) 
layer:3, node:MDDNode(3,u-195), in=55, out=116
choose: Power monitoring & management
split in: 55 -> (51,4)
split out: 116 -> (112,9,121)
add: MDDNode(3,u-196) MDDNode(3,u-197), del:MDDNode(3,u-195)
8 (7,9) (6,12) (6,7) (6,14) (4,4) (4,7) (4,9) (51,112) 
layer:3, node:MDDNode(3,u-197), in=51, out=112
choose: Photo & video
split in: 51 -> (47,4)
split out: 112 -> (108,4,112)
add: MDDNode(3,u-198) MDDNode(3,u-199), del:MDDNode(3,u-197)
9 (7,9) (6,12) (6,7) (6,14) (4,4) (4,7) (4,9) (4,4) (47,108) 
layer:3, node:MDDNode(3,u-199), in=47, out=108
choose: Email
split in: 47 -> (43,4)
split out: 108 -> (103,5,108)
add: MDDNode(3,u-200) MDDNode(3,u-201), del:MDDNode(3,u-199)
10 (7,9) (6,12) (6,7) (6,14) (4,4) (4,7) (4,9) (4,4) (4,5) (43,103) 
layer:3, node:MDDNode(3,u-201), in=43, out=103
choose: Environment control & monitoring
split in: 43 -> (39,4)
split out: 103 -> (93,10,103)
add: MDDNode(3,u-202) MDDNode(3,u-203), del:MDDNode(3,u-201)
11 (7,9) (6,12) (6,7) (6,14) (4,4) (4,7) (4,9) (4,4) (4,5) (4,10) (39,93) 
layer:3, node:MDDNode(3,u-203), in=39, out=93
choose: Cloud storage
split in: 39 -> (35,4)
split out: 93 -> (86,7,93)
add: MDDNode(3,u-204) MDDNode(3,u-205), del:MDDNode(3,u-203)
12 (7,9) (6,12) (6,7) (6,14) (4,4) (4,7) (4,9) (4,4) (4,5) (4,10) (4,7) (35,86) 
layer:3, node:MDDNode(3,u-205), in=35, out=86
choose: Security & monitoring systems
split in: 35 -> (31,4)
split out: 86 -> (69,17,86)
add: MDDNode(3,u-206) MDDNode(3,u-207), del:MDDNode(3,u-205)
13 (7,9) (6,12) (6,7) (6,14) (4,4) (4,7) (4,9) (4,4) (4,5) (4,10) (4,7) (4,17) (31,69) 
layer:3, node:MDDNode(3,u-207), in=31, out=69
choose: Health & fitness
split in: 31 -> (28,3)
split out: 69 -> (67,3,70)
add: MDDNode(3,u-208) MDDNode(3,u-209), del:MDDNode(3,u-207)
14 (7,9) (6,12) (6,7) (6,14) (4,4) (4,7) (4,9) (4,4) (4,5) (4,10) (4,7) (4,17) (3,3) (28,67) 
layer:3, node:MDDNode(3,u-209), in=28, out=67
choose: Smart hubs & systems
split in: 28 -> (25,3)
split out: 67 -> (58,9,67)
add: MDDNode(3,u-210) MDDNode(3,u-211), del:MDDNode(3,u-209)
15 (7,9) (6,12) (6,7) (6,14) (4,4) (4,7) (4,9) (4,4) (4,5) (4,10) (4,7) (4,17) (3,3) (3,9) (25,58) 
layer:3, node:MDDNode(3,u-211), in=25, out=58
choose: Blogging
split in: 25 -> (22,3)
split out: 58 -> (51,7,58)
add: MDDNode(3,u-212) MDDNode(3,u-213), del:MDDNode(3,u-211)
16 (7,9) (6,12) (6,7) (6,14) (4,4) (4,7) (4,9) (4,4) (4,5) (4,10) (4,7) (4,17) (3,3) (3,9) (3,7) (22,51) 
layer:3, node:MDDNode(3,u-213), in=22, out=51
choose: Lighting
split in: 22 -> (20,2)
split out: 51 -> (39,13,52)
add: MDDNode(3,u-214) MDDNode(3,u-215), del:MDDNode(3,u-213)
17 (7,9) (6,12) (6,7) (6,14) (4,4) (4,7) (4,9) (4,4) (4,5) (4,10) (4,7) (4,17) (3,3) (3,9) (3,7) (2,13) (20,39) 
layer:3, node:MDDNode(3,u-215), in=20, out=39
choose: News & information
split in: 20 -> (18,2)
split out: 39 -> (36,3,39)
add: MDDNode(3,u-216) MDDNode(3,u-217), del:MDDNode(3,u-215)
18 (7,9) (6,12) (6,7) (6,14) (4,4) (4,7) (4,9) (4,4) (4,5) (4,10) (4,7) (4,17) (3,3) (3,9) (3,7) (2,13) (2,3) (18,36) 
layer:3, node:MDDNode(3,u-217), in=18, out=36
choose: Notes
split in: 18 -> (16,2)
split out: 36 -> (27,9,36)
add: MDDNode(3,u-218) MDDNode(3,u-219), del:MDDNode(3,u-217)
19 (7,9) (6,12) (6,7) (6,14) (4,4) (4,7) (4,9) (4,4) (4,5) (4,10) (4,7) (4,17) (3,3) (3,9) (3,7) (2,13) (2,3) (2,9) (16,27) 
layer:3, node:MDDNode(3,u-219), in=16, out=27
choose: Business tools
split in: 16 -> (14,2)
split out: 27 -> (24,3,27)
add: MDDNode(3,u-220) MDDNode(3,u-221), del:MDDNode(3,u-219)
20 (7,9) (6,12) (6,7) (6,14) (4,4) (4,7) (4,9) (4,4) (4,5) (4,10) (4,7) (4,17) (3,3) (3,9) (3,7) (2,13) (2,3) (2,9) (2,3) (14,24) 
layer:3, node:MDDNode(3,u-221), in=14, out=24
choose: Task management & to-dos
split in: 14 -> (12,2)
split out: 24 -> (22,3,25)
add: MDDNode(3,u-222) MDDNode(3,u-223), del:MDDNode(3,u-221)
21 (7,9) (6,12) (6,7) (6,14) (4,4) (4,7) (4,9) (4,4) (4,5) (4,10) (4,7) (4,17) (3,3) (3,9) (3,7) (2,13) (2,3) (2,9) (2,3) (2,3) (12,22) 
layer:3, node:MDDNode(3,u-223), in=12, out=22
choose: Developer tools
split in: 12 -> (10,2)
split out: 22 -> (19,3,22)
add: MDDNode(3,u-224) MDDNode(3,u-225), del:MDDNode(3,u-223)
22 (7,9) (6,12) (6,7) (6,14) (4,4) (4,7) (4,9) (4,4) (4,5) (4,10) (4,7) (4,17) (3,3) (3,9) (3,7) (2,13) (2,3) (2,9) (2,3) (2,3) (2,3) (10,19) 
layer:3, node:MDDNode(3,u-225), in=10, out=19
choose: Calendars & scheduling
split in: 10 -> (9,1)
split out: 19 -> (18,1,19)
add: MDDNode(3,u-226) MDDNode(3,u-227), del:MDDNode(3,u-225)
23 (7,9) (6,12) (6,7) (6,14) (4,4) (4,7) (4,9) (4,4) (4,5) (4,10) (4,7) (4,17) (3,3) (3,9) (3,7) (2,13) (2,3) (2,9) (2,3) (2,3) (2,3) (1,1) (9,18) 
layer:3, node:MDDNode(3,u-227), in=9, out=18
choose: Shopping
split in: 9 -> (8,1)
split out: 18 -> (17,1,18)
add: MDDNode(3,u-228) MDDNode(3,u-229), del:MDDNode(3,u-227)
24 (7,9) (6,12) (6,7) (6,14) (4,4) (4,7) (4,9) (4,4) (4,5) (4,10) (4,7) (4,17) (3,3) (3,9) (3,7) (2,13) (2,3) (2,9) (2,3) (2,3) (2,3) (1,1) (1,1) (8,17) 
layer:3, node:MDDNode(3,u-229), in=8, out=17
choose: Music
split in: 8 -> (7,1)
split out: 17 -> (15,2,17)
add: MDDNode(3,u-230) MDDNode(3,u-231), del:MDDNode(3,u-229)
25 (7,9) (6,12) (6,7) (6,14) (4,4) (4,7) (4,9) (4,4) (4,5) (4,10) (4,7) (4,17) (3,3) (3,9) (3,7) (2,13) (2,3) (2,9) (2,3) (2,3) (2,3) (1,1) (1,1) (1,2) (7,15) 
layer:3, node:MDDNode(3,u-184), in=7, out=9
split in: 7 -> (6,1)
split out: 9 -> (8,1,9)
add: MDDNode(3,u-232) MDDNode(3,u-233), del:MDDNode(3,u-184)
26 (6,12) (6,7) (6,14) (4,4) (4,7) (4,9) (4,4) (4,5) (4,10) (4,7) (4,17) (3,3) (3,9) (3,7) (2,13) (2,3) (2,9) (2,3) (2,3) (2,3) (1,1) (1,1) (1,2) (7,15) (1,1) (6,8) 
layer:3, node:MDDNode(3,u-231), in=7, out=15
choose: Journaling & personal data
split in: 7 -> (6,1)
split out: 15 -> (11,4,15)
add: MDDNode(3,u-234) MDDNode(3,u-235), del:MDDNode(3,u-231)
27 (6,12) (6,7) (6,14) (4,4) (4,7) (4,9) (4,4) (4,5) (4,10) (4,7) (4,17) (3,3) (3,9) (3,7) (2,13) (2,3) (2,9) (2,3) (2,3) (2,3) (1,1) (1,1) (1,2) (1,1) (6,8) (1,4) (6,11) 
layer:3, node:MDDNode(3,u-186), in=6, out=12
split in: 6 -> (5,1)
split out: 12 -> (10,2,12)
add: MDDNode(3,u-236) MDDNode(3,u-237), del:MDDNode(3,u-186)
28 (6,7) (6,14) (4,4) (4,7) (4,9) (4,4) (4,5) (4,10) (4,7) (4,17) (3,3) (3,9) (3,7) (2,13) (2,3) (2,9) (2,3) (2,3) (2,3) (1,1) (1,1) (1,2) (1,1) (6,8) (1,4) (6,11) (1,2) (5,10) 
layer:3, node:MDDNode(3,u-188), in=6, out=7
split in: 6 -> (5,1)
split out: 7 -> (5,2,7)
add: MDDNode(3,u-238) MDDNode(3,u-239), del:MDDNode(3,u-188)
29 (6,14) (4,4) (4,7) (4,9) (4,4) (4,5) (4,10) (4,7) (4,17) (3,3) (3,9) (3,7) (2,13) (2,3) (2,9) (2,3) (2,3) (2,3) (1,1) (1,1) (1,2) (1,1) (6,8) (1,4) (6,11) (1,2) (5,10) (1,2) (5,5) 
layer:3, node:MDDNode(3,u-190), in=6, out=14
split in: 6 -> (5,1)
split out: 14 -> (8,6,14)
add: MDDNode(3,u-240) MDDNode(3,u-241), del:MDDNode(3,u-190)
30 (4,4) (4,7) (4,9) (4,4) (4,5) (4,10) (4,7) (4,17) (3,3) (3,9) (3,7) (2,13) (2,3) (2,9) (2,3) (2,3) (2,3) (1,1) (1,1) (1,2) (1,1) (6,8) (1,4) (6,11) (1,2) (5,10) (1,2) (5,5) (1,6) (5,8) 
layer:3, node:MDDNode(3,u-233), in=6, out=8
split in: 6 -> (5,1)
split out: 8 -> (7,2,9)
add: MDDNode(3,u-242) MDDNode(3,u-243), del:MDDNode(3,u-233)
31 (4,4) (4,7) (4,9) (4,4) (4,5) (4,10) (4,7) (4,17) (3,3) (3,9) (3,7) (2,13) (2,3) (2,9) (2,3) (2,3) (2,3) (1,1) (1,1) (1,2) (1,1) (1,4) (6,11) (1,2) (5,10) (1,2) (5,5) (1,6) (5,8) (1,2) (5,7) 
layer:3, node:MDDNode(3,u-235), in=6, out=11
choose: Pet trackers
split in: 6 -> (5,1)
split out: 11 -> (9,2,11)
add: MDDNode(3,u-244) MDDNode(3,u-245), del:MDDNode(3,u-235)
32 (4,4) (4,7) (4,9) (4,4) (4,5) (4,10) (4,7) (4,17) (3,3) (3,9) (3,7) (2,13) (2,3) (2,9) (2,3) (2,3) (2,3) (1,1) (1,1) (1,2) (1,1) (1,4) (1,2) (5,10) (1,2) (5,5) (1,6) (5,8) (1,2) (5,7) (1,2) (5,9) 
layer:3, node:MDDNode(3,u-237), in=5, out=10
split in: 5 -> (4,1)
split out: 10 -> (7,3,10)
add: MDDNode(3,u-246) MDDNode(3,u-247), del:MDDNode(3,u-237)
33 (4,4) (4,7) (4,9) (4,4) (4,5) (4,10) (4,7) (4,17) (3,3) (3,9) (3,7) (2,13) (2,3) (2,9) (2,3) (2,3) (2,3) (1,1) (1,1) (1,2) (1,1) (1,4) (1,2) (1,2) (5,5) (1,6) (5,8) (1,2) (5,7) (1,2) (5,9) (1,3) (4,7) 
layer:3, node:MDDNode(3,u-239), in=5, out=5
split in: 5 -> (4,1)
split out: 5 -> (5,2,7)
add: MDDNode(3,u-248) MDDNode(3,u-249), del:MDDNode(3,u-239)
34 (4,4) (4,7) (4,9) (4,4) (4,5) (4,10) (4,7) (4,17) (3,3) (3,9) (3,7) (2,13) (2,3) (2,9) (2,3) (2,3) (2,3) (1,1) (1,1) (1,2) (1,1) (1,4) (1,2) (1,2) (1,6) (5,8) (1,2) (5,7) (1,2) (5,9) (1,3) (4,7) (1,2) (4,5) 
layer:3, node:MDDNode(3,u-241), in=5, out=8
split in: 5 -> (4,1)
split out: 8 -> (7,1,8)
add: MDDNode(3,u-250) MDDNode(3,u-251), del:MDDNode(3,u-241)
35 (4,4) (4,7) (4,9) (4,4) (4,5) (4,10) (4,7) (4,17) (3,3) (3,9) (3,7) (2,13) (2,3) (2,9) (2,3) (2,3) (2,3) (1,1) (1,1) (1,2) (1,1) (1,4) (1,2) (1,2) (1,6) (1,2) (5,7) (1,2) (5,9) (1,3) (4,7) (1,2) (4,5) (1,1) (4,7) 
layer:3, node:MDDNode(3,u-243), in=5, out=7
split in: 5 -> (4,1)
split out: 7 -> (7,1,8)
add: MDDNode(3,u-252) MDDNode(3,u-253), del:MDDNode(3,u-243)
36 (4,4) (4,7) (4,9) (4,4) (4,5) (4,10) (4,7) (4,17) (3,3) (3,9) (3,7) (2,13) (2,3) (2,9) (2,3) (2,3) (2,3) (1,1) (1,1) (1,2) (1,1) (1,4) (1,2) (1,2) (1,6) (1,2) (1,2) (5,9) (1,3) (4,7) (1,2) (4,5) (1,1) (4,7) (1,1) (4,7) 
layer:3, node:MDDNode(3,u-245), in=5, out=9
choose: Gardening
split in: 5 -> (4,1)
split out: 9 -> (5,4,9)
add: MDDNode(3,u-254) MDDNode(3,u-255), del:MDDNode(3,u-245)
37 (4,4) (4,7) (4,9) (4,4) (4,5) (4,10) (4,7) (4,17) (3,3) (3,9) (3,7) (2,13) (2,3) (2,9) (2,3) (2,3) (2,3) (1,1) (1,1) (1,2) (1,1) (1,4) (1,2) (1,2) (1,6) (1,2) (1,2) (1,3) (4,7) (1,2) (4,5) (1,1) (4,7) (1,1) (4,7) (1,4) (4,5) 
layer:3, node:MDDNode(3,u-192), in=4, out=4
split in: 4 -> (3,1)
split out: 4 -> (3,1,4)
add: MDDNode(3,u-256) MDDNode(3,u-257), del:MDDNode(3,u-192)
38 (4,7) (4,9) (4,4) (4,5) (4,10) (4,7) (4,17) (3,3) (3,9) (3,7) (2,13) (2,3) (2,9) (2,3) (2,3) (2,3) (1,1) (1,1) (1,2) (1,1) (1,4) (1,2) (1,2) (1,6) (1,2) (1,2) (1,3) (4,7) (1,2) (4,5) (1,1) (4,7) (1,1) (4,7) (1,4) (4,5) (1,1) (3,3) 
layer:3, node:MDDNode(3,u-194), in=4, out=7
split in: 4 -> (3,1)
split out: 7 -> (4,3,7)
add: MDDNode(3,u-258) MDDNode(3,u-259), del:MDDNode(3,u-194)
39 (4,9) (4,4) (4,5) (4,10) (4,7) (4,17) (3,3) (3,9) (3,7) (2,13) (2,3) (2,9) (2,3) (2,3) (2,3) (1,1) (1,1) (1,2) (1,1) (1,4) (1,2) (1,2) (1,6) (1,2) (1,2) (1,3) (4,7) (1,2) (4,5) (1,1) (4,7) (1,1) (4,7) (1,4) (4,5) (1,1) (3,3) (1,3) (3,4) 
layer:3, node:MDDNode(3,u-196), in=4, out=9
split in: 4 -> (3,1)
split out: 9 -> (8,5,13)
add: MDDNode(3,u-260) MDDNode(3,u-261), del:MDDNode(3,u-196)
40 (4,4) (4,5) (4,10) (4,7) (4,17) (3,3) (3,9) (3,7) (2,13) (2,3) (2,9) (2,3) (2,3) (2,3) (1,1) (1,1) (1,2) (1,1) (1,4) (1,2) (1,2) (1,6) (1,2) (1,2) (1,3) (4,7) (1,2) (4,5) (1,1) (4,7) (1,1) (4,7) (1,4) (4,5) (1,1) (3,3) (1,3) (3,4) (1,5) (3,8) 
layer:3, node:MDDNode(3,u-198), in=4, out=4
split in: 4 -> (3,1)
split out: 4 -> (3,1,4)
add: MDDNode(3,u-262) MDDNode(3,u-263), del:MDDNode(3,u-198)
41 (4,5) (4,10) (4,7) (4,17) (3,3) (3,9) (3,7) (2,13) (2,3) (2,9) (2,3) (2,3) (2,3) (1,1) (1,1) (1,2) (1,1) (1,4) (1,2) (1,2) (1,6) (1,2) (1,2) (1,3) (4,7) (1,2) (4,5) (1,1) (4,7) (1,1) (4,7) (1,4) (4,5) (1,1) (3,3) (1,3) (3,4) (1,5) (3,8) (1,1) (3,3) 
layer:3, node:MDDNode(3,u-200), in=4, out=5
split in: 4 -> (3,1)
split out: 5 -> (4,1,5)
add: MDDNode(3,u-264) MDDNode(3,u-265), del:MDDNode(3,u-200)
42 (4,10) (4,7) (4,17) (3,3) (3,9) (3,7) (2,13) (2,3) (2,9) (2,3) (2,3) (2,3) (1,1) (1,1) (1,2) (1,1) (1,4) (1,2) (1,2) (1,6) (1,2) (1,2) (1,3) (4,7) (1,2) (4,5) (1,1) (4,7) (1,1) (4,7) (1,4) (4,5) (1,1) (3,3) (1,3) (3,4) (1,5) (3,8) (1,1) (3,3) (1,1) (3,4) 
layer:3, node:MDDNode(3,u-202), in=4, out=10
split in: 4 -> (3,1)
split out: 10 -> (8,2,10)
add: MDDNode(3,u-266) MDDNode(3,u-267), del:MDDNode(3,u-202)
43 (4,7) (4,17) (3,3) (3,9) (3,7) (2,13) (2,3) (2,9) (2,3) (2,3) (2,3) (1,1) (1,1) (1,2) (1,1) (1,4) (1,2) (1,2) (1,6) (1,2) (1,2) (1,3) (4,7) (1,2) (4,5) (1,1) (4,7) (1,1) (4,7) (1,4) (4,5) (1,1) (3,3) (1,3) (3,4) (1,5) (3,8) (1,1) (3,3) (1,1) (3,4) (1,2) (3,8) 
layer:3, node:MDDNode(3,u-204), in=4, out=7
split in: 4 -> (3,1)
split out: 7 -> (7,3,10)
add: MDDNode(3,u-268) MDDNode(3,u-269), del:MDDNode(3,u-204)
44 (4,17) (3,3) (3,9) (3,7) (2,13) (2,3) (2,9) (2,3) (2,3) (2,3) (1,1) (1,1) (1,2) (1,1) (1,4) (1,2) (1,2) (1,6) (1,2) (1,2) (1,3) (4,7) (1,2) (4,5) (1,1) (4,7) (1,1) (4,7) (1,4) (4,5) (1,1) (3,3) (1,3) (3,4) (1,5) (3,8) (1,1) (3,3) (1,1) (3,4) (1,2) (3,8) (1,3) (3,7) 
layer:3, node:MDDNode(3,u-206), in=4, out=17
split in: 4 -> (3,1)
split out: 17 -> (13,4,17)
add: MDDNode(3,u-270) MDDNode(3,u-271), del:MDDNode(3,u-206)
45 (3,3) (3,9) (3,7) (2,13) (2,3) (2,9) (2,3) (2,3) (2,3) (1,1) (1,1) (1,2) (1,1) (1,4) (1,2) (1,2) (1,6) (1,2) (1,2) (1,3) (4,7) (1,2) (4,5) (1,1) (4,7) (1,1) (4,7) (1,4) (4,5) (1,1) (3,3) (1,3) (3,4) (1,5) (3,8) (1,1) (3,3) (1,1) (3,4) (1,2) (3,8) (1,3) (3,7) (1,4) (3,13) 
layer:3, node:MDDNode(3,u-247), in=4, out=7
split in: 4 -> (3,1)
split out: 7 -> (6,1,7)
add: MDDNode(3,u-272) MDDNode(3,u-273), del:MDDNode(3,u-247)
46 (3,3) (3,9) (3,7) (2,13) (2,3) (2,9) (2,3) (2,3) (2,3) (1,1) (1,1) (1,2) (1,1) (1,4) (1,2) (1,2) (1,6) (1,2) (1,2) (1,3) (1,2) (4,5) (1,1) (4,7) (1,1) (4,7) (1,4) (4,5) (1,1) (3,3) (1,3) (3,4) (1,5) (3,8) (1,1) (3,3) (1,1) (3,4) (1,2) (3,8) (1,3) (3,7) (1,4) (3,13) (1,1) (3,6) 
layer:3, node:MDDNode(3,u-249), in=4, out=5
split in: 4 -> (3,1)
split out: 5 -> (4,1,5)
add: MDDNode(3,u-274) MDDNode(3,u-275), del:MDDNode(3,u-249)
47 (3,3) (3,9) (3,7) (2,13) (2,3) (2,9) (2,3) (2,3) (2,3) (1,1) (1,1) (1,2) (1,1) (1,4) (1,2) (1,2) (1,6) (1,2) (1,2) (1,3) (1,2) (1,1) (4,7) (1,1) (4,7) (1,4) (4,5) (1,1) (3,3) (1,3) (3,4) (1,5) (3,8) (1,1) (3,3) (1,1) (3,4) (1,2) (3,8) (1,3) (3,7) (1,4) (3,13) (1,1) (3,6) (1,1) (3,4) 
layer:3, node:MDDNode(3,u-251), in=4, out=7
split in: 4 -> (3,1)
split out: 7 -> (5,2,7)
add: MDDNode(3,u-276) MDDNode(3,u-277), del:MDDNode(3,u-251)
48 (3,3) (3,9) (3,7) (2,13) (2,3) (2,9) (2,3) (2,3) (2,3) (1,1) (1,1) (1,2) (1,1) (1,4) (1,2) (1,2) (1,6) (1,2) (1,2) (1,3) (1,2) (1,1) (1,1) (4,7) (1,4) (4,5) (1,1) (3,3) (1,3) (3,4) (1,5) (3,8) (1,1) (3,3) (1,1) (3,4) (1,2) (3,8) (1,3) (3,7) (1,4) (3,13) (1,1) (3,6) (1,1) (3,4) (1,2) (3,5) 
layer:3, node:MDDNode(3,u-253), in=4, out=7
split in: 4 -> (3,1)
split out: 7 -> (6,2,8)
add: MDDNode(3,u-278) MDDNode(3,u-279), del:MDDNode(3,u-253)
49 (3,3) (3,9) (3,7) (2,13) (2,3) (2,9) (2,3) (2,3) (2,3) (1,1) (1,1) (1,2) (1,1) (1,4) (1,2) (1,2) (1,6) (1,2) (1,2) (1,3) (1,2) (1,1) (1,1) (1,4) (4,5) (1,1) (3,3) (1,3) (3,4) (1,5) (3,8) (1,1) (3,3) (1,1) (3,4) (1,2) (3,8) (1,3) (3,7) (1,4) (3,13) (1,1) (3,6) (1,1) (3,4) (1,2) (3,5) (1,2) (3,6) 
layer:3, node:MDDNode(3,u-255), in=4, out=5
choose: Clocks & displays
split in: 4 -> (3,1)
split out: 5 -> (4,1,5)
add: MDDNode(3,u-280) MDDNode(3,u-281), del:MDDNode(3,u-255)
50 (3,3) (3,9) (3,7) (2,13) (2,3) (2,9) (2,3) (2,3) (2,3) (1,1) (1,1) (1,2) (1,1) (1,4) (1,2) (1,2) (1,6) (1,2) (1,2) (1,3) (1,2) (1,1) (1,1) (1,4) (1,1) (3,3) (1,3) (3,4) (1,5) (3,8) (1,1) (3,3) (1,1) (3,4) (1,2) (3,8) (1,3) (3,7) (1,4) (3,13) (1,1) (3,6) (1,1) (3,4) (1,2) (3,5) (1,2) (3,6) (1,1) (3,4) 
layer:3, node:MDDNode(3,u-208), in=3, out=3
split in: 3 -> (2,1)
split out: 3 -> (2,2,4)
add: MDDNode(3,u-282) MDDNode(3,u-283), del:MDDNode(3,u-208)
51 (3,9) (3,7) (2,13) (2,3) (2,9) (2,3) (2,3) (2,3) (1,1) (1,1) (1,2) (1,1) (1,4) (1,2) (1,2) (1,6) (1,2) (1,2) (1,3) (1,2) (1,1) (1,1) (1,4) (1,1) (3,3) (1,3) (3,4) (1,5) (3,8) (1,1) (3,3) (1,1) (3,4) (1,2) (3,8) (1,3) (3,7) (1,4) (3,13) (1,1) (3,6) (1,1) (3,4) (1,2) (3,5) (1,2) (3,6) (1,1) (3,4) (1,2) (2,2) 
layer:3, node:MDDNode(3,u-210), in=3, out=9
split in: 3 -> (2,1)
split out: 9 -> (7,2,9)
add: MDDNode(3,u-284) MDDNode(3,u-285), del:MDDNode(3,u-210)
52 (3,7) (2,13) (2,3) (2,9) (2,3) (2,3) (2,3) (1,1) (1,1) (1,2) (1,1) (1,4) (1,2) (1,2) (1,6) (1,2) (1,2) (1,3) (1,2) (1,1) (1,1) (1,4) (1,1) (3,3) (1,3) (3,4) (1,5) (3,8) (1,1) (3,3) (1,1) (3,4) (1,2) (3,8) (1,3) (3,7) (1,4) (3,13) (1,1) (3,6) (1,1) (3,4) (1,2) (3,5) (1,2) (3,6) (1,1) (3,4) (1,2) (2,2) (1,2) (2,7) 
layer:3, node:MDDNode(3,u-212), in=3, out=7
split in: 3 -> (2,1)
split out: 7 -> (7,2,9)
add: MDDNode(3,u-286) MDDNode(3,u-287), del:MDDNode(3,u-212)
53 (2,13) (2,3) (2,9) (2,3) (2,3) (2,3) (1,1) (1,1) (1,2) (1,1) (1,4) (1,2) (1,2) (1,6) (1,2) (1,2) (1,3) (1,2) (1,1) (1,1) (1,4) (1,1) (3,3) (1,3) (3,4) (1,5) (3,8) (1,1) (3,3) (1,1) (3,4) (1,2) (3,8) (1,3) (3,7) (1,4) (3,13) (1,1) (3,6) (1,1) (3,4) (1,2) (3,5) (1,2) (3,6) (1,1) (3,4) (1,2) (2,2) (1,2) (2,7) (1,2) (2,7) 
layer:3, node:MDDNode(3,u-257), in=3, out=3
split in: 3 -> (2,1)
split out: 3 -> (2,1,3)
add: MDDNode(3,u-288) MDDNode(3,u-289), del:MDDNode(3,u-257)
54 (2,13) (2,3) (2,9) (2,3) (2,3) (2,3) (1,1) (1,1) (1,2) (1,1) (1,4) (1,2) (1,2) (1,6) (1,2) (1,2) (1,3) (1,2) (1,1) (1,1) (1,4) (1,1) (1,3) (3,4) (1,5) (3,8) (1,1) (3,3) (1,1) (3,4) (1,2) (3,8) (1,3) (3,7) (1,4) (3,13) (1,1) (3,6) (1,1) (3,4) (1,2) (3,5) (1,2) (3,6) (1,1) (3,4) (1,2) (2,2) (1,2) (2,7) (1,2) (2,7) (1,1) (2,2) 
layer:3, node:MDDNode(3,u-259), in=3, out=4
split in: 3 -> (2,1)
split out: 4 -> (3,1,4)
add: MDDNode(3,u-290) MDDNode(3,u-291), del:MDDNode(3,u-259)
55 (2,13) (2,3) (2,9) (2,3) (2,3) (2,3) (1,1) (1,1) (1,2) (1,1) (1,4) (1,2) (1,2) (1,6) (1,2) (1,2) (1,3) (1,2) (1,1) (1,1) (1,4) (1,1) (1,3) (1,5) (3,8) (1,1) (3,3) (1,1) (3,4) (1,2) (3,8) (1,3) (3,7) (1,4) (3,13) (1,1) (3,6) (1,1) (3,4) (1,2) (3,5) (1,2) (3,6) (1,1) (3,4) (1,2) (2,2) (1,2) (2,7) (1,2) (2,7) (1,1) (2,2) (1,1) (2,3) 
layer:3, node:MDDNode(3,u-261), in=3, out=8
split in: 3 -> (2,1)
split out: 8 -> (6,3,9)
add: MDDNode(3,u-292) MDDNode(3,u-293), del:MDDNode(3,u-261)
56 (2,13) (2,3) (2,9) (2,3) (2,3) (2,3) (1,1) (1,1) (1,2) (1,1) (1,4) (1,2) (1,2) (1,6) (1,2) (1,2) (1,3) (1,2) (1,1) (1,1) (1,4) (1,1) (1,3) (1,5) (1,1) (3,3) (1,1) (3,4) (1,2) (3,8) (1,3) (3,7) (1,4) (3,13) (1,1) (3,6) (1,1) (3,4) (1,2) (3,5) (1,2) (3,6) (1,1) (3,4) (1,2) (2,2) (1,2) (2,7) (1,2) (2,7) (1,1) (2,2) (1,1) (2,3) (1,3) (2,6) 
layer:3, node:MDDNode(3,u-263), in=3, out=3
split in: 3 -> (2,1)
split out: 3 -> (2,1,3)
add: MDDNode(3,u-294) MDDNode(3,u-295), del:MDDNode(3,u-263)
57 (2,13) (2,3) (2,9) (2,3) (2,3) (2,3) (1,1) (1,1) (1,2) (1,1) (1,4) (1,2) (1,2) (1,6) (1,2) (1,2) (1,3) (1,2) (1,1) (1,1) (1,4) (1,1) (1,3) (1,5) (1,1) (1,1) (3,4) (1,2) (3,8) (1,3) (3,7) (1,4) (3,13) (1,1) (3,6) (1,1) (3,4) (1,2) (3,5) (1,2) (3,6) (1,1) (3,4) (1,2) (2,2) (1,2) (2,7) (1,2) (2,7) (1,1) (2,2) (1,1) (2,3) (1,3) (2,6) (1,1) (2,2) 
layer:3, node:MDDNode(3,u-265), in=3, out=4
split in: 3 -> (2,1)
split out: 4 -> (3,1,4)
add: MDDNode(3,u-296) MDDNode(3,u-297), del:MDDNode(3,u-265)
58 (2,13) (2,3) (2,9) (2,3) (2,3) (2,3) (1,1) (1,1) (1,2) (1,1) (1,4) (1,2) (1,2) (1,6) (1,2) (1,2) (1,3) (1,2) (1,1) (1,1) (1,4) (1,1) (1,3) (1,5) (1,1) (1,1) (1,2) (3,8) (1,3) (3,7) (1,4) (3,13) (1,1) (3,6) (1,1) (3,4) (1,2) (3,5) (1,2) (3,6) (1,1) (3,4) (1,2) (2,2) (1,2) (2,7) (1,2) (2,7) (1,1) (2,2) (1,1) (2,3) (1,3) (2,6) (1,1) (2,2) (1,1) (2,3) 
layer:3, node:MDDNode(3,u-267), in=3, out=8
split in: 3 -> (2,1)
split out: 8 -> (6,2,8)
add: MDDNode(3,u-298) MDDNode(3,u-299), del:MDDNode(3,u-267)
59 (2,13) (2,3) (2,9) (2,3) (2,3) (2,3) (1,1) (1,1) (1,2) (1,1) (1,4) (1,2) (1,2) (1,6) (1,2) (1,2) (1,3) (1,2) (1,1) (1,1) (1,4) (1,1) (1,3) (1,5) (1,1) (1,1) (1,2) (1,3) (3,7) (1,4) (3,13) (1,1) (3,6) (1,1) (3,4) (1,2) (3,5) (1,2) (3,6) (1,1) (3,4) (1,2) (2,2) (1,2) (2,7) (1,2) (2,7) (1,1) (2,2) (1,1) (2,3) (1,3) (2,6) (1,1) (2,2) (1,1) (2,3) (1,2) (2,6) 
layer:3, node:MDDNode(3,u-269), in=3, out=7
split in: 3 -> (2,1)
split out: 7 -> (3,4,7)
add: MDDNode(3,u-300) MDDNode(3,u-301), del:MDDNode(3,u-269)
60 (2,13) (2,3) (2,9) (2,3) (2,3) (2,3) (1,1) (1,1) (1,2) (1,1) (1,4) (1,2) (1,2) (1,6) (1,2) (1,2) (1,3) (1,2) (1,1) (1,1) (1,4) (1,1) (1,3) (1,5) (1,1) (1,1) (1,2) (1,3) (1,4) (3,13) (1,1) (3,6) (1,1) (3,4) (1,2) (3,5) (1,2) (3,6) (1,1) (3,4) (1,2) (2,2) (1,2) (2,7) (1,2) (2,7) (1,1) (2,2) (1,1) (2,3) (1,3) (2,6) (1,1) (2,2) (1,1) (2,3) (1,2) (2,6) (1,4) (2,3) 
layer:3, node:MDDNode(3,u-271), in=3, out=13
split in: 3 -> (2,1)
split out: 13 -> (7,6,13)
add: MDDNode(3,u-302) MDDNode(3,u-303), del:MDDNode(3,u-271)
61 (2,13) (2,3) (2,9) (2,3) (2,3) (2,3) (1,1) (1,1) (1,2) (1,1) (1,4) (1,2) (1,2) (1,6) (1,2) (1,2) (1,3) (1,2) (1,1) (1,1) (1,4) (1,1) (1,3) (1,5) (1,1) (1,1) (1,2) (1,3) (1,4) (1,1) (3,6) (1,1) (3,4) (1,2) (3,5) (1,2) (3,6) (1,1) (3,4) (1,2) (2,2) (1,2) (2,7) (1,2) (2,7) (1,1) (2,2) (1,1) (2,3) (1,3) (2,6) (1,1) (2,2) (1,1) (2,3) (1,2) (2,6) (1,4) (2,3) (1,6) (2,7) 
layer:3, node:MDDNode(3,u-273), in=3, out=6
split in: 3 -> (2,1)
split out: 6 -> (2,4,6)
add: MDDNode(3,u-304) MDDNode(3,u-305), del:MDDNode(3,u-273)
62 (2,13) (2,3) (2,9) (2,3) (2,3) (2,3) (1,1) (1,1) (1,2) (1,1) (1,4) (1,2) (1,2) (1,6) (1,2) (1,2) (1,3) (1,2) (1,1) (1,1) (1,4) (1,1) (1,3) (1,5) (1,1) (1,1) (1,2) (1,3) (1,4) (1,1) (1,1) (3,4) (1,2) (3,5) (1,2) (3,6) (1,1) (3,4) (1,2) (2,2) (1,2) (2,7) (1,2) (2,7) (1,1) (2,2) (1,1) (2,3) (1,3) (2,6) (1,1) (2,2) (1,1) (2,3) (1,2) (2,6) (1,4) (2,3) (1,6) (2,7) (1,4) (2,2) 
layer:3, node:MDDNode(3,u-275), in=3, out=4
split in: 3 -> (2,1)
split out: 4 -> (3,1,4)
add: MDDNode(3,u-306) MDDNode(3,u-307), del:MDDNode(3,u-275)
63 (2,13) (2,3) (2,9) (2,3) (2,3) (2,3) (1,1) (1,1) (1,2) (1,1) (1,4) (1,2) (1,2) (1,6) (1,2) (1,2) (1,3) (1,2) (1,1) (1,1) (1,4) (1,1) (1,3) (1,5) (1,1) (1,1) (1,2) (1,3) (1,4) (1,1) (1,1) (1,2) (3,5) (1,2) (3,6) (1,1) (3,4) (1,2) (2,2) (1,2) (2,7) (1,2) (2,7) (1,1) (2,2) (1,1) (2,3) (1,3) (2,6) (1,1) (2,2) (1,1) (2,3) (1,2) (2,6) (1,4) (2,3) (1,6) (2,7) (1,4) (2,2) (1,1) (2,3) 
layer:3, node:MDDNode(3,u-277), in=3, out=5
split in: 3 -> (2,1)
split out: 5 -> (5,3,8)
add: MDDNode(3,u-308) MDDNode(3,u-309), del:MDDNode(3,u-277)
64 (2,13) (2,3) (2,9) (2,3) (2,3) (2,3) (1,1) (1,1) (1,2) (1,1) (1,4) (1,2) (1,2) (1,6) (1,2) (1,2) (1,3) (1,2) (1,1) (1,1) (1,4) (1,1) (1,3) (1,5) (1,1) (1,1) (1,2) (1,3) (1,4) (1,1) (1,1) (1,2) (1,2) (3,6) (1,1) (3,4) (1,2) (2,2) (1,2) (2,7) (1,2) (2,7) (1,1) (2,2) (1,1) (2,3) (1,3) (2,6) (1,1) (2,2) (1,1) (2,3) (1,2) (2,6) (1,4) (2,3) (1,6) (2,7) (1,4) (2,2) (1,1) (2,3) (1,3) (2,5) 
layer:3, node:MDDNode(3,u-279), in=3, out=6
split in: 3 -> (2,1)
split out: 6 -> (5,1,6)
add: MDDNode(3,u-310) MDDNode(3,u-311), del:MDDNode(3,u-279)
65 (2,13) (2,3) (2,9) (2,3) (2,3) (2,3) (1,1) (1,1) (1,2) (1,1) (1,4) (1,2) (1,2) (1,6) (1,2) (1,2) (1,3) (1,2) (1,1) (1,1) (1,4) (1,1) (1,3) (1,5) (1,1) (1,1) (1,2) (1,3) (1,4) (1,1) (1,1) (1,2) (1,2) (1,1) (3,4) (1,2) (2,2) (1,2) (2,7) (1,2) (2,7) (1,1) (2,2) (1,1) (2,3) (1,3) (2,6) (1,1) (2,2) (1,1) (2,3) (1,2) (2,6) (1,4) (2,3) (1,6) (2,7) (1,4) (2,2) (1,1) (2,3) (1,3) (2,5) (1,1) (2,5) 
layer:3, node:MDDNode(3,u-281), in=3, out=4
choose: Routers & computer accessories
split in: 3 -> (2,1)
split out: 4 -> (3,1,4)
add: MDDNode(3,u-312) MDDNode(3,u-313), del:MDDNode(3,u-281)
66 (2,13) (2,3) (2,9) (2,3) (2,3) (2,3) (1,1) (1,1) (1,2) (1,1) (1,4) (1,2) (1,2) (1,6) (1,2) (1,2) (1,3) (1,2) (1,1) (1,1) (1,4) (1,1) (1,3) (1,5) (1,1) (1,1) (1,2) (1,3) (1,4) (1,1) (1,1) (1,2) (1,2) (1,1) (1,2) (2,2) (1,2) (2,7) (1,2) (2,7) (1,1) (2,2) (1,1) (2,3) (1,3) (2,6) (1,1) (2,2) (1,1) (2,3) (1,2) (2,6) (1,4) (2,3) (1,6) (2,7) (1,4) (2,2) (1,1) (2,3) (1,3) (2,5) (1,1) (2,5) (1,1) (2,3) 
layer:3, node:MDDNode(3,u-214), in=2, out=13
split in: 2 -> (1,1)
split out: 13 -> (8,5,13)
add: MDDNode(3,u-314) MDDNode(3,u-315), del:MDDNode(3,u-214)
67 (2,3) (2,9) (2,3) (2,3) (2,3) (1,1) (1,1) (1,2) (1,1) (1,4) (1,2) (1,2) (1,6) (1,2) (1,2) (1,3) (1,2) (1,1) (1,1) (1,4) (1,1) (1,3) (1,5) (1,1) (1,1) (1,2) (1,3) (1,4) (1,1) (1,1) (1,2) (1,2) (1,1) (1,2) (2,2) (1,2) (2,7) (1,2) (2,7) (1,1) (2,2) (1,1) (2,3) (1,3) (2,6) (1,1) (2,2) (1,1) (2,3) (1,2) (2,6) (1,4) (2,3) (1,6) (2,7) (1,4) (2,2) (1,1) (2,3) (1,3) (2,5) (1,1) (2,5) (1,1) (2,3) (1,5) (1,8) 
layer:3, node:MDDNode(3,u-216), in=2, out=3
split in: 2 -> (1,1)
split out: 3 -> (2,1,3)
add: MDDNode(3,u-316) MDDNode(3,u-317), del:MDDNode(3,u-216)
68 (2,9) (2,3) (2,3) (2,3) (1,1) (1,1) (1,2) (1,1) (1,4) (1,2) (1,2) (1,6) (1,2) (1,2) (1,3) (1,2) (1,1) (1,1) (1,4) (1,1) (1,3) (1,5) (1,1) (1,1) (1,2) (1,3) (1,4) (1,1) (1,1) (1,2) (1,2) (1,1) (1,2) (2,2) (1,2) (2,7) (1,2) (2,7) (1,1) (2,2) (1,1) (2,3) (1,3) (2,6) (1,1) (2,2) (1,1) (2,3) (1,2) (2,6) (1,4) (2,3) (1,6) (2,7) (1,4) (2,2) (1,1) (2,3) (1,3) (2,5) (1,1) (2,5) (1,1) (2,3) (1,5) (1,8) (1,1) (1,2) 
layer:3, node:MDDNode(3,u-218), in=2, out=9
split in: 2 -> (1,1)
split out: 9 -> (6,3,9)
add: MDDNode(3,u-318) MDDNode(3,u-319), del:MDDNode(3,u-218)
69 (2,3) (2,3) (2,3) (1,1) (1,1) (1,2) (1,1) (1,4) (1,2) (1,2) (1,6) (1,2) (1,2) (1,3) (1,2) (1,1) (1,1) (1,4) (1,1) (1,3) (1,5) (1,1) (1,1) (1,2) (1,3) (1,4) (1,1) (1,1) (1,2) (1,2) (1,1) (1,2) (2,2) (1,2) (2,7) (1,2) (2,7) (1,1) (2,2) (1,1) (2,3) (1,3) (2,6) (1,1) (2,2) (1,1) (2,3) (1,2) (2,6) (1,4) (2,3) (1,6) (2,7) (1,4) (2,2) (1,1) (2,3) (1,3) (2,5) (1,1) (2,5) (1,1) (2,3) (1,5) (1,8) (1,1) (1,2) (1,3) (1,6) 
layer:3, node:MDDNode(3,u-220), in=2, out=3
split in: 2 -> (1,1)
split out: 3 -> (1,2,3)
add: MDDNode(3,u-320) MDDNode(3,u-321), del:MDDNode(3,u-220)
70 (2,3) (2,3) (1,1) (1,1) (1,2) (1,1) (1,4) (1,2) (1,2) (1,6) (1,2) (1,2) (1,3) (1,2) (1,1) (1,1) (1,4) (1,1) (1,3) (1,5) (1,1) (1,1) (1,2) (1,3) (1,4) (1,1) (1,1) (1,2) (1,2) (1,1) (1,2) (2,2) (1,2) (2,7) (1,2) (2,7) (1,1) (2,2) (1,1) (2,3) (1,3) (2,6) (1,1) (2,2) (1,1) (2,3) (1,2) (2,6) (1,4) (2,3) (1,6) (2,7) (1,4) (2,2) (1,1) (2,3) (1,3) (2,5) (1,1) (2,5) (1,1) (2,3) (1,5) (1,8) (1,1) (1,2) (1,3) (1,6) (1,2) (1,1) 
layer:3, node:MDDNode(3,u-222), in=2, out=3
split in: 2 -> (1,1)
split out: 3 -> (2,1,3)
add: MDDNode(3,u-322) MDDNode(3,u-323), del:MDDNode(3,u-222)
71 (2,3) (1,1) (1,1) (1,2) (1,1) (1,4) (1,2) (1,2) (1,6) (1,2) (1,2) (1,3) (1,2) (1,1) (1,1) (1,4) (1,1) (1,3) (1,5) (1,1) (1,1) (1,2) (1,3) (1,4) (1,1) (1,1) (1,2) (1,2) (1,1) (1,2) (2,2) (1,2) (2,7) (1,2) (2,7) (1,1) (2,2) (1,1) (2,3) (1,3) (2,6) (1,1) (2,2) (1,1) (2,3) (1,2) (2,6) (1,4) (2,3) (1,6) (2,7) (1,4) (2,2) (1,1) (2,3) (1,3) (2,5) (1,1) (2,5) (1,1) (2,3) (1,5) (1,8) (1,1) (1,2) (1,3) (1,6) (1,2) (1,1) (1,1) (1,2) 
layer:3, node:MDDNode(3,u-224), in=2, out=3
split in: 2 -> (1,1)
split out: 3 -> (2,1,3)
add: MDDNode(3,u-324) MDDNode(3,u-325), del:MDDNode(3,u-224)
72 (1,1) (1,1) (1,2) (1,1) (1,4) (1,2) (1,2) (1,6) (1,2) (1,2) (1,3) (1,2) (1,1) (1,1) (1,4) (1,1) (1,3) (1,5) (1,1) (1,1) (1,2) (1,3) (1,4) (1,1) (1,1) (1,2) (1,2) (1,1) (1,2) (2,2) (1,2) (2,7) (1,2) (2,7) (1,1) (2,2) (1,1) (2,3) (1,3) (2,6) (1,1) (2,2) (1,1) (2,3) (1,2) (2,6) (1,4) (2,3) (1,6) (2,7) (1,4) (2,2) (1,1) (2,3) (1,3) (2,5) (1,1) (2,5) (1,1) (2,3) (1,5) (1,8) (1,1) (1,2) (1,3) (1,6) (1,2) (1,1) (1,1) (1,2) (1,1) (1,2) 
layer:3, node:MDDNode(3,u-283), in=2, out=2
split in: 2 -> (1,1)
split out: 2 -> (1,1,2)
add: MDDNode(3,u-326) MDDNode(3,u-327), del:MDDNode(3,u-283)
73 (1,1) (1,1) (1,2) (1,1) (1,4) (1,2) (1,2) (1,6) (1,2) (1,2) (1,3) (1,2) (1,1) (1,1) (1,4) (1,1) (1,3) (1,5) (1,1) (1,1) (1,2) (1,3) (1,4) (1,1) (1,1) (1,2) (1,2) (1,1) (1,2) (1,2) (2,7) (1,2) (2,7) (1,1) (2,2) (1,1) (2,3) (1,3) (2,6) (1,1) (2,2) (1,1) (2,3) (1,2) (2,6) (1,4) (2,3) (1,6) (2,7) (1,4) (2,2) (1,1) (2,3) (1,3) (2,5) (1,1) (2,5) (1,1) (2,3) (1,5) (1,8) (1,1) (1,2) (1,3) (1,6) (1,2) (1,1) (1,1) (1,2) (1,1) (1,2) (1,1) (1,1) 
layer:3, node:MDDNode(3,u-285), in=2, out=7
split in: 2 -> (1,1)
split out: 7 -> (6,1,7)
add: MDDNode(3,u-328) MDDNode(3,u-329), del:MDDNode(3,u-285)
74 (1,1) (1,1) (1,2) (1,1) (1,4) (1,2) (1,2) (1,6) (1,2) (1,2) (1,3) (1,2) (1,1) (1,1) (1,4) (1,1) (1,3) (1,5) (1,1) (1,1) (1,2) (1,3) (1,4) (1,1) (1,1) (1,2) (1,2) (1,1) (1,2) (1,2) (1,2) (2,7) (1,1) (2,2) (1,1) (2,3) (1,3) (2,6) (1,1) (2,2) (1,1) (2,3) (1,2) (2,6) (1,4) (2,3) (1,6) (2,7) (1,4) (2,2) (1,1) (2,3) (1,3) (2,5) (1,1) (2,5) (1,1) (2,3) (1,5) (1,8) (1,1) (1,2) (1,3) (1,6) (1,2) (1,1) (1,1) (1,2) (1,1) (1,2) (1,1) (1,1) (1,1) (1,6) 
layer:3, node:MDDNode(3,u-287), in=2, out=7
split in: 2 -> (1,1)
split out: 7 -> (6,2,8)
add: MDDNode(3,u-330) MDDNode(3,u-331), del:MDDNode(3,u-287)
75 (1,1) (1,1) (1,2) (1,1) (1,4) (1,2) (1,2) (1,6) (1,2) (1,2) (1,3) (1,2) (1,1) (1,1) (1,4) (1,1) (1,3) (1,5) (1,1) (1,1) (1,2) (1,3) (1,4) (1,1) (1,1) (1,2) (1,2) (1,1) (1,2) (1,2) (1,2) (1,1) (2,2) (1,1) (2,3) (1,3) (2,6) (1,1) (2,2) (1,1) (2,3) (1,2) (2,6) (1,4) (2,3) (1,6) (2,7) (1,4) (2,2) (1,1) (2,3) (1,3) (2,5) (1,1) (2,5) (1,1) (2,3) (1,5) (1,8) (1,1) (1,2) (1,3) (1,6) (1,2) (1,1) (1,1) (1,2) (1,1) (1,2) (1,1) (1,1) (1,1) (1,6) (1,2) (1,6) 
layer:3, node:MDDNode(3,u-289), in=2, out=2
split in: 2 -> (1,1)
split out: 2 -> (1,1,2)
add: MDDNode(3,u-332) MDDNode(3,u-333), del:MDDNode(3,u-289)
76 (1,1) (1,1) (1,2) (1,1) (1,4) (1,2) (1,2) (1,6) (1,2) (1,2) (1,3) (1,2) (1,1) (1,1) (1,4) (1,1) (1,3) (1,5) (1,1) (1,1) (1,2) (1,3) (1,4) (1,1) (1,1) (1,2) (1,2) (1,1) (1,2) (1,2) (1,2) (1,1) (1,1) (2,3) (1,3) (2,6) (1,1) (2,2) (1,1) (2,3) (1,2) (2,6) (1,4) (2,3) (1,6) (2,7) (1,4) (2,2) (1,1) (2,3) (1,3) (2,5) (1,1) (2,5) (1,1) (2,3) (1,5) (1,8) (1,1) (1,2) (1,3) (1,6) (1,2) (1,1) (1,1) (1,2) (1,1) (1,2) (1,1) (1,1) (1,1) (1,6) (1,2) (1,6) (1,1) (1,1) 
layer:3, node:MDDNode(3,u-291), in=2, out=3
split in: 2 -> (1,1)
split out: 3 -> (2,1,3)
add: MDDNode(3,u-334) MDDNode(3,u-335), del:MDDNode(3,u-291)
77 (1,1) (1,1) (1,2) (1,1) (1,4) (1,2) (1,2) (1,6) (1,2) (1,2) (1,3) (1,2) (1,1) (1,1) (1,4) (1,1) (1,3) (1,5) (1,1) (1,1) (1,2) (1,3) (1,4) (1,1) (1,1) (1,2) (1,2) (1,1) (1,2) (1,2) (1,2) (1,1) (1,1) (1,3) (2,6) (1,1) (2,2) (1,1) (2,3) (1,2) (2,6) (1,4) (2,3) (1,6) (2,7) (1,4) (2,2) (1,1) (2,3) (1,3) (2,5) (1,1) (2,5) (1,1) (2,3) (1,5) (1,8) (1,1) (1,2) (1,3) (1,6) (1,2) (1,1) (1,1) (1,2) (1,1) (1,2) (1,1) (1,1) (1,1) (1,6) (1,2) (1,6) (1,1) (1,1) (1,1) (1,2) 
layer:3, node:MDDNode(3,u-293), in=2, out=6
split in: 2 -> (1,1)
split out: 6 -> (4,2,6)
add: MDDNode(3,u-336) MDDNode(3,u-337), del:MDDNode(3,u-293)
78 (1,1) (1,1) (1,2) (1,1) (1,4) (1,2) (1,2) (1,6) (1,2) (1,2) (1,3) (1,2) (1,1) (1,1) (1,4) (1,1) (1,3) (1,5) (1,1) (1,1) (1,2) (1,3) (1,4) (1,1) (1,1) (1,2) (1,2) (1,1) (1,2) (1,2) (1,2) (1,1) (1,1) (1,3) (1,1) (2,2) (1,1) (2,3) (1,2) (2,6) (1,4) (2,3) (1,6) (2,7) (1,4) (2,2) (1,1) (2,3) (1,3) (2,5) (1,1) (2,5) (1,1) (2,3) (1,5) (1,8) (1,1) (1,2) (1,3) (1,6) (1,2) (1,1) (1,1) (1,2) (1,1) (1,2) (1,1) (1,1) (1,1) (1,6) (1,2) (1,6) (1,1) (1,1) (1,1) (1,2) (1,2) (1,4) 
layer:3, node:MDDNode(3,u-295), in=2, out=2
split in: 2 -> (1,1)
split out: 2 -> (1,1,2)
add: MDDNode(3,u-338) MDDNode(3,u-339), del:MDDNode(3,u-295)
79 (1,1) (1,1) (1,2) (1,1) (1,4) (1,2) (1,2) (1,6) (1,2) (1,2) (1,3) (1,2) (1,1) (1,1) (1,4) (1,1) (1,3) (1,5) (1,1) (1,1) (1,2) (1,3) (1,4) (1,1) (1,1) (1,2) (1,2) (1,1) (1,2) (1,2) (1,2) (1,1) (1,1) (1,3) (1,1) (1,1) (2,3) (1,2) (2,6) (1,4) (2,3) (1,6) (2,7) (1,4) (2,2) (1,1) (2,3) (1,3) (2,5) (1,1) (2,5) (1,1) (2,3) (1,5) (1,8) (1,1) (1,2) (1,3) (1,6) (1,2) (1,1) (1,1) (1,2) (1,1) (1,2) (1,1) (1,1) (1,1) (1,6) (1,2) (1,6) (1,1) (1,1) (1,1) (1,2) (1,2) (1,4) (1,1) (1,1) 
layer:3, node:MDDNode(3,u-297), in=2, out=3
split in: 2 -> (1,1)
split out: 3 -> (1,2,3)
add: MDDNode(3,u-340) MDDNode(3,u-341), del:MDDNode(3,u-297)
80 (1,1) (1,1) (1,2) (1,1) (1,4) (1,2) (1,2) (1,6) (1,2) (1,2) (1,3) (1,2) (1,1) (1,1) (1,4) (1,1) (1,3) (1,5) (1,1) (1,1) (1,2) (1,3) (1,4) (1,1) (1,1) (1,2) (1,2) (1,1) (1,2) (1,2) (1,2) (1,1) (1,1) (1,3) (1,1) (1,1) (1,2) (2,6) (1,4) (2,3) (1,6) (2,7) (1,4) (2,2) (1,1) (2,3) (1,3) (2,5) (1,1) (2,5) (1,1) (2,3) (1,5) (1,8) (1,1) (1,2) (1,3) (1,6) (1,2) (1,1) (1,1) (1,2) (1,1) (1,2) (1,1) (1,1) (1,1) (1,6) (1,2) (1,6) (1,1) (1,1) (1,1) (1,2) (1,2) (1,4) (1,1) (1,1) (1,2) (1,1) 
layer:3, node:MDDNode(3,u-299), in=2, out=6
split in: 2 -> (1,1)
split out: 6 -> (3,5,8)
add: MDDNode(3,u-342) MDDNode(3,u-343), del:MDDNode(3,u-299)
81 (1,1) (1,1) (1,2) (1,1) (1,4) (1,2) (1,2) (1,6) (1,2) (1,2) (1,3) (1,2) (1,1) (1,1) (1,4) (1,1) (1,3) (1,5) (1,1) (1,1) (1,2) (1,3) (1,4) (1,1) (1,1) (1,2) (1,2) (1,1) (1,2) (1,2) (1,2) (1,1) (1,1) (1,3) (1,1) (1,1) (1,2) (1,4) (2,3) (1,6) (2,7) (1,4) (2,2) (1,1) (2,3) (1,3) (2,5) (1,1) (2,5) (1,1) (2,3) (1,5) (1,8) (1,1) (1,2) (1,3) (1,6) (1,2) (1,1) (1,1) (1,2) (1,1) (1,2) (1,1) (1,1) (1,1) (1,6) (1,2) (1,6) (1,1) (1,1) (1,1) (1,2) (1,2) (1,4) (1,1) (1,1) (1,2) (1,1) (1,5) (1,3) 
layer:3, node:MDDNode(3,u-301), in=2, out=3
split in: 2 -> (1,1)
split out: 3 -> (3,1,4)
add: MDDNode(3,u-344) MDDNode(3,u-345), del:MDDNode(3,u-301)
82 (1,1) (1,1) (1,2) (1,1) (1,4) (1,2) (1,2) (1,6) (1,2) (1,2) (1,3) (1,2) (1,1) (1,1) (1,4) (1,1) (1,3) (1,5) (1,1) (1,1) (1,2) (1,3) (1,4) (1,1) (1,1) (1,2) (1,2) (1,1) (1,2) (1,2) (1,2) (1,1) (1,1) (1,3) (1,1) (1,1) (1,2) (1,4) (1,6) (2,7) (1,4) (2,2) (1,1) (2,3) (1,3) (2,5) (1,1) (2,5) (1,1) (2,3) (1,5) (1,8) (1,1) (1,2) (1,3) (1,6) (1,2) (1,1) (1,1) (1,2) (1,1) (1,2) (1,1) (1,1) (1,1) (1,6) (1,2) (1,6) (1,1) (1,1) (1,1) (1,2) (1,2) (1,4) (1,1) (1,1) (1,2) (1,1) (1,5) (1,3) (1,1) (1,3) 
layer:3, node:MDDNode(3,u-303), in=2, out=7
split in: 2 -> (1,1)
split out: 7 -> (6,1,7)
add: MDDNode(3,u-346) MDDNode(3,u-347), del:MDDNode(3,u-303)
83 (1,1) (1,1) (1,2) (1,1) (1,4) (1,2) (1,2) (1,6) (1,2) (1,2) (1,3) (1,2) (1,1) (1,1) (1,4) (1,1) (1,3) (1,5) (1,1) (1,1) (1,2) (1,3) (1,4) (1,1) (1,1) (1,2) (1,2) (1,1) (1,2) (1,2) (1,2) (1,1) (1,1) (1,3) (1,1) (1,1) (1,2) (1,4) (1,6) (1,4) (2,2) (1,1) (2,3) (1,3) (2,5) (1,1) (2,5) (1,1) (2,3) (1,5) (1,8) (1,1) (1,2) (1,3) (1,6) (1,2) (1,1) (1,1) (1,2) (1,1) (1,2) (1,1) (1,1) (1,1) (1,6) (1,2) (1,6) (1,1) (1,1) (1,1) (1,2) (1,2) (1,4) (1,1) (1,1) (1,2) (1,1) (1,5) (1,3) (1,1) (1,3) (1,1) (1,6) 
layer:3, node:MDDNode(3,u-305), in=2, out=2
split in: 2 -> (1,1)
split out: 2 -> (1,1,2)
add: MDDNode(3,u-348) MDDNode(3,u-349), del:MDDNode(3,u-305)
84 (1,1) (1,1) (1,2) (1,1) (1,4) (1,2) (1,2) (1,6) (1,2) (1,2) (1,3) (1,2) (1,1) (1,1) (1,4) (1,1) (1,3) (1,5) (1,1) (1,1) (1,2) (1,3) (1,4) (1,1) (1,1) (1,2) (1,2) (1,1) (1,2) (1,2) (1,2) (1,1) (1,1) (1,3) (1,1) (1,1) (1,2) (1,4) (1,6) (1,4) (1,1) (2,3) (1,3) (2,5) (1,1) (2,5) (1,1) (2,3) (1,5) (1,8) (1,1) (1,2) (1,3) (1,6) (1,2) (1,1) (1,1) (1,2) (1,1) (1,2) (1,1) (1,1) (1,1) (1,6) (1,2) (1,6) (1,1) (1,1) (1,1) (1,2) (1,2) (1,4) (1,1) (1,1) (1,2) (1,1) (1,5) (1,3) (1,1) (1,3) (1,1) (1,6) (1,1) (1,1) 
layer:3, node:MDDNode(3,u-307), in=2, out=3
split in: 2 -> (1,1)
split out: 3 -> (2,3,5)
add: MDDNode(3,u-350) MDDNode(3,u-351), del:MDDNode(3,u-307)
85 (1,1) (1,1) (1,2) (1,1) (1,4) (1,2) (1,2) (1,6) (1,2) (1,2) (1,3) (1,2) (1,1) (1,1) (1,4) (1,1) (1,3) (1,5) (1,1) (1,1) (1,2) (1,3) (1,4) (1,1) (1,1) (1,2) (1,2) (1,1) (1,2) (1,2) (1,2) (1,1) (1,1) (1,3) (1,1) (1,1) (1,2) (1,4) (1,6) (1,4) (1,1) (1,3) (2,5) (1,1) (2,5) (1,1) (2,3) (1,5) (1,8) (1,1) (1,2) (1,3) (1,6) (1,2) (1,1) (1,1) (1,2) (1,1) (1,2) (1,1) (1,1) (1,1) (1,6) (1,2) (1,6) (1,1) (1,1) (1,1) (1,2) (1,2) (1,4) (1,1) (1,1) (1,2) (1,1) (1,5) (1,3) (1,1) (1,3) (1,1) (1,6) (1,1) (1,1) (1,3) (1,2) 
layer:3, node:MDDNode(3,u-309), in=2, out=5
split in: 2 -> (1,1)
split out: 5 -> (2,3,5)
add: MDDNode(3,u-352) MDDNode(3,u-353), del:MDDNode(3,u-309)
86 (1,1) (1,1) (1,2) (1,1) (1,4) (1,2) (1,2) (1,6) (1,2) (1,2) (1,3) (1,2) (1,1) (1,1) (1,4) (1,1) (1,3) (1,5) (1,1) (1,1) (1,2) (1,3) (1,4) (1,1) (1,1) (1,2) (1,2) (1,1) (1,2) (1,2) (1,2) (1,1) (1,1) (1,3) (1,1) (1,1) (1,2) (1,4) (1,6) (1,4) (1,1) (1,3) (1,1) (2,5) (1,1) (2,3) (1,5) (1,8) (1,1) (1,2) (1,3) (1,6) (1,2) (1,1) (1,1) (1,2) (1,1) (1,2) (1,1) (1,1) (1,1) (1,6) (1,2) (1,6) (1,1) (1,1) (1,1) (1,2) (1,2) (1,4) (1,1) (1,1) (1,2) (1,1) (1,5) (1,3) (1,1) (1,3) (1,1) (1,6) (1,1) (1,1) (1,3) (1,2) (1,3) (1,2) 
layer:3, node:MDDNode(3,u-311), in=2, out=5
split in: 2 -> (1,1)
split out: 5 -> (1,4,5)
add: MDDNode(3,u-354) MDDNode(3,u-355), del:MDDNode(3,u-311)
87 (1,1) (1,1) (1,2) (1,1) (1,4) (1,2) (1,2) (1,6) (1,2) (1,2) (1,3) (1,2) (1,1) (1,1) (1,4) (1,1) (1,3) (1,5) (1,1) (1,1) (1,2) (1,3) (1,4) (1,1) (1,1) (1,2) (1,2) (1,1) (1,2) (1,2) (1,2) (1,1) (1,1) (1,3) (1,1) (1,1) (1,2) (1,4) (1,6) (1,4) (1,1) (1,3) (1,1) (1,1) (2,3) (1,5) (1,8) (1,1) (1,2) (1,3) (1,6) (1,2) (1,1) (1,1) (1,2) (1,1) (1,2) (1,1) (1,1) (1,1) (1,6) (1,2) (1,6) (1,1) (1,1) (1,1) (1,2) (1,2) (1,4) (1,1) (1,1) (1,2) (1,1) (1,5) (1,3) (1,1) (1,3) (1,1) (1,6) (1,1) (1,1) (1,3) (1,2) (1,3) (1,2) (1,4) (1,1) 
layer:3, node:MDDNode(3,u-313), in=2, out=3
split in: 2 -> (1,1)
split out: 3 -> (1,2,3)
add: MDDNode(3,u-356) MDDNode(3,u-357), del:MDDNode(3,u-313)
88 (1,1) (1,1) (1,2) (1,1) (1,4) (1,2) (1,2) (1,6) (1,2) (1,2) (1,3) (1,2) (1,1) (1,1) (1,4) (1,1) (1,3) (1,5) (1,1) (1,1) (1,2) (1,3) (1,4) (1,1) (1,1) (1,2) (1,2) (1,1) (1,2) (1,2) (1,2) (1,1) (1,1) (1,3) (1,1) (1,1) (1,2) (1,4) (1,6) (1,4) (1,1) (1,3) (1,1) (1,1) (1,5) (1,8) (1,1) (1,2) (1,3) (1,6) (1,2) (1,1) (1,1) (1,2) (1,1) (1,2) (1,1) (1,1) (1,1) (1,6) (1,2) (1,6) (1,1) (1,1) (1,1) (1,2) (1,2) (1,4) (1,1) (1,1) (1,2) (1,1) (1,5) (1,3) (1,1) (1,3) (1,1) (1,6) (1,1) (1,1) (1,3) (1,2) (1,3) (1,2) (1,4) (1,1) (1,2) (1,1) 
cannot split anymore
=profile=
(0, 111) 
(1, 6) (2, 2) (1, 4) (1, 4) (2, 11) (1, 6) (1, 3) (1, 8) (1, 3) (1, 6) (1, 8) (1, 6) (1, 13) (1, 4) (1, 6) (1, 2) (1, 2) (1, 1) (1, 7) (1, 2) (1, 2) (1, 2) (1, 11) (1, 7) (1, 4) (1, 1) (1, 2) (1, 1) (1, 2) (1, 5) (1, 8) (1, 4) (1, 8) (1, 1) (1, 5) (1, 2) (1, 2) (1, 9) (1, 1) (1, 5) (1, 3) (1, 2) (1, 6) (2, 7) (1, 2) (2, 12) (1, 5) (2, 4) (1, 14) (2, 16) (1, 5) (2, 6) (1, 4) (2, 7) (1, 6) (2, 4) (1, 16) (2, 4) (1, 1) (2, 7) (1, 6) (2, 12) (1, 6) (2, 10) (1, 1) (2, 5) (1, 5) (2, 3) (1, 4) (2, 15) (1, 10) (2, 22) (1, 1) (2, 3) (1, 3) (2, 11) (1, 3) (2, 12) (1, 2) (2, 3) (1, 3) (1, 5) (1, 7) (1, 8) (1, 1) (1, 2) (1, 1) (1, 2) (1, 1) (1, 1) 
(485, 88) 
(1, 1) (1, 1) (1, 2) (1, 1) (1, 4) (1, 2) (1, 2) (1, 6) (1, 2) (1, 2) (1, 3) (1, 2) (1, 1) (1, 1) (1, 4) (1, 1) (1, 3) (1, 5) (1, 1) (1, 1) (1, 2) (1, 3) (1, 4) (1, 1) (1, 1) (1, 2) (1, 2) (1, 1) (1, 2) (1, 2) (1, 2) (1, 1) (1, 1) (1, 3) (1, 1) (1, 1) (1, 2) (1, 4) (1, 6) (1, 4) (1, 1) (1, 3) (1, 1) (1, 1) (1, 5) (1, 8) (1, 1) (1, 2) (1, 3) (1, 6) (1, 2) (1, 1) (1, 1) (1, 2) (1, 1) (1, 2) (1, 1) (1, 1) (1, 1) (1, 6) (1, 2) (1, 6) (1, 1) (1, 1) (1, 1) (1, 2) (1, 2) (1, 4) (1, 1) (1, 1) (1, 2) (1, 1) (1, 5) (1, 3) (1, 1) (1, 3) (1, 1) (1, 6) (1, 1) (1, 1) (1, 3) (1, 2) (1, 3) (1, 2) (1, 4) (1, 1) (1, 2) (1, 1) 
(202, 1) 
(1, 0) 
dump to the pickle
the graph width list : [1, 90, 1, 88, 1, 1]
it 1 dev 27.63   dev_h 43.89   dev_v 99.73   new_test 35.38   new_test_h 33.98   new_test_v 99.88   save: 35.38 T: 2020-01-13T20:33 
it 2 dev 31.17   dev_h 41.66   dev_v 99.88   new_test 41.12   new_test_h 31.57   new_test_v 99.88   save: 41.12 T: 2020-01-13T20:35 
it 3 dev 31.08   dev_h 41.77   dev_v 99.71   new_test 41.04   new_test_h 31.64   new_test_v 99.88   
it 4 dev 30.79   dev_h 41.73   dev_v 99.88   new_test 40.48   new_test_h 31.76   new_test_v 99.88   
it 5 dev 31.27   dev_h 41.51   dev_v 99.78   new_test 40.56   new_test_h 31.77   new_test_v 99.76   save: 40.56 T: 2020-01-13T20:42 
it 6 dev 31.00   dev_h 41.56   dev_v 99.83   new_test 41.21   new_test_h 31.35   new_test_v 99.84   
it 7 dev 31.22   dev_h 41.51   dev_v 99.76   new_test 41.37   new_test_h 31.09   new_test_v 99.80   
it 8 dev 31.15   dev_h 41.72   dev_v 99.81   new_test 41.41   new_test_h 30.98   new_test_v 99.80   
it 9 dev 30.98   dev_h 41.79   dev_v 99.81   new_test 41.65   new_test_h 30.90   new_test_v 99.84   
it 10 dev 30.83   dev_h 41.87   dev_v 99.71   new_test 41.25   new_test_h 31.19   new_test_v 99.80   
it 11 dev 30.50   dev_h 42.04   dev_v 99.76   new_test 40.80   new_test_h 31.35   new_test_v 99.80   
it 12 dev 30.91   dev_h 41.88   dev_v 99.81   new_test 40.72   new_test_h 31.39   new_test_v 99.80   
it 13 dev 30.35   dev_h 42.17   dev_v 99.76   new_test 40.88   new_test_h 31.37   new_test_v 99.76   
