args Namespace(config='configs/config_l.json', dataset='dataset/IFTTT/msr_data.pkl', load_model=None, mode='train', output='model/ifttt/width-110/', width='110')
configure: {'max_word_id': 3782, 'bidirectional': True, 'cell_type': 'lstm', 'decoder': 'attention', 'embedding_size': 100, 'keep_prob': 0.75, 'memory_size': 100, 'num_units': 100, 'use_embedding': True, 'epoches': 12, 'batch_size': 20, 'init': {'name': 'random_uniform_initializer', 'scale': 0.1}, 'lr_scheduler': {'decay_steps': 5000, 'init_lr': 0.02, 'decay_rate': 0.9, 'staircase': True}, 'max_grad_norm': 1, 'optimizer': 'AdamOptimizer'}
# path 8549
model/ifttt/width-110/dataset-w-110.pkl
load raw and dump to file
numArcLayers: 5
layer:1, node:MDDNode(1,u_1), in=111, out=443
choose: News & information
split in: 111 -> (98,13)
split out: 443 -> (386,60,446)
add: MDDNode(1,u-6) MDDNode(1,u-7), del:MDDNode(1,u_1)
2 (13,60) (98,386) 
layer:1, node:MDDNode(1,u-7), in=98, out=386
choose: Photo & video
split in: 98 -> (89,9)
split out: 386 -> (351,35,386)
add: MDDNode(1,u-8) MDDNode(1,u-9), del:MDDNode(1,u-7)
3 (13,60) (9,35) (89,351) 
layer:1, node:MDDNode(1,u-9), in=89, out=351
choose: Others
split in: 89 -> (82,7)
split out: 351 -> (335,21,356)
add: MDDNode(1,u-10) MDDNode(1,u-11), del:MDDNode(1,u-9)
4 (13,60) (9,35) (7,21) (82,335) 
layer:1, node:MDDNode(1,u-11), in=82, out=335
choose: Social networks
split in: 82 -> (75,7)
split out: 335 -> (280,55,335)
add: MDDNode(1,u-12) MDDNode(1,u-13), del:MDDNode(1,u-11)
5 (13,60) (9,35) (7,21) (7,55) (75,280) 
layer:1, node:MDDNode(1,u-13), in=75, out=280
choose: Bookmarking
split in: 75 -> (69,6)
split out: 280 -> (268,12,280)
add: MDDNode(1,u-14) MDDNode(1,u-15), del:MDDNode(1,u-13)
6 (13,60) (9,35) (7,21) (7,55) (6,12) (69,268) 
layer:1, node:MDDNode(1,u-15), in=69, out=268
choose: Shopping
split in: 69 -> (63,6)
split out: 268 -> (245,23,268)
add: MDDNode(1,u-16) MDDNode(1,u-17), del:MDDNode(1,u-15)
7 (13,60) (9,35) (7,21) (7,55) (6,12) (6,23) (63,245) 
layer:1, node:MDDNode(1,u-17), in=63, out=245
choose: Security & monitoring systems
split in: 63 -> (58,5)
split out: 245 -> (228,18,246)
add: MDDNode(1,u-18) MDDNode(1,u-19), del:MDDNode(1,u-17)
8 (13,60) (9,35) (7,21) (7,55) (6,12) (6,23) (5,18) (58,228) 
layer:1, node:MDDNode(1,u-19), in=58, out=228
choose: Health & fitness
split in: 58 -> (54,4)
split out: 228 -> (203,26,229)
add: MDDNode(1,u-20) MDDNode(1,u-21), del:MDDNode(1,u-19)
9 (13,60) (9,35) (7,21) (7,55) (6,12) (6,23) (5,18) (4,26) (54,203) 
layer:1, node:MDDNode(1,u-21), in=54, out=203
choose: Finance & payments
split in: 54 -> (50,4)
split out: 203 -> (186,17,203)
add: MDDNode(1,u-22) MDDNode(1,u-23), del:MDDNode(1,u-21)
10 (13,60) (9,35) (7,21) (7,55) (6,12) (6,23) (5,18) (4,26) (4,17) (50,186) 
layer:1, node:MDDNode(1,u-23), in=50, out=186
choose: Mobile devices & accessories
split in: 50 -> (46,4)
split out: 186 -> (174,12,186)
add: MDDNode(1,u-24) MDDNode(1,u-25), del:MDDNode(1,u-23)
11 (13,60) (9,35) (7,21) (7,55) (6,12) (6,23) (5,18) (4,26) (4,17) (4,12) (46,174) 
layer:1, node:MDDNode(1,u-25), in=46, out=174
choose: Smart hubs & systems
split in: 46 -> (43,3)
split out: 174 -> (160,20,180)
add: MDDNode(1,u-26) MDDNode(1,u-27), del:MDDNode(1,u-25)
12 (13,60) (9,35) (7,21) (7,55) (6,12) (6,23) (5,18) (4,26) (4,17) (4,12) (3,20) (43,160) 
layer:1, node:MDDNode(1,u-27), in=43, out=160
choose: Gardening
split in: 43 -> (40,3)
split out: 160 -> (151,9,160)
add: MDDNode(1,u-28) MDDNode(1,u-29), del:MDDNode(1,u-27)
13 (13,60) (9,35) (7,21) (7,55) (6,12) (6,23) (5,18) (4,26) (4,17) (4,12) (3,20) (3,9) (40,151) 
layer:1, node:MDDNode(1,u-29), in=40, out=151
choose: Environment control & monitoring
split in: 40 -> (37,3)
split out: 151 -> (144,9,153)
add: MDDNode(1,u-30) MDDNode(1,u-31), del:MDDNode(1,u-29)
14 (13,60) (9,35) (7,21) (7,55) (6,12) (6,23) (5,18) (4,26) (4,17) (4,12) (3,20) (3,9) (3,9) (37,144) 
layer:1, node:MDDNode(1,u-31), in=37, out=144
choose: Communication
split in: 37 -> (34,3)
split out: 144 -> (131,13,144)
add: MDDNode(1,u-32) MDDNode(1,u-33), del:MDDNode(1,u-31)
15 (13,60) (9,35) (7,21) (7,55) (6,12) (6,23) (5,18) (4,26) (4,17) (4,12) (3,20) (3,9) (3,9) (3,13) (34,131) 
layer:1, node:MDDNode(1,u-33), in=34, out=131
choose: Email
split in: 34 -> (31,3)
split out: 131 -> (121,10,131)
add: MDDNode(1,u-34) MDDNode(1,u-35), del:MDDNode(1,u-33)
16 (13,60) (9,35) (7,21) (7,55) (6,12) (6,23) (5,18) (4,26) (4,17) (4,12) (3,20) (3,9) (3,9) (3,13) (3,10) (31,121) 
layer:1, node:MDDNode(1,u-35), in=31, out=121
choose: Weather
split in: 31 -> (28,3)
split out: 121 -> (91,30,121)
add: MDDNode(1,u-36) MDDNode(1,u-37), del:MDDNode(1,u-35)
17 (13,60) (9,35) (7,21) (7,55) (6,12) (6,23) (5,18) (4,26) (4,17) (4,12) (3,20) (3,9) (3,9) (3,13) (3,10) (3,30) (28,91) 
layer:1, node:MDDNode(1,u-37), in=28, out=91
choose: Blogging
split in: 28 -> (25,3)
split out: 91 -> (78,13,91)
add: MDDNode(1,u-38) MDDNode(1,u-39), del:MDDNode(1,u-37)
18 (13,60) (9,35) (7,21) (7,55) (6,12) (6,23) (5,18) (4,26) (4,17) (4,12) (3,20) (3,9) (3,9) (3,13) (3,10) (3,30) (3,13) (25,78) 
layer:1, node:MDDNode(1,u-39), in=25, out=78
choose: Power monitoring & management
split in: 25 -> (22,3)
split out: 78 -> (69,11,80)
add: MDDNode(1,u-40) MDDNode(1,u-41), del:MDDNode(1,u-39)
19 (13,60) (9,35) (7,21) (7,55) (6,12) (6,23) (5,18) (4,26) (4,17) (4,12) (3,20) (3,9) (3,9) (3,13) (3,10) (3,30) (3,13) (3,11) (22,69) 
layer:1, node:MDDNode(1,u-41), in=22, out=69
choose: Contacts
split in: 22 -> (20,2)
split out: 69 -> (66,3,69)
add: MDDNode(1,u-42) MDDNode(1,u-43), del:MDDNode(1,u-41)
20 (13,60) (9,35) (7,21) (7,55) (6,12) (6,23) (5,18) (4,26) (4,17) (4,12) (3,20) (3,9) (3,9) (3,13) (3,10) (3,30) (3,13) (3,11) (2,3) (20,66) 
layer:1, node:MDDNode(1,u-43), in=20, out=66
choose: DIY electronics
split in: 20 -> (18,2)
split out: 66 -> (64,2,66)
add: MDDNode(1,u-44) MDDNode(1,u-45), del:MDDNode(1,u-43)
21 (13,60) (9,35) (7,21) (7,55) (6,12) (6,23) (5,18) (4,26) (4,17) (4,12) (3,20) (3,9) (3,9) (3,13) (3,10) (3,30) (3,13) (3,11) (2,3) (2,2) (18,64) 
layer:1, node:MDDNode(1,u-45), in=18, out=64
choose: Task management & to-dos
split in: 18 -> (16,2)
split out: 64 -> (53,11,64)
add: MDDNode(1,u-46) MDDNode(1,u-47), del:MDDNode(1,u-45)
22 (13,60) (9,35) (7,21) (7,55) (6,12) (6,23) (5,18) (4,26) (4,17) (4,12) (3,20) (3,9) (3,9) (3,13) (3,10) (3,30) (3,13) (3,11) (2,3) (2,2) (2,11) (16,53) 
layer:1, node:MDDNode(1,u-47), in=16, out=53
choose: Appliances
split in: 16 -> (14,2)
split out: 53 -> (51,2,53)
add: MDDNode(1,u-48) MDDNode(1,u-49), del:MDDNode(1,u-47)
23 (13,60) (9,35) (7,21) (7,55) (6,12) (6,23) (5,18) (4,26) (4,17) (4,12) (3,20) (3,9) (3,9) (3,13) (3,10) (3,30) (3,13) (3,11) (2,3) (2,2) (2,11) (2,2) (14,51) 
layer:1, node:MDDNode(1,u-49), in=14, out=51
choose: Notifications
split in: 14 -> (12,2)
split out: 51 -> (48,3,51)
add: MDDNode(1,u-50) MDDNode(1,u-51), del:MDDNode(1,u-49)
24 (13,60) (9,35) (7,21) (7,55) (6,12) (6,23) (5,18) (4,26) (4,17) (4,12) (3,20) (3,9) (3,9) (3,13) (3,10) (3,30) (3,13) (3,11) (2,3) (2,2) (2,11) (2,2) (2,3) (12,48) 
layer:1, node:MDDNode(1,u-6), in=13, out=60
split in: 13 -> (12,1)
split out: 60 -> (56,4,60)
add: MDDNode(1,u-52) MDDNode(1,u-53), del:MDDNode(1,u-6)
25 (9,35) (7,21) (7,55) (6,12) (6,23) (5,18) (4,26) (4,17) (4,12) (3,20) (3,9) (3,9) (3,13) (3,10) (3,30) (3,13) (3,11) (2,3) (2,2) (2,11) (2,2) (2,3) (12,48) (1,4) (12,56) 
layer:1, node:MDDNode(1,u-51), in=12, out=48
choose: Connected car
split in: 12 -> (10,2)
split out: 48 -> (38,10,48)
add: MDDNode(1,u-54) MDDNode(1,u-55), del:MDDNode(1,u-51)
26 (9,35) (7,21) (7,55) (6,12) (6,23) (5,18) (4,26) (4,17) (4,12) (3,20) (3,9) (3,9) (3,13) (3,10) (3,30) (3,13) (3,11) (2,3) (2,2) (2,11) (2,2) (2,3) (1,4) (12,56) (2,10) (10,38) 
layer:1, node:MDDNode(1,u-53), in=12, out=56
split in: 12 -> (11,1)
split out: 56 -> (52,4,56)
add: MDDNode(1,u-56) MDDNode(1,u-57), del:MDDNode(1,u-53)
27 (9,35) (7,21) (7,55) (6,12) (6,23) (5,18) (4,26) (4,17) (4,12) (3,20) (3,9) (3,9) (3,13) (3,10) (3,30) (3,13) (3,11) (2,3) (2,2) (2,11) (2,2) (2,3) (1,4) (2,10) (10,38) (1,4) (11,52) 
layer:1, node:MDDNode(1,u-57), in=11, out=52
split in: 11 -> (10,1)
split out: 52 -> (52,2,54)
add: MDDNode(1,u-58) MDDNode(1,u-59), del:MDDNode(1,u-57)
28 (9,35) (7,21) (7,55) (6,12) (6,23) (5,18) (4,26) (4,17) (4,12) (3,20) (3,9) (3,9) (3,13) (3,10) (3,30) (3,13) (3,11) (2,3) (2,2) (2,11) (2,2) (2,3) (1,4) (2,10) (10,38) (1,4) (1,2) (10,52) 
layer:1, node:MDDNode(1,u-55), in=10, out=38
choose: Calendars & scheduling
split in: 10 -> (8,2)
split out: 38 -> (30,8,38)
add: MDDNode(1,u-60) MDDNode(1,u-61), del:MDDNode(1,u-55)
29 (9,35) (7,21) (7,55) (6,12) (6,23) (5,18) (4,26) (4,17) (4,12) (3,20) (3,9) (3,9) (3,13) (3,10) (3,30) (3,13) (3,11) (2,3) (2,2) (2,11) (2,2) (2,3) (1,4) (2,10) (1,4) (1,2) (10,52) (2,8) (8,30) 
layer:1, node:MDDNode(1,u-59), in=10, out=52
split in: 10 -> (9,1)
split out: 52 -> (51,1,52)
add: MDDNode(1,u-62) MDDNode(1,u-63), del:MDDNode(1,u-59)
30 (9,35) (7,21) (7,55) (6,12) (6,23) (5,18) (4,26) (4,17) (4,12) (3,20) (3,9) (3,9) (3,13) (3,10) (3,30) (3,13) (3,11) (2,3) (2,2) (2,11) (2,2) (2,3) (1,4) (2,10) (1,4) (1,2) (2,8) (8,30) (1,1) (9,51) 
layer:1, node:MDDNode(1,u-8), in=9, out=35
split in: 9 -> (8,1)
split out: 35 -> (34,2,36)
add: MDDNode(1,u-64) MDDNode(1,u-65), del:MDDNode(1,u-8)
31 (7,21) (7,55) (6,12) (6,23) (5,18) (4,26) (4,17) (4,12) (3,20) (3,9) (3,9) (3,13) (3,10) (3,30) (3,13) (3,11) (2,3) (2,2) (2,11) (2,2) (2,3) (1,4) (2,10) (1,4) (1,2) (2,8) (8,30) (1,1) (9,51) (1,2) (8,34) 
layer:1, node:MDDNode(1,u-63), in=9, out=51
split in: 9 -> (8,1)
split out: 51 -> (43,8,51)
add: MDDNode(1,u-66) MDDNode(1,u-67), del:MDDNode(1,u-63)
32 (7,21) (7,55) (6,12) (6,23) (5,18) (4,26) (4,17) (4,12) (3,20) (3,9) (3,9) (3,13) (3,10) (3,30) (3,13) (3,11) (2,3) (2,2) (2,11) (2,2) (2,3) (1,4) (2,10) (1,4) (1,2) (2,8) (8,30) (1,1) (1,2) (8,34) (1,8) (8,43) 
layer:1, node:MDDNode(1,u-61), in=8, out=30
choose: Cloud storage
split in: 8 -> (7,1)
split out: 30 -> (28,2,30)
add: MDDNode(1,u-68) MDDNode(1,u-69), del:MDDNode(1,u-61)
33 (7,21) (7,55) (6,12) (6,23) (5,18) (4,26) (4,17) (4,12) (3,20) (3,9) (3,9) (3,13) (3,10) (3,30) (3,13) (3,11) (2,3) (2,2) (2,11) (2,2) (2,3) (1,4) (2,10) (1,4) (1,2) (2,8) (1,1) (1,2) (8,34) (1,8) (8,43) (1,2) (7,28) 
layer:1, node:MDDNode(1,u-65), in=8, out=34
split in: 8 -> (7,1)
split out: 34 -> (34,3,37)
add: MDDNode(1,u-70) MDDNode(1,u-71), del:MDDNode(1,u-65)
34 (7,21) (7,55) (6,12) (6,23) (5,18) (4,26) (4,17) (4,12) (3,20) (3,9) (3,9) (3,13) (3,10) (3,30) (3,13) (3,11) (2,3) (2,2) (2,11) (2,2) (2,3) (1,4) (2,10) (1,4) (1,2) (2,8) (1,1) (1,2) (1,8) (8,43) (1,2) (7,28) (1,3) (7,34) 
layer:1, node:MDDNode(1,u-67), in=8, out=43
split in: 8 -> (7,1)
split out: 43 -> (35,8,43)
add: MDDNode(1,u-72) MDDNode(1,u-73), del:MDDNode(1,u-67)
35 (7,21) (7,55) (6,12) (6,23) (5,18) (4,26) (4,17) (4,12) (3,20) (3,9) (3,9) (3,13) (3,10) (3,30) (3,13) (3,11) (2,3) (2,2) (2,11) (2,2) (2,3) (1,4) (2,10) (1,4) (1,2) (2,8) (1,1) (1,2) (1,8) (1,2) (7,28) (1,3) (7,34) (1,8) (7,35) 
layer:1, node:MDDNode(1,u-10), in=7, out=21
split in: 7 -> (6,1)
split out: 21 -> (19,2,21)
add: MDDNode(1,u-74) MDDNode(1,u-75), del:MDDNode(1,u-10)
36 (7,55) (6,12) (6,23) (5,18) (4,26) (4,17) (4,12) (3,20) (3,9) (3,9) (3,13) (3,10) (3,30) (3,13) (3,11) (2,3) (2,2) (2,11) (2,2) (2,3) (1,4) (2,10) (1,4) (1,2) (2,8) (1,1) (1,2) (1,8) (1,2) (7,28) (1,3) (7,34) (1,8) (7,35) (1,2) (6,19) 
layer:1, node:MDDNode(1,u-12), in=7, out=55
split in: 7 -> (6,1)
split out: 55 -> (47,9,56)
add: MDDNode(1,u-76) MDDNode(1,u-77), del:MDDNode(1,u-12)
37 (6,12) (6,23) (5,18) (4,26) (4,17) (4,12) (3,20) (3,9) (3,9) (3,13) (3,10) (3,30) (3,13) (3,11) (2,3) (2,2) (2,11) (2,2) (2,3) (1,4) (2,10) (1,4) (1,2) (2,8) (1,1) (1,2) (1,8) (1,2) (7,28) (1,3) (7,34) (1,8) (7,35) (1,2) (6,19) (1,9) (6,47) 
layer:1, node:MDDNode(1,u-69), in=7, out=28
choose: Location
split in: 7 -> (6,1)
split out: 28 -> (25,3,28)
add: MDDNode(1,u-78) MDDNode(1,u-79), del:MDDNode(1,u-69)
38 (6,12) (6,23) (5,18) (4,26) (4,17) (4,12) (3,20) (3,9) (3,9) (3,13) (3,10) (3,30) (3,13) (3,11) (2,3) (2,2) (2,11) (2,2) (2,3) (1,4) (2,10) (1,4) (1,2) (2,8) (1,1) (1,2) (1,8) (1,2) (1,3) (7,34) (1,8) (7,35) (1,2) (6,19) (1,9) (6,47) (1,3) (6,25) 
layer:1, node:MDDNode(1,u-71), in=7, out=34
split in: 7 -> (6,1)
split out: 34 -> (28,6,34)
add: MDDNode(1,u-80) MDDNode(1,u-81), del:MDDNode(1,u-71)
39 (6,12) (6,23) (5,18) (4,26) (4,17) (4,12) (3,20) (3,9) (3,9) (3,13) (3,10) (3,30) (3,13) (3,11) (2,3) (2,2) (2,11) (2,2) (2,3) (1,4) (2,10) (1,4) (1,2) (2,8) (1,1) (1,2) (1,8) (1,2) (1,3) (1,8) (7,35) (1,2) (6,19) (1,9) (6,47) (1,3) (6,25) (1,6) (6,28) 
layer:1, node:MDDNode(1,u-73), in=7, out=35
split in: 7 -> (6,1)
split out: 35 -> (33,2,35)
add: MDDNode(1,u-82) MDDNode(1,u-83), del:MDDNode(1,u-73)
40 (6,12) (6,23) (5,18) (4,26) (4,17) (4,12) (3,20) (3,9) (3,9) (3,13) (3,10) (3,30) (3,13) (3,11) (2,3) (2,2) (2,11) (2,2) (2,3) (1,4) (2,10) (1,4) (1,2) (2,8) (1,1) (1,2) (1,8) (1,2) (1,3) (1,8) (1,2) (6,19) (1,9) (6,47) (1,3) (6,25) (1,6) (6,28) (1,2) (6,33) 
layer:1, node:MDDNode(1,u-14), in=6, out=12
split in: 6 -> (5,1)
split out: 12 -> (11,1,12)
add: MDDNode(1,u-84) MDDNode(1,u-85), del:MDDNode(1,u-14)
41 (6,23) (5,18) (4,26) (4,17) (4,12) (3,20) (3,9) (3,9) (3,13) (3,10) (3,30) (3,13) (3,11) (2,3) (2,2) (2,11) (2,2) (2,3) (1,4) (2,10) (1,4) (1,2) (2,8) (1,1) (1,2) (1,8) (1,2) (1,3) (1,8) (1,2) (6,19) (1,9) (6,47) (1,3) (6,25) (1,6) (6,28) (1,2) (6,33) (1,1) (5,11) 
layer:1, node:MDDNode(1,u-16), in=6, out=23
split in: 6 -> (5,1)
split out: 23 -> (21,2,23)
add: MDDNode(1,u-86) MDDNode(1,u-87), del:MDDNode(1,u-16)
42 (5,18) (4,26) (4,17) (4,12) (3,20) (3,9) (3,9) (3,13) (3,10) (3,30) (3,13) (3,11) (2,3) (2,2) (2,11) (2,2) (2,3) (1,4) (2,10) (1,4) (1,2) (2,8) (1,1) (1,2) (1,8) (1,2) (1,3) (1,8) (1,2) (6,19) (1,9) (6,47) (1,3) (6,25) (1,6) (6,28) (1,2) (6,33) (1,1) (5,11) (1,2) (5,21) 
layer:1, node:MDDNode(1,u-75), in=6, out=19
split in: 6 -> (5,1)
split out: 19 -> (17,2,19)
add: MDDNode(1,u-88) MDDNode(1,u-89), del:MDDNode(1,u-75)
43 (5,18) (4,26) (4,17) (4,12) (3,20) (3,9) (3,9) (3,13) (3,10) (3,30) (3,13) (3,11) (2,3) (2,2) (2,11) (2,2) (2,3) (1,4) (2,10) (1,4) (1,2) (2,8) (1,1) (1,2) (1,8) (1,2) (1,3) (1,8) (1,2) (1,9) (6,47) (1,3) (6,25) (1,6) (6,28) (1,2) (6,33) (1,1) (5,11) (1,2) (5,21) (1,2) (5,17) 
layer:1, node:MDDNode(1,u-77), in=6, out=47
split in: 6 -> (5,1)
split out: 47 -> (37,10,47)
add: MDDNode(1,u-90) MDDNode(1,u-91), del:MDDNode(1,u-77)
44 (5,18) (4,26) (4,17) (4,12) (3,20) (3,9) (3,9) (3,13) (3,10) (3,30) (3,13) (3,11) (2,3) (2,2) (2,11) (2,2) (2,3) (1,4) (2,10) (1,4) (1,2) (2,8) (1,1) (1,2) (1,8) (1,2) (1,3) (1,8) (1,2) (1,9) (1,3) (6,25) (1,6) (6,28) (1,2) (6,33) (1,1) (5,11) (1,2) (5,21) (1,2) (5,17) (1,10) (5,37) 
layer:1, node:MDDNode(1,u-79), in=6, out=25
choose: Business tools
split in: 6 -> (5,1)
split out: 25 -> (23,2,25)
add: MDDNode(1,u-92) MDDNode(1,u-93), del:MDDNode(1,u-79)
45 (5,18) (4,26) (4,17) (4,12) (3,20) (3,9) (3,9) (3,13) (3,10) (3,30) (3,13) (3,11) (2,3) (2,2) (2,11) (2,2) (2,3) (1,4) (2,10) (1,4) (1,2) (2,8) (1,1) (1,2) (1,8) (1,2) (1,3) (1,8) (1,2) (1,9) (1,3) (1,6) (6,28) (1,2) (6,33) (1,1) (5,11) (1,2) (5,21) (1,2) (5,17) (1,10) (5,37) (1,2) (5,23) 
layer:1, node:MDDNode(1,u-81), in=6, out=28
split in: 6 -> (5,1)
split out: 28 -> (23,5,28)
add: MDDNode(1,u-94) MDDNode(1,u-95), del:MDDNode(1,u-81)
46 (5,18) (4,26) (4,17) (4,12) (3,20) (3,9) (3,9) (3,13) (3,10) (3,30) (3,13) (3,11) (2,3) (2,2) (2,11) (2,2) (2,3) (1,4) (2,10) (1,4) (1,2) (2,8) (1,1) (1,2) (1,8) (1,2) (1,3) (1,8) (1,2) (1,9) (1,3) (1,6) (1,2) (6,33) (1,1) (5,11) (1,2) (5,21) (1,2) (5,17) (1,10) (5,37) (1,2) (5,23) (1,5) (5,23) 
layer:1, node:MDDNode(1,u-83), in=6, out=33
split in: 6 -> (5,1)
split out: 33 -> (27,6,33)
add: MDDNode(1,u-96) MDDNode(1,u-97), del:MDDNode(1,u-83)
47 (5,18) (4,26) (4,17) (4,12) (3,20) (3,9) (3,9) (3,13) (3,10) (3,30) (3,13) (3,11) (2,3) (2,2) (2,11) (2,2) (2,3) (1,4) (2,10) (1,4) (1,2) (2,8) (1,1) (1,2) (1,8) (1,2) (1,3) (1,8) (1,2) (1,9) (1,3) (1,6) (1,2) (1,1) (5,11) (1,2) (5,21) (1,2) (5,17) (1,10) (5,37) (1,2) (5,23) (1,5) (5,23) (1,6) (5,27) 
layer:1, node:MDDNode(1,u-18), in=5, out=18
split in: 5 -> (4,1)
split out: 18 -> (17,1,18)
add: MDDNode(1,u-98) MDDNode(1,u-99), del:MDDNode(1,u-18)
48 (4,26) (4,17) (4,12) (3,20) (3,9) (3,9) (3,13) (3,10) (3,30) (3,13) (3,11) (2,3) (2,2) (2,11) (2,2) (2,3) (1,4) (2,10) (1,4) (1,2) (2,8) (1,1) (1,2) (1,8) (1,2) (1,3) (1,8) (1,2) (1,9) (1,3) (1,6) (1,2) (1,1) (5,11) (1,2) (5,21) (1,2) (5,17) (1,10) (5,37) (1,2) (5,23) (1,5) (5,23) (1,6) (5,27) (1,1) (4,17) 
layer:1, node:MDDNode(1,u-85), in=5, out=11
split in: 5 -> (4,1)
split out: 11 -> (11,2,13)
add: MDDNode(1,u-100) MDDNode(1,u-101), del:MDDNode(1,u-85)
49 (4,26) (4,17) (4,12) (3,20) (3,9) (3,9) (3,13) (3,10) (3,30) (3,13) (3,11) (2,3) (2,2) (2,11) (2,2) (2,3) (1,4) (2,10) (1,4) (1,2) (2,8) (1,1) (1,2) (1,8) (1,2) (1,3) (1,8) (1,2) (1,9) (1,3) (1,6) (1,2) (1,1) (1,2) (5,21) (1,2) (5,17) (1,10) (5,37) (1,2) (5,23) (1,5) (5,23) (1,6) (5,27) (1,1) (4,17) (1,2) (4,11) 
layer:1, node:MDDNode(1,u-87), in=5, out=21
split in: 5 -> (4,1)
split out: 21 -> (20,1,21)
add: MDDNode(1,u-102) MDDNode(1,u-103), del:MDDNode(1,u-87)
50 (4,26) (4,17) (4,12) (3,20) (3,9) (3,9) (3,13) (3,10) (3,30) (3,13) (3,11) (2,3) (2,2) (2,11) (2,2) (2,3) (1,4) (2,10) (1,4) (1,2) (2,8) (1,1) (1,2) (1,8) (1,2) (1,3) (1,8) (1,2) (1,9) (1,3) (1,6) (1,2) (1,1) (1,2) (1,2) (5,17) (1,10) (5,37) (1,2) (5,23) (1,5) (5,23) (1,6) (5,27) (1,1) (4,17) (1,2) (4,11) (1,1) (4,20) 
layer:1, node:MDDNode(1,u-89), in=5, out=17
split in: 5 -> (4,1)
split out: 17 -> (16,1,17)
add: MDDNode(1,u-104) MDDNode(1,u-105), del:MDDNode(1,u-89)
51 (4,26) (4,17) (4,12) (3,20) (3,9) (3,9) (3,13) (3,10) (3,30) (3,13) (3,11) (2,3) (2,2) (2,11) (2,2) (2,3) (1,4) (2,10) (1,4) (1,2) (2,8) (1,1) (1,2) (1,8) (1,2) (1,3) (1,8) (1,2) (1,9) (1,3) (1,6) (1,2) (1,1) (1,2) (1,2) (1,10) (5,37) (1,2) (5,23) (1,5) (5,23) (1,6) (5,27) (1,1) (4,17) (1,2) (4,11) (1,1) (4,20) (1,1) (4,16) 
layer:1, node:MDDNode(1,u-91), in=5, out=37
split in: 5 -> (4,1)
split out: 37 -> (25,12,37)
add: MDDNode(1,u-106) MDDNode(1,u-107), del:MDDNode(1,u-91)
52 (4,26) (4,17) (4,12) (3,20) (3,9) (3,9) (3,13) (3,10) (3,30) (3,13) (3,11) (2,3) (2,2) (2,11) (2,2) (2,3) (1,4) (2,10) (1,4) (1,2) (2,8) (1,1) (1,2) (1,8) (1,2) (1,3) (1,8) (1,2) (1,9) (1,3) (1,6) (1,2) (1,1) (1,2) (1,2) (1,10) (1,2) (5,23) (1,5) (5,23) (1,6) (5,27) (1,1) (4,17) (1,2) (4,11) (1,1) (4,20) (1,1) (4,16) (1,12) (4,25) 
layer:1, node:MDDNode(1,u-93), in=5, out=23
choose: Pet trackers
split in: 5 -> (4,1)
split out: 23 -> (15,8,23)
add: MDDNode(1,u-108) MDDNode(1,u-109), del:MDDNode(1,u-93)
53 (4,26) (4,17) (4,12) (3,20) (3,9) (3,9) (3,13) (3,10) (3,30) (3,13) (3,11) (2,3) (2,2) (2,11) (2,2) (2,3) (1,4) (2,10) (1,4) (1,2) (2,8) (1,1) (1,2) (1,8) (1,2) (1,3) (1,8) (1,2) (1,9) (1,3) (1,6) (1,2) (1,1) (1,2) (1,2) (1,10) (1,2) (1,5) (5,23) (1,6) (5,27) (1,1) (4,17) (1,2) (4,11) (1,1) (4,20) (1,1) (4,16) (1,12) (4,25) (1,8) (4,15) 
layer:1, node:MDDNode(1,u-95), in=5, out=23
split in: 5 -> (4,1)
split out: 23 -> (20,3,23)
add: MDDNode(1,u-110) MDDNode(1,u-111), del:MDDNode(1,u-95)
54 (4,26) (4,17) (4,12) (3,20) (3,9) (3,9) (3,13) (3,10) (3,30) (3,13) (3,11) (2,3) (2,2) (2,11) (2,2) (2,3) (1,4) (2,10) (1,4) (1,2) (2,8) (1,1) (1,2) (1,8) (1,2) (1,3) (1,8) (1,2) (1,9) (1,3) (1,6) (1,2) (1,1) (1,2) (1,2) (1,10) (1,2) (1,5) (1,6) (5,27) (1,1) (4,17) (1,2) (4,11) (1,1) (4,20) (1,1) (4,16) (1,12) (4,25) (1,8) (4,15) (1,3) (4,20) 
layer:1, node:MDDNode(1,u-97), in=5, out=27
split in: 5 -> (4,1)
split out: 27 -> (27,2,29)
add: MDDNode(1,u-112) MDDNode(1,u-113), del:MDDNode(1,u-97)
55 (4,26) (4,17) (4,12) (3,20) (3,9) (3,9) (3,13) (3,10) (3,30) (3,13) (3,11) (2,3) (2,2) (2,11) (2,2) (2,3) (1,4) (2,10) (1,4) (1,2) (2,8) (1,1) (1,2) (1,8) (1,2) (1,3) (1,8) (1,2) (1,9) (1,3) (1,6) (1,2) (1,1) (1,2) (1,2) (1,10) (1,2) (1,5) (1,6) (1,1) (4,17) (1,2) (4,11) (1,1) (4,20) (1,1) (4,16) (1,12) (4,25) (1,8) (4,15) (1,3) (4,20) (1,2) (4,27) 
layer:1, node:MDDNode(1,u-20), in=4, out=26
split in: 4 -> (3,1)
split out: 26 -> (19,11,30)
add: MDDNode(1,u-114) MDDNode(1,u-115), del:MDDNode(1,u-20)
56 (4,17) (4,12) (3,20) (3,9) (3,9) (3,13) (3,10) (3,30) (3,13) (3,11) (2,3) (2,2) (2,11) (2,2) (2,3) (1,4) (2,10) (1,4) (1,2) (2,8) (1,1) (1,2) (1,8) (1,2) (1,3) (1,8) (1,2) (1,9) (1,3) (1,6) (1,2) (1,1) (1,2) (1,2) (1,10) (1,2) (1,5) (1,6) (1,1) (4,17) (1,2) (4,11) (1,1) (4,20) (1,1) (4,16) (1,12) (4,25) (1,8) (4,15) (1,3) (4,20) (1,2) (4,27) (1,11) (3,19) 
layer:1, node:MDDNode(1,u-22), in=4, out=17
split in: 4 -> (3,1)
split out: 17 -> (12,5,17)
add: MDDNode(1,u-116) MDDNode(1,u-117), del:MDDNode(1,u-22)
57 (4,12) (3,20) (3,9) (3,9) (3,13) (3,10) (3,30) (3,13) (3,11) (2,3) (2,2) (2,11) (2,2) (2,3) (1,4) (2,10) (1,4) (1,2) (2,8) (1,1) (1,2) (1,8) (1,2) (1,3) (1,8) (1,2) (1,9) (1,3) (1,6) (1,2) (1,1) (1,2) (1,2) (1,10) (1,2) (1,5) (1,6) (1,1) (4,17) (1,2) (4,11) (1,1) (4,20) (1,1) (4,16) (1,12) (4,25) (1,8) (4,15) (1,3) (4,20) (1,2) (4,27) (1,11) (3,19) (1,5) (3,12) 
layer:1, node:MDDNode(1,u-24), in=4, out=12
split in: 4 -> (3,1)
split out: 12 -> (6,6,12)
add: MDDNode(1,u-118) MDDNode(1,u-119), del:MDDNode(1,u-24)
58 (3,20) (3,9) (3,9) (3,13) (3,10) (3,30) (3,13) (3,11) (2,3) (2,2) (2,11) (2,2) (2,3) (1,4) (2,10) (1,4) (1,2) (2,8) (1,1) (1,2) (1,8) (1,2) (1,3) (1,8) (1,2) (1,9) (1,3) (1,6) (1,2) (1,1) (1,2) (1,2) (1,10) (1,2) (1,5) (1,6) (1,1) (4,17) (1,2) (4,11) (1,1) (4,20) (1,1) (4,16) (1,12) (4,25) (1,8) (4,15) (1,3) (4,20) (1,2) (4,27) (1,11) (3,19) (1,5) (3,12) (1,6) (3,6) 
layer:1, node:MDDNode(1,u-99), in=4, out=17
split in: 4 -> (3,1)
split out: 17 -> (10,7,17)
add: MDDNode(1,u-120) MDDNode(1,u-121), del:MDDNode(1,u-99)
59 (3,20) (3,9) (3,9) (3,13) (3,10) (3,30) (3,13) (3,11) (2,3) (2,2) (2,11) (2,2) (2,3) (1,4) (2,10) (1,4) (1,2) (2,8) (1,1) (1,2) (1,8) (1,2) (1,3) (1,8) (1,2) (1,9) (1,3) (1,6) (1,2) (1,1) (1,2) (1,2) (1,10) (1,2) (1,5) (1,6) (1,1) (1,2) (4,11) (1,1) (4,20) (1,1) (4,16) (1,12) (4,25) (1,8) (4,15) (1,3) (4,20) (1,2) (4,27) (1,11) (3,19) (1,5) (3,12) (1,6) (3,6) (1,7) (3,10) 
layer:1, node:MDDNode(1,u-101), in=4, out=11
split in: 4 -> (3,1)
split out: 11 -> (11,2,13)
add: MDDNode(1,u-122) MDDNode(1,u-123), del:MDDNode(1,u-101)
60 (3,20) (3,9) (3,9) (3,13) (3,10) (3,30) (3,13) (3,11) (2,3) (2,2) (2,11) (2,2) (2,3) (1,4) (2,10) (1,4) (1,2) (2,8) (1,1) (1,2) (1,8) (1,2) (1,3) (1,8) (1,2) (1,9) (1,3) (1,6) (1,2) (1,1) (1,2) (1,2) (1,10) (1,2) (1,5) (1,6) (1,1) (1,2) (1,1) (4,20) (1,1) (4,16) (1,12) (4,25) (1,8) (4,15) (1,3) (4,20) (1,2) (4,27) (1,11) (3,19) (1,5) (3,12) (1,6) (3,6) (1,7) (3,10) (1,2) (3,11) 
layer:1, node:MDDNode(1,u-103), in=4, out=20
split in: 4 -> (3,1)
split out: 20 -> (14,6,20)
add: MDDNode(1,u-124) MDDNode(1,u-125), del:MDDNode(1,u-103)
61 (3,20) (3,9) (3,9) (3,13) (3,10) (3,30) (3,13) (3,11) (2,3) (2,2) (2,11) (2,2) (2,3) (1,4) (2,10) (1,4) (1,2) (2,8) (1,1) (1,2) (1,8) (1,2) (1,3) (1,8) (1,2) (1,9) (1,3) (1,6) (1,2) (1,1) (1,2) (1,2) (1,10) (1,2) (1,5) (1,6) (1,1) (1,2) (1,1) (1,1) (4,16) (1,12) (4,25) (1,8) (4,15) (1,3) (4,20) (1,2) (4,27) (1,11) (3,19) (1,5) (3,12) (1,6) (3,6) (1,7) (3,10) (1,2) (3,11) (1,6) (3,14) 
layer:1, node:MDDNode(1,u-105), in=4, out=16
split in: 4 -> (3,1)
split out: 16 -> (15,1,16)
add: MDDNode(1,u-126) MDDNode(1,u-127), del:MDDNode(1,u-105)
62 (3,20) (3,9) (3,9) (3,13) (3,10) (3,30) (3,13) (3,11) (2,3) (2,2) (2,11) (2,2) (2,3) (1,4) (2,10) (1,4) (1,2) (2,8) (1,1) (1,2) (1,8) (1,2) (1,3) (1,8) (1,2) (1,9) (1,3) (1,6) (1,2) (1,1) (1,2) (1,2) (1,10) (1,2) (1,5) (1,6) (1,1) (1,2) (1,1) (1,1) (1,12) (4,25) (1,8) (4,15) (1,3) (4,20) (1,2) (4,27) (1,11) (3,19) (1,5) (3,12) (1,6) (3,6) (1,7) (3,10) (1,2) (3,11) (1,6) (3,14) (1,1) (3,15) 
layer:1, node:MDDNode(1,u-107), in=4, out=25
split in: 4 -> (3,1)
split out: 25 -> (18,7,25)
add: MDDNode(1,u-128) MDDNode(1,u-129), del:MDDNode(1,u-107)
63 (3,20) (3,9) (3,9) (3,13) (3,10) (3,30) (3,13) (3,11) (2,3) (2,2) (2,11) (2,2) (2,3) (1,4) (2,10) (1,4) (1,2) (2,8) (1,1) (1,2) (1,8) (1,2) (1,3) (1,8) (1,2) (1,9) (1,3) (1,6) (1,2) (1,1) (1,2) (1,2) (1,10) (1,2) (1,5) (1,6) (1,1) (1,2) (1,1) (1,1) (1,12) (1,8) (4,15) (1,3) (4,20) (1,2) (4,27) (1,11) (3,19) (1,5) (3,12) (1,6) (3,6) (1,7) (3,10) (1,2) (3,11) (1,6) (3,14) (1,1) (3,15) (1,7) (3,18) 
layer:1, node:MDDNode(1,u-109), in=4, out=15
choose: Lighting
split in: 4 -> (3,1)
split out: 15 -> (12,3,15)
add: MDDNode(1,u-130) MDDNode(1,u-131), del:MDDNode(1,u-109)
64 (3,20) (3,9) (3,9) (3,13) (3,10) (3,30) (3,13) (3,11) (2,3) (2,2) (2,11) (2,2) (2,3) (1,4) (2,10) (1,4) (1,2) (2,8) (1,1) (1,2) (1,8) (1,2) (1,3) (1,8) (1,2) (1,9) (1,3) (1,6) (1,2) (1,1) (1,2) (1,2) (1,10) (1,2) (1,5) (1,6) (1,1) (1,2) (1,1) (1,1) (1,12) (1,8) (1,3) (4,20) (1,2) (4,27) (1,11) (3,19) (1,5) (3,12) (1,6) (3,6) (1,7) (3,10) (1,2) (3,11) (1,6) (3,14) (1,1) (3,15) (1,7) (3,18) (1,3) (3,12) 
layer:1, node:MDDNode(1,u-111), in=4, out=20
split in: 4 -> (3,1)
split out: 20 -> (15,6,21)
add: MDDNode(1,u-132) MDDNode(1,u-133), del:MDDNode(1,u-111)
65 (3,20) (3,9) (3,9) (3,13) (3,10) (3,30) (3,13) (3,11) (2,3) (2,2) (2,11) (2,2) (2,3) (1,4) (2,10) (1,4) (1,2) (2,8) (1,1) (1,2) (1,8) (1,2) (1,3) (1,8) (1,2) (1,9) (1,3) (1,6) (1,2) (1,1) (1,2) (1,2) (1,10) (1,2) (1,5) (1,6) (1,1) (1,2) (1,1) (1,1) (1,12) (1,8) (1,3) (1,2) (4,27) (1,11) (3,19) (1,5) (3,12) (1,6) (3,6) (1,7) (3,10) (1,2) (3,11) (1,6) (3,14) (1,1) (3,15) (1,7) (3,18) (1,3) (3,12) (1,6) (3,15) 
layer:1, node:MDDNode(1,u-113), in=4, out=27
split in: 4 -> (3,1)
split out: 27 -> (25,2,27)
add: MDDNode(1,u-134) MDDNode(1,u-135), del:MDDNode(1,u-113)
66 (3,20) (3,9) (3,9) (3,13) (3,10) (3,30) (3,13) (3,11) (2,3) (2,2) (2,11) (2,2) (2,3) (1,4) (2,10) (1,4) (1,2) (2,8) (1,1) (1,2) (1,8) (1,2) (1,3) (1,8) (1,2) (1,9) (1,3) (1,6) (1,2) (1,1) (1,2) (1,2) (1,10) (1,2) (1,5) (1,6) (1,1) (1,2) (1,1) (1,1) (1,12) (1,8) (1,3) (1,2) (1,11) (3,19) (1,5) (3,12) (1,6) (3,6) (1,7) (3,10) (1,2) (3,11) (1,6) (3,14) (1,1) (3,15) (1,7) (3,18) (1,3) (3,12) (1,6) (3,15) (1,2) (3,25) 
layer:1, node:MDDNode(1,u-26), in=3, out=20
split in: 3 -> (2,1)
split out: 20 -> (17,3,20)
add: MDDNode(1,u-136) MDDNode(1,u-137), del:MDDNode(1,u-26)
67 (3,9) (3,9) (3,13) (3,10) (3,30) (3,13) (3,11) (2,3) (2,2) (2,11) (2,2) (2,3) (1,4) (2,10) (1,4) (1,2) (2,8) (1,1) (1,2) (1,8) (1,2) (1,3) (1,8) (1,2) (1,9) (1,3) (1,6) (1,2) (1,1) (1,2) (1,2) (1,10) (1,2) (1,5) (1,6) (1,1) (1,2) (1,1) (1,1) (1,12) (1,8) (1,3) (1,2) (1,11) (3,19) (1,5) (3,12) (1,6) (3,6) (1,7) (3,10) (1,2) (3,11) (1,6) (3,14) (1,1) (3,15) (1,7) (3,18) (1,3) (3,12) (1,6) (3,15) (1,2) (3,25) (1,3) (2,17) 
layer:1, node:MDDNode(1,u-28), in=3, out=9
split in: 3 -> (2,1)
split out: 9 -> (7,2,9)
add: MDDNode(1,u-138) MDDNode(1,u-139), del:MDDNode(1,u-28)
68 (3,9) (3,13) (3,10) (3,30) (3,13) (3,11) (2,3) (2,2) (2,11) (2,2) (2,3) (1,4) (2,10) (1,4) (1,2) (2,8) (1,1) (1,2) (1,8) (1,2) (1,3) (1,8) (1,2) (1,9) (1,3) (1,6) (1,2) (1,1) (1,2) (1,2) (1,10) (1,2) (1,5) (1,6) (1,1) (1,2) (1,1) (1,1) (1,12) (1,8) (1,3) (1,2) (1,11) (3,19) (1,5) (3,12) (1,6) (3,6) (1,7) (3,10) (1,2) (3,11) (1,6) (3,14) (1,1) (3,15) (1,7) (3,18) (1,3) (3,12) (1,6) (3,15) (1,2) (3,25) (1,3) (2,17) (1,2) (2,7) 
layer:1, node:MDDNode(1,u-30), in=3, out=9
split in: 3 -> (2,1)
split out: 9 -> (4,5,9)
add: MDDNode(1,u-140) MDDNode(1,u-141), del:MDDNode(1,u-30)
69 (3,13) (3,10) (3,30) (3,13) (3,11) (2,3) (2,2) (2,11) (2,2) (2,3) (1,4) (2,10) (1,4) (1,2) (2,8) (1,1) (1,2) (1,8) (1,2) (1,3) (1,8) (1,2) (1,9) (1,3) (1,6) (1,2) (1,1) (1,2) (1,2) (1,10) (1,2) (1,5) (1,6) (1,1) (1,2) (1,1) (1,1) (1,12) (1,8) (1,3) (1,2) (1,11) (3,19) (1,5) (3,12) (1,6) (3,6) (1,7) (3,10) (1,2) (3,11) (1,6) (3,14) (1,1) (3,15) (1,7) (3,18) (1,3) (3,12) (1,6) (3,15) (1,2) (3,25) (1,3) (2,17) (1,2) (2,7) (1,5) (2,4) 
layer:1, node:MDDNode(1,u-32), in=3, out=13
split in: 3 -> (2,1)
split out: 13 -> (7,6,13)
add: MDDNode(1,u-142) MDDNode(1,u-143), del:MDDNode(1,u-32)
70 (3,10) (3,30) (3,13) (3,11) (2,3) (2,2) (2,11) (2,2) (2,3) (1,4) (2,10) (1,4) (1,2) (2,8) (1,1) (1,2) (1,8) (1,2) (1,3) (1,8) (1,2) (1,9) (1,3) (1,6) (1,2) (1,1) (1,2) (1,2) (1,10) (1,2) (1,5) (1,6) (1,1) (1,2) (1,1) (1,1) (1,12) (1,8) (1,3) (1,2) (1,11) (3,19) (1,5) (3,12) (1,6) (3,6) (1,7) (3,10) (1,2) (3,11) (1,6) (3,14) (1,1) (3,15) (1,7) (3,18) (1,3) (3,12) (1,6) (3,15) (1,2) (3,25) (1,3) (2,17) (1,2) (2,7) (1,5) (2,4) (1,6) (2,7) 
layer:1, node:MDDNode(1,u-34), in=3, out=10
split in: 3 -> (2,1)
split out: 10 -> (4,6,10)
add: MDDNode(1,u-144) MDDNode(1,u-145), del:MDDNode(1,u-34)
71 (3,30) (3,13) (3,11) (2,3) (2,2) (2,11) (2,2) (2,3) (1,4) (2,10) (1,4) (1,2) (2,8) (1,1) (1,2) (1,8) (1,2) (1,3) (1,8) (1,2) (1,9) (1,3) (1,6) (1,2) (1,1) (1,2) (1,2) (1,10) (1,2) (1,5) (1,6) (1,1) (1,2) (1,1) (1,1) (1,12) (1,8) (1,3) (1,2) (1,11) (3,19) (1,5) (3,12) (1,6) (3,6) (1,7) (3,10) (1,2) (3,11) (1,6) (3,14) (1,1) (3,15) (1,7) (3,18) (1,3) (3,12) (1,6) (3,15) (1,2) (3,25) (1,3) (2,17) (1,2) (2,7) (1,5) (2,4) (1,6) (2,7) (1,6) (2,4) 
layer:1, node:MDDNode(1,u-36), in=3, out=30
split in: 3 -> (2,1)
split out: 30 -> (16,14,30)
add: MDDNode(1,u-146) MDDNode(1,u-147), del:MDDNode(1,u-36)
72 (3,13) (3,11) (2,3) (2,2) (2,11) (2,2) (2,3) (1,4) (2,10) (1,4) (1,2) (2,8) (1,1) (1,2) (1,8) (1,2) (1,3) (1,8) (1,2) (1,9) (1,3) (1,6) (1,2) (1,1) (1,2) (1,2) (1,10) (1,2) (1,5) (1,6) (1,1) (1,2) (1,1) (1,1) (1,12) (1,8) (1,3) (1,2) (1,11) (3,19) (1,5) (3,12) (1,6) (3,6) (1,7) (3,10) (1,2) (3,11) (1,6) (3,14) (1,1) (3,15) (1,7) (3,18) (1,3) (3,12) (1,6) (3,15) (1,2) (3,25) (1,3) (2,17) (1,2) (2,7) (1,5) (2,4) (1,6) (2,7) (1,6) (2,4) (1,14) (2,16) 
layer:1, node:MDDNode(1,u-38), in=3, out=13
split in: 3 -> (2,1)
split out: 13 -> (12,2,14)
add: MDDNode(1,u-148) MDDNode(1,u-149), del:MDDNode(1,u-38)
73 (3,11) (2,3) (2,2) (2,11) (2,2) (2,3) (1,4) (2,10) (1,4) (1,2) (2,8) (1,1) (1,2) (1,8) (1,2) (1,3) (1,8) (1,2) (1,9) (1,3) (1,6) (1,2) (1,1) (1,2) (1,2) (1,10) (1,2) (1,5) (1,6) (1,1) (1,2) (1,1) (1,1) (1,12) (1,8) (1,3) (1,2) (1,11) (3,19) (1,5) (3,12) (1,6) (3,6) (1,7) (3,10) (1,2) (3,11) (1,6) (3,14) (1,1) (3,15) (1,7) (3,18) (1,3) (3,12) (1,6) (3,15) (1,2) (3,25) (1,3) (2,17) (1,2) (2,7) (1,5) (2,4) (1,6) (2,7) (1,6) (2,4) (1,14) (2,16) (1,2) (2,12) 
layer:1, node:MDDNode(1,u-40), in=3, out=11
split in: 3 -> (2,1)
split out: 11 -> (7,6,13)
add: MDDNode(1,u-150) MDDNode(1,u-151), del:MDDNode(1,u-40)
74 (2,3) (2,2) (2,11) (2,2) (2,3) (1,4) (2,10) (1,4) (1,2) (2,8) (1,1) (1,2) (1,8) (1,2) (1,3) (1,8) (1,2) (1,9) (1,3) (1,6) (1,2) (1,1) (1,2) (1,2) (1,10) (1,2) (1,5) (1,6) (1,1) (1,2) (1,1) (1,1) (1,12) (1,8) (1,3) (1,2) (1,11) (3,19) (1,5) (3,12) (1,6) (3,6) (1,7) (3,10) (1,2) (3,11) (1,6) (3,14) (1,1) (3,15) (1,7) (3,18) (1,3) (3,12) (1,6) (3,15) (1,2) (3,25) (1,3) (2,17) (1,2) (2,7) (1,5) (2,4) (1,6) (2,7) (1,6) (2,4) (1,14) (2,16) (1,2) (2,12) (1,6) (2,7) 
layer:1, node:MDDNode(1,u-115), in=3, out=19
split in: 3 -> (2,1)
split out: 19 -> (11,8,19)
add: MDDNode(1,u-152) MDDNode(1,u-153), del:MDDNode(1,u-115)
75 (2,3) (2,2) (2,11) (2,2) (2,3) (1,4) (2,10) (1,4) (1,2) (2,8) (1,1) (1,2) (1,8) (1,2) (1,3) (1,8) (1,2) (1,9) (1,3) (1,6) (1,2) (1,1) (1,2) (1,2) (1,10) (1,2) (1,5) (1,6) (1,1) (1,2) (1,1) (1,1) (1,12) (1,8) (1,3) (1,2) (1,11) (1,5) (3,12) (1,6) (3,6) (1,7) (3,10) (1,2) (3,11) (1,6) (3,14) (1,1) (3,15) (1,7) (3,18) (1,3) (3,12) (1,6) (3,15) (1,2) (3,25) (1,3) (2,17) (1,2) (2,7) (1,5) (2,4) (1,6) (2,7) (1,6) (2,4) (1,14) (2,16) (1,2) (2,12) (1,6) (2,7) (1,8) (2,11) 
layer:1, node:MDDNode(1,u-117), in=3, out=12
split in: 3 -> (2,1)
split out: 12 -> (6,6,12)
add: MDDNode(1,u-154) MDDNode(1,u-155), del:MDDNode(1,u-117)
76 (2,3) (2,2) (2,11) (2,2) (2,3) (1,4) (2,10) (1,4) (1,2) (2,8) (1,1) (1,2) (1,8) (1,2) (1,3) (1,8) (1,2) (1,9) (1,3) (1,6) (1,2) (1,1) (1,2) (1,2) (1,10) (1,2) (1,5) (1,6) (1,1) (1,2) (1,1) (1,1) (1,12) (1,8) (1,3) (1,2) (1,11) (1,5) (1,6) (3,6) (1,7) (3,10) (1,2) (3,11) (1,6) (3,14) (1,1) (3,15) (1,7) (3,18) (1,3) (3,12) (1,6) (3,15) (1,2) (3,25) (1,3) (2,17) (1,2) (2,7) (1,5) (2,4) (1,6) (2,7) (1,6) (2,4) (1,14) (2,16) (1,2) (2,12) (1,6) (2,7) (1,8) (2,11) (1,6) (2,6) 
layer:1, node:MDDNode(1,u-119), in=3, out=6
split in: 3 -> (2,1)
split out: 6 -> (2,4,6)
add: MDDNode(1,u-156) MDDNode(1,u-157), del:MDDNode(1,u-119)
77 (2,3) (2,2) (2,11) (2,2) (2,3) (1,4) (2,10) (1,4) (1,2) (2,8) (1,1) (1,2) (1,8) (1,2) (1,3) (1,8) (1,2) (1,9) (1,3) (1,6) (1,2) (1,1) (1,2) (1,2) (1,10) (1,2) (1,5) (1,6) (1,1) (1,2) (1,1) (1,1) (1,12) (1,8) (1,3) (1,2) (1,11) (1,5) (1,6) (1,7) (3,10) (1,2) (3,11) (1,6) (3,14) (1,1) (3,15) (1,7) (3,18) (1,3) (3,12) (1,6) (3,15) (1,2) (3,25) (1,3) (2,17) (1,2) (2,7) (1,5) (2,4) (1,6) (2,7) (1,6) (2,4) (1,14) (2,16) (1,2) (2,12) (1,6) (2,7) (1,8) (2,11) (1,6) (2,6) (1,4) (2,2) 
layer:1, node:MDDNode(1,u-121), in=3, out=10
split in: 3 -> (2,1)
split out: 10 -> (5,5,10)
add: MDDNode(1,u-158) MDDNode(1,u-159), del:MDDNode(1,u-121)
78 (2,3) (2,2) (2,11) (2,2) (2,3) (1,4) (2,10) (1,4) (1,2) (2,8) (1,1) (1,2) (1,8) (1,2) (1,3) (1,8) (1,2) (1,9) (1,3) (1,6) (1,2) (1,1) (1,2) (1,2) (1,10) (1,2) (1,5) (1,6) (1,1) (1,2) (1,1) (1,1) (1,12) (1,8) (1,3) (1,2) (1,11) (1,5) (1,6) (1,7) (1,2) (3,11) (1,6) (3,14) (1,1) (3,15) (1,7) (3,18) (1,3) (3,12) (1,6) (3,15) (1,2) (3,25) (1,3) (2,17) (1,2) (2,7) (1,5) (2,4) (1,6) (2,7) (1,6) (2,4) (1,14) (2,16) (1,2) (2,12) (1,6) (2,7) (1,8) (2,11) (1,6) (2,6) (1,4) (2,2) (1,5) (2,5) 
layer:1, node:MDDNode(1,u-123), in=3, out=11
split in: 3 -> (2,1)
split out: 11 -> (9,2,11)
add: MDDNode(1,u-160) MDDNode(1,u-161), del:MDDNode(1,u-123)
79 (2,3) (2,2) (2,11) (2,2) (2,3) (1,4) (2,10) (1,4) (1,2) (2,8) (1,1) (1,2) (1,8) (1,2) (1,3) (1,8) (1,2) (1,9) (1,3) (1,6) (1,2) (1,1) (1,2) (1,2) (1,10) (1,2) (1,5) (1,6) (1,1) (1,2) (1,1) (1,1) (1,12) (1,8) (1,3) (1,2) (1,11) (1,5) (1,6) (1,7) (1,2) (1,6) (3,14) (1,1) (3,15) (1,7) (3,18) (1,3) (3,12) (1,6) (3,15) (1,2) (3,25) (1,3) (2,17) (1,2) (2,7) (1,5) (2,4) (1,6) (2,7) (1,6) (2,4) (1,14) (2,16) (1,2) (2,12) (1,6) (2,7) (1,8) (2,11) (1,6) (2,6) (1,4) (2,2) (1,5) (2,5) (1,2) (2,9) 
layer:1, node:MDDNode(1,u-125), in=3, out=14
split in: 3 -> (2,1)
split out: 14 -> (13,1,14)
add: MDDNode(1,u-162) MDDNode(1,u-163), del:MDDNode(1,u-125)
80 (2,3) (2,2) (2,11) (2,2) (2,3) (1,4) (2,10) (1,4) (1,2) (2,8) (1,1) (1,2) (1,8) (1,2) (1,3) (1,8) (1,2) (1,9) (1,3) (1,6) (1,2) (1,1) (1,2) (1,2) (1,10) (1,2) (1,5) (1,6) (1,1) (1,2) (1,1) (1,1) (1,12) (1,8) (1,3) (1,2) (1,11) (1,5) (1,6) (1,7) (1,2) (1,6) (1,1) (3,15) (1,7) (3,18) (1,3) (3,12) (1,6) (3,15) (1,2) (3,25) (1,3) (2,17) (1,2) (2,7) (1,5) (2,4) (1,6) (2,7) (1,6) (2,4) (1,14) (2,16) (1,2) (2,12) (1,6) (2,7) (1,8) (2,11) (1,6) (2,6) (1,4) (2,2) (1,5) (2,5) (1,2) (2,9) (1,1) (2,13) 
layer:1, node:MDDNode(1,u-127), in=3, out=15
split in: 3 -> (2,1)
split out: 15 -> (2,13,15)
add: MDDNode(1,u-164) MDDNode(1,u-165), del:MDDNode(1,u-127)
81 (2,3) (2,2) (2,11) (2,2) (2,3) (1,4) (2,10) (1,4) (1,2) (2,8) (1,1) (1,2) (1,8) (1,2) (1,3) (1,8) (1,2) (1,9) (1,3) (1,6) (1,2) (1,1) (1,2) (1,2) (1,10) (1,2) (1,5) (1,6) (1,1) (1,2) (1,1) (1,1) (1,12) (1,8) (1,3) (1,2) (1,11) (1,5) (1,6) (1,7) (1,2) (1,6) (1,1) (1,7) (3,18) (1,3) (3,12) (1,6) (3,15) (1,2) (3,25) (1,3) (2,17) (1,2) (2,7) (1,5) (2,4) (1,6) (2,7) (1,6) (2,4) (1,14) (2,16) (1,2) (2,12) (1,6) (2,7) (1,8) (2,11) (1,6) (2,6) (1,4) (2,2) (1,5) (2,5) (1,2) (2,9) (1,1) (2,13) (1,13) (2,2) 
layer:1, node:MDDNode(1,u-129), in=3, out=18
split in: 3 -> (2,1)
split out: 18 -> (16,2,18)
add: MDDNode(1,u-166) MDDNode(1,u-167), del:MDDNode(1,u-129)
82 (2,3) (2,2) (2,11) (2,2) (2,3) (1,4) (2,10) (1,4) (1,2) (2,8) (1,1) (1,2) (1,8) (1,2) (1,3) (1,8) (1,2) (1,9) (1,3) (1,6) (1,2) (1,1) (1,2) (1,2) (1,10) (1,2) (1,5) (1,6) (1,1) (1,2) (1,1) (1,1) (1,12) (1,8) (1,3) (1,2) (1,11) (1,5) (1,6) (1,7) (1,2) (1,6) (1,1) (1,7) (1,3) (3,12) (1,6) (3,15) (1,2) (3,25) (1,3) (2,17) (1,2) (2,7) (1,5) (2,4) (1,6) (2,7) (1,6) (2,4) (1,14) (2,16) (1,2) (2,12) (1,6) (2,7) (1,8) (2,11) (1,6) (2,6) (1,4) (2,2) (1,5) (2,5) (1,2) (2,9) (1,1) (2,13) (1,13) (2,2) (1,2) (2,16) 
layer:1, node:MDDNode(1,u-131), in=3, out=12
choose: Developer tools
split in: 3 -> (2,1)
split out: 12 -> (7,5,12)
add: MDDNode(1,u-168) MDDNode(1,u-169), del:MDDNode(1,u-131)
83 (2,3) (2,2) (2,11) (2,2) (2,3) (1,4) (2,10) (1,4) (1,2) (2,8) (1,1) (1,2) (1,8) (1,2) (1,3) (1,8) (1,2) (1,9) (1,3) (1,6) (1,2) (1,1) (1,2) (1,2) (1,10) (1,2) (1,5) (1,6) (1,1) (1,2) (1,1) (1,1) (1,12) (1,8) (1,3) (1,2) (1,11) (1,5) (1,6) (1,7) (1,2) (1,6) (1,1) (1,7) (1,3) (1,6) (3,15) (1,2) (3,25) (1,3) (2,17) (1,2) (2,7) (1,5) (2,4) (1,6) (2,7) (1,6) (2,4) (1,14) (2,16) (1,2) (2,12) (1,6) (2,7) (1,8) (2,11) (1,6) (2,6) (1,4) (2,2) (1,5) (2,5) (1,2) (2,9) (1,1) (2,13) (1,13) (2,2) (1,2) (2,16) (1,5) (2,7) 
layer:1, node:MDDNode(1,u-133), in=3, out=15
split in: 3 -> (2,1)
split out: 15 -> (12,3,15)
add: MDDNode(1,u-170) MDDNode(1,u-171), del:MDDNode(1,u-133)
84 (2,3) (2,2) (2,11) (2,2) (2,3) (1,4) (2,10) (1,4) (1,2) (2,8) (1,1) (1,2) (1,8) (1,2) (1,3) (1,8) (1,2) (1,9) (1,3) (1,6) (1,2) (1,1) (1,2) (1,2) (1,10) (1,2) (1,5) (1,6) (1,1) (1,2) (1,1) (1,1) (1,12) (1,8) (1,3) (1,2) (1,11) (1,5) (1,6) (1,7) (1,2) (1,6) (1,1) (1,7) (1,3) (1,6) (1,2) (3,25) (1,3) (2,17) (1,2) (2,7) (1,5) (2,4) (1,6) (2,7) (1,6) (2,4) (1,14) (2,16) (1,2) (2,12) (1,6) (2,7) (1,8) (2,11) (1,6) (2,6) (1,4) (2,2) (1,5) (2,5) (1,2) (2,9) (1,1) (2,13) (1,13) (2,2) (1,2) (2,16) (1,5) (2,7) (1,3) (2,12) 
layer:1, node:MDDNode(1,u-135), in=3, out=25
split in: 3 -> (2,1)
split out: 25 -> (19,6,25)
add: MDDNode(1,u-172) MDDNode(1,u-173), del:MDDNode(1,u-135)
85 (2,3) (2,2) (2,11) (2,2) (2,3) (1,4) (2,10) (1,4) (1,2) (2,8) (1,1) (1,2) (1,8) (1,2) (1,3) (1,8) (1,2) (1,9) (1,3) (1,6) (1,2) (1,1) (1,2) (1,2) (1,10) (1,2) (1,5) (1,6) (1,1) (1,2) (1,1) (1,1) (1,12) (1,8) (1,3) (1,2) (1,11) (1,5) (1,6) (1,7) (1,2) (1,6) (1,1) (1,7) (1,3) (1,6) (1,2) (1,3) (2,17) (1,2) (2,7) (1,5) (2,4) (1,6) (2,7) (1,6) (2,4) (1,14) (2,16) (1,2) (2,12) (1,6) (2,7) (1,8) (2,11) (1,6) (2,6) (1,4) (2,2) (1,5) (2,5) (1,2) (2,9) (1,1) (2,13) (1,13) (2,2) (1,2) (2,16) (1,5) (2,7) (1,3) (2,12) (1,6) (2,19) 
layer:1, node:MDDNode(1,u-42), in=2, out=3
split in: 2 -> (1,1)
split out: 3 -> (1,2,3)
add: MDDNode(1,u-174) MDDNode(1,u-175), del:MDDNode(1,u-42)
86 (2,2) (2,11) (2,2) (2,3) (1,4) (2,10) (1,4) (1,2) (2,8) (1,1) (1,2) (1,8) (1,2) (1,3) (1,8) (1,2) (1,9) (1,3) (1,6) (1,2) (1,1) (1,2) (1,2) (1,10) (1,2) (1,5) (1,6) (1,1) (1,2) (1,1) (1,1) (1,12) (1,8) (1,3) (1,2) (1,11) (1,5) (1,6) (1,7) (1,2) (1,6) (1,1) (1,7) (1,3) (1,6) (1,2) (1,3) (2,17) (1,2) (2,7) (1,5) (2,4) (1,6) (2,7) (1,6) (2,4) (1,14) (2,16) (1,2) (2,12) (1,6) (2,7) (1,8) (2,11) (1,6) (2,6) (1,4) (2,2) (1,5) (2,5) (1,2) (2,9) (1,1) (2,13) (1,13) (2,2) (1,2) (2,16) (1,5) (2,7) (1,3) (2,12) (1,6) (2,19) (1,2) (1,1) 
layer:1, node:MDDNode(1,u-44), in=2, out=2
split in: 2 -> (1,1)
split out: 2 -> (1,1,2)
add: MDDNode(1,u-176) MDDNode(1,u-177), del:MDDNode(1,u-44)
87 (2,11) (2,2) (2,3) (1,4) (2,10) (1,4) (1,2) (2,8) (1,1) (1,2) (1,8) (1,2) (1,3) (1,8) (1,2) (1,9) (1,3) (1,6) (1,2) (1,1) (1,2) (1,2) (1,10) (1,2) (1,5) (1,6) (1,1) (1,2) (1,1) (1,1) (1,12) (1,8) (1,3) (1,2) (1,11) (1,5) (1,6) (1,7) (1,2) (1,6) (1,1) (1,7) (1,3) (1,6) (1,2) (1,3) (2,17) (1,2) (2,7) (1,5) (2,4) (1,6) (2,7) (1,6) (2,4) (1,14) (2,16) (1,2) (2,12) (1,6) (2,7) (1,8) (2,11) (1,6) (2,6) (1,4) (2,2) (1,5) (2,5) (1,2) (2,9) (1,1) (2,13) (1,13) (2,2) (1,2) (2,16) (1,5) (2,7) (1,3) (2,12) (1,6) (2,19) (1,2) (1,1) (1,1) (1,1) 
layer:1, node:MDDNode(1,u-46), in=2, out=11
split in: 2 -> (1,1)
split out: 11 -> (4,7,11)
add: MDDNode(1,u-178) MDDNode(1,u-179), del:MDDNode(1,u-46)
88 (2,2) (2,3) (1,4) (2,10) (1,4) (1,2) (2,8) (1,1) (1,2) (1,8) (1,2) (1,3) (1,8) (1,2) (1,9) (1,3) (1,6) (1,2) (1,1) (1,2) (1,2) (1,10) (1,2) (1,5) (1,6) (1,1) (1,2) (1,1) (1,1) (1,12) (1,8) (1,3) (1,2) (1,11) (1,5) (1,6) (1,7) (1,2) (1,6) (1,1) (1,7) (1,3) (1,6) (1,2) (1,3) (2,17) (1,2) (2,7) (1,5) (2,4) (1,6) (2,7) (1,6) (2,4) (1,14) (2,16) (1,2) (2,12) (1,6) (2,7) (1,8) (2,11) (1,6) (2,6) (1,4) (2,2) (1,5) (2,5) (1,2) (2,9) (1,1) (2,13) (1,13) (2,2) (1,2) (2,16) (1,5) (2,7) (1,3) (2,12) (1,6) (2,19) (1,2) (1,1) (1,1) (1,1) (1,7) (1,4) 
layer:1, node:MDDNode(1,u-48), in=2, out=2
split in: 2 -> (1,1)
split out: 2 -> (1,1,2)
add: MDDNode(1,u-180) MDDNode(1,u-181), del:MDDNode(1,u-48)
89 (2,3) (1,4) (2,10) (1,4) (1,2) (2,8) (1,1) (1,2) (1,8) (1,2) (1,3) (1,8) (1,2) (1,9) (1,3) (1,6) (1,2) (1,1) (1,2) (1,2) (1,10) (1,2) (1,5) (1,6) (1,1) (1,2) (1,1) (1,1) (1,12) (1,8) (1,3) (1,2) (1,11) (1,5) (1,6) (1,7) (1,2) (1,6) (1,1) (1,7) (1,3) (1,6) (1,2) (1,3) (2,17) (1,2) (2,7) (1,5) (2,4) (1,6) (2,7) (1,6) (2,4) (1,14) (2,16) (1,2) (2,12) (1,6) (2,7) (1,8) (2,11) (1,6) (2,6) (1,4) (2,2) (1,5) (2,5) (1,2) (2,9) (1,1) (2,13) (1,13) (2,2) (1,2) (2,16) (1,5) (2,7) (1,3) (2,12) (1,6) (2,19) (1,2) (1,1) (1,1) (1,1) (1,7) (1,4) (1,1) (1,1) 
layer:1, node:MDDNode(1,u-50), in=2, out=3
split in: 2 -> (1,1)
split out: 3 -> (2,1,3)
add: MDDNode(1,u-182) MDDNode(1,u-183), del:MDDNode(1,u-50)
90 (1,4) (2,10) (1,4) (1,2) (2,8) (1,1) (1,2) (1,8) (1,2) (1,3) (1,8) (1,2) (1,9) (1,3) (1,6) (1,2) (1,1) (1,2) (1,2) (1,10) (1,2) (1,5) (1,6) (1,1) (1,2) (1,1) (1,1) (1,12) (1,8) (1,3) (1,2) (1,11) (1,5) (1,6) (1,7) (1,2) (1,6) (1,1) (1,7) (1,3) (1,6) (1,2) (1,3) (2,17) (1,2) (2,7) (1,5) (2,4) (1,6) (2,7) (1,6) (2,4) (1,14) (2,16) (1,2) (2,12) (1,6) (2,7) (1,8) (2,11) (1,6) (2,6) (1,4) (2,2) (1,5) (2,5) (1,2) (2,9) (1,1) (2,13) (1,13) (2,2) (1,2) (2,16) (1,5) (2,7) (1,3) (2,12) (1,6) (2,19) (1,2) (1,1) (1,1) (1,1) (1,7) (1,4) (1,1) (1,1) (1,1) (1,2) 
layer:1, node:MDDNode(1,u-54), in=2, out=10
split in: 2 -> (1,1)
split out: 10 -> (7,8,15)
add: MDDNode(1,u-184) MDDNode(1,u-185), del:MDDNode(1,u-54)
91 (1,4) (1,4) (1,2) (2,8) (1,1) (1,2) (1,8) (1,2) (1,3) (1,8) (1,2) (1,9) (1,3) (1,6) (1,2) (1,1) (1,2) (1,2) (1,10) (1,2) (1,5) (1,6) (1,1) (1,2) (1,1) (1,1) (1,12) (1,8) (1,3) (1,2) (1,11) (1,5) (1,6) (1,7) (1,2) (1,6) (1,1) (1,7) (1,3) (1,6) (1,2) (1,3) (2,17) (1,2) (2,7) (1,5) (2,4) (1,6) (2,7) (1,6) (2,4) (1,14) (2,16) (1,2) (2,12) (1,6) (2,7) (1,8) (2,11) (1,6) (2,6) (1,4) (2,2) (1,5) (2,5) (1,2) (2,9) (1,1) (2,13) (1,13) (2,2) (1,2) (2,16) (1,5) (2,7) (1,3) (2,12) (1,6) (2,19) (1,2) (1,1) (1,1) (1,1) (1,7) (1,4) (1,1) (1,1) (1,1) (1,2) (1,8) (1,7) 
layer:1, node:MDDNode(1,u-60), in=2, out=8
split in: 2 -> (1,1)
split out: 8 -> (5,3,8)
add: MDDNode(1,u-186) MDDNode(1,u-187), del:MDDNode(1,u-60)
92 (1,4) (1,4) (1,2) (1,1) (1,2) (1,8) (1,2) (1,3) (1,8) (1,2) (1,9) (1,3) (1,6) (1,2) (1,1) (1,2) (1,2) (1,10) (1,2) (1,5) (1,6) (1,1) (1,2) (1,1) (1,1) (1,12) (1,8) (1,3) (1,2) (1,11) (1,5) (1,6) (1,7) (1,2) (1,6) (1,1) (1,7) (1,3) (1,6) (1,2) (1,3) (2,17) (1,2) (2,7) (1,5) (2,4) (1,6) (2,7) (1,6) (2,4) (1,14) (2,16) (1,2) (2,12) (1,6) (2,7) (1,8) (2,11) (1,6) (2,6) (1,4) (2,2) (1,5) (2,5) (1,2) (2,9) (1,1) (2,13) (1,13) (2,2) (1,2) (2,16) (1,5) (2,7) (1,3) (2,12) (1,6) (2,19) (1,2) (1,1) (1,1) (1,1) (1,7) (1,4) (1,1) (1,1) (1,1) (1,2) (1,8) (1,7) (1,3) (1,5) 
layer:1, node:MDDNode(1,u-137), in=2, out=17
split in: 2 -> (1,1)
split out: 17 -> (1,16,17)
add: MDDNode(1,u-188) MDDNode(1,u-189), del:MDDNode(1,u-137)
93 (1,4) (1,4) (1,2) (1,1) (1,2) (1,8) (1,2) (1,3) (1,8) (1,2) (1,9) (1,3) (1,6) (1,2) (1,1) (1,2) (1,2) (1,10) (1,2) (1,5) (1,6) (1,1) (1,2) (1,1) (1,1) (1,12) (1,8) (1,3) (1,2) (1,11) (1,5) (1,6) (1,7) (1,2) (1,6) (1,1) (1,7) (1,3) (1,6) (1,2) (1,3) (1,2) (2,7) (1,5) (2,4) (1,6) (2,7) (1,6) (2,4) (1,14) (2,16) (1,2) (2,12) (1,6) (2,7) (1,8) (2,11) (1,6) (2,6) (1,4) (2,2) (1,5) (2,5) (1,2) (2,9) (1,1) (2,13) (1,13) (2,2) (1,2) (2,16) (1,5) (2,7) (1,3) (2,12) (1,6) (2,19) (1,2) (1,1) (1,1) (1,1) (1,7) (1,4) (1,1) (1,1) (1,1) (1,2) (1,8) (1,7) (1,3) (1,5) (1,16) (1,1) 
layer:1, node:MDDNode(1,u-139), in=2, out=7
split in: 2 -> (1,1)
split out: 7 -> (2,5,7)
add: MDDNode(1,u-190) MDDNode(1,u-191), del:MDDNode(1,u-139)
94 (1,4) (1,4) (1,2) (1,1) (1,2) (1,8) (1,2) (1,3) (1,8) (1,2) (1,9) (1,3) (1,6) (1,2) (1,1) (1,2) (1,2) (1,10) (1,2) (1,5) (1,6) (1,1) (1,2) (1,1) (1,1) (1,12) (1,8) (1,3) (1,2) (1,11) (1,5) (1,6) (1,7) (1,2) (1,6) (1,1) (1,7) (1,3) (1,6) (1,2) (1,3) (1,2) (1,5) (2,4) (1,6) (2,7) (1,6) (2,4) (1,14) (2,16) (1,2) (2,12) (1,6) (2,7) (1,8) (2,11) (1,6) (2,6) (1,4) (2,2) (1,5) (2,5) (1,2) (2,9) (1,1) (2,13) (1,13) (2,2) (1,2) (2,16) (1,5) (2,7) (1,3) (2,12) (1,6) (2,19) (1,2) (1,1) (1,1) (1,1) (1,7) (1,4) (1,1) (1,1) (1,1) (1,2) (1,8) (1,7) (1,3) (1,5) (1,16) (1,1) (1,5) (1,2) 
layer:1, node:MDDNode(1,u-141), in=2, out=4
split in: 2 -> (1,1)
split out: 4 -> (2,4,6)
add: MDDNode(1,u-192) MDDNode(1,u-193), del:MDDNode(1,u-141)
95 (1,4) (1,4) (1,2) (1,1) (1,2) (1,8) (1,2) (1,3) (1,8) (1,2) (1,9) (1,3) (1,6) (1,2) (1,1) (1,2) (1,2) (1,10) (1,2) (1,5) (1,6) (1,1) (1,2) (1,1) (1,1) (1,12) (1,8) (1,3) (1,2) (1,11) (1,5) (1,6) (1,7) (1,2) (1,6) (1,1) (1,7) (1,3) (1,6) (1,2) (1,3) (1,2) (1,5) (1,6) (2,7) (1,6) (2,4) (1,14) (2,16) (1,2) (2,12) (1,6) (2,7) (1,8) (2,11) (1,6) (2,6) (1,4) (2,2) (1,5) (2,5) (1,2) (2,9) (1,1) (2,13) (1,13) (2,2) (1,2) (2,16) (1,5) (2,7) (1,3) (2,12) (1,6) (2,19) (1,2) (1,1) (1,1) (1,1) (1,7) (1,4) (1,1) (1,1) (1,1) (1,2) (1,8) (1,7) (1,3) (1,5) (1,16) (1,1) (1,5) (1,2) (1,4) (1,2) 
layer:1, node:MDDNode(1,u-143), in=2, out=7
split in: 2 -> (1,1)
split out: 7 -> (1,6,7)
add: MDDNode(1,u-194) MDDNode(1,u-195), del:MDDNode(1,u-143)
96 (1,4) (1,4) (1,2) (1,1) (1,2) (1,8) (1,2) (1,3) (1,8) (1,2) (1,9) (1,3) (1,6) (1,2) (1,1) (1,2) (1,2) (1,10) (1,2) (1,5) (1,6) (1,1) (1,2) (1,1) (1,1) (1,12) (1,8) (1,3) (1,2) (1,11) (1,5) (1,6) (1,7) (1,2) (1,6) (1,1) (1,7) (1,3) (1,6) (1,2) (1,3) (1,2) (1,5) (1,6) (1,6) (2,4) (1,14) (2,16) (1,2) (2,12) (1,6) (2,7) (1,8) (2,11) (1,6) (2,6) (1,4) (2,2) (1,5) (2,5) (1,2) (2,9) (1,1) (2,13) (1,13) (2,2) (1,2) (2,16) (1,5) (2,7) (1,3) (2,12) (1,6) (2,19) (1,2) (1,1) (1,1) (1,1) (1,7) (1,4) (1,1) (1,1) (1,1) (1,2) (1,8) (1,7) (1,3) (1,5) (1,16) (1,1) (1,5) (1,2) (1,4) (1,2) (1,6) (1,1) 
layer:1, node:MDDNode(1,u-145), in=2, out=4
split in: 2 -> (1,1)
split out: 4 -> (2,2,4)
add: MDDNode(1,u-196) MDDNode(1,u-197), del:MDDNode(1,u-145)
97 (1,4) (1,4) (1,2) (1,1) (1,2) (1,8) (1,2) (1,3) (1,8) (1,2) (1,9) (1,3) (1,6) (1,2) (1,1) (1,2) (1,2) (1,10) (1,2) (1,5) (1,6) (1,1) (1,2) (1,1) (1,1) (1,12) (1,8) (1,3) (1,2) (1,11) (1,5) (1,6) (1,7) (1,2) (1,6) (1,1) (1,7) (1,3) (1,6) (1,2) (1,3) (1,2) (1,5) (1,6) (1,6) (1,14) (2,16) (1,2) (2,12) (1,6) (2,7) (1,8) (2,11) (1,6) (2,6) (1,4) (2,2) (1,5) (2,5) (1,2) (2,9) (1,1) (2,13) (1,13) (2,2) (1,2) (2,16) (1,5) (2,7) (1,3) (2,12) (1,6) (2,19) (1,2) (1,1) (1,1) (1,1) (1,7) (1,4) (1,1) (1,1) (1,1) (1,2) (1,8) (1,7) (1,3) (1,5) (1,16) (1,1) (1,5) (1,2) (1,4) (1,2) (1,6) (1,1) (1,2) (1,2) 
layer:1, node:MDDNode(1,u-147), in=2, out=16
split in: 2 -> (1,1)
split out: 16 -> (2,14,16)
add: MDDNode(1,u-198) MDDNode(1,u-199), del:MDDNode(1,u-147)
98 (1,4) (1,4) (1,2) (1,1) (1,2) (1,8) (1,2) (1,3) (1,8) (1,2) (1,9) (1,3) (1,6) (1,2) (1,1) (1,2) (1,2) (1,10) (1,2) (1,5) (1,6) (1,1) (1,2) (1,1) (1,1) (1,12) (1,8) (1,3) (1,2) (1,11) (1,5) (1,6) (1,7) (1,2) (1,6) (1,1) (1,7) (1,3) (1,6) (1,2) (1,3) (1,2) (1,5) (1,6) (1,6) (1,14) (1,2) (2,12) (1,6) (2,7) (1,8) (2,11) (1,6) (2,6) (1,4) (2,2) (1,5) (2,5) (1,2) (2,9) (1,1) (2,13) (1,13) (2,2) (1,2) (2,16) (1,5) (2,7) (1,3) (2,12) (1,6) (2,19) (1,2) (1,1) (1,1) (1,1) (1,7) (1,4) (1,1) (1,1) (1,1) (1,2) (1,8) (1,7) (1,3) (1,5) (1,16) (1,1) (1,5) (1,2) (1,4) (1,2) (1,6) (1,1) (1,2) (1,2) (1,14) (1,2) 
layer:1, node:MDDNode(1,u-149), in=2, out=12
split in: 2 -> (1,1)
split out: 12 -> (2,11,13)
add: MDDNode(1,u-200) MDDNode(1,u-201), del:MDDNode(1,u-149)
99 (1,4) (1,4) (1,2) (1,1) (1,2) (1,8) (1,2) (1,3) (1,8) (1,2) (1,9) (1,3) (1,6) (1,2) (1,1) (1,2) (1,2) (1,10) (1,2) (1,5) (1,6) (1,1) (1,2) (1,1) (1,1) (1,12) (1,8) (1,3) (1,2) (1,11) (1,5) (1,6) (1,7) (1,2) (1,6) (1,1) (1,7) (1,3) (1,6) (1,2) (1,3) (1,2) (1,5) (1,6) (1,6) (1,14) (1,2) (1,6) (2,7) (1,8) (2,11) (1,6) (2,6) (1,4) (2,2) (1,5) (2,5) (1,2) (2,9) (1,1) (2,13) (1,13) (2,2) (1,2) (2,16) (1,5) (2,7) (1,3) (2,12) (1,6) (2,19) (1,2) (1,1) (1,1) (1,1) (1,7) (1,4) (1,1) (1,1) (1,1) (1,2) (1,8) (1,7) (1,3) (1,5) (1,16) (1,1) (1,5) (1,2) (1,4) (1,2) (1,6) (1,1) (1,2) (1,2) (1,14) (1,2) (1,11) (1,2) 
layer:1, node:MDDNode(1,u-151), in=2, out=7
split in: 2 -> (1,1)
split out: 7 -> (2,5,7)
add: MDDNode(1,u-202) MDDNode(1,u-203), del:MDDNode(1,u-151)
100 (1,4) (1,4) (1,2) (1,1) (1,2) (1,8) (1,2) (1,3) (1,8) (1,2) (1,9) (1,3) (1,6) (1,2) (1,1) (1,2) (1,2) (1,10) (1,2) (1,5) (1,6) (1,1) (1,2) (1,1) (1,1) (1,12) (1,8) (1,3) (1,2) (1,11) (1,5) (1,6) (1,7) (1,2) (1,6) (1,1) (1,7) (1,3) (1,6) (1,2) (1,3) (1,2) (1,5) (1,6) (1,6) (1,14) (1,2) (1,6) (1,8) (2,11) (1,6) (2,6) (1,4) (2,2) (1,5) (2,5) (1,2) (2,9) (1,1) (2,13) (1,13) (2,2) (1,2) (2,16) (1,5) (2,7) (1,3) (2,12) (1,6) (2,19) (1,2) (1,1) (1,1) (1,1) (1,7) (1,4) (1,1) (1,1) (1,1) (1,2) (1,8) (1,7) (1,3) (1,5) (1,16) (1,1) (1,5) (1,2) (1,4) (1,2) (1,6) (1,1) (1,2) (1,2) (1,14) (1,2) (1,11) (1,2) (1,5) (1,2) 
layer:1, node:MDDNode(1,u-153), in=2, out=11
split in: 2 -> (1,1)
split out: 11 -> (6,5,11)
add: MDDNode(1,u-204) MDDNode(1,u-205), del:MDDNode(1,u-153)
101 (1,4) (1,4) (1,2) (1,1) (1,2) (1,8) (1,2) (1,3) (1,8) (1,2) (1,9) (1,3) (1,6) (1,2) (1,1) (1,2) (1,2) (1,10) (1,2) (1,5) (1,6) (1,1) (1,2) (1,1) (1,1) (1,12) (1,8) (1,3) (1,2) (1,11) (1,5) (1,6) (1,7) (1,2) (1,6) (1,1) (1,7) (1,3) (1,6) (1,2) (1,3) (1,2) (1,5) (1,6) (1,6) (1,14) (1,2) (1,6) (1,8) (1,6) (2,6) (1,4) (2,2) (1,5) (2,5) (1,2) (2,9) (1,1) (2,13) (1,13) (2,2) (1,2) (2,16) (1,5) (2,7) (1,3) (2,12) (1,6) (2,19) (1,2) (1,1) (1,1) (1,1) (1,7) (1,4) (1,1) (1,1) (1,1) (1,2) (1,8) (1,7) (1,3) (1,5) (1,16) (1,1) (1,5) (1,2) (1,4) (1,2) (1,6) (1,1) (1,2) (1,2) (1,14) (1,2) (1,11) (1,2) (1,5) (1,2) (1,5) (1,6) 
layer:1, node:MDDNode(1,u-155), in=2, out=6
split in: 2 -> (1,1)
split out: 6 -> (5,1,6)
add: MDDNode(1,u-206) MDDNode(1,u-207), del:MDDNode(1,u-155)
102 (1,4) (1,4) (1,2) (1,1) (1,2) (1,8) (1,2) (1,3) (1,8) (1,2) (1,9) (1,3) (1,6) (1,2) (1,1) (1,2) (1,2) (1,10) (1,2) (1,5) (1,6) (1,1) (1,2) (1,1) (1,1) (1,12) (1,8) (1,3) (1,2) (1,11) (1,5) (1,6) (1,7) (1,2) (1,6) (1,1) (1,7) (1,3) (1,6) (1,2) (1,3) (1,2) (1,5) (1,6) (1,6) (1,14) (1,2) (1,6) (1,8) (1,6) (1,4) (2,2) (1,5) (2,5) (1,2) (2,9) (1,1) (2,13) (1,13) (2,2) (1,2) (2,16) (1,5) (2,7) (1,3) (2,12) (1,6) (2,19) (1,2) (1,1) (1,1) (1,1) (1,7) (1,4) (1,1) (1,1) (1,1) (1,2) (1,8) (1,7) (1,3) (1,5) (1,16) (1,1) (1,5) (1,2) (1,4) (1,2) (1,6) (1,1) (1,2) (1,2) (1,14) (1,2) (1,11) (1,2) (1,5) (1,2) (1,5) (1,6) (1,1) (1,5) 
layer:1, node:MDDNode(1,u-157), in=2, out=2
split in: 2 -> (1,1)
split out: 2 -> (1,1,2)
add: MDDNode(1,u-208) MDDNode(1,u-209), del:MDDNode(1,u-157)
103 (1,4) (1,4) (1,2) (1,1) (1,2) (1,8) (1,2) (1,3) (1,8) (1,2) (1,9) (1,3) (1,6) (1,2) (1,1) (1,2) (1,2) (1,10) (1,2) (1,5) (1,6) (1,1) (1,2) (1,1) (1,1) (1,12) (1,8) (1,3) (1,2) (1,11) (1,5) (1,6) (1,7) (1,2) (1,6) (1,1) (1,7) (1,3) (1,6) (1,2) (1,3) (1,2) (1,5) (1,6) (1,6) (1,14) (1,2) (1,6) (1,8) (1,6) (1,4) (1,5) (2,5) (1,2) (2,9) (1,1) (2,13) (1,13) (2,2) (1,2) (2,16) (1,5) (2,7) (1,3) (2,12) (1,6) (2,19) (1,2) (1,1) (1,1) (1,1) (1,7) (1,4) (1,1) (1,1) (1,1) (1,2) (1,8) (1,7) (1,3) (1,5) (1,16) (1,1) (1,5) (1,2) (1,4) (1,2) (1,6) (1,1) (1,2) (1,2) (1,14) (1,2) (1,11) (1,2) (1,5) (1,2) (1,5) (1,6) (1,1) (1,5) (1,1) (1,1) 
layer:1, node:MDDNode(1,u-159), in=2, out=5
split in: 2 -> (1,1)
split out: 5 -> (3,2,5)
add: MDDNode(1,u-210) MDDNode(1,u-211), del:MDDNode(1,u-159)
104 (1,4) (1,4) (1,2) (1,1) (1,2) (1,8) (1,2) (1,3) (1,8) (1,2) (1,9) (1,3) (1,6) (1,2) (1,1) (1,2) (1,2) (1,10) (1,2) (1,5) (1,6) (1,1) (1,2) (1,1) (1,1) (1,12) (1,8) (1,3) (1,2) (1,11) (1,5) (1,6) (1,7) (1,2) (1,6) (1,1) (1,7) (1,3) (1,6) (1,2) (1,3) (1,2) (1,5) (1,6) (1,6) (1,14) (1,2) (1,6) (1,8) (1,6) (1,4) (1,5) (1,2) (2,9) (1,1) (2,13) (1,13) (2,2) (1,2) (2,16) (1,5) (2,7) (1,3) (2,12) (1,6) (2,19) (1,2) (1,1) (1,1) (1,1) (1,7) (1,4) (1,1) (1,1) (1,1) (1,2) (1,8) (1,7) (1,3) (1,5) (1,16) (1,1) (1,5) (1,2) (1,4) (1,2) (1,6) (1,1) (1,2) (1,2) (1,14) (1,2) (1,11) (1,2) (1,5) (1,2) (1,5) (1,6) (1,1) (1,5) (1,1) (1,1) (1,2) (1,3) 
layer:1, node:MDDNode(1,u-161), in=2, out=9
split in: 2 -> (1,1)
split out: 9 -> (4,5,9)
add: MDDNode(1,u-212) MDDNode(1,u-213), del:MDDNode(1,u-161)
105 (1,4) (1,4) (1,2) (1,1) (1,2) (1,8) (1,2) (1,3) (1,8) (1,2) (1,9) (1,3) (1,6) (1,2) (1,1) (1,2) (1,2) (1,10) (1,2) (1,5) (1,6) (1,1) (1,2) (1,1) (1,1) (1,12) (1,8) (1,3) (1,2) (1,11) (1,5) (1,6) (1,7) (1,2) (1,6) (1,1) (1,7) (1,3) (1,6) (1,2) (1,3) (1,2) (1,5) (1,6) (1,6) (1,14) (1,2) (1,6) (1,8) (1,6) (1,4) (1,5) (1,2) (1,1) (2,13) (1,13) (2,2) (1,2) (2,16) (1,5) (2,7) (1,3) (2,12) (1,6) (2,19) (1,2) (1,1) (1,1) (1,1) (1,7) (1,4) (1,1) (1,1) (1,1) (1,2) (1,8) (1,7) (1,3) (1,5) (1,16) (1,1) (1,5) (1,2) (1,4) (1,2) (1,6) (1,1) (1,2) (1,2) (1,14) (1,2) (1,11) (1,2) (1,5) (1,2) (1,5) (1,6) (1,1) (1,5) (1,1) (1,1) (1,2) (1,3) (1,5) (1,4) 
layer:1, node:MDDNode(1,u-163), in=2, out=13
split in: 2 -> (1,1)
split out: 13 -> (9,4,13)
add: MDDNode(1,u-214) MDDNode(1,u-215), del:MDDNode(1,u-163)
106 (1,4) (1,4) (1,2) (1,1) (1,2) (1,8) (1,2) (1,3) (1,8) (1,2) (1,9) (1,3) (1,6) (1,2) (1,1) (1,2) (1,2) (1,10) (1,2) (1,5) (1,6) (1,1) (1,2) (1,1) (1,1) (1,12) (1,8) (1,3) (1,2) (1,11) (1,5) (1,6) (1,7) (1,2) (1,6) (1,1) (1,7) (1,3) (1,6) (1,2) (1,3) (1,2) (1,5) (1,6) (1,6) (1,14) (1,2) (1,6) (1,8) (1,6) (1,4) (1,5) (1,2) (1,1) (1,13) (2,2) (1,2) (2,16) (1,5) (2,7) (1,3) (2,12) (1,6) (2,19) (1,2) (1,1) (1,1) (1,1) (1,7) (1,4) (1,1) (1,1) (1,1) (1,2) (1,8) (1,7) (1,3) (1,5) (1,16) (1,1) (1,5) (1,2) (1,4) (1,2) (1,6) (1,1) (1,2) (1,2) (1,14) (1,2) (1,11) (1,2) (1,5) (1,2) (1,5) (1,6) (1,1) (1,5) (1,1) (1,1) (1,2) (1,3) (1,5) (1,4) (1,4) (1,9) 
layer:1, node:MDDNode(1,u-165), in=2, out=2
split in: 2 -> (1,1)
split out: 2 -> (1,1,2)
add: MDDNode(1,u-216) MDDNode(1,u-217), del:MDDNode(1,u-165)
107 (1,4) (1,4) (1,2) (1,1) (1,2) (1,8) (1,2) (1,3) (1,8) (1,2) (1,9) (1,3) (1,6) (1,2) (1,1) (1,2) (1,2) (1,10) (1,2) (1,5) (1,6) (1,1) (1,2) (1,1) (1,1) (1,12) (1,8) (1,3) (1,2) (1,11) (1,5) (1,6) (1,7) (1,2) (1,6) (1,1) (1,7) (1,3) (1,6) (1,2) (1,3) (1,2) (1,5) (1,6) (1,6) (1,14) (1,2) (1,6) (1,8) (1,6) (1,4) (1,5) (1,2) (1,1) (1,13) (1,2) (2,16) (1,5) (2,7) (1,3) (2,12) (1,6) (2,19) (1,2) (1,1) (1,1) (1,1) (1,7) (1,4) (1,1) (1,1) (1,1) (1,2) (1,8) (1,7) (1,3) (1,5) (1,16) (1,1) (1,5) (1,2) (1,4) (1,2) (1,6) (1,1) (1,2) (1,2) (1,14) (1,2) (1,11) (1,2) (1,5) (1,2) (1,5) (1,6) (1,1) (1,5) (1,1) (1,1) (1,2) (1,3) (1,5) (1,4) (1,4) (1,9) (1,1) (1,1) 
layer:1, node:MDDNode(1,u-167), in=2, out=16
split in: 2 -> (1,1)
split out: 16 -> (10,6,16)
add: MDDNode(1,u-218) MDDNode(1,u-219), del:MDDNode(1,u-167)
108 (1,4) (1,4) (1,2) (1,1) (1,2) (1,8) (1,2) (1,3) (1,8) (1,2) (1,9) (1,3) (1,6) (1,2) (1,1) (1,2) (1,2) (1,10) (1,2) (1,5) (1,6) (1,1) (1,2) (1,1) (1,1) (1,12) (1,8) (1,3) (1,2) (1,11) (1,5) (1,6) (1,7) (1,2) (1,6) (1,1) (1,7) (1,3) (1,6) (1,2) (1,3) (1,2) (1,5) (1,6) (1,6) (1,14) (1,2) (1,6) (1,8) (1,6) (1,4) (1,5) (1,2) (1,1) (1,13) (1,2) (1,5) (2,7) (1,3) (2,12) (1,6) (2,19) (1,2) (1,1) (1,1) (1,1) (1,7) (1,4) (1,1) (1,1) (1,1) (1,2) (1,8) (1,7) (1,3) (1,5) (1,16) (1,1) (1,5) (1,2) (1,4) (1,2) (1,6) (1,1) (1,2) (1,2) (1,14) (1,2) (1,11) (1,2) (1,5) (1,2) (1,5) (1,6) (1,1) (1,5) (1,1) (1,1) (1,2) (1,3) (1,5) (1,4) (1,4) (1,9) (1,1) (1,1) (1,6) (1,10) 
layer:1, node:MDDNode(1,u-169), in=2, out=7
choose: Music
split in: 2 -> (1,1)
split out: 7 -> (3,4,7)
add: MDDNode(1,u-220) MDDNode(1,u-221), del:MDDNode(1,u-169)
109 (1,4) (1,4) (1,2) (1,1) (1,2) (1,8) (1,2) (1,3) (1,8) (1,2) (1,9) (1,3) (1,6) (1,2) (1,1) (1,2) (1,2) (1,10) (1,2) (1,5) (1,6) (1,1) (1,2) (1,1) (1,1) (1,12) (1,8) (1,3) (1,2) (1,11) (1,5) (1,6) (1,7) (1,2) (1,6) (1,1) (1,7) (1,3) (1,6) (1,2) (1,3) (1,2) (1,5) (1,6) (1,6) (1,14) (1,2) (1,6) (1,8) (1,6) (1,4) (1,5) (1,2) (1,1) (1,13) (1,2) (1,5) (1,3) (2,12) (1,6) (2,19) (1,2) (1,1) (1,1) (1,1) (1,7) (1,4) (1,1) (1,1) (1,1) (1,2) (1,8) (1,7) (1,3) (1,5) (1,16) (1,1) (1,5) (1,2) (1,4) (1,2) (1,6) (1,1) (1,2) (1,2) (1,14) (1,2) (1,11) (1,2) (1,5) (1,2) (1,5) (1,6) (1,1) (1,5) (1,1) (1,1) (1,2) (1,3) (1,5) (1,4) (1,4) (1,9) (1,1) (1,1) (1,6) (1,10) (1,4) (1,3) 
layer:1, node:MDDNode(1,u-171), in=2, out=12
split in: 2 -> (1,1)
split out: 12 -> (6,6,12)
add: MDDNode(1,u-222) MDDNode(1,u-223), del:MDDNode(1,u-171)
110 (1,4) (1,4) (1,2) (1,1) (1,2) (1,8) (1,2) (1,3) (1,8) (1,2) (1,9) (1,3) (1,6) (1,2) (1,1) (1,2) (1,2) (1,10) (1,2) (1,5) (1,6) (1,1) (1,2) (1,1) (1,1) (1,12) (1,8) (1,3) (1,2) (1,11) (1,5) (1,6) (1,7) (1,2) (1,6) (1,1) (1,7) (1,3) (1,6) (1,2) (1,3) (1,2) (1,5) (1,6) (1,6) (1,14) (1,2) (1,6) (1,8) (1,6) (1,4) (1,5) (1,2) (1,1) (1,13) (1,2) (1,5) (1,3) (1,6) (2,19) (1,2) (1,1) (1,1) (1,1) (1,7) (1,4) (1,1) (1,1) (1,1) (1,2) (1,8) (1,7) (1,3) (1,5) (1,16) (1,1) (1,5) (1,2) (1,4) (1,2) (1,6) (1,1) (1,2) (1,2) (1,14) (1,2) (1,11) (1,2) (1,5) (1,2) (1,5) (1,6) (1,1) (1,5) (1,1) (1,1) (1,2) (1,3) (1,5) (1,4) (1,4) (1,9) (1,1) (1,1) (1,6) (1,10) (1,4) (1,3) (1,6) (1,6) 
layer:3, node:MDDNode(3,u_3), in=88, out=161
choose: Notifications
split in: 88 -> (81,7)
split out: 161 -> (154,9,163)
add: MDDNode(3,u-224) MDDNode(3,u-225), del:MDDNode(3,u_3)
2 (7,9) (81,154) 
layer:3, node:MDDNode(3,u-225), in=81, out=154
choose: Social networks
split in: 81 -> (75,6)
split out: 154 -> (141,14,155)
add: MDDNode(3,u-226) MDDNode(3,u-227), del:MDDNode(3,u-225)
3 (7,9) (6,14) (75,141) 
layer:3, node:MDDNode(3,u-227), in=75, out=141
choose: Bookmarking
split in: 75 -> (69,6)
split out: 141 -> (135,7,142)
add: MDDNode(3,u-228) MDDNode(3,u-229), del:MDDNode(3,u-227)
4 (7,9) (6,14) (6,7) (69,135) 
layer:3, node:MDDNode(3,u-229), in=69, out=135
choose: Others
split in: 69 -> (63,6)
split out: 135 -> (125,12,137)
add: MDDNode(3,u-230) MDDNode(3,u-231), del:MDDNode(3,u-229)
5 (7,9) (6,14) (6,7) (6,12) (63,125) 
layer:3, node:MDDNode(3,u-231), in=63, out=125
choose: Mobile devices & accessories
split in: 63 -> (59,4)
split out: 125 -> (120,7,127)
add: MDDNode(3,u-232) MDDNode(3,u-233), del:MDDNode(3,u-231)
6 (7,9) (6,14) (6,7) (6,12) (4,7) (59,120) 
layer:3, node:MDDNode(3,u-233), in=59, out=120
choose: Communication
split in: 59 -> (55,4)
split out: 120 -> (116,4,120)
add: MDDNode(3,u-234) MDDNode(3,u-235), del:MDDNode(3,u-233)
7 (7,9) (6,14) (6,7) (6,12) (4,7) (4,4) (55,116) 
layer:3, node:MDDNode(3,u-235), in=55, out=116
choose: Email
split in: 55 -> (51,4)
split out: 116 -> (111,5,116)
add: MDDNode(3,u-236) MDDNode(3,u-237), del:MDDNode(3,u-235)
8 (7,9) (6,14) (6,7) (6,12) (4,7) (4,4) (4,5) (51,111) 
layer:3, node:MDDNode(3,u-237), in=51, out=111
choose: Power monitoring & management
split in: 51 -> (47,4)
split out: 111 -> (107,9,116)
add: MDDNode(3,u-238) MDDNode(3,u-239), del:MDDNode(3,u-237)
9 (7,9) (6,14) (6,7) (6,12) (4,7) (4,4) (4,5) (4,9) (47,107) 
layer:3, node:MDDNode(3,u-239), in=47, out=107
choose: Environment control & monitoring
split in: 47 -> (43,4)
split out: 107 -> (97,10,107)
add: MDDNode(3,u-240) MDDNode(3,u-241), del:MDDNode(3,u-239)
10 (7,9) (6,14) (6,7) (6,12) (4,7) (4,4) (4,5) (4,9) (4,10) (43,97) 
layer:3, node:MDDNode(3,u-241), in=43, out=97
choose: Security & monitoring systems
split in: 43 -> (39,4)
split out: 97 -> (80,17,97)
add: MDDNode(3,u-242) MDDNode(3,u-243), del:MDDNode(3,u-241)
11 (7,9) (6,14) (6,7) (6,12) (4,7) (4,4) (4,5) (4,9) (4,10) (4,17) (39,80) 
layer:3, node:MDDNode(3,u-243), in=39, out=80
choose: Photo & video
split in: 39 -> (35,4)
split out: 80 -> (76,4,80)
add: MDDNode(3,u-244) MDDNode(3,u-245), del:MDDNode(3,u-243)
12 (7,9) (6,14) (6,7) (6,12) (4,7) (4,4) (4,5) (4,9) (4,10) (4,17) (4,4) (35,76) 
layer:3, node:MDDNode(3,u-245), in=35, out=76
choose: Cloud storage
split in: 35 -> (31,4)
split out: 76 -> (69,7,76)
add: MDDNode(3,u-246) MDDNode(3,u-247), del:MDDNode(3,u-245)
13 (7,9) (6,14) (6,7) (6,12) (4,7) (4,4) (4,5) (4,9) (4,10) (4,17) (4,4) (4,7) (31,69) 
layer:3, node:MDDNode(3,u-247), in=31, out=69
choose: Blogging
split in: 31 -> (28,3)
split out: 69 -> (62,7,69)
add: MDDNode(3,u-248) MDDNode(3,u-249), del:MDDNode(3,u-247)
14 (7,9) (6,14) (6,7) (6,12) (4,7) (4,4) (4,5) (4,9) (4,10) (4,17) (4,4) (4,7) (3,7) (28,62) 
layer:3, node:MDDNode(3,u-249), in=28, out=62
choose: Smart hubs & systems
split in: 28 -> (25,3)
split out: 62 -> (53,9,62)
add: MDDNode(3,u-250) MDDNode(3,u-251), del:MDDNode(3,u-249)
15 (7,9) (6,14) (6,7) (6,12) (4,7) (4,4) (4,5) (4,9) (4,10) (4,17) (4,4) (4,7) (3,7) (3,9) (25,53) 
layer:3, node:MDDNode(3,u-251), in=25, out=53
choose: Health & fitness
split in: 25 -> (22,3)
split out: 53 -> (51,3,54)
add: MDDNode(3,u-252) MDDNode(3,u-253), del:MDDNode(3,u-251)
16 (7,9) (6,14) (6,7) (6,12) (4,7) (4,4) (4,5) (4,9) (4,10) (4,17) (4,4) (4,7) (3,7) (3,9) (3,3) (22,51) 
layer:3, node:MDDNode(3,u-253), in=22, out=51
choose: Developer tools
split in: 22 -> (20,2)
split out: 51 -> (49,3,52)
add: MDDNode(3,u-254) MDDNode(3,u-255), del:MDDNode(3,u-253)
17 (7,9) (6,14) (6,7) (6,12) (4,7) (4,4) (4,5) (4,9) (4,10) (4,17) (4,4) (4,7) (3,7) (3,9) (3,3) (2,3) (20,49) 
layer:3, node:MDDNode(3,u-255), in=20, out=49
choose: Lighting
split in: 20 -> (18,2)
split out: 49 -> (36,13,49)
add: MDDNode(3,u-256) MDDNode(3,u-257), del:MDDNode(3,u-255)
18 (7,9) (6,14) (6,7) (6,12) (4,7) (4,4) (4,5) (4,9) (4,10) (4,17) (4,4) (4,7) (3,7) (3,9) (3,3) (2,3) (2,13) (18,36) 
layer:3, node:MDDNode(3,u-257), in=18, out=36
choose: Business tools
split in: 18 -> (16,2)
split out: 36 -> (33,3,36)
add: MDDNode(3,u-258) MDDNode(3,u-259), del:MDDNode(3,u-257)
19 (7,9) (6,14) (6,7) (6,12) (4,7) (4,4) (4,5) (4,9) (4,10) (4,17) (4,4) (4,7) (3,7) (3,9) (3,3) (2,3) (2,13) (2,3) (16,33) 
layer:3, node:MDDNode(3,u-259), in=16, out=33
choose: News & information
split in: 16 -> (14,2)
split out: 33 -> (30,3,33)
add: MDDNode(3,u-260) MDDNode(3,u-261), del:MDDNode(3,u-259)
20 (7,9) (6,14) (6,7) (6,12) (4,7) (4,4) (4,5) (4,9) (4,10) (4,17) (4,4) (4,7) (3,7) (3,9) (3,3) (2,3) (2,13) (2,3) (2,3) (14,30) 
layer:3, node:MDDNode(3,u-261), in=14, out=30
choose: Notes
split in: 14 -> (12,2)
split out: 30 -> (21,9,30)
add: MDDNode(3,u-262) MDDNode(3,u-263), del:MDDNode(3,u-261)
21 (7,9) (6,14) (6,7) (6,12) (4,7) (4,4) (4,5) (4,9) (4,10) (4,17) (4,4) (4,7) (3,7) (3,9) (3,3) (2,3) (2,13) (2,3) (2,3) (2,9) (12,21) 
layer:3, node:MDDNode(3,u-263), in=12, out=21
choose: Task management & to-dos
split in: 12 -> (10,2)
split out: 21 -> (19,3,22)
add: MDDNode(3,u-264) MDDNode(3,u-265), del:MDDNode(3,u-263)
22 (7,9) (6,14) (6,7) (6,12) (4,7) (4,4) (4,5) (4,9) (4,10) (4,17) (4,4) (4,7) (3,7) (3,9) (3,3) (2,3) (2,13) (2,3) (2,3) (2,9) (2,3) (10,19) 
layer:3, node:MDDNode(3,u-265), in=10, out=19
choose: Routers & computer accessories
split in: 10 -> (9,1)
split out: 19 -> (18,1,19)
add: MDDNode(3,u-266) MDDNode(3,u-267), del:MDDNode(3,u-265)
23 (7,9) (6,14) (6,7) (6,12) (4,7) (4,4) (4,5) (4,9) (4,10) (4,17) (4,4) (4,7) (3,7) (3,9) (3,3) (2,3) (2,13) (2,3) (2,3) (2,9) (2,3) (1,1) (9,18) 
layer:3, node:MDDNode(3,u-267), in=9, out=18
choose: Calendars & scheduling
split in: 9 -> (8,1)
split out: 18 -> (17,1,18)
add: MDDNode(3,u-268) MDDNode(3,u-269), del:MDDNode(3,u-267)
24 (7,9) (6,14) (6,7) (6,12) (4,7) (4,4) (4,5) (4,9) (4,10) (4,17) (4,4) (4,7) (3,7) (3,9) (3,3) (2,3) (2,13) (2,3) (2,3) (2,9) (2,3) (1,1) (1,1) (8,17) 
layer:3, node:MDDNode(3,u-269), in=8, out=17
choose: Clocks & displays
split in: 8 -> (7,1)
split out: 17 -> (16,1,17)
add: MDDNode(3,u-270) MDDNode(3,u-271), del:MDDNode(3,u-269)
25 (7,9) (6,14) (6,7) (6,12) (4,7) (4,4) (4,5) (4,9) (4,10) (4,17) (4,4) (4,7) (3,7) (3,9) (3,3) (2,3) (2,13) (2,3) (2,3) (2,9) (2,3) (1,1) (1,1) (1,1) (7,16) 
layer:3, node:MDDNode(3,u-224), in=7, out=9
split in: 7 -> (6,1)
split out: 9 -> (8,1,9)
add: MDDNode(3,u-272) MDDNode(3,u-273), del:MDDNode(3,u-224)
26 (6,14) (6,7) (6,12) (4,7) (4,4) (4,5) (4,9) (4,10) (4,17) (4,4) (4,7) (3,7) (3,9) (3,3) (2,3) (2,13) (2,3) (2,3) (2,9) (2,3) (1,1) (1,1) (1,1) (7,16) (1,1) (6,8) 
layer:3, node:MDDNode(3,u-271), in=7, out=16
choose: Music
split in: 7 -> (6,1)
split out: 16 -> (14,2,16)
add: MDDNode(3,u-274) MDDNode(3,u-275), del:MDDNode(3,u-271)
27 (6,14) (6,7) (6,12) (4,7) (4,4) (4,5) (4,9) (4,10) (4,17) (4,4) (4,7) (3,7) (3,9) (3,3) (2,3) (2,13) (2,3) (2,3) (2,9) (2,3) (1,1) (1,1) (1,1) (1,1) (6,8) (1,2) (6,14) 
layer:3, node:MDDNode(3,u-226), in=6, out=14
split in: 6 -> (5,1)
split out: 14 -> (12,2,14)
add: MDDNode(3,u-276) MDDNode(3,u-277), del:MDDNode(3,u-226)
28 (6,7) (6,12) (4,7) (4,4) (4,5) (4,9) (4,10) (4,17) (4,4) (4,7) (3,7) (3,9) (3,3) (2,3) (2,13) (2,3) (2,3) (2,9) (2,3) (1,1) (1,1) (1,1) (1,1) (6,8) (1,2) (6,14) (1,2) (5,12) 
layer:3, node:MDDNode(3,u-228), in=6, out=7
split in: 6 -> (5,1)
split out: 7 -> (6,1,7)
add: MDDNode(3,u-278) MDDNode(3,u-279), del:MDDNode(3,u-228)
29 (6,12) (4,7) (4,4) (4,5) (4,9) (4,10) (4,17) (4,4) (4,7) (3,7) (3,9) (3,3) (2,3) (2,13) (2,3) (2,3) (2,9) (2,3) (1,1) (1,1) (1,1) (1,1) (6,8) (1,2) (6,14) (1,2) (5,12) (1,1) (5,6) 
layer:3, node:MDDNode(3,u-230), in=6, out=12
split in: 6 -> (5,1)
split out: 12 -> (11,1,12)
add: MDDNode(3,u-280) MDDNode(3,u-281), del:MDDNode(3,u-230)
30 (4,7) (4,4) (4,5) (4,9) (4,10) (4,17) (4,4) (4,7) (3,7) (3,9) (3,3) (2,3) (2,13) (2,3) (2,3) (2,9) (2,3) (1,1) (1,1) (1,1) (1,1) (6,8) (1,2) (6,14) (1,2) (5,12) (1,1) (5,6) (1,1) (5,11) 
layer:3, node:MDDNode(3,u-273), in=6, out=8
split in: 6 -> (5,1)
split out: 8 -> (7,1,8)
add: MDDNode(3,u-282) MDDNode(3,u-283), del:MDDNode(3,u-273)
31 (4,7) (4,4) (4,5) (4,9) (4,10) (4,17) (4,4) (4,7) (3,7) (3,9) (3,3) (2,3) (2,13) (2,3) (2,3) (2,9) (2,3) (1,1) (1,1) (1,1) (1,1) (1,2) (6,14) (1,2) (5,12) (1,1) (5,6) (1,1) (5,11) (1,1) (5,7) 
layer:3, node:MDDNode(3,u-275), in=6, out=14
choose: Pet trackers
split in: 6 -> (5,1)
split out: 14 -> (12,2,14)
add: MDDNode(3,u-284) MDDNode(3,u-285), del:MDDNode(3,u-275)
32 (4,7) (4,4) (4,5) (4,9) (4,10) (4,17) (4,4) (4,7) (3,7) (3,9) (3,3) (2,3) (2,13) (2,3) (2,3) (2,9) (2,3) (1,1) (1,1) (1,1) (1,1) (1,2) (1,2) (5,12) (1,1) (5,6) (1,1) (5,11) (1,1) (5,7) (1,2) (5,12) 
layer:3, node:MDDNode(3,u-277), in=5, out=12
split in: 5 -> (4,1)
split out: 12 -> (12,3,15)
add: MDDNode(3,u-286) MDDNode(3,u-287), del:MDDNode(3,u-277)
33 (4,7) (4,4) (4,5) (4,9) (4,10) (4,17) (4,4) (4,7) (3,7) (3,9) (3,3) (2,3) (2,13) (2,3) (2,3) (2,9) (2,3) (1,1) (1,1) (1,1) (1,1) (1,2) (1,2) (1,1) (5,6) (1,1) (5,11) (1,1) (5,7) (1,2) (5,12) (1,3) (4,12) 
layer:3, node:MDDNode(3,u-279), in=5, out=6
split in: 5 -> (4,1)
split out: 6 -> (6,2,8)
add: MDDNode(3,u-288) MDDNode(3,u-289), del:MDDNode(3,u-279)
34 (4,7) (4,4) (4,5) (4,9) (4,10) (4,17) (4,4) (4,7) (3,7) (3,9) (3,3) (2,3) (2,13) (2,3) (2,3) (2,9) (2,3) (1,1) (1,1) (1,1) (1,1) (1,2) (1,2) (1,1) (1,1) (5,11) (1,1) (5,7) (1,2) (5,12) (1,3) (4,12) (1,2) (4,6) 
layer:3, node:MDDNode(3,u-281), in=5, out=11
split in: 5 -> (4,1)
split out: 11 -> (9,2,11)
add: MDDNode(3,u-290) MDDNode(3,u-291), del:MDDNode(3,u-281)
35 (4,7) (4,4) (4,5) (4,9) (4,10) (4,17) (4,4) (4,7) (3,7) (3,9) (3,3) (2,3) (2,13) (2,3) (2,3) (2,9) (2,3) (1,1) (1,1) (1,1) (1,1) (1,2) (1,2) (1,1) (1,1) (1,1) (5,7) (1,2) (5,12) (1,3) (4,12) (1,2) (4,6) (1,2) (4,9) 
layer:3, node:MDDNode(3,u-283), in=5, out=7
split in: 5 -> (4,1)
split out: 7 -> (6,2,8)
add: MDDNode(3,u-292) MDDNode(3,u-293), del:MDDNode(3,u-283)
36 (4,7) (4,4) (4,5) (4,9) (4,10) (4,17) (4,4) (4,7) (3,7) (3,9) (3,3) (2,3) (2,13) (2,3) (2,3) (2,9) (2,3) (1,1) (1,1) (1,1) (1,1) (1,2) (1,2) (1,1) (1,1) (1,1) (1,2) (5,12) (1,3) (4,12) (1,2) (4,6) (1,2) (4,9) (1,2) (4,6) 
layer:3, node:MDDNode(3,u-285), in=5, out=12
choose: DIY electronics
split in: 5 -> (4,1)
split out: 12 -> (10,2,12)
add: MDDNode(3,u-294) MDDNode(3,u-295), del:MDDNode(3,u-285)
37 (4,7) (4,4) (4,5) (4,9) (4,10) (4,17) (4,4) (4,7) (3,7) (3,9) (3,3) (2,3) (2,13) (2,3) (2,3) (2,9) (2,3) (1,1) (1,1) (1,1) (1,1) (1,2) (1,2) (1,1) (1,1) (1,1) (1,2) (1,3) (4,12) (1,2) (4,6) (1,2) (4,9) (1,2) (4,6) (1,2) (4,10) 
layer:3, node:MDDNode(3,u-232), in=4, out=7
split in: 4 -> (3,1)
split out: 7 -> (5,2,7)
add: MDDNode(3,u-296) MDDNode(3,u-297), del:MDDNode(3,u-232)
38 (4,4) (4,5) (4,9) (4,10) (4,17) (4,4) (4,7) (3,7) (3,9) (3,3) (2,3) (2,13) (2,3) (2,3) (2,9) (2,3) (1,1) (1,1) (1,1) (1,1) (1,2) (1,2) (1,1) (1,1) (1,1) (1,2) (1,3) (4,12) (1,2) (4,6) (1,2) (4,9) (1,2) (4,6) (1,2) (4,10) (1,2) (3,5) 
layer:3, node:MDDNode(3,u-234), in=4, out=4
split in: 4 -> (3,1)
split out: 4 -> (3,1,4)
add: MDDNode(3,u-298) MDDNode(3,u-299), del:MDDNode(3,u-234)
39 (4,5) (4,9) (4,10) (4,17) (4,4) (4,7) (3,7) (3,9) (3,3) (2,3) (2,13) (2,3) (2,3) (2,9) (2,3) (1,1) (1,1) (1,1) (1,1) (1,2) (1,2) (1,1) (1,1) (1,1) (1,2) (1,3) (4,12) (1,2) (4,6) (1,2) (4,9) (1,2) (4,6) (1,2) (4,10) (1,2) (3,5) (1,1) (3,3) 
layer:3, node:MDDNode(3,u-236), in=4, out=5
split in: 4 -> (3,1)
split out: 5 -> (4,1,5)
add: MDDNode(3,u-300) MDDNode(3,u-301), del:MDDNode(3,u-236)
40 (4,9) (4,10) (4,17) (4,4) (4,7) (3,7) (3,9) (3,3) (2,3) (2,13) (2,3) (2,3) (2,9) (2,3) (1,1) (1,1) (1,1) (1,1) (1,2) (1,2) (1,1) (1,1) (1,1) (1,2) (1,3) (4,12) (1,2) (4,6) (1,2) (4,9) (1,2) (4,6) (1,2) (4,10) (1,2) (3,5) (1,1) (3,3) (1,1) (3,4) 
layer:3, node:MDDNode(3,u-238), in=4, out=9
split in: 4 -> (3,1)
split out: 9 -> (7,3,10)
add: MDDNode(3,u-302) MDDNode(3,u-303), del:MDDNode(3,u-238)
41 (4,10) (4,17) (4,4) (4,7) (3,7) (3,9) (3,3) (2,3) (2,13) (2,3) (2,3) (2,9) (2,3) (1,1) (1,1) (1,1) (1,1) (1,2) (1,2) (1,1) (1,1) (1,1) (1,2) (1,3) (4,12) (1,2) (4,6) (1,2) (4,9) (1,2) (4,6) (1,2) (4,10) (1,2) (3,5) (1,1) (3,3) (1,1) (3,4) (1,3) (3,7) 
layer:3, node:MDDNode(3,u-240), in=4, out=10
split in: 4 -> (3,1)
split out: 10 -> (9,3,12)
add: MDDNode(3,u-304) MDDNode(3,u-305), del:MDDNode(3,u-240)
42 (4,17) (4,4) (4,7) (3,7) (3,9) (3,3) (2,3) (2,13) (2,3) (2,3) (2,9) (2,3) (1,1) (1,1) (1,1) (1,1) (1,2) (1,2) (1,1) (1,1) (1,1) (1,2) (1,3) (4,12) (1,2) (4,6) (1,2) (4,9) (1,2) (4,6) (1,2) (4,10) (1,2) (3,5) (1,1) (3,3) (1,1) (3,4) (1,3) (3,7) (1,3) (3,9) 
layer:3, node:MDDNode(3,u-242), in=4, out=17
split in: 4 -> (3,1)
split out: 17 -> (11,6,17)
add: MDDNode(3,u-306) MDDNode(3,u-307), del:MDDNode(3,u-242)
43 (4,4) (4,7) (3,7) (3,9) (3,3) (2,3) (2,13) (2,3) (2,3) (2,9) (2,3) (1,1) (1,1) (1,1) (1,1) (1,2) (1,2) (1,1) (1,1) (1,1) (1,2) (1,3) (4,12) (1,2) (4,6) (1,2) (4,9) (1,2) (4,6) (1,2) (4,10) (1,2) (3,5) (1,1) (3,3) (1,1) (3,4) (1,3) (3,7) (1,3) (3,9) (1,6) (3,11) 
layer:3, node:MDDNode(3,u-244), in=4, out=4
split in: 4 -> (3,1)
split out: 4 -> (3,1,4)
add: MDDNode(3,u-308) MDDNode(3,u-309), del:MDDNode(3,u-244)
44 (4,7) (3,7) (3,9) (3,3) (2,3) (2,13) (2,3) (2,3) (2,9) (2,3) (1,1) (1,1) (1,1) (1,1) (1,2) (1,2) (1,1) (1,1) (1,1) (1,2) (1,3) (4,12) (1,2) (4,6) (1,2) (4,9) (1,2) (4,6) (1,2) (4,10) (1,2) (3,5) (1,1) (3,3) (1,1) (3,4) (1,3) (3,7) (1,3) (3,9) (1,6) (3,11) (1,1) (3,3) 
layer:3, node:MDDNode(3,u-246), in=4, out=7
split in: 4 -> (3,1)
split out: 7 -> (7,1,8)
add: MDDNode(3,u-310) MDDNode(3,u-311), del:MDDNode(3,u-246)
45 (3,7) (3,9) (3,3) (2,3) (2,13) (2,3) (2,3) (2,9) (2,3) (1,1) (1,1) (1,1) (1,1) (1,2) (1,2) (1,1) (1,1) (1,1) (1,2) (1,3) (4,12) (1,2) (4,6) (1,2) (4,9) (1,2) (4,6) (1,2) (4,10) (1,2) (3,5) (1,1) (3,3) (1,1) (3,4) (1,3) (3,7) (1,3) (3,9) (1,6) (3,11) (1,1) (3,3) (1,1) (3,7) 
layer:3, node:MDDNode(3,u-287), in=4, out=12
split in: 4 -> (3,1)
split out: 12 -> (6,6,12)
add: MDDNode(3,u-312) MDDNode(3,u-313), del:MDDNode(3,u-287)
46 (3,7) (3,9) (3,3) (2,3) (2,13) (2,3) (2,3) (2,9) (2,3) (1,1) (1,1) (1,1) (1,1) (1,2) (1,2) (1,1) (1,1) (1,1) (1,2) (1,3) (1,2) (4,6) (1,2) (4,9) (1,2) (4,6) (1,2) (4,10) (1,2) (3,5) (1,1) (3,3) (1,1) (3,4) (1,3) (3,7) (1,3) (3,9) (1,6) (3,11) (1,1) (3,3) (1,1) (3,7) (1,6) (3,6) 
layer:3, node:MDDNode(3,u-289), in=4, out=6
split in: 4 -> (3,1)
split out: 6 -> (6,2,8)
add: MDDNode(3,u-314) MDDNode(3,u-315), del:MDDNode(3,u-289)
47 (3,7) (3,9) (3,3) (2,3) (2,13) (2,3) (2,3) (2,9) (2,3) (1,1) (1,1) (1,1) (1,1) (1,2) (1,2) (1,1) (1,1) (1,1) (1,2) (1,3) (1,2) (1,2) (4,9) (1,2) (4,6) (1,2) (4,10) (1,2) (3,5) (1,1) (3,3) (1,1) (3,4) (1,3) (3,7) (1,3) (3,9) (1,6) (3,11) (1,1) (3,3) (1,1) (3,7) (1,6) (3,6) (1,2) (3,6) 
layer:3, node:MDDNode(3,u-291), in=4, out=9
split in: 4 -> (3,1)
split out: 9 -> (8,1,9)
add: MDDNode(3,u-316) MDDNode(3,u-317), del:MDDNode(3,u-291)
48 (3,7) (3,9) (3,3) (2,3) (2,13) (2,3) (2,3) (2,9) (2,3) (1,1) (1,1) (1,1) (1,1) (1,2) (1,2) (1,1) (1,1) (1,1) (1,2) (1,3) (1,2) (1,2) (1,2) (4,6) (1,2) (4,10) (1,2) (3,5) (1,1) (3,3) (1,1) (3,4) (1,3) (3,7) (1,3) (3,9) (1,6) (3,11) (1,1) (3,3) (1,1) (3,7) (1,6) (3,6) (1,2) (3,6) (1,1) (3,8) 
layer:3, node:MDDNode(3,u-293), in=4, out=6
split in: 4 -> (3,1)
split out: 6 -> (2,4,6)
add: MDDNode(3,u-318) MDDNode(3,u-319), del:MDDNode(3,u-293)
49 (3,7) (3,9) (3,3) (2,3) (2,13) (2,3) (2,3) (2,9) (2,3) (1,1) (1,1) (1,1) (1,1) (1,2) (1,2) (1,1) (1,1) (1,1) (1,2) (1,3) (1,2) (1,2) (1,2) (1,2) (4,10) (1,2) (3,5) (1,1) (3,3) (1,1) (3,4) (1,3) (3,7) (1,3) (3,9) (1,6) (3,11) (1,1) (3,3) (1,1) (3,7) (1,6) (3,6) (1,2) (3,6) (1,1) (3,8) (1,4) (3,2) 
layer:3, node:MDDNode(3,u-295), in=4, out=10
choose: Journaling & personal data
split in: 4 -> (3,1)
split out: 10 -> (6,4,10)
add: MDDNode(3,u-320) MDDNode(3,u-321), del:MDDNode(3,u-295)
50 (3,7) (3,9) (3,3) (2,3) (2,13) (2,3) (2,3) (2,9) (2,3) (1,1) (1,1) (1,1) (1,1) (1,2) (1,2) (1,1) (1,1) (1,1) (1,2) (1,3) (1,2) (1,2) (1,2) (1,2) (1,2) (3,5) (1,1) (3,3) (1,1) (3,4) (1,3) (3,7) (1,3) (3,9) (1,6) (3,11) (1,1) (3,3) (1,1) (3,7) (1,6) (3,6) (1,2) (3,6) (1,1) (3,8) (1,4) (3,2) (1,4) (3,6) 
layer:3, node:MDDNode(3,u-248), in=3, out=7
split in: 3 -> (2,1)
split out: 7 -> (2,6,8)
add: MDDNode(3,u-322) MDDNode(3,u-323), del:MDDNode(3,u-248)
51 (3,9) (3,3) (2,3) (2,13) (2,3) (2,3) (2,9) (2,3) (1,1) (1,1) (1,1) (1,1) (1,2) (1,2) (1,1) (1,1) (1,1) (1,2) (1,3) (1,2) (1,2) (1,2) (1,2) (1,2) (3,5) (1,1) (3,3) (1,1) (3,4) (1,3) (3,7) (1,3) (3,9) (1,6) (3,11) (1,1) (3,3) (1,1) (3,7) (1,6) (3,6) (1,2) (3,6) (1,1) (3,8) (1,4) (3,2) (1,4) (3,6) (1,6) (2,2) 
layer:3, node:MDDNode(3,u-250), in=3, out=9
split in: 3 -> (2,1)
split out: 9 -> (7,2,9)
add: MDDNode(3,u-324) MDDNode(3,u-325), del:MDDNode(3,u-250)
52 (3,3) (2,3) (2,13) (2,3) (2,3) (2,9) (2,3) (1,1) (1,1) (1,1) (1,1) (1,2) (1,2) (1,1) (1,1) (1,1) (1,2) (1,3) (1,2) (1,2) (1,2) (1,2) (1,2) (3,5) (1,1) (3,3) (1,1) (3,4) (1,3) (3,7) (1,3) (3,9) (1,6) (3,11) (1,1) (3,3) (1,1) (3,7) (1,6) (3,6) (1,2) (3,6) (1,1) (3,8) (1,4) (3,2) (1,4) (3,6) (1,6) (2,2) (1,2) (2,7) 
layer:3, node:MDDNode(3,u-252), in=3, out=3
split in: 3 -> (2,1)
split out: 3 -> (2,2,4)
add: MDDNode(3,u-326) MDDNode(3,u-327), del:MDDNode(3,u-252)
53 (2,3) (2,13) (2,3) (2,3) (2,9) (2,3) (1,1) (1,1) (1,1) (1,1) (1,2) (1,2) (1,1) (1,1) (1,1) (1,2) (1,3) (1,2) (1,2) (1,2) (1,2) (1,2) (3,5) (1,1) (3,3) (1,1) (3,4) (1,3) (3,7) (1,3) (3,9) (1,6) (3,11) (1,1) (3,3) (1,1) (3,7) (1,6) (3,6) (1,2) (3,6) (1,1) (3,8) (1,4) (3,2) (1,4) (3,6) (1,6) (2,2) (1,2) (2,7) (1,2) (2,2) 
layer:3, node:MDDNode(3,u-297), in=3, out=5
split in: 3 -> (2,1)
split out: 5 -> (4,1,5)
add: MDDNode(3,u-328) MDDNode(3,u-329), del:MDDNode(3,u-297)
54 (2,3) (2,13) (2,3) (2,3) (2,9) (2,3) (1,1) (1,1) (1,1) (1,1) (1,2) (1,2) (1,1) (1,1) (1,1) (1,2) (1,3) (1,2) (1,2) (1,2) (1,2) (1,2) (1,1) (3,3) (1,1) (3,4) (1,3) (3,7) (1,3) (3,9) (1,6) (3,11) (1,1) (3,3) (1,1) (3,7) (1,6) (3,6) (1,2) (3,6) (1,1) (3,8) (1,4) (3,2) (1,4) (3,6) (1,6) (2,2) (1,2) (2,7) (1,2) (2,2) (1,1) (2,4) 
layer:3, node:MDDNode(3,u-299), in=3, out=3
split in: 3 -> (2,1)
split out: 3 -> (2,1,3)
add: MDDNode(3,u-330) MDDNode(3,u-331), del:MDDNode(3,u-299)
55 (2,3) (2,13) (2,3) (2,3) (2,9) (2,3) (1,1) (1,1) (1,1) (1,1) (1,2) (1,2) (1,1) (1,1) (1,1) (1,2) (1,3) (1,2) (1,2) (1,2) (1,2) (1,2) (1,1) (1,1) (3,4) (1,3) (3,7) (1,3) (3,9) (1,6) (3,11) (1,1) (3,3) (1,1) (3,7) (1,6) (3,6) (1,2) (3,6) (1,1) (3,8) (1,4) (3,2) (1,4) (3,6) (1,6) (2,2) (1,2) (2,7) (1,2) (2,2) (1,1) (2,4) (1,1) (2,2) 
layer:3, node:MDDNode(3,u-301), in=3, out=4
split in: 3 -> (2,1)
split out: 4 -> (2,2,4)
add: MDDNode(3,u-332) MDDNode(3,u-333), del:MDDNode(3,u-301)
56 (2,3) (2,13) (2,3) (2,3) (2,9) (2,3) (1,1) (1,1) (1,1) (1,1) (1,2) (1,2) (1,1) (1,1) (1,1) (1,2) (1,3) (1,2) (1,2) (1,2) (1,2) (1,2) (1,1) (1,1) (1,3) (3,7) (1,3) (3,9) (1,6) (3,11) (1,1) (3,3) (1,1) (3,7) (1,6) (3,6) (1,2) (3,6) (1,1) (3,8) (1,4) (3,2) (1,4) (3,6) (1,6) (2,2) (1,2) (2,7) (1,2) (2,2) (1,1) (2,4) (1,1) (2,2) (1,2) (2,2) 
layer:3, node:MDDNode(3,u-303), in=3, out=7
split in: 3 -> (2,1)
split out: 7 -> (5,2,7)
add: MDDNode(3,u-334) MDDNode(3,u-335), del:MDDNode(3,u-303)
57 (2,3) (2,13) (2,3) (2,3) (2,9) (2,3) (1,1) (1,1) (1,1) (1,1) (1,2) (1,2) (1,1) (1,1) (1,1) (1,2) (1,3) (1,2) (1,2) (1,2) (1,2) (1,2) (1,1) (1,1) (1,3) (1,3) (3,9) (1,6) (3,11) (1,1) (3,3) (1,1) (3,7) (1,6) (3,6) (1,2) (3,6) (1,1) (3,8) (1,4) (3,2) (1,4) (3,6) (1,6) (2,2) (1,2) (2,7) (1,2) (2,2) (1,1) (2,4) (1,1) (2,2) (1,2) (2,2) (1,2) (2,5) 
layer:3, node:MDDNode(3,u-305), in=3, out=9
split in: 3 -> (2,1)
split out: 9 -> (7,2,9)
add: MDDNode(3,u-336) MDDNode(3,u-337), del:MDDNode(3,u-305)
58 (2,3) (2,13) (2,3) (2,3) (2,9) (2,3) (1,1) (1,1) (1,1) (1,1) (1,2) (1,2) (1,1) (1,1) (1,1) (1,2) (1,3) (1,2) (1,2) (1,2) (1,2) (1,2) (1,1) (1,1) (1,3) (1,3) (1,6) (3,11) (1,1) (3,3) (1,1) (3,7) (1,6) (3,6) (1,2) (3,6) (1,1) (3,8) (1,4) (3,2) (1,4) (3,6) (1,6) (2,2) (1,2) (2,7) (1,2) (2,2) (1,1) (2,4) (1,1) (2,2) (1,2) (2,2) (1,2) (2,5) (1,2) (2,7) 
layer:3, node:MDDNode(3,u-307), in=3, out=11
split in: 3 -> (2,1)
split out: 11 -> (10,1,11)
add: MDDNode(3,u-338) MDDNode(3,u-339), del:MDDNode(3,u-307)
59 (2,3) (2,13) (2,3) (2,3) (2,9) (2,3) (1,1) (1,1) (1,1) (1,1) (1,2) (1,2) (1,1) (1,1) (1,1) (1,2) (1,3) (1,2) (1,2) (1,2) (1,2) (1,2) (1,1) (1,1) (1,3) (1,3) (1,6) (1,1) (3,3) (1,1) (3,7) (1,6) (3,6) (1,2) (3,6) (1,1) (3,8) (1,4) (3,2) (1,4) (3,6) (1,6) (2,2) (1,2) (2,7) (1,2) (2,2) (1,1) (2,4) (1,1) (2,2) (1,2) (2,2) (1,2) (2,5) (1,2) (2,7) (1,1) (2,10) 
layer:3, node:MDDNode(3,u-309), in=3, out=3
split in: 3 -> (2,1)
split out: 3 -> (2,1,3)
add: MDDNode(3,u-340) MDDNode(3,u-341), del:MDDNode(3,u-309)
60 (2,3) (2,13) (2,3) (2,3) (2,9) (2,3) (1,1) (1,1) (1,1) (1,1) (1,2) (1,2) (1,1) (1,1) (1,1) (1,2) (1,3) (1,2) (1,2) (1,2) (1,2) (1,2) (1,1) (1,1) (1,3) (1,3) (1,6) (1,1) (1,1) (3,7) (1,6) (3,6) (1,2) (3,6) (1,1) (3,8) (1,4) (3,2) (1,4) (3,6) (1,6) (2,2) (1,2) (2,7) (1,2) (2,2) (1,1) (2,4) (1,1) (2,2) (1,2) (2,2) (1,2) (2,5) (1,2) (2,7) (1,1) (2,10) (1,1) (2,2) 
layer:3, node:MDDNode(3,u-311), in=3, out=7
split in: 3 -> (2,1)
split out: 7 -> (4,4,8)
add: MDDNode(3,u-342) MDDNode(3,u-343), del:MDDNode(3,u-311)
61 (2,3) (2,13) (2,3) (2,3) (2,9) (2,3) (1,1) (1,1) (1,1) (1,1) (1,2) (1,2) (1,1) (1,1) (1,1) (1,2) (1,3) (1,2) (1,2) (1,2) (1,2) (1,2) (1,1) (1,1) (1,3) (1,3) (1,6) (1,1) (1,1) (1,6) (3,6) (1,2) (3,6) (1,1) (3,8) (1,4) (3,2) (1,4) (3,6) (1,6) (2,2) (1,2) (2,7) (1,2) (2,2) (1,1) (2,4) (1,1) (2,2) (1,2) (2,2) (1,2) (2,5) (1,2) (2,7) (1,1) (2,10) (1,1) (2,2) (1,4) (2,4) 
layer:3, node:MDDNode(3,u-313), in=3, out=6
split in: 3 -> (2,1)
split out: 6 -> (5,1,6)
add: MDDNode(3,u-344) MDDNode(3,u-345), del:MDDNode(3,u-313)
62 (2,3) (2,13) (2,3) (2,3) (2,9) (2,3) (1,1) (1,1) (1,1) (1,1) (1,2) (1,2) (1,1) (1,1) (1,1) (1,2) (1,3) (1,2) (1,2) (1,2) (1,2) (1,2) (1,1) (1,1) (1,3) (1,3) (1,6) (1,1) (1,1) (1,6) (1,2) (3,6) (1,1) (3,8) (1,4) (3,2) (1,4) (3,6) (1,6) (2,2) (1,2) (2,7) (1,2) (2,2) (1,1) (2,4) (1,1) (2,2) (1,2) (2,2) (1,2) (2,5) (1,2) (2,7) (1,1) (2,10) (1,1) (2,2) (1,4) (2,4) (1,1) (2,5) 
layer:3, node:MDDNode(3,u-315), in=3, out=6
split in: 3 -> (2,1)
split out: 6 -> (3,3,6)
add: MDDNode(3,u-346) MDDNode(3,u-347), del:MDDNode(3,u-315)
63 (2,3) (2,13) (2,3) (2,3) (2,9) (2,3) (1,1) (1,1) (1,1) (1,1) (1,2) (1,2) (1,1) (1,1) (1,1) (1,2) (1,3) (1,2) (1,2) (1,2) (1,2) (1,2) (1,1) (1,1) (1,3) (1,3) (1,6) (1,1) (1,1) (1,6) (1,2) (1,1) (3,8) (1,4) (3,2) (1,4) (3,6) (1,6) (2,2) (1,2) (2,7) (1,2) (2,2) (1,1) (2,4) (1,1) (2,2) (1,2) (2,2) (1,2) (2,5) (1,2) (2,7) (1,1) (2,10) (1,1) (2,2) (1,4) (2,4) (1,1) (2,5) (1,3) (2,3) 
layer:3, node:MDDNode(3,u-317), in=3, out=8
split in: 3 -> (2,1)
split out: 8 -> (4,4,8)
add: MDDNode(3,u-348) MDDNode(3,u-349), del:MDDNode(3,u-317)
64 (2,3) (2,13) (2,3) (2,3) (2,9) (2,3) (1,1) (1,1) (1,1) (1,1) (1,2) (1,2) (1,1) (1,1) (1,1) (1,2) (1,3) (1,2) (1,2) (1,2) (1,2) (1,2) (1,1) (1,1) (1,3) (1,3) (1,6) (1,1) (1,1) (1,6) (1,2) (1,1) (1,4) (3,2) (1,4) (3,6) (1,6) (2,2) (1,2) (2,7) (1,2) (2,2) (1,1) (2,4) (1,1) (2,2) (1,2) (2,2) (1,2) (2,5) (1,2) (2,7) (1,1) (2,10) (1,1) (2,2) (1,4) (2,4) (1,1) (2,5) (1,3) (2,3) (1,4) (2,4) 
layer:3, node:MDDNode(3,u-319), in=3, out=2
split in: 3 -> (2,1)
split out: 2 -> (2,1,3)
add: MDDNode(3,u-350) MDDNode(3,u-351), del:MDDNode(3,u-319)
65 (2,3) (2,13) (2,3) (2,3) (2,9) (2,3) (1,1) (1,1) (1,1) (1,1) (1,2) (1,2) (1,1) (1,1) (1,1) (1,2) (1,3) (1,2) (1,2) (1,2) (1,2) (1,2) (1,1) (1,1) (1,3) (1,3) (1,6) (1,1) (1,1) (1,6) (1,2) (1,1) (1,4) (1,4) (3,6) (1,6) (2,2) (1,2) (2,7) (1,2) (2,2) (1,1) (2,4) (1,1) (2,2) (1,2) (2,2) (1,2) (2,5) (1,2) (2,7) (1,1) (2,10) (1,1) (2,2) (1,4) (2,4) (1,1) (2,5) (1,3) (2,3) (1,4) (2,4) (1,1) (2,2) 
layer:3, node:MDDNode(3,u-321), in=3, out=6
choose: Gardening
split in: 3 -> (2,1)
split out: 6 -> (2,4,6)
add: MDDNode(3,u-352) MDDNode(3,u-353), del:MDDNode(3,u-321)
66 (2,3) (2,13) (2,3) (2,3) (2,9) (2,3) (1,1) (1,1) (1,1) (1,1) (1,2) (1,2) (1,1) (1,1) (1,1) (1,2) (1,3) (1,2) (1,2) (1,2) (1,2) (1,2) (1,1) (1,1) (1,3) (1,3) (1,6) (1,1) (1,1) (1,6) (1,2) (1,1) (1,4) (1,4) (1,6) (2,2) (1,2) (2,7) (1,2) (2,2) (1,1) (2,4) (1,1) (2,2) (1,2) (2,2) (1,2) (2,5) (1,2) (2,7) (1,1) (2,10) (1,1) (2,2) (1,4) (2,4) (1,1) (2,5) (1,3) (2,3) (1,4) (2,4) (1,1) (2,2) (1,4) (2,2) 
layer:3, node:MDDNode(3,u-254), in=2, out=3
split in: 2 -> (1,1)
split out: 3 -> (2,1,3)
add: MDDNode(3,u-354) MDDNode(3,u-355), del:MDDNode(3,u-254)
67 (2,13) (2,3) (2,3) (2,9) (2,3) (1,1) (1,1) (1,1) (1,1) (1,2) (1,2) (1,1) (1,1) (1,1) (1,2) (1,3) (1,2) (1,2) (1,2) (1,2) (1,2) (1,1) (1,1) (1,3) (1,3) (1,6) (1,1) (1,1) (1,6) (1,2) (1,1) (1,4) (1,4) (1,6) (2,2) (1,2) (2,7) (1,2) (2,2) (1,1) (2,4) (1,1) (2,2) (1,2) (2,2) (1,2) (2,5) (1,2) (2,7) (1,1) (2,10) (1,1) (2,2) (1,4) (2,4) (1,1) (2,5) (1,3) (2,3) (1,4) (2,4) (1,1) (2,2) (1,4) (2,2) (1,1) (1,2) 
layer:3, node:MDDNode(3,u-256), in=2, out=13
split in: 2 -> (1,1)
split out: 13 -> (8,5,13)
add: MDDNode(3,u-356) MDDNode(3,u-357), del:MDDNode(3,u-256)
68 (2,3) (2,3) (2,9) (2,3) (1,1) (1,1) (1,1) (1,1) (1,2) (1,2) (1,1) (1,1) (1,1) (1,2) (1,3) (1,2) (1,2) (1,2) (1,2) (1,2) (1,1) (1,1) (1,3) (1,3) (1,6) (1,1) (1,1) (1,6) (1,2) (1,1) (1,4) (1,4) (1,6) (2,2) (1,2) (2,7) (1,2) (2,2) (1,1) (2,4) (1,1) (2,2) (1,2) (2,2) (1,2) (2,5) (1,2) (2,7) (1,1) (2,10) (1,1) (2,2) (1,4) (2,4) (1,1) (2,5) (1,3) (2,3) (1,4) (2,4) (1,1) (2,2) (1,4) (2,2) (1,1) (1,2) (1,5) (1,8) 
layer:3, node:MDDNode(3,u-258), in=2, out=3
split in: 2 -> (1,1)
split out: 3 -> (2,1,3)
add: MDDNode(3,u-358) MDDNode(3,u-359), del:MDDNode(3,u-258)
69 (2,3) (2,9) (2,3) (1,1) (1,1) (1,1) (1,1) (1,2) (1,2) (1,1) (1,1) (1,1) (1,2) (1,3) (1,2) (1,2) (1,2) (1,2) (1,2) (1,1) (1,1) (1,3) (1,3) (1,6) (1,1) (1,1) (1,6) (1,2) (1,1) (1,4) (1,4) (1,6) (2,2) (1,2) (2,7) (1,2) (2,2) (1,1) (2,4) (1,1) (2,2) (1,2) (2,2) (1,2) (2,5) (1,2) (2,7) (1,1) (2,10) (1,1) (2,2) (1,4) (2,4) (1,1) (2,5) (1,3) (2,3) (1,4) (2,4) (1,1) (2,2) (1,4) (2,2) (1,1) (1,2) (1,5) (1,8) (1,1) (1,2) 
layer:3, node:MDDNode(3,u-260), in=2, out=3
split in: 2 -> (1,1)
split out: 3 -> (2,1,3)
add: MDDNode(3,u-360) MDDNode(3,u-361), del:MDDNode(3,u-260)
70 (2,9) (2,3) (1,1) (1,1) (1,1) (1,1) (1,2) (1,2) (1,1) (1,1) (1,1) (1,2) (1,3) (1,2) (1,2) (1,2) (1,2) (1,2) (1,1) (1,1) (1,3) (1,3) (1,6) (1,1) (1,1) (1,6) (1,2) (1,1) (1,4) (1,4) (1,6) (2,2) (1,2) (2,7) (1,2) (2,2) (1,1) (2,4) (1,1) (2,2) (1,2) (2,2) (1,2) (2,5) (1,2) (2,7) (1,1) (2,10) (1,1) (2,2) (1,4) (2,4) (1,1) (2,5) (1,3) (2,3) (1,4) (2,4) (1,1) (2,2) (1,4) (2,2) (1,1) (1,2) (1,5) (1,8) (1,1) (1,2) (1,1) (1,2) 
layer:3, node:MDDNode(3,u-262), in=2, out=9
split in: 2 -> (1,1)
split out: 9 -> (3,6,9)
add: MDDNode(3,u-362) MDDNode(3,u-363), del:MDDNode(3,u-262)
71 (2,3) (1,1) (1,1) (1,1) (1,1) (1,2) (1,2) (1,1) (1,1) (1,1) (1,2) (1,3) (1,2) (1,2) (1,2) (1,2) (1,2) (1,1) (1,1) (1,3) (1,3) (1,6) (1,1) (1,1) (1,6) (1,2) (1,1) (1,4) (1,4) (1,6) (2,2) (1,2) (2,7) (1,2) (2,2) (1,1) (2,4) (1,1) (2,2) (1,2) (2,2) (1,2) (2,5) (1,2) (2,7) (1,1) (2,10) (1,1) (2,2) (1,4) (2,4) (1,1) (2,5) (1,3) (2,3) (1,4) (2,4) (1,1) (2,2) (1,4) (2,2) (1,1) (1,2) (1,5) (1,8) (1,1) (1,2) (1,1) (1,2) (1,6) (1,3) 
layer:3, node:MDDNode(3,u-264), in=2, out=3
split in: 2 -> (1,1)
split out: 3 -> (1,2,3)
add: MDDNode(3,u-364) MDDNode(3,u-365), del:MDDNode(3,u-264)
72 (1,1) (1,1) (1,1) (1,1) (1,2) (1,2) (1,1) (1,1) (1,1) (1,2) (1,3) (1,2) (1,2) (1,2) (1,2) (1,2) (1,1) (1,1) (1,3) (1,3) (1,6) (1,1) (1,1) (1,6) (1,2) (1,1) (1,4) (1,4) (1,6) (2,2) (1,2) (2,7) (1,2) (2,2) (1,1) (2,4) (1,1) (2,2) (1,2) (2,2) (1,2) (2,5) (1,2) (2,7) (1,1) (2,10) (1,1) (2,2) (1,4) (2,4) (1,1) (2,5) (1,3) (2,3) (1,4) (2,4) (1,1) (2,2) (1,4) (2,2) (1,1) (1,2) (1,5) (1,8) (1,1) (1,2) (1,1) (1,2) (1,6) (1,3) (1,2) (1,1) 
layer:3, node:MDDNode(3,u-323), in=2, out=2
split in: 2 -> (1,1)
split out: 2 -> (2,2,4)
add: MDDNode(3,u-366) MDDNode(3,u-367), del:MDDNode(3,u-323)
73 (1,1) (1,1) (1,1) (1,1) (1,2) (1,2) (1,1) (1,1) (1,1) (1,2) (1,3) (1,2) (1,2) (1,2) (1,2) (1,2) (1,1) (1,1) (1,3) (1,3) (1,6) (1,1) (1,1) (1,6) (1,2) (1,1) (1,4) (1,4) (1,6) (1,2) (2,7) (1,2) (2,2) (1,1) (2,4) (1,1) (2,2) (1,2) (2,2) (1,2) (2,5) (1,2) (2,7) (1,1) (2,10) (1,1) (2,2) (1,4) (2,4) (1,1) (2,5) (1,3) (2,3) (1,4) (2,4) (1,1) (2,2) (1,4) (2,2) (1,1) (1,2) (1,5) (1,8) (1,1) (1,2) (1,1) (1,2) (1,6) (1,3) (1,2) (1,1) (1,2) (1,2) 
layer:3, node:MDDNode(3,u-325), in=2, out=7
split in: 2 -> (1,1)
split out: 7 -> (1,6,7)
add: MDDNode(3,u-368) MDDNode(3,u-369), del:MDDNode(3,u-325)
74 (1,1) (1,1) (1,1) (1,1) (1,2) (1,2) (1,1) (1,1) (1,1) (1,2) (1,3) (1,2) (1,2) (1,2) (1,2) (1,2) (1,1) (1,1) (1,3) (1,3) (1,6) (1,1) (1,1) (1,6) (1,2) (1,1) (1,4) (1,4) (1,6) (1,2) (1,2) (2,2) (1,1) (2,4) (1,1) (2,2) (1,2) (2,2) (1,2) (2,5) (1,2) (2,7) (1,1) (2,10) (1,1) (2,2) (1,4) (2,4) (1,1) (2,5) (1,3) (2,3) (1,4) (2,4) (1,1) (2,2) (1,4) (2,2) (1,1) (1,2) (1,5) (1,8) (1,1) (1,2) (1,1) (1,2) (1,6) (1,3) (1,2) (1,1) (1,2) (1,2) (1,6) (1,1) 
layer:3, node:MDDNode(3,u-327), in=2, out=2
split in: 2 -> (1,1)
split out: 2 -> (1,1,2)
add: MDDNode(3,u-370) MDDNode(3,u-371), del:MDDNode(3,u-327)
75 (1,1) (1,1) (1,1) (1,1) (1,2) (1,2) (1,1) (1,1) (1,1) (1,2) (1,3) (1,2) (1,2) (1,2) (1,2) (1,2) (1,1) (1,1) (1,3) (1,3) (1,6) (1,1) (1,1) (1,6) (1,2) (1,1) (1,4) (1,4) (1,6) (1,2) (1,2) (1,1) (2,4) (1,1) (2,2) (1,2) (2,2) (1,2) (2,5) (1,2) (2,7) (1,1) (2,10) (1,1) (2,2) (1,4) (2,4) (1,1) (2,5) (1,3) (2,3) (1,4) (2,4) (1,1) (2,2) (1,4) (2,2) (1,1) (1,2) (1,5) (1,8) (1,1) (1,2) (1,1) (1,2) (1,6) (1,3) (1,2) (1,1) (1,2) (1,2) (1,6) (1,1) (1,1) (1,1) 
layer:3, node:MDDNode(3,u-329), in=2, out=4
split in: 2 -> (1,1)
split out: 4 -> (3,1,4)
add: MDDNode(3,u-372) MDDNode(3,u-373), del:MDDNode(3,u-329)
76 (1,1) (1,1) (1,1) (1,1) (1,2) (1,2) (1,1) (1,1) (1,1) (1,2) (1,3) (1,2) (1,2) (1,2) (1,2) (1,2) (1,1) (1,1) (1,3) (1,3) (1,6) (1,1) (1,1) (1,6) (1,2) (1,1) (1,4) (1,4) (1,6) (1,2) (1,2) (1,1) (1,1) (2,2) (1,2) (2,2) (1,2) (2,5) (1,2) (2,7) (1,1) (2,10) (1,1) (2,2) (1,4) (2,4) (1,1) (2,5) (1,3) (2,3) (1,4) (2,4) (1,1) (2,2) (1,4) (2,2) (1,1) (1,2) (1,5) (1,8) (1,1) (1,2) (1,1) (1,2) (1,6) (1,3) (1,2) (1,1) (1,2) (1,2) (1,6) (1,1) (1,1) (1,1) (1,1) (1,3) 
layer:3, node:MDDNode(3,u-331), in=2, out=2
split in: 2 -> (1,1)
split out: 2 -> (1,1,2)
add: MDDNode(3,u-374) MDDNode(3,u-375), del:MDDNode(3,u-331)
77 (1,1) (1,1) (1,1) (1,1) (1,2) (1,2) (1,1) (1,1) (1,1) (1,2) (1,3) (1,2) (1,2) (1,2) (1,2) (1,2) (1,1) (1,1) (1,3) (1,3) (1,6) (1,1) (1,1) (1,6) (1,2) (1,1) (1,4) (1,4) (1,6) (1,2) (1,2) (1,1) (1,1) (1,2) (2,2) (1,2) (2,5) (1,2) (2,7) (1,1) (2,10) (1,1) (2,2) (1,4) (2,4) (1,1) (2,5) (1,3) (2,3) (1,4) (2,4) (1,1) (2,2) (1,4) (2,2) (1,1) (1,2) (1,5) (1,8) (1,1) (1,2) (1,1) (1,2) (1,6) (1,3) (1,2) (1,1) (1,2) (1,2) (1,6) (1,1) (1,1) (1,1) (1,1) (1,3) (1,1) (1,1) 
layer:3, node:MDDNode(3,u-333), in=2, out=2
split in: 2 -> (1,1)
split out: 2 -> (1,1,2)
add: MDDNode(3,u-376) MDDNode(3,u-377), del:MDDNode(3,u-333)
78 (1,1) (1,1) (1,1) (1,1) (1,2) (1,2) (1,1) (1,1) (1,1) (1,2) (1,3) (1,2) (1,2) (1,2) (1,2) (1,2) (1,1) (1,1) (1,3) (1,3) (1,6) (1,1) (1,1) (1,6) (1,2) (1,1) (1,4) (1,4) (1,6) (1,2) (1,2) (1,1) (1,1) (1,2) (1,2) (2,5) (1,2) (2,7) (1,1) (2,10) (1,1) (2,2) (1,4) (2,4) (1,1) (2,5) (1,3) (2,3) (1,4) (2,4) (1,1) (2,2) (1,4) (2,2) (1,1) (1,2) (1,5) (1,8) (1,1) (1,2) (1,1) (1,2) (1,6) (1,3) (1,2) (1,1) (1,2) (1,2) (1,6) (1,1) (1,1) (1,1) (1,1) (1,3) (1,1) (1,1) (1,1) (1,1) 
layer:3, node:MDDNode(3,u-335), in=2, out=5
split in: 2 -> (1,1)
split out: 5 -> (5,4,9)
add: MDDNode(3,u-378) MDDNode(3,u-379), del:MDDNode(3,u-335)
79 (1,1) (1,1) (1,1) (1,1) (1,2) (1,2) (1,1) (1,1) (1,1) (1,2) (1,3) (1,2) (1,2) (1,2) (1,2) (1,2) (1,1) (1,1) (1,3) (1,3) (1,6) (1,1) (1,1) (1,6) (1,2) (1,1) (1,4) (1,4) (1,6) (1,2) (1,2) (1,1) (1,1) (1,2) (1,2) (1,2) (2,7) (1,1) (2,10) (1,1) (2,2) (1,4) (2,4) (1,1) (2,5) (1,3) (2,3) (1,4) (2,4) (1,1) (2,2) (1,4) (2,2) (1,1) (1,2) (1,5) (1,8) (1,1) (1,2) (1,1) (1,2) (1,6) (1,3) (1,2) (1,1) (1,2) (1,2) (1,6) (1,1) (1,1) (1,1) (1,1) (1,3) (1,1) (1,1) (1,1) (1,1) (1,4) (1,5) 
layer:3, node:MDDNode(3,u-337), in=2, out=7
split in: 2 -> (1,1)
split out: 7 -> (2,5,7)
add: MDDNode(3,u-380) MDDNode(3,u-381), del:MDDNode(3,u-337)
80 (1,1) (1,1) (1,1) (1,1) (1,2) (1,2) (1,1) (1,1) (1,1) (1,2) (1,3) (1,2) (1,2) (1,2) (1,2) (1,2) (1,1) (1,1) (1,3) (1,3) (1,6) (1,1) (1,1) (1,6) (1,2) (1,1) (1,4) (1,4) (1,6) (1,2) (1,2) (1,1) (1,1) (1,2) (1,2) (1,2) (1,1) (2,10) (1,1) (2,2) (1,4) (2,4) (1,1) (2,5) (1,3) (2,3) (1,4) (2,4) (1,1) (2,2) (1,4) (2,2) (1,1) (1,2) (1,5) (1,8) (1,1) (1,2) (1,1) (1,2) (1,6) (1,3) (1,2) (1,1) (1,2) (1,2) (1,6) (1,1) (1,1) (1,1) (1,1) (1,3) (1,1) (1,1) (1,1) (1,1) (1,4) (1,5) (1,5) (1,2) 
layer:3, node:MDDNode(3,u-339), in=2, out=10
split in: 2 -> (1,1)
split out: 10 -> (6,4,10)
add: MDDNode(3,u-382) MDDNode(3,u-383), del:MDDNode(3,u-339)
81 (1,1) (1,1) (1,1) (1,1) (1,2) (1,2) (1,1) (1,1) (1,1) (1,2) (1,3) (1,2) (1,2) (1,2) (1,2) (1,2) (1,1) (1,1) (1,3) (1,3) (1,6) (1,1) (1,1) (1,6) (1,2) (1,1) (1,4) (1,4) (1,6) (1,2) (1,2) (1,1) (1,1) (1,2) (1,2) (1,2) (1,1) (1,1) (2,2) (1,4) (2,4) (1,1) (2,5) (1,3) (2,3) (1,4) (2,4) (1,1) (2,2) (1,4) (2,2) (1,1) (1,2) (1,5) (1,8) (1,1) (1,2) (1,1) (1,2) (1,6) (1,3) (1,2) (1,1) (1,2) (1,2) (1,6) (1,1) (1,1) (1,1) (1,1) (1,3) (1,1) (1,1) (1,1) (1,1) (1,4) (1,5) (1,5) (1,2) (1,4) (1,6) 
layer:3, node:MDDNode(3,u-341), in=2, out=2
split in: 2 -> (1,1)
split out: 2 -> (1,1,2)
add: MDDNode(3,u-384) MDDNode(3,u-385), del:MDDNode(3,u-341)
82 (1,1) (1,1) (1,1) (1,1) (1,2) (1,2) (1,1) (1,1) (1,1) (1,2) (1,3) (1,2) (1,2) (1,2) (1,2) (1,2) (1,1) (1,1) (1,3) (1,3) (1,6) (1,1) (1,1) (1,6) (1,2) (1,1) (1,4) (1,4) (1,6) (1,2) (1,2) (1,1) (1,1) (1,2) (1,2) (1,2) (1,1) (1,1) (1,4) (2,4) (1,1) (2,5) (1,3) (2,3) (1,4) (2,4) (1,1) (2,2) (1,4) (2,2) (1,1) (1,2) (1,5) (1,8) (1,1) (1,2) (1,1) (1,2) (1,6) (1,3) (1,2) (1,1) (1,2) (1,2) (1,6) (1,1) (1,1) (1,1) (1,1) (1,3) (1,1) (1,1) (1,1) (1,1) (1,4) (1,5) (1,5) (1,2) (1,4) (1,6) (1,1) (1,1) 
layer:3, node:MDDNode(3,u-343), in=2, out=4
split in: 2 -> (1,1)
split out: 4 -> (3,3,6)
add: MDDNode(3,u-386) MDDNode(3,u-387), del:MDDNode(3,u-343)
83 (1,1) (1,1) (1,1) (1,1) (1,2) (1,2) (1,1) (1,1) (1,1) (1,2) (1,3) (1,2) (1,2) (1,2) (1,2) (1,2) (1,1) (1,1) (1,3) (1,3) (1,6) (1,1) (1,1) (1,6) (1,2) (1,1) (1,4) (1,4) (1,6) (1,2) (1,2) (1,1) (1,1) (1,2) (1,2) (1,2) (1,1) (1,1) (1,4) (1,1) (2,5) (1,3) (2,3) (1,4) (2,4) (1,1) (2,2) (1,4) (2,2) (1,1) (1,2) (1,5) (1,8) (1,1) (1,2) (1,1) (1,2) (1,6) (1,3) (1,2) (1,1) (1,2) (1,2) (1,6) (1,1) (1,1) (1,1) (1,1) (1,3) (1,1) (1,1) (1,1) (1,1) (1,4) (1,5) (1,5) (1,2) (1,4) (1,6) (1,1) (1,1) (1,3) (1,3) 
layer:3, node:MDDNode(3,u-345), in=2, out=5
split in: 2 -> (1,1)
split out: 5 -> (2,3,5)
add: MDDNode(3,u-388) MDDNode(3,u-389), del:MDDNode(3,u-345)
84 (1,1) (1,1) (1,1) (1,1) (1,2) (1,2) (1,1) (1,1) (1,1) (1,2) (1,3) (1,2) (1,2) (1,2) (1,2) (1,2) (1,1) (1,1) (1,3) (1,3) (1,6) (1,1) (1,1) (1,6) (1,2) (1,1) (1,4) (1,4) (1,6) (1,2) (1,2) (1,1) (1,1) (1,2) (1,2) (1,2) (1,1) (1,1) (1,4) (1,1) (1,3) (2,3) (1,4) (2,4) (1,1) (2,2) (1,4) (2,2) (1,1) (1,2) (1,5) (1,8) (1,1) (1,2) (1,1) (1,2) (1,6) (1,3) (1,2) (1,1) (1,2) (1,2) (1,6) (1,1) (1,1) (1,1) (1,1) (1,3) (1,1) (1,1) (1,1) (1,1) (1,4) (1,5) (1,5) (1,2) (1,4) (1,6) (1,1) (1,1) (1,3) (1,3) (1,3) (1,2) 
layer:3, node:MDDNode(3,u-347), in=2, out=3
split in: 2 -> (1,1)
split out: 3 -> (1,2,3)
add: MDDNode(3,u-390) MDDNode(3,u-391), del:MDDNode(3,u-347)
85 (1,1) (1,1) (1,1) (1,1) (1,2) (1,2) (1,1) (1,1) (1,1) (1,2) (1,3) (1,2) (1,2) (1,2) (1,2) (1,2) (1,1) (1,1) (1,3) (1,3) (1,6) (1,1) (1,1) (1,6) (1,2) (1,1) (1,4) (1,4) (1,6) (1,2) (1,2) (1,1) (1,1) (1,2) (1,2) (1,2) (1,1) (1,1) (1,4) (1,1) (1,3) (1,4) (2,4) (1,1) (2,2) (1,4) (2,2) (1,1) (1,2) (1,5) (1,8) (1,1) (1,2) (1,1) (1,2) (1,6) (1,3) (1,2) (1,1) (1,2) (1,2) (1,6) (1,1) (1,1) (1,1) (1,1) (1,3) (1,1) (1,1) (1,1) (1,1) (1,4) (1,5) (1,5) (1,2) (1,4) (1,6) (1,1) (1,1) (1,3) (1,3) (1,3) (1,2) (1,2) (1,1) 
layer:3, node:MDDNode(3,u-349), in=2, out=4
split in: 2 -> (1,1)
split out: 4 -> (3,1,4)
add: MDDNode(3,u-392) MDDNode(3,u-393), del:MDDNode(3,u-349)
86 (1,1) (1,1) (1,1) (1,1) (1,2) (1,2) (1,1) (1,1) (1,1) (1,2) (1,3) (1,2) (1,2) (1,2) (1,2) (1,2) (1,1) (1,1) (1,3) (1,3) (1,6) (1,1) (1,1) (1,6) (1,2) (1,1) (1,4) (1,4) (1,6) (1,2) (1,2) (1,1) (1,1) (1,2) (1,2) (1,2) (1,1) (1,1) (1,4) (1,1) (1,3) (1,4) (1,1) (2,2) (1,4) (2,2) (1,1) (1,2) (1,5) (1,8) (1,1) (1,2) (1,1) (1,2) (1,6) (1,3) (1,2) (1,1) (1,2) (1,2) (1,6) (1,1) (1,1) (1,1) (1,1) (1,3) (1,1) (1,1) (1,1) (1,1) (1,4) (1,5) (1,5) (1,2) (1,4) (1,6) (1,1) (1,1) (1,3) (1,3) (1,3) (1,2) (1,2) (1,1) (1,1) (1,3) 
layer:3, node:MDDNode(3,u-351), in=2, out=2
split in: 2 -> (1,1)
split out: 2 -> (2,1,3)
add: MDDNode(3,u-394) MDDNode(3,u-395), del:MDDNode(3,u-351)
87 (1,1) (1,1) (1,1) (1,1) (1,2) (1,2) (1,1) (1,1) (1,1) (1,2) (1,3) (1,2) (1,2) (1,2) (1,2) (1,2) (1,1) (1,1) (1,3) (1,3) (1,6) (1,1) (1,1) (1,6) (1,2) (1,1) (1,4) (1,4) (1,6) (1,2) (1,2) (1,1) (1,1) (1,2) (1,2) (1,2) (1,1) (1,1) (1,4) (1,1) (1,3) (1,4) (1,1) (1,4) (2,2) (1,1) (1,2) (1,5) (1,8) (1,1) (1,2) (1,1) (1,2) (1,6) (1,3) (1,2) (1,1) (1,2) (1,2) (1,6) (1,1) (1,1) (1,1) (1,1) (1,3) (1,1) (1,1) (1,1) (1,1) (1,4) (1,5) (1,5) (1,2) (1,4) (1,6) (1,1) (1,1) (1,3) (1,3) (1,3) (1,2) (1,2) (1,1) (1,1) (1,3) (1,1) (1,2) 
layer:3, node:MDDNode(3,u-353), in=2, out=2
split in: 2 -> (1,1)
split out: 2 -> (1,1,2)
add: MDDNode(3,u-396) MDDNode(3,u-397), del:MDDNode(3,u-353)
88 (1,1) (1,1) (1,1) (1,1) (1,2) (1,2) (1,1) (1,1) (1,1) (1,2) (1,3) (1,2) (1,2) (1,2) (1,2) (1,2) (1,1) (1,1) (1,3) (1,3) (1,6) (1,1) (1,1) (1,6) (1,2) (1,1) (1,4) (1,4) (1,6) (1,2) (1,2) (1,1) (1,1) (1,2) (1,2) (1,2) (1,1) (1,1) (1,4) (1,1) (1,3) (1,4) (1,1) (1,4) (1,1) (1,2) (1,5) (1,8) (1,1) (1,2) (1,1) (1,2) (1,6) (1,3) (1,2) (1,1) (1,2) (1,2) (1,6) (1,1) (1,1) (1,1) (1,1) (1,3) (1,1) (1,1) (1,1) (1,1) (1,4) (1,5) (1,5) (1,2) (1,4) (1,6) (1,1) (1,1) (1,3) (1,3) (1,3) (1,2) (1,2) (1,1) (1,1) (1,3) (1,1) (1,2) (1,1) (1,1) 
cannot split anymore
=profile=
(0, 111) 
(1, 4) (1, 4) (1, 2) (1, 1) (1, 2) (1, 8) (1, 2) (1, 3) (1, 8) (1, 2) (1, 9) (1, 3) (1, 6) (1, 2) (1, 1) (1, 2) (1, 2) (1, 10) (1, 2) (1, 5) (1, 6) (1, 1) (1, 2) (1, 1) (1, 1) (1, 12) (1, 8) (1, 3) (1, 2) (1, 11) (1, 5) (1, 6) (1, 7) (1, 2) (1, 6) (1, 1) (1, 7) (1, 3) (1, 6) (1, 2) (1, 3) (1, 2) (1, 5) (1, 6) (1, 6) (1, 14) (1, 2) (1, 6) (1, 8) (1, 6) (1, 4) (1, 5) (1, 2) (1, 1) (1, 13) (1, 2) (1, 5) (1, 3) (1, 6) (2, 19) (1, 2) (1, 1) (1, 1) (1, 1) (1, 7) (1, 4) (1, 1) (1, 1) (1, 1) (1, 2) (1, 8) (1, 7) (1, 3) (1, 5) (1, 16) (1, 1) (1, 5) (1, 2) (1, 4) (1, 2) (1, 6) (1, 1) (1, 2) (1, 2) (1, 14) (1, 2) (1, 11) (1, 2) (1, 5) (1, 2) (1, 5) (1, 6) (1, 1) (1, 5) (1, 1) (1, 1) (1, 2) (1, 3) (1, 5) (1, 4) (1, 4) (1, 9) (1, 1) (1, 1) (1, 6) (1, 10) (1, 4) (1, 3) (1, 6) (1, 6) 
(492, 88) 
(1, 1) (1, 1) (1, 1) (1, 1) (1, 2) (1, 2) (1, 1) (1, 1) (1, 1) (1, 2) (1, 3) (1, 2) (1, 2) (1, 2) (1, 2) (1, 2) (1, 1) (1, 1) (1, 3) (1, 3) (1, 6) (1, 1) (1, 1) (1, 6) (1, 2) (1, 1) (1, 4) (1, 4) (1, 6) (1, 2) (1, 2) (1, 1) (1, 1) (1, 2) (1, 2) (1, 2) (1, 1) (1, 1) (1, 4) (1, 1) (1, 3) (1, 4) (1, 1) (1, 4) (1, 1) (1, 2) (1, 5) (1, 8) (1, 1) (1, 2) (1, 1) (1, 2) (1, 6) (1, 3) (1, 2) (1, 1) (1, 2) (1, 2) (1, 6) (1, 1) (1, 1) (1, 1) (1, 1) (1, 3) (1, 1) (1, 1) (1, 1) (1, 1) (1, 4) (1, 5) (1, 5) (1, 2) (1, 4) (1, 6) (1, 1) (1, 1) (1, 3) (1, 3) (1, 3) (1, 2) (1, 2) (1, 1) (1, 1) (1, 3) (1, 1) (1, 2) (1, 1) (1, 1) 
(202, 1) 
(1, 0) 
dump to the pickle
the graph width list : [1, 110, 1, 88, 1, 1]
it 1 dev 28.50   dev_h 42.95   dev_v 100.00   new_test 35.42   new_test_h 33.58   new_test_v 100.00   save: 35.42 T: 2020-01-13T20:33 
it 2 dev 32.18   dev_h 40.98   dev_v 100.00   new_test 41.93   new_test_h 30.88   new_test_v 100.00   save: 41.93 T: 2020-01-13T20:36 
it 3 dev 31.65   dev_h 41.52   dev_v 100.00   new_test 42.50   new_test_h 30.22   new_test_v 100.00   
it 4 dev 31.82   dev_h 41.02   dev_v 100.00   new_test 43.19   new_test_h 29.76   new_test_v 100.00   
it 5 dev 32.43   dev_h 40.62   dev_v 99.98   new_test 43.07   new_test_h 29.52   new_test_v 100.00   save: 43.07 T: 2020-01-13T20:42 
it 6 dev 31.46   dev_h 41.27   dev_v 99.98   new_test 43.55   new_test_h 29.59   new_test_v 100.00   
it 7 dev 32.02   dev_h 40.89   dev_v 99.95   new_test 44.00   new_test_h 29.38   new_test_v 100.00   
it 8 dev 31.82   dev_h 41.15   dev_v 99.95   new_test 43.31   new_test_h 29.63   new_test_v 100.00   
it 9 dev 31.97   dev_h 40.96   dev_v 99.95   new_test 43.27   new_test_h 29.70   new_test_v 100.00   
it 10 dev 31.97   dev_h 41.00   dev_v 99.95   new_test 43.19   new_test_h 29.71   new_test_v 100.00   
it 11 dev 31.63   dev_h 41.46   dev_v 99.95   new_test 42.66   new_test_h 30.10   new_test_v 100.00   
it 12 dev 31.92   dev_h 41.30   dev_v 99.95   new_test 43.15   new_test_h 29.93   new_test_v 100.00   
it 13 dev 31.92   dev_h 41.28   dev_v 99.95   new_test 43.02   new_test_h 30.17   new_test_v 100.00   
