Configure:
  {'max_word_id': 4000, 'bid': True, 'cell_type': 'gru', 'use_layer_norm': True, 'decoder': 'attention', 'embedding_size': 150, 'keep_prob': 0.45, 'seq_len': 25, 'num_layers': 1, 'num_units': 150, 'use_embedding': True, 'epoches': 20, 'batch_size': 32, 'init': {'name': 'random_uniform_initializer', 'scale': 0.1}, 'lr_scheduler': {'decay_steps': 7000, 'init_lr': 0.002, 'decay_rate': 0.9, 'staircase': True}, 'max_grad_norm': 1, 'optimizer': 'AdamOptimizer', 'dict_file': {'zero_one_bipartite': 'dataset/IFTTT/zero_one_bipartite.txt', 'zero_two_bipartite': 'dataset/IFTTT/zero_two_bipartite.txt', 'zero_three_bipartite': 'dataset/IFTTT/zero_three_bipartite.txt', 'one_zero_bipartite': 'dataset/IFTTT/one_zero_bipartite.txt', 'one_two_bipartite': 'dataset/IFTTT/one_two_bipartite.txt', 'one_three_bipartite': 'dataset/IFTTT/one_three_bipartite.txt', 'two_zero_bipartite': 'dataset/IFTTT/two_zero_bipartite.txt', 'two_one_bipartite': 'dataset/IFTTT/two_one_bipartite.txt', 'two_three_bipartite': 'dataset/IFTTT/two_three_bipartite.txt', 'three_zero_bipartite': 'dataset/IFTTT/three_zero_bipartite.txt', 'three_one_bipartite': 'dataset/IFTTT/three_one_bipartite.txt', 'three_two_bipartite': 'dataset/IFTTT/three_two_bipartite.txt', 'ext_zero_one_bipartite': 'dataset/IFTTT/ext_zero_one_bipartite.txt', 'ext_two_three_bipartite': 'dataset/IFTTT/ext_two_three_bipartite.txt'}}
The bucket size: [25]

epoch: 1  tLoss: 0.7151  0.6985  0.4879  0.7102  0.6826  0.3064    lr: 0.001937  save acc: 0.3064 T: 2019-09-25T00:04  
epoch: 2  tLoss: 0.5256  0.7598  0.5720  0.7254  0.6902  0.3716    lr: 0.001876  save acc: 0.3716 T: 2019-09-25T00:07  
epoch: 3  tLoss: 0.4639  0.7625  0.5841  0.7273  0.6947  0.3856    lr: 0.001817  save acc: 0.3856 T: 2019-09-25T00:10  
epoch: 4  tLoss: 0.4227  0.7727  0.6034  0.7174  0.6879  0.3871    lr: 0.001760  save acc: 0.3871 T: 2019-09-25T00:13  
epoch: 5  tLoss: 0.3924  0.7716  0.6159  0.7299  0.6947  0.4148    lr: 0.001704  save acc: 0.4148 T: 2019-09-25T00:16  
epoch: 6  tLoss: 0.3680  0.7610  0.6076  0.7174  0.6803  0.3955    lr: 0.001650  
epoch: 7  tLoss: 0.3476  0.7705  0.6167  0.7208  0.6883  0.4042    lr: 0.001598  
epoch: 8  tLoss: 0.3304  0.7689  0.6110  0.7193  0.6826  0.3962    lr: 0.001548  
epoch: 9  tLoss: 0.3170  0.7689  0.6174  0.7133  0.6841  0.4057    lr: 0.001499  
epoch: 10  tLoss: 0.3030  0.7708  0.6182  0.7140  0.6841  0.4064    lr: 0.001452  
epoch: 11  tLoss: 0.2926  0.7716  0.6133  0.7136  0.6803  0.4008    lr: 0.001406  
epoch: 12  tLoss: 0.2837  0.7739  0.6189  0.7125  0.6799  0.4015    lr: 0.001362  
epoch: 13  tLoss: 0.2740  0.7739  0.6076  0.7136  0.6769  0.3886    lr: 0.001319  
epoch: 14  tLoss: 0.2662  0.7659  0.6239  0.7133  0.6765  0.3966    lr: 0.001278  
epoch: 15  tLoss: 0.2585  0.7731  0.6273  0.7061  0.6750  0.3992    lr: 0.001237  
epoch: 16  tLoss: 0.2529  0.7674  0.6008  0.7072  0.6723  0.3739    lr: 0.001198  
epoch: 17  tLoss: 0.2475  0.7731  0.6201  0.7076  0.6742  0.3973    lr: 0.001161  
epoch: 18  tLoss: 0.2406  0.7678  0.6008  0.7049  0.6674  0.3773    lr: 0.001124  
epoch: 19  tLoss: 0.2372  0.7731  0.5989  0.7049  0.6644  0.3837    lr: 0.001089  
epoch: 20  tLoss: 0.2318  0.7746  0.6015  0.7095  0.6705  0.3833    lr: 0.001054  
epoch: 21  tLoss: 0.2284  0.7705  0.6091  0.7023  0.6663  0.3788    lr: 0.001021  
