Configure:
  {'max_word_id': 4000, 'bid': True, 'cell_type': 'gru', 'use_layer_norm': True, 'decoder': 'attention', 'embedding_size': 150, 'keep_prob': 0.45, 'seq_len': 25, 'num_layers': 1, 'num_units': 150, 'use_embedding': True, 'epoches': 20, 'batch_size': 32, 'init': {'name': 'random_uniform_initializer', 'scale': 0.1}, 'lr_scheduler': {'decay_steps': 7000, 'init_lr': 0.002, 'decay_rate': 0.9, 'staircase': True}, 'max_grad_norm': 1, 'optimizer': 'AdamOptimizer', 'dict_file': {'zero_one_bipartite': 'dataset/IFTTT/zero_one_bipartite.txt', 'zero_two_bipartite': 'dataset/IFTTT/zero_two_bipartite.txt', 'zero_three_bipartite': 'dataset/IFTTT/zero_three_bipartite.txt', 'one_zero_bipartite': 'dataset/IFTTT/one_zero_bipartite.txt', 'one_two_bipartite': 'dataset/IFTTT/one_two_bipartite.txt', 'one_three_bipartite': 'dataset/IFTTT/one_three_bipartite.txt', 'two_zero_bipartite': 'dataset/IFTTT/two_zero_bipartite.txt', 'two_one_bipartite': 'dataset/IFTTT/two_one_bipartite.txt', 'two_three_bipartite': 'dataset/IFTTT/two_three_bipartite.txt', 'three_zero_bipartite': 'dataset/IFTTT/three_zero_bipartite.txt', 'three_one_bipartite': 'dataset/IFTTT/three_one_bipartite.txt', 'three_two_bipartite': 'dataset/IFTTT/three_two_bipartite.txt', 'ext_zero_one_bipartite': 'dataset/IFTTT/ext_zero_one_bipartite.txt', 'ext_two_three_bipartite': 'dataset/IFTTT/ext_two_three_bipartite.txt'}}
The bucket size: [25]

epoch: 1  tLoss: 0.7160  0.7144  0.4951  0.7121  0.6803  0.3072    lr: 0.001937  save acc: 0.3072 T: 2019-09-25T08:56  
epoch: 2  tLoss: 0.5272  0.7534  0.5564  0.7295  0.6970  0.3614    lr: 0.001876  save acc: 0.3614 T: 2019-09-25T09:00  
epoch: 3  tLoss: 0.4655  0.7633  0.5883  0.7280  0.6955  0.3826    lr: 0.001817  save acc: 0.3826 T: 2019-09-25T09:04  
epoch: 4  tLoss: 0.4243  0.7708  0.5955  0.7284  0.6973  0.3973    lr: 0.001760  save acc: 0.3973 T: 2019-09-25T09:07  
epoch: 5  tLoss: 0.3937  0.7788  0.6076  0.7265  0.6962  0.3955    lr: 0.001704  
epoch: 6  tLoss: 0.3689  0.7761  0.6102  0.7189  0.6936  0.3981    lr: 0.001650  save acc: 0.3981 T: 2019-09-25T09:15  
epoch: 7  tLoss: 0.3493  0.7754  0.6186  0.7205  0.6894  0.4080    lr: 0.001598  save acc: 0.4080 T: 2019-09-25T09:18  
epoch: 8  tLoss: 0.3315  0.7739  0.6212  0.7095  0.6867  0.4045    lr: 0.001548  
epoch: 9  tLoss: 0.3169  0.7667  0.6159  0.7144  0.6883  0.4091    lr: 0.001499  save acc: 0.4091 T: 2019-09-25T09:26  
epoch: 10  tLoss: 0.3041  0.7689  0.6114  0.7163  0.6822  0.3989    lr: 0.001452  
epoch: 11  tLoss: 0.2928  0.7693  0.6030  0.7117  0.6761  0.3920    lr: 0.001406  
epoch: 12  tLoss: 0.2826  0.7674  0.6098  0.7114  0.6837  0.3977    lr: 0.001362  
epoch: 13  tLoss: 0.2738  0.7606  0.6061  0.7121  0.6788  0.3973    lr: 0.001319  
epoch: 14  tLoss: 0.2663  0.7644  0.6129  0.7186  0.6867  0.4004    lr: 0.001278  
epoch: 15  tLoss: 0.2584  0.7644  0.6117  0.7080  0.6686  0.3951    lr: 0.001237  
epoch: 16  tLoss: 0.2521  0.7617  0.6045  0.7095  0.6777  0.3955    lr: 0.001198  
epoch: 17  tLoss: 0.2463  0.7614  0.5992  0.7095  0.6765  0.3875    lr: 0.001161  
epoch: 18  tLoss: 0.2413  0.7659  0.6091  0.7148  0.6750  0.3951    lr: 0.001124  
epoch: 19  tLoss: 0.2363  0.7633  0.6072  0.7038  0.6693  0.3879    lr: 0.001089  
epoch: 20  tLoss: 0.2321  0.7617  0.6030  0.7091  0.6746  0.3917    lr: 0.001054  
epoch: 21  tLoss: 0.2275  0.7652  0.6038  0.7091  0.6689  0.3894    lr: 0.001021  
