Configure:
  {'max_word_id': 4000, 'bid': True, 'cell_type': 'gru', 'use_layer_norm': True, 'decoder': 'attention', 'embedding_size': 150, 'keep_prob': 0.45, 'seq_len': 25, 'num_layers': 1, 'num_units': 150, 'use_embedding': True, 'epoches': 20, 'batch_size': 32, 'init': {'name': 'random_uniform_initializer', 'scale': 0.1}, 'lr_scheduler': {'decay_steps': 7000, 'init_lr': 0.002, 'decay_rate': 0.9, 'staircase': True}, 'max_grad_norm': 1, 'optimizer': 'AdamOptimizer', 'dict_file': {'zero_one_bipartite': 'dataset/IFTTT/zero_one_bipartite.txt', 'zero_two_bipartite': 'dataset/IFTTT/zero_two_bipartite.txt', 'zero_three_bipartite': 'dataset/IFTTT/zero_three_bipartite.txt', 'one_zero_bipartite': 'dataset/IFTTT/one_zero_bipartite.txt', 'one_two_bipartite': 'dataset/IFTTT/one_two_bipartite.txt', 'one_three_bipartite': 'dataset/IFTTT/one_three_bipartite.txt', 'two_zero_bipartite': 'dataset/IFTTT/two_zero_bipartite.txt', 'two_one_bipartite': 'dataset/IFTTT/two_one_bipartite.txt', 'two_three_bipartite': 'dataset/IFTTT/two_three_bipartite.txt', 'three_zero_bipartite': 'dataset/IFTTT/three_zero_bipartite.txt', 'three_one_bipartite': 'dataset/IFTTT/three_one_bipartite.txt', 'three_two_bipartite': 'dataset/IFTTT/three_two_bipartite.txt', 'ext_zero_one_bipartite': 'dataset/IFTTT/ext_zero_one_bipartite.txt', 'ext_two_three_bipartite': 'dataset/IFTTT/ext_two_three_bipartite.txt'}}
The bucket size: [25]

epoch: 1  tLoss: 0.7149  0.7083  0.4966  0.7205  0.6886  0.3223    lr: 0.001937  save acc: 0.3223 T: 2019-09-25T05:05  
epoch: 2  tLoss: 0.5257  0.7508  0.5640  0.7269  0.7023  0.3758    lr: 0.001876  save acc: 0.3758 T: 2019-09-25T05:08  
epoch: 3  tLoss: 0.4644  0.7674  0.5875  0.7318  0.6936  0.3845    lr: 0.001817  save acc: 0.3845 T: 2019-09-25T05:12  
epoch: 4  tLoss: 0.4231  0.7773  0.6057  0.7314  0.6985  0.3996    lr: 0.001760  save acc: 0.3996 T: 2019-09-25T05:16  
epoch: 5  tLoss: 0.3930  0.7731  0.6102  0.7333  0.7015  0.4095    lr: 0.001704  save acc: 0.4095 T: 2019-09-25T05:20  
epoch: 6  tLoss: 0.3676  0.7633  0.6076  0.7235  0.6928  0.4027    lr: 0.001650  
epoch: 7  tLoss: 0.3484  0.7667  0.6080  0.7178  0.6841  0.4042    lr: 0.001598  
epoch: 8  tLoss: 0.3312  0.7682  0.6205  0.7220  0.6879  0.4121    lr: 0.001548  save acc: 0.4121 T: 2019-09-25T05:31  
epoch: 9  tLoss: 0.3161  0.7655  0.6152  0.7174  0.6830  0.3947    lr: 0.001499  
epoch: 10  tLoss: 0.3035  0.7670  0.6114  0.7102  0.6735  0.3947    lr: 0.001452  
epoch: 11  tLoss: 0.2925  0.7655  0.6133  0.7163  0.6742  0.3989    lr: 0.001406  
epoch: 12  tLoss: 0.2817  0.7742  0.6125  0.7076  0.6777  0.3989    lr: 0.001362  
epoch: 13  tLoss: 0.2729  0.7644  0.5947  0.7076  0.6712  0.3761    lr: 0.001319  
epoch: 14  tLoss: 0.2655  0.7648  0.5939  0.7144  0.6750  0.3833    lr: 0.001278  
epoch: 15  tLoss: 0.2577  0.7682  0.6098  0.7102  0.6792  0.3981    lr: 0.001237  
epoch: 16  tLoss: 0.2519  0.7598  0.5848  0.7072  0.6731  0.3689    lr: 0.001198  
epoch: 17  tLoss: 0.2464  0.7617  0.5856  0.7129  0.6693  0.3693    lr: 0.001161  
epoch: 18  tLoss: 0.2408  0.7617  0.5860  0.7061  0.6659  0.3667    lr: 0.001124  
epoch: 19  tLoss: 0.2365  0.7606  0.6004  0.7133  0.6727  0.3867    lr: 0.001089  
epoch: 20  tLoss: 0.2321  0.7557  0.6027  0.7076  0.6686  0.3894    lr: 0.001054  
epoch: 21  tLoss: 0.2274  0.7610  0.6027  0.7076  0.6716  0.3943    lr: 0.001021  
