Configure:
  {'max_word_id': 4000, 'bid': True, 'cell_type': 'gru', 'use_layer_norm': True, 'decoder': 'attention', 'embedding_size': 150, 'keep_prob': 0.45, 'seq_len': 25, 'num_layers': 1, 'num_units': 150, 'use_embedding': True, 'epoches': 20, 'batch_size': 32, 'init': {'name': 'random_uniform_initializer', 'scale': 0.1}, 'lr_scheduler': {'decay_steps': 7000, 'init_lr': 0.002, 'decay_rate': 0.9, 'staircase': True}, 'max_grad_norm': 1, 'optimizer': 'AdamOptimizer', 'dict_file': {'zero_one_bipartite': 'dataset/IFTTT/zero_one_bipartite.txt', 'zero_two_bipartite': 'dataset/IFTTT/zero_two_bipartite.txt', 'zero_three_bipartite': 'dataset/IFTTT/zero_three_bipartite.txt', 'one_zero_bipartite': 'dataset/IFTTT/one_zero_bipartite.txt', 'one_two_bipartite': 'dataset/IFTTT/one_two_bipartite.txt', 'one_three_bipartite': 'dataset/IFTTT/one_three_bipartite.txt', 'two_zero_bipartite': 'dataset/IFTTT/two_zero_bipartite.txt', 'two_one_bipartite': 'dataset/IFTTT/two_one_bipartite.txt', 'two_three_bipartite': 'dataset/IFTTT/two_three_bipartite.txt', 'three_zero_bipartite': 'dataset/IFTTT/three_zero_bipartite.txt', 'three_one_bipartite': 'dataset/IFTTT/three_one_bipartite.txt', 'three_two_bipartite': 'dataset/IFTTT/three_two_bipartite.txt', 'ext_zero_one_bipartite': 'dataset/IFTTT/ext_zero_one_bipartite.txt', 'ext_two_three_bipartite': 'dataset/IFTTT/ext_two_three_bipartite.txt'}}
The bucket size: [25]

epoch: 1  tLoss: 0.7164  0.6973  0.4795  0.7242  0.6848  0.2894    lr: 0.001937  save acc: 0.2894 T: 2019-09-25T02:29  
epoch: 2  tLoss: 0.5266  0.7477  0.5458  0.7326  0.7008  0.3530    lr: 0.001876  save acc: 0.3530 T: 2019-09-25T02:33  
epoch: 3  tLoss: 0.4651  0.7587  0.5682  0.7140  0.6879  0.3640    lr: 0.001817  save acc: 0.3640 T: 2019-09-25T02:37  
epoch: 4  tLoss: 0.4253  0.7697  0.5943  0.7193  0.6867  0.3864    lr: 0.001760  save acc: 0.3864 T: 2019-09-25T02:40  
epoch: 5  tLoss: 0.3936  0.7739  0.6076  0.7273  0.6962  0.4068    lr: 0.001704  save acc: 0.4068 T: 2019-09-25T02:44  
epoch: 6  tLoss: 0.3702  0.7780  0.6110  0.7129  0.6807  0.3985    lr: 0.001650  
epoch: 7  tLoss: 0.3501  0.7773  0.6064  0.7174  0.6822  0.3928    lr: 0.001598  
epoch: 8  tLoss: 0.3330  0.7742  0.6083  0.7212  0.6848  0.4015    lr: 0.001548  
epoch: 9  tLoss: 0.3179  0.7746  0.6152  0.7133  0.6761  0.4027    lr: 0.001499  
epoch: 10  tLoss: 0.3048  0.7712  0.6133  0.7140  0.6852  0.4030    lr: 0.001452  
epoch: 11  tLoss: 0.2937  0.7727  0.6068  0.7205  0.6826  0.4019    lr: 0.001406  
epoch: 12  tLoss: 0.2828  0.7727  0.6261  0.7144  0.6822  0.4136    lr: 0.001362  save acc: 0.4136 T: 2019-09-25T03:10  
epoch: 13  tLoss: 0.2745  0.7716  0.6144  0.7095  0.6731  0.3939    lr: 0.001319  
epoch: 14  tLoss: 0.2664  0.7659  0.6114  0.7083  0.6716  0.3985    lr: 0.001278  
epoch: 15  tLoss: 0.2582  0.7701  0.6045  0.7064  0.6682  0.3958    lr: 0.001237  
epoch: 16  tLoss: 0.2519  0.7636  0.6140  0.7019  0.6667  0.3943    lr: 0.001198  
epoch: 17  tLoss: 0.2466  0.7644  0.6045  0.7087  0.6705  0.3947    lr: 0.001161  
epoch: 18  tLoss: 0.2406  0.7674  0.6125  0.7015  0.6617  0.3932    lr: 0.001124  
epoch: 19  tLoss: 0.2364  0.7617  0.6114  0.7091  0.6693  0.3981    lr: 0.001089  
epoch: 20  tLoss: 0.2312  0.7617  0.6091  0.7000  0.6621  0.3905    lr: 0.001054  
epoch: 21  tLoss: 0.2278  0.7610  0.6072  0.7008  0.6636  0.3924    lr: 0.001021  
