Configure:
  {'max_word_id': 4000, 'bid': True, 'cell_type': 'gru', 'use_layer_norm': True, 'decoder': 'attention', 'embedding_size': 150, 'keep_prob': 0.45, 'seq_len': 25, 'num_layers': 1, 'num_units': 150, 'use_embedding': True, 'epoches': 20, 'batch_size': 32, 'init': {'name': 'random_uniform_initializer', 'scale': 0.1}, 'lr_scheduler': {'decay_steps': 7000, 'init_lr': 0.002, 'decay_rate': 0.9, 'staircase': True}, 'max_grad_norm': 1, 'optimizer': 'AdamOptimizer', 'dict_file': {'zero_one_bipartite': 'dataset/IFTTT/zero_one_bipartite.txt', 'zero_two_bipartite': 'dataset/IFTTT/zero_two_bipartite.txt', 'zero_three_bipartite': 'dataset/IFTTT/zero_three_bipartite.txt', 'one_zero_bipartite': 'dataset/IFTTT/one_zero_bipartite.txt', 'one_two_bipartite': 'dataset/IFTTT/one_two_bipartite.txt', 'one_three_bipartite': 'dataset/IFTTT/one_three_bipartite.txt', 'two_zero_bipartite': 'dataset/IFTTT/two_zero_bipartite.txt', 'two_one_bipartite': 'dataset/IFTTT/two_one_bipartite.txt', 'two_three_bipartite': 'dataset/IFTTT/two_three_bipartite.txt', 'three_zero_bipartite': 'dataset/IFTTT/three_zero_bipartite.txt', 'three_one_bipartite': 'dataset/IFTTT/three_one_bipartite.txt', 'three_two_bipartite': 'dataset/IFTTT/three_two_bipartite.txt', 'ext_zero_one_bipartite': 'dataset/IFTTT/ext_zero_one_bipartite.txt', 'ext_two_three_bipartite': 'dataset/IFTTT/ext_two_three_bipartite.txt'}}
The bucket size: [25]

epoch: 1  tLoss: 0.7154  0.7091  0.4875  0.7223  0.6879  0.3205    lr: 0.001937  save acc: 0.3205 T: 2019-09-24T22:57  
epoch: 2  tLoss: 0.5277  0.7557  0.5394  0.7273  0.6947  0.3496    lr: 0.001876  save acc: 0.3496 T: 2019-09-24T23:00  
epoch: 3  tLoss: 0.4654  0.7614  0.5894  0.7258  0.6981  0.3928    lr: 0.001817  save acc: 0.3928 T: 2019-09-24T23:04  
epoch: 4  tLoss: 0.4226  0.7670  0.5989  0.7117  0.6795  0.3875    lr: 0.001760  
epoch: 5  tLoss: 0.3925  0.7720  0.6095  0.7220  0.6902  0.3962    lr: 0.001704  save acc: 0.3962 T: 2019-09-24T23:10  
epoch: 6  tLoss: 0.3674  0.7693  0.6114  0.7152  0.6860  0.4045    lr: 0.001650  save acc: 0.4045 T: 2019-09-24T23:13  
epoch: 7  tLoss: 0.3474  0.7716  0.6098  0.7174  0.6860  0.4011    lr: 0.001598  
epoch: 8  tLoss: 0.3301  0.7773  0.6163  0.7083  0.6735  0.3962    lr: 0.001548  
epoch: 9  tLoss: 0.3150  0.7648  0.6170  0.7163  0.6788  0.4019    lr: 0.001499  
epoch: 10  tLoss: 0.3025  0.7723  0.6144  0.7227  0.6822  0.4038    lr: 0.001452  
epoch: 11  tLoss: 0.2908  0.7705  0.6205  0.7098  0.6814  0.4004    lr: 0.001406  
epoch: 12  tLoss: 0.2811  0.7629  0.6148  0.7083  0.6682  0.3871    lr: 0.001362  
epoch: 13  tLoss: 0.2716  0.7648  0.6148  0.7110  0.6780  0.3992    lr: 0.001319  
epoch: 14  tLoss: 0.2633  0.7614  0.6125  0.7038  0.6686  0.3902    lr: 0.001278  
epoch: 15  tLoss: 0.2567  0.7591  0.6027  0.7061  0.6693  0.3814    lr: 0.001237  
epoch: 16  tLoss: 0.2500  0.7598  0.6061  0.6996  0.6663  0.3905    lr: 0.001198  
epoch: 17  tLoss: 0.2449  0.7557  0.6068  0.7027  0.6667  0.3875    lr: 0.001161  
epoch: 18  tLoss: 0.2396  0.7652  0.6030  0.7042  0.6640  0.3890    lr: 0.001124  
epoch: 19  tLoss: 0.2343  0.7583  0.6083  0.7019  0.6633  0.3856    lr: 0.001089  
epoch: 20  tLoss: 0.2298  0.7659  0.6144  0.7034  0.6633  0.3913    lr: 0.001054  
epoch: 21  tLoss: 0.2259  0.7576  0.6061  0.7034  0.6678  0.3875    lr: 0.001021  
