args Namespace(config='configs/config_l.json', dataset='dataset/IFTTT/msr_data.pkl', load_model=None, mode='train', output='model/ifttt/width-4/pid-3-', width='4')
configure: {'max_word_id': 4000, 'bidirectional': True, 'cell_type': 'lstm', 'decoder': 'attention', 'embedding_size': 50, 'keep_prob': 0.5, 'memory_size': 25, 'num_layers': 1, 'num_units': 50, 'use_embedding': True, 'epoches': 20, 'batch_size': 32, 'init': {'name': 'random_uniform_initializer', 'scale': 0.1}, 'lr_scheduler': {'decay_steps': 5000, 'init_lr': 0.01, 'staircase': True}, 'max_grad_norm': 1, 'optimizer': 'AdamOptimizer'}
# path 8580
save to model/ifttt/width-4/pid-3-IFTTT-w-4.json
load json
numArcLayers: 5
1 1 4
layer 1 incoming edges: 111
split the incoming edges: 111 48 63
the value pair of raw_data is: 492
split the outgoings edges: 443 214 245 459
add node: MDDNode(1,u_6) MDDNode(1,u_7), remove node: MDDNode(1,u_1)
2 1 4
layer 2 incoming edges: 459
split the incoming edges: 459 236 223
the value pair of raw_data is: 6265
split the outgoings edges: 88 88 88 176
add node: MDDNode(2,u_8) MDDNode(2,u_9), remove node: MDDNode(2,u_2)
3 1 4
layer 3 incoming edges: 176
split the incoming edges: 176 88 88
the value pair of raw_data is: 202
split the outgoings edges: 161 120 114 234
add node: MDDNode(3,u_10) MDDNode(3,u_11), remove node: MDDNode(3,u_3)
4 1 4
layer 4 incoming edges: 234
split the incoming edges: 234 121 113
the value pair of raw_data is: 161
split the outgoings edges: 1 1 1 2
add node: MDDNode(4,u_12) MDDNode(4,u_13), remove node: MDDNode(4,u_4)
1 2 4
layer 1 incoming edges: 48
split the incoming edges: 48 31 17
the value pair of raw_data is: 492
split the outgoings edges: 214 150 71 221
add node: MDDNode(1,u_14) MDDNode(1,u_15), remove node: MDDNode(1,u_6)
layer 1 incoming edges: 63
split the incoming edges: 63 39 24
the value pair of raw_data is: 492
split the outgoings edges: 245 143 114 257
add node: MDDNode(1,u_16) MDDNode(1,u_17), remove node: MDDNode(1,u_7)
2 2 4
layer 2 incoming edges: 246
split the incoming edges: 246 121 125
the value pair of raw_data is: 6265
split the outgoings edges: 88 84 87 171
add node: MDDNode(2,u_18) MDDNode(2,u_19), remove node: MDDNode(2,u_8)
layer 2 incoming edges: 232
split the incoming edges: 232 101 131
the value pair of raw_data is: 6265
split the outgoings edges: 88 86 85 171
add node: MDDNode(2,u_20) MDDNode(2,u_21), remove node: MDDNode(2,u_9)
3 2 4
layer 3 incoming edges: 170
split the incoming edges: 170 84 86
the value pair of raw_data is: 202
split the outgoings edges: 120 107 112 219
add node: MDDNode(3,u_22) MDDNode(3,u_23), remove node: MDDNode(3,u_10)
layer 3 incoming edges: 172
split the incoming edges: 172 79 93
the value pair of raw_data is: 202
split the outgoings edges: 114 97 95 192
add node: MDDNode(3,u_24) MDDNode(3,u_25), remove node: MDDNode(3,u_11)
4 2 4
layer 4 incoming edges: 209
split the incoming edges: 209 113 96
the value pair of raw_data is: 161
split the outgoings edges: 1 1 1 2
add node: MDDNode(4,u_26) MDDNode(4,u_27), remove node: MDDNode(4,u_12)
layer 4 incoming edges: 202
split the incoming edges: 202 104 98
the value pair of raw_data is: 161
split the outgoings edges: 1 1 1 2
add node: MDDNode(4,u_28) MDDNode(4,u_29), remove node: MDDNode(4,u_13)
The bucket size: [25]
the graph width list : [1, 4, 4, 4, 4, 1]
iter= 1 dev 0.2754   test 0.2520   intelligible 0.3235   english 0.2677   gold 0.4914   save acc: 0.3235 time: 2019-11-26T22:32 
iter= 2 dev 0.2858   test 0.2988   intelligible 0.3879   english 0.3198   gold 0.6524   save acc: 0.3879 time: 2019-11-26T22:33 
iter= 3 dev 0.3116   test 0.2939   intelligible 0.3795   english 0.3147   gold 0.6250   
iter= 4 dev 0.3173   test 0.3003   intelligible 0.3913   english 0.3212   gold 0.6507   save acc: 0.3913 time: 2019-11-26T22:35 
iter= 5 dev 0.3187   test 0.3156   intelligible 0.4076   english 0.3358   gold 0.7123   save acc: 0.4076 time: 2019-11-26T22:36 
iter= 6 dev 0.3249   test 0.3117   intelligible 0.4053   english 0.3322   gold 0.6610   
iter= 7 dev 0.3232   test 0.3127   intelligible 0.4038   english 0.3325   gold 0.6558   
iter= 8 dev 0.3303   test 0.3094   intelligible 0.4019   english 0.3308   gold 0.6644   
iter= 9 dev 0.3275   test 0.3094   intelligible 0.3996   english 0.3278   gold 0.6695   
iter= 10 dev 0.3289   test 0.3107   intelligible 0.4008   english 0.3299   gold 0.6575   
iter= 11 dev 0.3218   test 0.3112   intelligible 0.4045   english 0.3325   gold 0.6627   
iter= 12 dev 0.3280   test 0.3099   intelligible 0.4027   english 0.3311   gold 0.6558   
iter= 13 dev 0.3273   test 0.3133   intelligible 0.4080   english 0.3349   gold 0.6747   save acc: 0.4080 time: 2019-11-26T22:45 
iter= 14 dev 0.3268   test 0.3112   intelligible 0.4049   english 0.3322   gold 0.6592   
iter= 15 dev 0.3277   test 0.3117   intelligible 0.4053   english 0.3334   gold 0.6644   
iter= 16 dev 0.3277   test 0.3109   intelligible 0.4027   english 0.3308   gold 0.6644   
iter= 17 dev 0.3289   test 0.3112   intelligible 0.4053   english 0.3322   gold 0.6712   
iter= 18 dev 0.3282   test 0.3109   intelligible 0.4042   english 0.3316   gold 0.6695   
iter= 19 dev 0.3287   test 0.3104   intelligible 0.4034   english 0.3314   gold 0.6644   
iter= 20 dev 0.3263   test 0.3102   intelligible 0.4027   english 0.3305   gold 0.6644   
iter= 21 dev 0.3270   test 0.3102   intelligible 0.4023   english 0.3302   gold 0.6661   
