args Namespace(config='configs/config_l.json', dataset='dataset/IFTTT/msr_data.pkl', load_model=None, mode='train', output='model/ifttt/width-4/pid-7-', width='4')
configure: {'max_word_id': 4000, 'bidirectional': True, 'cell_type': 'lstm', 'decoder': 'attention', 'embedding_size': 50, 'keep_prob': 0.5, 'memory_size': 25, 'num_layers': 1, 'num_units': 50, 'use_embedding': True, 'epoches': 20, 'batch_size': 32, 'init': {'name': 'random_uniform_initializer', 'scale': 0.1}, 'lr_scheduler': {'decay_steps': 5000, 'init_lr': 0.01, 'staircase': True}, 'max_grad_norm': 1, 'optimizer': 'AdamOptimizer'}
# path 8580
save to model/ifttt/width-4/pid-7-IFTTT-w-4.json
load json
numArcLayers: 5
1 1 4
layer 1 incoming edges: 111
split the incoming edges: 111 61 50
the value pair of raw_data is: 492
split the outgoings edges: 443 237 226 463
add node: MDDNode(1,u_6) MDDNode(1,u_7), remove node: MDDNode(1,u_1)
2 1 4
layer 2 incoming edges: 463
split the incoming edges: 463 210 253
the value pair of raw_data is: 6265
split the outgoings edges: 88 88 88 176
add node: MDDNode(2,u_8) MDDNode(2,u_9), remove node: MDDNode(2,u_2)
3 1 4
layer 3 incoming edges: 176
split the incoming edges: 176 90 86
the value pair of raw_data is: 202
split the outgoings edges: 161 126 115 241
add node: MDDNode(3,u_10) MDDNode(3,u_11), remove node: MDDNode(3,u_3)
4 1 4
layer 4 incoming edges: 241
split the incoming edges: 241 128 113
the value pair of raw_data is: 161
split the outgoings edges: 1 1 1 2
add node: MDDNode(4,u_12) MDDNode(4,u_13), remove node: MDDNode(4,u_4)
1 2 4
layer 1 incoming edges: 61
split the incoming edges: 61 33 28
the value pair of raw_data is: 492
split the outgoings edges: 237 131 111 242
add node: MDDNode(1,u_14) MDDNode(1,u_15), remove node: MDDNode(1,u_6)
layer 1 incoming edges: 50
split the incoming edges: 50 26 24
the value pair of raw_data is: 492
split the outgoings edges: 226 113 119 232
add node: MDDNode(1,u_16) MDDNode(1,u_17), remove node: MDDNode(1,u_7)
2 2 4
layer 2 incoming edges: 212
split the incoming edges: 212 96 116
the value pair of raw_data is: 6265
split the outgoings edges: 88 86 86 172
add node: MDDNode(2,u_18) MDDNode(2,u_19), remove node: MDDNode(2,u_8)
layer 2 incoming edges: 262
split the incoming edges: 262 132 130
the value pair of raw_data is: 6265
split the outgoings edges: 88 86 87 173
add node: MDDNode(2,u_20) MDDNode(2,u_21), remove node: MDDNode(2,u_9)
3 2 4
layer 3 incoming edges: 173
split the incoming edges: 173 89 84
the value pair of raw_data is: 202
split the outgoings edges: 126 112 111 223
add node: MDDNode(3,u_22) MDDNode(3,u_23), remove node: MDDNode(3,u_10)
layer 3 incoming edges: 172
split the incoming edges: 172 77 95
the value pair of raw_data is: 202
split the outgoings edges: 115 93 107 200
add node: MDDNode(3,u_24) MDDNode(3,u_25), remove node: MDDNode(3,u_11)
4 2 4
layer 4 incoming edges: 225
split the incoming edges: 225 115 110
the value pair of raw_data is: 161
split the outgoings edges: 1 1 1 2
add node: MDDNode(4,u_26) MDDNode(4,u_27), remove node: MDDNode(4,u_12)
layer 4 incoming edges: 198
split the incoming edges: 198 112 86
the value pair of raw_data is: 161
split the outgoings edges: 1 1 1 2
add node: MDDNode(4,u_28) MDDNode(4,u_29), remove node: MDDNode(4,u_13)
The bucket size: [25]
the graph width list : [1, 4, 4, 4, 4, 1]
iter= 1 dev 0.2716   test 0.2613   intelligible 0.3352   english 0.2781   gold 0.5205   save acc: 0.3352 time: 2019-11-27T00:03 
iter= 2 dev 0.3026   test 0.2820   intelligible 0.3648   english 0.3010   gold 0.5856   save acc: 0.3648 time: 2019-11-27T00:04 
iter= 3 dev 0.3038   test 0.2949   intelligible 0.3814   english 0.3147   gold 0.6353   save acc: 0.3814 time: 2019-11-27T00:05 
iter= 4 dev 0.3126   test 0.3063   intelligible 0.3958   english 0.3260   gold 0.6558   save acc: 0.3958 time: 2019-11-27T00:06 
iter= 5 dev 0.3171   test 0.3151   intelligible 0.4117   english 0.3382   gold 0.7346   save acc: 0.4117 time: 2019-11-27T00:07 
iter= 6 dev 0.3239   test 0.3218   intelligible 0.4208   english 0.3447   gold 0.7363   save acc: 0.4208 time: 2019-11-27T00:08 
iter= 7 dev 0.3201   test 0.3148   intelligible 0.4098   english 0.3373   gold 0.6747   
iter= 8 dev 0.3185   test 0.3125   intelligible 0.4038   english 0.3343   gold 0.6712   
iter= 9 dev 0.3268   test 0.3290   intelligible 0.4299   english 0.3534   gold 0.7654   save acc: 0.4299 time: 2019-11-27T00:11 
iter= 10 dev 0.3201   test 0.3228   intelligible 0.4189   english 0.3441   gold 0.7380   
iter= 11 dev 0.3199   test 0.3195   intelligible 0.4144   english 0.3412   gold 0.7295   
iter= 12 dev 0.3204   test 0.3120   intelligible 0.4057   english 0.3340   gold 0.6781   
iter= 13 dev 0.3209   test 0.3114   intelligible 0.4008   english 0.3319   gold 0.6832   
iter= 14 dev 0.3187   test 0.3202   intelligible 0.4170   english 0.3435   gold 0.7432   
iter= 15 dev 0.3199   test 0.3148   intelligible 0.4102   english 0.3379   gold 0.6969   
iter= 16 dev 0.3213   test 0.3120   intelligible 0.4061   english 0.3346   gold 0.6918   
iter= 17 dev 0.3197   test 0.3140   intelligible 0.4087   english 0.3370   gold 0.6935   
iter= 18 dev 0.3213   test 0.3122   intelligible 0.4045   english 0.3337   gold 0.6764   
iter= 19 dev 0.3216   test 0.3200   intelligible 0.4178   english 0.3438   gold 0.7363   
iter= 20 dev 0.3201   test 0.3223   intelligible 0.4193   english 0.3450   gold 0.7397   
iter= 21 dev 0.3209   test 0.3213   intelligible 0.4178   english 0.3441   gold 0.7346   
