args Namespace(config='configs/config_l.json', dataset='dataset/IFTTT/msr_data.pkl', load_model=None, mode='train', output='model/ifttt/width-4/pid-1-', width='4')
configure: {'max_word_id': 4000, 'bidirectional': True, 'cell_type': 'lstm', 'decoder': 'attention', 'embedding_size': 50, 'keep_prob': 0.5, 'memory_size': 25, 'num_layers': 1, 'num_units': 50, 'use_embedding': True, 'epoches': 20, 'batch_size': 32, 'init': {'name': 'random_uniform_initializer', 'scale': 0.1}, 'lr_scheduler': {'decay_steps': 5000, 'init_lr': 0.01, 'staircase': True}, 'max_grad_norm': 1, 'optimizer': 'AdamOptimizer'}
# path 8580
save to model/ifttt/width-4/pid-1-IFTTT-w-4.json
load json
numArcLayers: 5
1 1 4
layer 1 incoming edges: 111
split the incoming edges: 111 61 50
the value pair of raw_data is: 492
split the outgoings edges: 443 224 235 459
add node: MDDNode(1,u_6) MDDNode(1,u_7), remove node: MDDNode(1,u_1)
2 1 4
layer 2 incoming edges: 459
split the incoming edges: 459 226 233
the value pair of raw_data is: 6265
split the outgoings edges: 88 87 88 175
add node: MDDNode(2,u_8) MDDNode(2,u_9), remove node: MDDNode(2,u_2)
3 1 4
layer 3 incoming edges: 175
split the incoming edges: 175 73 102
the value pair of raw_data is: 202
split the outgoings edges: 161 115 129 244
add node: MDDNode(3,u_10) MDDNode(3,u_11), remove node: MDDNode(3,u_3)
4 1 4
layer 4 incoming edges: 244
split the incoming edges: 244 114 130
the value pair of raw_data is: 161
split the outgoings edges: 1 1 1 2
add node: MDDNode(4,u_12) MDDNode(4,u_13), remove node: MDDNode(4,u_4)
1 2 4
layer 1 incoming edges: 61
split the incoming edges: 61 26 35
the value pair of raw_data is: 492
split the outgoings edges: 224 93 141 234
add node: MDDNode(1,u_14) MDDNode(1,u_15), remove node: MDDNode(1,u_6)
layer 1 incoming edges: 50
split the incoming edges: 50 26 24
the value pair of raw_data is: 492
split the outgoings edges: 235 115 126 241
add node: MDDNode(1,u_16) MDDNode(1,u_17), remove node: MDDNode(1,u_7)
2 2 4
layer 2 incoming edges: 234
split the incoming edges: 234 101 133
the value pair of raw_data is: 6265
split the outgoings edges: 87 82 87 169
add node: MDDNode(2,u_18) MDDNode(2,u_19), remove node: MDDNode(2,u_8)
layer 2 incoming edges: 241
split the incoming edges: 241 130 111
the value pair of raw_data is: 6265
split the outgoings edges: 88 88 81 169
add node: MDDNode(2,u_20) MDDNode(2,u_21), remove node: MDDNode(2,u_9)
3 2 4
layer 3 incoming edges: 141
split the incoming edges: 141 73 68
the value pair of raw_data is: 202
split the outgoings edges: 115 90 97 187
add node: MDDNode(3,u_22) MDDNode(3,u_23), remove node: MDDNode(3,u_10)
layer 3 incoming edges: 197
split the incoming edges: 197 95 102
the value pair of raw_data is: 202
split the outgoings edges: 129 105 113 218
add node: MDDNode(3,u_24) MDDNode(3,u_25), remove node: MDDNode(3,u_11)
4 2 4
layer 4 incoming edges: 187
split the incoming edges: 187 93 94
the value pair of raw_data is: 161
split the outgoings edges: 1 1 1 2
add node: MDDNode(4,u_26) MDDNode(4,u_27), remove node: MDDNode(4,u_12)
layer 4 incoming edges: 218
split the incoming edges: 218 111 107
the value pair of raw_data is: 161
split the outgoings edges: 1 1 1 2
add node: MDDNode(4,u_28) MDDNode(4,u_29), remove node: MDDNode(4,u_13)
The bucket size: [25]
the graph width list : [1, 4, 4, 4, 4, 1]
iter= 1 dev 0.2460   test 0.2468   intelligible 0.3125   english 0.2600   gold 0.5068   save acc: 0.3125 time: 2019-11-26T21:47 
iter= 2 dev 0.2756   test 0.2802   intelligible 0.3606   english 0.2965   gold 0.6438   save acc: 0.3606 time: 2019-11-26T21:48 
iter= 3 dev 0.2948   test 0.2732   intelligible 0.3519   english 0.2912   gold 0.6182   
iter= 4 dev 0.2924   test 0.2768   intelligible 0.3564   english 0.2942   gold 0.6233   
iter= 5 dev 0.3017   test 0.3078   intelligible 0.3936   english 0.3245   gold 0.7175   save acc: 0.3936 time: 2019-11-26T21:52 
iter= 6 dev 0.3071   test 0.3040   intelligible 0.3936   english 0.3224   gold 0.7003   
iter= 7 dev 0.3050   test 0.3047   intelligible 0.3936   english 0.3227   gold 0.7106   
iter= 8 dev 0.3064   test 0.3102   intelligible 0.3970   english 0.3254   gold 0.7072   save acc: 0.3970 time: 2019-11-26T21:55 
iter= 9 dev 0.3100   test 0.3107   intelligible 0.4004   english 0.3296   gold 0.7260   save acc: 0.4004 time: 2019-11-26T21:56 
iter= 10 dev 0.3069   test 0.3060   intelligible 0.3955   english 0.3248   gold 0.7158   
iter= 11 dev 0.3090   test 0.3063   intelligible 0.3947   english 0.3236   gold 0.7175   
iter= 12 dev 0.3078   test 0.3055   intelligible 0.3913   english 0.3233   gold 0.7209   
iter= 13 dev 0.3092   test 0.3065   intelligible 0.3958   english 0.3251   gold 0.7209   
iter= 14 dev 0.3085   test 0.3071   intelligible 0.3958   english 0.3245   gold 0.7175   
iter= 15 dev 0.3062   test 0.3081   intelligible 0.3951   english 0.3251   gold 0.7140   
iter= 16 dev 0.3069   test 0.3073   intelligible 0.3970   english 0.3248   gold 0.7209   
iter= 17 dev 0.3055   test 0.3058   intelligible 0.3932   english 0.3227   gold 0.7123   
iter= 18 dev 0.3083   test 0.3068   intelligible 0.3936   english 0.3233   gold 0.7175   
iter= 19 dev 0.3088   test 0.3089   intelligible 0.3973   english 0.3260   gold 0.7226   
iter= 20 dev 0.3085   test 0.3076   intelligible 0.3955   english 0.3248   gold 0.7209   
iter= 21 dev 0.3085   test 0.3086   intelligible 0.3981   english 0.3263   gold 0.7226   
