args Namespace(config='configs/config_l.json', dataset='dataset/IFTTT/msr_data.pkl', load_model=None, mode='train', output='model/ifttt/width-4/', width='4')
configure: {'max_word_id': 3782, 'bidirectional': True, 'cell_type': 'lstm', 'decoder': 'attention', 'embedding_size': 100, 'keep_prob': 0.75, 'memory_size': 100, 'num_units': 100, 'use_embedding': True, 'epoches': 12, 'batch_size': 20, 'init': {'name': 'random_uniform_initializer', 'scale': 0.1}, 'lr_scheduler': {'decay_steps': 5000, 'init_lr': 0.02, 'decay_rate': 0.9, 'staircase': True}, 'max_grad_norm': 1, 'optimizer': 'AdamOptimizer'}
# path 8549
model/ifttt/width-4/dataset-w-4.pkl
load raw and dump to file
numArcLayers: 5
layer:1, node:MDDNode(1,u_1), in=111, out=443
choose: News & information
split in: 111 -> (98,13)
split out: 443 -> (386,60,446)
add: MDDNode(1,u-6) MDDNode(1,u-7), del:MDDNode(1,u_1)
2 (13,60) (98,386) 
layer:1, node:MDDNode(1,u-7), in=98, out=386
choose: Photo & video
split in: 98 -> (89,9)
split out: 386 -> (351,35,386)
add: MDDNode(1,u-8) MDDNode(1,u-9), del:MDDNode(1,u-7)
3 (13,60) (9,35) (89,351) 
layer:1, node:MDDNode(1,u-9), in=89, out=351
choose: Others
split in: 89 -> (82,7)
split out: 351 -> (335,21,356)
add: MDDNode(1,u-10) MDDNode(1,u-11), del:MDDNode(1,u-9)
4 (13,60) (9,35) (7,21) (82,335) 
layer:3, node:MDDNode(3,u_3), in=88, out=161
choose: Notifications
split in: 88 -> (81,7)
split out: 161 -> (154,9,163)
add: MDDNode(3,u-12) MDDNode(3,u-13), del:MDDNode(3,u_3)
2 (7,9) (81,154) 
layer:3, node:MDDNode(3,u-13), in=81, out=154
choose: Others
split in: 81 -> (75,6)
split out: 154 -> (144,12,156)
add: MDDNode(3,u-14) MDDNode(3,u-15), del:MDDNode(3,u-13)
3 (7,9) (6,12) (75,144) 
layer:3, node:MDDNode(3,u-15), in=75, out=144
choose: Bookmarking
split in: 75 -> (69,6)
split out: 144 -> (138,7,145)
add: MDDNode(3,u-16) MDDNode(3,u-17), del:MDDNode(3,u-15)
4 (7,9) (6,12) (6,7) (69,138) 
=profile=
in=0 out=111
in=13 out=60
in=9 out=35
in=7 out=21
in=82 out=335
in=451 out=88
in=7 out=9
in=6 out=12
in=6 out=7
in=69 out=138
in=166 out=1
in=1 out=0
dump to the pickle
the graph width list : [1, 4, 1, 4, 1, 1]
it 1 dev 26.16   dev_h 44.42   dev_v 87.97   new_test 37.12   new_test_h 32.70   new_test_v 89.12   save: 37.12 T: 2020-01-13T00:45 
it 2 dev 29.97   dev_h 41.35   dev_v 90.36   new_test 38.74   new_test_h 31.26   new_test_v 90.66   save: 38.74 T: 2020-01-13T00:47 
it 3 dev 30.14   dev_h 41.77   dev_v 88.55   new_test 40.76   new_test_h 30.63   new_test_v 91.10   save: 40.76 T: 2020-01-13T00:49 
it 4 dev 29.80   dev_h 41.53   dev_v 88.93   new_test 41.33   new_test_h 30.07   new_test_v 90.54   
it 5 dev 30.04   dev_h 41.44   dev_v 88.43   new_test 39.47   new_test_h 30.65   new_test_v 88.27   
it 6 dev 30.01   dev_h 41.59   dev_v 88.55   new_test 41.53   new_test_h 30.14   new_test_v 90.86   
it 7 dev 30.47   dev_h 41.33   dev_v 88.69   new_test 42.58   new_test_h 29.43   new_test_v 90.94   save: 42.58 T: 2020-01-13T00:56 
it 8 dev 30.35   dev_h 41.54   dev_v 88.60   new_test 42.54   new_test_h 29.72   new_test_v 90.50   
it 9 dev 30.11   dev_h 41.56   dev_v 88.36   new_test 42.14   new_test_h 29.82   new_test_v 90.42   
it 10 dev 29.97   dev_h 41.67   dev_v 88.02   new_test 42.66   new_test_h 29.63   new_test_v 90.42   
it 11 dev 29.82   dev_h 41.65   dev_v 88.21   new_test 42.05   new_test_h 29.99   new_test_v 90.30   
it 12 dev 30.23   dev_h 41.60   dev_v 88.60   new_test 42.58   new_test_h 29.71   new_test_v 90.54   
it 13 dev 29.87   dev_h 41.80   dev_v 88.07   new_test 42.70   new_test_h 29.66   new_test_v 90.38   
