args Namespace(config='configs/config_l.json', dataset='dataset/IFTTT/msr_data.pkl', load_model=None, mode='train', output='model/ifttt/width-4/', width='4')
configure: {'max_word_id': 4000, 'bidirectional': True, 'cell_type': 'gru', 'decoder': 'attention', 'embedding_size': 160, 'keep_prob': 0.45, 'memory_size': 25, 'num_units': 160, 'use_embedding': True, 'epoches': 15, 'batch_size': 32, 'init': {'name': 'random_uniform_initializer', 'scale': 0.1}, 'lr_scheduler': {'decay_steps': 5000, 'init_lr': 0.002, 'decay_rate': 0.9, 'staircase': True}, 'max_grad_norm': 1, 'optimizer': 'AdamOptimizer'}
# path 8549
model/ifttt/width-4/dataset-w-4.pkl
load raw and dump to file
numArcLayers: 5
1 1 4
layer 1 incoming edges: 111
choose: News & information
split the incoming edges: 111 13 98
the value pair of raw_data is: 492
split the outgoings edges: 443 60 386 446
add node: MDDNode(1,u_6) MDDNode(1,u_7), remove node: MDDNode(1,u_1)
1 2 4
layer 1 incoming edges: 98
choose: Photo & video
split the incoming edges: 98 9 89
the value pair of raw_data is: 492
split the outgoings edges: 386 35 351 386
add node: MDDNode(1,u_8) MDDNode(1,u_9), remove node: MDDNode(1,u_7)
1 3 4
layer 1 incoming edges: 89
choose: Social networks
split the incoming edges: 89 7 82
the value pair of raw_data is: 492
split the outgoings edges: 351 55 296 351
add node: MDDNode(1,u_10) MDDNode(1,u_11), remove node: MDDNode(1,u_9)
dump to the pickle
the graph width list : [1, 4, 1, 1, 1, 1]
it 1 train 0.3317   train_h 0.1671   train_v 0.9010   dev 0.2823   dev_h 0.1794   dev_v 0.8908   new_test 0.3506   new_test_h 0.1624   new_test_v 0.9228   save acc: 0.3506 T: 2020-01-10T02:58 
it 2 train 0.4186   train_h 0.1453   train_v 0.9183   dev 0.3305   dev_h 0.1674   dev_v 0.9098   new_test 0.4226   new_test_h 0.1444   new_test_v 0.9228   save acc: 0.4226 T: 2020-01-10T03:01 
it 3 train 0.4681   train_h 0.1330   train_v 0.9207   dev 0.3414   dev_h 0.1647   dev_v 0.9103   new_test 0.4541   new_test_h 0.1365   new_test_v 0.9224   save acc: 0.4541 T: 2020-01-10T03:04 
it 4 train 0.5080   train_h 0.1230   train_v 0.9276   dev 0.3459   dev_h 0.1635   dev_v 0.9031   new_test 0.4642   new_test_h 0.1339   new_test_v 0.9191   save acc: 0.4642 T: 2020-01-10T03:08 
it 5 train 0.5359   train_h 0.1160   train_v 0.9320   dev 0.3481   dev_h 0.1630   dev_v 0.9009   new_test 0.4755   new_test_h 0.1311   new_test_v 0.9393   save acc: 0.4755 T: 2020-01-10T03:11 
it 6 train 0.5590   train_h 0.1103   train_v 0.9337   dev 0.3435   dev_h 0.1641   dev_v 0.9016   new_test 0.4723   new_test_h 0.1319   new_test_v 0.9341   
it 7 train 0.5773   train_h 0.1057   train_v 0.9406   dev 0.3496   dev_h 0.1626   dev_v 0.9031   new_test 0.4707   new_test_h 0.1323   new_test_v 0.9309   save acc: 0.4707 T: 2020-01-10T03:17 
it 8 train 0.5932   train_h 0.1017   train_v 0.9426   dev 0.3443   dev_h 0.1639   dev_v 0.8978   new_test 0.4780   new_test_h 0.1305   new_test_v 0.9357   
it 9 train 0.6062   train_h 0.0985   train_v 0.9431   dev 0.3481   dev_h 0.1630   dev_v 0.9031   new_test 0.4759   new_test_h 0.1310   new_test_v 0.9329   
it 10 train 0.6147   train_h 0.0963   train_v 0.9449   dev 0.3486   dev_h 0.1628   dev_v 0.9041   new_test 0.4780   new_test_h 0.1305   new_test_v 0.9353   
it 11 train 0.6226   train_h 0.0943   train_v 0.9453   dev 0.3459   dev_h 0.1635   dev_v 0.9038   new_test 0.4759   new_test_h 0.1310   new_test_v 0.9337   
it 12 train 0.6288   train_h 0.0928   train_v 0.9459   dev 0.3440   dev_h 0.1640   dev_v 0.9014   new_test 0.4731   new_test_h 0.1317   new_test_v 0.9317   
it 13 train 0.6334   train_h 0.0916   train_v 0.9479   dev 0.3428   dev_h 0.1643   dev_v 0.9004   new_test 0.4723   new_test_h 0.1319   new_test_v 0.9349   
it 14 train 0.6371   train_h 0.0907   train_v 0.9475   dev 0.3455   dev_h 0.1636   dev_v 0.9009   new_test 0.4723   new_test_h 0.1319   new_test_v 0.9337   
it 15 train 0.6404   train_h 0.0899   train_v 0.9496   dev 0.3426   dev_h 0.1644   dev_v 0.9016   new_test 0.4703   new_test_h 0.1324   new_test_v 0.9284   
it 16 train 0.6433   train_h 0.0892   train_v 0.9487   dev 0.3423   dev_h 0.1644   dev_v 0.9041   new_test 0.4715   new_test_h 0.1321   new_test_v 0.9317   
