args Namespace(config='configs/config_l.json', dataset='dataset/IFTTT/msr_data.pkl', load_model=None, mode='train', output='model/ifttt/width-65/', width='65')
configure: {'max_word_id': 3782, 'bidirectional': True, 'cell_type': 'lstm', 'decoder': 'attention', 'embedding_size': 100, 'keep_prob': 0.75, 'memory_size': 100, 'num_units': 100, 'use_embedding': True, 'epoches': 12, 'batch_size': 20, 'init': {'name': 'random_uniform_initializer', 'scale': 0.1}, 'lr_scheduler': {'decay_steps': 5000, 'init_lr': 0.02, 'decay_rate': 0.9, 'staircase': True}, 'max_grad_norm': 1, 'optimizer': 'AdamOptimizer'}
# path 8549
model/ifttt/width-65/dataset-w-65.pkl
load raw and dump to file
numArcLayers: 5
layer:1, node:MDDNode(1,u_1), in=111, out=443
choose: News & information
split in: 111 -> (98,13)
split out: 443 -> (386,60,446)
add: MDDNode(1,u-6) MDDNode(1,u-7), del:MDDNode(1,u_1)
2 (13,60) (98,386) 
layer:1, node:MDDNode(1,u-7), in=98, out=386
choose: Photo & video
split in: 98 -> (89,9)
split out: 386 -> (351,35,386)
add: MDDNode(1,u-8) MDDNode(1,u-9), del:MDDNode(1,u-7)
3 (13,60) (9,35) (89,351) 
layer:1, node:MDDNode(1,u-9), in=89, out=351
choose: Others
split in: 89 -> (82,7)
split out: 351 -> (335,21,356)
add: MDDNode(1,u-10) MDDNode(1,u-11), del:MDDNode(1,u-9)
4 (13,60) (9,35) (7,21) (82,335) 
layer:1, node:MDDNode(1,u-11), in=82, out=335
choose: Social networks
split in: 82 -> (75,7)
split out: 335 -> (280,55,335)
add: MDDNode(1,u-12) MDDNode(1,u-13), del:MDDNode(1,u-11)
5 (13,60) (9,35) (7,21) (7,55) (75,280) 
layer:1, node:MDDNode(1,u-13), in=75, out=280
choose: Shopping
split in: 75 -> (69,6)
split out: 280 -> (257,23,280)
add: MDDNode(1,u-14) MDDNode(1,u-15), del:MDDNode(1,u-13)
6 (13,60) (9,35) (7,21) (7,55) (6,23) (69,257) 
layer:1, node:MDDNode(1,u-15), in=69, out=257
choose: Bookmarking
split in: 69 -> (63,6)
split out: 257 -> (245,12,257)
add: MDDNode(1,u-16) MDDNode(1,u-17), del:MDDNode(1,u-15)
7 (13,60) (9,35) (7,21) (7,55) (6,23) (6,12) (63,245) 
layer:1, node:MDDNode(1,u-17), in=63, out=245
choose: Security & monitoring systems
split in: 63 -> (58,5)
split out: 245 -> (228,18,246)
add: MDDNode(1,u-18) MDDNode(1,u-19), del:MDDNode(1,u-17)
8 (13,60) (9,35) (7,21) (7,55) (6,23) (6,12) (5,18) (58,228) 
layer:1, node:MDDNode(1,u-19), in=58, out=228
choose: Finance & payments
split in: 58 -> (54,4)
split out: 228 -> (211,17,228)
add: MDDNode(1,u-20) MDDNode(1,u-21), del:MDDNode(1,u-19)
9 (13,60) (9,35) (7,21) (7,55) (6,23) (6,12) (5,18) (4,17) (54,211) 
layer:1, node:MDDNode(1,u-21), in=54, out=211
choose: Mobile devices & accessories
split in: 54 -> (50,4)
split out: 211 -> (199,12,211)
add: MDDNode(1,u-22) MDDNode(1,u-23), del:MDDNode(1,u-21)
10 (13,60) (9,35) (7,21) (7,55) (6,23) (6,12) (5,18) (4,17) (4,12) (50,199) 
layer:1, node:MDDNode(1,u-23), in=50, out=199
choose: Health & fitness
split in: 50 -> (46,4)
split out: 199 -> (174,26,200)
add: MDDNode(1,u-24) MDDNode(1,u-25), del:MDDNode(1,u-23)
11 (13,60) (9,35) (7,21) (7,55) (6,23) (6,12) (5,18) (4,17) (4,12) (4,26) (46,174) 
layer:1, node:MDDNode(1,u-25), in=46, out=174
choose: Weather
split in: 46 -> (43,3)
split out: 174 -> (148,30,178)
add: MDDNode(1,u-26) MDDNode(1,u-27), del:MDDNode(1,u-25)
12 (13,60) (9,35) (7,21) (7,55) (6,23) (6,12) (5,18) (4,17) (4,12) (4,26) (3,30) (43,148) 
layer:1, node:MDDNode(1,u-27), in=43, out=148
choose: Environment control & monitoring
split in: 43 -> (40,3)
split out: 148 -> (141,9,150)
add: MDDNode(1,u-28) MDDNode(1,u-29), del:MDDNode(1,u-27)
13 (13,60) (9,35) (7,21) (7,55) (6,23) (6,12) (5,18) (4,17) (4,12) (4,26) (3,30) (3,9) (40,141) 
layer:1, node:MDDNode(1,u-29), in=40, out=141
choose: Power monitoring & management
split in: 40 -> (37,3)
split out: 141 -> (132,11,143)
add: MDDNode(1,u-30) MDDNode(1,u-31), del:MDDNode(1,u-29)
14 (13,60) (9,35) (7,21) (7,55) (6,23) (6,12) (5,18) (4,17) (4,12) (4,26) (3,30) (3,9) (3,11) (37,132) 
layer:1, node:MDDNode(1,u-31), in=37, out=132
choose: Communication
split in: 37 -> (34,3)
split out: 132 -> (119,13,132)
add: MDDNode(1,u-32) MDDNode(1,u-33), del:MDDNode(1,u-31)
15 (13,60) (9,35) (7,21) (7,55) (6,23) (6,12) (5,18) (4,17) (4,12) (4,26) (3,30) (3,9) (3,11) (3,13) (34,119) 
layer:1, node:MDDNode(1,u-33), in=34, out=119
choose: Blogging
split in: 34 -> (31,3)
split out: 119 -> (106,13,119)
add: MDDNode(1,u-34) MDDNode(1,u-35), del:MDDNode(1,u-33)
16 (13,60) (9,35) (7,21) (7,55) (6,23) (6,12) (5,18) (4,17) (4,12) (4,26) (3,30) (3,9) (3,11) (3,13) (3,13) (31,106) 
layer:1, node:MDDNode(1,u-35), in=31, out=106
choose: Gardening
split in: 31 -> (28,3)
split out: 106 -> (97,9,106)
add: MDDNode(1,u-36) MDDNode(1,u-37), del:MDDNode(1,u-35)
17 (13,60) (9,35) (7,21) (7,55) (6,23) (6,12) (5,18) (4,17) (4,12) (4,26) (3,30) (3,9) (3,11) (3,13) (3,13) (3,9) (28,97) 
layer:1, node:MDDNode(1,u-37), in=28, out=97
choose: Smart hubs & systems
split in: 28 -> (25,3)
split out: 97 -> (79,20,99)
add: MDDNode(1,u-38) MDDNode(1,u-39), del:MDDNode(1,u-37)
18 (13,60) (9,35) (7,21) (7,55) (6,23) (6,12) (5,18) (4,17) (4,12) (4,26) (3,30) (3,9) (3,11) (3,13) (3,13) (3,9) (3,20) (25,79) 
layer:1, node:MDDNode(1,u-39), in=25, out=79
choose: Email
split in: 25 -> (22,3)
split out: 79 -> (69,10,79)
add: MDDNode(1,u-40) MDDNode(1,u-41), del:MDDNode(1,u-39)
19 (13,60) (9,35) (7,21) (7,55) (6,23) (6,12) (5,18) (4,17) (4,12) (4,26) (3,30) (3,9) (3,11) (3,13) (3,13) (3,9) (3,20) (3,10) (22,69) 
layer:1, node:MDDNode(1,u-41), in=22, out=69
choose: Connected car
split in: 22 -> (20,2)
split out: 69 -> (59,10,69)
add: MDDNode(1,u-42) MDDNode(1,u-43), del:MDDNode(1,u-41)
20 (13,60) (9,35) (7,21) (7,55) (6,23) (6,12) (5,18) (4,17) (4,12) (4,26) (3,30) (3,9) (3,11) (3,13) (3,13) (3,9) (3,20) (3,10) (2,10) (20,59) 
layer:1, node:MDDNode(1,u-43), in=20, out=59
choose: Contacts
split in: 20 -> (18,2)
split out: 59 -> (56,3,59)
add: MDDNode(1,u-44) MDDNode(1,u-45), del:MDDNode(1,u-43)
21 (13,60) (9,35) (7,21) (7,55) (6,23) (6,12) (5,18) (4,17) (4,12) (4,26) (3,30) (3,9) (3,11) (3,13) (3,13) (3,9) (3,20) (3,10) (2,10) (2,3) (18,56) 
layer:1, node:MDDNode(1,u-45), in=18, out=56
choose: DIY electronics
split in: 18 -> (16,2)
split out: 56 -> (54,2,56)
add: MDDNode(1,u-46) MDDNode(1,u-47), del:MDDNode(1,u-45)
22 (13,60) (9,35) (7,21) (7,55) (6,23) (6,12) (5,18) (4,17) (4,12) (4,26) (3,30) (3,9) (3,11) (3,13) (3,13) (3,9) (3,20) (3,10) (2,10) (2,3) (2,2) (16,54) 
layer:1, node:MDDNode(1,u-47), in=16, out=54
choose: Task management & to-dos
split in: 16 -> (14,2)
split out: 54 -> (43,11,54)
add: MDDNode(1,u-48) MDDNode(1,u-49), del:MDDNode(1,u-47)
23 (13,60) (9,35) (7,21) (7,55) (6,23) (6,12) (5,18) (4,17) (4,12) (4,26) (3,30) (3,9) (3,11) (3,13) (3,13) (3,9) (3,20) (3,10) (2,10) (2,3) (2,2) (2,11) (14,43) 
layer:1, node:MDDNode(1,u-49), in=14, out=43
choose: Calendars & scheduling
split in: 14 -> (12,2)
split out: 43 -> (35,8,43)
add: MDDNode(1,u-50) MDDNode(1,u-51), del:MDDNode(1,u-49)
24 (13,60) (9,35) (7,21) (7,55) (6,23) (6,12) (5,18) (4,17) (4,12) (4,26) (3,30) (3,9) (3,11) (3,13) (3,13) (3,9) (3,20) (3,10) (2,10) (2,3) (2,2) (2,11) (2,8) (12,35) 
layer:1, node:MDDNode(1,u-6), in=13, out=60
split in: 13 -> (12,1)
split out: 60 -> (54,6,60)
add: MDDNode(1,u-52) MDDNode(1,u-53), del:MDDNode(1,u-6)
25 (9,35) (7,21) (7,55) (6,23) (6,12) (5,18) (4,17) (4,12) (4,26) (3,30) (3,9) (3,11) (3,13) (3,13) (3,9) (3,20) (3,10) (2,10) (2,3) (2,2) (2,11) (2,8) (12,35) (1,6) (12,54) 
layer:1, node:MDDNode(1,u-51), in=12, out=35
choose: Notifications
split in: 12 -> (10,2)
split out: 35 -> (32,3,35)
add: MDDNode(1,u-54) MDDNode(1,u-55), del:MDDNode(1,u-51)
26 (9,35) (7,21) (7,55) (6,23) (6,12) (5,18) (4,17) (4,12) (4,26) (3,30) (3,9) (3,11) (3,13) (3,13) (3,9) (3,20) (3,10) (2,10) (2,3) (2,2) (2,11) (2,8) (1,6) (12,54) (2,3) (10,32) 
layer:1, node:MDDNode(1,u-53), in=12, out=54
split in: 12 -> (11,1)
split out: 54 -> (46,8,54)
add: MDDNode(1,u-56) MDDNode(1,u-57), del:MDDNode(1,u-53)
27 (9,35) (7,21) (7,55) (6,23) (6,12) (5,18) (4,17) (4,12) (4,26) (3,30) (3,9) (3,11) (3,13) (3,13) (3,9) (3,20) (3,10) (2,10) (2,3) (2,2) (2,11) (2,8) (1,6) (2,3) (10,32) (1,8) (11,46) 
layer:1, node:MDDNode(1,u-57), in=11, out=46
split in: 11 -> (10,1)
split out: 46 -> (44,2,46)
add: MDDNode(1,u-58) MDDNode(1,u-59), del:MDDNode(1,u-57)
28 (9,35) (7,21) (7,55) (6,23) (6,12) (5,18) (4,17) (4,12) (4,26) (3,30) (3,9) (3,11) (3,13) (3,13) (3,9) (3,20) (3,10) (2,10) (2,3) (2,2) (2,11) (2,8) (1,6) (2,3) (10,32) (1,8) (1,2) (10,44) 
layer:1, node:MDDNode(1,u-55), in=10, out=32
choose: Appliances
split in: 10 -> (8,2)
split out: 32 -> (30,2,32)
add: MDDNode(1,u-60) MDDNode(1,u-61), del:MDDNode(1,u-55)
29 (9,35) (7,21) (7,55) (6,23) (6,12) (5,18) (4,17) (4,12) (4,26) (3,30) (3,9) (3,11) (3,13) (3,13) (3,9) (3,20) (3,10) (2,10) (2,3) (2,2) (2,11) (2,8) (1,6) (2,3) (1,8) (1,2) (10,44) (2,2) (8,30) 
layer:1, node:MDDNode(1,u-59), in=10, out=44
split in: 10 -> (9,1)
split out: 44 -> (36,8,44)
add: MDDNode(1,u-62) MDDNode(1,u-63), del:MDDNode(1,u-59)
30 (9,35) (7,21) (7,55) (6,23) (6,12) (5,18) (4,17) (4,12) (4,26) (3,30) (3,9) (3,11) (3,13) (3,13) (3,9) (3,20) (3,10) (2,10) (2,3) (2,2) (2,11) (2,8) (1,6) (2,3) (1,8) (1,2) (2,2) (8,30) (1,8) (9,36) 
layer:1, node:MDDNode(1,u-8), in=9, out=35
split in: 9 -> (8,1)
split out: 35 -> (30,5,35)
add: MDDNode(1,u-64) MDDNode(1,u-65), del:MDDNode(1,u-8)
31 (7,21) (7,55) (6,23) (6,12) (5,18) (4,17) (4,12) (4,26) (3,30) (3,9) (3,11) (3,13) (3,13) (3,9) (3,20) (3,10) (2,10) (2,3) (2,2) (2,11) (2,8) (1,6) (2,3) (1,8) (1,2) (2,2) (8,30) (1,8) (9,36) (1,5) (8,30) 
layer:1, node:MDDNode(1,u-63), in=9, out=36
split in: 9 -> (8,1)
split out: 36 -> (36,2,38)
add: MDDNode(1,u-66) MDDNode(1,u-67), del:MDDNode(1,u-63)
32 (7,21) (7,55) (6,23) (6,12) (5,18) (4,17) (4,12) (4,26) (3,30) (3,9) (3,11) (3,13) (3,13) (3,9) (3,20) (3,10) (2,10) (2,3) (2,2) (2,11) (2,8) (1,6) (2,3) (1,8) (1,2) (2,2) (8,30) (1,8) (1,5) (8,30) (1,2) (8,36) 
layer:1, node:MDDNode(1,u-61), in=8, out=30
choose: Music
split in: 8 -> (7,1)
split out: 30 -> (26,4,30)
add: MDDNode(1,u-68) MDDNode(1,u-69), del:MDDNode(1,u-61)
33 (7,21) (7,55) (6,23) (6,12) (5,18) (4,17) (4,12) (4,26) (3,30) (3,9) (3,11) (3,13) (3,13) (3,9) (3,20) (3,10) (2,10) (2,3) (2,2) (2,11) (2,8) (1,6) (2,3) (1,8) (1,2) (2,2) (1,8) (1,5) (8,30) (1,2) (8,36) (1,4) (7,26) 
layer:1, node:MDDNode(1,u-65), in=8, out=30
split in: 8 -> (7,1)
split out: 30 -> (27,3,30)
add: MDDNode(1,u-70) MDDNode(1,u-71), del:MDDNode(1,u-65)
34 (7,21) (7,55) (6,23) (6,12) (5,18) (4,17) (4,12) (4,26) (3,30) (3,9) (3,11) (3,13) (3,13) (3,9) (3,20) (3,10) (2,10) (2,3) (2,2) (2,11) (2,8) (1,6) (2,3) (1,8) (1,2) (2,2) (1,8) (1,5) (1,2) (8,36) (1,4) (7,26) (1,3) (7,27) 
layer:1, node:MDDNode(1,u-67), in=8, out=36
split in: 8 -> (7,1)
split out: 36 -> (25,11,36)
add: MDDNode(1,u-72) MDDNode(1,u-73), del:MDDNode(1,u-67)
35 (7,21) (7,55) (6,23) (6,12) (5,18) (4,17) (4,12) (4,26) (3,30) (3,9) (3,11) (3,13) (3,13) (3,9) (3,20) (3,10) (2,10) (2,3) (2,2) (2,11) (2,8) (1,6) (2,3) (1,8) (1,2) (2,2) (1,8) (1,5) (1,2) (1,4) (7,26) (1,3) (7,27) (1,11) (7,25) 
layer:1, node:MDDNode(1,u-10), in=7, out=21
split in: 7 -> (6,1)
split out: 21 -> (8,13,21)
add: MDDNode(1,u-74) MDDNode(1,u-75), del:MDDNode(1,u-10)
36 (7,55) (6,23) (6,12) (5,18) (4,17) (4,12) (4,26) (3,30) (3,9) (3,11) (3,13) (3,13) (3,9) (3,20) (3,10) (2,10) (2,3) (2,2) (2,11) (2,8) (1,6) (2,3) (1,8) (1,2) (2,2) (1,8) (1,5) (1,2) (1,4) (7,26) (1,3) (7,27) (1,11) (7,25) (1,13) (6,8) 
layer:1, node:MDDNode(1,u-12), in=7, out=55
split in: 7 -> (6,1)
split out: 55 -> (49,6,55)
add: MDDNode(1,u-76) MDDNode(1,u-77), del:MDDNode(1,u-12)
37 (6,23) (6,12) (5,18) (4,17) (4,12) (4,26) (3,30) (3,9) (3,11) (3,13) (3,13) (3,9) (3,20) (3,10) (2,10) (2,3) (2,2) (2,11) (2,8) (1,6) (2,3) (1,8) (1,2) (2,2) (1,8) (1,5) (1,2) (1,4) (7,26) (1,3) (7,27) (1,11) (7,25) (1,13) (6,8) (1,6) (6,49) 
layer:1, node:MDDNode(1,u-69), in=7, out=26
choose: Developer tools
split in: 7 -> (6,1)
split out: 26 -> (21,5,26)
add: MDDNode(1,u-78) MDDNode(1,u-79), del:MDDNode(1,u-69)
38 (6,23) (6,12) (5,18) (4,17) (4,12) (4,26) (3,30) (3,9) (3,11) (3,13) (3,13) (3,9) (3,20) (3,10) (2,10) (2,3) (2,2) (2,11) (2,8) (1,6) (2,3) (1,8) (1,2) (2,2) (1,8) (1,5) (1,2) (1,4) (1,3) (7,27) (1,11) (7,25) (1,13) (6,8) (1,6) (6,49) (1,5) (6,21) 
layer:1, node:MDDNode(1,u-71), in=7, out=27
split in: 7 -> (6,1)
split out: 27 -> (25,3,28)
add: MDDNode(1,u-80) MDDNode(1,u-81), del:MDDNode(1,u-71)
39 (6,23) (6,12) (5,18) (4,17) (4,12) (4,26) (3,30) (3,9) (3,11) (3,13) (3,13) (3,9) (3,20) (3,10) (2,10) (2,3) (2,2) (2,11) (2,8) (1,6) (2,3) (1,8) (1,2) (2,2) (1,8) (1,5) (1,2) (1,4) (1,3) (1,11) (7,25) (1,13) (6,8) (1,6) (6,49) (1,5) (6,21) (1,3) (6,25) 
layer:1, node:MDDNode(1,u-73), in=7, out=25
split in: 7 -> (6,1)
split out: 25 -> (24,1,25)
add: MDDNode(1,u-82) MDDNode(1,u-83), del:MDDNode(1,u-73)
40 (6,23) (6,12) (5,18) (4,17) (4,12) (4,26) (3,30) (3,9) (3,11) (3,13) (3,13) (3,9) (3,20) (3,10) (2,10) (2,3) (2,2) (2,11) (2,8) (1,6) (2,3) (1,8) (1,2) (2,2) (1,8) (1,5) (1,2) (1,4) (1,3) (1,11) (1,13) (6,8) (1,6) (6,49) (1,5) (6,21) (1,3) (6,25) (1,1) (6,24) 
layer:1, node:MDDNode(1,u-14), in=6, out=23
split in: 6 -> (5,1)
split out: 23 -> (17,6,23)
add: MDDNode(1,u-84) MDDNode(1,u-85), del:MDDNode(1,u-14)
41 (6,12) (5,18) (4,17) (4,12) (4,26) (3,30) (3,9) (3,11) (3,13) (3,13) (3,9) (3,20) (3,10) (2,10) (2,3) (2,2) (2,11) (2,8) (1,6) (2,3) (1,8) (1,2) (2,2) (1,8) (1,5) (1,2) (1,4) (1,3) (1,11) (1,13) (6,8) (1,6) (6,49) (1,5) (6,21) (1,3) (6,25) (1,1) (6,24) (1,6) (5,17) 
layer:1, node:MDDNode(1,u-16), in=6, out=12
split in: 6 -> (5,1)
split out: 12 -> (12,2,14)
add: MDDNode(1,u-86) MDDNode(1,u-87), del:MDDNode(1,u-16)
42 (5,18) (4,17) (4,12) (4,26) (3,30) (3,9) (3,11) (3,13) (3,13) (3,9) (3,20) (3,10) (2,10) (2,3) (2,2) (2,11) (2,8) (1,6) (2,3) (1,8) (1,2) (2,2) (1,8) (1,5) (1,2) (1,4) (1,3) (1,11) (1,13) (6,8) (1,6) (6,49) (1,5) (6,21) (1,3) (6,25) (1,1) (6,24) (1,6) (5,17) (1,2) (5,12) 
layer:1, node:MDDNode(1,u-75), in=6, out=8
split in: 6 -> (5,1)
split out: 8 -> (7,1,8)
add: MDDNode(1,u-88) MDDNode(1,u-89), del:MDDNode(1,u-75)
43 (5,18) (4,17) (4,12) (4,26) (3,30) (3,9) (3,11) (3,13) (3,13) (3,9) (3,20) (3,10) (2,10) (2,3) (2,2) (2,11) (2,8) (1,6) (2,3) (1,8) (1,2) (2,2) (1,8) (1,5) (1,2) (1,4) (1,3) (1,11) (1,13) (1,6) (6,49) (1,5) (6,21) (1,3) (6,25) (1,1) (6,24) (1,6) (5,17) (1,2) (5,12) (1,1) (5,7) 
layer:1, node:MDDNode(1,u-77), in=6, out=49
split in: 6 -> (5,1)
split out: 49 -> (48,2,50)
add: MDDNode(1,u-90) MDDNode(1,u-91), del:MDDNode(1,u-77)
44 (5,18) (4,17) (4,12) (4,26) (3,30) (3,9) (3,11) (3,13) (3,13) (3,9) (3,20) (3,10) (2,10) (2,3) (2,2) (2,11) (2,8) (1,6) (2,3) (1,8) (1,2) (2,2) (1,8) (1,5) (1,2) (1,4) (1,3) (1,11) (1,13) (1,6) (1,5) (6,21) (1,3) (6,25) (1,1) (6,24) (1,6) (5,17) (1,2) (5,12) (1,1) (5,7) (1,2) (5,48) 
layer:1, node:MDDNode(1,u-79), in=6, out=21
choose: Location
split in: 6 -> (5,1)
split out: 21 -> (18,3,21)
add: MDDNode(1,u-92) MDDNode(1,u-93), del:MDDNode(1,u-79)
45 (5,18) (4,17) (4,12) (4,26) (3,30) (3,9) (3,11) (3,13) (3,13) (3,9) (3,20) (3,10) (2,10) (2,3) (2,2) (2,11) (2,8) (1,6) (2,3) (1,8) (1,2) (2,2) (1,8) (1,5) (1,2) (1,4) (1,3) (1,11) (1,13) (1,6) (1,5) (1,3) (6,25) (1,1) (6,24) (1,6) (5,17) (1,2) (5,12) (1,1) (5,7) (1,2) (5,48) (1,3) (5,18) 
layer:1, node:MDDNode(1,u-81), in=6, out=25
split in: 6 -> (5,1)
split out: 25 -> (25,3,28)
add: MDDNode(1,u-94) MDDNode(1,u-95), del:MDDNode(1,u-81)
46 (5,18) (4,17) (4,12) (4,26) (3,30) (3,9) (3,11) (3,13) (3,13) (3,9) (3,20) (3,10) (2,10) (2,3) (2,2) (2,11) (2,8) (1,6) (2,3) (1,8) (1,2) (2,2) (1,8) (1,5) (1,2) (1,4) (1,3) (1,11) (1,13) (1,6) (1,5) (1,3) (1,1) (6,24) (1,6) (5,17) (1,2) (5,12) (1,1) (5,7) (1,2) (5,48) (1,3) (5,18) (1,3) (5,25) 
layer:1, node:MDDNode(1,u-83), in=6, out=24
split in: 6 -> (5,1)
split out: 24 -> (18,6,24)
add: MDDNode(1,u-96) MDDNode(1,u-97), del:MDDNode(1,u-83)
47 (5,18) (4,17) (4,12) (4,26) (3,30) (3,9) (3,11) (3,13) (3,13) (3,9) (3,20) (3,10) (2,10) (2,3) (2,2) (2,11) (2,8) (1,6) (2,3) (1,8) (1,2) (2,2) (1,8) (1,5) (1,2) (1,4) (1,3) (1,11) (1,13) (1,6) (1,5) (1,3) (1,1) (1,6) (5,17) (1,2) (5,12) (1,1) (5,7) (1,2) (5,48) (1,3) (5,18) (1,3) (5,25) (1,6) (5,18) 
layer:1, node:MDDNode(1,u-18), in=5, out=18
split in: 5 -> (4,1)
split out: 18 -> (16,2,18)
add: MDDNode(1,u-98) MDDNode(1,u-99), del:MDDNode(1,u-18)
48 (4,17) (4,12) (4,26) (3,30) (3,9) (3,11) (3,13) (3,13) (3,9) (3,20) (3,10) (2,10) (2,3) (2,2) (2,11) (2,8) (1,6) (2,3) (1,8) (1,2) (2,2) (1,8) (1,5) (1,2) (1,4) (1,3) (1,11) (1,13) (1,6) (1,5) (1,3) (1,1) (1,6) (5,17) (1,2) (5,12) (1,1) (5,7) (1,2) (5,48) (1,3) (5,18) (1,3) (5,25) (1,6) (5,18) (1,2) (4,16) 
layer:1, node:MDDNode(1,u-85), in=5, out=17
split in: 5 -> (4,1)
split out: 17 -> (15,2,17)
add: MDDNode(1,u-100) MDDNode(1,u-101), del:MDDNode(1,u-85)
49 (4,17) (4,12) (4,26) (3,30) (3,9) (3,11) (3,13) (3,13) (3,9) (3,20) (3,10) (2,10) (2,3) (2,2) (2,11) (2,8) (1,6) (2,3) (1,8) (1,2) (2,2) (1,8) (1,5) (1,2) (1,4) (1,3) (1,11) (1,13) (1,6) (1,5) (1,3) (1,1) (1,6) (1,2) (5,12) (1,1) (5,7) (1,2) (5,48) (1,3) (5,18) (1,3) (5,25) (1,6) (5,18) (1,2) (4,16) (1,2) (4,15) 
layer:1, node:MDDNode(1,u-87), in=5, out=12
split in: 5 -> (4,1)
split out: 12 -> (8,4,12)
add: MDDNode(1,u-102) MDDNode(1,u-103), del:MDDNode(1,u-87)
50 (4,17) (4,12) (4,26) (3,30) (3,9) (3,11) (3,13) (3,13) (3,9) (3,20) (3,10) (2,10) (2,3) (2,2) (2,11) (2,8) (1,6) (2,3) (1,8) (1,2) (2,2) (1,8) (1,5) (1,2) (1,4) (1,3) (1,11) (1,13) (1,6) (1,5) (1,3) (1,1) (1,6) (1,2) (1,1) (5,7) (1,2) (5,48) (1,3) (5,18) (1,3) (5,25) (1,6) (5,18) (1,2) (4,16) (1,2) (4,15) (1,4) (4,8) 
layer:1, node:MDDNode(1,u-89), in=5, out=7
split in: 5 -> (4,1)
split out: 7 -> (6,1,7)
add: MDDNode(1,u-104) MDDNode(1,u-105), del:MDDNode(1,u-89)
51 (4,17) (4,12) (4,26) (3,30) (3,9) (3,11) (3,13) (3,13) (3,9) (3,20) (3,10) (2,10) (2,3) (2,2) (2,11) (2,8) (1,6) (2,3) (1,8) (1,2) (2,2) (1,8) (1,5) (1,2) (1,4) (1,3) (1,11) (1,13) (1,6) (1,5) (1,3) (1,1) (1,6) (1,2) (1,1) (1,2) (5,48) (1,3) (5,18) (1,3) (5,25) (1,6) (5,18) (1,2) (4,16) (1,2) (4,15) (1,4) (4,8) (1,1) (4,6) 
layer:1, node:MDDNode(1,u-91), in=5, out=48
split in: 5 -> (4,1)
split out: 48 -> (39,9,48)
add: MDDNode(1,u-106) MDDNode(1,u-107), del:MDDNode(1,u-91)
52 (4,17) (4,12) (4,26) (3,30) (3,9) (3,11) (3,13) (3,13) (3,9) (3,20) (3,10) (2,10) (2,3) (2,2) (2,11) (2,8) (1,6) (2,3) (1,8) (1,2) (2,2) (1,8) (1,5) (1,2) (1,4) (1,3) (1,11) (1,13) (1,6) (1,5) (1,3) (1,1) (1,6) (1,2) (1,1) (1,2) (1,3) (5,18) (1,3) (5,25) (1,6) (5,18) (1,2) (4,16) (1,2) (4,15) (1,4) (4,8) (1,1) (4,6) (1,9) (4,39) 
layer:1, node:MDDNode(1,u-93), in=5, out=18
choose: Journaling & personal data
split in: 5 -> (4,1)
split out: 18 -> (15,3,18)
add: MDDNode(1,u-108) MDDNode(1,u-109), del:MDDNode(1,u-93)
53 (4,17) (4,12) (4,26) (3,30) (3,9) (3,11) (3,13) (3,13) (3,9) (3,20) (3,10) (2,10) (2,3) (2,2) (2,11) (2,8) (1,6) (2,3) (1,8) (1,2) (2,2) (1,8) (1,5) (1,2) (1,4) (1,3) (1,11) (1,13) (1,6) (1,5) (1,3) (1,1) (1,6) (1,2) (1,1) (1,2) (1,3) (1,3) (5,25) (1,6) (5,18) (1,2) (4,16) (1,2) (4,15) (1,4) (4,8) (1,1) (4,6) (1,9) (4,39) (1,3) (4,15) 
layer:1, node:MDDNode(1,u-95), in=5, out=25
split in: 5 -> (4,1)
split out: 25 -> (20,6,26)
add: MDDNode(1,u-110) MDDNode(1,u-111), del:MDDNode(1,u-95)
54 (4,17) (4,12) (4,26) (3,30) (3,9) (3,11) (3,13) (3,13) (3,9) (3,20) (3,10) (2,10) (2,3) (2,2) (2,11) (2,8) (1,6) (2,3) (1,8) (1,2) (2,2) (1,8) (1,5) (1,2) (1,4) (1,3) (1,11) (1,13) (1,6) (1,5) (1,3) (1,1) (1,6) (1,2) (1,1) (1,2) (1,3) (1,3) (1,6) (5,18) (1,2) (4,16) (1,2) (4,15) (1,4) (4,8) (1,1) (4,6) (1,9) (4,39) (1,3) (4,15) (1,6) (4,20) 
layer:1, node:MDDNode(1,u-97), in=5, out=18
split in: 5 -> (4,1)
split out: 18 -> (10,8,18)
add: MDDNode(1,u-112) MDDNode(1,u-113), del:MDDNode(1,u-97)
55 (4,17) (4,12) (4,26) (3,30) (3,9) (3,11) (3,13) (3,13) (3,9) (3,20) (3,10) (2,10) (2,3) (2,2) (2,11) (2,8) (1,6) (2,3) (1,8) (1,2) (2,2) (1,8) (1,5) (1,2) (1,4) (1,3) (1,11) (1,13) (1,6) (1,5) (1,3) (1,1) (1,6) (1,2) (1,1) (1,2) (1,3) (1,3) (1,6) (1,2) (4,16) (1,2) (4,15) (1,4) (4,8) (1,1) (4,6) (1,9) (4,39) (1,3) (4,15) (1,6) (4,20) (1,8) (4,10) 
layer:1, node:MDDNode(1,u-20), in=4, out=17
split in: 4 -> (3,1)
split out: 17 -> (12,5,17)
add: MDDNode(1,u-114) MDDNode(1,u-115), del:MDDNode(1,u-20)
56 (4,12) (4,26) (3,30) (3,9) (3,11) (3,13) (3,13) (3,9) (3,20) (3,10) (2,10) (2,3) (2,2) (2,11) (2,8) (1,6) (2,3) (1,8) (1,2) (2,2) (1,8) (1,5) (1,2) (1,4) (1,3) (1,11) (1,13) (1,6) (1,5) (1,3) (1,1) (1,6) (1,2) (1,1) (1,2) (1,3) (1,3) (1,6) (1,2) (4,16) (1,2) (4,15) (1,4) (4,8) (1,1) (4,6) (1,9) (4,39) (1,3) (4,15) (1,6) (4,20) (1,8) (4,10) (1,5) (3,12) 
layer:1, node:MDDNode(1,u-22), in=4, out=12
split in: 4 -> (3,1)
split out: 12 -> (8,4,12)
add: MDDNode(1,u-116) MDDNode(1,u-117), del:MDDNode(1,u-22)
57 (4,26) (3,30) (3,9) (3,11) (3,13) (3,13) (3,9) (3,20) (3,10) (2,10) (2,3) (2,2) (2,11) (2,8) (1,6) (2,3) (1,8) (1,2) (2,2) (1,8) (1,5) (1,2) (1,4) (1,3) (1,11) (1,13) (1,6) (1,5) (1,3) (1,1) (1,6) (1,2) (1,1) (1,2) (1,3) (1,3) (1,6) (1,2) (4,16) (1,2) (4,15) (1,4) (4,8) (1,1) (4,6) (1,9) (4,39) (1,3) (4,15) (1,6) (4,20) (1,8) (4,10) (1,5) (3,12) (1,4) (3,8) 
layer:1, node:MDDNode(1,u-24), in=4, out=26
split in: 4 -> (3,1)
split out: 26 -> (18,8,26)
add: MDDNode(1,u-118) MDDNode(1,u-119), del:MDDNode(1,u-24)
58 (3,30) (3,9) (3,11) (3,13) (3,13) (3,9) (3,20) (3,10) (2,10) (2,3) (2,2) (2,11) (2,8) (1,6) (2,3) (1,8) (1,2) (2,2) (1,8) (1,5) (1,2) (1,4) (1,3) (1,11) (1,13) (1,6) (1,5) (1,3) (1,1) (1,6) (1,2) (1,1) (1,2) (1,3) (1,3) (1,6) (1,2) (4,16) (1,2) (4,15) (1,4) (4,8) (1,1) (4,6) (1,9) (4,39) (1,3) (4,15) (1,6) (4,20) (1,8) (4,10) (1,5) (3,12) (1,4) (3,8) (1,8) (3,18) 
layer:1, node:MDDNode(1,u-99), in=4, out=16
split in: 4 -> (3,1)
split out: 16 -> (11,5,16)
add: MDDNode(1,u-120) MDDNode(1,u-121), del:MDDNode(1,u-99)
59 (3,30) (3,9) (3,11) (3,13) (3,13) (3,9) (3,20) (3,10) (2,10) (2,3) (2,2) (2,11) (2,8) (1,6) (2,3) (1,8) (1,2) (2,2) (1,8) (1,5) (1,2) (1,4) (1,3) (1,11) (1,13) (1,6) (1,5) (1,3) (1,1) (1,6) (1,2) (1,1) (1,2) (1,3) (1,3) (1,6) (1,2) (1,2) (4,15) (1,4) (4,8) (1,1) (4,6) (1,9) (4,39) (1,3) (4,15) (1,6) (4,20) (1,8) (4,10) (1,5) (3,12) (1,4) (3,8) (1,8) (3,18) (1,5) (3,11) 
layer:1, node:MDDNode(1,u-101), in=4, out=15
split in: 4 -> (3,1)
split out: 15 -> (6,9,15)
add: MDDNode(1,u-122) MDDNode(1,u-123), del:MDDNode(1,u-101)
60 (3,30) (3,9) (3,11) (3,13) (3,13) (3,9) (3,20) (3,10) (2,10) (2,3) (2,2) (2,11) (2,8) (1,6) (2,3) (1,8) (1,2) (2,2) (1,8) (1,5) (1,2) (1,4) (1,3) (1,11) (1,13) (1,6) (1,5) (1,3) (1,1) (1,6) (1,2) (1,1) (1,2) (1,3) (1,3) (1,6) (1,2) (1,2) (1,4) (4,8) (1,1) (4,6) (1,9) (4,39) (1,3) (4,15) (1,6) (4,20) (1,8) (4,10) (1,5) (3,12) (1,4) (3,8) (1,8) (3,18) (1,5) (3,11) (1,9) (3,6) 
layer:1, node:MDDNode(1,u-103), in=4, out=8
split in: 4 -> (3,1)
split out: 8 -> (8,2,10)
add: MDDNode(1,u-124) MDDNode(1,u-125), del:MDDNode(1,u-103)
61 (3,30) (3,9) (3,11) (3,13) (3,13) (3,9) (3,20) (3,10) (2,10) (2,3) (2,2) (2,11) (2,8) (1,6) (2,3) (1,8) (1,2) (2,2) (1,8) (1,5) (1,2) (1,4) (1,3) (1,11) (1,13) (1,6) (1,5) (1,3) (1,1) (1,6) (1,2) (1,1) (1,2) (1,3) (1,3) (1,6) (1,2) (1,2) (1,4) (1,1) (4,6) (1,9) (4,39) (1,3) (4,15) (1,6) (4,20) (1,8) (4,10) (1,5) (3,12) (1,4) (3,8) (1,8) (3,18) (1,5) (3,11) (1,9) (3,6) (1,2) (3,8) 
layer:1, node:MDDNode(1,u-105), in=4, out=6
split in: 4 -> (3,1)
split out: 6 -> (4,2,6)
add: MDDNode(1,u-126) MDDNode(1,u-127), del:MDDNode(1,u-105)
62 (3,30) (3,9) (3,11) (3,13) (3,13) (3,9) (3,20) (3,10) (2,10) (2,3) (2,2) (2,11) (2,8) (1,6) (2,3) (1,8) (1,2) (2,2) (1,8) (1,5) (1,2) (1,4) (1,3) (1,11) (1,13) (1,6) (1,5) (1,3) (1,1) (1,6) (1,2) (1,1) (1,2) (1,3) (1,3) (1,6) (1,2) (1,2) (1,4) (1,1) (1,9) (4,39) (1,3) (4,15) (1,6) (4,20) (1,8) (4,10) (1,5) (3,12) (1,4) (3,8) (1,8) (3,18) (1,5) (3,11) (1,9) (3,6) (1,2) (3,8) (1,2) (3,4) 
layer:1, node:MDDNode(1,u-107), in=4, out=39
split in: 4 -> (3,1)
split out: 39 -> (29,10,39)
add: MDDNode(1,u-128) MDDNode(1,u-129), del:MDDNode(1,u-107)
63 (3,30) (3,9) (3,11) (3,13) (3,13) (3,9) (3,20) (3,10) (2,10) (2,3) (2,2) (2,11) (2,8) (1,6) (2,3) (1,8) (1,2) (2,2) (1,8) (1,5) (1,2) (1,4) (1,3) (1,11) (1,13) (1,6) (1,5) (1,3) (1,1) (1,6) (1,2) (1,1) (1,2) (1,3) (1,3) (1,6) (1,2) (1,2) (1,4) (1,1) (1,9) (1,3) (4,15) (1,6) (4,20) (1,8) (4,10) (1,5) (3,12) (1,4) (3,8) (1,8) (3,18) (1,5) (3,11) (1,9) (3,6) (1,2) (3,8) (1,2) (3,4) (1,10) (3,29) 
layer:1, node:MDDNode(1,u-109), in=4, out=15
choose: Business tools
split in: 4 -> (3,1)
split out: 15 -> (13,2,15)
add: MDDNode(1,u-130) MDDNode(1,u-131), del:MDDNode(1,u-109)
64 (3,30) (3,9) (3,11) (3,13) (3,13) (3,9) (3,20) (3,10) (2,10) (2,3) (2,2) (2,11) (2,8) (1,6) (2,3) (1,8) (1,2) (2,2) (1,8) (1,5) (1,2) (1,4) (1,3) (1,11) (1,13) (1,6) (1,5) (1,3) (1,1) (1,6) (1,2) (1,1) (1,2) (1,3) (1,3) (1,6) (1,2) (1,2) (1,4) (1,1) (1,9) (1,3) (1,6) (4,20) (1,8) (4,10) (1,5) (3,12) (1,4) (3,8) (1,8) (3,18) (1,5) (3,11) (1,9) (3,6) (1,2) (3,8) (1,2) (3,4) (1,10) (3,29) (1,2) (3,13) 
layer:1, node:MDDNode(1,u-111), in=4, out=20
split in: 4 -> (3,1)
split out: 20 -> (14,6,20)
add: MDDNode(1,u-132) MDDNode(1,u-133), del:MDDNode(1,u-111)
65 (3,30) (3,9) (3,11) (3,13) (3,13) (3,9) (3,20) (3,10) (2,10) (2,3) (2,2) (2,11) (2,8) (1,6) (2,3) (1,8) (1,2) (2,2) (1,8) (1,5) (1,2) (1,4) (1,3) (1,11) (1,13) (1,6) (1,5) (1,3) (1,1) (1,6) (1,2) (1,1) (1,2) (1,3) (1,3) (1,6) (1,2) (1,2) (1,4) (1,1) (1,9) (1,3) (1,6) (1,8) (4,10) (1,5) (3,12) (1,4) (3,8) (1,8) (3,18) (1,5) (3,11) (1,9) (3,6) (1,2) (3,8) (1,2) (3,4) (1,10) (3,29) (1,2) (3,13) (1,6) (3,14) 
layer:3, node:MDDNode(3,u_3), in=88, out=161
choose: Notifications
split in: 88 -> (81,7)
split out: 161 -> (154,9,163)
add: MDDNode(3,u-134) MDDNode(3,u-135), del:MDDNode(3,u_3)
2 (7,9) (81,154) 
layer:3, node:MDDNode(3,u-135), in=81, out=154
choose: Social networks
split in: 81 -> (75,6)
split out: 154 -> (141,14,155)
add: MDDNode(3,u-136) MDDNode(3,u-137), del:MDDNode(3,u-135)
3 (7,9) (6,14) (75,141) 
layer:3, node:MDDNode(3,u-137), in=75, out=141
choose: Bookmarking
split in: 75 -> (69,6)
split out: 141 -> (135,7,142)
add: MDDNode(3,u-138) MDDNode(3,u-139), del:MDDNode(3,u-137)
4 (7,9) (6,14) (6,7) (69,135) 
layer:3, node:MDDNode(3,u-139), in=69, out=135
choose: Others
split in: 69 -> (63,6)
split out: 135 -> (125,12,137)
add: MDDNode(3,u-140) MDDNode(3,u-141), del:MDDNode(3,u-139)
5 (7,9) (6,14) (6,7) (6,12) (63,125) 
layer:3, node:MDDNode(3,u-141), in=63, out=125
choose: Cloud storage
split in: 63 -> (59,4)
split out: 125 -> (118,7,125)
add: MDDNode(3,u-142) MDDNode(3,u-143), del:MDDNode(3,u-141)
6 (7,9) (6,14) (6,7) (6,12) (4,7) (59,118) 
layer:3, node:MDDNode(3,u-143), in=59, out=118
choose: Power monitoring & management
split in: 59 -> (55,4)
split out: 118 -> (114,9,123)
add: MDDNode(3,u-144) MDDNode(3,u-145), del:MDDNode(3,u-143)
7 (7,9) (6,14) (6,7) (6,12) (4,7) (4,9) (55,114) 
layer:3, node:MDDNode(3,u-145), in=55, out=114
choose: Email
split in: 55 -> (51,4)
split out: 114 -> (109,5,114)
add: MDDNode(3,u-146) MDDNode(3,u-147), del:MDDNode(3,u-145)
8 (7,9) (6,14) (6,7) (6,12) (4,7) (4,9) (4,5) (51,109) 
layer:3, node:MDDNode(3,u-147), in=51, out=109
choose: Photo & video
split in: 51 -> (47,4)
split out: 109 -> (105,4,109)
add: MDDNode(3,u-148) MDDNode(3,u-149), del:MDDNode(3,u-147)
9 (7,9) (6,14) (6,7) (6,12) (4,7) (4,9) (4,5) (4,4) (47,105) 
layer:3, node:MDDNode(3,u-149), in=47, out=105
choose: Communication
split in: 47 -> (43,4)
split out: 105 -> (101,4,105)
add: MDDNode(3,u-150) MDDNode(3,u-151), del:MDDNode(3,u-149)
10 (7,9) (6,14) (6,7) (6,12) (4,7) (4,9) (4,5) (4,4) (4,4) (43,101) 
layer:3, node:MDDNode(3,u-151), in=43, out=101
choose: Security & monitoring systems
split in: 43 -> (39,4)
split out: 101 -> (84,17,101)
add: MDDNode(3,u-152) MDDNode(3,u-153), del:MDDNode(3,u-151)
11 (7,9) (6,14) (6,7) (6,12) (4,7) (4,9) (4,5) (4,4) (4,4) (4,17) (39,84) 
layer:3, node:MDDNode(3,u-153), in=39, out=84
choose: Environment control & monitoring
split in: 39 -> (35,4)
split out: 84 -> (74,10,84)
add: MDDNode(3,u-154) MDDNode(3,u-155), del:MDDNode(3,u-153)
12 (7,9) (6,14) (6,7) (6,12) (4,7) (4,9) (4,5) (4,4) (4,4) (4,17) (4,10) (35,74) 
layer:3, node:MDDNode(3,u-155), in=35, out=74
choose: Mobile devices & accessories
split in: 35 -> (31,4)
split out: 74 -> (69,7,76)
add: MDDNode(3,u-156) MDDNode(3,u-157), del:MDDNode(3,u-155)
13 (7,9) (6,14) (6,7) (6,12) (4,7) (4,9) (4,5) (4,4) (4,4) (4,17) (4,10) (4,7) (31,69) 
layer:3, node:MDDNode(3,u-157), in=31, out=69
choose: Blogging
split in: 31 -> (28,3)
split out: 69 -> (62,7,69)
add: MDDNode(3,u-158) MDDNode(3,u-159), del:MDDNode(3,u-157)
14 (7,9) (6,14) (6,7) (6,12) (4,7) (4,9) (4,5) (4,4) (4,4) (4,17) (4,10) (4,7) (3,7) (28,62) 
layer:3, node:MDDNode(3,u-159), in=28, out=62
choose: Smart hubs & systems
split in: 28 -> (25,3)
split out: 62 -> (53,9,62)
add: MDDNode(3,u-160) MDDNode(3,u-161), del:MDDNode(3,u-159)
15 (7,9) (6,14) (6,7) (6,12) (4,7) (4,9) (4,5) (4,4) (4,4) (4,17) (4,10) (4,7) (3,7) (3,9) (25,53) 
layer:3, node:MDDNode(3,u-161), in=25, out=53
choose: Health & fitness
split in: 25 -> (22,3)
split out: 53 -> (51,3,54)
add: MDDNode(3,u-162) MDDNode(3,u-163), del:MDDNode(3,u-161)
16 (7,9) (6,14) (6,7) (6,12) (4,7) (4,9) (4,5) (4,4) (4,4) (4,17) (4,10) (4,7) (3,7) (3,9) (3,3) (22,51) 
layer:3, node:MDDNode(3,u-163), in=22, out=51
choose: Lighting
split in: 22 -> (20,2)
split out: 51 -> (39,13,52)
add: MDDNode(3,u-164) MDDNode(3,u-165), del:MDDNode(3,u-163)
17 (7,9) (6,14) (6,7) (6,12) (4,7) (4,9) (4,5) (4,4) (4,4) (4,17) (4,10) (4,7) (3,7) (3,9) (3,3) (2,13) (20,39) 
layer:3, node:MDDNode(3,u-165), in=20, out=39
choose: Business tools
split in: 20 -> (18,2)
split out: 39 -> (36,3,39)
add: MDDNode(3,u-166) MDDNode(3,u-167), del:MDDNode(3,u-165)
18 (7,9) (6,14) (6,7) (6,12) (4,7) (4,9) (4,5) (4,4) (4,4) (4,17) (4,10) (4,7) (3,7) (3,9) (3,3) (2,13) (2,3) (18,36) 
layer:3, node:MDDNode(3,u-167), in=18, out=36
choose: Developer tools
split in: 18 -> (16,2)
split out: 36 -> (33,3,36)
add: MDDNode(3,u-168) MDDNode(3,u-169), del:MDDNode(3,u-167)
19 (7,9) (6,14) (6,7) (6,12) (4,7) (4,9) (4,5) (4,4) (4,4) (4,17) (4,10) (4,7) (3,7) (3,9) (3,3) (2,13) (2,3) (2,3) (16,33) 
layer:3, node:MDDNode(3,u-169), in=16, out=33
choose: News & information
split in: 16 -> (14,2)
split out: 33 -> (30,3,33)
add: MDDNode(3,u-170) MDDNode(3,u-171), del:MDDNode(3,u-169)
20 (7,9) (6,14) (6,7) (6,12) (4,7) (4,9) (4,5) (4,4) (4,4) (4,17) (4,10) (4,7) (3,7) (3,9) (3,3) (2,13) (2,3) (2,3) (2,3) (14,30) 
layer:3, node:MDDNode(3,u-171), in=14, out=30
choose: Notes
split in: 14 -> (12,2)
split out: 30 -> (21,9,30)
add: MDDNode(3,u-172) MDDNode(3,u-173), del:MDDNode(3,u-171)
21 (7,9) (6,14) (6,7) (6,12) (4,7) (4,9) (4,5) (4,4) (4,4) (4,17) (4,10) (4,7) (3,7) (3,9) (3,3) (2,13) (2,3) (2,3) (2,3) (2,9) (12,21) 
layer:3, node:MDDNode(3,u-173), in=12, out=21
choose: Task management & to-dos
split in: 12 -> (10,2)
split out: 21 -> (19,3,22)
add: MDDNode(3,u-174) MDDNode(3,u-175), del:MDDNode(3,u-173)
22 (7,9) (6,14) (6,7) (6,12) (4,7) (4,9) (4,5) (4,4) (4,4) (4,17) (4,10) (4,7) (3,7) (3,9) (3,3) (2,13) (2,3) (2,3) (2,3) (2,9) (2,3) (10,19) 
layer:3, node:MDDNode(3,u-175), in=10, out=19
choose: Clocks & displays
split in: 10 -> (9,1)
split out: 19 -> (18,1,19)
add: MDDNode(3,u-176) MDDNode(3,u-177), del:MDDNode(3,u-175)
23 (7,9) (6,14) (6,7) (6,12) (4,7) (4,9) (4,5) (4,4) (4,4) (4,17) (4,10) (4,7) (3,7) (3,9) (3,3) (2,13) (2,3) (2,3) (2,3) (2,9) (2,3) (1,1) (9,18) 
layer:3, node:MDDNode(3,u-177), in=9, out=18
choose: DIY electronics
split in: 9 -> (8,1)
split out: 18 -> (16,2,18)
add: MDDNode(3,u-178) MDDNode(3,u-179), del:MDDNode(3,u-177)
24 (7,9) (6,14) (6,7) (6,12) (4,7) (4,9) (4,5) (4,4) (4,4) (4,17) (4,10) (4,7) (3,7) (3,9) (3,3) (2,13) (2,3) (2,3) (2,3) (2,9) (2,3) (1,1) (1,2) (8,16) 
layer:3, node:MDDNode(3,u-179), in=8, out=16
choose: Calendars & scheduling
split in: 8 -> (7,1)
split out: 16 -> (15,1,16)
add: MDDNode(3,u-180) MDDNode(3,u-181), del:MDDNode(3,u-179)
25 (7,9) (6,14) (6,7) (6,12) (4,7) (4,9) (4,5) (4,4) (4,4) (4,17) (4,10) (4,7) (3,7) (3,9) (3,3) (2,13) (2,3) (2,3) (2,3) (2,9) (2,3) (1,1) (1,2) (1,1) (7,15) 
layer:3, node:MDDNode(3,u-134), in=7, out=9
split in: 7 -> (6,1)
split out: 9 -> (8,2,10)
add: MDDNode(3,u-182) MDDNode(3,u-183), del:MDDNode(3,u-134)
26 (6,14) (6,7) (6,12) (4,7) (4,9) (4,5) (4,4) (4,4) (4,17) (4,10) (4,7) (3,7) (3,9) (3,3) (2,13) (2,3) (2,3) (2,3) (2,9) (2,3) (1,1) (1,2) (1,1) (7,15) (1,2) (6,8) 
layer:3, node:MDDNode(3,u-181), in=7, out=15
choose: Shopping
split in: 7 -> (6,1)
split out: 15 -> (14,1,15)
add: MDDNode(3,u-184) MDDNode(3,u-185), del:MDDNode(3,u-181)
27 (6,14) (6,7) (6,12) (4,7) (4,9) (4,5) (4,4) (4,4) (4,17) (4,10) (4,7) (3,7) (3,9) (3,3) (2,13) (2,3) (2,3) (2,3) (2,9) (2,3) (1,1) (1,2) (1,1) (1,2) (6,8) (1,1) (6,14) 
layer:3, node:MDDNode(3,u-136), in=6, out=14
split in: 6 -> (5,1)
split out: 14 -> (8,6,14)
add: MDDNode(3,u-186) MDDNode(3,u-187), del:MDDNode(3,u-136)
28 (6,7) (6,12) (4,7) (4,9) (4,5) (4,4) (4,4) (4,17) (4,10) (4,7) (3,7) (3,9) (3,3) (2,13) (2,3) (2,3) (2,3) (2,9) (2,3) (1,1) (1,2) (1,1) (1,2) (6,8) (1,1) (6,14) (1,6) (5,8) 
layer:3, node:MDDNode(3,u-138), in=6, out=7
split in: 6 -> (5,1)
split out: 7 -> (7,2,9)
add: MDDNode(3,u-188) MDDNode(3,u-189), del:MDDNode(3,u-138)
29 (6,12) (4,7) (4,9) (4,5) (4,4) (4,4) (4,17) (4,10) (4,7) (3,7) (3,9) (3,3) (2,13) (2,3) (2,3) (2,3) (2,9) (2,3) (1,1) (1,2) (1,1) (1,2) (6,8) (1,1) (6,14) (1,6) (5,8) (1,2) (5,7) 
layer:3, node:MDDNode(3,u-140), in=6, out=12
split in: 6 -> (5,1)
split out: 12 -> (10,2,12)
add: MDDNode(3,u-190) MDDNode(3,u-191), del:MDDNode(3,u-140)
30 (4,7) (4,9) (4,5) (4,4) (4,4) (4,17) (4,10) (4,7) (3,7) (3,9) (3,3) (2,13) (2,3) (2,3) (2,3) (2,9) (2,3) (1,1) (1,2) (1,1) (1,2) (6,8) (1,1) (6,14) (1,6) (5,8) (1,2) (5,7) (1,2) (5,10) 
layer:3, node:MDDNode(3,u-183), in=6, out=8
split in: 6 -> (5,1)
split out: 8 -> (8,1,9)
add: MDDNode(3,u-192) MDDNode(3,u-193), del:MDDNode(3,u-183)
31 (4,7) (4,9) (4,5) (4,4) (4,4) (4,17) (4,10) (4,7) (3,7) (3,9) (3,3) (2,13) (2,3) (2,3) (2,3) (2,9) (2,3) (1,1) (1,2) (1,1) (1,2) (1,1) (6,14) (1,6) (5,8) (1,2) (5,7) (1,2) (5,10) (1,1) (5,8) 
layer:3, node:MDDNode(3,u-185), in=6, out=14
choose: Journaling & personal data
split in: 6 -> (5,1)
split out: 14 -> (10,4,14)
add: MDDNode(3,u-194) MDDNode(3,u-195), del:MDDNode(3,u-185)
32 (4,7) (4,9) (4,5) (4,4) (4,4) (4,17) (4,10) (4,7) (3,7) (3,9) (3,3) (2,13) (2,3) (2,3) (2,3) (2,9) (2,3) (1,1) (1,2) (1,1) (1,2) (1,1) (1,6) (5,8) (1,2) (5,7) (1,2) (5,10) (1,1) (5,8) (1,4) (5,10) 
layer:3, node:MDDNode(3,u-187), in=5, out=8
split in: 5 -> (4,1)
split out: 8 -> (8,3,11)
add: MDDNode(3,u-196) MDDNode(3,u-197), del:MDDNode(3,u-187)
33 (4,7) (4,9) (4,5) (4,4) (4,4) (4,17) (4,10) (4,7) (3,7) (3,9) (3,3) (2,13) (2,3) (2,3) (2,3) (2,9) (2,3) (1,1) (1,2) (1,1) (1,2) (1,1) (1,6) (1,2) (5,7) (1,2) (5,10) (1,1) (5,8) (1,4) (5,10) (1,3) (4,8) 
layer:3, node:MDDNode(3,u-189), in=5, out=7
split in: 5 -> (4,1)
split out: 7 -> (6,3,9)
add: MDDNode(3,u-198) MDDNode(3,u-199), del:MDDNode(3,u-189)
34 (4,7) (4,9) (4,5) (4,4) (4,4) (4,17) (4,10) (4,7) (3,7) (3,9) (3,3) (2,13) (2,3) (2,3) (2,3) (2,9) (2,3) (1,1) (1,2) (1,1) (1,2) (1,1) (1,6) (1,2) (1,2) (5,10) (1,1) (5,8) (1,4) (5,10) (1,3) (4,8) (1,3) (4,6) 
layer:3, node:MDDNode(3,u-191), in=5, out=10
split in: 5 -> (4,1)
split out: 10 -> (9,1,10)
add: MDDNode(3,u-200) MDDNode(3,u-201), del:MDDNode(3,u-191)
35 (4,7) (4,9) (4,5) (4,4) (4,4) (4,17) (4,10) (4,7) (3,7) (3,9) (3,3) (2,13) (2,3) (2,3) (2,3) (2,9) (2,3) (1,1) (1,2) (1,1) (1,2) (1,1) (1,6) (1,2) (1,2) (1,1) (5,8) (1,4) (5,10) (1,3) (4,8) (1,3) (4,6) (1,1) (4,9) 
layer:3, node:MDDNode(3,u-193), in=5, out=8
split in: 5 -> (4,1)
split out: 8 -> (7,1,8)
add: MDDNode(3,u-202) MDDNode(3,u-203), del:MDDNode(3,u-193)
36 (4,7) (4,9) (4,5) (4,4) (4,4) (4,17) (4,10) (4,7) (3,7) (3,9) (3,3) (2,13) (2,3) (2,3) (2,3) (2,9) (2,3) (1,1) (1,2) (1,1) (1,2) (1,1) (1,6) (1,2) (1,2) (1,1) (1,4) (5,10) (1,3) (4,8) (1,3) (4,6) (1,1) (4,9) (1,1) (4,7) 
layer:3, node:MDDNode(3,u-195), in=5, out=10
choose: Pet trackers
split in: 5 -> (4,1)
split out: 10 -> (8,2,10)
add: MDDNode(3,u-204) MDDNode(3,u-205), del:MDDNode(3,u-195)
37 (4,7) (4,9) (4,5) (4,4) (4,4) (4,17) (4,10) (4,7) (3,7) (3,9) (3,3) (2,13) (2,3) (2,3) (2,3) (2,9) (2,3) (1,1) (1,2) (1,1) (1,2) (1,1) (1,6) (1,2) (1,2) (1,1) (1,4) (1,3) (4,8) (1,3) (4,6) (1,1) (4,9) (1,1) (4,7) (1,2) (4,8) 
layer:3, node:MDDNode(3,u-142), in=4, out=7
split in: 4 -> (3,1)
split out: 7 -> (7,3,10)
add: MDDNode(3,u-206) MDDNode(3,u-207), del:MDDNode(3,u-142)
38 (4,9) (4,5) (4,4) (4,4) (4,17) (4,10) (4,7) (3,7) (3,9) (3,3) (2,13) (2,3) (2,3) (2,3) (2,9) (2,3) (1,1) (1,2) (1,1) (1,2) (1,1) (1,6) (1,2) (1,2) (1,1) (1,4) (1,3) (4,8) (1,3) (4,6) (1,1) (4,9) (1,1) (4,7) (1,2) (4,8) (1,3) (3,7) 
layer:3, node:MDDNode(3,u-144), in=4, out=9
split in: 4 -> (3,1)
split out: 9 -> (9,4,13)
add: MDDNode(3,u-208) MDDNode(3,u-209), del:MDDNode(3,u-144)
39 (4,5) (4,4) (4,4) (4,17) (4,10) (4,7) (3,7) (3,9) (3,3) (2,13) (2,3) (2,3) (2,3) (2,9) (2,3) (1,1) (1,2) (1,1) (1,2) (1,1) (1,6) (1,2) (1,2) (1,1) (1,4) (1,3) (4,8) (1,3) (4,6) (1,1) (4,9) (1,1) (4,7) (1,2) (4,8) (1,3) (3,7) (1,4) (3,9) 
layer:3, node:MDDNode(3,u-146), in=4, out=5
split in: 4 -> (3,1)
split out: 5 -> (4,1,5)
add: MDDNode(3,u-210) MDDNode(3,u-211), del:MDDNode(3,u-146)
40 (4,4) (4,4) (4,17) (4,10) (4,7) (3,7) (3,9) (3,3) (2,13) (2,3) (2,3) (2,3) (2,9) (2,3) (1,1) (1,2) (1,1) (1,2) (1,1) (1,6) (1,2) (1,2) (1,1) (1,4) (1,3) (4,8) (1,3) (4,6) (1,1) (4,9) (1,1) (4,7) (1,2) (4,8) (1,3) (3,7) (1,4) (3,9) (1,1) (3,4) 
layer:3, node:MDDNode(3,u-148), in=4, out=4
split in: 4 -> (3,1)
split out: 4 -> (3,1,4)
add: MDDNode(3,u-212) MDDNode(3,u-213), del:MDDNode(3,u-148)
41 (4,4) (4,17) (4,10) (4,7) (3,7) (3,9) (3,3) (2,13) (2,3) (2,3) (2,3) (2,9) (2,3) (1,1) (1,2) (1,1) (1,2) (1,1) (1,6) (1,2) (1,2) (1,1) (1,4) (1,3) (4,8) (1,3) (4,6) (1,1) (4,9) (1,1) (4,7) (1,2) (4,8) (1,3) (3,7) (1,4) (3,9) (1,1) (3,4) (1,1) (3,3) 
layer:3, node:MDDNode(3,u-150), in=4, out=4
split in: 4 -> (3,1)
split out: 4 -> (3,1,4)
add: MDDNode(3,u-214) MDDNode(3,u-215), del:MDDNode(3,u-150)
42 (4,17) (4,10) (4,7) (3,7) (3,9) (3,3) (2,13) (2,3) (2,3) (2,3) (2,9) (2,3) (1,1) (1,2) (1,1) (1,2) (1,1) (1,6) (1,2) (1,2) (1,1) (1,4) (1,3) (4,8) (1,3) (4,6) (1,1) (4,9) (1,1) (4,7) (1,2) (4,8) (1,3) (3,7) (1,4) (3,9) (1,1) (3,4) (1,1) (3,3) (1,1) (3,3) 
layer:3, node:MDDNode(3,u-152), in=4, out=17
split in: 4 -> (3,1)
split out: 17 -> (11,6,17)
add: MDDNode(3,u-216) MDDNode(3,u-217), del:MDDNode(3,u-152)
43 (4,10) (4,7) (3,7) (3,9) (3,3) (2,13) (2,3) (2,3) (2,3) (2,9) (2,3) (1,1) (1,2) (1,1) (1,2) (1,1) (1,6) (1,2) (1,2) (1,1) (1,4) (1,3) (4,8) (1,3) (4,6) (1,1) (4,9) (1,1) (4,7) (1,2) (4,8) (1,3) (3,7) (1,4) (3,9) (1,1) (3,4) (1,1) (3,3) (1,1) (3,3) (1,6) (3,11) 
layer:3, node:MDDNode(3,u-154), in=4, out=10
split in: 4 -> (3,1)
split out: 10 -> (8,2,10)
add: MDDNode(3,u-218) MDDNode(3,u-219), del:MDDNode(3,u-154)
44 (4,7) (3,7) (3,9) (3,3) (2,13) (2,3) (2,3) (2,3) (2,9) (2,3) (1,1) (1,2) (1,1) (1,2) (1,1) (1,6) (1,2) (1,2) (1,1) (1,4) (1,3) (4,8) (1,3) (4,6) (1,1) (4,9) (1,1) (4,7) (1,2) (4,8) (1,3) (3,7) (1,4) (3,9) (1,1) (3,4) (1,1) (3,3) (1,1) (3,3) (1,6) (3,11) (1,2) (3,8) 
layer:3, node:MDDNode(3,u-156), in=4, out=7
split in: 4 -> (3,1)
split out: 7 -> (6,1,7)
add: MDDNode(3,u-220) MDDNode(3,u-221), del:MDDNode(3,u-156)
45 (3,7) (3,9) (3,3) (2,13) (2,3) (2,3) (2,3) (2,9) (2,3) (1,1) (1,2) (1,1) (1,2) (1,1) (1,6) (1,2) (1,2) (1,1) (1,4) (1,3) (4,8) (1,3) (4,6) (1,1) (4,9) (1,1) (4,7) (1,2) (4,8) (1,3) (3,7) (1,4) (3,9) (1,1) (3,4) (1,1) (3,3) (1,1) (3,3) (1,6) (3,11) (1,2) (3,8) (1,1) (3,6) 
layer:3, node:MDDNode(3,u-197), in=4, out=8
split in: 4 -> (3,1)
split out: 8 -> (7,1,8)
add: MDDNode(3,u-222) MDDNode(3,u-223), del:MDDNode(3,u-197)
46 (3,7) (3,9) (3,3) (2,13) (2,3) (2,3) (2,3) (2,9) (2,3) (1,1) (1,2) (1,1) (1,2) (1,1) (1,6) (1,2) (1,2) (1,1) (1,4) (1,3) (1,3) (4,6) (1,1) (4,9) (1,1) (4,7) (1,2) (4,8) (1,3) (3,7) (1,4) (3,9) (1,1) (3,4) (1,1) (3,3) (1,1) (3,3) (1,6) (3,11) (1,2) (3,8) (1,1) (3,6) (1,1) (3,7) 
layer:3, node:MDDNode(3,u-199), in=4, out=6
split in: 4 -> (3,1)
split out: 6 -> (5,1,6)
add: MDDNode(3,u-224) MDDNode(3,u-225), del:MDDNode(3,u-199)
47 (3,7) (3,9) (3,3) (2,13) (2,3) (2,3) (2,3) (2,9) (2,3) (1,1) (1,2) (1,1) (1,2) (1,1) (1,6) (1,2) (1,2) (1,1) (1,4) (1,3) (1,3) (1,1) (4,9) (1,1) (4,7) (1,2) (4,8) (1,3) (3,7) (1,4) (3,9) (1,1) (3,4) (1,1) (3,3) (1,1) (3,3) (1,6) (3,11) (1,2) (3,8) (1,1) (3,6) (1,1) (3,7) (1,1) (3,5) 
layer:3, node:MDDNode(3,u-201), in=4, out=9
split in: 4 -> (3,1)
split out: 9 -> (6,3,9)
add: MDDNode(3,u-226) MDDNode(3,u-227), del:MDDNode(3,u-201)
48 (3,7) (3,9) (3,3) (2,13) (2,3) (2,3) (2,3) (2,9) (2,3) (1,1) (1,2) (1,1) (1,2) (1,1) (1,6) (1,2) (1,2) (1,1) (1,4) (1,3) (1,3) (1,1) (1,1) (4,7) (1,2) (4,8) (1,3) (3,7) (1,4) (3,9) (1,1) (3,4) (1,1) (3,3) (1,1) (3,3) (1,6) (3,11) (1,2) (3,8) (1,1) (3,6) (1,1) (3,7) (1,1) (3,5) (1,3) (3,6) 
layer:3, node:MDDNode(3,u-203), in=4, out=7
split in: 4 -> (3,1)
split out: 7 -> (3,4,7)
add: MDDNode(3,u-228) MDDNode(3,u-229), del:MDDNode(3,u-203)
49 (3,7) (3,9) (3,3) (2,13) (2,3) (2,3) (2,3) (2,9) (2,3) (1,1) (1,2) (1,1) (1,2) (1,1) (1,6) (1,2) (1,2) (1,1) (1,4) (1,3) (1,3) (1,1) (1,1) (1,2) (4,8) (1,3) (3,7) (1,4) (3,9) (1,1) (3,4) (1,1) (3,3) (1,1) (3,3) (1,6) (3,11) (1,2) (3,8) (1,1) (3,6) (1,1) (3,7) (1,1) (3,5) (1,3) (3,6) (1,4) (3,3) 
layer:3, node:MDDNode(3,u-205), in=4, out=8
choose: Gardening
split in: 4 -> (3,1)
split out: 8 -> (4,4,8)
add: MDDNode(3,u-230) MDDNode(3,u-231), del:MDDNode(3,u-205)
50 (3,7) (3,9) (3,3) (2,13) (2,3) (2,3) (2,3) (2,9) (2,3) (1,1) (1,2) (1,1) (1,2) (1,1) (1,6) (1,2) (1,2) (1,1) (1,4) (1,3) (1,3) (1,1) (1,1) (1,2) (1,3) (3,7) (1,4) (3,9) (1,1) (3,4) (1,1) (3,3) (1,1) (3,3) (1,6) (3,11) (1,2) (3,8) (1,1) (3,6) (1,1) (3,7) (1,1) (3,5) (1,3) (3,6) (1,4) (3,3) (1,4) (3,4) 
layer:3, node:MDDNode(3,u-158), in=3, out=7
split in: 3 -> (2,1)
split out: 7 -> (2,6,8)
add: MDDNode(3,u-232) MDDNode(3,u-233), del:MDDNode(3,u-158)
51 (3,9) (3,3) (2,13) (2,3) (2,3) (2,3) (2,9) (2,3) (1,1) (1,2) (1,1) (1,2) (1,1) (1,6) (1,2) (1,2) (1,1) (1,4) (1,3) (1,3) (1,1) (1,1) (1,2) (1,3) (3,7) (1,4) (3,9) (1,1) (3,4) (1,1) (3,3) (1,1) (3,3) (1,6) (3,11) (1,2) (3,8) (1,1) (3,6) (1,1) (3,7) (1,1) (3,5) (1,3) (3,6) (1,4) (3,3) (1,4) (3,4) (1,6) (2,2) 
layer:3, node:MDDNode(3,u-160), in=3, out=9
split in: 3 -> (2,1)
split out: 9 -> (8,1,9)
add: MDDNode(3,u-234) MDDNode(3,u-235), del:MDDNode(3,u-160)
52 (3,3) (2,13) (2,3) (2,3) (2,3) (2,9) (2,3) (1,1) (1,2) (1,1) (1,2) (1,1) (1,6) (1,2) (1,2) (1,1) (1,4) (1,3) (1,3) (1,1) (1,1) (1,2) (1,3) (3,7) (1,4) (3,9) (1,1) (3,4) (1,1) (3,3) (1,1) (3,3) (1,6) (3,11) (1,2) (3,8) (1,1) (3,6) (1,1) (3,7) (1,1) (3,5) (1,3) (3,6) (1,4) (3,3) (1,4) (3,4) (1,6) (2,2) (1,1) (2,8) 
layer:3, node:MDDNode(3,u-162), in=3, out=3
split in: 3 -> (2,1)
split out: 3 -> (3,1,4)
add: MDDNode(3,u-236) MDDNode(3,u-237), del:MDDNode(3,u-162)
53 (2,13) (2,3) (2,3) (2,3) (2,9) (2,3) (1,1) (1,2) (1,1) (1,2) (1,1) (1,6) (1,2) (1,2) (1,1) (1,4) (1,3) (1,3) (1,1) (1,1) (1,2) (1,3) (3,7) (1,4) (3,9) (1,1) (3,4) (1,1) (3,3) (1,1) (3,3) (1,6) (3,11) (1,2) (3,8) (1,1) (3,6) (1,1) (3,7) (1,1) (3,5) (1,3) (3,6) (1,4) (3,3) (1,4) (3,4) (1,6) (2,2) (1,1) (2,8) (1,1) (2,3) 
layer:3, node:MDDNode(3,u-207), in=3, out=7
split in: 3 -> (2,1)
split out: 7 -> (4,4,8)
add: MDDNode(3,u-238) MDDNode(3,u-239), del:MDDNode(3,u-207)
54 (2,13) (2,3) (2,3) (2,3) (2,9) (2,3) (1,1) (1,2) (1,1) (1,2) (1,1) (1,6) (1,2) (1,2) (1,1) (1,4) (1,3) (1,3) (1,1) (1,1) (1,2) (1,3) (1,4) (3,9) (1,1) (3,4) (1,1) (3,3) (1,1) (3,3) (1,6) (3,11) (1,2) (3,8) (1,1) (3,6) (1,1) (3,7) (1,1) (3,5) (1,3) (3,6) (1,4) (3,3) (1,4) (3,4) (1,6) (2,2) (1,1) (2,8) (1,1) (2,3) (1,4) (2,4) 
layer:3, node:MDDNode(3,u-209), in=3, out=9
split in: 3 -> (2,1)
split out: 9 -> (7,3,10)
add: MDDNode(3,u-240) MDDNode(3,u-241), del:MDDNode(3,u-209)
55 (2,13) (2,3) (2,3) (2,3) (2,9) (2,3) (1,1) (1,2) (1,1) (1,2) (1,1) (1,6) (1,2) (1,2) (1,1) (1,4) (1,3) (1,3) (1,1) (1,1) (1,2) (1,3) (1,4) (1,1) (3,4) (1,1) (3,3) (1,1) (3,3) (1,6) (3,11) (1,2) (3,8) (1,1) (3,6) (1,1) (3,7) (1,1) (3,5) (1,3) (3,6) (1,4) (3,3) (1,4) (3,4) (1,6) (2,2) (1,1) (2,8) (1,1) (2,3) (1,4) (2,4) (1,3) (2,7) 
layer:3, node:MDDNode(3,u-211), in=3, out=4
split in: 3 -> (2,1)
split out: 4 -> (3,1,4)
add: MDDNode(3,u-242) MDDNode(3,u-243), del:MDDNode(3,u-211)
56 (2,13) (2,3) (2,3) (2,3) (2,9) (2,3) (1,1) (1,2) (1,1) (1,2) (1,1) (1,6) (1,2) (1,2) (1,1) (1,4) (1,3) (1,3) (1,1) (1,1) (1,2) (1,3) (1,4) (1,1) (1,1) (3,3) (1,1) (3,3) (1,6) (3,11) (1,2) (3,8) (1,1) (3,6) (1,1) (3,7) (1,1) (3,5) (1,3) (3,6) (1,4) (3,3) (1,4) (3,4) (1,6) (2,2) (1,1) (2,8) (1,1) (2,3) (1,4) (2,4) (1,3) (2,7) (1,1) (2,3) 
layer:3, node:MDDNode(3,u-213), in=3, out=3
split in: 3 -> (2,1)
split out: 3 -> (2,1,3)
add: MDDNode(3,u-244) MDDNode(3,u-245), del:MDDNode(3,u-213)
57 (2,13) (2,3) (2,3) (2,3) (2,9) (2,3) (1,1) (1,2) (1,1) (1,2) (1,1) (1,6) (1,2) (1,2) (1,1) (1,4) (1,3) (1,3) (1,1) (1,1) (1,2) (1,3) (1,4) (1,1) (1,1) (1,1) (3,3) (1,6) (3,11) (1,2) (3,8) (1,1) (3,6) (1,1) (3,7) (1,1) (3,5) (1,3) (3,6) (1,4) (3,3) (1,4) (3,4) (1,6) (2,2) (1,1) (2,8) (1,1) (2,3) (1,4) (2,4) (1,3) (2,7) (1,1) (2,3) (1,1) (2,2) 
layer:3, node:MDDNode(3,u-215), in=3, out=3
split in: 3 -> (2,1)
split out: 3 -> (2,1,3)
add: MDDNode(3,u-246) MDDNode(3,u-247), del:MDDNode(3,u-215)
58 (2,13) (2,3) (2,3) (2,3) (2,9) (2,3) (1,1) (1,2) (1,1) (1,2) (1,1) (1,6) (1,2) (1,2) (1,1) (1,4) (1,3) (1,3) (1,1) (1,1) (1,2) (1,3) (1,4) (1,1) (1,1) (1,1) (1,6) (3,11) (1,2) (3,8) (1,1) (3,6) (1,1) (3,7) (1,1) (3,5) (1,3) (3,6) (1,4) (3,3) (1,4) (3,4) (1,6) (2,2) (1,1) (2,8) (1,1) (2,3) (1,4) (2,4) (1,3) (2,7) (1,1) (2,3) (1,1) (2,2) (1,1) (2,2) 
layer:3, node:MDDNode(3,u-217), in=3, out=11
split in: 3 -> (2,1)
split out: 11 -> (5,6,11)
add: MDDNode(3,u-248) MDDNode(3,u-249), del:MDDNode(3,u-217)
59 (2,13) (2,3) (2,3) (2,3) (2,9) (2,3) (1,1) (1,2) (1,1) (1,2) (1,1) (1,6) (1,2) (1,2) (1,1) (1,4) (1,3) (1,3) (1,1) (1,1) (1,2) (1,3) (1,4) (1,1) (1,1) (1,1) (1,6) (1,2) (3,8) (1,1) (3,6) (1,1) (3,7) (1,1) (3,5) (1,3) (3,6) (1,4) (3,3) (1,4) (3,4) (1,6) (2,2) (1,1) (2,8) (1,1) (2,3) (1,4) (2,4) (1,3) (2,7) (1,1) (2,3) (1,1) (2,2) (1,1) (2,2) (1,6) (2,5) 
layer:3, node:MDDNode(3,u-219), in=3, out=8
split in: 3 -> (2,1)
split out: 8 -> (6,2,8)
add: MDDNode(3,u-250) MDDNode(3,u-251), del:MDDNode(3,u-219)
60 (2,13) (2,3) (2,3) (2,3) (2,9) (2,3) (1,1) (1,2) (1,1) (1,2) (1,1) (1,6) (1,2) (1,2) (1,1) (1,4) (1,3) (1,3) (1,1) (1,1) (1,2) (1,3) (1,4) (1,1) (1,1) (1,1) (1,6) (1,2) (1,1) (3,6) (1,1) (3,7) (1,1) (3,5) (1,3) (3,6) (1,4) (3,3) (1,4) (3,4) (1,6) (2,2) (1,1) (2,8) (1,1) (2,3) (1,4) (2,4) (1,3) (2,7) (1,1) (2,3) (1,1) (2,2) (1,1) (2,2) (1,6) (2,5) (1,2) (2,6) 
layer:3, node:MDDNode(3,u-221), in=3, out=6
split in: 3 -> (2,1)
split out: 6 -> (3,3,6)
add: MDDNode(3,u-252) MDDNode(3,u-253), del:MDDNode(3,u-221)
61 (2,13) (2,3) (2,3) (2,3) (2,9) (2,3) (1,1) (1,2) (1,1) (1,2) (1,1) (1,6) (1,2) (1,2) (1,1) (1,4) (1,3) (1,3) (1,1) (1,1) (1,2) (1,3) (1,4) (1,1) (1,1) (1,1) (1,6) (1,2) (1,1) (1,1) (3,7) (1,1) (3,5) (1,3) (3,6) (1,4) (3,3) (1,4) (3,4) (1,6) (2,2) (1,1) (2,8) (1,1) (2,3) (1,4) (2,4) (1,3) (2,7) (1,1) (2,3) (1,1) (2,2) (1,1) (2,2) (1,6) (2,5) (1,2) (2,6) (1,3) (2,3) 
layer:3, node:MDDNode(3,u-223), in=3, out=7
split in: 3 -> (2,1)
split out: 7 -> (5,2,7)
add: MDDNode(3,u-254) MDDNode(3,u-255), del:MDDNode(3,u-223)
62 (2,13) (2,3) (2,3) (2,3) (2,9) (2,3) (1,1) (1,2) (1,1) (1,2) (1,1) (1,6) (1,2) (1,2) (1,1) (1,4) (1,3) (1,3) (1,1) (1,1) (1,2) (1,3) (1,4) (1,1) (1,1) (1,1) (1,6) (1,2) (1,1) (1,1) (1,1) (3,5) (1,3) (3,6) (1,4) (3,3) (1,4) (3,4) (1,6) (2,2) (1,1) (2,8) (1,1) (2,3) (1,4) (2,4) (1,3) (2,7) (1,1) (2,3) (1,1) (2,2) (1,1) (2,2) (1,6) (2,5) (1,2) (2,6) (1,3) (2,3) (1,2) (2,5) 
layer:3, node:MDDNode(3,u-225), in=3, out=5
split in: 3 -> (2,1)
split out: 5 -> (3,2,5)
add: MDDNode(3,u-256) MDDNode(3,u-257), del:MDDNode(3,u-225)
63 (2,13) (2,3) (2,3) (2,3) (2,9) (2,3) (1,1) (1,2) (1,1) (1,2) (1,1) (1,6) (1,2) (1,2) (1,1) (1,4) (1,3) (1,3) (1,1) (1,1) (1,2) (1,3) (1,4) (1,1) (1,1) (1,1) (1,6) (1,2) (1,1) (1,1) (1,1) (1,3) (3,6) (1,4) (3,3) (1,4) (3,4) (1,6) (2,2) (1,1) (2,8) (1,1) (2,3) (1,4) (2,4) (1,3) (2,7) (1,1) (2,3) (1,1) (2,2) (1,1) (2,2) (1,6) (2,5) (1,2) (2,6) (1,3) (2,3) (1,2) (2,5) (1,2) (2,3) 
layer:3, node:MDDNode(3,u-227), in=3, out=6
split in: 3 -> (2,1)
split out: 6 -> (2,4,6)
add: MDDNode(3,u-258) MDDNode(3,u-259), del:MDDNode(3,u-227)
64 (2,13) (2,3) (2,3) (2,3) (2,9) (2,3) (1,1) (1,2) (1,1) (1,2) (1,1) (1,6) (1,2) (1,2) (1,1) (1,4) (1,3) (1,3) (1,1) (1,1) (1,2) (1,3) (1,4) (1,1) (1,1) (1,1) (1,6) (1,2) (1,1) (1,1) (1,1) (1,3) (1,4) (3,3) (1,4) (3,4) (1,6) (2,2) (1,1) (2,8) (1,1) (2,3) (1,4) (2,4) (1,3) (2,7) (1,1) (2,3) (1,1) (2,2) (1,1) (2,2) (1,6) (2,5) (1,2) (2,6) (1,3) (2,3) (1,2) (2,5) (1,2) (2,3) (1,4) (2,2) 
layer:3, node:MDDNode(3,u-229), in=3, out=3
split in: 3 -> (2,1)
split out: 3 -> (3,1,4)
add: MDDNode(3,u-260) MDDNode(3,u-261), del:MDDNode(3,u-229)
65 (2,13) (2,3) (2,3) (2,3) (2,9) (2,3) (1,1) (1,2) (1,1) (1,2) (1,1) (1,6) (1,2) (1,2) (1,1) (1,4) (1,3) (1,3) (1,1) (1,1) (1,2) (1,3) (1,4) (1,1) (1,1) (1,1) (1,6) (1,2) (1,1) (1,1) (1,1) (1,3) (1,4) (1,4) (3,4) (1,6) (2,2) (1,1) (2,8) (1,1) (2,3) (1,4) (2,4) (1,3) (2,7) (1,1) (2,3) (1,1) (2,2) (1,1) (2,2) (1,6) (2,5) (1,2) (2,6) (1,3) (2,3) (1,2) (2,5) (1,2) (2,3) (1,4) (2,2) (1,1) (2,3) 
=profile=
(0, 111) 
(3, 30) (3, 9) (3, 11) (3, 13) (3, 13) (3, 9) (3, 20) (3, 10) (2, 10) (2, 3) (2, 2) (2, 11) (2, 8) (1, 6) (2, 3) (1, 8) (1, 2) (2, 2) (1, 8) (1, 5) (1, 2) (1, 4) (1, 3) (1, 11) (1, 13) (1, 6) (1, 5) (1, 3) (1, 1) (1, 6) (1, 2) (1, 1) (1, 2) (1, 3) (1, 3) (1, 6) (1, 2) (1, 2) (1, 4) (1, 1) (1, 9) (1, 3) (1, 6) (1, 8) (4, 10) (1, 5) (3, 12) (1, 4) (3, 8) (1, 8) (3, 18) (1, 5) (3, 11) (1, 9) (3, 6) (1, 2) (3, 8) (1, 2) (3, 4) (1, 10) (3, 29) (1, 2) (3, 13) (1, 6) (3, 14) 
(475, 88) 
(2, 13) (2, 3) (2, 3) (2, 3) (2, 9) (2, 3) (1, 1) (1, 2) (1, 1) (1, 2) (1, 1) (1, 6) (1, 2) (1, 2) (1, 1) (1, 4) (1, 3) (1, 3) (1, 1) (1, 1) (1, 2) (1, 3) (1, 4) (1, 1) (1, 1) (1, 1) (1, 6) (1, 2) (1, 1) (1, 1) (1, 1) (1, 3) (1, 4) (1, 4) (3, 4) (1, 6) (2, 2) (1, 1) (2, 8) (1, 1) (2, 3) (1, 4) (2, 4) (1, 3) (2, 7) (1, 1) (2, 3) (1, 1) (2, 2) (1, 1) (2, 2) (1, 6) (2, 5) (1, 2) (2, 6) (1, 3) (2, 3) (1, 2) (2, 5) (1, 2) (2, 3) (1, 4) (2, 2) (1, 1) (2, 3) 
(198, 1) 
(1, 0) 
dump to the pickle
the graph width list : [1, 65, 1, 65, 1, 1]
it 1 dev 27.65   dev_h 44.33   dev_v 99.23   new_test 36.39   new_test_h 33.38   new_test_v 99.15   save: 36.39 T: 2020-01-13T20:34 
it 2 dev 30.91   dev_h 41.40   dev_v 98.99   new_test 41.65   new_test_h 30.86   new_test_v 99.19   save: 41.65 T: 2020-01-13T20:36 
it 3 dev 31.99   dev_h 41.48   dev_v 99.06   new_test 41.93   new_test_h 30.44   new_test_v 99.11   save: 41.93 T: 2020-01-13T20:38 
it 4 dev 31.05   dev_h 41.67   dev_v 98.99   new_test 42.14   new_test_h 30.47   new_test_v 98.95   
it 5 dev 31.89   dev_h 40.83   dev_v 99.01   new_test 43.91   new_test_h 29.46   new_test_v 99.19   
it 6 dev 31.32   dev_h 41.33   dev_v 99.06   new_test 43.39   new_test_h 30.03   new_test_v 98.95   
it 7 dev 32.06   dev_h 41.06   dev_v 99.18   new_test 44.20   new_test_h 29.49   new_test_v 99.11   save: 44.20 T: 2020-01-13T20:47 
it 8 dev 31.94   dev_h 41.20   dev_v 99.13   new_test 43.95   new_test_h 29.69   new_test_v 99.15   
it 9 dev 31.58   dev_h 41.22   dev_v 99.23   new_test 43.31   new_test_h 30.30   new_test_v 99.03   
it 10 dev 31.58   dev_h 41.28   dev_v 99.11   new_test 43.23   new_test_h 30.15   new_test_v 99.11   
it 11 dev 31.39   dev_h 41.49   dev_v 99.16   new_test 42.62   new_test_h 30.69   new_test_v 99.03   
it 12 dev 31.49   dev_h 41.38   dev_v 99.16   new_test 42.82   new_test_h 30.31   new_test_v 98.95   
it 13 dev 31.68   dev_h 41.35   dev_v 99.18   new_test 42.90   new_test_h 30.31   new_test_v 98.95   
