args Namespace(config='configs/config_l.json', dataset='dataset/IFTTT/msr_data.pkl', load_model=None, mode='train', output='model/ifttt/width-65/', width='65')
configure: {'max_word_id': 4000, 'bidirectional': True, 'cell_type': 'gru', 'decoder': 'attention', 'embedding_size': 160, 'keep_prob': 0.45, 'memory_size': 25, 'num_units': 160, 'use_embedding': True, 'epoches': 15, 'batch_size': 32, 'init': {'name': 'random_uniform_initializer', 'scale': 0.1}, 'lr_scheduler': {'decay_steps': 5000, 'init_lr': 0.002, 'decay_rate': 0.9, 'staircase': True}, 'max_grad_norm': 1, 'optimizer': 'AdamOptimizer'}
# path 8549
model/ifttt/width-65/dataset-w-65.pkl
load raw and dump to file
numArcLayers: 5
1 1 65
layer 1 incoming edges: 111
choose: News & information
split the incoming edges: 111 13 98
the value pair of raw_data is: 492
split the outgoings edges: 443 60 386 446
add node: MDDNode(1,u_6) MDDNode(1,u_7), remove node: MDDNode(1,u_1)
1 2 65
layer 1 incoming edges: 98
choose: Photo & video
split the incoming edges: 98 9 89
the value pair of raw_data is: 492
split the outgoings edges: 386 35 351 386
add node: MDDNode(1,u_8) MDDNode(1,u_9), remove node: MDDNode(1,u_7)
1 3 65
layer 1 incoming edges: 89
choose: Others
split the incoming edges: 89 7 82
the value pair of raw_data is: 492
split the outgoings edges: 351 21 335 356
add node: MDDNode(1,u_10) MDDNode(1,u_11), remove node: MDDNode(1,u_9)
1 4 65
layer 1 incoming edges: 82
choose: Social networks
split the incoming edges: 82 7 75
the value pair of raw_data is: 492
split the outgoings edges: 335 55 280 335
add node: MDDNode(1,u_12) MDDNode(1,u_13), remove node: MDDNode(1,u_11)
1 5 65
layer 1 incoming edges: 75
choose: Shopping
split the incoming edges: 75 6 69
the value pair of raw_data is: 492
split the outgoings edges: 280 23 257 280
add node: MDDNode(1,u_14) MDDNode(1,u_15), remove node: MDDNode(1,u_13)
1 6 65
layer 1 incoming edges: 69
choose: Bookmarking
split the incoming edges: 69 6 63
the value pair of raw_data is: 492
split the outgoings edges: 257 12 245 257
add node: MDDNode(1,u_16) MDDNode(1,u_17), remove node: MDDNode(1,u_15)
1 7 65
layer 1 incoming edges: 63
choose: Security & monitoring systems
split the incoming edges: 63 5 58
the value pair of raw_data is: 492
split the outgoings edges: 245 18 228 246
add node: MDDNode(1,u_18) MDDNode(1,u_19), remove node: MDDNode(1,u_17)
1 8 65
layer 1 incoming edges: 58
choose: Mobile devices & accessories
split the incoming edges: 58 4 54
the value pair of raw_data is: 492
split the outgoings edges: 228 12 216 228
add node: MDDNode(1,u_20) MDDNode(1,u_21), remove node: MDDNode(1,u_19)
1 9 65
layer 1 incoming edges: 54
choose: Finance & payments
split the incoming edges: 54 4 50
the value pair of raw_data is: 492
split the outgoings edges: 216 17 199 216
add node: MDDNode(1,u_22) MDDNode(1,u_23), remove node: MDDNode(1,u_21)
1 10 65
layer 1 incoming edges: 50
choose: Health & fitness
split the incoming edges: 50 4 46
the value pair of raw_data is: 492
split the outgoings edges: 199 26 174 200
add node: MDDNode(1,u_24) MDDNode(1,u_25), remove node: MDDNode(1,u_23)
1 11 65
layer 1 incoming edges: 46
choose: Notifications
split the incoming edges: 46 3 43
the value pair of raw_data is: 492
split the outgoings edges: 174 4 170 174
add node: MDDNode(1,u_26) MDDNode(1,u_27), remove node: MDDNode(1,u_25)
1 12 65
layer 1 incoming edges: 43
choose: Smart hubs & systems
split the incoming edges: 43 3 40
the value pair of raw_data is: 492
split the outgoings edges: 170 20 156 176
add node: MDDNode(1,u_28) MDDNode(1,u_29), remove node: MDDNode(1,u_27)
1 13 65
layer 1 incoming edges: 40
choose: Gardening
split the incoming edges: 40 3 37
the value pair of raw_data is: 492
split the outgoings edges: 156 9 147 156
add node: MDDNode(1,u_30) MDDNode(1,u_31), remove node: MDDNode(1,u_29)
1 14 65
layer 1 incoming edges: 37
choose: Environment control & monitoring
split the incoming edges: 37 3 34
the value pair of raw_data is: 492
split the outgoings edges: 147 9 140 149
add node: MDDNode(1,u_32) MDDNode(1,u_33), remove node: MDDNode(1,u_31)
1 15 65
layer 1 incoming edges: 34
choose: Weather
split the incoming edges: 34 3 31
the value pair of raw_data is: 492
split the outgoings edges: 140 30 110 140
add node: MDDNode(1,u_34) MDDNode(1,u_35), remove node: MDDNode(1,u_33)
1 16 65
layer 1 incoming edges: 31
choose: Blogging
split the incoming edges: 31 3 28
the value pair of raw_data is: 492
split the outgoings edges: 110 13 97 110
add node: MDDNode(1,u_36) MDDNode(1,u_37), remove node: MDDNode(1,u_35)
1 17 65
layer 1 incoming edges: 28
choose: Power monitoring & management
split the incoming edges: 28 3 25
the value pair of raw_data is: 492
split the outgoings edges: 97 11 88 99
add node: MDDNode(1,u_38) MDDNode(1,u_39), remove node: MDDNode(1,u_37)
1 18 65
layer 1 incoming edges: 25
choose: Email
split the incoming edges: 25 3 22
the value pair of raw_data is: 492
split the outgoings edges: 88 10 78 88
add node: MDDNode(1,u_40) MDDNode(1,u_41), remove node: MDDNode(1,u_39)
1 19 65
layer 1 incoming edges: 22
choose: Calendars & scheduling
split the incoming edges: 22 2 20
the value pair of raw_data is: 492
split the outgoings edges: 78 8 70 78
add node: MDDNode(1,u_42) MDDNode(1,u_43), remove node: MDDNode(1,u_41)
1 20 65
layer 1 incoming edges: 20
choose: Task management & to-dos
split the incoming edges: 20 2 18
the value pair of raw_data is: 492
split the outgoings edges: 70 11 59 70
add node: MDDNode(1,u_44) MDDNode(1,u_45), remove node: MDDNode(1,u_43)
1 21 65
layer 1 incoming edges: 18
choose: Connected car
split the incoming edges: 18 2 16
the value pair of raw_data is: 492
split the outgoings edges: 59 10 49 59
add node: MDDNode(1,u_46) MDDNode(1,u_47), remove node: MDDNode(1,u_45)
1 22 65
layer 1 incoming edges: 16
choose: DIY electronics
split the incoming edges: 16 2 14
the value pair of raw_data is: 492
split the outgoings edges: 49 2 47 49
add node: MDDNode(1,u_48) MDDNode(1,u_49), remove node: MDDNode(1,u_47)
1 23 65
layer 1 incoming edges: 14
choose: Communication
split the incoming edges: 14 2 12
the value pair of raw_data is: 492
split the outgoings edges: 47 12 35 47
add node: MDDNode(1,u_50) MDDNode(1,u_51), remove node: MDDNode(1,u_49)
1 24 65
layer 1 incoming edges: 13
only split: [MDDArc('space', MDDNode(0, 's'), MDDNode(1, 'u_6'))]
split the incoming edges: 13 1 12
the value pair of raw_data is: 492
split the outgoings edges: 60 8 52 60
add node: MDDNode(1,u_52) MDDNode(1,u_53), remove node: MDDNode(1,u_6)
1 25 65
layer 1 incoming edges: 12
choose: Appliances
split the incoming edges: 12 2 10
the value pair of raw_data is: 492
split the outgoings edges: 35 2 33 35
add node: MDDNode(1,u_54) MDDNode(1,u_55), remove node: MDDNode(1,u_51)
1 26 65
layer 1 incoming edges: 12
only split: [MDDArc('espn', MDDNode(0, 's'), MDDNode(1, 'u_53'))]
split the incoming edges: 12 1 11
the value pair of raw_data is: 492
split the outgoings edges: 52 6 46 52
add node: MDDNode(1,u_56) MDDNode(1,u_57), remove node: MDDNode(1,u_53)
1 27 65
layer 1 incoming edges: 11
only split: [MDDArc('craigslist', MDDNode(0, 's'), MDDNode(1, 'u_57'))]
split the incoming edges: 11 1 10
the value pair of raw_data is: 492
split the outgoings edges: 46 1 45 46
add node: MDDNode(1,u_58) MDDNode(1,u_59), remove node: MDDNode(1,u_57)
1 28 65
layer 1 incoming edges: 10
choose: Contacts
split the incoming edges: 10 2 8
the value pair of raw_data is: 492
split the outgoings edges: 33 3 30 33
add node: MDDNode(1,u_60) MDDNode(1,u_61), remove node: MDDNode(1,u_55)
1 29 65
layer 1 incoming edges: 10
only split: [MDDArc('ifttt', MDDNode(0, 's'), MDDNode(1, 'u_59'))]
split the incoming edges: 10 1 9
the value pair of raw_data is: 492
split the outgoings edges: 45 11 34 45
add node: MDDNode(1,u_62) MDDNode(1,u_63), remove node: MDDNode(1,u_59)
1 30 65
layer 1 incoming edges: 9
only split: [MDDArc('giphy', MDDNode(0, 's'), MDDNode(1, 'u_8'))]
split the incoming edges: 9 1 8
the value pair of raw_data is: 492
split the outgoings edges: 35 3 32 35
add node: MDDNode(1,u_64) MDDNode(1,u_65), remove node: MDDNode(1,u_8)
1 31 65
layer 1 incoming edges: 9
only split: [MDDArc('the_new_york_times', MDDNode(0, 's'), MDDNode(1, 'u_63'))]
split the incoming edges: 9 1 8
the value pair of raw_data is: 492
split the outgoings edges: 34 8 26 34
add node: MDDNode(1,u_66) MDDNode(1,u_67), remove node: MDDNode(1,u_63)
1 32 65
layer 1 incoming edges: 8
choose: Developer tools
split the incoming edges: 8 1 7
the value pair of raw_data is: 492
split the outgoings edges: 30 5 25 30
add node: MDDNode(1,u_68) MDDNode(1,u_69), remove node: MDDNode(1,u_61)
1 33 65
layer 1 incoming edges: 8
only split: [MDDArc('vimeo', MDDNode(0, 's'), MDDNode(1, 'u_65'))]
split the incoming edges: 8 1 7
the value pair of raw_data is: 492
split the outgoings edges: 32 6 28 34
add node: MDDNode(1,u_70) MDDNode(1,u_71), remove node: MDDNode(1,u_65)
1 34 65
layer 1 incoming edges: 8
only split: [MDDArc('instyle', MDDNode(0, 's'), MDDNode(1, 'u_67'))]
split the incoming edges: 8 1 7
the value pair of raw_data is: 492
split the outgoings edges: 26 2 26 28
add node: MDDNode(1,u_72) MDDNode(1,u_73), remove node: MDDNode(1,u_67)
1 35 65
layer 1 incoming edges: 7
only split: [MDDArc('chain', MDDNode(0, 's'), MDDNode(1, 'u_10'))]
split the incoming edges: 7 1 6
the value pair of raw_data is: 492
split the outgoings edges: 21 1 20 21
add node: MDDNode(1,u_74) MDDNode(1,u_75), remove node: MDDNode(1,u_10)
1 36 65
layer 1 incoming edges: 7
only split: [MDDArc('reddit', MDDNode(0, 's'), MDDNode(1, 'u_12'))]
split the incoming edges: 7 1 6
the value pair of raw_data is: 492
split the outgoings edges: 55 9 47 56
add node: MDDNode(1,u_76) MDDNode(1,u_77), remove node: MDDNode(1,u_12)
1 37 65
layer 1 incoming edges: 7
choose: Journaling & personal data
split the incoming edges: 7 1 6
the value pair of raw_data is: 492
split the outgoings edges: 25 3 22 25
add node: MDDNode(1,u_78) MDDNode(1,u_79), remove node: MDDNode(1,u_69)
1 38 65
layer 1 incoming edges: 7
only split: [MDDArc('stockimo', MDDNode(0, 's'), MDDNode(1, 'u_71'))]
split the incoming edges: 7 1 6
the value pair of raw_data is: 492
split the outgoings edges: 28 6 22 28
add node: MDDNode(1,u_80) MDDNode(1,u_81), remove node: MDDNode(1,u_71)
1 39 65
layer 1 incoming edges: 7
only split: [MDDArc('newsblur', MDDNode(0, 's'), MDDNode(1, 'u_73'))]
split the incoming edges: 7 1 6
the value pair of raw_data is: 492
split the outgoings edges: 26 4 22 26
add node: MDDNode(1,u_82) MDDNode(1,u_83), remove node: MDDNode(1,u_73)
1 40 65
layer 1 incoming edges: 6
only split: [MDDArc('ebay', MDDNode(0, 's'), MDDNode(1, 'u_14'))]
split the incoming edges: 6 1 5
the value pair of raw_data is: 492
split the outgoings edges: 23 1 22 23
add node: MDDNode(1,u_84) MDDNode(1,u_85), remove node: MDDNode(1,u_14)
1 41 65
layer 1 incoming edges: 6
only split: [MDDArc('instapaper', MDDNode(0, 's'), MDDNode(1, 'u_16'))]
split the incoming edges: 6 1 5
the value pair of raw_data is: 492
split the outgoings edges: 12 5 7 12
add node: MDDNode(1,u_86) MDDNode(1,u_87), remove node: MDDNode(1,u_16)
1 42 65
layer 1 incoming edges: 6
only split: [MDDArc('up_by_jawbone', MDDNode(0, 's'), MDDNode(1, 'u_75'))]
split the incoming edges: 6 1 5
the value pair of raw_data is: 492
split the outgoings edges: 20 13 7 20
add node: MDDNode(1,u_88) MDDNode(1,u_89), remove node: MDDNode(1,u_75)
1 43 65
layer 1 incoming edges: 6
only split: [MDDArc('foursquare', MDDNode(0, 's'), MDDNode(1, 'u_77'))]
split the incoming edges: 6 1 5
the value pair of raw_data is: 492
split the outgoings edges: 47 7 40 47
add node: MDDNode(1,u_90) MDDNode(1,u_91), remove node: MDDNode(1,u_77)
1 44 65
layer 1 incoming edges: 6
choose: Music
split the incoming edges: 6 1 5
the value pair of raw_data is: 492
split the outgoings edges: 22 4 18 22
add node: MDDNode(1,u_92) MDDNode(1,u_93), remove node: MDDNode(1,u_79)
1 45 65
layer 1 incoming edges: 6
only split: [MDDArc('flickr', MDDNode(0, 's'), MDDNode(1, 'u_81'))]
split the incoming edges: 6 1 5
the value pair of raw_data is: 492
split the outgoings edges: 22 5 17 22
add node: MDDNode(1,u_94) MDDNode(1,u_95), remove node: MDDNode(1,u_81)
1 46 65
layer 1 incoming edges: 6
only split: [MDDArc('feedly', MDDNode(0, 's'), MDDNode(1, 'u_83'))]
split the incoming edges: 6 1 5
the value pair of raw_data is: 492
split the outgoings edges: 22 4 18 22
add node: MDDNode(1,u_96) MDDNode(1,u_97), remove node: MDDNode(1,u_83)
1 47 65
layer 1 incoming edges: 5
only split: [MDDArc('manything', MDDNode(0, 's'), MDDNode(1, 'u_18'))]
split the incoming edges: 5 1 4
the value pair of raw_data is: 492
split the outgoings edges: 18 3 15 18
add node: MDDNode(1,u_98) MDDNode(1,u_99), remove node: MDDNode(1,u_18)
1 48 65
layer 1 incoming edges: 5
only split: [MDDArc('boxoh_package_tracking', MDDNode(0, 's'), MDDNode(1, 'u_85'))]
split the incoming edges: 5 1 4
the value pair of raw_data is: 492
split the outgoings edges: 22 1 21 22
add node: MDDNode(1,u_100) MDDNode(1,u_101), remove node: MDDNode(1,u_85)
1 49 65
layer 1 incoming edges: 5
only split: [MDDArc('diigo', MDDNode(0, 's'), MDDNode(1, 'u_87'))]
split the incoming edges: 5 1 4
the value pair of raw_data is: 492
split the outgoings edges: 7 2 7 9
add node: MDDNode(1,u_102) MDDNode(1,u_103), remove node: MDDNode(1,u_87)
1 50 65
layer 1 incoming edges: 5
only split: [MDDArc('yo', MDDNode(0, 's'), MDDNode(1, 'u_89'))]
split the incoming edges: 5 1 4
the value pair of raw_data is: 492
split the outgoings edges: 7 1 6 7
add node: MDDNode(1,u_104) MDDNode(1,u_105), remove node: MDDNode(1,u_89)
1 51 65
layer 1 incoming edges: 5
only split: [MDDArc('facebook', MDDNode(0, 's'), MDDNode(1, 'u_91'))]
split the incoming edges: 5 1 4
the value pair of raw_data is: 492
split the outgoings edges: 40 10 30 40
add node: MDDNode(1,u_106) MDDNode(1,u_107), remove node: MDDNode(1,u_91)
1 52 65
layer 1 incoming edges: 5
choose: Location
split the incoming edges: 5 1 4
the value pair of raw_data is: 492
split the outgoings edges: 18 3 15 18
add node: MDDNode(1,u_108) MDDNode(1,u_109), remove node: MDDNode(1,u_93)
1 53 65
layer 1 incoming edges: 5
only split: [MDDArc('dailymotion', MDDNode(0, 's'), MDDNode(1, 'u_95'))]
split the incoming edges: 5 1 4
the value pair of raw_data is: 492
split the outgoings edges: 17 3 14 17
add node: MDDNode(1,u_110) MDDNode(1,u_111), remove node: MDDNode(1,u_95)
1 54 65
layer 1 incoming edges: 5
only split: [MDDArc('sports_illustrated', MDDNode(0, 's'), MDDNode(1, 'u_97'))]
split the incoming edges: 5 1 4
the value pair of raw_data is: 492
split the outgoings edges: 18 2 18 20
add node: MDDNode(1,u_112) MDDNode(1,u_113), remove node: MDDNode(1,u_97)
1 55 65
layer 1 incoming edges: 4
only split: [MDDArc('android_device', MDDNode(0, 's'), MDDNode(1, 'u_20'))]
split the incoming edges: 4 1 3
the value pair of raw_data is: 492
split the outgoings edges: 12 6 6 12
add node: MDDNode(1,u_114) MDDNode(1,u_115), remove node: MDDNode(1,u_20)
1 56 65
layer 1 incoming edges: 4
only split: [MDDArc('gumroad', MDDNode(0, 's'), MDDNode(1, 'u_22'))]
split the incoming edges: 4 1 3
the value pair of raw_data is: 492
split the outgoings edges: 17 1 16 17
add node: MDDNode(1,u_116) MDDNode(1,u_117), remove node: MDDNode(1,u_22)
1 57 65
layer 1 incoming edges: 4
only split: [MDDArc('fitbit', MDDNode(0, 's'), MDDNode(1, 'u_24'))]
split the incoming edges: 4 1 3
the value pair of raw_data is: 492
split the outgoings edges: 26 11 19 30
add node: MDDNode(1,u_118) MDDNode(1,u_119), remove node: MDDNode(1,u_24)
1 58 65
layer 1 incoming edges: 4
only split: [MDDArc('myfox_homecontrol', MDDNode(0, 's'), MDDNode(1, 'u_99'))]
split the incoming edges: 4 1 3
the value pair of raw_data is: 492
split the outgoings edges: 15 5 10 15
add node: MDDNode(1,u_120) MDDNode(1,u_121), remove node: MDDNode(1,u_99)
1 59 65
layer 1 incoming edges: 4
only split: [MDDArc('fiverr', MDDNode(0, 's'), MDDNode(1, 'u_101'))]
split the incoming edges: 4 1 3
the value pair of raw_data is: 492
split the outgoings edges: 21 9 12 21
add node: MDDNode(1,u_122) MDDNode(1,u_123), remove node: MDDNode(1,u_101)
1 60 65
layer 1 incoming edges: 4
only split: [MDDArc('bitly', MDDNode(0, 's'), MDDNode(1, 'u_103'))]
split the incoming edges: 4 1 3
the value pair of raw_data is: 492
split the outgoings edges: 7 1 6 7
add node: MDDNode(1,u_124) MDDNode(1,u_125), remove node: MDDNode(1,u_103)
1 61 65
layer 1 incoming edges: 4
only split: [MDDArc('eyefi', MDDNode(0, 's'), MDDNode(1, 'u_105'))]
split the incoming edges: 4 1 3
the value pair of raw_data is: 492
split the outgoings edges: 6 2 4 6
add node: MDDNode(1,u_126) MDDNode(1,u_127), remove node: MDDNode(1,u_105)
1 62 65
layer 1 incoming edges: 4
only split: [MDDArc('instagram', MDDNode(0, 's'), MDDNode(1, 'u_107'))]
split the incoming edges: 4 1 3
the value pair of raw_data is: 492
split the outgoings edges: 30 12 18 30
add node: MDDNode(1,u_128) MDDNode(1,u_129), remove node: MDDNode(1,u_107)
1 63 65
layer 1 incoming edges: 4
choose: Cloud storage
split the incoming edges: 4 1 3
the value pair of raw_data is: 492
split the outgoings edges: 15 2 13 15
add node: MDDNode(1,u_130) MDDNode(1,u_131), remove node: MDDNode(1,u_109)
1 64 65
layer 1 incoming edges: 4
only split: [MDDArc('500px', MDDNode(0, 's'), MDDNode(1, 'u_111'))]
split the incoming edges: 4 1 3
the value pair of raw_data is: 492
split the outgoings edges: 14 6 8 14
add node: MDDNode(1,u_132) MDDNode(1,u_133), remove node: MDDNode(1,u_111)
dump to the pickle
the graph width list : [1, 65, 1, 1, 1, 1]
it 1 train 0.3448   train_h 0.1638   train_v 0.9385   dev 0.2970   dev_h 0.1757   dev_v 0.9332   new_test 0.3599   new_test_h 0.1600   new_test_v 0.9422   save acc: 0.3599 T: 2020-01-10T15:10 
it 2 train 0.4339   train_h 0.1415   train_v 0.9472   dev 0.3472   dev_h 0.1632   dev_v 0.9392   new_test 0.4387   new_test_h 0.1403   new_test_v 0.9592   save acc: 0.4387 T: 2020-01-10T15:12 
it 3 train 0.4841   train_h 0.1290   train_v 0.9500   dev 0.3459   dev_h 0.1635   dev_v 0.9407   new_test 0.4606   new_test_h 0.1349   new_test_v 0.9478   
it 4 train 0.5247   train_h 0.1188   train_v 0.9532   dev 0.3556   dev_h 0.1611   dev_v 0.9419   new_test 0.4638   new_test_h 0.1340   new_test_v 0.9551   save acc: 0.4638 T: 2020-01-10T15:15 
it 5 train 0.5546   train_h 0.1114   train_v 0.9567   dev 0.3484   dev_h 0.1629   dev_v 0.9438   new_test 0.4727   new_test_h 0.1318   new_test_v 0.9531   
it 6 train 0.5785   train_h 0.1054   train_v 0.9560   dev 0.3500   dev_h 0.1625   dev_v 0.9364   new_test 0.4695   new_test_h 0.1326   new_test_v 0.9588   
it 7 train 0.5959   train_h 0.1010   train_v 0.9588   dev 0.3532   dev_h 0.1617   dev_v 0.9378   new_test 0.4772   new_test_h 0.1307   new_test_v 0.9535   
it 8 train 0.6101   train_h 0.0975   train_v 0.9599   dev 0.3517   dev_h 0.1621   dev_v 0.9366   new_test 0.4679   new_test_h 0.1330   new_test_v 0.9559   
it 9 train 0.6233   train_h 0.0942   train_v 0.9619   dev 0.3508   dev_h 0.1623   dev_v 0.9371   new_test 0.4662   new_test_h 0.1334   new_test_v 0.9547   
it 10 train 0.6315   train_h 0.0921   train_v 0.9615   dev 0.3520   dev_h 0.1620   dev_v 0.9313   new_test 0.4751   new_test_h 0.1312   new_test_v 0.9559   
it 11 train 0.6399   train_h 0.0900   train_v 0.9613   dev 0.3484   dev_h 0.1629   dev_v 0.9308   new_test 0.4707   new_test_h 0.1323   new_test_v 0.9547   
it 12 train 0.6449   train_h 0.0888   train_v 0.9633   dev 0.3532   dev_h 0.1617   dev_v 0.9392   new_test 0.4687   new_test_h 0.1328   new_test_v 0.9490   
it 13 train 0.6510   train_h 0.0873   train_v 0.9644   dev 0.3500   dev_h 0.1625   dev_v 0.9308   new_test 0.4747   new_test_h 0.1313   new_test_v 0.9539   
it 14 train 0.6552   train_h 0.0862   train_v 0.9644   dev 0.3469   dev_h 0.1633   dev_v 0.9327   new_test 0.4699   new_test_h 0.1325   new_test_v 0.9499   
it 15 train 0.6577   train_h 0.0856   train_v 0.9641   dev 0.3517   dev_h 0.1621   dev_v 0.9335   new_test 0.4695   new_test_h 0.1326   new_test_v 0.9535   
it 16 train 0.6599   train_h 0.0850   train_v 0.9635   dev 0.3491   dev_h 0.1627   dev_v 0.9347   new_test 0.4691   new_test_h 0.1327   new_test_v 0.9527   
