args Namespace(config='configs/config_l.json', dataset='dataset/IFTTT/msr_data.pkl', load_model=None, mode='train', output='model/ifttt/width-57/', width='57')
configure: {'max_word_id': 4000, 'bidirectional': True, 'cell_type': 'gru', 'decoder': 'attention', 'embedding_size': 160, 'keep_prob': 0.45, 'memory_size': 25, 'num_units': 160, 'use_embedding': True, 'epoches': 15, 'batch_size': 32, 'init': {'name': 'random_uniform_initializer', 'scale': 0.1}, 'lr_scheduler': {'decay_steps': 5000, 'init_lr': 0.002, 'decay_rate': 0.9, 'staircase': True}, 'max_grad_norm': 1, 'optimizer': 'AdamOptimizer'}
# path 8549
model/ifttt/width-57/dataset-w-57.pkl
load raw and dump to file
numArcLayers: 5
1 1 57
layer 1 incoming edges: 111
choose: News & information
split the incoming edges: 111 13 98
the value pair of raw_data is: 492
split the outgoings edges: 443 60 386 446
add node: MDDNode(1,u_6) MDDNode(1,u_7), remove node: MDDNode(1,u_1)
1 2 57
layer 1 incoming edges: 98
choose: Photo & video
split the incoming edges: 98 9 89
the value pair of raw_data is: 492
split the outgoings edges: 386 35 351 386
add node: MDDNode(1,u_8) MDDNode(1,u_9), remove node: MDDNode(1,u_7)
1 3 57
layer 1 incoming edges: 89
choose: Social networks
split the incoming edges: 89 7 82
the value pair of raw_data is: 492
split the outgoings edges: 351 55 296 351
add node: MDDNode(1,u_10) MDDNode(1,u_11), remove node: MDDNode(1,u_9)
1 4 57
layer 1 incoming edges: 82
choose: Others
split the incoming edges: 82 7 75
the value pair of raw_data is: 492
split the outgoings edges: 296 21 280 301
add node: MDDNode(1,u_12) MDDNode(1,u_13), remove node: MDDNode(1,u_11)
1 5 57
layer 1 incoming edges: 75
choose: Shopping
split the incoming edges: 75 6 69
the value pair of raw_data is: 492
split the outgoings edges: 280 23 257 280
add node: MDDNode(1,u_14) MDDNode(1,u_15), remove node: MDDNode(1,u_13)
1 6 57
layer 1 incoming edges: 69
choose: Bookmarking
split the incoming edges: 69 6 63
the value pair of raw_data is: 492
split the outgoings edges: 257 12 245 257
add node: MDDNode(1,u_16) MDDNode(1,u_17), remove node: MDDNode(1,u_15)
1 7 57
layer 1 incoming edges: 63
choose: Security & monitoring systems
split the incoming edges: 63 5 58
the value pair of raw_data is: 492
split the outgoings edges: 245 18 228 246
add node: MDDNode(1,u_18) MDDNode(1,u_19), remove node: MDDNode(1,u_17)
1 8 57
layer 1 incoming edges: 58
choose: Health & fitness
split the incoming edges: 58 4 54
the value pair of raw_data is: 492
split the outgoings edges: 228 26 203 229
add node: MDDNode(1,u_20) MDDNode(1,u_21), remove node: MDDNode(1,u_19)
1 9 57
layer 1 incoming edges: 54
choose: Mobile devices & accessories
split the incoming edges: 54 4 50
the value pair of raw_data is: 492
split the outgoings edges: 203 12 191 203
add node: MDDNode(1,u_22) MDDNode(1,u_23), remove node: MDDNode(1,u_21)
1 10 57
layer 1 incoming edges: 50
choose: Finance & payments
split the incoming edges: 50 4 46
the value pair of raw_data is: 492
split the outgoings edges: 191 17 174 191
add node: MDDNode(1,u_24) MDDNode(1,u_25), remove node: MDDNode(1,u_23)
1 11 57
layer 1 incoming edges: 46
choose: Blogging
split the incoming edges: 46 3 43
the value pair of raw_data is: 492
split the outgoings edges: 174 13 161 174
add node: MDDNode(1,u_26) MDDNode(1,u_27), remove node: MDDNode(1,u_25)
1 12 57
layer 1 incoming edges: 43
choose: Gardening
split the incoming edges: 43 3 40
the value pair of raw_data is: 492
split the outgoings edges: 161 9 152 161
add node: MDDNode(1,u_28) MDDNode(1,u_29), remove node: MDDNode(1,u_27)
1 13 57
layer 1 incoming edges: 40
choose: Smart hubs & systems
split the incoming edges: 40 3 37
the value pair of raw_data is: 492
split the outgoings edges: 152 20 138 158
add node: MDDNode(1,u_30) MDDNode(1,u_31), remove node: MDDNode(1,u_29)
1 14 57
layer 1 incoming edges: 37
choose: Weather
split the incoming edges: 37 3 34
the value pair of raw_data is: 492
split the outgoings edges: 138 30 110 140
add node: MDDNode(1,u_32) MDDNode(1,u_33), remove node: MDDNode(1,u_31)
1 15 57
layer 1 incoming edges: 34
choose: Power monitoring & management
split the incoming edges: 34 3 31
the value pair of raw_data is: 492
split the outgoings edges: 110 11 101 112
add node: MDDNode(1,u_34) MDDNode(1,u_35), remove node: MDDNode(1,u_33)
1 16 57
layer 1 incoming edges: 31
choose: Notifications
split the incoming edges: 31 3 28
the value pair of raw_data is: 492
split the outgoings edges: 101 4 97 101
add node: MDDNode(1,u_36) MDDNode(1,u_37), remove node: MDDNode(1,u_35)
1 17 57
layer 1 incoming edges: 28
choose: Email
split the incoming edges: 28 3 25
the value pair of raw_data is: 492
split the outgoings edges: 97 10 87 97
add node: MDDNode(1,u_38) MDDNode(1,u_39), remove node: MDDNode(1,u_37)
1 18 57
layer 1 incoming edges: 25
choose: Environment control & monitoring
split the incoming edges: 25 3 22
the value pair of raw_data is: 492
split the outgoings edges: 87 9 78 87
add node: MDDNode(1,u_40) MDDNode(1,u_41), remove node: MDDNode(1,u_39)
1 19 57
layer 1 incoming edges: 22
choose: Task management & to-dos
split the incoming edges: 22 2 20
the value pair of raw_data is: 492
split the outgoings edges: 78 11 67 78
add node: MDDNode(1,u_42) MDDNode(1,u_43), remove node: MDDNode(1,u_41)
1 20 57
layer 1 incoming edges: 20
choose: Communication
split the incoming edges: 20 2 18
the value pair of raw_data is: 492
split the outgoings edges: 67 12 55 67
add node: MDDNode(1,u_44) MDDNode(1,u_45), remove node: MDDNode(1,u_43)
1 21 57
layer 1 incoming edges: 18
choose: Contacts
split the incoming edges: 18 2 16
the value pair of raw_data is: 492
split the outgoings edges: 55 3 52 55
add node: MDDNode(1,u_46) MDDNode(1,u_47), remove node: MDDNode(1,u_45)
1 22 57
layer 1 incoming edges: 16
choose: Calendars & scheduling
split the incoming edges: 16 2 14
the value pair of raw_data is: 492
split the outgoings edges: 52 8 44 52
add node: MDDNode(1,u_48) MDDNode(1,u_49), remove node: MDDNode(1,u_47)
1 23 57
layer 1 incoming edges: 14
choose: Connected car
split the incoming edges: 14 2 12
the value pair of raw_data is: 492
split the outgoings edges: 44 10 34 44
add node: MDDNode(1,u_50) MDDNode(1,u_51), remove node: MDDNode(1,u_49)
1 24 57
layer 1 incoming edges: 13
only split: [MDDArc('feedly', MDDNode(0, 's'), MDDNode(1, 'u_6'))]
split the incoming edges: 13 1 12
the value pair of raw_data is: 492
split the outgoings edges: 60 4 56 60
add node: MDDNode(1,u_52) MDDNode(1,u_53), remove node: MDDNode(1,u_6)
1 25 57
layer 1 incoming edges: 12
choose: DIY electronics
split the incoming edges: 12 2 10
the value pair of raw_data is: 492
split the outgoings edges: 34 2 32 34
add node: MDDNode(1,u_54) MDDNode(1,u_55), remove node: MDDNode(1,u_51)
1 26 57
layer 1 incoming edges: 12
only split: [MDDArc('espn', MDDNode(0, 's'), MDDNode(1, 'u_53'))]
split the incoming edges: 12 1 11
the value pair of raw_data is: 492
split the outgoings edges: 56 6 50 56
add node: MDDNode(1,u_56) MDDNode(1,u_57), remove node: MDDNode(1,u_53)
1 27 57
layer 1 incoming edges: 11
only split: [MDDArc('instyle', MDDNode(0, 's'), MDDNode(1, 'u_57'))]
split the incoming edges: 11 1 10
the value pair of raw_data is: 492
split the outgoings edges: 50 2 50 52
add node: MDDNode(1,u_58) MDDNode(1,u_59), remove node: MDDNode(1,u_57)
1 28 57
layer 1 incoming edges: 10
choose: Appliances
split the incoming edges: 10 2 8
the value pair of raw_data is: 492
split the outgoings edges: 32 2 30 32
add node: MDDNode(1,u_60) MDDNode(1,u_61), remove node: MDDNode(1,u_55)
1 29 57
layer 1 incoming edges: 10
only split: [MDDArc('feed', MDDNode(0, 's'), MDDNode(1, 'u_59'))]
split the incoming edges: 10 1 9
the value pair of raw_data is: 492
split the outgoings edges: 50 2 48 50
add node: MDDNode(1,u_62) MDDNode(1,u_63), remove node: MDDNode(1,u_59)
1 30 57
layer 1 incoming edges: 9
only split: [MDDArc('giphy', MDDNode(0, 's'), MDDNode(1, 'u_8'))]
split the incoming edges: 9 1 8
the value pair of raw_data is: 492
split the outgoings edges: 35 3 32 35
add node: MDDNode(1,u_64) MDDNode(1,u_65), remove node: MDDNode(1,u_8)
1 31 57
layer 1 incoming edges: 9
only split: [MDDArc('newsblur', MDDNode(0, 's'), MDDNode(1, 'u_63'))]
split the incoming edges: 9 1 8
the value pair of raw_data is: 492
split the outgoings edges: 48 4 44 48
add node: MDDNode(1,u_66) MDDNode(1,u_67), remove node: MDDNode(1,u_63)
1 32 57
layer 1 incoming edges: 8
choose: Lighting
split the incoming edges: 8 1 7
the value pair of raw_data is: 492
split the outgoings edges: 30 3 27 30
add node: MDDNode(1,u_68) MDDNode(1,u_69), remove node: MDDNode(1,u_61)
1 33 57
layer 1 incoming edges: 8
only split: [MDDArc('vimeo', MDDNode(0, 's'), MDDNode(1, 'u_65'))]
split the incoming edges: 8 1 7
the value pair of raw_data is: 492
split the outgoings edges: 32 6 28 34
add node: MDDNode(1,u_70) MDDNode(1,u_71), remove node: MDDNode(1,u_65)
1 34 57
layer 1 incoming edges: 8
only split: [MDDArc('sports_illustrated', MDDNode(0, 's'), MDDNode(1, 'u_67'))]
split the incoming edges: 8 1 7
the value pair of raw_data is: 492
split the outgoings edges: 44 2 44 46
add node: MDDNode(1,u_72) MDDNode(1,u_73), remove node: MDDNode(1,u_67)
1 35 57
layer 1 incoming edges: 7
only split: [MDDArc('twitter', MDDNode(0, 's'), MDDNode(1, 'u_10'))]
split the incoming edges: 7 1 6
the value pair of raw_data is: 492
split the outgoings edges: 55 10 45 55
add node: MDDNode(1,u_74) MDDNode(1,u_75), remove node: MDDNode(1,u_10)
1 36 57
layer 1 incoming edges: 7
only split: [MDDArc('entertainment_weekly', MDDNode(0, 's'), MDDNode(1, 'u_12'))]
split the incoming edges: 7 1 6
the value pair of raw_data is: 492
split the outgoings edges: 21 2 19 21
add node: MDDNode(1,u_76) MDDNode(1,u_77), remove node: MDDNode(1,u_12)
1 37 57
layer 1 incoming edges: 7
choose: Journaling & personal data
split the incoming edges: 7 1 6
the value pair of raw_data is: 492
split the outgoings edges: 27 3 24 27
add node: MDDNode(1,u_78) MDDNode(1,u_79), remove node: MDDNode(1,u_69)
1 38 57
layer 1 incoming edges: 7
only split: [MDDArc('500px', MDDNode(0, 's'), MDDNode(1, 'u_71'))]
split the incoming edges: 7 1 6
the value pair of raw_data is: 492
split the outgoings edges: 28 6 22 28
add node: MDDNode(1,u_80) MDDNode(1,u_81), remove node: MDDNode(1,u_71)
1 39 57
layer 1 incoming edges: 7
only split: [MDDArc('time', MDDNode(0, 's'), MDDNode(1, 'u_73'))]
split the incoming edges: 7 1 6
the value pair of raw_data is: 492
split the outgoings edges: 44 2 42 44
add node: MDDNode(1,u_82) MDDNode(1,u_83), remove node: MDDNode(1,u_73)
1 40 57
layer 1 incoming edges: 6
only split: [MDDArc('boxoh_package_tracking', MDDNode(0, 's'), MDDNode(1, 'u_14'))]
split the incoming edges: 6 1 5
the value pair of raw_data is: 492
split the outgoings edges: 23 1 22 23
add node: MDDNode(1,u_84) MDDNode(1,u_85), remove node: MDDNode(1,u_14)
1 41 57
layer 1 incoming edges: 6
only split: [MDDArc('pinboard', MDDNode(0, 's'), MDDNode(1, 'u_16'))]
split the incoming edges: 6 1 5
the value pair of raw_data is: 492
split the outgoings edges: 12 2 12 14
add node: MDDNode(1,u_86) MDDNode(1,u_87), remove node: MDDNode(1,u_16)
1 42 57
layer 1 incoming edges: 6
only split: [MDDArc('reddit', MDDNode(0, 's'), MDDNode(1, 'u_75'))]
split the incoming edges: 6 1 5
the value pair of raw_data is: 492
split the outgoings edges: 45 9 37 46
add node: MDDNode(1,u_88) MDDNode(1,u_89), remove node: MDDNode(1,u_75)
1 43 57
layer 1 incoming edges: 6
only split: [MDDArc('eyefi', MDDNode(0, 's'), MDDNode(1, 'u_77'))]
split the incoming edges: 6 1 5
the value pair of raw_data is: 492
split the outgoings edges: 19 2 17 19
add node: MDDNode(1,u_90) MDDNode(1,u_91), remove node: MDDNode(1,u_77)
1 44 57
layer 1 incoming edges: 6
choose: Location
split the incoming edges: 6 1 5
the value pair of raw_data is: 492
split the outgoings edges: 24 3 21 24
add node: MDDNode(1,u_92) MDDNode(1,u_93), remove node: MDDNode(1,u_79)
1 45 57
layer 1 incoming edges: 6
only split: [MDDArc('ios_photos', MDDNode(0, 's'), MDDNode(1, 'u_81'))]
split the incoming edges: 6 1 5
the value pair of raw_data is: 492
split the outgoings edges: 22 6 19 25
add node: MDDNode(1,u_94) MDDNode(1,u_95), remove node: MDDNode(1,u_81)
1 46 57
layer 1 incoming edges: 6
only split: [MDDArc('the_new_york_times', MDDNode(0, 's'), MDDNode(1, 'u_83'))]
split the incoming edges: 6 1 5
the value pair of raw_data is: 492
split the outgoings edges: 42 8 34 42
add node: MDDNode(1,u_96) MDDNode(1,u_97), remove node: MDDNode(1,u_83)
1 47 57
layer 1 incoming edges: 5
only split: [MDDArc('wemo_motion', MDDNode(0, 's'), MDDNode(1, 'u_18'))]
split the incoming edges: 5 1 4
the value pair of raw_data is: 492
split the outgoings edges: 18 2 16 18
add node: MDDNode(1,u_98) MDDNode(1,u_99), remove node: MDDNode(1,u_18)
1 48 57
layer 1 incoming edges: 5
only split: [MDDArc('fiverr', MDDNode(0, 's'), MDDNode(1, 'u_85'))]
split the incoming edges: 5 1 4
the value pair of raw_data is: 492
split the outgoings edges: 22 9 13 22
add node: MDDNode(1,u_100) MDDNode(1,u_101), remove node: MDDNode(1,u_85)
1 49 57
layer 1 incoming edges: 5
only split: [MDDArc('diigo', MDDNode(0, 's'), MDDNode(1, 'u_87'))]
split the incoming edges: 5 1 4
the value pair of raw_data is: 492
split the outgoings edges: 12 2 12 14
add node: MDDNode(1,u_102) MDDNode(1,u_103), remove node: MDDNode(1,u_87)
1 50 57
layer 1 incoming edges: 5
only split: [MDDArc('sina_weibo', MDDNode(0, 's'), MDDNode(1, 'u_89'))]
split the incoming edges: 5 1 4
the value pair of raw_data is: 492
split the outgoings edges: 37 2 35 37
add node: MDDNode(1,u_104) MDDNode(1,u_105), remove node: MDDNode(1,u_89)
1 51 57
layer 1 incoming edges: 5
only split: [MDDArc('up_by_jawbone', MDDNode(0, 's'), MDDNode(1, 'u_91'))]
split the incoming edges: 5 1 4
the value pair of raw_data is: 492
split the outgoings edges: 17 13 4 17
add node: MDDNode(1,u_106) MDDNode(1,u_107), remove node: MDDNode(1,u_91)
1 52 57
layer 1 incoming edges: 5
choose: Pet trackers
split the incoming edges: 5 1 4
the value pair of raw_data is: 492
split the outgoings edges: 21 8 13 21
add node: MDDNode(1,u_108) MDDNode(1,u_109), remove node: MDDNode(1,u_93)
1 53 57
layer 1 incoming edges: 5
only split: [MDDArc('flickr', MDDNode(0, 's'), MDDNode(1, 'u_95'))]
split the incoming edges: 5 1 4
the value pair of raw_data is: 492
split the outgoings edges: 19 5 14 19
add node: MDDNode(1,u_110) MDDNode(1,u_111), remove node: MDDNode(1,u_95)
1 54 57
layer 1 incoming edges: 5
only split: [MDDArc('digg', MDDNode(0, 's'), MDDNode(1, 'u_97'))]
split the incoming edges: 5 1 4
the value pair of raw_data is: 492
split the outgoings edges: 34 8 26 34
add node: MDDNode(1,u_112) MDDNode(1,u_113), remove node: MDDNode(1,u_97)
1 55 57
layer 1 incoming edges: 4
only split: [MDDArc('withings', MDDNode(0, 's'), MDDNode(1, 'u_20'))]
split the incoming edges: 4 1 3
the value pair of raw_data is: 492
split the outgoings edges: 26 8 18 26
add node: MDDNode(1,u_114) MDDNode(1,u_115), remove node: MDDNode(1,u_20)
1 56 57
layer 1 incoming edges: 4
only split: [MDDArc('android_device', MDDNode(0, 's'), MDDNode(1, 'u_22'))]
split the incoming edges: 4 1 3
the value pair of raw_data is: 492
split the outgoings edges: 12 6 6 12
add node: MDDNode(1,u_116) MDDNode(1,u_117), remove node: MDDNode(1,u_22)
dump to the pickle
the graph width list : [1, 57, 1, 1, 1, 1]
it 1 train 0.3437   train_h 0.1641   train_v 0.9345   dev 0.2958   dev_h 0.1760   dev_v 0.9342   new_test 0.3635   new_test_h 0.1591   new_test_v 0.9438   save acc: 0.3635 T: 2020-01-10T10:15 
it 2 train 0.4299   train_h 0.1425   train_v 0.9434   dev 0.3332   dev_h 0.1667   dev_v 0.9342   new_test 0.4258   new_test_h 0.1436   new_test_v 0.9442   save acc: 0.4258 T: 2020-01-10T10:18 
it 3 train 0.4816   train_h 0.1296   train_v 0.9471   dev 0.3411   dev_h 0.1647   dev_v 0.9412   new_test 0.4420   new_test_h 0.1395   new_test_v 0.9571   save acc: 0.4420 T: 2020-01-10T10:21 
it 4 train 0.5233   train_h 0.1192   train_v 0.9489   dev 0.3426   dev_h 0.1644   dev_v 0.9349   new_test 0.4590   new_test_h 0.1353   new_test_v 0.9486   save acc: 0.4590 T: 2020-01-10T10:24 
it 5 train 0.5520   train_h 0.1120   train_v 0.9531   dev 0.3459   dev_h 0.1635   dev_v 0.9397   new_test 0.4618   new_test_h 0.1346   new_test_v 0.9551   save acc: 0.4618 T: 2020-01-10T10:27 
it 6 train 0.5755   train_h 0.1061   train_v 0.9544   dev 0.3438   dev_h 0.1641   dev_v 0.9339   new_test 0.4638   new_test_h 0.1340   new_test_v 0.9511   
it 7 train 0.5940   train_h 0.1015   train_v 0.9563   dev 0.3474   dev_h 0.1632   dev_v 0.9371   new_test 0.4638   new_test_h 0.1340   new_test_v 0.9539   save acc: 0.4638 T: 2020-01-10T10:33 
it 8 train 0.6101   train_h 0.0975   train_v 0.9601   dev 0.3481   dev_h 0.1630   dev_v 0.9344   new_test 0.4586   new_test_h 0.1354   new_test_v 0.9539   save acc: 0.4586 T: 2020-01-10T10:36 
it 9 train 0.6221   train_h 0.0945   train_v 0.9593   dev 0.3450   dev_h 0.1638   dev_v 0.9337   new_test 0.4614   new_test_h 0.1347   new_test_v 0.9563   
it 10 train 0.6320   train_h 0.0920   train_v 0.9589   dev 0.3452   dev_h 0.1637   dev_v 0.9318   new_test 0.4654   new_test_h 0.1336   new_test_v 0.9555   
it 11 train 0.6388   train_h 0.0903   train_v 0.9621   dev 0.3404   dev_h 0.1649   dev_v 0.9332   new_test 0.4598   new_test_h 0.1351   new_test_v 0.9527   
it 12 train 0.6441   train_h 0.0890   train_v 0.9616   dev 0.3455   dev_h 0.1636   dev_v 0.9373   new_test 0.4618   new_test_h 0.1346   new_test_v 0.9519   
it 13 train 0.6490   train_h 0.0877   train_v 0.9624   dev 0.3455   dev_h 0.1636   dev_v 0.9335   new_test 0.4630   new_test_h 0.1342   new_test_v 0.9535   
it 14 train 0.6520   train_h 0.0870   train_v 0.9631   dev 0.3467   dev_h 0.1633   dev_v 0.9330   new_test 0.4614   new_test_h 0.1347   new_test_v 0.9555   
it 15 train 0.6553   train_h 0.0862   train_v 0.9636   dev 0.3450   dev_h 0.1638   dev_v 0.9354   new_test 0.4618   new_test_h 0.1346   new_test_v 0.9539   
it 16 train 0.6577   train_h 0.0856   train_v 0.9633   dev 0.3435   dev_h 0.1641   dev_v 0.9332   new_test 0.4606   new_test_h 0.1349   new_test_v 0.9551   
