args Namespace(config='configs/config_l.json', dataset='dataset/IFTTT/msr_data.pkl', load_model=None, mode='train', output='model/ifttt/width-54/', width='54')
configure: {'max_word_id': 4000, 'bidirectional': True, 'cell_type': 'gru', 'decoder': 'attention', 'embedding_size': 160, 'keep_prob': 0.45, 'memory_size': 25, 'num_units': 160, 'use_embedding': True, 'epoches': 15, 'batch_size': 32, 'init': {'name': 'random_uniform_initializer', 'scale': 0.1}, 'lr_scheduler': {'decay_steps': 5000, 'init_lr': 0.002, 'decay_rate': 0.9, 'staircase': True}, 'max_grad_norm': 1, 'optimizer': 'AdamOptimizer'}
# path 8549
model/ifttt/width-54/dataset-w-54.pkl
load raw and dump to file
numArcLayers: 5
1 1 54
layer 1 incoming edges: 111
choose: News & information
split the incoming edges: 111 13 98
the value pair of raw_data is: 492
split the outgoings edges: 443 60 386 446
add node: MDDNode(1,u_6) MDDNode(1,u_7), remove node: MDDNode(1,u_1)
1 2 54
layer 1 incoming edges: 98
choose: Photo & video
split the incoming edges: 98 9 89
the value pair of raw_data is: 492
split the outgoings edges: 386 35 351 386
add node: MDDNode(1,u_8) MDDNode(1,u_9), remove node: MDDNode(1,u_7)
1 3 54
layer 1 incoming edges: 89
choose: Others
split the incoming edges: 89 7 82
the value pair of raw_data is: 492
split the outgoings edges: 351 21 335 356
add node: MDDNode(1,u_10) MDDNode(1,u_11), remove node: MDDNode(1,u_9)
1 4 54
layer 1 incoming edges: 82
choose: Social networks
split the incoming edges: 82 7 75
the value pair of raw_data is: 492
split the outgoings edges: 335 55 280 335
add node: MDDNode(1,u_12) MDDNode(1,u_13), remove node: MDDNode(1,u_11)
1 5 54
layer 1 incoming edges: 75
choose: Shopping
split the incoming edges: 75 6 69
the value pair of raw_data is: 492
split the outgoings edges: 280 23 257 280
add node: MDDNode(1,u_14) MDDNode(1,u_15), remove node: MDDNode(1,u_13)
1 6 54
layer 1 incoming edges: 69
choose: Bookmarking
split the incoming edges: 69 6 63
the value pair of raw_data is: 492
split the outgoings edges: 257 12 245 257
add node: MDDNode(1,u_16) MDDNode(1,u_17), remove node: MDDNode(1,u_15)
1 7 54
layer 1 incoming edges: 63
choose: Security & monitoring systems
split the incoming edges: 63 5 58
the value pair of raw_data is: 492
split the outgoings edges: 245 18 228 246
add node: MDDNode(1,u_18) MDDNode(1,u_19), remove node: MDDNode(1,u_17)
1 8 54
layer 1 incoming edges: 58
choose: Health & fitness
split the incoming edges: 58 4 54
the value pair of raw_data is: 492
split the outgoings edges: 228 26 203 229
add node: MDDNode(1,u_20) MDDNode(1,u_21), remove node: MDDNode(1,u_19)
1 9 54
layer 1 incoming edges: 54
choose: Finance & payments
split the incoming edges: 54 4 50
the value pair of raw_data is: 492
split the outgoings edges: 203 17 186 203
add node: MDDNode(1,u_22) MDDNode(1,u_23), remove node: MDDNode(1,u_21)
1 10 54
layer 1 incoming edges: 50
choose: Mobile devices & accessories
split the incoming edges: 50 4 46
the value pair of raw_data is: 492
split the outgoings edges: 186 12 174 186
add node: MDDNode(1,u_24) MDDNode(1,u_25), remove node: MDDNode(1,u_23)
1 11 54
layer 1 incoming edges: 46
choose: Email
split the incoming edges: 46 3 43
the value pair of raw_data is: 492
split the outgoings edges: 174 10 164 174
add node: MDDNode(1,u_26) MDDNode(1,u_27), remove node: MDDNode(1,u_25)
1 12 54
layer 1 incoming edges: 43
choose: Smart hubs & systems
split the incoming edges: 43 3 40
the value pair of raw_data is: 492
split the outgoings edges: 164 20 150 170
add node: MDDNode(1,u_28) MDDNode(1,u_29), remove node: MDDNode(1,u_27)
1 13 54
layer 1 incoming edges: 40
choose: Gardening
split the incoming edges: 40 3 37
the value pair of raw_data is: 492
split the outgoings edges: 150 9 141 150
add node: MDDNode(1,u_30) MDDNode(1,u_31), remove node: MDDNode(1,u_29)
1 14 54
layer 1 incoming edges: 37
choose: Weather
split the incoming edges: 37 3 34
the value pair of raw_data is: 492
split the outgoings edges: 141 30 113 143
add node: MDDNode(1,u_32) MDDNode(1,u_33), remove node: MDDNode(1,u_31)
1 15 54
layer 1 incoming edges: 34
choose: Blogging
split the incoming edges: 34 3 31
the value pair of raw_data is: 492
split the outgoings edges: 113 13 100 113
add node: MDDNode(1,u_34) MDDNode(1,u_35), remove node: MDDNode(1,u_33)
1 16 54
layer 1 incoming edges: 31
choose: Environment control & monitoring
split the incoming edges: 31 3 28
the value pair of raw_data is: 492
split the outgoings edges: 100 9 91 100
add node: MDDNode(1,u_36) MDDNode(1,u_37), remove node: MDDNode(1,u_35)
1 17 54
layer 1 incoming edges: 28
choose: Power monitoring & management
split the incoming edges: 28 3 25
the value pair of raw_data is: 492
split the outgoings edges: 91 11 82 93
add node: MDDNode(1,u_38) MDDNode(1,u_39), remove node: MDDNode(1,u_37)
1 18 54
layer 1 incoming edges: 25
choose: Notifications
split the incoming edges: 25 3 22
the value pair of raw_data is: 492
split the outgoings edges: 82 4 78 82
add node: MDDNode(1,u_40) MDDNode(1,u_41), remove node: MDDNode(1,u_39)
1 19 54
layer 1 incoming edges: 22
choose: Connected car
split the incoming edges: 22 2 20
the value pair of raw_data is: 492
split the outgoings edges: 78 10 68 78
add node: MDDNode(1,u_42) MDDNode(1,u_43), remove node: MDDNode(1,u_41)
1 20 54
layer 1 incoming edges: 20
choose: DIY electronics
split the incoming edges: 20 2 18
the value pair of raw_data is: 492
split the outgoings edges: 68 2 66 68
add node: MDDNode(1,u_44) MDDNode(1,u_45), remove node: MDDNode(1,u_43)
1 21 54
layer 1 incoming edges: 18
choose: Communication
split the incoming edges: 18 2 16
the value pair of raw_data is: 492
split the outgoings edges: 66 12 54 66
add node: MDDNode(1,u_46) MDDNode(1,u_47), remove node: MDDNode(1,u_45)
1 22 54
layer 1 incoming edges: 16
choose: Appliances
split the incoming edges: 16 2 14
the value pair of raw_data is: 492
split the outgoings edges: 54 2 52 54
add node: MDDNode(1,u_48) MDDNode(1,u_49), remove node: MDDNode(1,u_47)
1 23 54
layer 1 incoming edges: 14
choose: Contacts
split the incoming edges: 14 2 12
the value pair of raw_data is: 492
split the outgoings edges: 52 3 49 52
add node: MDDNode(1,u_50) MDDNode(1,u_51), remove node: MDDNode(1,u_49)
1 24 54
layer 1 incoming edges: 13
only split: [MDDArc('digg', MDDNode(0, 's'), MDDNode(1, 'u_6'))]
split the incoming edges: 13 1 12
the value pair of raw_data is: 492
split the outgoings edges: 60 8 52 60
add node: MDDNode(1,u_52) MDDNode(1,u_53), remove node: MDDNode(1,u_6)
1 25 54
layer 1 incoming edges: 12
choose: Calendars & scheduling
split the incoming edges: 12 2 10
the value pair of raw_data is: 492
split the outgoings edges: 49 8 41 49
add node: MDDNode(1,u_54) MDDNode(1,u_55), remove node: MDDNode(1,u_51)
1 26 54
layer 1 incoming edges: 12
only split: [MDDArc('sports_illustrated', MDDNode(0, 's'), MDDNode(1, 'u_53'))]
split the incoming edges: 12 1 11
the value pair of raw_data is: 492
split the outgoings edges: 52 2 52 54
add node: MDDNode(1,u_56) MDDNode(1,u_57), remove node: MDDNode(1,u_53)
1 27 54
layer 1 incoming edges: 11
only split: [MDDArc('feedly', MDDNode(0, 's'), MDDNode(1, 'u_57'))]
split the incoming edges: 11 1 10
the value pair of raw_data is: 492
split the outgoings edges: 52 4 48 52
add node: MDDNode(1,u_58) MDDNode(1,u_59), remove node: MDDNode(1,u_57)
1 28 54
layer 1 incoming edges: 10
choose: Task management & to-dos
split the incoming edges: 10 2 8
the value pair of raw_data is: 492
split the outgoings edges: 41 11 30 41
add node: MDDNode(1,u_60) MDDNode(1,u_61), remove node: MDDNode(1,u_55)
1 29 54
layer 1 incoming edges: 10
only split: [MDDArc('newsblur', MDDNode(0, 's'), MDDNode(1, 'u_59'))]
split the incoming edges: 10 1 9
the value pair of raw_data is: 492
split the outgoings edges: 48 4 44 48
add node: MDDNode(1,u_62) MDDNode(1,u_63), remove node: MDDNode(1,u_59)
1 30 54
layer 1 incoming edges: 9
only split: [MDDArc('500px', MDDNode(0, 's'), MDDNode(1, 'u_8'))]
split the incoming edges: 9 1 8
the value pair of raw_data is: 492
split the outgoings edges: 35 6 29 35
add node: MDDNode(1,u_64) MDDNode(1,u_65), remove node: MDDNode(1,u_8)
1 31 54
layer 1 incoming edges: 9
only split: [MDDArc('feed', MDDNode(0, 's'), MDDNode(1, 'u_63'))]
split the incoming edges: 9 1 8
the value pair of raw_data is: 492
split the outgoings edges: 44 2 42 44
add node: MDDNode(1,u_66) MDDNode(1,u_67), remove node: MDDNode(1,u_63)
1 32 54
layer 1 incoming edges: 8
choose: Cloud storage
split the incoming edges: 8 1 7
the value pair of raw_data is: 492
split the outgoings edges: 30 2 28 30
add node: MDDNode(1,u_68) MDDNode(1,u_69), remove node: MDDNode(1,u_61)
1 33 54
layer 1 incoming edges: 8
only split: [MDDArc('vimeo', MDDNode(0, 's'), MDDNode(1, 'u_65'))]
split the incoming edges: 8 1 7
the value pair of raw_data is: 492
split the outgoings edges: 29 6 25 31
add node: MDDNode(1,u_70) MDDNode(1,u_71), remove node: MDDNode(1,u_65)
1 34 54
layer 1 incoming edges: 8
only split: [MDDArc('space', MDDNode(0, 's'), MDDNode(1, 'u_67'))]
split the incoming edges: 8 1 7
the value pair of raw_data is: 492
split the outgoings edges: 42 8 34 42
add node: MDDNode(1,u_72) MDDNode(1,u_73), remove node: MDDNode(1,u_67)
1 35 54
layer 1 incoming edges: 7
only split: [MDDArc('entertainment_weekly', MDDNode(0, 's'), MDDNode(1, 'u_10'))]
split the incoming edges: 7 1 6
the value pair of raw_data is: 492
split the outgoings edges: 21 2 19 21
add node: MDDNode(1,u_74) MDDNode(1,u_75), remove node: MDDNode(1,u_10)
1 36 54
layer 1 incoming edges: 7
only split: [MDDArc('facebook', MDDNode(0, 's'), MDDNode(1, 'u_12'))]
split the incoming edges: 7 1 6
the value pair of raw_data is: 492
split the outgoings edges: 55 10 45 55
add node: MDDNode(1,u_76) MDDNode(1,u_77), remove node: MDDNode(1,u_12)
1 37 54
layer 1 incoming edges: 7
choose: Pet trackers
split the incoming edges: 7 1 6
the value pair of raw_data is: 492
split the outgoings edges: 28 8 20 28
add node: MDDNode(1,u_78) MDDNode(1,u_79), remove node: MDDNode(1,u_69)
1 38 54
layer 1 incoming edges: 7
only split: [MDDArc('youtube', MDDNode(0, 's'), MDDNode(1, 'u_71'))]
split the incoming edges: 7 1 6
the value pair of raw_data is: 492
split the outgoings edges: 25 2 23 25
add node: MDDNode(1,u_80) MDDNode(1,u_81), remove node: MDDNode(1,u_71)
1 39 54
layer 1 incoming edges: 7
only split: [MDDArc('the_new_york_times', MDDNode(0, 's'), MDDNode(1, 'u_73'))]
split the incoming edges: 7 1 6
the value pair of raw_data is: 492
split the outgoings edges: 34 8 26 34
add node: MDDNode(1,u_82) MDDNode(1,u_83), remove node: MDDNode(1,u_73)
1 40 54
layer 1 incoming edges: 6
only split: [MDDArc('best_buy', MDDNode(0, 's'), MDDNode(1, 'u_14'))]
split the incoming edges: 6 1 5
the value pair of raw_data is: 492
split the outgoings edges: 23 4 19 23
add node: MDDNode(1,u_84) MDDNode(1,u_85), remove node: MDDNode(1,u_14)
1 41 54
layer 1 incoming edges: 6
only split: [MDDArc('pocket', MDDNode(0, 's'), MDDNode(1, 'u_16'))]
split the incoming edges: 6 1 5
the value pair of raw_data is: 492
split the outgoings edges: 12 4 8 12
add node: MDDNode(1,u_86) MDDNode(1,u_87), remove node: MDDNode(1,u_16)
1 42 54
layer 1 incoming edges: 6
only split: [MDDArc('yo', MDDNode(0, 's'), MDDNode(1, 'u_75'))]
split the incoming edges: 6 1 5
the value pair of raw_data is: 492
split the outgoings edges: 19 1 18 19
add node: MDDNode(1,u_88) MDDNode(1,u_89), remove node: MDDNode(1,u_75)
1 43 54
layer 1 incoming edges: 6
only split: [MDDArc('twitter', MDDNode(0, 's'), MDDNode(1, 'u_77'))]
split the incoming edges: 6 1 5
the value pair of raw_data is: 492
split the outgoings edges: 45 10 35 45
add node: MDDNode(1,u_90) MDDNode(1,u_91), remove node: MDDNode(1,u_77)
1 44 54
layer 1 incoming edges: 6
choose: Journaling & personal data
split the incoming edges: 6 1 5
the value pair of raw_data is: 492
split the outgoings edges: 20 3 17 20
add node: MDDNode(1,u_92) MDDNode(1,u_93), remove node: MDDNode(1,u_79)
1 45 54
layer 1 incoming edges: 6
only split: [MDDArc('ios_photos', MDDNode(0, 's'), MDDNode(1, 'u_81'))]
split the incoming edges: 6 1 5
the value pair of raw_data is: 492
split the outgoings edges: 23 6 20 26
add node: MDDNode(1,u_94) MDDNode(1,u_95), remove node: MDDNode(1,u_81)
1 46 54
layer 1 incoming edges: 6
only split: [MDDArc('craigslist', MDDNode(0, 's'), MDDNode(1, 'u_83'))]
split the incoming edges: 6 1 5
the value pair of raw_data is: 492
split the outgoings edges: 26 1 25 26
add node: MDDNode(1,u_96) MDDNode(1,u_97), remove node: MDDNode(1,u_83)
1 47 54
layer 1 incoming edges: 5
only split: [MDDArc('homeboy', MDDNode(0, 's'), MDDNode(1, 'u_18'))]
split the incoming edges: 5 1 4
the value pair of raw_data is: 492
split the outgoings edges: 18 7 11 18
add node: MDDNode(1,u_98) MDDNode(1,u_99), remove node: MDDNode(1,u_18)
1 48 54
layer 1 incoming edges: 5
only split: [MDDArc('slice', MDDNode(0, 's'), MDDNode(1, 'u_85'))]
split the incoming edges: 5 1 4
the value pair of raw_data is: 492
split the outgoings edges: 19 2 17 19
add node: MDDNode(1,u_100) MDDNode(1,u_101), remove node: MDDNode(1,u_85)
1 49 54
layer 1 incoming edges: 5
only split: [MDDArc('pinboard', MDDNode(0, 's'), MDDNode(1, 'u_87'))]
split the incoming edges: 5 1 4
the value pair of raw_data is: 492
split the outgoings edges: 8 2 8 10
add node: MDDNode(1,u_102) MDDNode(1,u_103), remove node: MDDNode(1,u_87)
1 50 54
layer 1 incoming edges: 5
only split: [MDDArc('launch_center', MDDNode(0, 's'), MDDNode(1, 'u_89'))]
split the incoming edges: 5 1 4
the value pair of raw_data is: 492
split the outgoings edges: 18 1 17 18
add node: MDDNode(1,u_104) MDDNode(1,u_105), remove node: MDDNode(1,u_89)
1 51 54
layer 1 incoming edges: 5
only split: [MDDArc('facebook_pages', MDDNode(0, 's'), MDDNode(1, 'u_91'))]
split the incoming edges: 5 1 4
the value pair of raw_data is: 492
split the outgoings edges: 35 6 29 35
add node: MDDNode(1,u_106) MDDNode(1,u_107), remove node: MDDNode(1,u_91)
1 52 54
layer 1 incoming edges: 5
choose: Lighting
split the incoming edges: 5 1 4
the value pair of raw_data is: 492
split the outgoings edges: 17 3 14 17
add node: MDDNode(1,u_108) MDDNode(1,u_109), remove node: MDDNode(1,u_93)
1 53 54
layer 1 incoming edges: 5
only split: [MDDArc('android_photos', MDDNode(0, 's'), MDDNode(1, 'u_95'))]
split the incoming edges: 5 1 4
the value pair of raw_data is: 492
split the outgoings edges: 20 3 17 20
add node: MDDNode(1,u_110) MDDNode(1,u_111), remove node: MDDNode(1,u_95)
dump to the pickle
the graph width list : [1, 54, 1, 1, 1, 1]
it 1 train 0.3405   train_h 0.1649   train_v 0.9368   dev 0.2915   dev_h 0.1771   dev_v 0.9332   new_test 0.3558   new_test_h 0.1610   new_test_v 0.9361   save acc: 0.3558 T: 2020-01-10T07:47 
it 2 train 0.4295   train_h 0.1426   train_v 0.9482   dev 0.3370   dev_h 0.1657   dev_v 0.9417   new_test 0.4298   new_test_h 0.1425   new_test_v 0.9575   save acc: 0.4298 T: 2020-01-10T07:50 
it 3 train 0.4776   train_h 0.1306   train_v 0.9490   dev 0.3440   dev_h 0.1640   dev_v 0.9354   new_test 0.4549   new_test_h 0.1363   new_test_v 0.9567   save acc: 0.4549 T: 2020-01-10T07:53 
it 4 train 0.5199   train_h 0.1200   train_v 0.9508   dev 0.3464   dev_h 0.1634   dev_v 0.9330   new_test 0.4666   new_test_h 0.1333   new_test_v 0.9547   save acc: 0.4666 T: 2020-01-10T07:56 
it 5 train 0.5495   train_h 0.1126   train_v 0.9563   dev 0.3631   dev_h 0.1592   dev_v 0.9378   new_test 0.4683   new_test_h 0.1329   new_test_v 0.9592   save acc: 0.4683 T: 2020-01-10T07:59 
it 6 train 0.5730   train_h 0.1067   train_v 0.9553   dev 0.3484   dev_h 0.1629   dev_v 0.9409   new_test 0.4654   new_test_h 0.1336   new_test_v 0.9523   
it 7 train 0.5927   train_h 0.1018   train_v 0.9591   dev 0.3580   dev_h 0.1605   dev_v 0.9414   new_test 0.4650   new_test_h 0.1337   new_test_v 0.9547   
it 8 train 0.6075   train_h 0.0981   train_v 0.9588   dev 0.3493   dev_h 0.1627   dev_v 0.9354   new_test 0.4654   new_test_h 0.1336   new_test_v 0.9543   
it 9 train 0.6200   train_h 0.0950   train_v 0.9611   dev 0.3472   dev_h 0.1632   dev_v 0.9402   new_test 0.4658   new_test_h 0.1335   new_test_v 0.9495   
it 10 train 0.6289   train_h 0.0928   train_v 0.9616   dev 0.3498   dev_h 0.1625   dev_v 0.9378   new_test 0.4646   new_test_h 0.1338   new_test_v 0.9531   
it 11 train 0.6376   train_h 0.0906   train_v 0.9627   dev 0.3464   dev_h 0.1634   dev_v 0.9414   new_test 0.4674   new_test_h 0.1331   new_test_v 0.9486   
it 12 train 0.6436   train_h 0.0891   train_v 0.9634   dev 0.3496   dev_h 0.1626   dev_v 0.9429   new_test 0.4654   new_test_h 0.1336   new_test_v 0.9446   
it 13 train 0.6480   train_h 0.0880   train_v 0.9643   dev 0.3476   dev_h 0.1631   dev_v 0.9385   new_test 0.4679   new_test_h 0.1330   new_test_v 0.9486   
it 14 train 0.6515   train_h 0.0871   train_v 0.9640   dev 0.3455   dev_h 0.1636   dev_v 0.9383   new_test 0.4679   new_test_h 0.1330   new_test_v 0.9499   
it 15 train 0.6542   train_h 0.0865   train_v 0.9646   dev 0.3452   dev_h 0.1637   dev_v 0.9395   new_test 0.4691   new_test_h 0.1327   new_test_v 0.9519   
it 16 train 0.6562   train_h 0.0859   train_v 0.9635   dev 0.3435   dev_h 0.1641   dev_v 0.9373   new_test 0.4662   new_test_h 0.1334   new_test_v 0.9495   
