args Namespace(config='configs/config_l.json', dataset='dataset/IFTTT/msr_data.pkl', load_model=None, mode='train', output='model/ifttt/width-24/', width='24')
configure: {'max_word_id': 4000, 'bidirectional': True, 'cell_type': 'gru', 'decoder': 'attention', 'embedding_size': 160, 'keep_prob': 0.45, 'memory_size': 25, 'num_units': 160, 'use_embedding': True, 'epoches': 15, 'batch_size': 32, 'init': {'name': 'random_uniform_initializer', 'scale': 0.1}, 'lr_scheduler': {'decay_steps': 5000, 'init_lr': 0.002, 'decay_rate': 0.9, 'staircase': True}, 'max_grad_norm': 1, 'optimizer': 'AdamOptimizer'}
# path 8549
model/ifttt/width-24/dataset-w-24.pkl
load raw and dump to file
numArcLayers: 5
1 1 24
layer 1 incoming edges: 111
choose: News & information
split the incoming edges: 111 13 98
the value pair of raw_data is: 492
split the outgoings edges: 443 60 386 446
add node: MDDNode(1,u_6) MDDNode(1,u_7), remove node: MDDNode(1,u_1)
1 2 24
layer 1 incoming edges: 98
choose: Photo & video
split the incoming edges: 98 9 89
the value pair of raw_data is: 492
split the outgoings edges: 386 35 351 386
add node: MDDNode(1,u_8) MDDNode(1,u_9), remove node: MDDNode(1,u_7)
1 3 24
layer 1 incoming edges: 89
choose: Social networks
split the incoming edges: 89 7 82
the value pair of raw_data is: 492
split the outgoings edges: 351 55 296 351
add node: MDDNode(1,u_10) MDDNode(1,u_11), remove node: MDDNode(1,u_9)
1 4 24
layer 1 incoming edges: 82
choose: Others
split the incoming edges: 82 7 75
the value pair of raw_data is: 492
split the outgoings edges: 296 21 280 301
add node: MDDNode(1,u_12) MDDNode(1,u_13), remove node: MDDNode(1,u_11)
1 5 24
layer 1 incoming edges: 75
choose: Bookmarking
split the incoming edges: 75 6 69
the value pair of raw_data is: 492
split the outgoings edges: 280 12 268 280
add node: MDDNode(1,u_14) MDDNode(1,u_15), remove node: MDDNode(1,u_13)
1 6 24
layer 1 incoming edges: 69
choose: Shopping
split the incoming edges: 69 6 63
the value pair of raw_data is: 492
split the outgoings edges: 268 23 245 268
add node: MDDNode(1,u_16) MDDNode(1,u_17), remove node: MDDNode(1,u_15)
1 7 24
layer 1 incoming edges: 63
choose: Security & monitoring systems
split the incoming edges: 63 5 58
the value pair of raw_data is: 492
split the outgoings edges: 245 18 228 246
add node: MDDNode(1,u_18) MDDNode(1,u_19), remove node: MDDNode(1,u_17)
1 8 24
layer 1 incoming edges: 58
choose: Health & fitness
split the incoming edges: 58 4 54
the value pair of raw_data is: 492
split the outgoings edges: 228 26 203 229
add node: MDDNode(1,u_20) MDDNode(1,u_21), remove node: MDDNode(1,u_19)
1 9 24
layer 1 incoming edges: 54
choose: Finance & payments
split the incoming edges: 54 4 50
the value pair of raw_data is: 492
split the outgoings edges: 203 17 186 203
add node: MDDNode(1,u_22) MDDNode(1,u_23), remove node: MDDNode(1,u_21)
1 10 24
layer 1 incoming edges: 50
choose: Mobile devices & accessories
split the incoming edges: 50 4 46
the value pair of raw_data is: 492
split the outgoings edges: 186 12 174 186
add node: MDDNode(1,u_24) MDDNode(1,u_25), remove node: MDDNode(1,u_23)
1 11 24
layer 1 incoming edges: 46
choose: Smart hubs & systems
split the incoming edges: 46 3 43
the value pair of raw_data is: 492
split the outgoings edges: 174 20 160 180
add node: MDDNode(1,u_26) MDDNode(1,u_27), remove node: MDDNode(1,u_25)
1 12 24
layer 1 incoming edges: 43
choose: Gardening
split the incoming edges: 43 3 40
the value pair of raw_data is: 492
split the outgoings edges: 160 9 151 160
add node: MDDNode(1,u_28) MDDNode(1,u_29), remove node: MDDNode(1,u_27)
1 13 24
layer 1 incoming edges: 40
choose: Environment control & monitoring
split the incoming edges: 40 3 37
the value pair of raw_data is: 492
split the outgoings edges: 151 9 144 153
add node: MDDNode(1,u_30) MDDNode(1,u_31), remove node: MDDNode(1,u_29)
1 14 24
layer 1 incoming edges: 37
choose: Email
split the incoming edges: 37 3 34
the value pair of raw_data is: 492
split the outgoings edges: 144 10 134 144
add node: MDDNode(1,u_32) MDDNode(1,u_33), remove node: MDDNode(1,u_31)
1 15 24
layer 1 incoming edges: 34
choose: Notifications
split the incoming edges: 34 3 31
the value pair of raw_data is: 492
split the outgoings edges: 134 4 130 134
add node: MDDNode(1,u_34) MDDNode(1,u_35), remove node: MDDNode(1,u_33)
1 16 24
layer 1 incoming edges: 31
choose: Power monitoring & management
split the incoming edges: 31 3 28
the value pair of raw_data is: 492
split the outgoings edges: 130 11 121 132
add node: MDDNode(1,u_36) MDDNode(1,u_37), remove node: MDDNode(1,u_35)
1 17 24
layer 1 incoming edges: 28
choose: Weather
split the incoming edges: 28 3 25
the value pair of raw_data is: 492
split the outgoings edges: 121 30 91 121
add node: MDDNode(1,u_38) MDDNode(1,u_39), remove node: MDDNode(1,u_37)
1 18 24
layer 1 incoming edges: 25
choose: Blogging
split the incoming edges: 25 3 22
the value pair of raw_data is: 492
split the outgoings edges: 91 13 78 91
add node: MDDNode(1,u_40) MDDNode(1,u_41), remove node: MDDNode(1,u_39)
1 19 24
layer 1 incoming edges: 22
choose: Calendars & scheduling
split the incoming edges: 22 2 20
the value pair of raw_data is: 492
split the outgoings edges: 78 8 70 78
add node: MDDNode(1,u_42) MDDNode(1,u_43), remove node: MDDNode(1,u_41)
1 20 24
layer 1 incoming edges: 20
choose: Contacts
split the incoming edges: 20 2 18
the value pair of raw_data is: 492
split the outgoings edges: 70 3 67 70
add node: MDDNode(1,u_44) MDDNode(1,u_45), remove node: MDDNode(1,u_43)
1 21 24
layer 1 incoming edges: 18
choose: DIY electronics
split the incoming edges: 18 2 16
the value pair of raw_data is: 492
split the outgoings edges: 67 2 65 67
add node: MDDNode(1,u_46) MDDNode(1,u_47), remove node: MDDNode(1,u_45)
1 22 24
layer 1 incoming edges: 16
choose: Communication
split the incoming edges: 16 2 14
the value pair of raw_data is: 492
split the outgoings edges: 65 12 53 65
add node: MDDNode(1,u_48) MDDNode(1,u_49), remove node: MDDNode(1,u_47)
1 23 24
layer 1 incoming edges: 14
choose: Task management & to-dos
split the incoming edges: 14 2 12
the value pair of raw_data is: 492
split the outgoings edges: 53 11 42 53
add node: MDDNode(1,u_50) MDDNode(1,u_51), remove node: MDDNode(1,u_49)
dump to the pickle
the graph width list : [1, 24, 1, 1, 1, 1]
it 1 train 0.3344   train_h 0.1664   train_v 0.9242   dev 0.2869   dev_h 0.1783   dev_v 0.9188   new_test 0.3538   new_test_h 0.1615   new_test_v 0.9228   save acc: 0.3538 T: 2020-01-10T06:57 
it 2 train 0.4216   train_h 0.1446   train_v 0.9366   dev 0.3312   dev_h 0.1672   dev_v 0.9308   new_test 0.4197   new_test_h 0.1451   new_test_v 0.9426   save acc: 0.4197 T: 2020-01-10T07:00 
it 3 train 0.4724   train_h 0.1319   train_v 0.9394   dev 0.3399   dev_h 0.1650   dev_v 0.9219   new_test 0.4493   new_test_h 0.1377   new_test_v 0.9402   save acc: 0.4493 T: 2020-01-10T07:03 
it 4 train 0.5108   train_h 0.1223   train_v 0.9398   dev 0.3423   dev_h 0.1644   dev_v 0.9202   new_test 0.4561   new_test_h 0.1360   new_test_v 0.9397   save acc: 0.4561 T: 2020-01-10T07:06 
it 5 train 0.5418   train_h 0.1146   train_v 0.9456   dev 0.3496   dev_h 0.1626   dev_v 0.9202   new_test 0.4670   new_test_h 0.1332   new_test_v 0.9454   save acc: 0.4670 T: 2020-01-10T07:09 
it 6 train 0.5665   train_h 0.1084   train_v 0.9470   dev 0.3435   dev_h 0.1641   dev_v 0.9224   new_test 0.4594   new_test_h 0.1352   new_test_v 0.9462   
it 7 train 0.5839   train_h 0.1040   train_v 0.9511   dev 0.3486   dev_h 0.1628   dev_v 0.9267   new_test 0.4565   new_test_h 0.1359   new_test_v 0.9442   
it 8 train 0.6000   train_h 0.1000   train_v 0.9508   dev 0.3411   dev_h 0.1647   dev_v 0.9192   new_test 0.4610   new_test_h 0.1348   new_test_v 0.9482   
it 9 train 0.6120   train_h 0.0970   train_v 0.9541   dev 0.3452   dev_h 0.1637   dev_v 0.9265   new_test 0.4569   new_test_h 0.1358   new_test_v 0.9466   
it 10 train 0.6220   train_h 0.0945   train_v 0.9526   dev 0.3467   dev_h 0.1633   dev_v 0.9236   new_test 0.4577   new_test_h 0.1356   new_test_v 0.9450   
it 11 train 0.6290   train_h 0.0927   train_v 0.9546   dev 0.3462   dev_h 0.1635   dev_v 0.9212   new_test 0.4529   new_test_h 0.1368   new_test_v 0.9434   
it 12 train 0.6358   train_h 0.0911   train_v 0.9535   dev 0.3457   dev_h 0.1636   dev_v 0.9243   new_test 0.4549   new_test_h 0.1363   new_test_v 0.9426   
it 13 train 0.6407   train_h 0.0898   train_v 0.9568   dev 0.3445   dev_h 0.1639   dev_v 0.9238   new_test 0.4545   new_test_h 0.1364   new_test_v 0.9515   
it 14 train 0.6440   train_h 0.0890   train_v 0.9571   dev 0.3423   dev_h 0.1644   dev_v 0.9257   new_test 0.4509   new_test_h 0.1373   new_test_v 0.9450   
it 15 train 0.6469   train_h 0.0883   train_v 0.9573   dev 0.3445   dev_h 0.1639   dev_v 0.9270   new_test 0.4549   new_test_h 0.1363   new_test_v 0.9535   
it 16 train 0.6492   train_h 0.0877   train_v 0.9570   dev 0.3421   dev_h 0.1645   dev_v 0.9265   new_test 0.4517   new_test_h 0.1371   new_test_v 0.9490   
