args Namespace(config='configs/config_l.json', dataset='dataset/IFTTT/msr_data.pkl', load_model=None, mode='train', output='model/ifttt/width-30/', width='30')
configure: {'max_word_id': 3782, 'bidirectional': True, 'cell_type': 'lstm', 'decoder': 'attention', 'embedding_size': 100, 'keep_prob': 0.75, 'memory_size': 100, 'num_units': 100, 'use_embedding': True, 'epoches': 12, 'batch_size': 20, 'init': {'name': 'random_uniform_initializer', 'scale': 0.1}, 'lr_scheduler': {'decay_steps': 5000, 'init_lr': 0.02, 'decay_rate': 0.9, 'staircase': True}, 'max_grad_norm': 1, 'optimizer': 'AdamOptimizer'}
# path 8549
model/ifttt/width-30/dataset-w-30.pkl
load raw and dump to file
numArcLayers: 5
layer:1, node:MDDNode(1,u_1), in=111, out=443
choose: News & information
split in: 111 -> (98,13)
split out: 443 -> (386,60,446)
add: MDDNode(1,u-6) MDDNode(1,u-7), del:MDDNode(1,u_1)
2 (13,60) (98,386) 
layer:1, node:MDDNode(1,u-7), in=98, out=386
choose: Photo & video
split in: 98 -> (89,9)
split out: 386 -> (351,35,386)
add: MDDNode(1,u-8) MDDNode(1,u-9), del:MDDNode(1,u-7)
3 (13,60) (9,35) (89,351) 
layer:1, node:MDDNode(1,u-9), in=89, out=351
choose: Social networks
split in: 89 -> (82,7)
split out: 351 -> (296,55,351)
add: MDDNode(1,u-10) MDDNode(1,u-11), del:MDDNode(1,u-9)
4 (13,60) (9,35) (7,55) (82,296) 
layer:1, node:MDDNode(1,u-11), in=82, out=296
choose: Others
split in: 82 -> (75,7)
split out: 296 -> (280,21,301)
add: MDDNode(1,u-12) MDDNode(1,u-13), del:MDDNode(1,u-11)
5 (13,60) (9,35) (7,55) (7,21) (75,280) 
layer:1, node:MDDNode(1,u-13), in=75, out=280
choose: Shopping
split in: 75 -> (69,6)
split out: 280 -> (257,23,280)
add: MDDNode(1,u-14) MDDNode(1,u-15), del:MDDNode(1,u-13)
6 (13,60) (9,35) (7,55) (7,21) (6,23) (69,257) 
layer:1, node:MDDNode(1,u-15), in=69, out=257
choose: Bookmarking
split in: 69 -> (63,6)
split out: 257 -> (245,12,257)
add: MDDNode(1,u-16) MDDNode(1,u-17), del:MDDNode(1,u-15)
7 (13,60) (9,35) (7,55) (7,21) (6,23) (6,12) (63,245) 
layer:1, node:MDDNode(1,u-17), in=63, out=245
choose: Security & monitoring systems
split in: 63 -> (58,5)
split out: 245 -> (228,18,246)
add: MDDNode(1,u-18) MDDNode(1,u-19), del:MDDNode(1,u-17)
8 (13,60) (9,35) (7,55) (7,21) (6,23) (6,12) (5,18) (58,228) 
layer:1, node:MDDNode(1,u-19), in=58, out=228
choose: Mobile devices & accessories
split in: 58 -> (54,4)
split out: 228 -> (216,12,228)
add: MDDNode(1,u-20) MDDNode(1,u-21), del:MDDNode(1,u-19)
9 (13,60) (9,35) (7,55) (7,21) (6,23) (6,12) (5,18) (4,12) (54,216) 
layer:1, node:MDDNode(1,u-21), in=54, out=216
choose: Finance & payments
split in: 54 -> (50,4)
split out: 216 -> (199,17,216)
add: MDDNode(1,u-22) MDDNode(1,u-23), del:MDDNode(1,u-21)
10 (13,60) (9,35) (7,55) (7,21) (6,23) (6,12) (5,18) (4,12) (4,17) (50,199) 
layer:1, node:MDDNode(1,u-23), in=50, out=199
choose: Health & fitness
split in: 50 -> (46,4)
split out: 199 -> (174,26,200)
add: MDDNode(1,u-24) MDDNode(1,u-25), del:MDDNode(1,u-23)
11 (13,60) (9,35) (7,55) (7,21) (6,23) (6,12) (5,18) (4,12) (4,17) (4,26) (46,174) 
layer:1, node:MDDNode(1,u-25), in=46, out=174
choose: Weather
split in: 46 -> (43,3)
split out: 174 -> (148,30,178)
add: MDDNode(1,u-26) MDDNode(1,u-27), del:MDDNode(1,u-25)
12 (13,60) (9,35) (7,55) (7,21) (6,23) (6,12) (5,18) (4,12) (4,17) (4,26) (3,30) (43,148) 
layer:1, node:MDDNode(1,u-27), in=43, out=148
choose: Communication
split in: 43 -> (40,3)
split out: 148 -> (135,13,148)
add: MDDNode(1,u-28) MDDNode(1,u-29), del:MDDNode(1,u-27)
13 (13,60) (9,35) (7,55) (7,21) (6,23) (6,12) (5,18) (4,12) (4,17) (4,26) (3,30) (3,13) (40,135) 
layer:1, node:MDDNode(1,u-29), in=40, out=135
choose: Gardening
split in: 40 -> (37,3)
split out: 135 -> (126,9,135)
add: MDDNode(1,u-30) MDDNode(1,u-31), del:MDDNode(1,u-29)
14 (13,60) (9,35) (7,55) (7,21) (6,23) (6,12) (5,18) (4,12) (4,17) (4,26) (3,30) (3,13) (3,9) (37,126) 
layer:1, node:MDDNode(1,u-31), in=37, out=126
choose: Environment control & monitoring
split in: 37 -> (34,3)
split out: 126 -> (119,9,128)
add: MDDNode(1,u-32) MDDNode(1,u-33), del:MDDNode(1,u-31)
15 (13,60) (9,35) (7,55) (7,21) (6,23) (6,12) (5,18) (4,12) (4,17) (4,26) (3,30) (3,13) (3,9) (3,9) (34,119) 
layer:1, node:MDDNode(1,u-33), in=34, out=119
choose: Blogging
split in: 34 -> (31,3)
split out: 119 -> (106,13,119)
add: MDDNode(1,u-34) MDDNode(1,u-35), del:MDDNode(1,u-33)
16 (13,60) (9,35) (7,55) (7,21) (6,23) (6,12) (5,18) (4,12) (4,17) (4,26) (3,30) (3,13) (3,9) (3,9) (3,13) (31,106) 
layer:1, node:MDDNode(1,u-35), in=31, out=106
choose: Power monitoring & management
split in: 31 -> (28,3)
split out: 106 -> (97,11,108)
add: MDDNode(1,u-36) MDDNode(1,u-37), del:MDDNode(1,u-35)
17 (13,60) (9,35) (7,55) (7,21) (6,23) (6,12) (5,18) (4,12) (4,17) (4,26) (3,30) (3,13) (3,9) (3,9) (3,13) (3,11) (28,97) 
layer:1, node:MDDNode(1,u-37), in=28, out=97
choose: Email
split in: 28 -> (25,3)
split out: 97 -> (87,10,97)
add: MDDNode(1,u-38) MDDNode(1,u-39), del:MDDNode(1,u-37)
18 (13,60) (9,35) (7,55) (7,21) (6,23) (6,12) (5,18) (4,12) (4,17) (4,26) (3,30) (3,13) (3,9) (3,9) (3,13) (3,11) (3,10) (25,87) 
layer:1, node:MDDNode(1,u-39), in=25, out=87
choose: Smart hubs & systems
split in: 25 -> (22,3)
split out: 87 -> (69,20,89)
add: MDDNode(1,u-40) MDDNode(1,u-41), del:MDDNode(1,u-39)
19 (13,60) (9,35) (7,55) (7,21) (6,23) (6,12) (5,18) (4,12) (4,17) (4,26) (3,30) (3,13) (3,9) (3,9) (3,13) (3,11) (3,10) (3,20) (22,69) 
layer:1, node:MDDNode(1,u-41), in=22, out=69
choose: Calendars & scheduling
split in: 22 -> (20,2)
split out: 69 -> (61,8,69)
add: MDDNode(1,u-42) MDDNode(1,u-43), del:MDDNode(1,u-41)
20 (13,60) (9,35) (7,55) (7,21) (6,23) (6,12) (5,18) (4,12) (4,17) (4,26) (3,30) (3,13) (3,9) (3,9) (3,13) (3,11) (3,10) (3,20) (2,8) (20,61) 
layer:1, node:MDDNode(1,u-43), in=20, out=61
choose: DIY electronics
split in: 20 -> (18,2)
split out: 61 -> (59,2,61)
add: MDDNode(1,u-44) MDDNode(1,u-45), del:MDDNode(1,u-43)
21 (13,60) (9,35) (7,55) (7,21) (6,23) (6,12) (5,18) (4,12) (4,17) (4,26) (3,30) (3,13) (3,9) (3,9) (3,13) (3,11) (3,10) (3,20) (2,8) (2,2) (18,59) 
layer:1, node:MDDNode(1,u-45), in=18, out=59
choose: Task management & to-dos
split in: 18 -> (16,2)
split out: 59 -> (48,11,59)
add: MDDNode(1,u-46) MDDNode(1,u-47), del:MDDNode(1,u-45)
22 (13,60) (9,35) (7,55) (7,21) (6,23) (6,12) (5,18) (4,12) (4,17) (4,26) (3,30) (3,13) (3,9) (3,9) (3,13) (3,11) (3,10) (3,20) (2,8) (2,2) (2,11) (16,48) 
layer:1, node:MDDNode(1,u-47), in=16, out=48
choose: Contacts
split in: 16 -> (14,2)
split out: 48 -> (45,3,48)
add: MDDNode(1,u-48) MDDNode(1,u-49), del:MDDNode(1,u-47)
23 (13,60) (9,35) (7,55) (7,21) (6,23) (6,12) (5,18) (4,12) (4,17) (4,26) (3,30) (3,13) (3,9) (3,9) (3,13) (3,11) (3,10) (3,20) (2,8) (2,2) (2,11) (2,3) (14,45) 
layer:1, node:MDDNode(1,u-49), in=14, out=45
choose: Appliances
split in: 14 -> (12,2)
split out: 45 -> (43,2,45)
add: MDDNode(1,u-50) MDDNode(1,u-51), del:MDDNode(1,u-49)
24 (13,60) (9,35) (7,55) (7,21) (6,23) (6,12) (5,18) (4,12) (4,17) (4,26) (3,30) (3,13) (3,9) (3,9) (3,13) (3,11) (3,10) (3,20) (2,8) (2,2) (2,11) (2,3) (2,2) (12,43) 
layer:1, node:MDDNode(1,u-6), in=13, out=60
split in: 13 -> (12,1)
split out: 60 -> (60,2,62)
add: MDDNode(1,u-52) MDDNode(1,u-53), del:MDDNode(1,u-6)
25 (9,35) (7,55) (7,21) (6,23) (6,12) (5,18) (4,12) (4,17) (4,26) (3,30) (3,13) (3,9) (3,9) (3,13) (3,11) (3,10) (3,20) (2,8) (2,2) (2,11) (2,3) (2,2) (12,43) (1,2) (12,60) 
layer:1, node:MDDNode(1,u-51), in=12, out=43
choose: Notifications
split in: 12 -> (10,2)
split out: 43 -> (40,3,43)
add: MDDNode(1,u-54) MDDNode(1,u-55), del:MDDNode(1,u-51)
26 (9,35) (7,55) (7,21) (6,23) (6,12) (5,18) (4,12) (4,17) (4,26) (3,30) (3,13) (3,9) (3,9) (3,13) (3,11) (3,10) (3,20) (2,8) (2,2) (2,11) (2,3) (2,2) (1,2) (12,60) (2,3) (10,40) 
layer:1, node:MDDNode(1,u-53), in=12, out=60
split in: 12 -> (11,1)
split out: 60 -> (52,8,60)
add: MDDNode(1,u-56) MDDNode(1,u-57), del:MDDNode(1,u-53)
27 (9,35) (7,55) (7,21) (6,23) (6,12) (5,18) (4,12) (4,17) (4,26) (3,30) (3,13) (3,9) (3,9) (3,13) (3,11) (3,10) (3,20) (2,8) (2,2) (2,11) (2,3) (2,2) (1,2) (2,3) (10,40) (1,8) (11,52) 
layer:1, node:MDDNode(1,u-57), in=11, out=52
split in: 11 -> (10,1)
split out: 52 -> (41,11,52)
add: MDDNode(1,u-58) MDDNode(1,u-59), del:MDDNode(1,u-57)
28 (9,35) (7,55) (7,21) (6,23) (6,12) (5,18) (4,12) (4,17) (4,26) (3,30) (3,13) (3,9) (3,9) (3,13) (3,11) (3,10) (3,20) (2,8) (2,2) (2,11) (2,3) (2,2) (1,2) (2,3) (10,40) (1,8) (1,11) (10,41) 
layer:1, node:MDDNode(1,u-55), in=10, out=40
choose: Connected car
split in: 10 -> (8,2)
split out: 40 -> (30,10,40)
add: MDDNode(1,u-60) MDDNode(1,u-61), del:MDDNode(1,u-55)
29 (9,35) (7,55) (7,21) (6,23) (6,12) (5,18) (4,12) (4,17) (4,26) (3,30) (3,13) (3,9) (3,9) (3,13) (3,11) (3,10) (3,20) (2,8) (2,2) (2,11) (2,3) (2,2) (1,2) (2,3) (1,8) (1,11) (10,41) (2,10) (8,30) 
layer:1, node:MDDNode(1,u-59), in=10, out=41
split in: 10 -> (9,1)
split out: 41 -> (35,6,41)
add: MDDNode(1,u-62) MDDNode(1,u-63), del:MDDNode(1,u-59)
30 (9,35) (7,55) (7,21) (6,23) (6,12) (5,18) (4,12) (4,17) (4,26) (3,30) (3,13) (3,9) (3,9) (3,13) (3,11) (3,10) (3,20) (2,8) (2,2) (2,11) (2,3) (2,2) (1,2) (2,3) (1,8) (1,11) (2,10) (8,30) (1,6) (9,35) 
layer:3, node:MDDNode(3,u_3), in=88, out=161
choose: Notifications
split in: 88 -> (81,7)
split out: 161 -> (154,9,163)
add: MDDNode(3,u-64) MDDNode(3,u-65), del:MDDNode(3,u_3)
2 (7,9) (81,154) 
layer:3, node:MDDNode(3,u-65), in=81, out=154
choose: Bookmarking
split in: 81 -> (75,6)
split out: 154 -> (148,7,155)
add: MDDNode(3,u-66) MDDNode(3,u-67), del:MDDNode(3,u-65)
3 (7,9) (6,7) (75,148) 
layer:3, node:MDDNode(3,u-67), in=75, out=148
choose: Others
split in: 75 -> (69,6)
split out: 148 -> (138,12,150)
add: MDDNode(3,u-68) MDDNode(3,u-69), del:MDDNode(3,u-67)
4 (7,9) (6,7) (6,12) (69,138) 
layer:3, node:MDDNode(3,u-69), in=69, out=138
choose: Social networks
split in: 69 -> (63,6)
split out: 138 -> (125,14,139)
add: MDDNode(3,u-70) MDDNode(3,u-71), del:MDDNode(3,u-69)
5 (7,9) (6,7) (6,12) (6,14) (63,125) 
layer:3, node:MDDNode(3,u-71), in=63, out=125
choose: Photo & video
split in: 63 -> (59,4)
split out: 125 -> (121,4,125)
add: MDDNode(3,u-72) MDDNode(3,u-73), del:MDDNode(3,u-71)
6 (7,9) (6,7) (6,12) (6,14) (4,4) (59,121) 
layer:3, node:MDDNode(3,u-73), in=59, out=121
choose: Mobile devices & accessories
split in: 59 -> (55,4)
split out: 121 -> (116,7,123)
add: MDDNode(3,u-74) MDDNode(3,u-75), del:MDDNode(3,u-73)
7 (7,9) (6,7) (6,12) (6,14) (4,4) (4,7) (55,116) 
layer:3, node:MDDNode(3,u-75), in=55, out=116
choose: Environment control & monitoring
split in: 55 -> (51,4)
split out: 116 -> (106,10,116)
add: MDDNode(3,u-76) MDDNode(3,u-77), del:MDDNode(3,u-75)
8 (7,9) (6,7) (6,12) (6,14) (4,4) (4,7) (4,10) (51,106) 
layer:3, node:MDDNode(3,u-77), in=51, out=106
choose: Security & monitoring systems
split in: 51 -> (47,4)
split out: 106 -> (89,17,106)
add: MDDNode(3,u-78) MDDNode(3,u-79), del:MDDNode(3,u-77)
9 (7,9) (6,7) (6,12) (6,14) (4,4) (4,7) (4,10) (4,17) (47,89) 
layer:3, node:MDDNode(3,u-79), in=47, out=89
choose: Communication
split in: 47 -> (43,4)
split out: 89 -> (85,4,89)
add: MDDNode(3,u-80) MDDNode(3,u-81), del:MDDNode(3,u-79)
10 (7,9) (6,7) (6,12) (6,14) (4,4) (4,7) (4,10) (4,17) (4,4) (43,85) 
layer:3, node:MDDNode(3,u-81), in=43, out=85
choose: Power monitoring & management
split in: 43 -> (39,4)
split out: 85 -> (81,9,90)
add: MDDNode(3,u-82) MDDNode(3,u-83), del:MDDNode(3,u-81)
11 (7,9) (6,7) (6,12) (6,14) (4,4) (4,7) (4,10) (4,17) (4,4) (4,9) (39,81) 
layer:3, node:MDDNode(3,u-83), in=39, out=81
choose: Cloud storage
split in: 39 -> (35,4)
split out: 81 -> (74,7,81)
add: MDDNode(3,u-84) MDDNode(3,u-85), del:MDDNode(3,u-83)
12 (7,9) (6,7) (6,12) (6,14) (4,4) (4,7) (4,10) (4,17) (4,4) (4,9) (4,7) (35,74) 
layer:3, node:MDDNode(3,u-85), in=35, out=74
choose: Email
split in: 35 -> (31,4)
split out: 74 -> (69,5,74)
add: MDDNode(3,u-86) MDDNode(3,u-87), del:MDDNode(3,u-85)
13 (7,9) (6,7) (6,12) (6,14) (4,4) (4,7) (4,10) (4,17) (4,4) (4,9) (4,7) (4,5) (31,69) 
layer:3, node:MDDNode(3,u-87), in=31, out=69
choose: Health & fitness
split in: 31 -> (28,3)
split out: 69 -> (67,3,70)
add: MDDNode(3,u-88) MDDNode(3,u-89), del:MDDNode(3,u-87)
14 (7,9) (6,7) (6,12) (6,14) (4,4) (4,7) (4,10) (4,17) (4,4) (4,9) (4,7) (4,5) (3,3) (28,67) 
layer:3, node:MDDNode(3,u-89), in=28, out=67
choose: Blogging
split in: 28 -> (25,3)
split out: 67 -> (60,7,67)
add: MDDNode(3,u-90) MDDNode(3,u-91), del:MDDNode(3,u-89)
15 (7,9) (6,7) (6,12) (6,14) (4,4) (4,7) (4,10) (4,17) (4,4) (4,9) (4,7) (4,5) (3,3) (3,7) (25,60) 
layer:3, node:MDDNode(3,u-91), in=25, out=60
choose: Smart hubs & systems
split in: 25 -> (22,3)
split out: 60 -> (51,9,60)
add: MDDNode(3,u-92) MDDNode(3,u-93), del:MDDNode(3,u-91)
16 (7,9) (6,7) (6,12) (6,14) (4,4) (4,7) (4,10) (4,17) (4,4) (4,9) (4,7) (4,5) (3,3) (3,7) (3,9) (22,51) 
layer:3, node:MDDNode(3,u-93), in=22, out=51
choose: Lighting
split in: 22 -> (20,2)
split out: 51 -> (39,13,52)
add: MDDNode(3,u-94) MDDNode(3,u-95), del:MDDNode(3,u-93)
17 (7,9) (6,7) (6,12) (6,14) (4,4) (4,7) (4,10) (4,17) (4,4) (4,9) (4,7) (4,5) (3,3) (3,7) (3,9) (2,13) (20,39) 
layer:3, node:MDDNode(3,u-95), in=20, out=39
choose: News & information
split in: 20 -> (18,2)
split out: 39 -> (36,3,39)
add: MDDNode(3,u-96) MDDNode(3,u-97), del:MDDNode(3,u-95)
18 (7,9) (6,7) (6,12) (6,14) (4,4) (4,7) (4,10) (4,17) (4,4) (4,9) (4,7) (4,5) (3,3) (3,7) (3,9) (2,13) (2,3) (18,36) 
layer:3, node:MDDNode(3,u-97), in=18, out=36
choose: Task management & to-dos
split in: 18 -> (16,2)
split out: 36 -> (34,3,37)
add: MDDNode(3,u-98) MDDNode(3,u-99), del:MDDNode(3,u-97)
19 (7,9) (6,7) (6,12) (6,14) (4,4) (4,7) (4,10) (4,17) (4,4) (4,9) (4,7) (4,5) (3,3) (3,7) (3,9) (2,13) (2,3) (2,3) (16,34) 
layer:3, node:MDDNode(3,u-99), in=16, out=34
choose: Notes
split in: 16 -> (14,2)
split out: 34 -> (25,9,34)
add: MDDNode(3,u-100) MDDNode(3,u-101), del:MDDNode(3,u-99)
20 (7,9) (6,7) (6,12) (6,14) (4,4) (4,7) (4,10) (4,17) (4,4) (4,9) (4,7) (4,5) (3,3) (3,7) (3,9) (2,13) (2,3) (2,3) (2,9) (14,25) 
layer:3, node:MDDNode(3,u-101), in=14, out=25
choose: Business tools
split in: 14 -> (12,2)
split out: 25 -> (22,3,25)
add: MDDNode(3,u-102) MDDNode(3,u-103), del:MDDNode(3,u-101)
21 (7,9) (6,7) (6,12) (6,14) (4,4) (4,7) (4,10) (4,17) (4,4) (4,9) (4,7) (4,5) (3,3) (3,7) (3,9) (2,13) (2,3) (2,3) (2,9) (2,3) (12,22) 
layer:3, node:MDDNode(3,u-103), in=12, out=22
choose: Developer tools
split in: 12 -> (10,2)
split out: 22 -> (19,3,22)
add: MDDNode(3,u-104) MDDNode(3,u-105), del:MDDNode(3,u-103)
22 (7,9) (6,7) (6,12) (6,14) (4,4) (4,7) (4,10) (4,17) (4,4) (4,9) (4,7) (4,5) (3,3) (3,7) (3,9) (2,13) (2,3) (2,3) (2,9) (2,3) (2,3) (10,19) 
layer:3, node:MDDNode(3,u-105), in=10, out=19
choose: Gardening
split in: 10 -> (9,1)
split out: 19 -> (15,4,19)
add: MDDNode(3,u-106) MDDNode(3,u-107), del:MDDNode(3,u-105)
23 (7,9) (6,7) (6,12) (6,14) (4,4) (4,7) (4,10) (4,17) (4,4) (4,9) (4,7) (4,5) (3,3) (3,7) (3,9) (2,13) (2,3) (2,3) (2,9) (2,3) (2,3) (1,4) (9,15) 
layer:3, node:MDDNode(3,u-107), in=9, out=15
choose: Routers & computer accessories
split in: 9 -> (8,1)
split out: 15 -> (14,1,15)
add: MDDNode(3,u-108) MDDNode(3,u-109), del:MDDNode(3,u-107)
24 (7,9) (6,7) (6,12) (6,14) (4,4) (4,7) (4,10) (4,17) (4,4) (4,9) (4,7) (4,5) (3,3) (3,7) (3,9) (2,13) (2,3) (2,3) (2,9) (2,3) (2,3) (1,4) (1,1) (8,14) 
layer:3, node:MDDNode(3,u-109), in=8, out=14
choose: Clocks & displays
split in: 8 -> (7,1)
split out: 14 -> (13,1,14)
add: MDDNode(3,u-110) MDDNode(3,u-111), del:MDDNode(3,u-109)
25 (7,9) (6,7) (6,12) (6,14) (4,4) (4,7) (4,10) (4,17) (4,4) (4,9) (4,7) (4,5) (3,3) (3,7) (3,9) (2,13) (2,3) (2,3) (2,9) (2,3) (2,3) (1,4) (1,1) (1,1) (7,13) 
layer:3, node:MDDNode(3,u-64), in=7, out=9
split in: 7 -> (6,1)
split out: 9 -> (8,1,9)
add: MDDNode(3,u-112) MDDNode(3,u-113), del:MDDNode(3,u-64)
26 (6,7) (6,12) (6,14) (4,4) (4,7) (4,10) (4,17) (4,4) (4,9) (4,7) (4,5) (3,3) (3,7) (3,9) (2,13) (2,3) (2,3) (2,9) (2,3) (2,3) (1,4) (1,1) (1,1) (7,13) (1,1) (6,8) 
layer:3, node:MDDNode(3,u-111), in=7, out=13
choose: Pet trackers
split in: 7 -> (6,1)
split out: 13 -> (11,2,13)
add: MDDNode(3,u-114) MDDNode(3,u-115), del:MDDNode(3,u-111)
27 (6,7) (6,12) (6,14) (4,4) (4,7) (4,10) (4,17) (4,4) (4,9) (4,7) (4,5) (3,3) (3,7) (3,9) (2,13) (2,3) (2,3) (2,9) (2,3) (2,3) (1,4) (1,1) (1,1) (1,1) (6,8) (1,2) (6,11) 
layer:3, node:MDDNode(3,u-66), in=6, out=7
split in: 6 -> (5,1)
split out: 7 -> (6,1,7)
add: MDDNode(3,u-116) MDDNode(3,u-117), del:MDDNode(3,u-66)
28 (6,12) (6,14) (4,4) (4,7) (4,10) (4,17) (4,4) (4,9) (4,7) (4,5) (3,3) (3,7) (3,9) (2,13) (2,3) (2,3) (2,9) (2,3) (2,3) (1,4) (1,1) (1,1) (1,1) (6,8) (1,2) (6,11) (1,1) (5,6) 
layer:3, node:MDDNode(3,u-68), in=6, out=12
split in: 6 -> (5,1)
split out: 12 -> (9,3,12)
add: MDDNode(3,u-118) MDDNode(3,u-119), del:MDDNode(3,u-68)
29 (6,14) (4,4) (4,7) (4,10) (4,17) (4,4) (4,9) (4,7) (4,5) (3,3) (3,7) (3,9) (2,13) (2,3) (2,3) (2,9) (2,3) (2,3) (1,4) (1,1) (1,1) (1,1) (6,8) (1,2) (6,11) (1,1) (5,6) (1,3) (5,9) 
layer:3, node:MDDNode(3,u-70), in=6, out=14
split in: 6 -> (5,1)
split out: 14 -> (8,6,14)
add: MDDNode(3,u-120) MDDNode(3,u-121), del:MDDNode(3,u-70)
30 (4,4) (4,7) (4,10) (4,17) (4,4) (4,9) (4,7) (4,5) (3,3) (3,7) (3,9) (2,13) (2,3) (2,3) (2,9) (2,3) (2,3) (1,4) (1,1) (1,1) (1,1) (6,8) (1,2) (6,11) (1,1) (5,6) (1,3) (5,9) (1,6) (5,8) 
=profile=
(0, 111) 
(9, 35) (7, 55) (7, 21) (6, 23) (6, 12) (5, 18) (4, 12) (4, 17) (4, 26) (3, 30) (3, 13) (3, 9) (3, 9) (3, 13) (3, 11) (3, 10) (3, 20) (2, 8) (2, 2) (2, 11) (2, 3) (2, 2) (1, 2) (2, 3) (1, 8) (1, 11) (2, 10) (8, 30) (1, 6) (9, 35) 
(465, 88) 
(4, 4) (4, 7) (4, 10) (4, 17) (4, 4) (4, 9) (4, 7) (4, 5) (3, 3) (3, 7) (3, 9) (2, 13) (2, 3) (2, 3) (2, 9) (2, 3) (2, 3) (1, 4) (1, 1) (1, 1) (1, 1) (6, 8) (1, 2) (6, 11) (1, 1) (5, 6) (1, 3) (5, 9) (1, 6) (5, 8) 
(177, 1) 
(1, 0) 
dump to the pickle
the graph width list : [1, 30, 1, 30, 1, 1]
it 1 dev 27.84   dev_h 43.50   dev_v 97.28   new_test 37.36   new_test_h 33.12   new_test_v 97.17   save: 37.36 T: 2020-01-13T19:37 
it 2 dev 30.93   dev_h 41.17   dev_v 97.47   new_test 41.37   new_test_h 30.56   new_test_v 97.33   save: 41.37 T: 2020-01-13T19:39 
it 3 dev 31.17   dev_h 41.45   dev_v 96.77   new_test 41.45   new_test_h 30.64   new_test_v 97.37   save: 41.45 T: 2020-01-13T19:41 
it 4 dev 31.27   dev_h 41.29   dev_v 97.32   new_test 42.26   new_test_h 30.36   new_test_v 97.21   save: 42.26 T: 2020-01-13T19:43 
it 5 dev 31.10   dev_h 40.96   dev_v 96.60   new_test 42.38   new_test_h 30.14   new_test_v 97.49   
it 6 dev 30.59   dev_h 41.52   dev_v 96.31   new_test 42.86   new_test_h 30.06   new_test_v 96.89   
it 7 dev 31.27   dev_h 41.24   dev_v 96.77   new_test 43.11   new_test_h 29.71   new_test_v 97.37   
it 8 dev 31.17   dev_h 41.47   dev_v 96.70   new_test 42.74   new_test_h 30.08   new_test_v 97.13   
it 9 dev 30.91   dev_h 41.56   dev_v 96.65   new_test 42.42   new_test_h 30.34   new_test_v 97.09   
it 10 dev 30.79   dev_h 41.79   dev_v 96.58   new_test 42.74   new_test_h 30.08   new_test_v 97.17   
it 11 dev 30.47   dev_h 41.95   dev_v 96.62   new_test 42.58   new_test_h 30.41   new_test_v 96.93   
it 12 dev 30.42   dev_h 41.96   dev_v 96.46   new_test 42.86   new_test_h 30.27   new_test_v 97.01   
it 13 dev 30.30   dev_h 42.05   dev_v 96.50   new_test 42.66   new_test_h 30.46   new_test_v 96.97   
