args Namespace(config='configs/config_l.json', dataset='dataset/IFTTT/msr_data.pkl', load_model=None, mode='train', output='model/ifttt/width-30/', width='30')
configure: {'max_word_id': 4000, 'bidirectional': True, 'cell_type': 'gru', 'decoder': 'attention', 'embedding_size': 160, 'keep_prob': 0.45, 'memory_size': 25, 'num_units': 160, 'use_embedding': True, 'epoches': 15, 'batch_size': 32, 'init': {'name': 'random_uniform_initializer', 'scale': 0.1}, 'lr_scheduler': {'decay_steps': 5000, 'init_lr': 0.002, 'decay_rate': 0.9, 'staircase': True}, 'max_grad_norm': 1, 'optimizer': 'AdamOptimizer'}
# path 8549
model/ifttt/width-30/dataset-w-30.pkl
load raw and dump to file
numArcLayers: 5
1 1 30
layer 1 incoming edges: 111
choose: News & information
split the incoming edges: 111 13 98
the value pair of raw_data is: 492
split the outgoings edges: 443 60 386 446
add node: MDDNode(1,u_6) MDDNode(1,u_7), remove node: MDDNode(1,u_1)
1 2 30
layer 1 incoming edges: 98
choose: Photo & video
split the incoming edges: 98 9 89
the value pair of raw_data is: 492
split the outgoings edges: 386 35 351 386
add node: MDDNode(1,u_8) MDDNode(1,u_9), remove node: MDDNode(1,u_7)
1 3 30
layer 1 incoming edges: 89
choose: Others
split the incoming edges: 89 7 82
the value pair of raw_data is: 492
split the outgoings edges: 351 21 335 356
add node: MDDNode(1,u_10) MDDNode(1,u_11), remove node: MDDNode(1,u_9)
1 4 30
layer 1 incoming edges: 82
choose: Social networks
split the incoming edges: 82 7 75
the value pair of raw_data is: 492
split the outgoings edges: 335 55 280 335
add node: MDDNode(1,u_12) MDDNode(1,u_13), remove node: MDDNode(1,u_11)
1 5 30
layer 1 incoming edges: 75
choose: Bookmarking
split the incoming edges: 75 6 69
the value pair of raw_data is: 492
split the outgoings edges: 280 12 268 280
add node: MDDNode(1,u_14) MDDNode(1,u_15), remove node: MDDNode(1,u_13)
1 6 30
layer 1 incoming edges: 69
choose: Shopping
split the incoming edges: 69 6 63
the value pair of raw_data is: 492
split the outgoings edges: 268 23 245 268
add node: MDDNode(1,u_16) MDDNode(1,u_17), remove node: MDDNode(1,u_15)
1 7 30
layer 1 incoming edges: 63
choose: Security & monitoring systems
split the incoming edges: 63 5 58
the value pair of raw_data is: 492
split the outgoings edges: 245 18 228 246
add node: MDDNode(1,u_18) MDDNode(1,u_19), remove node: MDDNode(1,u_17)
1 8 30
layer 1 incoming edges: 58
choose: Health & fitness
split the incoming edges: 58 4 54
the value pair of raw_data is: 492
split the outgoings edges: 228 26 203 229
add node: MDDNode(1,u_20) MDDNode(1,u_21), remove node: MDDNode(1,u_19)
1 9 30
layer 1 incoming edges: 54
choose: Mobile devices & accessories
split the incoming edges: 54 4 50
the value pair of raw_data is: 492
split the outgoings edges: 203 12 191 203
add node: MDDNode(1,u_22) MDDNode(1,u_23), remove node: MDDNode(1,u_21)
1 10 30
layer 1 incoming edges: 50
choose: Finance & payments
split the incoming edges: 50 4 46
the value pair of raw_data is: 492
split the outgoings edges: 191 17 174 191
add node: MDDNode(1,u_24) MDDNode(1,u_25), remove node: MDDNode(1,u_23)
1 11 30
layer 1 incoming edges: 46
choose: Blogging
split the incoming edges: 46 3 43
the value pair of raw_data is: 492
split the outgoings edges: 174 13 161 174
add node: MDDNode(1,u_26) MDDNode(1,u_27), remove node: MDDNode(1,u_25)
1 12 30
layer 1 incoming edges: 43
choose: Weather
split the incoming edges: 43 3 40
the value pair of raw_data is: 492
split the outgoings edges: 161 30 135 165
add node: MDDNode(1,u_28) MDDNode(1,u_29), remove node: MDDNode(1,u_27)
1 13 30
layer 1 incoming edges: 40
choose: Gardening
split the incoming edges: 40 3 37
the value pair of raw_data is: 492
split the outgoings edges: 135 9 126 135
add node: MDDNode(1,u_30) MDDNode(1,u_31), remove node: MDDNode(1,u_29)
1 14 30
layer 1 incoming edges: 37
choose: Environment control & monitoring
split the incoming edges: 37 3 34
the value pair of raw_data is: 492
split the outgoings edges: 126 9 119 128
add node: MDDNode(1,u_32) MDDNode(1,u_33), remove node: MDDNode(1,u_31)
1 15 30
layer 1 incoming edges: 34
choose: Email
split the incoming edges: 34 3 31
the value pair of raw_data is: 492
split the outgoings edges: 119 10 109 119
add node: MDDNode(1,u_34) MDDNode(1,u_35), remove node: MDDNode(1,u_33)
1 16 30
layer 1 incoming edges: 31
choose: Power monitoring & management
split the incoming edges: 31 3 28
the value pair of raw_data is: 492
split the outgoings edges: 109 11 100 111
add node: MDDNode(1,u_36) MDDNode(1,u_37), remove node: MDDNode(1,u_35)
1 17 30
layer 1 incoming edges: 28
choose: Notifications
split the incoming edges: 28 3 25
the value pair of raw_data is: 492
split the outgoings edges: 100 4 96 100
add node: MDDNode(1,u_38) MDDNode(1,u_39), remove node: MDDNode(1,u_37)
1 18 30
layer 1 incoming edges: 25
choose: Smart hubs & systems
split the incoming edges: 25 3 22
the value pair of raw_data is: 492
split the outgoings edges: 96 20 78 98
add node: MDDNode(1,u_40) MDDNode(1,u_41), remove node: MDDNode(1,u_39)
1 19 30
layer 1 incoming edges: 22
choose: Calendars & scheduling
split the incoming edges: 22 2 20
the value pair of raw_data is: 492
split the outgoings edges: 78 8 70 78
add node: MDDNode(1,u_42) MDDNode(1,u_43), remove node: MDDNode(1,u_41)
1 20 30
layer 1 incoming edges: 20
choose: Connected car
split the incoming edges: 20 2 18
the value pair of raw_data is: 492
split the outgoings edges: 70 10 60 70
add node: MDDNode(1,u_44) MDDNode(1,u_45), remove node: MDDNode(1,u_43)
1 21 30
layer 1 incoming edges: 18
choose: Communication
split the incoming edges: 18 2 16
the value pair of raw_data is: 492
split the outgoings edges: 60 12 48 60
add node: MDDNode(1,u_46) MDDNode(1,u_47), remove node: MDDNode(1,u_45)
1 22 30
layer 1 incoming edges: 16
choose: Contacts
split the incoming edges: 16 2 14
the value pair of raw_data is: 492
split the outgoings edges: 48 3 45 48
add node: MDDNode(1,u_48) MDDNode(1,u_49), remove node: MDDNode(1,u_47)
1 23 30
layer 1 incoming edges: 14
choose: Task management & to-dos
split the incoming edges: 14 2 12
the value pair of raw_data is: 492
split the outgoings edges: 45 11 34 45
add node: MDDNode(1,u_50) MDDNode(1,u_51), remove node: MDDNode(1,u_49)
1 24 30
layer 1 incoming edges: 13
only split: [MDDArc('digg', MDDNode(0, 's'), MDDNode(1, 'u_6'))]
split the incoming edges: 13 1 12
the value pair of raw_data is: 492
split the outgoings edges: 60 8 52 60
add node: MDDNode(1,u_52) MDDNode(1,u_53), remove node: MDDNode(1,u_6)
1 25 30
layer 1 incoming edges: 12
choose: Appliances
split the incoming edges: 12 2 10
the value pair of raw_data is: 492
split the outgoings edges: 34 2 32 34
add node: MDDNode(1,u_54) MDDNode(1,u_55), remove node: MDDNode(1,u_51)
1 26 30
layer 1 incoming edges: 12
only split: [MDDArc('feedly', MDDNode(0, 's'), MDDNode(1, 'u_53'))]
split the incoming edges: 12 1 11
the value pair of raw_data is: 492
split the outgoings edges: 52 4 48 52
add node: MDDNode(1,u_56) MDDNode(1,u_57), remove node: MDDNode(1,u_53)
1 27 30
layer 1 incoming edges: 11
only split: [MDDArc('sports_illustrated', MDDNode(0, 's'), MDDNode(1, 'u_57'))]
split the incoming edges: 11 1 10
the value pair of raw_data is: 492
split the outgoings edges: 48 2 48 50
add node: MDDNode(1,u_58) MDDNode(1,u_59), remove node: MDDNode(1,u_57)
1 28 30
layer 1 incoming edges: 10
choose: DIY electronics
split the incoming edges: 10 2 8
the value pair of raw_data is: 492
split the outgoings edges: 32 2 30 32
add node: MDDNode(1,u_60) MDDNode(1,u_61), remove node: MDDNode(1,u_55)
1 29 30
layer 1 incoming edges: 10
only split: [MDDArc('newsblur', MDDNode(0, 's'), MDDNode(1, 'u_59'))]
split the incoming edges: 10 1 9
the value pair of raw_data is: 492
split the outgoings edges: 48 4 44 48
add node: MDDNode(1,u_62) MDDNode(1,u_63), remove node: MDDNode(1,u_59)
dump to the pickle
the graph width list : [1, 30, 1, 1, 1, 1]
it 1 train 0.3383   train_h 0.1654   train_v 0.9267   dev 0.2893   dev_h 0.1777   dev_v 0.9202   new_test 0.3631   new_test_h 0.1592   new_test_v 0.9385   save acc: 0.3631 T: 2020-01-10T11:53 
it 2 train 0.4258   train_h 0.1436   train_v 0.9376   dev 0.3291   dev_h 0.1677   dev_v 0.9296   new_test 0.4351   new_test_h 0.1412   new_test_v 0.9474   save acc: 0.4351 T: 2020-01-10T11:57 
it 3 train 0.4766   train_h 0.1308   train_v 0.9410   dev 0.3459   dev_h 0.1635   dev_v 0.9311   new_test 0.4545   new_test_h 0.1364   new_test_v 0.9426   save acc: 0.4545 T: 2020-01-10T12:00 
it 4 train 0.5167   train_h 0.1208   train_v 0.9421   dev 0.3447   dev_h 0.1638   dev_v 0.9209   new_test 0.4577   new_test_h 0.1356   new_test_v 0.9414   
it 5 train 0.5472   train_h 0.1132   train_v 0.9451   dev 0.3493   dev_h 0.1627   dev_v 0.9260   new_test 0.4763   new_test_h 0.1309   new_test_v 0.9519   save acc: 0.4763 T: 2020-01-10T12:06 
it 6 train 0.5711   train_h 0.1072   train_v 0.9490   dev 0.3498   dev_h 0.1625   dev_v 0.9262   new_test 0.4674   new_test_h 0.1331   new_test_v 0.9470   save acc: 0.4674 T: 2020-01-10T12:09 
it 7 train 0.5882   train_h 0.1029   train_v 0.9538   dev 0.3486   dev_h 0.1628   dev_v 0.9289   new_test 0.4679   new_test_h 0.1330   new_test_v 0.9511   
it 8 train 0.6058   train_h 0.0985   train_v 0.9564   dev 0.3491   dev_h 0.1627   dev_v 0.9279   new_test 0.4606   new_test_h 0.1349   new_test_v 0.9458   
it 9 train 0.6177   train_h 0.0956   train_v 0.9559   dev 0.3493   dev_h 0.1627   dev_v 0.9274   new_test 0.4606   new_test_h 0.1349   new_test_v 0.9470   
it 10 train 0.6256   train_h 0.0936   train_v 0.9543   dev 0.3537   dev_h 0.1616   dev_v 0.9241   new_test 0.4610   new_test_h 0.1348   new_test_v 0.9410   save acc: 0.4610 T: 2020-01-10T12:21 
it 11 train 0.6321   train_h 0.0920   train_v 0.9566   dev 0.3481   dev_h 0.1630   dev_v 0.9190   new_test 0.4586   new_test_h 0.1354   new_test_v 0.9450   
it 12 train 0.6390   train_h 0.0903   train_v 0.9552   dev 0.3539   dev_h 0.1615   dev_v 0.9226   new_test 0.4573   new_test_h 0.1357   new_test_v 0.9438   save acc: 0.4573 T: 2020-01-10T12:28 
it 13 train 0.6439   train_h 0.0890   train_v 0.9579   dev 0.3484   dev_h 0.1629   dev_v 0.9236   new_test 0.4606   new_test_h 0.1349   new_test_v 0.9442   
it 14 train 0.6473   train_h 0.0882   train_v 0.9584   dev 0.3491   dev_h 0.1627   dev_v 0.9241   new_test 0.4537   new_test_h 0.1366   new_test_v 0.9397   
it 15 train 0.6498   train_h 0.0875   train_v 0.9577   dev 0.3493   dev_h 0.1627   dev_v 0.9207   new_test 0.4521   new_test_h 0.1370   new_test_v 0.9406   
it 16 train 0.6530   train_h 0.0867   train_v 0.9587   dev 0.3476   dev_h 0.1631   dev_v 0.9245   new_test 0.4505   new_test_h 0.1374   new_test_v 0.9397   
