args Namespace(config='configs/config_l.json', dataset='dataset/IFTTT/msr_data.pkl', load_model=None, mode='train', output='model/ifttt/width-52/', width='52')
configure: {'max_word_id': 4000, 'bidirectional': True, 'cell_type': 'gru', 'decoder': 'attention', 'embedding_size': 160, 'keep_prob': 0.45, 'memory_size': 25, 'num_units': 160, 'use_embedding': True, 'epoches': 15, 'batch_size': 32, 'init': {'name': 'random_uniform_initializer', 'scale': 0.1}, 'lr_scheduler': {'decay_steps': 5000, 'init_lr': 0.002, 'decay_rate': 0.9, 'staircase': True}, 'max_grad_norm': 1, 'optimizer': 'AdamOptimizer'}
# path 8549
model/ifttt/width-52/dataset-w-52.pkl
load raw and dump to file
numArcLayers: 5
1 1 52
layer 1 incoming edges: 111
choose: News & information
split the incoming edges: 111 13 98
the value pair of raw_data is: 492
split the outgoings edges: 443 60 386 446
add node: MDDNode(1,u_6) MDDNode(1,u_7), remove node: MDDNode(1,u_1)
1 2 52
layer 1 incoming edges: 98
choose: Photo & video
split the incoming edges: 98 9 89
the value pair of raw_data is: 492
split the outgoings edges: 386 35 351 386
add node: MDDNode(1,u_8) MDDNode(1,u_9), remove node: MDDNode(1,u_7)
1 3 52
layer 1 incoming edges: 89
choose: Others
split the incoming edges: 89 7 82
the value pair of raw_data is: 492
split the outgoings edges: 351 21 335 356
add node: MDDNode(1,u_10) MDDNode(1,u_11), remove node: MDDNode(1,u_9)
1 4 52
layer 1 incoming edges: 82
choose: Social networks
split the incoming edges: 82 7 75
the value pair of raw_data is: 492
split the outgoings edges: 335 55 280 335
add node: MDDNode(1,u_12) MDDNode(1,u_13), remove node: MDDNode(1,u_11)
1 5 52
layer 1 incoming edges: 75
choose: Bookmarking
split the incoming edges: 75 6 69
the value pair of raw_data is: 492
split the outgoings edges: 280 12 268 280
add node: MDDNode(1,u_14) MDDNode(1,u_15), remove node: MDDNode(1,u_13)
1 6 52
layer 1 incoming edges: 69
choose: Shopping
split the incoming edges: 69 6 63
the value pair of raw_data is: 492
split the outgoings edges: 268 23 245 268
add node: MDDNode(1,u_16) MDDNode(1,u_17), remove node: MDDNode(1,u_15)
1 7 52
layer 1 incoming edges: 63
choose: Security & monitoring systems
split the incoming edges: 63 5 58
the value pair of raw_data is: 492
split the outgoings edges: 245 18 228 246
add node: MDDNode(1,u_18) MDDNode(1,u_19), remove node: MDDNode(1,u_17)
1 8 52
layer 1 incoming edges: 58
choose: Mobile devices & accessories
split the incoming edges: 58 4 54
the value pair of raw_data is: 492
split the outgoings edges: 228 12 216 228
add node: MDDNode(1,u_20) MDDNode(1,u_21), remove node: MDDNode(1,u_19)
1 9 52
layer 1 incoming edges: 54
choose: Health & fitness
split the incoming edges: 54 4 50
the value pair of raw_data is: 492
split the outgoings edges: 216 26 191 217
add node: MDDNode(1,u_22) MDDNode(1,u_23), remove node: MDDNode(1,u_21)
1 10 52
layer 1 incoming edges: 50
choose: Finance & payments
split the incoming edges: 50 4 46
the value pair of raw_data is: 492
split the outgoings edges: 191 17 174 191
add node: MDDNode(1,u_24) MDDNode(1,u_25), remove node: MDDNode(1,u_23)
1 11 52
layer 1 incoming edges: 46
choose: Gardening
split the incoming edges: 46 3 43
the value pair of raw_data is: 492
split the outgoings edges: 174 9 165 174
add node: MDDNode(1,u_26) MDDNode(1,u_27), remove node: MDDNode(1,u_25)
1 12 52
layer 1 incoming edges: 43
choose: Smart hubs & systems
split the incoming edges: 43 3 40
the value pair of raw_data is: 492
split the outgoings edges: 165 20 151 171
add node: MDDNode(1,u_28) MDDNode(1,u_29), remove node: MDDNode(1,u_27)
1 13 52
layer 1 incoming edges: 40
choose: Email
split the incoming edges: 40 3 37
the value pair of raw_data is: 492
split the outgoings edges: 151 10 141 151
add node: MDDNode(1,u_30) MDDNode(1,u_31), remove node: MDDNode(1,u_29)
1 14 52
layer 1 incoming edges: 37
choose: Power monitoring & management
split the incoming edges: 37 3 34
the value pair of raw_data is: 492
split the outgoings edges: 141 11 132 143
add node: MDDNode(1,u_32) MDDNode(1,u_33), remove node: MDDNode(1,u_31)
1 15 52
layer 1 incoming edges: 34
choose: Weather
split the incoming edges: 34 3 31
the value pair of raw_data is: 492
split the outgoings edges: 132 30 104 134
add node: MDDNode(1,u_34) MDDNode(1,u_35), remove node: MDDNode(1,u_33)
1 16 52
layer 1 incoming edges: 31
choose: Environment control & monitoring
split the incoming edges: 31 3 28
the value pair of raw_data is: 492
split the outgoings edges: 104 9 95 104
add node: MDDNode(1,u_36) MDDNode(1,u_37), remove node: MDDNode(1,u_35)
1 17 52
layer 1 incoming edges: 28
choose: Blogging
split the incoming edges: 28 3 25
the value pair of raw_data is: 492
split the outgoings edges: 95 13 82 95
add node: MDDNode(1,u_38) MDDNode(1,u_39), remove node: MDDNode(1,u_37)
1 18 52
layer 1 incoming edges: 25
choose: Notifications
split the incoming edges: 25 3 22
the value pair of raw_data is: 492
split the outgoings edges: 82 4 78 82
add node: MDDNode(1,u_40) MDDNode(1,u_41), remove node: MDDNode(1,u_39)
1 19 52
layer 1 incoming edges: 22
choose: Contacts
split the incoming edges: 22 2 20
the value pair of raw_data is: 492
split the outgoings edges: 78 3 75 78
add node: MDDNode(1,u_42) MDDNode(1,u_43), remove node: MDDNode(1,u_41)
1 20 52
layer 1 incoming edges: 20
choose: Task management & to-dos
split the incoming edges: 20 2 18
the value pair of raw_data is: 492
split the outgoings edges: 75 11 64 75
add node: MDDNode(1,u_44) MDDNode(1,u_45), remove node: MDDNode(1,u_43)
1 21 52
layer 1 incoming edges: 18
choose: Communication
split the incoming edges: 18 2 16
the value pair of raw_data is: 492
split the outgoings edges: 64 12 52 64
add node: MDDNode(1,u_46) MDDNode(1,u_47), remove node: MDDNode(1,u_45)
1 22 52
layer 1 incoming edges: 16
choose: DIY electronics
split the incoming edges: 16 2 14
the value pair of raw_data is: 492
split the outgoings edges: 52 2 50 52
add node: MDDNode(1,u_48) MDDNode(1,u_49), remove node: MDDNode(1,u_47)
1 23 52
layer 1 incoming edges: 14
choose: Appliances
split the incoming edges: 14 2 12
the value pair of raw_data is: 492
split the outgoings edges: 50 2 48 50
add node: MDDNode(1,u_50) MDDNode(1,u_51), remove node: MDDNode(1,u_49)
1 24 52
layer 1 incoming edges: 13
only split: [MDDArc('ifttt', MDDNode(0, 's'), MDDNode(1, 'u_6'))]
split the incoming edges: 13 1 12
the value pair of raw_data is: 492
split the outgoings edges: 60 11 49 60
add node: MDDNode(1,u_52) MDDNode(1,u_53), remove node: MDDNode(1,u_6)
1 25 52
layer 1 incoming edges: 12
choose: Calendars & scheduling
split the incoming edges: 12 2 10
the value pair of raw_data is: 492
split the outgoings edges: 48 8 40 48
add node: MDDNode(1,u_54) MDDNode(1,u_55), remove node: MDDNode(1,u_51)
1 26 52
layer 1 incoming edges: 12
only split: [MDDArc('espn', MDDNode(0, 's'), MDDNode(1, 'u_53'))]
split the incoming edges: 12 1 11
the value pair of raw_data is: 492
split the outgoings edges: 49 6 43 49
add node: MDDNode(1,u_56) MDDNode(1,u_57), remove node: MDDNode(1,u_53)
1 27 52
layer 1 incoming edges: 11
only split: [MDDArc('feedly', MDDNode(0, 's'), MDDNode(1, 'u_57'))]
split the incoming edges: 11 1 10
the value pair of raw_data is: 492
split the outgoings edges: 43 4 39 43
add node: MDDNode(1,u_58) MDDNode(1,u_59), remove node: MDDNode(1,u_57)
1 28 52
layer 1 incoming edges: 10
choose: Connected car
split the incoming edges: 10 2 8
the value pair of raw_data is: 492
split the outgoings edges: 40 10 30 40
add node: MDDNode(1,u_60) MDDNode(1,u_61), remove node: MDDNode(1,u_55)
1 29 52
layer 1 incoming edges: 10
only split: [MDDArc('craigslist', MDDNode(0, 's'), MDDNode(1, 'u_59'))]
split the incoming edges: 10 1 9
the value pair of raw_data is: 492
split the outgoings edges: 39 1 38 39
add node: MDDNode(1,u_62) MDDNode(1,u_63), remove node: MDDNode(1,u_59)
1 30 52
layer 1 incoming edges: 9
only split: [MDDArc('vimeo', MDDNode(0, 's'), MDDNode(1, 'u_8'))]
split the incoming edges: 9 1 8
the value pair of raw_data is: 492
split the outgoings edges: 35 6 31 37
add node: MDDNode(1,u_64) MDDNode(1,u_65), remove node: MDDNode(1,u_8)
1 31 52
layer 1 incoming edges: 9
only split: [MDDArc('feed', MDDNode(0, 's'), MDDNode(1, 'u_63'))]
split the incoming edges: 9 1 8
the value pair of raw_data is: 492
split the outgoings edges: 38 2 36 38
add node: MDDNode(1,u_66) MDDNode(1,u_67), remove node: MDDNode(1,u_63)
1 32 52
layer 1 incoming edges: 8
choose: Location
split the incoming edges: 8 1 7
the value pair of raw_data is: 492
split the outgoings edges: 30 3 27 30
add node: MDDNode(1,u_68) MDDNode(1,u_69), remove node: MDDNode(1,u_61)
1 33 52
layer 1 incoming edges: 8
only split: [MDDArc('android_photos', MDDNode(0, 's'), MDDNode(1, 'u_65'))]
split the incoming edges: 8 1 7
the value pair of raw_data is: 492
split the outgoings edges: 31 3 31 34
add node: MDDNode(1,u_70) MDDNode(1,u_71), remove node: MDDNode(1,u_65)
1 34 52
layer 1 incoming edges: 8
only split: [MDDArc('sports_illustrated', MDDNode(0, 's'), MDDNode(1, 'u_67'))]
split the incoming edges: 8 1 7
the value pair of raw_data is: 492
split the outgoings edges: 36 2 36 38
add node: MDDNode(1,u_72) MDDNode(1,u_73), remove node: MDDNode(1,u_67)
1 35 52
layer 1 incoming edges: 7
only split: [MDDArc('ubi', MDDNode(0, 's'), MDDNode(1, 'u_10'))]
split the incoming edges: 7 1 6
the value pair of raw_data is: 492
split the outgoings edges: 21 1 20 21
add node: MDDNode(1,u_74) MDDNode(1,u_75), remove node: MDDNode(1,u_10)
1 36 52
layer 1 incoming edges: 7
only split: [MDDArc('foursquare', MDDNode(0, 's'), MDDNode(1, 'u_12'))]
split the incoming edges: 7 1 6
the value pair of raw_data is: 492
split the outgoings edges: 55 7 48 55
add node: MDDNode(1,u_76) MDDNode(1,u_77), remove node: MDDNode(1,u_12)
1 37 52
layer 1 incoming edges: 7
choose: Business tools
split the incoming edges: 7 1 6
the value pair of raw_data is: 492
split the outgoings edges: 27 2 25 27
add node: MDDNode(1,u_78) MDDNode(1,u_79), remove node: MDDNode(1,u_69)
1 38 52
layer 1 incoming edges: 7
only split: [MDDArc('ios_photos', MDDNode(0, 's'), MDDNode(1, 'u_71'))]
split the incoming edges: 7 1 6
the value pair of raw_data is: 492
split the outgoings edges: 31 6 25 31
add node: MDDNode(1,u_80) MDDNode(1,u_81), remove node: MDDNode(1,u_71)
1 39 52
layer 1 incoming edges: 7
only split: [MDDArc('appzapp', MDDNode(0, 's'), MDDNode(1, 'u_73'))]
split the incoming edges: 7 1 6
the value pair of raw_data is: 492
split the outgoings edges: 36 6 30 36
add node: MDDNode(1,u_82) MDDNode(1,u_83), remove node: MDDNode(1,u_73)
1 40 52
layer 1 incoming edges: 6
only split: [MDDArc('instapaper', MDDNode(0, 's'), MDDNode(1, 'u_14'))]
split the incoming edges: 6 1 5
the value pair of raw_data is: 492
split the outgoings edges: 12 5 7 12
add node: MDDNode(1,u_84) MDDNode(1,u_85), remove node: MDDNode(1,u_14)
1 41 52
layer 1 incoming edges: 6
only split: [MDDArc('ebay', MDDNode(0, 's'), MDDNode(1, 'u_16'))]
split the incoming edges: 6 1 5
the value pair of raw_data is: 492
split the outgoings edges: 23 1 22 23
add node: MDDNode(1,u_86) MDDNode(1,u_87), remove node: MDDNode(1,u_16)
1 42 52
layer 1 incoming edges: 6
only split: [MDDArc('chain', MDDNode(0, 's'), MDDNode(1, 'u_75'))]
split the incoming edges: 6 1 5
the value pair of raw_data is: 492
split the outgoings edges: 20 1 19 20
add node: MDDNode(1,u_88) MDDNode(1,u_89), remove node: MDDNode(1,u_75)
1 43 52
layer 1 incoming edges: 6
only split: [MDDArc('instagram', MDDNode(0, 's'), MDDNode(1, 'u_77'))]
split the incoming edges: 6 1 5
the value pair of raw_data is: 492
split the outgoings edges: 48 12 36 48
add node: MDDNode(1,u_90) MDDNode(1,u_91), remove node: MDDNode(1,u_77)
1 44 52
layer 1 incoming edges: 6
choose: Developer tools
split the incoming edges: 6 1 5
the value pair of raw_data is: 492
split the outgoings edges: 25 5 20 25
add node: MDDNode(1,u_92) MDDNode(1,u_93), remove node: MDDNode(1,u_79)
1 45 52
layer 1 incoming edges: 6
only split: [MDDArc('stockimo', MDDNode(0, 's'), MDDNode(1, 'u_81'))]
split the incoming edges: 6 1 5
the value pair of raw_data is: 492
split the outgoings edges: 25 6 19 25
add node: MDDNode(1,u_94) MDDNode(1,u_95), remove node: MDDNode(1,u_81)
1 46 52
layer 1 incoming edges: 6
only split: [MDDArc('newsblur', MDDNode(0, 's'), MDDNode(1, 'u_83'))]
split the incoming edges: 6 1 5
the value pair of raw_data is: 492
split the outgoings edges: 30 4 26 30
add node: MDDNode(1,u_96) MDDNode(1,u_97), remove node: MDDNode(1,u_83)
1 47 52
layer 1 incoming edges: 5
only split: [MDDArc('wemo_motion', MDDNode(0, 's'), MDDNode(1, 'u_18'))]
split the incoming edges: 5 1 4
the value pair of raw_data is: 492
split the outgoings edges: 18 2 16 18
add node: MDDNode(1,u_98) MDDNode(1,u_99), remove node: MDDNode(1,u_18)
1 48 52
layer 1 incoming edges: 5
only split: [MDDArc('bitly', MDDNode(0, 's'), MDDNode(1, 'u_85'))]
split the incoming edges: 5 1 4
the value pair of raw_data is: 492
split the outgoings edges: 7 1 6 7
add node: MDDNode(1,u_100) MDDNode(1,u_101), remove node: MDDNode(1,u_85)
1 49 52
layer 1 incoming edges: 5
only split: [MDDArc('boxoh_package_tracking', MDDNode(0, 's'), MDDNode(1, 'u_87'))]
split the incoming edges: 5 1 4
the value pair of raw_data is: 492
split the outgoings edges: 22 1 21 22
add node: MDDNode(1,u_102) MDDNode(1,u_103), remove node: MDDNode(1,u_87)
1 50 52
layer 1 incoming edges: 5
only split: [MDDArc('yo', MDDNode(0, 's'), MDDNode(1, 'u_89'))]
split the incoming edges: 5 1 4
the value pair of raw_data is: 492
split the outgoings edges: 19 1 18 19
add node: MDDNode(1,u_104) MDDNode(1,u_105), remove node: MDDNode(1,u_89)
1 51 52
layer 1 incoming edges: 5
only split: [MDDArc('reddit', MDDNode(0, 's'), MDDNode(1, 'u_91'))]
split the incoming edges: 5 1 4
the value pair of raw_data is: 492
split the outgoings edges: 36 9 28 37
add node: MDDNode(1,u_106) MDDNode(1,u_107), remove node: MDDNode(1,u_91)
dump to the pickle
the graph width list : [1, 52, 1, 1, 1, 1]
it 1 train 0.3436   train_h 0.1641   train_v 0.9365   dev 0.2956   dev_h 0.1761   dev_v 0.9303   new_test 0.3583   new_test_h 0.1604   new_test_v 0.9450   save acc: 0.3583 T: 2020-01-10T06:08 
it 2 train 0.4334   train_h 0.1417   train_v 0.9456   dev 0.3390   dev_h 0.1653   dev_v 0.9347   new_test 0.4327   new_test_h 0.1418   new_test_v 0.9563   save acc: 0.4327 T: 2020-01-10T06:11 
it 3 train 0.4815   train_h 0.1296   train_v 0.9496   dev 0.3421   dev_h 0.1645   dev_v 0.9347   new_test 0.4573   new_test_h 0.1357   new_test_v 0.9567   save acc: 0.4573 T: 2020-01-10T06:14 
it 4 train 0.5248   train_h 0.1188   train_v 0.9524   dev 0.3457   dev_h 0.1636   dev_v 0.9311   new_test 0.4646   new_test_h 0.1338   new_test_v 0.9474   save acc: 0.4646 T: 2020-01-10T06:17 
it 5 train 0.5536   train_h 0.1116   train_v 0.9549   dev 0.3534   dev_h 0.1616   dev_v 0.9342   new_test 0.4662   new_test_h 0.1334   new_test_v 0.9584   save acc: 0.4662 T: 2020-01-10T06:20 
it 6 train 0.5769   train_h 0.1058   train_v 0.9566   dev 0.3469   dev_h 0.1633   dev_v 0.9342   new_test 0.4598   new_test_h 0.1351   new_test_v 0.9511   
it 7 train 0.5950   train_h 0.1012   train_v 0.9597   dev 0.3527   dev_h 0.1618   dev_v 0.9344   new_test 0.4731   new_test_h 0.1317   new_test_v 0.9547   
it 8 train 0.6110   train_h 0.0973   train_v 0.9604   dev 0.3520   dev_h 0.1620   dev_v 0.9388   new_test 0.4670   new_test_h 0.1332   new_test_v 0.9592   
it 9 train 0.6228   train_h 0.0943   train_v 0.9613   dev 0.3452   dev_h 0.1637   dev_v 0.9318   new_test 0.4695   new_test_h 0.1326   new_test_v 0.9559   
it 10 train 0.6321   train_h 0.0920   train_v 0.9609   dev 0.3455   dev_h 0.1636   dev_v 0.9327   new_test 0.4679   new_test_h 0.1330   new_test_v 0.9579   
it 11 train 0.6388   train_h 0.0903   train_v 0.9608   dev 0.3438   dev_h 0.1641   dev_v 0.9282   new_test 0.4674   new_test_h 0.1331   new_test_v 0.9559   
it 12 train 0.6455   train_h 0.0886   train_v 0.9626   dev 0.3469   dev_h 0.1633   dev_v 0.9294   new_test 0.4670   new_test_h 0.1332   new_test_v 0.9596   
it 13 train 0.6497   train_h 0.0876   train_v 0.9632   dev 0.3472   dev_h 0.1632   dev_v 0.9364   new_test 0.4707   new_test_h 0.1323   new_test_v 0.9612   
it 14 train 0.6533   train_h 0.0867   train_v 0.9637   dev 0.3447   dev_h 0.1638   dev_v 0.9294   new_test 0.4650   new_test_h 0.1337   new_test_v 0.9547   
it 15 train 0.6554   train_h 0.0862   train_v 0.9627   dev 0.3435   dev_h 0.1641   dev_v 0.9337   new_test 0.4662   new_test_h 0.1334   new_test_v 0.9555   
it 16 train 0.6575   train_h 0.0856   train_v 0.9639   dev 0.3404   dev_h 0.1649   dev_v 0.9315   new_test 0.4642   new_test_h 0.1339   new_test_v 0.9555   
